[2024-08-16T14:52:24.625+0000] {processor.py:186} INFO - Started process (PID=1477) to work on /opt/airflow/dags/first_dag_pyton.py
[2024-08-16T14:52:24.626+0000] {processor.py:914} INFO - Processing file /opt/airflow/dags/first_dag_pyton.py for tasks to queue
[2024-08-16T14:52:24.628+0000] {logging_mixin.py:190} INFO - [2024-08-16T14:52:24.627+0000] {dagbag.py:587} INFO - Filling up the DagBag from /opt/airflow/dags/first_dag_pyton.py
[2024-08-16T14:52:24.664+0000] {processor.py:925} INFO - DAG(s) 'dag_with_python' retrieved from /opt/airflow/dags/first_dag_pyton.py
[2024-08-16T14:52:24.783+0000] {logging_mixin.py:190} INFO - [2024-08-16T14:52:24.782+0000] {override.py:1858} INFO - Created Permission View: can delete on DAG:dag_with_python
[2024-08-16T14:52:24.793+0000] {logging_mixin.py:190} INFO - [2024-08-16T14:52:24.793+0000] {override.py:1858} INFO - Created Permission View: can read on DAG:dag_with_python
[2024-08-16T14:52:24.801+0000] {logging_mixin.py:190} INFO - [2024-08-16T14:52:24.801+0000] {override.py:1858} INFO - Created Permission View: can edit on DAG:dag_with_python
[2024-08-16T14:52:24.802+0000] {logging_mixin.py:190} INFO - [2024-08-16T14:52:24.802+0000] {dag.py:3211} INFO - Sync 1 DAGs
[2024-08-16T14:52:24.816+0000] {logging_mixin.py:190} INFO - [2024-08-16T14:52:24.816+0000] {dag.py:3234} INFO - Creating ORM DAG for dag_with_python
[2024-08-16T14:52:24.830+0000] {logging_mixin.py:190} INFO - [2024-08-16T14:52:24.830+0000] {dag.py:4138} INFO - Setting next_dagrun for dag_with_python to 2024-08-16 00:00:00+00:00, run_after=2024-08-17 00:00:00+00:00
[2024-08-16T14:52:24.997+0000] {processor.py:208} INFO - Processing /opt/airflow/dags/first_dag_pyton.py took 0.378 seconds
[2024-08-16T14:52:55.063+0000] {processor.py:186} INFO - Started process (PID=1493) to work on /opt/airflow/dags/first_dag_pyton.py
[2024-08-16T14:52:55.065+0000] {processor.py:914} INFO - Processing file /opt/airflow/dags/first_dag_pyton.py for tasks to queue
[2024-08-16T14:52:55.066+0000] {logging_mixin.py:190} INFO - [2024-08-16T14:52:55.066+0000] {dagbag.py:587} INFO - Filling up the DagBag from /opt/airflow/dags/first_dag_pyton.py
[2024-08-16T14:52:55.098+0000] {processor.py:925} INFO - DAG(s) 'dag_with_python' retrieved from /opt/airflow/dags/first_dag_pyton.py
[2024-08-16T14:52:55.131+0000] {logging_mixin.py:190} INFO - [2024-08-16T14:52:55.131+0000] {dag.py:3211} INFO - Sync 1 DAGs
[2024-08-16T14:52:55.167+0000] {logging_mixin.py:190} INFO - [2024-08-16T14:52:55.167+0000] {dag.py:4138} INFO - Setting next_dagrun for dag_with_python to 2024-08-16 00:00:00+00:00, run_after=2024-08-17 00:00:00+00:00
[2024-08-16T14:52:55.197+0000] {processor.py:208} INFO - Processing /opt/airflow/dags/first_dag_pyton.py took 0.144 seconds
[2024-08-16T14:53:25.494+0000] {processor.py:186} INFO - Started process (PID=1512) to work on /opt/airflow/dags/first_dag_pyton.py
[2024-08-16T14:53:25.496+0000] {processor.py:914} INFO - Processing file /opt/airflow/dags/first_dag_pyton.py for tasks to queue
[2024-08-16T14:53:25.497+0000] {logging_mixin.py:190} INFO - [2024-08-16T14:53:25.497+0000] {dagbag.py:587} INFO - Filling up the DagBag from /opt/airflow/dags/first_dag_pyton.py
[2024-08-16T14:53:25.528+0000] {processor.py:925} INFO - DAG(s) 'dag_with_python' retrieved from /opt/airflow/dags/first_dag_pyton.py
[2024-08-16T14:53:25.571+0000] {logging_mixin.py:190} INFO - [2024-08-16T14:53:25.570+0000] {dag.py:3211} INFO - Sync 1 DAGs
[2024-08-16T14:53:25.610+0000] {logging_mixin.py:190} INFO - [2024-08-16T14:53:25.610+0000] {dag.py:4138} INFO - Setting next_dagrun for dag_with_python to 2024-08-16 00:00:00+00:00, run_after=2024-08-17 00:00:00+00:00
[2024-08-16T14:53:25.630+0000] {processor.py:208} INFO - Processing /opt/airflow/dags/first_dag_pyton.py took 0.142 seconds
[2024-08-16T14:53:55.970+0000] {processor.py:186} INFO - Started process (PID=1528) to work on /opt/airflow/dags/first_dag_pyton.py
[2024-08-16T14:53:55.971+0000] {processor.py:914} INFO - Processing file /opt/airflow/dags/first_dag_pyton.py for tasks to queue
[2024-08-16T14:53:55.973+0000] {logging_mixin.py:190} INFO - [2024-08-16T14:53:55.972+0000] {dagbag.py:587} INFO - Filling up the DagBag from /opt/airflow/dags/first_dag_pyton.py
[2024-08-16T14:53:56.002+0000] {processor.py:925} INFO - DAG(s) 'dag_with_python' retrieved from /opt/airflow/dags/first_dag_pyton.py
[2024-08-16T14:53:56.031+0000] {logging_mixin.py:190} INFO - [2024-08-16T14:53:56.030+0000] {dag.py:3211} INFO - Sync 1 DAGs
[2024-08-16T14:53:56.056+0000] {logging_mixin.py:190} INFO - [2024-08-16T14:53:56.056+0000] {dag.py:4138} INFO - Setting next_dagrun for dag_with_python to 2024-08-16 00:00:00+00:00, run_after=2024-08-17 00:00:00+00:00
[2024-08-16T14:53:56.076+0000] {processor.py:208} INFO - Processing /opt/airflow/dags/first_dag_pyton.py took 0.113 seconds
[2024-08-16T14:54:26.373+0000] {processor.py:186} INFO - Started process (PID=1545) to work on /opt/airflow/dags/first_dag_pyton.py
[2024-08-16T14:54:26.374+0000] {processor.py:914} INFO - Processing file /opt/airflow/dags/first_dag_pyton.py for tasks to queue
[2024-08-16T14:54:26.375+0000] {logging_mixin.py:190} INFO - [2024-08-16T14:54:26.375+0000] {dagbag.py:587} INFO - Filling up the DagBag from /opt/airflow/dags/first_dag_pyton.py
[2024-08-16T14:54:26.401+0000] {processor.py:925} INFO - DAG(s) 'dag_with_python' retrieved from /opt/airflow/dags/first_dag_pyton.py
[2024-08-16T14:54:26.434+0000] {logging_mixin.py:190} INFO - [2024-08-16T14:54:26.434+0000] {dag.py:3211} INFO - Sync 1 DAGs
[2024-08-16T14:54:26.461+0000] {logging_mixin.py:190} INFO - [2024-08-16T14:54:26.461+0000] {dag.py:4138} INFO - Setting next_dagrun for dag_with_python to 2024-08-16 00:00:00+00:00, run_after=2024-08-17 00:00:00+00:00
[2024-08-16T14:54:26.482+0000] {processor.py:208} INFO - Processing /opt/airflow/dags/first_dag_pyton.py took 0.117 seconds
[2024-08-16T14:54:56.781+0000] {processor.py:186} INFO - Started process (PID=1561) to work on /opt/airflow/dags/first_dag_pyton.py
[2024-08-16T14:54:56.782+0000] {processor.py:914} INFO - Processing file /opt/airflow/dags/first_dag_pyton.py for tasks to queue
[2024-08-16T14:54:56.784+0000] {logging_mixin.py:190} INFO - [2024-08-16T14:54:56.783+0000] {dagbag.py:587} INFO - Filling up the DagBag from /opt/airflow/dags/first_dag_pyton.py
[2024-08-16T14:54:56.811+0000] {processor.py:925} INFO - DAG(s) 'dag_with_python' retrieved from /opt/airflow/dags/first_dag_pyton.py
[2024-08-16T14:54:56.842+0000] {logging_mixin.py:190} INFO - [2024-08-16T14:54:56.841+0000] {dag.py:3211} INFO - Sync 1 DAGs
[2024-08-16T14:54:56.885+0000] {logging_mixin.py:190} INFO - [2024-08-16T14:54:56.885+0000] {dag.py:4138} INFO - Setting next_dagrun for dag_with_python to 2024-08-16 00:00:00+00:00, run_after=2024-08-17 00:00:00+00:00
[2024-08-16T14:54:56.954+0000] {processor.py:208} INFO - Processing /opt/airflow/dags/first_dag_pyton.py took 0.181 seconds
[2024-08-16T14:55:27.065+0000] {processor.py:186} INFO - Started process (PID=1577) to work on /opt/airflow/dags/first_dag_pyton.py
[2024-08-16T14:55:27.066+0000] {processor.py:914} INFO - Processing file /opt/airflow/dags/first_dag_pyton.py for tasks to queue
[2024-08-16T14:55:27.068+0000] {logging_mixin.py:190} INFO - [2024-08-16T14:55:27.067+0000] {dagbag.py:587} INFO - Filling up the DagBag from /opt/airflow/dags/first_dag_pyton.py
[2024-08-16T14:55:27.093+0000] {processor.py:925} INFO - DAG(s) 'dag_with_python' retrieved from /opt/airflow/dags/first_dag_pyton.py
[2024-08-16T14:55:27.121+0000] {logging_mixin.py:190} INFO - [2024-08-16T14:55:27.121+0000] {dag.py:3211} INFO - Sync 1 DAGs
[2024-08-16T14:55:27.148+0000] {logging_mixin.py:190} INFO - [2024-08-16T14:55:27.148+0000] {dag.py:4138} INFO - Setting next_dagrun for dag_with_python to 2024-08-16 00:00:00+00:00, run_after=2024-08-17 00:00:00+00:00
[2024-08-16T14:55:27.769+0000] {processor.py:208} INFO - Processing /opt/airflow/dags/first_dag_pyton.py took 0.711 seconds
[2024-08-16T14:55:58.489+0000] {processor.py:186} INFO - Started process (PID=1593) to work on /opt/airflow/dags/first_dag_pyton.py
[2024-08-16T14:55:58.491+0000] {processor.py:914} INFO - Processing file /opt/airflow/dags/first_dag_pyton.py for tasks to queue
[2024-08-16T14:55:58.493+0000] {logging_mixin.py:190} INFO - [2024-08-16T14:55:58.492+0000] {dagbag.py:587} INFO - Filling up the DagBag from /opt/airflow/dags/first_dag_pyton.py
[2024-08-16T14:55:58.516+0000] {processor.py:925} INFO - DAG(s) 'dag_with_python' retrieved from /opt/airflow/dags/first_dag_pyton.py
[2024-08-16T14:55:58.544+0000] {logging_mixin.py:190} INFO - [2024-08-16T14:55:58.544+0000] {dag.py:3211} INFO - Sync 1 DAGs
[2024-08-16T14:55:58.571+0000] {logging_mixin.py:190} INFO - [2024-08-16T14:55:58.571+0000] {dag.py:4138} INFO - Setting next_dagrun for dag_with_python to 2024-08-16 00:00:00+00:00, run_after=2024-08-17 00:00:00+00:00
[2024-08-16T14:55:58.592+0000] {processor.py:208} INFO - Processing /opt/airflow/dags/first_dag_pyton.py took 0.110 seconds
[2024-08-16T14:56:28.898+0000] {processor.py:186} INFO - Started process (PID=1609) to work on /opt/airflow/dags/first_dag_pyton.py
[2024-08-16T14:56:28.900+0000] {processor.py:914} INFO - Processing file /opt/airflow/dags/first_dag_pyton.py for tasks to queue
[2024-08-16T14:56:28.901+0000] {logging_mixin.py:190} INFO - [2024-08-16T14:56:28.901+0000] {dagbag.py:587} INFO - Filling up the DagBag from /opt/airflow/dags/first_dag_pyton.py
[2024-08-16T14:56:28.938+0000] {processor.py:925} INFO - DAG(s) 'dag_with_python' retrieved from /opt/airflow/dags/first_dag_pyton.py
[2024-08-16T14:56:28.980+0000] {logging_mixin.py:190} INFO - [2024-08-16T14:56:28.979+0000] {dag.py:3211} INFO - Sync 1 DAGs
[2024-08-16T14:56:29.015+0000] {logging_mixin.py:190} INFO - [2024-08-16T14:56:29.014+0000] {dag.py:4138} INFO - Setting next_dagrun for dag_with_python to 2024-08-16 00:00:00+00:00, run_after=2024-08-17 00:00:00+00:00
[2024-08-16T14:56:29.039+0000] {processor.py:208} INFO - Processing /opt/airflow/dags/first_dag_pyton.py took 0.150 seconds
[2024-08-16T14:56:59.182+0000] {processor.py:186} INFO - Started process (PID=1625) to work on /opt/airflow/dags/first_dag_pyton.py
[2024-08-16T14:56:59.183+0000] {processor.py:914} INFO - Processing file /opt/airflow/dags/first_dag_pyton.py for tasks to queue
[2024-08-16T14:56:59.185+0000] {logging_mixin.py:190} INFO - [2024-08-16T14:56:59.185+0000] {dagbag.py:587} INFO - Filling up the DagBag from /opt/airflow/dags/first_dag_pyton.py
[2024-08-16T14:56:59.212+0000] {processor.py:925} INFO - DAG(s) 'dag_with_python' retrieved from /opt/airflow/dags/first_dag_pyton.py
[2024-08-16T14:56:59.241+0000] {logging_mixin.py:190} INFO - [2024-08-16T14:56:59.241+0000] {dag.py:3211} INFO - Sync 1 DAGs
[2024-08-16T14:56:59.267+0000] {logging_mixin.py:190} INFO - [2024-08-16T14:56:59.267+0000] {dag.py:4138} INFO - Setting next_dagrun for dag_with_python to 2024-08-16 00:00:00+00:00, run_after=2024-08-17 00:00:00+00:00
[2024-08-16T14:56:59.288+0000] {processor.py:208} INFO - Processing /opt/airflow/dags/first_dag_pyton.py took 0.113 seconds
