[2024-08-20T11:28:20.060+0000] {local_task_job_runner.py:123} INFO - ::group::Pre task execution logs
[2024-08-20T11:28:20.081+0000] {taskinstance.py:2603} INFO - Dependencies all met for dep_context=non-requeueable deps ti=<TaskInstance: dag_with_python.download_file manual__2024-08-20T11:28:17.974885+00:00 [queued]>
[2024-08-20T11:28:20.094+0000] {taskinstance.py:2603} INFO - Dependencies all met for dep_context=requeueable deps ti=<TaskInstance: dag_with_python.download_file manual__2024-08-20T11:28:17.974885+00:00 [queued]>
[2024-08-20T11:28:20.095+0000] {taskinstance.py:2856} INFO - Starting attempt 1 of 6
[2024-08-20T11:28:20.122+0000] {taskinstance.py:2879} INFO - Executing <Task(PythonOperator): download_file> on 2024-08-20 11:28:17.974885+00:00
[2024-08-20T11:28:20.132+0000] {standard_task_runner.py:104} INFO - Running: ['***', 'tasks', 'run', 'dag_with_python', 'download_file', 'manual__2024-08-20T11:28:17.974885+00:00', '--job-id', '69', '--raw', '--subdir', 'DAGS_FOLDER/first_dag_pyton.py', '--cfg-path', '/tmp/tmpi3dr0_0w']
[2024-08-20T11:28:20.135+0000] {standard_task_runner.py:105} INFO - Job 69: Subtask download_file
[2024-08-20T11:28:20.137+0000] {logging_mixin.py:190} WARNING - /home/***/.local/lib/python3.12/site-packages/***/task/task_runner/standard_task_runner.py:70 DeprecationWarning: This process (pid=3209) is multi-threaded, use of fork() may lead to deadlocks in the child.
[2024-08-20T11:28:20.139+0000] {standard_task_runner.py:72} INFO - Started process 3210 to run task
[2024-08-20T11:28:20.200+0000] {task_command.py:467} INFO - Running <TaskInstance: dag_with_python.download_file manual__2024-08-20T11:28:17.974885+00:00 [running]> on host 93607a8c7584
[2024-08-20T11:28:20.310+0000] {taskinstance.py:3122} INFO - Exporting env vars: AIRFLOW_CTX_DAG_OWNER='Juancito2085' AIRFLOW_CTX_DAG_ID='dag_with_python' AIRFLOW_CTX_TASK_ID='download_file' AIRFLOW_CTX_EXECUTION_DATE='2024-08-20T11:28:17.974885+00:00' AIRFLOW_CTX_TRY_NUMBER='1' AIRFLOW_CTX_DAG_RUN_ID='manual__2024-08-20T11:28:17.974885+00:00'
[2024-08-20T11:28:20.312+0000] {taskinstance.py:731} INFO - ::endgroup::
[2024-08-20T11:28:21.986+0000] {logging_mixin.py:190} INFO - 20240819.export.CSV.zip
[2024-08-20T11:28:22.720+0000] {logging_mixin.py:190} INFO - File downloaded: 20240819.export.CSV.zip
[2024-08-20T11:28:22.926+0000] {logging_mixin.py:190} INFO - File decompressed: 20240819.export.CSV.zip
[2024-08-20T11:28:22.926+0000] {logging_mixin.py:190} INFO - CSV file extracted: 20240819.export.CSV
[2024-08-20T11:28:22.928+0000] {logging_mixin.py:190} INFO - ZIP file deleted: 20240819.export.CSV.zip
[2024-08-20T11:28:22.930+0000] {python.py:240} INFO - Done. Returned value was: None
[2024-08-20T11:28:22.942+0000] {taskinstance.py:340} INFO - ::group::Post task execution logs
[2024-08-20T11:28:22.942+0000] {taskinstance.py:352} INFO - Marking task as SUCCESS. dag_id=dag_with_python, task_id=download_file, run_id=manual__2024-08-20T11:28:17.974885+00:00, execution_date=20240820T112817, start_date=20240820T112820, end_date=20240820T112822
[2024-08-20T11:28:23.004+0000] {local_task_job_runner.py:261} INFO - Task exited with return code 0
[2024-08-20T11:28:23.023+0000] {taskinstance.py:3891} INFO - 0 downstream tasks scheduled from follow-on schedule check
[2024-08-20T11:28:23.065+0000] {local_task_job_runner.py:240} INFO - ::endgroup::
