[2024-08-16T14:05:08.112+0000] {local_task_job_runner.py:123} INFO - ::group::Pre task execution logs
[2024-08-16T14:05:08.133+0000] {taskinstance.py:2603} INFO - Dependencies all met for dep_context=non-requeueable deps ti=<TaskInstance: first_dag.first_task manual__2024-08-16T14:05:07.443995+00:00 [queued]>
[2024-08-16T14:05:08.144+0000] {taskinstance.py:2603} INFO - Dependencies all met for dep_context=requeueable deps ti=<TaskInstance: first_dag.first_task manual__2024-08-16T14:05:07.443995+00:00 [queued]>
[2024-08-16T14:05:08.145+0000] {taskinstance.py:2856} INFO - Starting attempt 1 of 6
[2024-08-16T14:05:08.162+0000] {taskinstance.py:2879} INFO - Executing <Task(BashOperator): first_task> on 2024-08-16 14:05:07.443995+00:00
[2024-08-16T14:05:08.169+0000] {logging_mixin.py:190} WARNING - /home/***/.local/lib/python3.12/site-packages/***/task/task_runner/standard_task_runner.py:70 DeprecationWarning: This process (pid=353) is multi-threaded, use of fork() may lead to deadlocks in the child.
[2024-08-16T14:05:08.171+0000] {standard_task_runner.py:72} INFO - Started process 354 to run task
[2024-08-16T14:05:08.169+0000] {standard_task_runner.py:104} INFO - Running: ['***', 'tasks', 'run', 'first_dag', 'first_task', 'manual__2024-08-16T14:05:07.443995+00:00', '--job-id', '3', '--raw', '--subdir', 'DAGS_FOLDER/first_dag.py', '--cfg-path', '/tmp/tmp4o8jb8cd']
[2024-08-16T14:05:08.171+0000] {standard_task_runner.py:105} INFO - Job 3: Subtask first_task
[2024-08-16T14:05:08.225+0000] {task_command.py:467} INFO - Running <TaskInstance: first_dag.first_task manual__2024-08-16T14:05:07.443995+00:00 [running]> on host 93607a8c7584
[2024-08-16T14:05:08.320+0000] {taskinstance.py:3122} INFO - Exporting env vars: AIRFLOW_CTX_DAG_OWNER='Juancito2085' AIRFLOW_CTX_DAG_ID='first_dag' AIRFLOW_CTX_TASK_ID='first_task' AIRFLOW_CTX_EXECUTION_DATE='2024-08-16T14:05:07.443995+00:00' AIRFLOW_CTX_TRY_NUMBER='1' AIRFLOW_CTX_DAG_RUN_ID='manual__2024-08-16T14:05:07.443995+00:00'
[2024-08-16T14:05:08.321+0000] {taskinstance.py:731} INFO - ::endgroup::
[2024-08-16T14:05:08.368+0000] {subprocess.py:63} INFO - Tmp dir root location: /tmp
[2024-08-16T14:05:08.369+0000] {subprocess.py:75} INFO - Running command: ['/usr/bin/bash', '-c', 'echo hello world']
[2024-08-16T14:05:08.377+0000] {subprocess.py:86} INFO - Output:
[2024-08-16T14:05:08.379+0000] {subprocess.py:93} INFO - hello world
[2024-08-16T14:05:08.379+0000] {subprocess.py:97} INFO - Command exited with return code 0
[2024-08-16T14:05:08.404+0000] {taskinstance.py:340} INFO - ::group::Post task execution logs
[2024-08-16T14:05:08.404+0000] {taskinstance.py:352} INFO - Marking task as SUCCESS. dag_id=first_dag, task_id=first_task, run_id=manual__2024-08-16T14:05:07.443995+00:00, execution_date=20240816T140507, start_date=20240816T140508, end_date=20240816T140508
[2024-08-16T14:05:08.426+0000] {local_task_job_runner.py:261} INFO - Task exited with return code 0
[2024-08-16T14:05:08.442+0000] {taskinstance.py:3891} INFO - 0 downstream tasks scheduled from follow-on schedule check
[2024-08-16T14:05:08.445+0000] {local_task_job_runner.py:240} INFO - ::endgroup::
