[2024-08-16T14:22:49.170+0000] {local_task_job_runner.py:123} INFO - ::group::Pre task execution logs
[2024-08-16T14:22:49.194+0000] {taskinstance.py:2603} INFO - Dependencies all met for dep_context=non-requeueable deps ti=<TaskInstance: second_dag.second_task manual__2024-08-16T14:22:46.717005+00:00 [queued]>
[2024-08-16T14:22:49.203+0000] {taskinstance.py:2603} INFO - Dependencies all met for dep_context=requeueable deps ti=<TaskInstance: second_dag.second_task manual__2024-08-16T14:22:46.717005+00:00 [queued]>
[2024-08-16T14:22:49.203+0000] {taskinstance.py:2856} INFO - Starting attempt 1 of 6
[2024-08-16T14:22:49.218+0000] {taskinstance.py:2879} INFO - Executing <Task(BashOperator): second_task> on 2024-08-16 14:22:46.717005+00:00
[2024-08-16T14:22:49.225+0000] {logging_mixin.py:190} WARNING - /home/***/.local/lib/python3.12/site-packages/***/task/task_runner/standard_task_runner.py:70 DeprecationWarning: This process (pid=764) is multi-threaded, use of fork() may lead to deadlocks in the child.
[2024-08-16T14:22:49.226+0000] {standard_task_runner.py:72} INFO - Started process 765 to run task
[2024-08-16T14:22:49.225+0000] {standard_task_runner.py:104} INFO - Running: ['***', 'tasks', 'run', 'second_dag', 'second_task', 'manual__2024-08-16T14:22:46.717005+00:00', '--job-id', '5', '--raw', '--subdir', 'DAGS_FOLDER/first_dag.py', '--cfg-path', '/tmp/tmpkgpx6oem']
[2024-08-16T14:22:49.227+0000] {standard_task_runner.py:105} INFO - Job 5: Subtask second_task
[2024-08-16T14:22:49.279+0000] {task_command.py:467} INFO - Running <TaskInstance: second_dag.second_task manual__2024-08-16T14:22:46.717005+00:00 [running]> on host 93607a8c7584
[2024-08-16T14:22:49.363+0000] {taskinstance.py:3122} INFO - Exporting env vars: AIRFLOW_CTX_DAG_OWNER='Juancito2085' AIRFLOW_CTX_DAG_ID='second_dag' AIRFLOW_CTX_TASK_ID='second_task' AIRFLOW_CTX_EXECUTION_DATE='2024-08-16T14:22:46.717005+00:00' AIRFLOW_CTX_TRY_NUMBER='1' AIRFLOW_CTX_DAG_RUN_ID='manual__2024-08-16T14:22:46.717005+00:00'
[2024-08-16T14:22:49.364+0000] {taskinstance.py:731} INFO - ::endgroup::
[2024-08-16T14:22:49.382+0000] {subprocess.py:63} INFO - Tmp dir root location: /tmp
[2024-08-16T14:22:49.383+0000] {subprocess.py:75} INFO - Running command: ['/usr/bin/bash', '-c', 'echo task2 completed']
[2024-08-16T14:22:49.392+0000] {subprocess.py:86} INFO - Output:
[2024-08-16T14:22:49.393+0000] {subprocess.py:93} INFO - task2 completed
[2024-08-16T14:22:49.394+0000] {subprocess.py:97} INFO - Command exited with return code 0
[2024-08-16T14:22:49.425+0000] {taskinstance.py:340} INFO - ::group::Post task execution logs
[2024-08-16T14:22:49.426+0000] {taskinstance.py:352} INFO - Marking task as SUCCESS. dag_id=second_dag, task_id=second_task, run_id=manual__2024-08-16T14:22:46.717005+00:00, execution_date=20240816T142246, start_date=20240816T142249, end_date=20240816T142249
[2024-08-16T14:22:49.481+0000] {local_task_job_runner.py:261} INFO - Task exited with return code 0
[2024-08-16T14:22:49.501+0000] {taskinstance.py:3891} INFO - 0 downstream tasks scheduled from follow-on schedule check
[2024-08-16T14:22:49.505+0000] {local_task_job_runner.py:240} INFO - ::endgroup::
