[2024-08-20T11:18:18.040+0000] {local_task_job_runner.py:123} INFO - ::group::Pre task execution logs
[2024-08-20T11:18:18.061+0000] {taskinstance.py:2603} INFO - Dependencies all met for dep_context=non-requeueable deps ti=<TaskInstance: dag_with_python.download_file manual__2024-08-20T11:18:15.709522+00:00 [queued]>
[2024-08-20T11:18:18.071+0000] {taskinstance.py:2603} INFO - Dependencies all met for dep_context=requeueable deps ti=<TaskInstance: dag_with_python.download_file manual__2024-08-20T11:18:15.709522+00:00 [queued]>
[2024-08-20T11:18:18.072+0000] {taskinstance.py:2856} INFO - Starting attempt 1 of 6
[2024-08-20T11:18:18.092+0000] {taskinstance.py:2879} INFO - Executing <Task(PythonOperator): download_file> on 2024-08-20 11:18:15.709522+00:00
[2024-08-20T11:18:18.120+0000] {logging_mixin.py:190} WARNING - /home/***/.local/lib/python3.12/site-packages/***/task/task_runner/standard_task_runner.py:70 DeprecationWarning: This process (pid=2860) is multi-threaded, use of fork() may lead to deadlocks in the child.
[2024-08-20T11:18:18.118+0000] {standard_task_runner.py:104} INFO - Running: ['***', 'tasks', 'run', 'dag_with_python', 'download_file', 'manual__2024-08-20T11:18:15.709522+00:00', '--job-id', '65', '--raw', '--subdir', 'DAGS_FOLDER/first_dag_pyton.py', '--cfg-path', '/tmp/tmpg8dmxcdc']
[2024-08-20T11:18:18.123+0000] {standard_task_runner.py:72} INFO - Started process 2861 to run task
[2024-08-20T11:18:18.124+0000] {standard_task_runner.py:105} INFO - Job 65: Subtask download_file
[2024-08-20T11:18:18.227+0000] {task_command.py:467} INFO - Running <TaskInstance: dag_with_python.download_file manual__2024-08-20T11:18:15.709522+00:00 [running]> on host 93607a8c7584
[2024-08-20T11:18:18.413+0000] {taskinstance.py:3122} INFO - Exporting env vars: AIRFLOW_CTX_DAG_OWNER='Juancito2085' AIRFLOW_CTX_DAG_ID='dag_with_python' AIRFLOW_CTX_TASK_ID='download_file' AIRFLOW_CTX_EXECUTION_DATE='2024-08-20T11:18:15.709522+00:00' AIRFLOW_CTX_TRY_NUMBER='1' AIRFLOW_CTX_DAG_RUN_ID='manual__2024-08-20T11:18:15.709522+00:00'
[2024-08-20T11:18:18.416+0000] {taskinstance.py:731} INFO - ::endgroup::
[2024-08-20T11:18:21.165+0000] {logging_mixin.py:190} INFO - 20240819.export.CSV.zip
[2024-08-20T11:18:21.873+0000] {logging_mixin.py:190} INFO - File downloaded: 20240819.export.CSV.zip
[2024-08-20T11:18:22.128+0000] {logging_mixin.py:190} INFO - File decompressed: 20240819.export.CSV.zip
[2024-08-20T11:18:22.129+0000] {logging_mixin.py:190} INFO - CSV file extracted: 20240819.export.CSV
[2024-08-20T11:18:22.131+0000] {logging_mixin.py:190} INFO - ZIP file deleted: 20240819.export.CSV.zip
[2024-08-20T11:18:22.132+0000] {python.py:240} INFO - Done. Returned value was: None
[2024-08-20T11:18:22.147+0000] {taskinstance.py:340} INFO - ::group::Post task execution logs
[2024-08-20T11:18:22.148+0000] {taskinstance.py:352} INFO - Marking task as SUCCESS. dag_id=dag_with_python, task_id=download_file, run_id=manual__2024-08-20T11:18:15.709522+00:00, execution_date=20240820T111815, start_date=20240820T111818, end_date=20240820T111822
[2024-08-20T11:18:22.349+0000] {local_task_job_runner.py:261} INFO - Task exited with return code 0
[2024-08-20T11:18:22.367+0000] {taskinstance.py:3891} INFO - 0 downstream tasks scheduled from follow-on schedule check
[2024-08-20T11:18:22.373+0000] {local_task_job_runner.py:240} INFO - ::endgroup::
