[2024-08-16T14:35:03.420+0000] {local_task_job_runner.py:123} INFO - ::group::Pre task execution logs
[2024-08-16T14:35:03.440+0000] {taskinstance.py:2603} INFO - Dependencies all met for dep_context=non-requeueable deps ti=<TaskInstance: third_dag.first_task manual__2024-08-16T14:35:02.351041+00:00 [queued]>
[2024-08-16T14:35:03.449+0000] {taskinstance.py:2603} INFO - Dependencies all met for dep_context=requeueable deps ti=<TaskInstance: third_dag.first_task manual__2024-08-16T14:35:02.351041+00:00 [queued]>
[2024-08-16T14:35:03.450+0000] {taskinstance.py:2856} INFO - Starting attempt 1 of 6
[2024-08-16T14:35:03.469+0000] {taskinstance.py:2879} INFO - Executing <Task(BashOperator): first_task> on 2024-08-16 14:35:02.351041+00:00
[2024-08-16T14:35:03.477+0000] {logging_mixin.py:190} WARNING - /home/***/.local/lib/python3.12/site-packages/***/task/task_runner/standard_task_runner.py:70 DeprecationWarning: This process (pid=1068) is multi-threaded, use of fork() may lead to deadlocks in the child.
[2024-08-16T14:35:03.479+0000] {standard_task_runner.py:72} INFO - Started process 1069 to run task
[2024-08-16T14:35:03.477+0000] {standard_task_runner.py:104} INFO - Running: ['***', 'tasks', 'run', 'third_dag', 'first_task', 'manual__2024-08-16T14:35:02.351041+00:00', '--job-id', '12', '--raw', '--subdir', 'DAGS_FOLDER/first_dag.py', '--cfg-path', '/tmp/tmpgk7wossz']
[2024-08-16T14:35:03.480+0000] {standard_task_runner.py:105} INFO - Job 12: Subtask first_task
[2024-08-16T14:35:03.542+0000] {task_command.py:467} INFO - Running <TaskInstance: third_dag.first_task manual__2024-08-16T14:35:02.351041+00:00 [running]> on host 93607a8c7584
[2024-08-16T14:35:03.635+0000] {taskinstance.py:3122} INFO - Exporting env vars: AIRFLOW_CTX_DAG_OWNER='Juancito2085' AIRFLOW_CTX_DAG_ID='third_dag' AIRFLOW_CTX_TASK_ID='first_task' AIRFLOW_CTX_EXECUTION_DATE='2024-08-16T14:35:02.351041+00:00' AIRFLOW_CTX_TRY_NUMBER='1' AIRFLOW_CTX_DAG_RUN_ID='manual__2024-08-16T14:35:02.351041+00:00'
[2024-08-16T14:35:03.636+0000] {taskinstance.py:731} INFO - ::endgroup::
[2024-08-16T14:35:03.655+0000] {subprocess.py:63} INFO - Tmp dir root location: /tmp
[2024-08-16T14:35:03.656+0000] {subprocess.py:75} INFO - Running command: ['/usr/bin/bash', '-c', 'echo task1 completed']
[2024-08-16T14:35:03.664+0000] {subprocess.py:86} INFO - Output:
[2024-08-16T14:35:03.666+0000] {subprocess.py:93} INFO - task1 completed
[2024-08-16T14:35:03.666+0000] {subprocess.py:97} INFO - Command exited with return code 0
[2024-08-16T14:35:03.693+0000] {taskinstance.py:340} INFO - ::group::Post task execution logs
[2024-08-16T14:35:03.694+0000] {taskinstance.py:352} INFO - Marking task as SUCCESS. dag_id=third_dag, task_id=first_task, run_id=manual__2024-08-16T14:35:02.351041+00:00, execution_date=20240816T143502, start_date=20240816T143503, end_date=20240816T143503
[2024-08-16T14:35:03.734+0000] {local_task_job_runner.py:261} INFO - Task exited with return code 0
[2024-08-16T14:35:03.777+0000] {taskinstance.py:3891} INFO - 1 downstream tasks scheduled from follow-on schedule check
[2024-08-16T14:35:03.780+0000] {local_task_job_runner.py:240} INFO - ::endgroup::
