[2024-08-16T13:18:38.656+0000] {processor.py:186} INFO - Started process (PID=229) to work on /home/airflow/.local/lib/python3.12/site-packages/airflow/example_dags/example_display_name.py
[2024-08-16T13:18:38.657+0000] {processor.py:914} INFO - Processing file /home/airflow/.local/lib/python3.12/site-packages/airflow/example_dags/example_display_name.py for tasks to queue
[2024-08-16T13:18:38.660+0000] {logging_mixin.py:190} INFO - [2024-08-16T13:18:38.659+0000] {dagbag.py:587} INFO - Filling up the DagBag from /home/airflow/.local/lib/python3.12/site-packages/airflow/example_dags/example_display_name.py
[2024-08-16T13:18:38.669+0000] {processor.py:925} INFO - DAG(s) 'example_display_name' retrieved from /home/airflow/.local/lib/python3.12/site-packages/airflow/example_dags/example_display_name.py
[2024-08-16T13:18:38.791+0000] {logging_mixin.py:190} INFO - [2024-08-16T13:18:38.791+0000] {override.py:1858} INFO - Created Permission View: can read on DAG:example_display_name
[2024-08-16T13:18:38.804+0000] {logging_mixin.py:190} INFO - [2024-08-16T13:18:38.804+0000] {override.py:1858} INFO - Created Permission View: can edit on DAG:example_display_name
[2024-08-16T13:18:38.812+0000] {logging_mixin.py:190} INFO - [2024-08-16T13:18:38.812+0000] {override.py:1858} INFO - Created Permission View: can delete on DAG:example_display_name
[2024-08-16T13:18:38.813+0000] {logging_mixin.py:190} INFO - [2024-08-16T13:18:38.813+0000] {dag.py:3211} INFO - Sync 1 DAGs
[2024-08-16T13:18:38.827+0000] {logging_mixin.py:190} INFO - [2024-08-16T13:18:38.827+0000] {dag.py:3234} INFO - Creating ORM DAG for example_display_name
[2024-08-16T13:18:38.829+0000] {logging_mixin.py:190} INFO - [2024-08-16T13:18:38.828+0000] {dag.py:4138} INFO - Setting next_dagrun for example_display_name to None, run_after=None
[2024-08-16T13:18:38.848+0000] {processor.py:208} INFO - Processing /home/airflow/.local/lib/python3.12/site-packages/airflow/example_dags/example_display_name.py took 0.200 seconds
[2024-08-16T13:19:09.135+0000] {processor.py:186} INFO - Started process (PID=517) to work on /home/airflow/.local/lib/python3.12/site-packages/airflow/example_dags/example_display_name.py
[2024-08-16T13:19:09.136+0000] {processor.py:914} INFO - Processing file /home/airflow/.local/lib/python3.12/site-packages/airflow/example_dags/example_display_name.py for tasks to queue
[2024-08-16T13:19:09.138+0000] {logging_mixin.py:190} INFO - [2024-08-16T13:19:09.138+0000] {dagbag.py:587} INFO - Filling up the DagBag from /home/airflow/.local/lib/python3.12/site-packages/airflow/example_dags/example_display_name.py
[2024-08-16T13:19:09.147+0000] {processor.py:925} INFO - DAG(s) 'example_display_name' retrieved from /home/airflow/.local/lib/python3.12/site-packages/airflow/example_dags/example_display_name.py
[2024-08-16T13:19:09.171+0000] {logging_mixin.py:190} INFO - [2024-08-16T13:19:09.170+0000] {dag.py:3211} INFO - Sync 1 DAGs
[2024-08-16T13:19:09.190+0000] {logging_mixin.py:190} INFO - [2024-08-16T13:19:09.189+0000] {dag.py:4138} INFO - Setting next_dagrun for example_display_name to None, run_after=None
[2024-08-16T13:19:09.213+0000] {processor.py:208} INFO - Processing /home/airflow/.local/lib/python3.12/site-packages/airflow/example_dags/example_display_name.py took 0.084 seconds
[2024-08-16T13:19:39.590+0000] {processor.py:186} INFO - Started process (PID=801) to work on /home/airflow/.local/lib/python3.12/site-packages/airflow/example_dags/example_display_name.py
[2024-08-16T13:19:39.591+0000] {processor.py:914} INFO - Processing file /home/airflow/.local/lib/python3.12/site-packages/airflow/example_dags/example_display_name.py for tasks to queue
[2024-08-16T13:19:39.594+0000] {logging_mixin.py:190} INFO - [2024-08-16T13:19:39.593+0000] {dagbag.py:587} INFO - Filling up the DagBag from /home/airflow/.local/lib/python3.12/site-packages/airflow/example_dags/example_display_name.py
[2024-08-16T13:19:39.602+0000] {processor.py:925} INFO - DAG(s) 'example_display_name' retrieved from /home/airflow/.local/lib/python3.12/site-packages/airflow/example_dags/example_display_name.py
[2024-08-16T13:19:39.630+0000] {logging_mixin.py:190} INFO - [2024-08-16T13:19:39.630+0000] {dag.py:3211} INFO - Sync 1 DAGs
[2024-08-16T13:19:39.661+0000] {logging_mixin.py:190} INFO - [2024-08-16T13:19:39.661+0000] {dag.py:4138} INFO - Setting next_dagrun for example_display_name to None, run_after=None
[2024-08-16T13:19:39.725+0000] {processor.py:208} INFO - Processing /home/airflow/.local/lib/python3.12/site-packages/airflow/example_dags/example_display_name.py took 0.142 seconds
[2024-08-16T13:20:10.565+0000] {processor.py:186} INFO - Started process (PID=1087) to work on /home/airflow/.local/lib/python3.12/site-packages/airflow/example_dags/example_display_name.py
[2024-08-16T13:20:10.566+0000] {processor.py:914} INFO - Processing file /home/airflow/.local/lib/python3.12/site-packages/airflow/example_dags/example_display_name.py for tasks to queue
[2024-08-16T13:20:10.569+0000] {logging_mixin.py:190} INFO - [2024-08-16T13:20:10.569+0000] {dagbag.py:587} INFO - Filling up the DagBag from /home/airflow/.local/lib/python3.12/site-packages/airflow/example_dags/example_display_name.py
[2024-08-16T13:20:10.578+0000] {processor.py:925} INFO - DAG(s) 'example_display_name' retrieved from /home/airflow/.local/lib/python3.12/site-packages/airflow/example_dags/example_display_name.py
[2024-08-16T13:20:10.599+0000] {logging_mixin.py:190} INFO - [2024-08-16T13:20:10.599+0000] {dag.py:3211} INFO - Sync 1 DAGs
[2024-08-16T13:20:10.615+0000] {logging_mixin.py:190} INFO - [2024-08-16T13:20:10.615+0000] {dag.py:4138} INFO - Setting next_dagrun for example_display_name to None, run_after=None
[2024-08-16T13:20:10.635+0000] {processor.py:208} INFO - Processing /home/airflow/.local/lib/python3.12/site-packages/airflow/example_dags/example_display_name.py took 0.077 seconds
[2024-08-16T13:20:41.004+0000] {processor.py:186} INFO - Started process (PID=1373) to work on /home/airflow/.local/lib/python3.12/site-packages/airflow/example_dags/example_display_name.py
[2024-08-16T13:20:41.005+0000] {processor.py:914} INFO - Processing file /home/airflow/.local/lib/python3.12/site-packages/airflow/example_dags/example_display_name.py for tasks to queue
[2024-08-16T13:20:41.008+0000] {logging_mixin.py:190} INFO - [2024-08-16T13:20:41.007+0000] {dagbag.py:587} INFO - Filling up the DagBag from /home/airflow/.local/lib/python3.12/site-packages/airflow/example_dags/example_display_name.py
[2024-08-16T13:20:41.016+0000] {processor.py:925} INFO - DAG(s) 'example_display_name' retrieved from /home/airflow/.local/lib/python3.12/site-packages/airflow/example_dags/example_display_name.py
[2024-08-16T13:20:41.036+0000] {logging_mixin.py:190} INFO - [2024-08-16T13:20:41.036+0000] {dag.py:3211} INFO - Sync 1 DAGs
[2024-08-16T13:20:41.052+0000] {logging_mixin.py:190} INFO - [2024-08-16T13:20:41.051+0000] {dag.py:4138} INFO - Setting next_dagrun for example_display_name to None, run_after=None
[2024-08-16T13:20:41.073+0000] {processor.py:208} INFO - Processing /home/airflow/.local/lib/python3.12/site-packages/airflow/example_dags/example_display_name.py took 0.076 seconds
[2024-08-16T13:21:11.529+0000] {processor.py:186} INFO - Started process (PID=1659) to work on /home/airflow/.local/lib/python3.12/site-packages/airflow/example_dags/example_display_name.py
[2024-08-16T13:21:11.531+0000] {processor.py:914} INFO - Processing file /home/airflow/.local/lib/python3.12/site-packages/airflow/example_dags/example_display_name.py for tasks to queue
[2024-08-16T13:21:11.535+0000] {logging_mixin.py:190} INFO - [2024-08-16T13:21:11.534+0000] {dagbag.py:587} INFO - Filling up the DagBag from /home/airflow/.local/lib/python3.12/site-packages/airflow/example_dags/example_display_name.py
[2024-08-16T13:21:11.545+0000] {processor.py:925} INFO - DAG(s) 'example_display_name' retrieved from /home/airflow/.local/lib/python3.12/site-packages/airflow/example_dags/example_display_name.py
[2024-08-16T13:21:11.571+0000] {logging_mixin.py:190} INFO - [2024-08-16T13:21:11.571+0000] {dag.py:3211} INFO - Sync 1 DAGs
[2024-08-16T13:21:11.590+0000] {logging_mixin.py:190} INFO - [2024-08-16T13:21:11.590+0000] {dag.py:4138} INFO - Setting next_dagrun for example_display_name to None, run_after=None
[2024-08-16T13:21:11.610+0000] {processor.py:208} INFO - Processing /home/airflow/.local/lib/python3.12/site-packages/airflow/example_dags/example_display_name.py took 0.090 seconds
[2024-08-16T13:21:41.854+0000] {processor.py:186} INFO - Started process (PID=1945) to work on /home/airflow/.local/lib/python3.12/site-packages/airflow/example_dags/example_display_name.py
[2024-08-16T13:21:41.855+0000] {processor.py:914} INFO - Processing file /home/airflow/.local/lib/python3.12/site-packages/airflow/example_dags/example_display_name.py for tasks to queue
[2024-08-16T13:21:41.858+0000] {logging_mixin.py:190} INFO - [2024-08-16T13:21:41.857+0000] {dagbag.py:587} INFO - Filling up the DagBag from /home/airflow/.local/lib/python3.12/site-packages/airflow/example_dags/example_display_name.py
[2024-08-16T13:21:41.866+0000] {processor.py:925} INFO - DAG(s) 'example_display_name' retrieved from /home/airflow/.local/lib/python3.12/site-packages/airflow/example_dags/example_display_name.py
[2024-08-16T13:21:41.886+0000] {logging_mixin.py:190} INFO - [2024-08-16T13:21:41.886+0000] {dag.py:3211} INFO - Sync 1 DAGs
[2024-08-16T13:21:41.902+0000] {logging_mixin.py:190} INFO - [2024-08-16T13:21:41.902+0000] {dag.py:4138} INFO - Setting next_dagrun for example_display_name to None, run_after=None
[2024-08-16T13:21:41.925+0000] {processor.py:208} INFO - Processing /home/airflow/.local/lib/python3.12/site-packages/airflow/example_dags/example_display_name.py took 0.079 seconds
[2024-08-16T13:22:12.428+0000] {processor.py:186} INFO - Started process (PID=2231) to work on /home/airflow/.local/lib/python3.12/site-packages/airflow/example_dags/example_display_name.py
[2024-08-16T13:22:12.429+0000] {processor.py:914} INFO - Processing file /home/airflow/.local/lib/python3.12/site-packages/airflow/example_dags/example_display_name.py for tasks to queue
[2024-08-16T13:22:12.432+0000] {logging_mixin.py:190} INFO - [2024-08-16T13:22:12.431+0000] {dagbag.py:587} INFO - Filling up the DagBag from /home/airflow/.local/lib/python3.12/site-packages/airflow/example_dags/example_display_name.py
[2024-08-16T13:22:12.440+0000] {processor.py:925} INFO - DAG(s) 'example_display_name' retrieved from /home/airflow/.local/lib/python3.12/site-packages/airflow/example_dags/example_display_name.py
[2024-08-16T13:22:12.463+0000] {logging_mixin.py:190} INFO - [2024-08-16T13:22:12.462+0000] {dag.py:3211} INFO - Sync 1 DAGs
[2024-08-16T13:22:12.481+0000] {logging_mixin.py:190} INFO - [2024-08-16T13:22:12.481+0000] {dag.py:4138} INFO - Setting next_dagrun for example_display_name to None, run_after=None
[2024-08-16T13:22:12.502+0000] {processor.py:208} INFO - Processing /home/airflow/.local/lib/python3.12/site-packages/airflow/example_dags/example_display_name.py took 0.080 seconds
[2024-08-16T13:22:43.478+0000] {processor.py:186} INFO - Started process (PID=2517) to work on /home/airflow/.local/lib/python3.12/site-packages/airflow/example_dags/example_display_name.py
[2024-08-16T13:22:43.479+0000] {processor.py:914} INFO - Processing file /home/airflow/.local/lib/python3.12/site-packages/airflow/example_dags/example_display_name.py for tasks to queue
[2024-08-16T13:22:43.481+0000] {logging_mixin.py:190} INFO - [2024-08-16T13:22:43.481+0000] {dagbag.py:587} INFO - Filling up the DagBag from /home/airflow/.local/lib/python3.12/site-packages/airflow/example_dags/example_display_name.py
[2024-08-16T13:22:43.489+0000] {processor.py:925} INFO - DAG(s) 'example_display_name' retrieved from /home/airflow/.local/lib/python3.12/site-packages/airflow/example_dags/example_display_name.py
[2024-08-16T13:22:43.514+0000] {logging_mixin.py:190} INFO - [2024-08-16T13:22:43.514+0000] {dag.py:3211} INFO - Sync 1 DAGs
[2024-08-16T13:22:43.531+0000] {logging_mixin.py:190} INFO - [2024-08-16T13:22:43.531+0000] {dag.py:4138} INFO - Setting next_dagrun for example_display_name to None, run_after=None
[2024-08-16T13:22:43.558+0000] {processor.py:208} INFO - Processing /home/airflow/.local/lib/python3.12/site-packages/airflow/example_dags/example_display_name.py took 0.088 seconds
[2024-08-16T13:23:13.928+0000] {processor.py:186} INFO - Started process (PID=2805) to work on /home/airflow/.local/lib/python3.12/site-packages/airflow/example_dags/example_display_name.py
[2024-08-16T13:23:13.929+0000] {processor.py:914} INFO - Processing file /home/airflow/.local/lib/python3.12/site-packages/airflow/example_dags/example_display_name.py for tasks to queue
[2024-08-16T13:23:13.931+0000] {logging_mixin.py:190} INFO - [2024-08-16T13:23:13.931+0000] {dagbag.py:587} INFO - Filling up the DagBag from /home/airflow/.local/lib/python3.12/site-packages/airflow/example_dags/example_display_name.py
[2024-08-16T13:23:13.939+0000] {processor.py:925} INFO - DAG(s) 'example_display_name' retrieved from /home/airflow/.local/lib/python3.12/site-packages/airflow/example_dags/example_display_name.py
[2024-08-16T13:23:13.959+0000] {logging_mixin.py:190} INFO - [2024-08-16T13:23:13.959+0000] {dag.py:3211} INFO - Sync 1 DAGs
[2024-08-16T13:23:13.975+0000] {logging_mixin.py:190} INFO - [2024-08-16T13:23:13.974+0000] {dag.py:4138} INFO - Setting next_dagrun for example_display_name to None, run_after=None
[2024-08-16T13:23:13.995+0000] {processor.py:208} INFO - Processing /home/airflow/.local/lib/python3.12/site-packages/airflow/example_dags/example_display_name.py took 0.075 seconds
[2024-08-16T13:23:44.344+0000] {processor.py:186} INFO - Started process (PID=3089) to work on /home/airflow/.local/lib/python3.12/site-packages/airflow/example_dags/example_display_name.py
[2024-08-16T13:23:44.346+0000] {processor.py:914} INFO - Processing file /home/airflow/.local/lib/python3.12/site-packages/airflow/example_dags/example_display_name.py for tasks to queue
[2024-08-16T13:23:44.348+0000] {logging_mixin.py:190} INFO - [2024-08-16T13:23:44.348+0000] {dagbag.py:587} INFO - Filling up the DagBag from /home/airflow/.local/lib/python3.12/site-packages/airflow/example_dags/example_display_name.py
[2024-08-16T13:23:44.357+0000] {processor.py:925} INFO - DAG(s) 'example_display_name' retrieved from /home/airflow/.local/lib/python3.12/site-packages/airflow/example_dags/example_display_name.py
[2024-08-16T13:23:44.378+0000] {logging_mixin.py:190} INFO - [2024-08-16T13:23:44.378+0000] {dag.py:3211} INFO - Sync 1 DAGs
[2024-08-16T13:23:44.395+0000] {logging_mixin.py:190} INFO - [2024-08-16T13:23:44.394+0000] {dag.py:4138} INFO - Setting next_dagrun for example_display_name to None, run_after=None
[2024-08-16T13:23:44.413+0000] {processor.py:208} INFO - Processing /home/airflow/.local/lib/python3.12/site-packages/airflow/example_dags/example_display_name.py took 0.077 seconds
[2024-08-16T13:24:14.664+0000] {processor.py:186} INFO - Started process (PID=3375) to work on /home/airflow/.local/lib/python3.12/site-packages/airflow/example_dags/example_display_name.py
[2024-08-16T13:24:14.665+0000] {processor.py:914} INFO - Processing file /home/airflow/.local/lib/python3.12/site-packages/airflow/example_dags/example_display_name.py for tasks to queue
[2024-08-16T13:24:14.667+0000] {logging_mixin.py:190} INFO - [2024-08-16T13:24:14.667+0000] {dagbag.py:587} INFO - Filling up the DagBag from /home/airflow/.local/lib/python3.12/site-packages/airflow/example_dags/example_display_name.py
[2024-08-16T13:24:14.676+0000] {processor.py:925} INFO - DAG(s) 'example_display_name' retrieved from /home/airflow/.local/lib/python3.12/site-packages/airflow/example_dags/example_display_name.py
[2024-08-16T13:24:14.698+0000] {logging_mixin.py:190} INFO - [2024-08-16T13:24:14.697+0000] {dag.py:3211} INFO - Sync 1 DAGs
[2024-08-16T13:24:14.715+0000] {logging_mixin.py:190} INFO - [2024-08-16T13:24:14.714+0000] {dag.py:4138} INFO - Setting next_dagrun for example_display_name to None, run_after=None
[2024-08-16T13:24:14.737+0000] {processor.py:208} INFO - Processing /home/airflow/.local/lib/python3.12/site-packages/airflow/example_dags/example_display_name.py took 0.079 seconds
[2024-08-16T13:24:45.741+0000] {processor.py:186} INFO - Started process (PID=3661) to work on /home/airflow/.local/lib/python3.12/site-packages/airflow/example_dags/example_display_name.py
[2024-08-16T13:24:45.743+0000] {processor.py:914} INFO - Processing file /home/airflow/.local/lib/python3.12/site-packages/airflow/example_dags/example_display_name.py for tasks to queue
[2024-08-16T13:24:45.745+0000] {logging_mixin.py:190} INFO - [2024-08-16T13:24:45.745+0000] {dagbag.py:587} INFO - Filling up the DagBag from /home/airflow/.local/lib/python3.12/site-packages/airflow/example_dags/example_display_name.py
[2024-08-16T13:24:45.753+0000] {processor.py:925} INFO - DAG(s) 'example_display_name' retrieved from /home/airflow/.local/lib/python3.12/site-packages/airflow/example_dags/example_display_name.py
[2024-08-16T13:24:45.780+0000] {logging_mixin.py:190} INFO - [2024-08-16T13:24:45.779+0000] {dag.py:3211} INFO - Sync 1 DAGs
[2024-08-16T13:24:45.799+0000] {logging_mixin.py:190} INFO - [2024-08-16T13:24:45.798+0000] {dag.py:4138} INFO - Setting next_dagrun for example_display_name to None, run_after=None
[2024-08-16T13:24:45.819+0000] {processor.py:208} INFO - Processing /home/airflow/.local/lib/python3.12/site-packages/airflow/example_dags/example_display_name.py took 0.085 seconds
[2024-08-16T13:25:16.269+0000] {processor.py:186} INFO - Started process (PID=3955) to work on /home/airflow/.local/lib/python3.12/site-packages/airflow/example_dags/example_display_name.py
[2024-08-16T13:25:16.270+0000] {processor.py:914} INFO - Processing file /home/airflow/.local/lib/python3.12/site-packages/airflow/example_dags/example_display_name.py for tasks to queue
[2024-08-16T13:25:16.273+0000] {logging_mixin.py:190} INFO - [2024-08-16T13:25:16.272+0000] {dagbag.py:587} INFO - Filling up the DagBag from /home/airflow/.local/lib/python3.12/site-packages/airflow/example_dags/example_display_name.py
[2024-08-16T13:25:16.280+0000] {processor.py:925} INFO - DAG(s) 'example_display_name' retrieved from /home/airflow/.local/lib/python3.12/site-packages/airflow/example_dags/example_display_name.py
[2024-08-16T13:25:16.300+0000] {logging_mixin.py:190} INFO - [2024-08-16T13:25:16.300+0000] {dag.py:3211} INFO - Sync 1 DAGs
[2024-08-16T13:25:16.315+0000] {logging_mixin.py:190} INFO - [2024-08-16T13:25:16.315+0000] {dag.py:4138} INFO - Setting next_dagrun for example_display_name to None, run_after=None
[2024-08-16T13:25:16.338+0000] {processor.py:208} INFO - Processing /home/airflow/.local/lib/python3.12/site-packages/airflow/example_dags/example_display_name.py took 0.075 seconds
[2024-08-16T13:25:46.629+0000] {processor.py:186} INFO - Started process (PID=4239) to work on /home/airflow/.local/lib/python3.12/site-packages/airflow/example_dags/example_display_name.py
[2024-08-16T13:25:46.631+0000] {processor.py:914} INFO - Processing file /home/airflow/.local/lib/python3.12/site-packages/airflow/example_dags/example_display_name.py for tasks to queue
[2024-08-16T13:25:46.634+0000] {logging_mixin.py:190} INFO - [2024-08-16T13:25:46.634+0000] {dagbag.py:587} INFO - Filling up the DagBag from /home/airflow/.local/lib/python3.12/site-packages/airflow/example_dags/example_display_name.py
[2024-08-16T13:25:46.644+0000] {processor.py:925} INFO - DAG(s) 'example_display_name' retrieved from /home/airflow/.local/lib/python3.12/site-packages/airflow/example_dags/example_display_name.py
[2024-08-16T13:25:46.668+0000] {logging_mixin.py:190} INFO - [2024-08-16T13:25:46.668+0000] {dag.py:3211} INFO - Sync 1 DAGs
[2024-08-16T13:25:46.688+0000] {logging_mixin.py:190} INFO - [2024-08-16T13:25:46.687+0000] {dag.py:4138} INFO - Setting next_dagrun for example_display_name to None, run_after=None
[2024-08-16T13:25:46.710+0000] {processor.py:208} INFO - Processing /home/airflow/.local/lib/python3.12/site-packages/airflow/example_dags/example_display_name.py took 0.089 seconds
[2024-08-16T13:26:17.030+0000] {processor.py:186} INFO - Started process (PID=4527) to work on /home/airflow/.local/lib/python3.12/site-packages/airflow/example_dags/example_display_name.py
[2024-08-16T13:26:17.031+0000] {processor.py:914} INFO - Processing file /home/airflow/.local/lib/python3.12/site-packages/airflow/example_dags/example_display_name.py for tasks to queue
[2024-08-16T13:26:17.034+0000] {logging_mixin.py:190} INFO - [2024-08-16T13:26:17.033+0000] {dagbag.py:587} INFO - Filling up the DagBag from /home/airflow/.local/lib/python3.12/site-packages/airflow/example_dags/example_display_name.py
[2024-08-16T13:26:17.042+0000] {processor.py:925} INFO - DAG(s) 'example_display_name' retrieved from /home/airflow/.local/lib/python3.12/site-packages/airflow/example_dags/example_display_name.py
[2024-08-16T13:26:17.067+0000] {logging_mixin.py:190} INFO - [2024-08-16T13:26:17.066+0000] {dag.py:3211} INFO - Sync 1 DAGs
[2024-08-16T13:26:17.083+0000] {logging_mixin.py:190} INFO - [2024-08-16T13:26:17.082+0000] {dag.py:4138} INFO - Setting next_dagrun for example_display_name to None, run_after=None
[2024-08-16T13:26:17.103+0000] {processor.py:208} INFO - Processing /home/airflow/.local/lib/python3.12/site-packages/airflow/example_dags/example_display_name.py took 0.082 seconds
[2024-08-16T13:26:47.612+0000] {processor.py:186} INFO - Started process (PID=4811) to work on /home/airflow/.local/lib/python3.12/site-packages/airflow/example_dags/example_display_name.py
[2024-08-16T13:26:47.614+0000] {processor.py:914} INFO - Processing file /home/airflow/.local/lib/python3.12/site-packages/airflow/example_dags/example_display_name.py for tasks to queue
[2024-08-16T13:26:47.616+0000] {logging_mixin.py:190} INFO - [2024-08-16T13:26:47.616+0000] {dagbag.py:587} INFO - Filling up the DagBag from /home/airflow/.local/lib/python3.12/site-packages/airflow/example_dags/example_display_name.py
[2024-08-16T13:26:47.625+0000] {processor.py:925} INFO - DAG(s) 'example_display_name' retrieved from /home/airflow/.local/lib/python3.12/site-packages/airflow/example_dags/example_display_name.py
[2024-08-16T13:26:47.648+0000] {logging_mixin.py:190} INFO - [2024-08-16T13:26:47.647+0000] {dag.py:3211} INFO - Sync 1 DAGs
[2024-08-16T13:26:47.662+0000] {logging_mixin.py:190} INFO - [2024-08-16T13:26:47.662+0000] {dag.py:4138} INFO - Setting next_dagrun for example_display_name to None, run_after=None
[2024-08-16T13:26:47.683+0000] {processor.py:208} INFO - Processing /home/airflow/.local/lib/python3.12/site-packages/airflow/example_dags/example_display_name.py took 0.078 seconds
[2024-08-16T13:27:17.934+0000] {processor.py:186} INFO - Started process (PID=5098) to work on /home/airflow/.local/lib/python3.12/site-packages/airflow/example_dags/example_display_name.py
[2024-08-16T13:27:17.935+0000] {processor.py:914} INFO - Processing file /home/airflow/.local/lib/python3.12/site-packages/airflow/example_dags/example_display_name.py for tasks to queue
[2024-08-16T13:27:17.937+0000] {logging_mixin.py:190} INFO - [2024-08-16T13:27:17.937+0000] {dagbag.py:587} INFO - Filling up the DagBag from /home/airflow/.local/lib/python3.12/site-packages/airflow/example_dags/example_display_name.py
[2024-08-16T13:27:17.946+0000] {processor.py:925} INFO - DAG(s) 'example_display_name' retrieved from /home/airflow/.local/lib/python3.12/site-packages/airflow/example_dags/example_display_name.py
[2024-08-16T13:27:17.967+0000] {logging_mixin.py:190} INFO - [2024-08-16T13:27:17.966+0000] {dag.py:3211} INFO - Sync 1 DAGs
[2024-08-16T13:27:17.983+0000] {logging_mixin.py:190} INFO - [2024-08-16T13:27:17.982+0000] {dag.py:4138} INFO - Setting next_dagrun for example_display_name to None, run_after=None
[2024-08-16T13:27:18.003+0000] {processor.py:208} INFO - Processing /home/airflow/.local/lib/python3.12/site-packages/airflow/example_dags/example_display_name.py took 0.075 seconds
[2024-08-16T13:27:48.462+0000] {processor.py:186} INFO - Started process (PID=5384) to work on /home/airflow/.local/lib/python3.12/site-packages/airflow/example_dags/example_display_name.py
[2024-08-16T13:27:48.464+0000] {processor.py:914} INFO - Processing file /home/airflow/.local/lib/python3.12/site-packages/airflow/example_dags/example_display_name.py for tasks to queue
[2024-08-16T13:27:48.466+0000] {logging_mixin.py:190} INFO - [2024-08-16T13:27:48.466+0000] {dagbag.py:587} INFO - Filling up the DagBag from /home/airflow/.local/lib/python3.12/site-packages/airflow/example_dags/example_display_name.py
[2024-08-16T13:27:48.475+0000] {processor.py:925} INFO - DAG(s) 'example_display_name' retrieved from /home/airflow/.local/lib/python3.12/site-packages/airflow/example_dags/example_display_name.py
[2024-08-16T13:27:48.498+0000] {logging_mixin.py:190} INFO - [2024-08-16T13:27:48.498+0000] {dag.py:3211} INFO - Sync 1 DAGs
[2024-08-16T13:27:48.514+0000] {logging_mixin.py:190} INFO - [2024-08-16T13:27:48.513+0000] {dag.py:4138} INFO - Setting next_dagrun for example_display_name to None, run_after=None
[2024-08-16T13:27:48.533+0000] {processor.py:208} INFO - Processing /home/airflow/.local/lib/python3.12/site-packages/airflow/example_dags/example_display_name.py took 0.077 seconds
[2024-08-16T13:28:18.889+0000] {processor.py:186} INFO - Started process (PID=5670) to work on /home/airflow/.local/lib/python3.12/site-packages/airflow/example_dags/example_display_name.py
[2024-08-16T13:28:18.890+0000] {processor.py:914} INFO - Processing file /home/airflow/.local/lib/python3.12/site-packages/airflow/example_dags/example_display_name.py for tasks to queue
[2024-08-16T13:28:18.894+0000] {logging_mixin.py:190} INFO - [2024-08-16T13:28:18.893+0000] {dagbag.py:587} INFO - Filling up the DagBag from /home/airflow/.local/lib/python3.12/site-packages/airflow/example_dags/example_display_name.py
[2024-08-16T13:28:18.907+0000] {processor.py:925} INFO - DAG(s) 'example_display_name' retrieved from /home/airflow/.local/lib/python3.12/site-packages/airflow/example_dags/example_display_name.py
[2024-08-16T13:28:18.929+0000] {logging_mixin.py:190} INFO - [2024-08-16T13:28:18.929+0000] {dag.py:3211} INFO - Sync 1 DAGs
[2024-08-16T13:28:18.945+0000] {logging_mixin.py:190} INFO - [2024-08-16T13:28:18.945+0000] {dag.py:4138} INFO - Setting next_dagrun for example_display_name to None, run_after=None
[2024-08-16T13:28:18.964+0000] {processor.py:208} INFO - Processing /home/airflow/.local/lib/python3.12/site-packages/airflow/example_dags/example_display_name.py took 0.086 seconds
[2024-08-16T13:28:49.412+0000] {processor.py:186} INFO - Started process (PID=5956) to work on /home/airflow/.local/lib/python3.12/site-packages/airflow/example_dags/example_display_name.py
[2024-08-16T13:28:49.414+0000] {processor.py:914} INFO - Processing file /home/airflow/.local/lib/python3.12/site-packages/airflow/example_dags/example_display_name.py for tasks to queue
[2024-08-16T13:28:49.418+0000] {logging_mixin.py:190} INFO - [2024-08-16T13:28:49.417+0000] {dagbag.py:587} INFO - Filling up the DagBag from /home/airflow/.local/lib/python3.12/site-packages/airflow/example_dags/example_display_name.py
[2024-08-16T13:28:49.427+0000] {processor.py:925} INFO - DAG(s) 'example_display_name' retrieved from /home/airflow/.local/lib/python3.12/site-packages/airflow/example_dags/example_display_name.py
[2024-08-16T13:28:49.453+0000] {logging_mixin.py:190} INFO - [2024-08-16T13:28:49.453+0000] {dag.py:3211} INFO - Sync 1 DAGs
[2024-08-16T13:28:49.472+0000] {logging_mixin.py:190} INFO - [2024-08-16T13:28:49.471+0000] {dag.py:4138} INFO - Setting next_dagrun for example_display_name to None, run_after=None
[2024-08-16T13:28:49.493+0000] {processor.py:208} INFO - Processing /home/airflow/.local/lib/python3.12/site-packages/airflow/example_dags/example_display_name.py took 0.091 seconds
[2024-08-16T13:29:19.905+0000] {processor.py:186} INFO - Started process (PID=6242) to work on /home/airflow/.local/lib/python3.12/site-packages/airflow/example_dags/example_display_name.py
[2024-08-16T13:29:19.906+0000] {processor.py:914} INFO - Processing file /home/airflow/.local/lib/python3.12/site-packages/airflow/example_dags/example_display_name.py for tasks to queue
[2024-08-16T13:29:19.909+0000] {logging_mixin.py:190} INFO - [2024-08-16T13:29:19.908+0000] {dagbag.py:587} INFO - Filling up the DagBag from /home/airflow/.local/lib/python3.12/site-packages/airflow/example_dags/example_display_name.py
[2024-08-16T13:29:19.918+0000] {processor.py:925} INFO - DAG(s) 'example_display_name' retrieved from /home/airflow/.local/lib/python3.12/site-packages/airflow/example_dags/example_display_name.py
[2024-08-16T13:29:19.944+0000] {logging_mixin.py:190} INFO - [2024-08-16T13:29:19.944+0000] {dag.py:3211} INFO - Sync 1 DAGs
[2024-08-16T13:29:19.964+0000] {logging_mixin.py:190} INFO - [2024-08-16T13:29:19.963+0000] {dag.py:4138} INFO - Setting next_dagrun for example_display_name to None, run_after=None
[2024-08-16T13:29:19.986+0000] {processor.py:208} INFO - Processing /home/airflow/.local/lib/python3.12/site-packages/airflow/example_dags/example_display_name.py took 0.090 seconds
[2024-08-16T13:29:50.609+0000] {processor.py:186} INFO - Started process (PID=6528) to work on /home/airflow/.local/lib/python3.12/site-packages/airflow/example_dags/example_display_name.py
[2024-08-16T13:29:50.611+0000] {processor.py:914} INFO - Processing file /home/airflow/.local/lib/python3.12/site-packages/airflow/example_dags/example_display_name.py for tasks to queue
[2024-08-16T13:29:50.613+0000] {logging_mixin.py:190} INFO - [2024-08-16T13:29:50.613+0000] {dagbag.py:587} INFO - Filling up the DagBag from /home/airflow/.local/lib/python3.12/site-packages/airflow/example_dags/example_display_name.py
[2024-08-16T13:29:50.621+0000] {processor.py:925} INFO - DAG(s) 'example_display_name' retrieved from /home/airflow/.local/lib/python3.12/site-packages/airflow/example_dags/example_display_name.py
[2024-08-16T13:29:50.642+0000] {logging_mixin.py:190} INFO - [2024-08-16T13:29:50.642+0000] {dag.py:3211} INFO - Sync 1 DAGs
[2024-08-16T13:29:50.659+0000] {logging_mixin.py:190} INFO - [2024-08-16T13:29:50.659+0000] {dag.py:4138} INFO - Setting next_dagrun for example_display_name to None, run_after=None
[2024-08-16T13:29:50.681+0000] {processor.py:208} INFO - Processing /home/airflow/.local/lib/python3.12/site-packages/airflow/example_dags/example_display_name.py took 0.078 seconds
[2024-08-16T13:30:20.944+0000] {processor.py:186} INFO - Started process (PID=6815) to work on /home/airflow/.local/lib/python3.12/site-packages/airflow/example_dags/example_display_name.py
[2024-08-16T13:30:20.945+0000] {processor.py:914} INFO - Processing file /home/airflow/.local/lib/python3.12/site-packages/airflow/example_dags/example_display_name.py for tasks to queue
[2024-08-16T13:30:20.949+0000] {logging_mixin.py:190} INFO - [2024-08-16T13:30:20.948+0000] {dagbag.py:587} INFO - Filling up the DagBag from /home/airflow/.local/lib/python3.12/site-packages/airflow/example_dags/example_display_name.py
[2024-08-16T13:30:20.959+0000] {processor.py:925} INFO - DAG(s) 'example_display_name' retrieved from /home/airflow/.local/lib/python3.12/site-packages/airflow/example_dags/example_display_name.py
[2024-08-16T13:30:20.982+0000] {logging_mixin.py:190} INFO - [2024-08-16T13:30:20.981+0000] {dag.py:3211} INFO - Sync 1 DAGs
[2024-08-16T13:30:20.999+0000] {logging_mixin.py:190} INFO - [2024-08-16T13:30:20.999+0000] {dag.py:4138} INFO - Setting next_dagrun for example_display_name to None, run_after=None
[2024-08-16T13:30:21.020+0000] {processor.py:208} INFO - Processing /home/airflow/.local/lib/python3.12/site-packages/airflow/example_dags/example_display_name.py took 0.084 seconds
[2024-08-16T13:30:51.422+0000] {processor.py:186} INFO - Started process (PID=7101) to work on /home/airflow/.local/lib/python3.12/site-packages/airflow/example_dags/example_display_name.py
[2024-08-16T13:30:51.423+0000] {processor.py:914} INFO - Processing file /home/airflow/.local/lib/python3.12/site-packages/airflow/example_dags/example_display_name.py for tasks to queue
[2024-08-16T13:30:51.426+0000] {logging_mixin.py:190} INFO - [2024-08-16T13:30:51.426+0000] {dagbag.py:587} INFO - Filling up the DagBag from /home/airflow/.local/lib/python3.12/site-packages/airflow/example_dags/example_display_name.py
[2024-08-16T13:30:51.435+0000] {processor.py:925} INFO - DAG(s) 'example_display_name' retrieved from /home/airflow/.local/lib/python3.12/site-packages/airflow/example_dags/example_display_name.py
[2024-08-16T13:30:51.459+0000] {logging_mixin.py:190} INFO - [2024-08-16T13:30:51.459+0000] {dag.py:3211} INFO - Sync 1 DAGs
[2024-08-16T13:30:51.477+0000] {logging_mixin.py:190} INFO - [2024-08-16T13:30:51.477+0000] {dag.py:4138} INFO - Setting next_dagrun for example_display_name to None, run_after=None
[2024-08-16T13:30:51.495+0000] {processor.py:208} INFO - Processing /home/airflow/.local/lib/python3.12/site-packages/airflow/example_dags/example_display_name.py took 0.080 seconds
[2024-08-16T13:31:22.182+0000] {processor.py:186} INFO - Started process (PID=7387) to work on /home/airflow/.local/lib/python3.12/site-packages/airflow/example_dags/example_display_name.py
[2024-08-16T13:31:22.183+0000] {processor.py:914} INFO - Processing file /home/airflow/.local/lib/python3.12/site-packages/airflow/example_dags/example_display_name.py for tasks to queue
[2024-08-16T13:31:22.186+0000] {logging_mixin.py:190} INFO - [2024-08-16T13:31:22.185+0000] {dagbag.py:587} INFO - Filling up the DagBag from /home/airflow/.local/lib/python3.12/site-packages/airflow/example_dags/example_display_name.py
[2024-08-16T13:31:22.194+0000] {processor.py:925} INFO - DAG(s) 'example_display_name' retrieved from /home/airflow/.local/lib/python3.12/site-packages/airflow/example_dags/example_display_name.py
[2024-08-16T13:31:22.214+0000] {logging_mixin.py:190} INFO - [2024-08-16T13:31:22.214+0000] {dag.py:3211} INFO - Sync 1 DAGs
[2024-08-16T13:31:22.230+0000] {logging_mixin.py:190} INFO - [2024-08-16T13:31:22.230+0000] {dag.py:4138} INFO - Setting next_dagrun for example_display_name to None, run_after=None
[2024-08-16T13:31:22.253+0000] {processor.py:208} INFO - Processing /home/airflow/.local/lib/python3.12/site-packages/airflow/example_dags/example_display_name.py took 0.078 seconds
[2024-08-16T13:31:52.659+0000] {processor.py:186} INFO - Started process (PID=7673) to work on /home/airflow/.local/lib/python3.12/site-packages/airflow/example_dags/example_display_name.py
[2024-08-16T13:31:52.660+0000] {processor.py:914} INFO - Processing file /home/airflow/.local/lib/python3.12/site-packages/airflow/example_dags/example_display_name.py for tasks to queue
[2024-08-16T13:31:52.663+0000] {logging_mixin.py:190} INFO - [2024-08-16T13:31:52.662+0000] {dagbag.py:587} INFO - Filling up the DagBag from /home/airflow/.local/lib/python3.12/site-packages/airflow/example_dags/example_display_name.py
[2024-08-16T13:31:52.671+0000] {processor.py:925} INFO - DAG(s) 'example_display_name' retrieved from /home/airflow/.local/lib/python3.12/site-packages/airflow/example_dags/example_display_name.py
[2024-08-16T13:31:52.691+0000] {logging_mixin.py:190} INFO - [2024-08-16T13:31:52.691+0000] {dag.py:3211} INFO - Sync 1 DAGs
[2024-08-16T13:31:52.707+0000] {logging_mixin.py:190} INFO - [2024-08-16T13:31:52.707+0000] {dag.py:4138} INFO - Setting next_dagrun for example_display_name to None, run_after=None
[2024-08-16T13:31:52.732+0000] {processor.py:208} INFO - Processing /home/airflow/.local/lib/python3.12/site-packages/airflow/example_dags/example_display_name.py took 0.081 seconds
[2024-08-16T13:32:23.246+0000] {processor.py:186} INFO - Started process (PID=7961) to work on /home/airflow/.local/lib/python3.12/site-packages/airflow/example_dags/example_display_name.py
[2024-08-16T13:32:23.248+0000] {processor.py:914} INFO - Processing file /home/airflow/.local/lib/python3.12/site-packages/airflow/example_dags/example_display_name.py for tasks to queue
[2024-08-16T13:32:23.251+0000] {logging_mixin.py:190} INFO - [2024-08-16T13:32:23.250+0000] {dagbag.py:587} INFO - Filling up the DagBag from /home/airflow/.local/lib/python3.12/site-packages/airflow/example_dags/example_display_name.py
[2024-08-16T13:32:23.261+0000] {processor.py:925} INFO - DAG(s) 'example_display_name' retrieved from /home/airflow/.local/lib/python3.12/site-packages/airflow/example_dags/example_display_name.py
[2024-08-16T13:32:23.280+0000] {logging_mixin.py:190} INFO - [2024-08-16T13:32:23.280+0000] {dag.py:3211} INFO - Sync 1 DAGs
[2024-08-16T13:32:23.296+0000] {logging_mixin.py:190} INFO - [2024-08-16T13:32:23.296+0000] {dag.py:4138} INFO - Setting next_dagrun for example_display_name to None, run_after=None
[2024-08-16T13:32:23.315+0000] {processor.py:208} INFO - Processing /home/airflow/.local/lib/python3.12/site-packages/airflow/example_dags/example_display_name.py took 0.076 seconds
[2024-08-16T13:32:53.569+0000] {processor.py:186} INFO - Started process (PID=8247) to work on /home/airflow/.local/lib/python3.12/site-packages/airflow/example_dags/example_display_name.py
[2024-08-16T13:32:53.570+0000] {processor.py:914} INFO - Processing file /home/airflow/.local/lib/python3.12/site-packages/airflow/example_dags/example_display_name.py for tasks to queue
[2024-08-16T13:32:53.572+0000] {logging_mixin.py:190} INFO - [2024-08-16T13:32:53.572+0000] {dagbag.py:587} INFO - Filling up the DagBag from /home/airflow/.local/lib/python3.12/site-packages/airflow/example_dags/example_display_name.py
[2024-08-16T13:32:53.581+0000] {processor.py:925} INFO - DAG(s) 'example_display_name' retrieved from /home/airflow/.local/lib/python3.12/site-packages/airflow/example_dags/example_display_name.py
[2024-08-16T13:32:53.603+0000] {logging_mixin.py:190} INFO - [2024-08-16T13:32:53.602+0000] {dag.py:3211} INFO - Sync 1 DAGs
[2024-08-16T13:32:53.618+0000] {logging_mixin.py:190} INFO - [2024-08-16T13:32:53.618+0000] {dag.py:4138} INFO - Setting next_dagrun for example_display_name to None, run_after=None
[2024-08-16T13:32:53.639+0000] {processor.py:208} INFO - Processing /home/airflow/.local/lib/python3.12/site-packages/airflow/example_dags/example_display_name.py took 0.077 seconds
[2024-08-16T13:33:23.965+0000] {processor.py:186} INFO - Started process (PID=8533) to work on /home/airflow/.local/lib/python3.12/site-packages/airflow/example_dags/example_display_name.py
[2024-08-16T13:33:23.966+0000] {processor.py:914} INFO - Processing file /home/airflow/.local/lib/python3.12/site-packages/airflow/example_dags/example_display_name.py for tasks to queue
[2024-08-16T13:33:23.968+0000] {logging_mixin.py:190} INFO - [2024-08-16T13:33:23.968+0000] {dagbag.py:587} INFO - Filling up the DagBag from /home/airflow/.local/lib/python3.12/site-packages/airflow/example_dags/example_display_name.py
[2024-08-16T13:33:23.976+0000] {processor.py:925} INFO - DAG(s) 'example_display_name' retrieved from /home/airflow/.local/lib/python3.12/site-packages/airflow/example_dags/example_display_name.py
[2024-08-16T13:33:23.998+0000] {logging_mixin.py:190} INFO - [2024-08-16T13:33:23.997+0000] {dag.py:3211} INFO - Sync 1 DAGs
[2024-08-16T13:33:24.015+0000] {logging_mixin.py:190} INFO - [2024-08-16T13:33:24.014+0000] {dag.py:4138} INFO - Setting next_dagrun for example_display_name to None, run_after=None
[2024-08-16T13:33:24.035+0000] {processor.py:208} INFO - Processing /home/airflow/.local/lib/python3.12/site-packages/airflow/example_dags/example_display_name.py took 0.077 seconds
[2024-08-16T13:33:54.356+0000] {processor.py:186} INFO - Started process (PID=8817) to work on /home/airflow/.local/lib/python3.12/site-packages/airflow/example_dags/example_display_name.py
[2024-08-16T13:33:54.358+0000] {processor.py:914} INFO - Processing file /home/airflow/.local/lib/python3.12/site-packages/airflow/example_dags/example_display_name.py for tasks to queue
[2024-08-16T13:33:54.361+0000] {logging_mixin.py:190} INFO - [2024-08-16T13:33:54.361+0000] {dagbag.py:587} INFO - Filling up the DagBag from /home/airflow/.local/lib/python3.12/site-packages/airflow/example_dags/example_display_name.py
[2024-08-16T13:33:54.369+0000] {processor.py:925} INFO - DAG(s) 'example_display_name' retrieved from /home/airflow/.local/lib/python3.12/site-packages/airflow/example_dags/example_display_name.py
[2024-08-16T13:33:54.391+0000] {logging_mixin.py:190} INFO - [2024-08-16T13:33:54.391+0000] {dag.py:3211} INFO - Sync 1 DAGs
[2024-08-16T13:33:54.406+0000] {logging_mixin.py:190} INFO - [2024-08-16T13:33:54.406+0000] {dag.py:4138} INFO - Setting next_dagrun for example_display_name to None, run_after=None
[2024-08-16T13:33:54.425+0000] {processor.py:208} INFO - Processing /home/airflow/.local/lib/python3.12/site-packages/airflow/example_dags/example_display_name.py took 0.076 seconds
[2024-08-16T13:34:24.801+0000] {processor.py:186} INFO - Started process (PID=9105) to work on /home/airflow/.local/lib/python3.12/site-packages/airflow/example_dags/example_display_name.py
[2024-08-16T13:34:24.802+0000] {processor.py:914} INFO - Processing file /home/airflow/.local/lib/python3.12/site-packages/airflow/example_dags/example_display_name.py for tasks to queue
[2024-08-16T13:34:24.805+0000] {logging_mixin.py:190} INFO - [2024-08-16T13:34:24.805+0000] {dagbag.py:587} INFO - Filling up the DagBag from /home/airflow/.local/lib/python3.12/site-packages/airflow/example_dags/example_display_name.py
[2024-08-16T13:34:24.813+0000] {processor.py:925} INFO - DAG(s) 'example_display_name' retrieved from /home/airflow/.local/lib/python3.12/site-packages/airflow/example_dags/example_display_name.py
[2024-08-16T13:34:24.835+0000] {logging_mixin.py:190} INFO - [2024-08-16T13:34:24.835+0000] {dag.py:3211} INFO - Sync 1 DAGs
[2024-08-16T13:34:24.852+0000] {logging_mixin.py:190} INFO - [2024-08-16T13:34:24.852+0000] {dag.py:4138} INFO - Setting next_dagrun for example_display_name to None, run_after=None
[2024-08-16T13:34:24.875+0000] {processor.py:208} INFO - Processing /home/airflow/.local/lib/python3.12/site-packages/airflow/example_dags/example_display_name.py took 0.080 seconds
[2024-08-16T13:34:55.285+0000] {processor.py:186} INFO - Started process (PID=9391) to work on /home/airflow/.local/lib/python3.12/site-packages/airflow/example_dags/example_display_name.py
[2024-08-16T13:34:55.286+0000] {processor.py:914} INFO - Processing file /home/airflow/.local/lib/python3.12/site-packages/airflow/example_dags/example_display_name.py for tasks to queue
[2024-08-16T13:34:55.289+0000] {logging_mixin.py:190} INFO - [2024-08-16T13:34:55.288+0000] {dagbag.py:587} INFO - Filling up the DagBag from /home/airflow/.local/lib/python3.12/site-packages/airflow/example_dags/example_display_name.py
[2024-08-16T13:34:55.296+0000] {processor.py:925} INFO - DAG(s) 'example_display_name' retrieved from /home/airflow/.local/lib/python3.12/site-packages/airflow/example_dags/example_display_name.py
[2024-08-16T13:34:55.319+0000] {logging_mixin.py:190} INFO - [2024-08-16T13:34:55.319+0000] {dag.py:3211} INFO - Sync 1 DAGs
[2024-08-16T13:34:55.337+0000] {logging_mixin.py:190} INFO - [2024-08-16T13:34:55.336+0000] {dag.py:4138} INFO - Setting next_dagrun for example_display_name to None, run_after=None
[2024-08-16T13:34:55.358+0000] {processor.py:208} INFO - Processing /home/airflow/.local/lib/python3.12/site-packages/airflow/example_dags/example_display_name.py took 0.079 seconds
[2024-08-16T13:35:25.699+0000] {processor.py:186} INFO - Started process (PID=9675) to work on /home/airflow/.local/lib/python3.12/site-packages/airflow/example_dags/example_display_name.py
[2024-08-16T13:35:25.701+0000] {processor.py:914} INFO - Processing file /home/airflow/.local/lib/python3.12/site-packages/airflow/example_dags/example_display_name.py for tasks to queue
[2024-08-16T13:35:25.704+0000] {logging_mixin.py:190} INFO - [2024-08-16T13:35:25.704+0000] {dagbag.py:587} INFO - Filling up the DagBag from /home/airflow/.local/lib/python3.12/site-packages/airflow/example_dags/example_display_name.py
[2024-08-16T13:35:25.714+0000] {processor.py:925} INFO - DAG(s) 'example_display_name' retrieved from /home/airflow/.local/lib/python3.12/site-packages/airflow/example_dags/example_display_name.py
[2024-08-16T13:35:25.738+0000] {logging_mixin.py:190} INFO - [2024-08-16T13:35:25.737+0000] {dag.py:3211} INFO - Sync 1 DAGs
[2024-08-16T13:35:25.754+0000] {logging_mixin.py:190} INFO - [2024-08-16T13:35:25.754+0000] {dag.py:4138} INFO - Setting next_dagrun for example_display_name to None, run_after=None
[2024-08-16T13:35:25.775+0000] {processor.py:208} INFO - Processing /home/airflow/.local/lib/python3.12/site-packages/airflow/example_dags/example_display_name.py took 0.082 seconds
[2024-08-16T13:35:56.344+0000] {processor.py:186} INFO - Started process (PID=9961) to work on /home/airflow/.local/lib/python3.12/site-packages/airflow/example_dags/example_display_name.py
[2024-08-16T13:35:56.345+0000] {processor.py:914} INFO - Processing file /home/airflow/.local/lib/python3.12/site-packages/airflow/example_dags/example_display_name.py for tasks to queue
[2024-08-16T13:35:56.348+0000] {logging_mixin.py:190} INFO - [2024-08-16T13:35:56.347+0000] {dagbag.py:587} INFO - Filling up the DagBag from /home/airflow/.local/lib/python3.12/site-packages/airflow/example_dags/example_display_name.py
[2024-08-16T13:35:56.360+0000] {processor.py:925} INFO - DAG(s) 'example_display_name' retrieved from /home/airflow/.local/lib/python3.12/site-packages/airflow/example_dags/example_display_name.py
[2024-08-16T13:35:56.384+0000] {logging_mixin.py:190} INFO - [2024-08-16T13:35:56.384+0000] {dag.py:3211} INFO - Sync 1 DAGs
[2024-08-16T13:35:56.403+0000] {logging_mixin.py:190} INFO - [2024-08-16T13:35:56.402+0000] {dag.py:4138} INFO - Setting next_dagrun for example_display_name to None, run_after=None
[2024-08-16T13:35:56.437+0000] {processor.py:208} INFO - Processing /home/airflow/.local/lib/python3.12/site-packages/airflow/example_dags/example_display_name.py took 0.102 seconds
[2024-08-16T13:36:26.811+0000] {processor.py:186} INFO - Started process (PID=10247) to work on /home/airflow/.local/lib/python3.12/site-packages/airflow/example_dags/example_display_name.py
[2024-08-16T13:36:26.812+0000] {processor.py:914} INFO - Processing file /home/airflow/.local/lib/python3.12/site-packages/airflow/example_dags/example_display_name.py for tasks to queue
[2024-08-16T13:36:26.815+0000] {logging_mixin.py:190} INFO - [2024-08-16T13:36:26.815+0000] {dagbag.py:587} INFO - Filling up the DagBag from /home/airflow/.local/lib/python3.12/site-packages/airflow/example_dags/example_display_name.py
[2024-08-16T13:36:26.825+0000] {processor.py:925} INFO - DAG(s) 'example_display_name' retrieved from /home/airflow/.local/lib/python3.12/site-packages/airflow/example_dags/example_display_name.py
[2024-08-16T13:36:26.850+0000] {logging_mixin.py:190} INFO - [2024-08-16T13:36:26.850+0000] {dag.py:3211} INFO - Sync 1 DAGs
[2024-08-16T13:36:26.870+0000] {logging_mixin.py:190} INFO - [2024-08-16T13:36:26.870+0000] {dag.py:4138} INFO - Setting next_dagrun for example_display_name to None, run_after=None
[2024-08-16T13:36:26.892+0000] {processor.py:208} INFO - Processing /home/airflow/.local/lib/python3.12/site-packages/airflow/example_dags/example_display_name.py took 0.088 seconds
[2024-08-16T13:36:57.251+0000] {processor.py:186} INFO - Started process (PID=10535) to work on /home/airflow/.local/lib/python3.12/site-packages/airflow/example_dags/example_display_name.py
[2024-08-16T13:36:57.252+0000] {processor.py:914} INFO - Processing file /home/airflow/.local/lib/python3.12/site-packages/airflow/example_dags/example_display_name.py for tasks to queue
[2024-08-16T13:36:57.254+0000] {logging_mixin.py:190} INFO - [2024-08-16T13:36:57.254+0000] {dagbag.py:587} INFO - Filling up the DagBag from /home/airflow/.local/lib/python3.12/site-packages/airflow/example_dags/example_display_name.py
[2024-08-16T13:36:57.263+0000] {processor.py:925} INFO - DAG(s) 'example_display_name' retrieved from /home/airflow/.local/lib/python3.12/site-packages/airflow/example_dags/example_display_name.py
[2024-08-16T13:36:57.284+0000] {logging_mixin.py:190} INFO - [2024-08-16T13:36:57.284+0000] {dag.py:3211} INFO - Sync 1 DAGs
[2024-08-16T13:36:57.299+0000] {logging_mixin.py:190} INFO - [2024-08-16T13:36:57.299+0000] {dag.py:4138} INFO - Setting next_dagrun for example_display_name to None, run_after=None
[2024-08-16T13:36:57.318+0000] {processor.py:208} INFO - Processing /home/airflow/.local/lib/python3.12/site-packages/airflow/example_dags/example_display_name.py took 0.074 seconds
[2024-08-16T13:37:27.520+0000] {processor.py:186} INFO - Started process (PID=10820) to work on /home/airflow/.local/lib/python3.12/site-packages/airflow/example_dags/example_display_name.py
[2024-08-16T13:37:27.521+0000] {processor.py:914} INFO - Processing file /home/airflow/.local/lib/python3.12/site-packages/airflow/example_dags/example_display_name.py for tasks to queue
[2024-08-16T13:37:27.524+0000] {logging_mixin.py:190} INFO - [2024-08-16T13:37:27.523+0000] {dagbag.py:587} INFO - Filling up the DagBag from /home/airflow/.local/lib/python3.12/site-packages/airflow/example_dags/example_display_name.py
[2024-08-16T13:37:27.538+0000] {processor.py:925} INFO - DAG(s) 'example_display_name' retrieved from /home/airflow/.local/lib/python3.12/site-packages/airflow/example_dags/example_display_name.py
[2024-08-16T13:37:27.562+0000] {logging_mixin.py:190} INFO - [2024-08-16T13:37:27.562+0000] {dag.py:3211} INFO - Sync 1 DAGs
[2024-08-16T13:37:27.579+0000] {logging_mixin.py:190} INFO - [2024-08-16T13:37:27.579+0000] {dag.py:4138} INFO - Setting next_dagrun for example_display_name to None, run_after=None
[2024-08-16T13:37:27.597+0000] {processor.py:208} INFO - Processing /home/airflow/.local/lib/python3.12/site-packages/airflow/example_dags/example_display_name.py took 0.084 seconds
[2024-08-16T13:37:57.881+0000] {processor.py:186} INFO - Started process (PID=11106) to work on /home/airflow/.local/lib/python3.12/site-packages/airflow/example_dags/example_display_name.py
[2024-08-16T13:37:57.882+0000] {processor.py:914} INFO - Processing file /home/airflow/.local/lib/python3.12/site-packages/airflow/example_dags/example_display_name.py for tasks to queue
[2024-08-16T13:37:57.885+0000] {logging_mixin.py:190} INFO - [2024-08-16T13:37:57.885+0000] {dagbag.py:587} INFO - Filling up the DagBag from /home/airflow/.local/lib/python3.12/site-packages/airflow/example_dags/example_display_name.py
[2024-08-16T13:37:57.895+0000] {processor.py:925} INFO - DAG(s) 'example_display_name' retrieved from /home/airflow/.local/lib/python3.12/site-packages/airflow/example_dags/example_display_name.py
[2024-08-16T13:37:57.916+0000] {logging_mixin.py:190} INFO - [2024-08-16T13:37:57.916+0000] {dag.py:3211} INFO - Sync 1 DAGs
[2024-08-16T13:37:57.933+0000] {logging_mixin.py:190} INFO - [2024-08-16T13:37:57.932+0000] {dag.py:4138} INFO - Setting next_dagrun for example_display_name to None, run_after=None
[2024-08-16T13:37:57.953+0000] {processor.py:208} INFO - Processing /home/airflow/.local/lib/python3.12/site-packages/airflow/example_dags/example_display_name.py took 0.078 seconds
[2024-08-16T13:38:28.354+0000] {processor.py:186} INFO - Started process (PID=11392) to work on /home/airflow/.local/lib/python3.12/site-packages/airflow/example_dags/example_display_name.py
[2024-08-16T13:38:28.355+0000] {processor.py:914} INFO - Processing file /home/airflow/.local/lib/python3.12/site-packages/airflow/example_dags/example_display_name.py for tasks to queue
[2024-08-16T13:38:28.358+0000] {logging_mixin.py:190} INFO - [2024-08-16T13:38:28.358+0000] {dagbag.py:587} INFO - Filling up the DagBag from /home/airflow/.local/lib/python3.12/site-packages/airflow/example_dags/example_display_name.py
[2024-08-16T13:38:28.367+0000] {processor.py:925} INFO - DAG(s) 'example_display_name' retrieved from /home/airflow/.local/lib/python3.12/site-packages/airflow/example_dags/example_display_name.py
[2024-08-16T13:38:28.388+0000] {logging_mixin.py:190} INFO - [2024-08-16T13:38:28.387+0000] {dag.py:3211} INFO - Sync 1 DAGs
[2024-08-16T13:38:28.403+0000] {logging_mixin.py:190} INFO - [2024-08-16T13:38:28.403+0000] {dag.py:4138} INFO - Setting next_dagrun for example_display_name to None, run_after=None
[2024-08-16T13:38:28.425+0000] {processor.py:208} INFO - Processing /home/airflow/.local/lib/python3.12/site-packages/airflow/example_dags/example_display_name.py took 0.078 seconds
[2024-08-16T13:38:58.724+0000] {processor.py:186} INFO - Started process (PID=11678) to work on /home/airflow/.local/lib/python3.12/site-packages/airflow/example_dags/example_display_name.py
[2024-08-16T13:38:58.725+0000] {processor.py:914} INFO - Processing file /home/airflow/.local/lib/python3.12/site-packages/airflow/example_dags/example_display_name.py for tasks to queue
[2024-08-16T13:38:58.728+0000] {logging_mixin.py:190} INFO - [2024-08-16T13:38:58.727+0000] {dagbag.py:587} INFO - Filling up the DagBag from /home/airflow/.local/lib/python3.12/site-packages/airflow/example_dags/example_display_name.py
[2024-08-16T13:38:58.736+0000] {processor.py:925} INFO - DAG(s) 'example_display_name' retrieved from /home/airflow/.local/lib/python3.12/site-packages/airflow/example_dags/example_display_name.py
[2024-08-16T13:38:58.757+0000] {logging_mixin.py:190} INFO - [2024-08-16T13:38:58.757+0000] {dag.py:3211} INFO - Sync 1 DAGs
[2024-08-16T13:38:58.774+0000] {logging_mixin.py:190} INFO - [2024-08-16T13:38:58.773+0000] {dag.py:4138} INFO - Setting next_dagrun for example_display_name to None, run_after=None
[2024-08-16T13:38:58.795+0000] {processor.py:208} INFO - Processing /home/airflow/.local/lib/python3.12/site-packages/airflow/example_dags/example_display_name.py took 0.078 seconds
[2024-08-16T13:39:29.052+0000] {processor.py:186} INFO - Started process (PID=11964) to work on /home/airflow/.local/lib/python3.12/site-packages/airflow/example_dags/example_display_name.py
[2024-08-16T13:39:29.054+0000] {processor.py:914} INFO - Processing file /home/airflow/.local/lib/python3.12/site-packages/airflow/example_dags/example_display_name.py for tasks to queue
[2024-08-16T13:39:29.056+0000] {logging_mixin.py:190} INFO - [2024-08-16T13:39:29.056+0000] {dagbag.py:587} INFO - Filling up the DagBag from /home/airflow/.local/lib/python3.12/site-packages/airflow/example_dags/example_display_name.py
[2024-08-16T13:39:29.065+0000] {processor.py:925} INFO - DAG(s) 'example_display_name' retrieved from /home/airflow/.local/lib/python3.12/site-packages/airflow/example_dags/example_display_name.py
[2024-08-16T13:39:29.090+0000] {logging_mixin.py:190} INFO - [2024-08-16T13:39:29.090+0000] {dag.py:3211} INFO - Sync 1 DAGs
[2024-08-16T13:39:29.108+0000] {logging_mixin.py:190} INFO - [2024-08-16T13:39:29.107+0000] {dag.py:4138} INFO - Setting next_dagrun for example_display_name to None, run_after=None
[2024-08-16T13:39:29.129+0000] {processor.py:208} INFO - Processing /home/airflow/.local/lib/python3.12/site-packages/airflow/example_dags/example_display_name.py took 0.083 seconds
[2024-08-16T13:39:59.995+0000] {processor.py:186} INFO - Started process (PID=12250) to work on /home/airflow/.local/lib/python3.12/site-packages/airflow/example_dags/example_display_name.py
[2024-08-16T13:39:59.996+0000] {processor.py:914} INFO - Processing file /home/airflow/.local/lib/python3.12/site-packages/airflow/example_dags/example_display_name.py for tasks to queue
[2024-08-16T13:39:59.999+0000] {logging_mixin.py:190} INFO - [2024-08-16T13:39:59.998+0000] {dagbag.py:587} INFO - Filling up the DagBag from /home/airflow/.local/lib/python3.12/site-packages/airflow/example_dags/example_display_name.py
[2024-08-16T13:40:00.006+0000] {processor.py:925} INFO - DAG(s) 'example_display_name' retrieved from /home/airflow/.local/lib/python3.12/site-packages/airflow/example_dags/example_display_name.py
[2024-08-16T13:40:00.032+0000] {logging_mixin.py:190} INFO - [2024-08-16T13:40:00.032+0000] {dag.py:3211} INFO - Sync 1 DAGs
[2024-08-16T13:40:00.052+0000] {logging_mixin.py:190} INFO - [2024-08-16T13:40:00.052+0000] {dag.py:4138} INFO - Setting next_dagrun for example_display_name to None, run_after=None
[2024-08-16T13:40:00.074+0000] {processor.py:208} INFO - Processing /home/airflow/.local/lib/python3.12/site-packages/airflow/example_dags/example_display_name.py took 0.086 seconds
[2024-08-16T13:40:30.590+0000] {processor.py:186} INFO - Started process (PID=12538) to work on /home/airflow/.local/lib/python3.12/site-packages/airflow/example_dags/example_display_name.py
[2024-08-16T13:40:30.591+0000] {processor.py:914} INFO - Processing file /home/airflow/.local/lib/python3.12/site-packages/airflow/example_dags/example_display_name.py for tasks to queue
[2024-08-16T13:40:30.594+0000] {logging_mixin.py:190} INFO - [2024-08-16T13:40:30.594+0000] {dagbag.py:587} INFO - Filling up the DagBag from /home/airflow/.local/lib/python3.12/site-packages/airflow/example_dags/example_display_name.py
[2024-08-16T13:40:30.606+0000] {processor.py:925} INFO - DAG(s) 'example_display_name' retrieved from /home/airflow/.local/lib/python3.12/site-packages/airflow/example_dags/example_display_name.py
[2024-08-16T13:40:30.630+0000] {logging_mixin.py:190} INFO - [2024-08-16T13:40:30.630+0000] {dag.py:3211} INFO - Sync 1 DAGs
[2024-08-16T13:40:30.646+0000] {logging_mixin.py:190} INFO - [2024-08-16T13:40:30.646+0000] {dag.py:4138} INFO - Setting next_dagrun for example_display_name to None, run_after=None
[2024-08-16T13:40:30.666+0000] {processor.py:208} INFO - Processing /home/airflow/.local/lib/python3.12/site-packages/airflow/example_dags/example_display_name.py took 0.082 seconds
[2024-08-16T13:41:01.372+0000] {processor.py:186} INFO - Started process (PID=12822) to work on /home/airflow/.local/lib/python3.12/site-packages/airflow/example_dags/example_display_name.py
[2024-08-16T13:41:01.373+0000] {processor.py:914} INFO - Processing file /home/airflow/.local/lib/python3.12/site-packages/airflow/example_dags/example_display_name.py for tasks to queue
[2024-08-16T13:41:01.376+0000] {logging_mixin.py:190} INFO - [2024-08-16T13:41:01.375+0000] {dagbag.py:587} INFO - Filling up the DagBag from /home/airflow/.local/lib/python3.12/site-packages/airflow/example_dags/example_display_name.py
[2024-08-16T13:41:01.384+0000] {processor.py:925} INFO - DAG(s) 'example_display_name' retrieved from /home/airflow/.local/lib/python3.12/site-packages/airflow/example_dags/example_display_name.py
[2024-08-16T13:41:01.406+0000] {logging_mixin.py:190} INFO - [2024-08-16T13:41:01.405+0000] {dag.py:3211} INFO - Sync 1 DAGs
[2024-08-16T13:41:01.422+0000] {logging_mixin.py:190} INFO - [2024-08-16T13:41:01.422+0000] {dag.py:4138} INFO - Setting next_dagrun for example_display_name to None, run_after=None
[2024-08-16T13:41:01.448+0000] {processor.py:208} INFO - Processing /home/airflow/.local/lib/python3.12/site-packages/airflow/example_dags/example_display_name.py took 0.085 seconds
[2024-08-16T13:41:31.938+0000] {processor.py:186} INFO - Started process (PID=13108) to work on /home/airflow/.local/lib/python3.12/site-packages/airflow/example_dags/example_display_name.py
[2024-08-16T13:41:31.939+0000] {processor.py:914} INFO - Processing file /home/airflow/.local/lib/python3.12/site-packages/airflow/example_dags/example_display_name.py for tasks to queue
[2024-08-16T13:41:31.943+0000] {logging_mixin.py:190} INFO - [2024-08-16T13:41:31.942+0000] {dagbag.py:587} INFO - Filling up the DagBag from /home/airflow/.local/lib/python3.12/site-packages/airflow/example_dags/example_display_name.py
[2024-08-16T13:41:31.951+0000] {processor.py:925} INFO - DAG(s) 'example_display_name' retrieved from /home/airflow/.local/lib/python3.12/site-packages/airflow/example_dags/example_display_name.py
[2024-08-16T13:41:31.975+0000] {logging_mixin.py:190} INFO - [2024-08-16T13:41:31.975+0000] {dag.py:3211} INFO - Sync 1 DAGs
[2024-08-16T13:41:31.993+0000] {logging_mixin.py:190} INFO - [2024-08-16T13:41:31.993+0000] {dag.py:4138} INFO - Setting next_dagrun for example_display_name to None, run_after=None
[2024-08-16T13:41:32.013+0000] {processor.py:208} INFO - Processing /home/airflow/.local/lib/python3.12/site-packages/airflow/example_dags/example_display_name.py took 0.082 seconds
[2024-08-16T13:42:02.758+0000] {processor.py:186} INFO - Started process (PID=13396) to work on /home/airflow/.local/lib/python3.12/site-packages/airflow/example_dags/example_display_name.py
[2024-08-16T13:42:02.770+0000] {processor.py:914} INFO - Processing file /home/airflow/.local/lib/python3.12/site-packages/airflow/example_dags/example_display_name.py for tasks to queue
[2024-08-16T13:42:02.774+0000] {logging_mixin.py:190} INFO - [2024-08-16T13:42:02.774+0000] {dagbag.py:587} INFO - Filling up the DagBag from /home/airflow/.local/lib/python3.12/site-packages/airflow/example_dags/example_display_name.py
[2024-08-16T13:42:02.793+0000] {processor.py:925} INFO - DAG(s) 'example_display_name' retrieved from /home/airflow/.local/lib/python3.12/site-packages/airflow/example_dags/example_display_name.py
[2024-08-16T13:42:02.823+0000] {logging_mixin.py:190} INFO - [2024-08-16T13:42:02.823+0000] {dag.py:3211} INFO - Sync 1 DAGs
[2024-08-16T13:42:02.838+0000] {logging_mixin.py:190} INFO - [2024-08-16T13:42:02.837+0000] {dag.py:4138} INFO - Setting next_dagrun for example_display_name to None, run_after=None
[2024-08-16T13:42:02.857+0000] {processor.py:208} INFO - Processing /home/airflow/.local/lib/python3.12/site-packages/airflow/example_dags/example_display_name.py took 0.108 seconds
[2024-08-16T13:42:33.612+0000] {processor.py:186} INFO - Started process (PID=13682) to work on /home/airflow/.local/lib/python3.12/site-packages/airflow/example_dags/example_display_name.py
[2024-08-16T13:42:33.613+0000] {processor.py:914} INFO - Processing file /home/airflow/.local/lib/python3.12/site-packages/airflow/example_dags/example_display_name.py for tasks to queue
[2024-08-16T13:42:33.615+0000] {logging_mixin.py:190} INFO - [2024-08-16T13:42:33.615+0000] {dagbag.py:587} INFO - Filling up the DagBag from /home/airflow/.local/lib/python3.12/site-packages/airflow/example_dags/example_display_name.py
[2024-08-16T13:42:33.623+0000] {processor.py:925} INFO - DAG(s) 'example_display_name' retrieved from /home/airflow/.local/lib/python3.12/site-packages/airflow/example_dags/example_display_name.py
[2024-08-16T13:42:33.645+0000] {logging_mixin.py:190} INFO - [2024-08-16T13:42:33.644+0000] {dag.py:3211} INFO - Sync 1 DAGs
[2024-08-16T13:42:33.660+0000] {logging_mixin.py:190} INFO - [2024-08-16T13:42:33.660+0000] {dag.py:4138} INFO - Setting next_dagrun for example_display_name to None, run_after=None
[2024-08-16T13:42:33.680+0000] {processor.py:208} INFO - Processing /home/airflow/.local/lib/python3.12/site-packages/airflow/example_dags/example_display_name.py took 0.074 seconds
[2024-08-16T13:43:04.532+0000] {processor.py:186} INFO - Started process (PID=13966) to work on /home/airflow/.local/lib/python3.12/site-packages/airflow/example_dags/example_display_name.py
[2024-08-16T13:43:04.534+0000] {processor.py:914} INFO - Processing file /home/airflow/.local/lib/python3.12/site-packages/airflow/example_dags/example_display_name.py for tasks to queue
[2024-08-16T13:43:04.537+0000] {logging_mixin.py:190} INFO - [2024-08-16T13:43:04.537+0000] {dagbag.py:587} INFO - Filling up the DagBag from /home/airflow/.local/lib/python3.12/site-packages/airflow/example_dags/example_display_name.py
[2024-08-16T13:43:04.546+0000] {processor.py:925} INFO - DAG(s) 'example_display_name' retrieved from /home/airflow/.local/lib/python3.12/site-packages/airflow/example_dags/example_display_name.py
[2024-08-16T13:43:04.568+0000] {logging_mixin.py:190} INFO - [2024-08-16T13:43:04.567+0000] {dag.py:3211} INFO - Sync 1 DAGs
[2024-08-16T13:43:04.586+0000] {logging_mixin.py:190} INFO - [2024-08-16T13:43:04.586+0000] {dag.py:4138} INFO - Setting next_dagrun for example_display_name to None, run_after=None
[2024-08-16T13:43:04.606+0000] {processor.py:208} INFO - Processing /home/airflow/.local/lib/python3.12/site-packages/airflow/example_dags/example_display_name.py took 0.082 seconds
[2024-08-16T13:43:35.081+0000] {processor.py:186} INFO - Started process (PID=14252) to work on /home/airflow/.local/lib/python3.12/site-packages/airflow/example_dags/example_display_name.py
[2024-08-16T13:43:35.082+0000] {processor.py:914} INFO - Processing file /home/airflow/.local/lib/python3.12/site-packages/airflow/example_dags/example_display_name.py for tasks to queue
[2024-08-16T13:43:35.085+0000] {logging_mixin.py:190} INFO - [2024-08-16T13:43:35.084+0000] {dagbag.py:587} INFO - Filling up the DagBag from /home/airflow/.local/lib/python3.12/site-packages/airflow/example_dags/example_display_name.py
[2024-08-16T13:43:35.093+0000] {processor.py:925} INFO - DAG(s) 'example_display_name' retrieved from /home/airflow/.local/lib/python3.12/site-packages/airflow/example_dags/example_display_name.py
[2024-08-16T13:43:35.117+0000] {logging_mixin.py:190} INFO - [2024-08-16T13:43:35.116+0000] {dag.py:3211} INFO - Sync 1 DAGs
[2024-08-16T13:43:35.135+0000] {logging_mixin.py:190} INFO - [2024-08-16T13:43:35.134+0000] {dag.py:4138} INFO - Setting next_dagrun for example_display_name to None, run_after=None
[2024-08-16T13:43:35.154+0000] {processor.py:208} INFO - Processing /home/airflow/.local/lib/python3.12/site-packages/airflow/example_dags/example_display_name.py took 0.079 seconds
[2024-08-16T13:44:05.736+0000] {processor.py:186} INFO - Started process (PID=14538) to work on /home/airflow/.local/lib/python3.12/site-packages/airflow/example_dags/example_display_name.py
[2024-08-16T13:44:05.737+0000] {processor.py:914} INFO - Processing file /home/airflow/.local/lib/python3.12/site-packages/airflow/example_dags/example_display_name.py for tasks to queue
[2024-08-16T13:44:05.740+0000] {logging_mixin.py:190} INFO - [2024-08-16T13:44:05.740+0000] {dagbag.py:587} INFO - Filling up the DagBag from /home/airflow/.local/lib/python3.12/site-packages/airflow/example_dags/example_display_name.py
[2024-08-16T13:44:05.748+0000] {processor.py:925} INFO - DAG(s) 'example_display_name' retrieved from /home/airflow/.local/lib/python3.12/site-packages/airflow/example_dags/example_display_name.py
[2024-08-16T13:44:05.770+0000] {logging_mixin.py:190} INFO - [2024-08-16T13:44:05.770+0000] {dag.py:3211} INFO - Sync 1 DAGs
[2024-08-16T13:44:05.787+0000] {logging_mixin.py:190} INFO - [2024-08-16T13:44:05.786+0000] {dag.py:4138} INFO - Setting next_dagrun for example_display_name to None, run_after=None
[2024-08-16T13:44:05.806+0000] {processor.py:208} INFO - Processing /home/airflow/.local/lib/python3.12/site-packages/airflow/example_dags/example_display_name.py took 0.078 seconds
[2024-08-16T13:44:36.331+0000] {processor.py:186} INFO - Started process (PID=14824) to work on /home/airflow/.local/lib/python3.12/site-packages/airflow/example_dags/example_display_name.py
[2024-08-16T13:44:36.332+0000] {processor.py:914} INFO - Processing file /home/airflow/.local/lib/python3.12/site-packages/airflow/example_dags/example_display_name.py for tasks to queue
[2024-08-16T13:44:36.335+0000] {logging_mixin.py:190} INFO - [2024-08-16T13:44:36.334+0000] {dagbag.py:587} INFO - Filling up the DagBag from /home/airflow/.local/lib/python3.12/site-packages/airflow/example_dags/example_display_name.py
[2024-08-16T13:44:36.343+0000] {processor.py:925} INFO - DAG(s) 'example_display_name' retrieved from /home/airflow/.local/lib/python3.12/site-packages/airflow/example_dags/example_display_name.py
[2024-08-16T13:44:36.365+0000] {logging_mixin.py:190} INFO - [2024-08-16T13:44:36.365+0000] {dag.py:3211} INFO - Sync 1 DAGs
[2024-08-16T13:44:36.381+0000] {logging_mixin.py:190} INFO - [2024-08-16T13:44:36.381+0000] {dag.py:4138} INFO - Setting next_dagrun for example_display_name to None, run_after=None
[2024-08-16T13:44:36.399+0000] {processor.py:208} INFO - Processing /home/airflow/.local/lib/python3.12/site-packages/airflow/example_dags/example_display_name.py took 0.075 seconds
[2024-08-16T13:45:06.831+0000] {processor.py:186} INFO - Started process (PID=15110) to work on /home/airflow/.local/lib/python3.12/site-packages/airflow/example_dags/example_display_name.py
[2024-08-16T13:45:06.832+0000] {processor.py:914} INFO - Processing file /home/airflow/.local/lib/python3.12/site-packages/airflow/example_dags/example_display_name.py for tasks to queue
[2024-08-16T13:45:06.836+0000] {logging_mixin.py:190} INFO - [2024-08-16T13:45:06.836+0000] {dagbag.py:587} INFO - Filling up the DagBag from /home/airflow/.local/lib/python3.12/site-packages/airflow/example_dags/example_display_name.py
[2024-08-16T13:45:06.850+0000] {processor.py:925} INFO - DAG(s) 'example_display_name' retrieved from /home/airflow/.local/lib/python3.12/site-packages/airflow/example_dags/example_display_name.py
[2024-08-16T13:45:06.881+0000] {logging_mixin.py:190} INFO - [2024-08-16T13:45:06.881+0000] {dag.py:3211} INFO - Sync 1 DAGs
[2024-08-16T13:45:06.905+0000] {logging_mixin.py:190} INFO - [2024-08-16T13:45:06.904+0000] {dag.py:4138} INFO - Setting next_dagrun for example_display_name to None, run_after=None
[2024-08-16T13:45:06.936+0000] {processor.py:208} INFO - Processing /home/airflow/.local/lib/python3.12/site-packages/airflow/example_dags/example_display_name.py took 0.113 seconds
[2024-08-16T13:45:37.678+0000] {processor.py:186} INFO - Started process (PID=15396) to work on /home/airflow/.local/lib/python3.12/site-packages/airflow/example_dags/example_display_name.py
[2024-08-16T13:45:37.680+0000] {processor.py:914} INFO - Processing file /home/airflow/.local/lib/python3.12/site-packages/airflow/example_dags/example_display_name.py for tasks to queue
[2024-08-16T13:45:37.683+0000] {logging_mixin.py:190} INFO - [2024-08-16T13:45:37.682+0000] {dagbag.py:587} INFO - Filling up the DagBag from /home/airflow/.local/lib/python3.12/site-packages/airflow/example_dags/example_display_name.py
[2024-08-16T13:45:37.693+0000] {processor.py:925} INFO - DAG(s) 'example_display_name' retrieved from /home/airflow/.local/lib/python3.12/site-packages/airflow/example_dags/example_display_name.py
[2024-08-16T13:45:37.719+0000] {logging_mixin.py:190} INFO - [2024-08-16T13:45:37.719+0000] {dag.py:3211} INFO - Sync 1 DAGs
[2024-08-16T13:45:37.744+0000] {logging_mixin.py:190} INFO - [2024-08-16T13:45:37.743+0000] {dag.py:4138} INFO - Setting next_dagrun for example_display_name to None, run_after=None
[2024-08-16T13:45:37.764+0000] {processor.py:208} INFO - Processing /home/airflow/.local/lib/python3.12/site-packages/airflow/example_dags/example_display_name.py took 0.096 seconds
[2024-08-16T13:46:08.593+0000] {processor.py:186} INFO - Started process (PID=15682) to work on /home/airflow/.local/lib/python3.12/site-packages/airflow/example_dags/example_display_name.py
[2024-08-16T13:46:08.594+0000] {processor.py:914} INFO - Processing file /home/airflow/.local/lib/python3.12/site-packages/airflow/example_dags/example_display_name.py for tasks to queue
[2024-08-16T13:46:08.597+0000] {logging_mixin.py:190} INFO - [2024-08-16T13:46:08.596+0000] {dagbag.py:587} INFO - Filling up the DagBag from /home/airflow/.local/lib/python3.12/site-packages/airflow/example_dags/example_display_name.py
[2024-08-16T13:46:08.604+0000] {processor.py:925} INFO - DAG(s) 'example_display_name' retrieved from /home/airflow/.local/lib/python3.12/site-packages/airflow/example_dags/example_display_name.py
[2024-08-16T13:46:08.629+0000] {logging_mixin.py:190} INFO - [2024-08-16T13:46:08.629+0000] {dag.py:3211} INFO - Sync 1 DAGs
[2024-08-16T13:46:08.646+0000] {logging_mixin.py:190} INFO - [2024-08-16T13:46:08.646+0000] {dag.py:4138} INFO - Setting next_dagrun for example_display_name to None, run_after=None
[2024-08-16T13:46:08.670+0000] {processor.py:208} INFO - Processing /home/airflow/.local/lib/python3.12/site-packages/airflow/example_dags/example_display_name.py took 0.084 seconds
[2024-08-16T13:46:39.533+0000] {processor.py:186} INFO - Started process (PID=15968) to work on /home/airflow/.local/lib/python3.12/site-packages/airflow/example_dags/example_display_name.py
[2024-08-16T13:46:39.535+0000] {processor.py:914} INFO - Processing file /home/airflow/.local/lib/python3.12/site-packages/airflow/example_dags/example_display_name.py for tasks to queue
[2024-08-16T13:46:39.539+0000] {logging_mixin.py:190} INFO - [2024-08-16T13:46:39.538+0000] {dagbag.py:587} INFO - Filling up the DagBag from /home/airflow/.local/lib/python3.12/site-packages/airflow/example_dags/example_display_name.py
[2024-08-16T13:46:39.548+0000] {processor.py:925} INFO - DAG(s) 'example_display_name' retrieved from /home/airflow/.local/lib/python3.12/site-packages/airflow/example_dags/example_display_name.py
[2024-08-16T13:46:39.590+0000] {logging_mixin.py:190} INFO - [2024-08-16T13:46:39.582+0000] {dag.py:3211} INFO - Sync 1 DAGs
[2024-08-16T13:46:39.628+0000] {logging_mixin.py:190} INFO - [2024-08-16T13:46:39.628+0000] {dag.py:4138} INFO - Setting next_dagrun for example_display_name to None, run_after=None
[2024-08-16T13:46:39.664+0000] {processor.py:208} INFO - Processing /home/airflow/.local/lib/python3.12/site-packages/airflow/example_dags/example_display_name.py took 0.139 seconds
[2024-08-16T13:47:10.578+0000] {processor.py:186} INFO - Started process (PID=16254) to work on /home/airflow/.local/lib/python3.12/site-packages/airflow/example_dags/example_display_name.py
[2024-08-16T13:47:10.579+0000] {processor.py:914} INFO - Processing file /home/airflow/.local/lib/python3.12/site-packages/airflow/example_dags/example_display_name.py for tasks to queue
[2024-08-16T13:47:10.582+0000] {logging_mixin.py:190} INFO - [2024-08-16T13:47:10.581+0000] {dagbag.py:587} INFO - Filling up the DagBag from /home/airflow/.local/lib/python3.12/site-packages/airflow/example_dags/example_display_name.py
[2024-08-16T13:47:10.590+0000] {processor.py:925} INFO - DAG(s) 'example_display_name' retrieved from /home/airflow/.local/lib/python3.12/site-packages/airflow/example_dags/example_display_name.py
[2024-08-16T13:47:10.610+0000] {logging_mixin.py:190} INFO - [2024-08-16T13:47:10.610+0000] {dag.py:3211} INFO - Sync 1 DAGs
[2024-08-16T13:47:10.626+0000] {logging_mixin.py:190} INFO - [2024-08-16T13:47:10.625+0000] {dag.py:4138} INFO - Setting next_dagrun for example_display_name to None, run_after=None
[2024-08-16T13:47:10.648+0000] {processor.py:208} INFO - Processing /home/airflow/.local/lib/python3.12/site-packages/airflow/example_dags/example_display_name.py took 0.077 seconds
[2024-08-16T13:47:41.388+0000] {processor.py:186} INFO - Started process (PID=16540) to work on /home/airflow/.local/lib/python3.12/site-packages/airflow/example_dags/example_display_name.py
[2024-08-16T13:47:41.389+0000] {processor.py:914} INFO - Processing file /home/airflow/.local/lib/python3.12/site-packages/airflow/example_dags/example_display_name.py for tasks to queue
[2024-08-16T13:47:41.392+0000] {logging_mixin.py:190} INFO - [2024-08-16T13:47:41.391+0000] {dagbag.py:587} INFO - Filling up the DagBag from /home/airflow/.local/lib/python3.12/site-packages/airflow/example_dags/example_display_name.py
[2024-08-16T13:47:41.400+0000] {processor.py:925} INFO - DAG(s) 'example_display_name' retrieved from /home/airflow/.local/lib/python3.12/site-packages/airflow/example_dags/example_display_name.py
[2024-08-16T13:47:41.422+0000] {logging_mixin.py:190} INFO - [2024-08-16T13:47:41.422+0000] {dag.py:3211} INFO - Sync 1 DAGs
[2024-08-16T13:47:41.442+0000] {logging_mixin.py:190} INFO - [2024-08-16T13:47:41.442+0000] {dag.py:4138} INFO - Setting next_dagrun for example_display_name to None, run_after=None
[2024-08-16T13:47:41.472+0000] {processor.py:208} INFO - Processing /home/airflow/.local/lib/python3.12/site-packages/airflow/example_dags/example_display_name.py took 0.091 seconds
[2024-08-16T13:48:12.484+0000] {processor.py:186} INFO - Started process (PID=16827) to work on /home/airflow/.local/lib/python3.12/site-packages/airflow/example_dags/example_display_name.py
[2024-08-16T13:48:12.485+0000] {processor.py:914} INFO - Processing file /home/airflow/.local/lib/python3.12/site-packages/airflow/example_dags/example_display_name.py for tasks to queue
[2024-08-16T13:48:12.487+0000] {logging_mixin.py:190} INFO - [2024-08-16T13:48:12.487+0000] {dagbag.py:587} INFO - Filling up the DagBag from /home/airflow/.local/lib/python3.12/site-packages/airflow/example_dags/example_display_name.py
[2024-08-16T13:48:12.496+0000] {processor.py:925} INFO - DAG(s) 'example_display_name' retrieved from /home/airflow/.local/lib/python3.12/site-packages/airflow/example_dags/example_display_name.py
[2024-08-16T13:48:12.520+0000] {logging_mixin.py:190} INFO - [2024-08-16T13:48:12.520+0000] {dag.py:3211} INFO - Sync 1 DAGs
[2024-08-16T13:48:12.538+0000] {logging_mixin.py:190} INFO - [2024-08-16T13:48:12.537+0000] {dag.py:4138} INFO - Setting next_dagrun for example_display_name to None, run_after=None
[2024-08-16T13:48:12.572+0000] {processor.py:208} INFO - Processing /home/airflow/.local/lib/python3.12/site-packages/airflow/example_dags/example_display_name.py took 0.096 seconds
[2024-08-16T13:48:43.383+0000] {processor.py:186} INFO - Started process (PID=17113) to work on /home/airflow/.local/lib/python3.12/site-packages/airflow/example_dags/example_display_name.py
[2024-08-16T13:48:43.385+0000] {processor.py:914} INFO - Processing file /home/airflow/.local/lib/python3.12/site-packages/airflow/example_dags/example_display_name.py for tasks to queue
[2024-08-16T13:48:43.389+0000] {logging_mixin.py:190} INFO - [2024-08-16T13:48:43.388+0000] {dagbag.py:587} INFO - Filling up the DagBag from /home/airflow/.local/lib/python3.12/site-packages/airflow/example_dags/example_display_name.py
[2024-08-16T13:48:43.400+0000] {processor.py:925} INFO - DAG(s) 'example_display_name' retrieved from /home/airflow/.local/lib/python3.12/site-packages/airflow/example_dags/example_display_name.py
[2024-08-16T13:48:43.431+0000] {logging_mixin.py:190} INFO - [2024-08-16T13:48:43.430+0000] {dag.py:3211} INFO - Sync 1 DAGs
[2024-08-16T13:48:43.457+0000] {logging_mixin.py:190} INFO - [2024-08-16T13:48:43.457+0000] {dag.py:4138} INFO - Setting next_dagrun for example_display_name to None, run_after=None
[2024-08-16T13:48:43.492+0000] {processor.py:208} INFO - Processing /home/airflow/.local/lib/python3.12/site-packages/airflow/example_dags/example_display_name.py took 0.123 seconds
[2024-08-16T13:49:14.204+0000] {processor.py:186} INFO - Started process (PID=17399) to work on /home/airflow/.local/lib/python3.12/site-packages/airflow/example_dags/example_display_name.py
[2024-08-16T13:49:14.205+0000] {processor.py:914} INFO - Processing file /home/airflow/.local/lib/python3.12/site-packages/airflow/example_dags/example_display_name.py for tasks to queue
[2024-08-16T13:49:14.209+0000] {logging_mixin.py:190} INFO - [2024-08-16T13:49:14.208+0000] {dagbag.py:587} INFO - Filling up the DagBag from /home/airflow/.local/lib/python3.12/site-packages/airflow/example_dags/example_display_name.py
[2024-08-16T13:49:14.220+0000] {processor.py:925} INFO - DAG(s) 'example_display_name' retrieved from /home/airflow/.local/lib/python3.12/site-packages/airflow/example_dags/example_display_name.py
[2024-08-16T13:49:14.249+0000] {logging_mixin.py:190} INFO - [2024-08-16T13:49:14.249+0000] {dag.py:3211} INFO - Sync 1 DAGs
[2024-08-16T13:49:14.269+0000] {logging_mixin.py:190} INFO - [2024-08-16T13:49:14.269+0000] {dag.py:4138} INFO - Setting next_dagrun for example_display_name to None, run_after=None
[2024-08-16T13:49:14.300+0000] {processor.py:208} INFO - Processing /home/airflow/.local/lib/python3.12/site-packages/airflow/example_dags/example_display_name.py took 0.105 seconds
[2024-08-16T13:49:45.146+0000] {processor.py:186} INFO - Started process (PID=17685) to work on /home/airflow/.local/lib/python3.12/site-packages/airflow/example_dags/example_display_name.py
[2024-08-16T13:49:45.147+0000] {processor.py:914} INFO - Processing file /home/airflow/.local/lib/python3.12/site-packages/airflow/example_dags/example_display_name.py for tasks to queue
[2024-08-16T13:49:45.150+0000] {logging_mixin.py:190} INFO - [2024-08-16T13:49:45.149+0000] {dagbag.py:587} INFO - Filling up the DagBag from /home/airflow/.local/lib/python3.12/site-packages/airflow/example_dags/example_display_name.py
[2024-08-16T13:49:45.160+0000] {processor.py:925} INFO - DAG(s) 'example_display_name' retrieved from /home/airflow/.local/lib/python3.12/site-packages/airflow/example_dags/example_display_name.py
[2024-08-16T13:49:45.183+0000] {logging_mixin.py:190} INFO - [2024-08-16T13:49:45.183+0000] {dag.py:3211} INFO - Sync 1 DAGs
[2024-08-16T13:49:45.431+0000] {logging_mixin.py:190} INFO - [2024-08-16T13:49:45.430+0000] {dag.py:4138} INFO - Setting next_dagrun for example_display_name to None, run_after=None
[2024-08-16T13:49:45.451+0000] {processor.py:208} INFO - Processing /home/airflow/.local/lib/python3.12/site-packages/airflow/example_dags/example_display_name.py took 0.313 seconds
[2024-08-16T13:50:16.127+0000] {processor.py:186} INFO - Started process (PID=17973) to work on /home/airflow/.local/lib/python3.12/site-packages/airflow/example_dags/example_display_name.py
[2024-08-16T13:50:16.128+0000] {processor.py:914} INFO - Processing file /home/airflow/.local/lib/python3.12/site-packages/airflow/example_dags/example_display_name.py for tasks to queue
[2024-08-16T13:50:16.130+0000] {logging_mixin.py:190} INFO - [2024-08-16T13:50:16.130+0000] {dagbag.py:587} INFO - Filling up the DagBag from /home/airflow/.local/lib/python3.12/site-packages/airflow/example_dags/example_display_name.py
[2024-08-16T13:50:16.139+0000] {processor.py:925} INFO - DAG(s) 'example_display_name' retrieved from /home/airflow/.local/lib/python3.12/site-packages/airflow/example_dags/example_display_name.py
[2024-08-16T13:50:16.161+0000] {logging_mixin.py:190} INFO - [2024-08-16T13:50:16.160+0000] {dag.py:3211} INFO - Sync 1 DAGs
[2024-08-16T13:50:16.176+0000] {logging_mixin.py:190} INFO - [2024-08-16T13:50:16.176+0000] {dag.py:4138} INFO - Setting next_dagrun for example_display_name to None, run_after=None
[2024-08-16T13:50:16.197+0000] {processor.py:208} INFO - Processing /home/airflow/.local/lib/python3.12/site-packages/airflow/example_dags/example_display_name.py took 0.077 seconds
