[2024-08-16T13:18:39.176+0000] {processor.py:186} INFO - Started process (PID=244) to work on /home/airflow/.local/lib/python3.12/site-packages/airflow/example_dags/example_bash_operator.py
[2024-08-16T13:18:39.178+0000] {processor.py:914} INFO - Processing file /home/airflow/.local/lib/python3.12/site-packages/airflow/example_dags/example_bash_operator.py for tasks to queue
[2024-08-16T13:18:39.180+0000] {logging_mixin.py:190} INFO - [2024-08-16T13:18:39.180+0000] {dagbag.py:587} INFO - Filling up the DagBag from /home/airflow/.local/lib/python3.12/site-packages/airflow/example_dags/example_bash_operator.py
[2024-08-16T13:18:39.197+0000] {processor.py:925} INFO - DAG(s) 'example_bash_operator' retrieved from /home/airflow/.local/lib/python3.12/site-packages/airflow/example_dags/example_bash_operator.py
[2024-08-16T13:18:39.337+0000] {logging_mixin.py:190} INFO - [2024-08-16T13:18:39.336+0000] {override.py:1858} INFO - Created Permission View: can read on DAG:example_bash_operator
[2024-08-16T13:18:39.350+0000] {logging_mixin.py:190} INFO - [2024-08-16T13:18:39.350+0000] {override.py:1858} INFO - Created Permission View: can edit on DAG:example_bash_operator
[2024-08-16T13:18:39.357+0000] {logging_mixin.py:190} INFO - [2024-08-16T13:18:39.357+0000] {override.py:1858} INFO - Created Permission View: can delete on DAG:example_bash_operator
[2024-08-16T13:18:39.358+0000] {logging_mixin.py:190} INFO - [2024-08-16T13:18:39.358+0000] {dag.py:3211} INFO - Sync 1 DAGs
[2024-08-16T13:18:39.373+0000] {logging_mixin.py:190} INFO - [2024-08-16T13:18:39.373+0000] {dag.py:3234} INFO - Creating ORM DAG for example_bash_operator
[2024-08-16T13:18:39.386+0000] {logging_mixin.py:190} INFO - [2024-08-16T13:18:39.386+0000] {dag.py:4138} INFO - Setting next_dagrun for example_bash_operator to 2024-08-15 00:00:00+00:00, run_after=2024-08-16 00:00:00+00:00
[2024-08-16T13:18:39.409+0000] {processor.py:208} INFO - Processing /home/airflow/.local/lib/python3.12/site-packages/airflow/example_dags/example_bash_operator.py took 0.239 seconds
[2024-08-16T13:19:10.276+0000] {processor.py:186} INFO - Started process (PID=530) to work on /home/airflow/.local/lib/python3.12/site-packages/airflow/example_dags/example_bash_operator.py
[2024-08-16T13:19:10.278+0000] {processor.py:914} INFO - Processing file /home/airflow/.local/lib/python3.12/site-packages/airflow/example_dags/example_bash_operator.py for tasks to queue
[2024-08-16T13:19:10.280+0000] {logging_mixin.py:190} INFO - [2024-08-16T13:19:10.280+0000] {dagbag.py:587} INFO - Filling up the DagBag from /home/airflow/.local/lib/python3.12/site-packages/airflow/example_dags/example_bash_operator.py
[2024-08-16T13:19:10.295+0000] {processor.py:925} INFO - DAG(s) 'example_bash_operator' retrieved from /home/airflow/.local/lib/python3.12/site-packages/airflow/example_dags/example_bash_operator.py
[2024-08-16T13:19:10.325+0000] {logging_mixin.py:190} INFO - [2024-08-16T13:19:10.325+0000] {dag.py:3211} INFO - Sync 1 DAGs
[2024-08-16T13:19:10.351+0000] {logging_mixin.py:190} INFO - [2024-08-16T13:19:10.351+0000] {dag.py:4138} INFO - Setting next_dagrun for example_bash_operator to 2024-08-15 00:00:00+00:00, run_after=2024-08-16 00:00:00+00:00
[2024-08-16T13:19:10.371+0000] {processor.py:208} INFO - Processing /home/airflow/.local/lib/python3.12/site-packages/airflow/example_dags/example_bash_operator.py took 0.101 seconds
[2024-08-16T13:19:40.849+0000] {processor.py:186} INFO - Started process (PID=816) to work on /home/airflow/.local/lib/python3.12/site-packages/airflow/example_dags/example_bash_operator.py
[2024-08-16T13:19:40.851+0000] {processor.py:914} INFO - Processing file /home/airflow/.local/lib/python3.12/site-packages/airflow/example_dags/example_bash_operator.py for tasks to queue
[2024-08-16T13:19:40.855+0000] {logging_mixin.py:190} INFO - [2024-08-16T13:19:40.854+0000] {dagbag.py:587} INFO - Filling up the DagBag from /home/airflow/.local/lib/python3.12/site-packages/airflow/example_dags/example_bash_operator.py
[2024-08-16T13:19:40.877+0000] {processor.py:925} INFO - DAG(s) 'example_bash_operator' retrieved from /home/airflow/.local/lib/python3.12/site-packages/airflow/example_dags/example_bash_operator.py
[2024-08-16T13:19:40.935+0000] {logging_mixin.py:190} INFO - [2024-08-16T13:19:40.935+0000] {dag.py:3211} INFO - Sync 1 DAGs
[2024-08-16T13:19:40.977+0000] {logging_mixin.py:190} INFO - [2024-08-16T13:19:40.976+0000] {dag.py:4138} INFO - Setting next_dagrun for example_bash_operator to 2024-08-15 00:00:00+00:00, run_after=2024-08-16 00:00:00+00:00
[2024-08-16T13:19:41.005+0000] {processor.py:208} INFO - Processing /home/airflow/.local/lib/python3.12/site-packages/airflow/example_dags/example_bash_operator.py took 0.176 seconds
[2024-08-16T13:20:11.689+0000] {processor.py:186} INFO - Started process (PID=1102) to work on /home/airflow/.local/lib/python3.12/site-packages/airflow/example_dags/example_bash_operator.py
[2024-08-16T13:20:11.690+0000] {processor.py:914} INFO - Processing file /home/airflow/.local/lib/python3.12/site-packages/airflow/example_dags/example_bash_operator.py for tasks to queue
[2024-08-16T13:20:11.693+0000] {logging_mixin.py:190} INFO - [2024-08-16T13:20:11.693+0000] {dagbag.py:587} INFO - Filling up the DagBag from /home/airflow/.local/lib/python3.12/site-packages/airflow/example_dags/example_bash_operator.py
[2024-08-16T13:20:11.707+0000] {processor.py:925} INFO - DAG(s) 'example_bash_operator' retrieved from /home/airflow/.local/lib/python3.12/site-packages/airflow/example_dags/example_bash_operator.py
[2024-08-16T13:20:11.737+0000] {logging_mixin.py:190} INFO - [2024-08-16T13:20:11.736+0000] {dag.py:3211} INFO - Sync 1 DAGs
[2024-08-16T13:20:11.762+0000] {logging_mixin.py:190} INFO - [2024-08-16T13:20:11.762+0000] {dag.py:4138} INFO - Setting next_dagrun for example_bash_operator to 2024-08-15 00:00:00+00:00, run_after=2024-08-16 00:00:00+00:00
[2024-08-16T13:20:11.782+0000] {processor.py:208} INFO - Processing /home/airflow/.local/lib/python3.12/site-packages/airflow/example_dags/example_bash_operator.py took 0.100 seconds
[2024-08-16T13:20:42.129+0000] {processor.py:186} INFO - Started process (PID=1388) to work on /home/airflow/.local/lib/python3.12/site-packages/airflow/example_dags/example_bash_operator.py
[2024-08-16T13:20:42.130+0000] {processor.py:914} INFO - Processing file /home/airflow/.local/lib/python3.12/site-packages/airflow/example_dags/example_bash_operator.py for tasks to queue
[2024-08-16T13:20:42.132+0000] {logging_mixin.py:190} INFO - [2024-08-16T13:20:42.132+0000] {dagbag.py:587} INFO - Filling up the DagBag from /home/airflow/.local/lib/python3.12/site-packages/airflow/example_dags/example_bash_operator.py
[2024-08-16T13:20:42.146+0000] {processor.py:925} INFO - DAG(s) 'example_bash_operator' retrieved from /home/airflow/.local/lib/python3.12/site-packages/airflow/example_dags/example_bash_operator.py
[2024-08-16T13:20:42.176+0000] {logging_mixin.py:190} INFO - [2024-08-16T13:20:42.175+0000] {dag.py:3211} INFO - Sync 1 DAGs
[2024-08-16T13:20:42.200+0000] {logging_mixin.py:190} INFO - [2024-08-16T13:20:42.200+0000] {dag.py:4138} INFO - Setting next_dagrun for example_bash_operator to 2024-08-15 00:00:00+00:00, run_after=2024-08-16 00:00:00+00:00
[2024-08-16T13:20:42.220+0000] {processor.py:208} INFO - Processing /home/airflow/.local/lib/python3.12/site-packages/airflow/example_dags/example_bash_operator.py took 0.098 seconds
[2024-08-16T13:21:12.671+0000] {processor.py:186} INFO - Started process (PID=1674) to work on /home/airflow/.local/lib/python3.12/site-packages/airflow/example_dags/example_bash_operator.py
[2024-08-16T13:21:12.672+0000] {processor.py:914} INFO - Processing file /home/airflow/.local/lib/python3.12/site-packages/airflow/example_dags/example_bash_operator.py for tasks to queue
[2024-08-16T13:21:12.675+0000] {logging_mixin.py:190} INFO - [2024-08-16T13:21:12.675+0000] {dagbag.py:587} INFO - Filling up the DagBag from /home/airflow/.local/lib/python3.12/site-packages/airflow/example_dags/example_bash_operator.py
[2024-08-16T13:21:12.691+0000] {processor.py:925} INFO - DAG(s) 'example_bash_operator' retrieved from /home/airflow/.local/lib/python3.12/site-packages/airflow/example_dags/example_bash_operator.py
[2024-08-16T13:21:12.721+0000] {logging_mixin.py:190} INFO - [2024-08-16T13:21:12.720+0000] {dag.py:3211} INFO - Sync 1 DAGs
[2024-08-16T13:21:12.746+0000] {logging_mixin.py:190} INFO - [2024-08-16T13:21:12.746+0000] {dag.py:4138} INFO - Setting next_dagrun for example_bash_operator to 2024-08-15 00:00:00+00:00, run_after=2024-08-16 00:00:00+00:00
[2024-08-16T13:21:12.768+0000] {processor.py:208} INFO - Processing /home/airflow/.local/lib/python3.12/site-packages/airflow/example_dags/example_bash_operator.py took 0.105 seconds
[2024-08-16T13:21:42.987+0000] {processor.py:186} INFO - Started process (PID=1960) to work on /home/airflow/.local/lib/python3.12/site-packages/airflow/example_dags/example_bash_operator.py
[2024-08-16T13:21:42.988+0000] {processor.py:914} INFO - Processing file /home/airflow/.local/lib/python3.12/site-packages/airflow/example_dags/example_bash_operator.py for tasks to queue
[2024-08-16T13:21:42.990+0000] {logging_mixin.py:190} INFO - [2024-08-16T13:21:42.989+0000] {dagbag.py:587} INFO - Filling up the DagBag from /home/airflow/.local/lib/python3.12/site-packages/airflow/example_dags/example_bash_operator.py
[2024-08-16T13:21:43.004+0000] {processor.py:925} INFO - DAG(s) 'example_bash_operator' retrieved from /home/airflow/.local/lib/python3.12/site-packages/airflow/example_dags/example_bash_operator.py
[2024-08-16T13:21:43.035+0000] {logging_mixin.py:190} INFO - [2024-08-16T13:21:43.034+0000] {dag.py:3211} INFO - Sync 1 DAGs
[2024-08-16T13:21:43.062+0000] {logging_mixin.py:190} INFO - [2024-08-16T13:21:43.061+0000] {dag.py:4138} INFO - Setting next_dagrun for example_bash_operator to 2024-08-15 00:00:00+00:00, run_after=2024-08-16 00:00:00+00:00
[2024-08-16T13:21:43.082+0000] {processor.py:208} INFO - Processing /home/airflow/.local/lib/python3.12/site-packages/airflow/example_dags/example_bash_operator.py took 0.102 seconds
[2024-08-16T13:22:13.560+0000] {processor.py:186} INFO - Started process (PID=2246) to work on /home/airflow/.local/lib/python3.12/site-packages/airflow/example_dags/example_bash_operator.py
[2024-08-16T13:22:13.561+0000] {processor.py:914} INFO - Processing file /home/airflow/.local/lib/python3.12/site-packages/airflow/example_dags/example_bash_operator.py for tasks to queue
[2024-08-16T13:22:13.564+0000] {logging_mixin.py:190} INFO - [2024-08-16T13:22:13.563+0000] {dagbag.py:587} INFO - Filling up the DagBag from /home/airflow/.local/lib/python3.12/site-packages/airflow/example_dags/example_bash_operator.py
[2024-08-16T13:22:13.579+0000] {processor.py:925} INFO - DAG(s) 'example_bash_operator' retrieved from /home/airflow/.local/lib/python3.12/site-packages/airflow/example_dags/example_bash_operator.py
[2024-08-16T13:22:13.609+0000] {logging_mixin.py:190} INFO - [2024-08-16T13:22:13.609+0000] {dag.py:3211} INFO - Sync 1 DAGs
[2024-08-16T13:22:13.636+0000] {logging_mixin.py:190} INFO - [2024-08-16T13:22:13.636+0000] {dag.py:4138} INFO - Setting next_dagrun for example_bash_operator to 2024-08-15 00:00:00+00:00, run_after=2024-08-16 00:00:00+00:00
[2024-08-16T13:22:13.658+0000] {processor.py:208} INFO - Processing /home/airflow/.local/lib/python3.12/site-packages/airflow/example_dags/example_bash_operator.py took 0.104 seconds
[2024-08-16T13:22:44.617+0000] {processor.py:186} INFO - Started process (PID=2532) to work on /home/airflow/.local/lib/python3.12/site-packages/airflow/example_dags/example_bash_operator.py
[2024-08-16T13:22:44.618+0000] {processor.py:914} INFO - Processing file /home/airflow/.local/lib/python3.12/site-packages/airflow/example_dags/example_bash_operator.py for tasks to queue
[2024-08-16T13:22:44.621+0000] {logging_mixin.py:190} INFO - [2024-08-16T13:22:44.620+0000] {dagbag.py:587} INFO - Filling up the DagBag from /home/airflow/.local/lib/python3.12/site-packages/airflow/example_dags/example_bash_operator.py
[2024-08-16T13:22:44.636+0000] {processor.py:925} INFO - DAG(s) 'example_bash_operator' retrieved from /home/airflow/.local/lib/python3.12/site-packages/airflow/example_dags/example_bash_operator.py
[2024-08-16T13:22:44.667+0000] {logging_mixin.py:190} INFO - [2024-08-16T13:22:44.667+0000] {dag.py:3211} INFO - Sync 1 DAGs
[2024-08-16T13:22:44.694+0000] {logging_mixin.py:190} INFO - [2024-08-16T13:22:44.694+0000] {dag.py:4138} INFO - Setting next_dagrun for example_bash_operator to 2024-08-15 00:00:00+00:00, run_after=2024-08-16 00:00:00+00:00
[2024-08-16T13:22:44.715+0000] {processor.py:208} INFO - Processing /home/airflow/.local/lib/python3.12/site-packages/airflow/example_dags/example_bash_operator.py took 0.104 seconds
[2024-08-16T13:23:15.054+0000] {processor.py:186} INFO - Started process (PID=2818) to work on /home/airflow/.local/lib/python3.12/site-packages/airflow/example_dags/example_bash_operator.py
[2024-08-16T13:23:15.055+0000] {processor.py:914} INFO - Processing file /home/airflow/.local/lib/python3.12/site-packages/airflow/example_dags/example_bash_operator.py for tasks to queue
[2024-08-16T13:23:15.058+0000] {logging_mixin.py:190} INFO - [2024-08-16T13:23:15.058+0000] {dagbag.py:587} INFO - Filling up the DagBag from /home/airflow/.local/lib/python3.12/site-packages/airflow/example_dags/example_bash_operator.py
[2024-08-16T13:23:15.071+0000] {processor.py:925} INFO - DAG(s) 'example_bash_operator' retrieved from /home/airflow/.local/lib/python3.12/site-packages/airflow/example_dags/example_bash_operator.py
[2024-08-16T13:23:15.104+0000] {logging_mixin.py:190} INFO - [2024-08-16T13:23:15.104+0000] {dag.py:3211} INFO - Sync 1 DAGs
[2024-08-16T13:23:15.130+0000] {logging_mixin.py:190} INFO - [2024-08-16T13:23:15.130+0000] {dag.py:4138} INFO - Setting next_dagrun for example_bash_operator to 2024-08-15 00:00:00+00:00, run_after=2024-08-16 00:00:00+00:00
[2024-08-16T13:23:15.151+0000] {processor.py:208} INFO - Processing /home/airflow/.local/lib/python3.12/site-packages/airflow/example_dags/example_bash_operator.py took 0.104 seconds
[2024-08-16T13:23:45.469+0000] {processor.py:186} INFO - Started process (PID=3104) to work on /home/airflow/.local/lib/python3.12/site-packages/airflow/example_dags/example_bash_operator.py
[2024-08-16T13:23:45.470+0000] {processor.py:914} INFO - Processing file /home/airflow/.local/lib/python3.12/site-packages/airflow/example_dags/example_bash_operator.py for tasks to queue
[2024-08-16T13:23:45.473+0000] {logging_mixin.py:190} INFO - [2024-08-16T13:23:45.472+0000] {dagbag.py:587} INFO - Filling up the DagBag from /home/airflow/.local/lib/python3.12/site-packages/airflow/example_dags/example_bash_operator.py
[2024-08-16T13:23:45.487+0000] {processor.py:925} INFO - DAG(s) 'example_bash_operator' retrieved from /home/airflow/.local/lib/python3.12/site-packages/airflow/example_dags/example_bash_operator.py
[2024-08-16T13:23:45.518+0000] {logging_mixin.py:190} INFO - [2024-08-16T13:23:45.517+0000] {dag.py:3211} INFO - Sync 1 DAGs
[2024-08-16T13:23:45.544+0000] {logging_mixin.py:190} INFO - [2024-08-16T13:23:45.544+0000] {dag.py:4138} INFO - Setting next_dagrun for example_bash_operator to 2024-08-15 00:00:00+00:00, run_after=2024-08-16 00:00:00+00:00
[2024-08-16T13:23:45.565+0000] {processor.py:208} INFO - Processing /home/airflow/.local/lib/python3.12/site-packages/airflow/example_dags/example_bash_operator.py took 0.102 seconds
[2024-08-16T13:24:15.796+0000] {processor.py:186} INFO - Started process (PID=3396) to work on /home/airflow/.local/lib/python3.12/site-packages/airflow/example_dags/example_bash_operator.py
[2024-08-16T13:24:15.797+0000] {processor.py:914} INFO - Processing file /home/airflow/.local/lib/python3.12/site-packages/airflow/example_dags/example_bash_operator.py for tasks to queue
[2024-08-16T13:24:15.800+0000] {logging_mixin.py:190} INFO - [2024-08-16T13:24:15.799+0000] {dagbag.py:587} INFO - Filling up the DagBag from /home/airflow/.local/lib/python3.12/site-packages/airflow/example_dags/example_bash_operator.py
[2024-08-16T13:24:15.813+0000] {processor.py:925} INFO - DAG(s) 'example_bash_operator' retrieved from /home/airflow/.local/lib/python3.12/site-packages/airflow/example_dags/example_bash_operator.py
[2024-08-16T13:24:15.845+0000] {logging_mixin.py:190} INFO - [2024-08-16T13:24:15.844+0000] {dag.py:3211} INFO - Sync 1 DAGs
[2024-08-16T13:24:15.880+0000] {logging_mixin.py:190} INFO - [2024-08-16T13:24:15.879+0000] {dag.py:4138} INFO - Setting next_dagrun for example_bash_operator to 2024-08-15 00:00:00+00:00, run_after=2024-08-16 00:00:00+00:00
[2024-08-16T13:24:15.913+0000] {processor.py:208} INFO - Processing /home/airflow/.local/lib/python3.12/site-packages/airflow/example_dags/example_bash_operator.py took 0.123 seconds
[2024-08-16T13:24:46.875+0000] {processor.py:186} INFO - Started process (PID=3682) to work on /home/airflow/.local/lib/python3.12/site-packages/airflow/example_dags/example_bash_operator.py
[2024-08-16T13:24:46.876+0000] {processor.py:914} INFO - Processing file /home/airflow/.local/lib/python3.12/site-packages/airflow/example_dags/example_bash_operator.py for tasks to queue
[2024-08-16T13:24:46.879+0000] {logging_mixin.py:190} INFO - [2024-08-16T13:24:46.878+0000] {dagbag.py:587} INFO - Filling up the DagBag from /home/airflow/.local/lib/python3.12/site-packages/airflow/example_dags/example_bash_operator.py
[2024-08-16T13:24:46.893+0000] {processor.py:925} INFO - DAG(s) 'example_bash_operator' retrieved from /home/airflow/.local/lib/python3.12/site-packages/airflow/example_dags/example_bash_operator.py
[2024-08-16T13:24:46.923+0000] {logging_mixin.py:190} INFO - [2024-08-16T13:24:46.923+0000] {dag.py:3211} INFO - Sync 1 DAGs
[2024-08-16T13:24:46.948+0000] {logging_mixin.py:190} INFO - [2024-08-16T13:24:46.948+0000] {dag.py:4138} INFO - Setting next_dagrun for example_bash_operator to 2024-08-15 00:00:00+00:00, run_after=2024-08-16 00:00:00+00:00
[2024-08-16T13:24:46.970+0000] {processor.py:208} INFO - Processing /home/airflow/.local/lib/python3.12/site-packages/airflow/example_dags/example_bash_operator.py took 0.101 seconds
[2024-08-16T13:25:17.397+0000] {processor.py:186} INFO - Started process (PID=3968) to work on /home/airflow/.local/lib/python3.12/site-packages/airflow/example_dags/example_bash_operator.py
[2024-08-16T13:25:17.398+0000] {processor.py:914} INFO - Processing file /home/airflow/.local/lib/python3.12/site-packages/airflow/example_dags/example_bash_operator.py for tasks to queue
[2024-08-16T13:25:17.402+0000] {logging_mixin.py:190} INFO - [2024-08-16T13:25:17.401+0000] {dagbag.py:587} INFO - Filling up the DagBag from /home/airflow/.local/lib/python3.12/site-packages/airflow/example_dags/example_bash_operator.py
[2024-08-16T13:25:17.416+0000] {processor.py:925} INFO - DAG(s) 'example_bash_operator' retrieved from /home/airflow/.local/lib/python3.12/site-packages/airflow/example_dags/example_bash_operator.py
[2024-08-16T13:25:17.453+0000] {logging_mixin.py:190} INFO - [2024-08-16T13:25:17.453+0000] {dag.py:3211} INFO - Sync 1 DAGs
[2024-08-16T13:25:17.481+0000] {logging_mixin.py:190} INFO - [2024-08-16T13:25:17.481+0000] {dag.py:4138} INFO - Setting next_dagrun for example_bash_operator to 2024-08-15 00:00:00+00:00, run_after=2024-08-16 00:00:00+00:00
[2024-08-16T13:25:17.504+0000] {processor.py:208} INFO - Processing /home/airflow/.local/lib/python3.12/site-packages/airflow/example_dags/example_bash_operator.py took 0.113 seconds
[2024-08-16T13:25:47.766+0000] {processor.py:186} INFO - Started process (PID=4254) to work on /home/airflow/.local/lib/python3.12/site-packages/airflow/example_dags/example_bash_operator.py
[2024-08-16T13:25:47.768+0000] {processor.py:914} INFO - Processing file /home/airflow/.local/lib/python3.12/site-packages/airflow/example_dags/example_bash_operator.py for tasks to queue
[2024-08-16T13:25:47.770+0000] {logging_mixin.py:190} INFO - [2024-08-16T13:25:47.770+0000] {dagbag.py:587} INFO - Filling up the DagBag from /home/airflow/.local/lib/python3.12/site-packages/airflow/example_dags/example_bash_operator.py
[2024-08-16T13:25:47.784+0000] {processor.py:925} INFO - DAG(s) 'example_bash_operator' retrieved from /home/airflow/.local/lib/python3.12/site-packages/airflow/example_dags/example_bash_operator.py
[2024-08-16T13:25:47.812+0000] {logging_mixin.py:190} INFO - [2024-08-16T13:25:47.812+0000] {dag.py:3211} INFO - Sync 1 DAGs
[2024-08-16T13:25:47.838+0000] {logging_mixin.py:190} INFO - [2024-08-16T13:25:47.838+0000] {dag.py:4138} INFO - Setting next_dagrun for example_bash_operator to 2024-08-15 00:00:00+00:00, run_after=2024-08-16 00:00:00+00:00
[2024-08-16T13:25:47.857+0000] {processor.py:208} INFO - Processing /home/airflow/.local/lib/python3.12/site-packages/airflow/example_dags/example_bash_operator.py took 0.097 seconds
[2024-08-16T13:26:18.158+0000] {processor.py:186} INFO - Started process (PID=4540) to work on /home/airflow/.local/lib/python3.12/site-packages/airflow/example_dags/example_bash_operator.py
[2024-08-16T13:26:18.159+0000] {processor.py:914} INFO - Processing file /home/airflow/.local/lib/python3.12/site-packages/airflow/example_dags/example_bash_operator.py for tasks to queue
[2024-08-16T13:26:18.161+0000] {logging_mixin.py:190} INFO - [2024-08-16T13:26:18.161+0000] {dagbag.py:587} INFO - Filling up the DagBag from /home/airflow/.local/lib/python3.12/site-packages/airflow/example_dags/example_bash_operator.py
[2024-08-16T13:26:18.175+0000] {processor.py:925} INFO - DAG(s) 'example_bash_operator' retrieved from /home/airflow/.local/lib/python3.12/site-packages/airflow/example_dags/example_bash_operator.py
[2024-08-16T13:26:18.204+0000] {logging_mixin.py:190} INFO - [2024-08-16T13:26:18.204+0000] {dag.py:3211} INFO - Sync 1 DAGs
[2024-08-16T13:26:18.229+0000] {logging_mixin.py:190} INFO - [2024-08-16T13:26:18.229+0000] {dag.py:4138} INFO - Setting next_dagrun for example_bash_operator to 2024-08-15 00:00:00+00:00, run_after=2024-08-16 00:00:00+00:00
[2024-08-16T13:26:18.251+0000] {processor.py:208} INFO - Processing /home/airflow/.local/lib/python3.12/site-packages/airflow/example_dags/example_bash_operator.py took 0.099 seconds
[2024-08-16T13:26:48.753+0000] {processor.py:186} INFO - Started process (PID=4826) to work on /home/airflow/.local/lib/python3.12/site-packages/airflow/example_dags/example_bash_operator.py
[2024-08-16T13:26:48.756+0000] {processor.py:914} INFO - Processing file /home/airflow/.local/lib/python3.12/site-packages/airflow/example_dags/example_bash_operator.py for tasks to queue
[2024-08-16T13:26:48.760+0000] {logging_mixin.py:190} INFO - [2024-08-16T13:26:48.759+0000] {dagbag.py:587} INFO - Filling up the DagBag from /home/airflow/.local/lib/python3.12/site-packages/airflow/example_dags/example_bash_operator.py
[2024-08-16T13:26:48.778+0000] {processor.py:925} INFO - DAG(s) 'example_bash_operator' retrieved from /home/airflow/.local/lib/python3.12/site-packages/airflow/example_dags/example_bash_operator.py
[2024-08-16T13:26:48.810+0000] {logging_mixin.py:190} INFO - [2024-08-16T13:26:48.809+0000] {dag.py:3211} INFO - Sync 1 DAGs
[2024-08-16T13:26:48.839+0000] {logging_mixin.py:190} INFO - [2024-08-16T13:26:48.838+0000] {dag.py:4138} INFO - Setting next_dagrun for example_bash_operator to 2024-08-15 00:00:00+00:00, run_after=2024-08-16 00:00:00+00:00
[2024-08-16T13:26:48.863+0000] {processor.py:208} INFO - Processing /home/airflow/.local/lib/python3.12/site-packages/airflow/example_dags/example_bash_operator.py took 0.119 seconds
[2024-08-16T13:27:19.060+0000] {processor.py:186} INFO - Started process (PID=5113) to work on /home/airflow/.local/lib/python3.12/site-packages/airflow/example_dags/example_bash_operator.py
[2024-08-16T13:27:19.061+0000] {processor.py:914} INFO - Processing file /home/airflow/.local/lib/python3.12/site-packages/airflow/example_dags/example_bash_operator.py for tasks to queue
[2024-08-16T13:27:19.064+0000] {logging_mixin.py:190} INFO - [2024-08-16T13:27:19.063+0000] {dagbag.py:587} INFO - Filling up the DagBag from /home/airflow/.local/lib/python3.12/site-packages/airflow/example_dags/example_bash_operator.py
[2024-08-16T13:27:19.080+0000] {processor.py:925} INFO - DAG(s) 'example_bash_operator' retrieved from /home/airflow/.local/lib/python3.12/site-packages/airflow/example_dags/example_bash_operator.py
[2024-08-16T13:27:19.110+0000] {logging_mixin.py:190} INFO - [2024-08-16T13:27:19.110+0000] {dag.py:3211} INFO - Sync 1 DAGs
[2024-08-16T13:27:19.136+0000] {logging_mixin.py:190} INFO - [2024-08-16T13:27:19.136+0000] {dag.py:4138} INFO - Setting next_dagrun for example_bash_operator to 2024-08-15 00:00:00+00:00, run_after=2024-08-16 00:00:00+00:00
[2024-08-16T13:27:19.159+0000] {processor.py:208} INFO - Processing /home/airflow/.local/lib/python3.12/site-packages/airflow/example_dags/example_bash_operator.py took 0.105 seconds
[2024-08-16T13:27:49.601+0000] {processor.py:186} INFO - Started process (PID=5399) to work on /home/airflow/.local/lib/python3.12/site-packages/airflow/example_dags/example_bash_operator.py
[2024-08-16T13:27:49.602+0000] {processor.py:914} INFO - Processing file /home/airflow/.local/lib/python3.12/site-packages/airflow/example_dags/example_bash_operator.py for tasks to queue
[2024-08-16T13:27:49.606+0000] {logging_mixin.py:190} INFO - [2024-08-16T13:27:49.605+0000] {dagbag.py:587} INFO - Filling up the DagBag from /home/airflow/.local/lib/python3.12/site-packages/airflow/example_dags/example_bash_operator.py
[2024-08-16T13:27:49.620+0000] {processor.py:925} INFO - DAG(s) 'example_bash_operator' retrieved from /home/airflow/.local/lib/python3.12/site-packages/airflow/example_dags/example_bash_operator.py
[2024-08-16T13:27:49.650+0000] {logging_mixin.py:190} INFO - [2024-08-16T13:27:49.650+0000] {dag.py:3211} INFO - Sync 1 DAGs
[2024-08-16T13:27:49.678+0000] {logging_mixin.py:190} INFO - [2024-08-16T13:27:49.677+0000] {dag.py:4138} INFO - Setting next_dagrun for example_bash_operator to 2024-08-15 00:00:00+00:00, run_after=2024-08-16 00:00:00+00:00
[2024-08-16T13:27:49.702+0000] {processor.py:208} INFO - Processing /home/airflow/.local/lib/python3.12/site-packages/airflow/example_dags/example_bash_operator.py took 0.108 seconds
[2024-08-16T13:28:20.020+0000] {processor.py:186} INFO - Started process (PID=5685) to work on /home/airflow/.local/lib/python3.12/site-packages/airflow/example_dags/example_bash_operator.py
[2024-08-16T13:28:20.021+0000] {processor.py:914} INFO - Processing file /home/airflow/.local/lib/python3.12/site-packages/airflow/example_dags/example_bash_operator.py for tasks to queue
[2024-08-16T13:28:20.024+0000] {logging_mixin.py:190} INFO - [2024-08-16T13:28:20.024+0000] {dagbag.py:587} INFO - Filling up the DagBag from /home/airflow/.local/lib/python3.12/site-packages/airflow/example_dags/example_bash_operator.py
[2024-08-16T13:28:20.040+0000] {processor.py:925} INFO - DAG(s) 'example_bash_operator' retrieved from /home/airflow/.local/lib/python3.12/site-packages/airflow/example_dags/example_bash_operator.py
[2024-08-16T13:28:20.071+0000] {logging_mixin.py:190} INFO - [2024-08-16T13:28:20.071+0000] {dag.py:3211} INFO - Sync 1 DAGs
[2024-08-16T13:28:20.097+0000] {logging_mixin.py:190} INFO - [2024-08-16T13:28:20.097+0000] {dag.py:4138} INFO - Setting next_dagrun for example_bash_operator to 2024-08-15 00:00:00+00:00, run_after=2024-08-16 00:00:00+00:00
[2024-08-16T13:28:20.118+0000] {processor.py:208} INFO - Processing /home/airflow/.local/lib/python3.12/site-packages/airflow/example_dags/example_bash_operator.py took 0.104 seconds
[2024-08-16T13:28:50.554+0000] {processor.py:186} INFO - Started process (PID=5971) to work on /home/airflow/.local/lib/python3.12/site-packages/airflow/example_dags/example_bash_operator.py
[2024-08-16T13:28:50.556+0000] {processor.py:914} INFO - Processing file /home/airflow/.local/lib/python3.12/site-packages/airflow/example_dags/example_bash_operator.py for tasks to queue
[2024-08-16T13:28:50.558+0000] {logging_mixin.py:190} INFO - [2024-08-16T13:28:50.558+0000] {dagbag.py:587} INFO - Filling up the DagBag from /home/airflow/.local/lib/python3.12/site-packages/airflow/example_dags/example_bash_operator.py
[2024-08-16T13:28:50.573+0000] {processor.py:925} INFO - DAG(s) 'example_bash_operator' retrieved from /home/airflow/.local/lib/python3.12/site-packages/airflow/example_dags/example_bash_operator.py
[2024-08-16T13:28:50.606+0000] {logging_mixin.py:190} INFO - [2024-08-16T13:28:50.606+0000] {dag.py:3211} INFO - Sync 1 DAGs
[2024-08-16T13:28:50.637+0000] {logging_mixin.py:190} INFO - [2024-08-16T13:28:50.636+0000] {dag.py:4138} INFO - Setting next_dagrun for example_bash_operator to 2024-08-15 00:00:00+00:00, run_after=2024-08-16 00:00:00+00:00
[2024-08-16T13:28:50.658+0000] {processor.py:208} INFO - Processing /home/airflow/.local/lib/python3.12/site-packages/airflow/example_dags/example_bash_operator.py took 0.111 seconds
[2024-08-16T13:29:21.043+0000] {processor.py:186} INFO - Started process (PID=6257) to work on /home/airflow/.local/lib/python3.12/site-packages/airflow/example_dags/example_bash_operator.py
[2024-08-16T13:29:21.044+0000] {processor.py:914} INFO - Processing file /home/airflow/.local/lib/python3.12/site-packages/airflow/example_dags/example_bash_operator.py for tasks to queue
[2024-08-16T13:29:21.047+0000] {logging_mixin.py:190} INFO - [2024-08-16T13:29:21.046+0000] {dagbag.py:587} INFO - Filling up the DagBag from /home/airflow/.local/lib/python3.12/site-packages/airflow/example_dags/example_bash_operator.py
[2024-08-16T13:29:21.060+0000] {processor.py:925} INFO - DAG(s) 'example_bash_operator' retrieved from /home/airflow/.local/lib/python3.12/site-packages/airflow/example_dags/example_bash_operator.py
[2024-08-16T13:29:21.091+0000] {logging_mixin.py:190} INFO - [2024-08-16T13:29:21.091+0000] {dag.py:3211} INFO - Sync 1 DAGs
[2024-08-16T13:29:21.118+0000] {logging_mixin.py:190} INFO - [2024-08-16T13:29:21.117+0000] {dag.py:4138} INFO - Setting next_dagrun for example_bash_operator to 2024-08-15 00:00:00+00:00, run_after=2024-08-16 00:00:00+00:00
[2024-08-16T13:29:21.140+0000] {processor.py:208} INFO - Processing /home/airflow/.local/lib/python3.12/site-packages/airflow/example_dags/example_bash_operator.py took 0.103 seconds
[2024-08-16T13:29:51.736+0000] {processor.py:186} INFO - Started process (PID=6543) to work on /home/airflow/.local/lib/python3.12/site-packages/airflow/example_dags/example_bash_operator.py
[2024-08-16T13:29:51.737+0000] {processor.py:914} INFO - Processing file /home/airflow/.local/lib/python3.12/site-packages/airflow/example_dags/example_bash_operator.py for tasks to queue
[2024-08-16T13:29:51.739+0000] {logging_mixin.py:190} INFO - [2024-08-16T13:29:51.739+0000] {dagbag.py:587} INFO - Filling up the DagBag from /home/airflow/.local/lib/python3.12/site-packages/airflow/example_dags/example_bash_operator.py
[2024-08-16T13:29:51.753+0000] {processor.py:925} INFO - DAG(s) 'example_bash_operator' retrieved from /home/airflow/.local/lib/python3.12/site-packages/airflow/example_dags/example_bash_operator.py
[2024-08-16T13:29:51.788+0000] {logging_mixin.py:190} INFO - [2024-08-16T13:29:51.788+0000] {dag.py:3211} INFO - Sync 1 DAGs
[2024-08-16T13:29:51.815+0000] {logging_mixin.py:190} INFO - [2024-08-16T13:29:51.815+0000] {dag.py:4138} INFO - Setting next_dagrun for example_bash_operator to 2024-08-15 00:00:00+00:00, run_after=2024-08-16 00:00:00+00:00
[2024-08-16T13:29:51.835+0000] {processor.py:208} INFO - Processing /home/airflow/.local/lib/python3.12/site-packages/airflow/example_dags/example_bash_operator.py took 0.105 seconds
[2024-08-16T13:30:22.080+0000] {processor.py:186} INFO - Started process (PID=6830) to work on /home/airflow/.local/lib/python3.12/site-packages/airflow/example_dags/example_bash_operator.py
[2024-08-16T13:30:22.082+0000] {processor.py:914} INFO - Processing file /home/airflow/.local/lib/python3.12/site-packages/airflow/example_dags/example_bash_operator.py for tasks to queue
[2024-08-16T13:30:22.084+0000] {logging_mixin.py:190} INFO - [2024-08-16T13:30:22.084+0000] {dagbag.py:587} INFO - Filling up the DagBag from /home/airflow/.local/lib/python3.12/site-packages/airflow/example_dags/example_bash_operator.py
[2024-08-16T13:30:22.098+0000] {processor.py:925} INFO - DAG(s) 'example_bash_operator' retrieved from /home/airflow/.local/lib/python3.12/site-packages/airflow/example_dags/example_bash_operator.py
[2024-08-16T13:30:22.130+0000] {logging_mixin.py:190} INFO - [2024-08-16T13:30:22.129+0000] {dag.py:3211} INFO - Sync 1 DAGs
[2024-08-16T13:30:22.155+0000] {logging_mixin.py:190} INFO - [2024-08-16T13:30:22.154+0000] {dag.py:4138} INFO - Setting next_dagrun for example_bash_operator to 2024-08-15 00:00:00+00:00, run_after=2024-08-16 00:00:00+00:00
[2024-08-16T13:30:22.173+0000] {processor.py:208} INFO - Processing /home/airflow/.local/lib/python3.12/site-packages/airflow/example_dags/example_bash_operator.py took 0.099 seconds
[2024-08-16T13:30:52.548+0000] {processor.py:186} INFO - Started process (PID=7116) to work on /home/airflow/.local/lib/python3.12/site-packages/airflow/example_dags/example_bash_operator.py
[2024-08-16T13:30:52.549+0000] {processor.py:914} INFO - Processing file /home/airflow/.local/lib/python3.12/site-packages/airflow/example_dags/example_bash_operator.py for tasks to queue
[2024-08-16T13:30:52.552+0000] {logging_mixin.py:190} INFO - [2024-08-16T13:30:52.552+0000] {dagbag.py:587} INFO - Filling up the DagBag from /home/airflow/.local/lib/python3.12/site-packages/airflow/example_dags/example_bash_operator.py
[2024-08-16T13:30:52.568+0000] {processor.py:925} INFO - DAG(s) 'example_bash_operator' retrieved from /home/airflow/.local/lib/python3.12/site-packages/airflow/example_dags/example_bash_operator.py
[2024-08-16T13:30:52.601+0000] {logging_mixin.py:190} INFO - [2024-08-16T13:30:52.601+0000] {dag.py:3211} INFO - Sync 1 DAGs
[2024-08-16T13:30:52.634+0000] {logging_mixin.py:190} INFO - [2024-08-16T13:30:52.634+0000] {dag.py:4138} INFO - Setting next_dagrun for example_bash_operator to 2024-08-15 00:00:00+00:00, run_after=2024-08-16 00:00:00+00:00
[2024-08-16T13:30:52.658+0000] {processor.py:208} INFO - Processing /home/airflow/.local/lib/python3.12/site-packages/airflow/example_dags/example_bash_operator.py took 0.118 seconds
[2024-08-16T13:31:23.310+0000] {processor.py:186} INFO - Started process (PID=7402) to work on /home/airflow/.local/lib/python3.12/site-packages/airflow/example_dags/example_bash_operator.py
[2024-08-16T13:31:23.311+0000] {processor.py:914} INFO - Processing file /home/airflow/.local/lib/python3.12/site-packages/airflow/example_dags/example_bash_operator.py for tasks to queue
[2024-08-16T13:31:23.313+0000] {logging_mixin.py:190} INFO - [2024-08-16T13:31:23.313+0000] {dagbag.py:587} INFO - Filling up the DagBag from /home/airflow/.local/lib/python3.12/site-packages/airflow/example_dags/example_bash_operator.py
[2024-08-16T13:31:23.327+0000] {processor.py:925} INFO - DAG(s) 'example_bash_operator' retrieved from /home/airflow/.local/lib/python3.12/site-packages/airflow/example_dags/example_bash_operator.py
[2024-08-16T13:31:23.364+0000] {logging_mixin.py:190} INFO - [2024-08-16T13:31:23.364+0000] {dag.py:3211} INFO - Sync 1 DAGs
[2024-08-16T13:31:23.391+0000] {logging_mixin.py:190} INFO - [2024-08-16T13:31:23.391+0000] {dag.py:4138} INFO - Setting next_dagrun for example_bash_operator to 2024-08-15 00:00:00+00:00, run_after=2024-08-16 00:00:00+00:00
[2024-08-16T13:31:23.416+0000] {processor.py:208} INFO - Processing /home/airflow/.local/lib/python3.12/site-packages/airflow/example_dags/example_bash_operator.py took 0.112 seconds
[2024-08-16T13:31:53.789+0000] {processor.py:186} INFO - Started process (PID=7688) to work on /home/airflow/.local/lib/python3.12/site-packages/airflow/example_dags/example_bash_operator.py
[2024-08-16T13:31:53.791+0000] {processor.py:914} INFO - Processing file /home/airflow/.local/lib/python3.12/site-packages/airflow/example_dags/example_bash_operator.py for tasks to queue
[2024-08-16T13:31:53.793+0000] {logging_mixin.py:190} INFO - [2024-08-16T13:31:53.793+0000] {dagbag.py:587} INFO - Filling up the DagBag from /home/airflow/.local/lib/python3.12/site-packages/airflow/example_dags/example_bash_operator.py
[2024-08-16T13:31:53.808+0000] {processor.py:925} INFO - DAG(s) 'example_bash_operator' retrieved from /home/airflow/.local/lib/python3.12/site-packages/airflow/example_dags/example_bash_operator.py
[2024-08-16T13:31:53.839+0000] {logging_mixin.py:190} INFO - [2024-08-16T13:31:53.838+0000] {dag.py:3211} INFO - Sync 1 DAGs
[2024-08-16T13:31:53.864+0000] {logging_mixin.py:190} INFO - [2024-08-16T13:31:53.864+0000] {dag.py:4138} INFO - Setting next_dagrun for example_bash_operator to 2024-08-15 00:00:00+00:00, run_after=2024-08-16 00:00:00+00:00
[2024-08-16T13:31:53.884+0000] {processor.py:208} INFO - Processing /home/airflow/.local/lib/python3.12/site-packages/airflow/example_dags/example_bash_operator.py took 0.101 seconds
[2024-08-16T13:32:24.374+0000] {processor.py:186} INFO - Started process (PID=7974) to work on /home/airflow/.local/lib/python3.12/site-packages/airflow/example_dags/example_bash_operator.py
[2024-08-16T13:32:24.375+0000] {processor.py:914} INFO - Processing file /home/airflow/.local/lib/python3.12/site-packages/airflow/example_dags/example_bash_operator.py for tasks to queue
[2024-08-16T13:32:24.378+0000] {logging_mixin.py:190} INFO - [2024-08-16T13:32:24.377+0000] {dagbag.py:587} INFO - Filling up the DagBag from /home/airflow/.local/lib/python3.12/site-packages/airflow/example_dags/example_bash_operator.py
[2024-08-16T13:32:24.392+0000] {processor.py:925} INFO - DAG(s) 'example_bash_operator' retrieved from /home/airflow/.local/lib/python3.12/site-packages/airflow/example_dags/example_bash_operator.py
[2024-08-16T13:32:24.421+0000] {logging_mixin.py:190} INFO - [2024-08-16T13:32:24.421+0000] {dag.py:3211} INFO - Sync 1 DAGs
[2024-08-16T13:32:24.450+0000] {logging_mixin.py:190} INFO - [2024-08-16T13:32:24.450+0000] {dag.py:4138} INFO - Setting next_dagrun for example_bash_operator to 2024-08-15 00:00:00+00:00, run_after=2024-08-16 00:00:00+00:00
[2024-08-16T13:32:24.472+0000] {processor.py:208} INFO - Processing /home/airflow/.local/lib/python3.12/site-packages/airflow/example_dags/example_bash_operator.py took 0.104 seconds
[2024-08-16T13:32:54.696+0000] {processor.py:186} INFO - Started process (PID=8260) to work on /home/airflow/.local/lib/python3.12/site-packages/airflow/example_dags/example_bash_operator.py
[2024-08-16T13:32:54.698+0000] {processor.py:914} INFO - Processing file /home/airflow/.local/lib/python3.12/site-packages/airflow/example_dags/example_bash_operator.py for tasks to queue
[2024-08-16T13:32:54.701+0000] {logging_mixin.py:190} INFO - [2024-08-16T13:32:54.701+0000] {dagbag.py:587} INFO - Filling up the DagBag from /home/airflow/.local/lib/python3.12/site-packages/airflow/example_dags/example_bash_operator.py
[2024-08-16T13:32:54.720+0000] {processor.py:925} INFO - DAG(s) 'example_bash_operator' retrieved from /home/airflow/.local/lib/python3.12/site-packages/airflow/example_dags/example_bash_operator.py
[2024-08-16T13:32:54.757+0000] {logging_mixin.py:190} INFO - [2024-08-16T13:32:54.757+0000] {dag.py:3211} INFO - Sync 1 DAGs
[2024-08-16T13:32:54.804+0000] {logging_mixin.py:190} INFO - [2024-08-16T13:32:54.803+0000] {dag.py:4138} INFO - Setting next_dagrun for example_bash_operator to 2024-08-15 00:00:00+00:00, run_after=2024-08-16 00:00:00+00:00
[2024-08-16T13:32:54.832+0000] {processor.py:208} INFO - Processing /home/airflow/.local/lib/python3.12/site-packages/airflow/example_dags/example_bash_operator.py took 0.143 seconds
[2024-08-16T13:33:25.091+0000] {processor.py:186} INFO - Started process (PID=8546) to work on /home/airflow/.local/lib/python3.12/site-packages/airflow/example_dags/example_bash_operator.py
[2024-08-16T13:33:25.092+0000] {processor.py:914} INFO - Processing file /home/airflow/.local/lib/python3.12/site-packages/airflow/example_dags/example_bash_operator.py for tasks to queue
[2024-08-16T13:33:25.095+0000] {logging_mixin.py:190} INFO - [2024-08-16T13:33:25.095+0000] {dagbag.py:587} INFO - Filling up the DagBag from /home/airflow/.local/lib/python3.12/site-packages/airflow/example_dags/example_bash_operator.py
[2024-08-16T13:33:25.109+0000] {processor.py:925} INFO - DAG(s) 'example_bash_operator' retrieved from /home/airflow/.local/lib/python3.12/site-packages/airflow/example_dags/example_bash_operator.py
[2024-08-16T13:33:25.139+0000] {logging_mixin.py:190} INFO - [2024-08-16T13:33:25.139+0000] {dag.py:3211} INFO - Sync 1 DAGs
[2024-08-16T13:33:25.166+0000] {logging_mixin.py:190} INFO - [2024-08-16T13:33:25.165+0000] {dag.py:4138} INFO - Setting next_dagrun for example_bash_operator to 2024-08-15 00:00:00+00:00, run_after=2024-08-16 00:00:00+00:00
[2024-08-16T13:33:25.187+0000] {processor.py:208} INFO - Processing /home/airflow/.local/lib/python3.12/site-packages/airflow/example_dags/example_bash_operator.py took 0.102 seconds
[2024-08-16T13:33:55.483+0000] {processor.py:186} INFO - Started process (PID=8832) to work on /home/airflow/.local/lib/python3.12/site-packages/airflow/example_dags/example_bash_operator.py
[2024-08-16T13:33:55.484+0000] {processor.py:914} INFO - Processing file /home/airflow/.local/lib/python3.12/site-packages/airflow/example_dags/example_bash_operator.py for tasks to queue
[2024-08-16T13:33:55.487+0000] {logging_mixin.py:190} INFO - [2024-08-16T13:33:55.486+0000] {dagbag.py:587} INFO - Filling up the DagBag from /home/airflow/.local/lib/python3.12/site-packages/airflow/example_dags/example_bash_operator.py
[2024-08-16T13:33:55.502+0000] {processor.py:925} INFO - DAG(s) 'example_bash_operator' retrieved from /home/airflow/.local/lib/python3.12/site-packages/airflow/example_dags/example_bash_operator.py
[2024-08-16T13:33:55.531+0000] {logging_mixin.py:190} INFO - [2024-08-16T13:33:55.531+0000] {dag.py:3211} INFO - Sync 1 DAGs
[2024-08-16T13:33:55.558+0000] {logging_mixin.py:190} INFO - [2024-08-16T13:33:55.558+0000] {dag.py:4138} INFO - Setting next_dagrun for example_bash_operator to 2024-08-15 00:00:00+00:00, run_after=2024-08-16 00:00:00+00:00
[2024-08-16T13:33:55.585+0000] {processor.py:208} INFO - Processing /home/airflow/.local/lib/python3.12/site-packages/airflow/example_dags/example_bash_operator.py took 0.109 seconds
[2024-08-16T13:34:25.939+0000] {processor.py:186} INFO - Started process (PID=9118) to work on /home/airflow/.local/lib/python3.12/site-packages/airflow/example_dags/example_bash_operator.py
[2024-08-16T13:34:25.940+0000] {processor.py:914} INFO - Processing file /home/airflow/.local/lib/python3.12/site-packages/airflow/example_dags/example_bash_operator.py for tasks to queue
[2024-08-16T13:34:25.943+0000] {logging_mixin.py:190} INFO - [2024-08-16T13:34:25.943+0000] {dagbag.py:587} INFO - Filling up the DagBag from /home/airflow/.local/lib/python3.12/site-packages/airflow/example_dags/example_bash_operator.py
[2024-08-16T13:34:25.959+0000] {processor.py:925} INFO - DAG(s) 'example_bash_operator' retrieved from /home/airflow/.local/lib/python3.12/site-packages/airflow/example_dags/example_bash_operator.py
[2024-08-16T13:34:25.995+0000] {logging_mixin.py:190} INFO - [2024-08-16T13:34:25.994+0000] {dag.py:3211} INFO - Sync 1 DAGs
[2024-08-16T13:34:26.024+0000] {logging_mixin.py:190} INFO - [2024-08-16T13:34:26.024+0000] {dag.py:4138} INFO - Setting next_dagrun for example_bash_operator to 2024-08-15 00:00:00+00:00, run_after=2024-08-16 00:00:00+00:00
[2024-08-16T13:34:26.047+0000] {processor.py:208} INFO - Processing /home/airflow/.local/lib/python3.12/site-packages/airflow/example_dags/example_bash_operator.py took 0.114 seconds
[2024-08-16T13:34:56.433+0000] {processor.py:186} INFO - Started process (PID=9404) to work on /home/airflow/.local/lib/python3.12/site-packages/airflow/example_dags/example_bash_operator.py
[2024-08-16T13:34:56.435+0000] {processor.py:914} INFO - Processing file /home/airflow/.local/lib/python3.12/site-packages/airflow/example_dags/example_bash_operator.py for tasks to queue
[2024-08-16T13:34:56.440+0000] {logging_mixin.py:190} INFO - [2024-08-16T13:34:56.439+0000] {dagbag.py:587} INFO - Filling up the DagBag from /home/airflow/.local/lib/python3.12/site-packages/airflow/example_dags/example_bash_operator.py
[2024-08-16T13:34:56.461+0000] {processor.py:925} INFO - DAG(s) 'example_bash_operator' retrieved from /home/airflow/.local/lib/python3.12/site-packages/airflow/example_dags/example_bash_operator.py
[2024-08-16T13:34:56.494+0000] {logging_mixin.py:190} INFO - [2024-08-16T13:34:56.494+0000] {dag.py:3211} INFO - Sync 1 DAGs
[2024-08-16T13:34:56.520+0000] {logging_mixin.py:190} INFO - [2024-08-16T13:34:56.520+0000] {dag.py:4138} INFO - Setting next_dagrun for example_bash_operator to 2024-08-15 00:00:00+00:00, run_after=2024-08-16 00:00:00+00:00
[2024-08-16T13:34:56.540+0000] {processor.py:208} INFO - Processing /home/airflow/.local/lib/python3.12/site-packages/airflow/example_dags/example_bash_operator.py took 0.114 seconds
[2024-08-16T13:35:26.832+0000] {processor.py:186} INFO - Started process (PID=9690) to work on /home/airflow/.local/lib/python3.12/site-packages/airflow/example_dags/example_bash_operator.py
[2024-08-16T13:35:26.833+0000] {processor.py:914} INFO - Processing file /home/airflow/.local/lib/python3.12/site-packages/airflow/example_dags/example_bash_operator.py for tasks to queue
[2024-08-16T13:35:26.836+0000] {logging_mixin.py:190} INFO - [2024-08-16T13:35:26.836+0000] {dagbag.py:587} INFO - Filling up the DagBag from /home/airflow/.local/lib/python3.12/site-packages/airflow/example_dags/example_bash_operator.py
[2024-08-16T13:35:26.853+0000] {processor.py:925} INFO - DAG(s) 'example_bash_operator' retrieved from /home/airflow/.local/lib/python3.12/site-packages/airflow/example_dags/example_bash_operator.py
[2024-08-16T13:35:26.890+0000] {logging_mixin.py:190} INFO - [2024-08-16T13:35:26.890+0000] {dag.py:3211} INFO - Sync 1 DAGs
[2024-08-16T13:35:26.923+0000] {logging_mixin.py:190} INFO - [2024-08-16T13:35:26.923+0000] {dag.py:4138} INFO - Setting next_dagrun for example_bash_operator to 2024-08-15 00:00:00+00:00, run_after=2024-08-16 00:00:00+00:00
[2024-08-16T13:35:26.947+0000] {processor.py:208} INFO - Processing /home/airflow/.local/lib/python3.12/site-packages/airflow/example_dags/example_bash_operator.py took 0.122 seconds
[2024-08-16T13:35:57.503+0000] {processor.py:186} INFO - Started process (PID=9976) to work on /home/airflow/.local/lib/python3.12/site-packages/airflow/example_dags/example_bash_operator.py
[2024-08-16T13:35:57.504+0000] {processor.py:914} INFO - Processing file /home/airflow/.local/lib/python3.12/site-packages/airflow/example_dags/example_bash_operator.py for tasks to queue
[2024-08-16T13:35:57.507+0000] {logging_mixin.py:190} INFO - [2024-08-16T13:35:57.506+0000] {dagbag.py:587} INFO - Filling up the DagBag from /home/airflow/.local/lib/python3.12/site-packages/airflow/example_dags/example_bash_operator.py
[2024-08-16T13:35:57.521+0000] {processor.py:925} INFO - DAG(s) 'example_bash_operator' retrieved from /home/airflow/.local/lib/python3.12/site-packages/airflow/example_dags/example_bash_operator.py
[2024-08-16T13:35:57.552+0000] {logging_mixin.py:190} INFO - [2024-08-16T13:35:57.551+0000] {dag.py:3211} INFO - Sync 1 DAGs
[2024-08-16T13:35:57.579+0000] {logging_mixin.py:190} INFO - [2024-08-16T13:35:57.578+0000] {dag.py:4138} INFO - Setting next_dagrun for example_bash_operator to 2024-08-15 00:00:00+00:00, run_after=2024-08-16 00:00:00+00:00
[2024-08-16T13:35:57.601+0000] {processor.py:208} INFO - Processing /home/airflow/.local/lib/python3.12/site-packages/airflow/example_dags/example_bash_operator.py took 0.105 seconds
[2024-08-16T13:36:27.950+0000] {processor.py:186} INFO - Started process (PID=10262) to work on /home/airflow/.local/lib/python3.12/site-packages/airflow/example_dags/example_bash_operator.py
[2024-08-16T13:36:27.952+0000] {processor.py:914} INFO - Processing file /home/airflow/.local/lib/python3.12/site-packages/airflow/example_dags/example_bash_operator.py for tasks to queue
[2024-08-16T13:36:27.954+0000] {logging_mixin.py:190} INFO - [2024-08-16T13:36:27.954+0000] {dagbag.py:587} INFO - Filling up the DagBag from /home/airflow/.local/lib/python3.12/site-packages/airflow/example_dags/example_bash_operator.py
[2024-08-16T13:36:27.968+0000] {processor.py:925} INFO - DAG(s) 'example_bash_operator' retrieved from /home/airflow/.local/lib/python3.12/site-packages/airflow/example_dags/example_bash_operator.py
[2024-08-16T13:36:27.998+0000] {logging_mixin.py:190} INFO - [2024-08-16T13:36:27.998+0000] {dag.py:3211} INFO - Sync 1 DAGs
[2024-08-16T13:36:28.024+0000] {logging_mixin.py:190} INFO - [2024-08-16T13:36:28.024+0000] {dag.py:4138} INFO - Setting next_dagrun for example_bash_operator to 2024-08-15 00:00:00+00:00, run_after=2024-08-16 00:00:00+00:00
[2024-08-16T13:36:28.045+0000] {processor.py:208} INFO - Processing /home/airflow/.local/lib/python3.12/site-packages/airflow/example_dags/example_bash_operator.py took 0.101 seconds
[2024-08-16T13:36:58.374+0000] {processor.py:186} INFO - Started process (PID=10548) to work on /home/airflow/.local/lib/python3.12/site-packages/airflow/example_dags/example_bash_operator.py
[2024-08-16T13:36:58.375+0000] {processor.py:914} INFO - Processing file /home/airflow/.local/lib/python3.12/site-packages/airflow/example_dags/example_bash_operator.py for tasks to queue
[2024-08-16T13:36:58.377+0000] {logging_mixin.py:190} INFO - [2024-08-16T13:36:58.377+0000] {dagbag.py:587} INFO - Filling up the DagBag from /home/airflow/.local/lib/python3.12/site-packages/airflow/example_dags/example_bash_operator.py
[2024-08-16T13:36:58.391+0000] {processor.py:925} INFO - DAG(s) 'example_bash_operator' retrieved from /home/airflow/.local/lib/python3.12/site-packages/airflow/example_dags/example_bash_operator.py
[2024-08-16T13:36:58.423+0000] {logging_mixin.py:190} INFO - [2024-08-16T13:36:58.423+0000] {dag.py:3211} INFO - Sync 1 DAGs
[2024-08-16T13:36:58.448+0000] {logging_mixin.py:190} INFO - [2024-08-16T13:36:58.448+0000] {dag.py:4138} INFO - Setting next_dagrun for example_bash_operator to 2024-08-15 00:00:00+00:00, run_after=2024-08-16 00:00:00+00:00
[2024-08-16T13:36:58.469+0000] {processor.py:208} INFO - Processing /home/airflow/.local/lib/python3.12/site-packages/airflow/example_dags/example_bash_operator.py took 0.101 seconds
[2024-08-16T13:37:28.655+0000] {processor.py:186} INFO - Started process (PID=10835) to work on /home/airflow/.local/lib/python3.12/site-packages/airflow/example_dags/example_bash_operator.py
[2024-08-16T13:37:28.657+0000] {processor.py:914} INFO - Processing file /home/airflow/.local/lib/python3.12/site-packages/airflow/example_dags/example_bash_operator.py for tasks to queue
[2024-08-16T13:37:28.660+0000] {logging_mixin.py:190} INFO - [2024-08-16T13:37:28.659+0000] {dagbag.py:587} INFO - Filling up the DagBag from /home/airflow/.local/lib/python3.12/site-packages/airflow/example_dags/example_bash_operator.py
[2024-08-16T13:37:28.677+0000] {processor.py:925} INFO - DAG(s) 'example_bash_operator' retrieved from /home/airflow/.local/lib/python3.12/site-packages/airflow/example_dags/example_bash_operator.py
[2024-08-16T13:37:28.711+0000] {logging_mixin.py:190} INFO - [2024-08-16T13:37:28.710+0000] {dag.py:3211} INFO - Sync 1 DAGs
[2024-08-16T13:37:28.738+0000] {logging_mixin.py:190} INFO - [2024-08-16T13:37:28.737+0000] {dag.py:4138} INFO - Setting next_dagrun for example_bash_operator to 2024-08-15 00:00:00+00:00, run_after=2024-08-16 00:00:00+00:00
[2024-08-16T13:37:28.758+0000] {processor.py:208} INFO - Processing /home/airflow/.local/lib/python3.12/site-packages/airflow/example_dags/example_bash_operator.py took 0.112 seconds
[2024-08-16T13:37:59.012+0000] {processor.py:186} INFO - Started process (PID=11121) to work on /home/airflow/.local/lib/python3.12/site-packages/airflow/example_dags/example_bash_operator.py
[2024-08-16T13:37:59.014+0000] {processor.py:914} INFO - Processing file /home/airflow/.local/lib/python3.12/site-packages/airflow/example_dags/example_bash_operator.py for tasks to queue
[2024-08-16T13:37:59.016+0000] {logging_mixin.py:190} INFO - [2024-08-16T13:37:59.016+0000] {dagbag.py:587} INFO - Filling up the DagBag from /home/airflow/.local/lib/python3.12/site-packages/airflow/example_dags/example_bash_operator.py
[2024-08-16T13:37:59.031+0000] {processor.py:925} INFO - DAG(s) 'example_bash_operator' retrieved from /home/airflow/.local/lib/python3.12/site-packages/airflow/example_dags/example_bash_operator.py
[2024-08-16T13:37:59.061+0000] {logging_mixin.py:190} INFO - [2024-08-16T13:37:59.061+0000] {dag.py:3211} INFO - Sync 1 DAGs
[2024-08-16T13:37:59.097+0000] {logging_mixin.py:190} INFO - [2024-08-16T13:37:59.097+0000] {dag.py:4138} INFO - Setting next_dagrun for example_bash_operator to 2024-08-15 00:00:00+00:00, run_after=2024-08-16 00:00:00+00:00
[2024-08-16T13:37:59.119+0000] {processor.py:208} INFO - Processing /home/airflow/.local/lib/python3.12/site-packages/airflow/example_dags/example_bash_operator.py took 0.113 seconds
[2024-08-16T13:38:29.481+0000] {processor.py:186} INFO - Started process (PID=11407) to work on /home/airflow/.local/lib/python3.12/site-packages/airflow/example_dags/example_bash_operator.py
[2024-08-16T13:38:29.482+0000] {processor.py:914} INFO - Processing file /home/airflow/.local/lib/python3.12/site-packages/airflow/example_dags/example_bash_operator.py for tasks to queue
[2024-08-16T13:38:29.485+0000] {logging_mixin.py:190} INFO - [2024-08-16T13:38:29.484+0000] {dagbag.py:587} INFO - Filling up the DagBag from /home/airflow/.local/lib/python3.12/site-packages/airflow/example_dags/example_bash_operator.py
[2024-08-16T13:38:29.501+0000] {processor.py:925} INFO - DAG(s) 'example_bash_operator' retrieved from /home/airflow/.local/lib/python3.12/site-packages/airflow/example_dags/example_bash_operator.py
[2024-08-16T13:38:29.531+0000] {logging_mixin.py:190} INFO - [2024-08-16T13:38:29.531+0000] {dag.py:3211} INFO - Sync 1 DAGs
[2024-08-16T13:38:29.562+0000] {logging_mixin.py:190} INFO - [2024-08-16T13:38:29.562+0000] {dag.py:4138} INFO - Setting next_dagrun for example_bash_operator to 2024-08-15 00:00:00+00:00, run_after=2024-08-16 00:00:00+00:00
[2024-08-16T13:38:29.583+0000] {processor.py:208} INFO - Processing /home/airflow/.local/lib/python3.12/site-packages/airflow/example_dags/example_bash_operator.py took 0.108 seconds
[2024-08-16T13:38:59.854+0000] {processor.py:186} INFO - Started process (PID=11693) to work on /home/airflow/.local/lib/python3.12/site-packages/airflow/example_dags/example_bash_operator.py
[2024-08-16T13:38:59.855+0000] {processor.py:914} INFO - Processing file /home/airflow/.local/lib/python3.12/site-packages/airflow/example_dags/example_bash_operator.py for tasks to queue
[2024-08-16T13:38:59.858+0000] {logging_mixin.py:190} INFO - [2024-08-16T13:38:59.857+0000] {dagbag.py:587} INFO - Filling up the DagBag from /home/airflow/.local/lib/python3.12/site-packages/airflow/example_dags/example_bash_operator.py
[2024-08-16T13:38:59.872+0000] {processor.py:925} INFO - DAG(s) 'example_bash_operator' retrieved from /home/airflow/.local/lib/python3.12/site-packages/airflow/example_dags/example_bash_operator.py
[2024-08-16T13:38:59.903+0000] {logging_mixin.py:190} INFO - [2024-08-16T13:38:59.903+0000] {dag.py:3211} INFO - Sync 1 DAGs
[2024-08-16T13:38:59.928+0000] {logging_mixin.py:190} INFO - [2024-08-16T13:38:59.928+0000] {dag.py:4138} INFO - Setting next_dagrun for example_bash_operator to 2024-08-15 00:00:00+00:00, run_after=2024-08-16 00:00:00+00:00
[2024-08-16T13:38:59.950+0000] {processor.py:208} INFO - Processing /home/airflow/.local/lib/python3.12/site-packages/airflow/example_dags/example_bash_operator.py took 0.102 seconds
[2024-08-16T13:39:30.187+0000] {processor.py:186} INFO - Started process (PID=11979) to work on /home/airflow/.local/lib/python3.12/site-packages/airflow/example_dags/example_bash_operator.py
[2024-08-16T13:39:30.189+0000] {processor.py:914} INFO - Processing file /home/airflow/.local/lib/python3.12/site-packages/airflow/example_dags/example_bash_operator.py for tasks to queue
[2024-08-16T13:39:30.191+0000] {logging_mixin.py:190} INFO - [2024-08-16T13:39:30.191+0000] {dagbag.py:587} INFO - Filling up the DagBag from /home/airflow/.local/lib/python3.12/site-packages/airflow/example_dags/example_bash_operator.py
[2024-08-16T13:39:30.206+0000] {processor.py:925} INFO - DAG(s) 'example_bash_operator' retrieved from /home/airflow/.local/lib/python3.12/site-packages/airflow/example_dags/example_bash_operator.py
[2024-08-16T13:39:30.244+0000] {logging_mixin.py:190} INFO - [2024-08-16T13:39:30.244+0000] {dag.py:3211} INFO - Sync 1 DAGs
[2024-08-16T13:39:30.276+0000] {logging_mixin.py:190} INFO - [2024-08-16T13:39:30.276+0000] {dag.py:4138} INFO - Setting next_dagrun for example_bash_operator to 2024-08-15 00:00:00+00:00, run_after=2024-08-16 00:00:00+00:00
[2024-08-16T13:39:30.296+0000] {processor.py:208} INFO - Processing /home/airflow/.local/lib/python3.12/site-packages/airflow/example_dags/example_bash_operator.py took 0.117 seconds
[2024-08-16T13:40:01.147+0000] {processor.py:186} INFO - Started process (PID=12265) to work on /home/airflow/.local/lib/python3.12/site-packages/airflow/example_dags/example_bash_operator.py
[2024-08-16T13:40:01.149+0000] {processor.py:914} INFO - Processing file /home/airflow/.local/lib/python3.12/site-packages/airflow/example_dags/example_bash_operator.py for tasks to queue
[2024-08-16T13:40:01.151+0000] {logging_mixin.py:190} INFO - [2024-08-16T13:40:01.151+0000] {dagbag.py:587} INFO - Filling up the DagBag from /home/airflow/.local/lib/python3.12/site-packages/airflow/example_dags/example_bash_operator.py
[2024-08-16T13:40:01.168+0000] {processor.py:925} INFO - DAG(s) 'example_bash_operator' retrieved from /home/airflow/.local/lib/python3.12/site-packages/airflow/example_dags/example_bash_operator.py
[2024-08-16T13:40:01.205+0000] {logging_mixin.py:190} INFO - [2024-08-16T13:40:01.204+0000] {dag.py:3211} INFO - Sync 1 DAGs
[2024-08-16T13:40:01.234+0000] {logging_mixin.py:190} INFO - [2024-08-16T13:40:01.233+0000] {dag.py:4138} INFO - Setting next_dagrun for example_bash_operator to 2024-08-15 00:00:00+00:00, run_after=2024-08-16 00:00:00+00:00
[2024-08-16T13:40:01.255+0000] {processor.py:208} INFO - Processing /home/airflow/.local/lib/python3.12/site-packages/airflow/example_dags/example_bash_operator.py took 0.114 seconds
[2024-08-16T13:40:31.726+0000] {processor.py:186} INFO - Started process (PID=12551) to work on /home/airflow/.local/lib/python3.12/site-packages/airflow/example_dags/example_bash_operator.py
[2024-08-16T13:40:31.727+0000] {processor.py:914} INFO - Processing file /home/airflow/.local/lib/python3.12/site-packages/airflow/example_dags/example_bash_operator.py for tasks to queue
[2024-08-16T13:40:31.731+0000] {logging_mixin.py:190} INFO - [2024-08-16T13:40:31.730+0000] {dagbag.py:587} INFO - Filling up the DagBag from /home/airflow/.local/lib/python3.12/site-packages/airflow/example_dags/example_bash_operator.py
[2024-08-16T13:40:31.744+0000] {processor.py:925} INFO - DAG(s) 'example_bash_operator' retrieved from /home/airflow/.local/lib/python3.12/site-packages/airflow/example_dags/example_bash_operator.py
[2024-08-16T13:40:31.776+0000] {logging_mixin.py:190} INFO - [2024-08-16T13:40:31.776+0000] {dag.py:3211} INFO - Sync 1 DAGs
[2024-08-16T13:40:31.805+0000] {logging_mixin.py:190} INFO - [2024-08-16T13:40:31.805+0000] {dag.py:4138} INFO - Setting next_dagrun for example_bash_operator to 2024-08-15 00:00:00+00:00, run_after=2024-08-16 00:00:00+00:00
[2024-08-16T13:40:31.826+0000] {processor.py:208} INFO - Processing /home/airflow/.local/lib/python3.12/site-packages/airflow/example_dags/example_bash_operator.py took 0.106 seconds
[2024-08-16T13:41:02.508+0000] {processor.py:186} INFO - Started process (PID=12837) to work on /home/airflow/.local/lib/python3.12/site-packages/airflow/example_dags/example_bash_operator.py
[2024-08-16T13:41:02.510+0000] {processor.py:914} INFO - Processing file /home/airflow/.local/lib/python3.12/site-packages/airflow/example_dags/example_bash_operator.py for tasks to queue
[2024-08-16T13:41:02.514+0000] {logging_mixin.py:190} INFO - [2024-08-16T13:41:02.513+0000] {dagbag.py:587} INFO - Filling up the DagBag from /home/airflow/.local/lib/python3.12/site-packages/airflow/example_dags/example_bash_operator.py
[2024-08-16T13:41:02.533+0000] {processor.py:925} INFO - DAG(s) 'example_bash_operator' retrieved from /home/airflow/.local/lib/python3.12/site-packages/airflow/example_dags/example_bash_operator.py
[2024-08-16T13:41:02.569+0000] {logging_mixin.py:190} INFO - [2024-08-16T13:41:02.568+0000] {dag.py:3211} INFO - Sync 1 DAGs
[2024-08-16T13:41:02.604+0000] {logging_mixin.py:190} INFO - [2024-08-16T13:41:02.603+0000] {dag.py:4138} INFO - Setting next_dagrun for example_bash_operator to 2024-08-15 00:00:00+00:00, run_after=2024-08-16 00:00:00+00:00
[2024-08-16T13:41:02.625+0000] {processor.py:208} INFO - Processing /home/airflow/.local/lib/python3.12/site-packages/airflow/example_dags/example_bash_operator.py took 0.124 seconds
[2024-08-16T13:41:33.072+0000] {processor.py:186} INFO - Started process (PID=13123) to work on /home/airflow/.local/lib/python3.12/site-packages/airflow/example_dags/example_bash_operator.py
[2024-08-16T13:41:33.074+0000] {processor.py:914} INFO - Processing file /home/airflow/.local/lib/python3.12/site-packages/airflow/example_dags/example_bash_operator.py for tasks to queue
[2024-08-16T13:41:33.077+0000] {logging_mixin.py:190} INFO - [2024-08-16T13:41:33.077+0000] {dagbag.py:587} INFO - Filling up the DagBag from /home/airflow/.local/lib/python3.12/site-packages/airflow/example_dags/example_bash_operator.py
[2024-08-16T13:41:33.098+0000] {processor.py:925} INFO - DAG(s) 'example_bash_operator' retrieved from /home/airflow/.local/lib/python3.12/site-packages/airflow/example_dags/example_bash_operator.py
[2024-08-16T13:41:33.132+0000] {logging_mixin.py:190} INFO - [2024-08-16T13:41:33.132+0000] {dag.py:3211} INFO - Sync 1 DAGs
[2024-08-16T13:41:33.162+0000] {logging_mixin.py:190} INFO - [2024-08-16T13:41:33.161+0000] {dag.py:4138} INFO - Setting next_dagrun for example_bash_operator to 2024-08-15 00:00:00+00:00, run_after=2024-08-16 00:00:00+00:00
[2024-08-16T13:41:33.182+0000] {processor.py:208} INFO - Processing /home/airflow/.local/lib/python3.12/site-packages/airflow/example_dags/example_bash_operator.py took 0.115 seconds
[2024-08-16T13:42:03.742+0000] {processor.py:186} INFO - Started process (PID=13409) to work on /home/airflow/.local/lib/python3.12/site-packages/airflow/example_dags/example_bash_operator.py
[2024-08-16T13:42:03.743+0000] {processor.py:914} INFO - Processing file /home/airflow/.local/lib/python3.12/site-packages/airflow/example_dags/example_bash_operator.py for tasks to queue
[2024-08-16T13:42:03.745+0000] {logging_mixin.py:190} INFO - [2024-08-16T13:42:03.745+0000] {dagbag.py:587} INFO - Filling up the DagBag from /home/airflow/.local/lib/python3.12/site-packages/airflow/example_dags/example_bash_operator.py
[2024-08-16T13:42:03.760+0000] {processor.py:925} INFO - DAG(s) 'example_bash_operator' retrieved from /home/airflow/.local/lib/python3.12/site-packages/airflow/example_dags/example_bash_operator.py
[2024-08-16T13:42:03.793+0000] {logging_mixin.py:190} INFO - [2024-08-16T13:42:03.792+0000] {dag.py:3211} INFO - Sync 1 DAGs
[2024-08-16T13:42:03.820+0000] {logging_mixin.py:190} INFO - [2024-08-16T13:42:03.819+0000] {dag.py:4138} INFO - Setting next_dagrun for example_bash_operator to 2024-08-15 00:00:00+00:00, run_after=2024-08-16 00:00:00+00:00
[2024-08-16T13:42:03.844+0000] {processor.py:208} INFO - Processing /home/airflow/.local/lib/python3.12/site-packages/airflow/example_dags/example_bash_operator.py took 0.109 seconds
[2024-08-16T13:42:34.733+0000] {processor.py:186} INFO - Started process (PID=13695) to work on /home/airflow/.local/lib/python3.12/site-packages/airflow/example_dags/example_bash_operator.py
[2024-08-16T13:42:34.735+0000] {processor.py:914} INFO - Processing file /home/airflow/.local/lib/python3.12/site-packages/airflow/example_dags/example_bash_operator.py for tasks to queue
[2024-08-16T13:42:34.738+0000] {logging_mixin.py:190} INFO - [2024-08-16T13:42:34.737+0000] {dagbag.py:587} INFO - Filling up the DagBag from /home/airflow/.local/lib/python3.12/site-packages/airflow/example_dags/example_bash_operator.py
[2024-08-16T13:42:34.750+0000] {processor.py:925} INFO - DAG(s) 'example_bash_operator' retrieved from /home/airflow/.local/lib/python3.12/site-packages/airflow/example_dags/example_bash_operator.py
[2024-08-16T13:42:34.779+0000] {logging_mixin.py:190} INFO - [2024-08-16T13:42:34.778+0000] {dag.py:3211} INFO - Sync 1 DAGs
[2024-08-16T13:42:34.804+0000] {logging_mixin.py:190} INFO - [2024-08-16T13:42:34.803+0000] {dag.py:4138} INFO - Setting next_dagrun for example_bash_operator to 2024-08-15 00:00:00+00:00, run_after=2024-08-16 00:00:00+00:00
[2024-08-16T13:42:34.825+0000] {processor.py:208} INFO - Processing /home/airflow/.local/lib/python3.12/site-packages/airflow/example_dags/example_bash_operator.py took 0.098 seconds
[2024-08-16T13:43:05.667+0000] {processor.py:186} INFO - Started process (PID=13981) to work on /home/airflow/.local/lib/python3.12/site-packages/airflow/example_dags/example_bash_operator.py
[2024-08-16T13:43:05.668+0000] {processor.py:914} INFO - Processing file /home/airflow/.local/lib/python3.12/site-packages/airflow/example_dags/example_bash_operator.py for tasks to queue
[2024-08-16T13:43:05.671+0000] {logging_mixin.py:190} INFO - [2024-08-16T13:43:05.671+0000] {dagbag.py:587} INFO - Filling up the DagBag from /home/airflow/.local/lib/python3.12/site-packages/airflow/example_dags/example_bash_operator.py
[2024-08-16T13:43:05.685+0000] {processor.py:925} INFO - DAG(s) 'example_bash_operator' retrieved from /home/airflow/.local/lib/python3.12/site-packages/airflow/example_dags/example_bash_operator.py
[2024-08-16T13:43:05.714+0000] {logging_mixin.py:190} INFO - [2024-08-16T13:43:05.714+0000] {dag.py:3211} INFO - Sync 1 DAGs
[2024-08-16T13:43:05.740+0000] {logging_mixin.py:190} INFO - [2024-08-16T13:43:05.739+0000] {dag.py:4138} INFO - Setting next_dagrun for example_bash_operator to 2024-08-15 00:00:00+00:00, run_after=2024-08-16 00:00:00+00:00
[2024-08-16T13:43:05.761+0000] {processor.py:208} INFO - Processing /home/airflow/.local/lib/python3.12/site-packages/airflow/example_dags/example_bash_operator.py took 0.101 seconds
[2024-08-16T13:43:36.208+0000] {processor.py:186} INFO - Started process (PID=14267) to work on /home/airflow/.local/lib/python3.12/site-packages/airflow/example_dags/example_bash_operator.py
[2024-08-16T13:43:36.210+0000] {processor.py:914} INFO - Processing file /home/airflow/.local/lib/python3.12/site-packages/airflow/example_dags/example_bash_operator.py for tasks to queue
[2024-08-16T13:43:36.212+0000] {logging_mixin.py:190} INFO - [2024-08-16T13:43:36.212+0000] {dagbag.py:587} INFO - Filling up the DagBag from /home/airflow/.local/lib/python3.12/site-packages/airflow/example_dags/example_bash_operator.py
[2024-08-16T13:43:36.226+0000] {processor.py:925} INFO - DAG(s) 'example_bash_operator' retrieved from /home/airflow/.local/lib/python3.12/site-packages/airflow/example_dags/example_bash_operator.py
[2024-08-16T13:43:36.265+0000] {logging_mixin.py:190} INFO - [2024-08-16T13:43:36.264+0000] {dag.py:3211} INFO - Sync 1 DAGs
[2024-08-16T13:43:36.292+0000] {logging_mixin.py:190} INFO - [2024-08-16T13:43:36.292+0000] {dag.py:4138} INFO - Setting next_dagrun for example_bash_operator to 2024-08-15 00:00:00+00:00, run_after=2024-08-16 00:00:00+00:00
[2024-08-16T13:43:36.315+0000] {processor.py:208} INFO - Processing /home/airflow/.local/lib/python3.12/site-packages/airflow/example_dags/example_bash_operator.py took 0.113 seconds
[2024-08-16T13:44:06.906+0000] {processor.py:186} INFO - Started process (PID=14553) to work on /home/airflow/.local/lib/python3.12/site-packages/airflow/example_dags/example_bash_operator.py
[2024-08-16T13:44:06.907+0000] {processor.py:914} INFO - Processing file /home/airflow/.local/lib/python3.12/site-packages/airflow/example_dags/example_bash_operator.py for tasks to queue
[2024-08-16T13:44:06.910+0000] {logging_mixin.py:190} INFO - [2024-08-16T13:44:06.909+0000] {dagbag.py:587} INFO - Filling up the DagBag from /home/airflow/.local/lib/python3.12/site-packages/airflow/example_dags/example_bash_operator.py
[2024-08-16T13:44:06.928+0000] {processor.py:925} INFO - DAG(s) 'example_bash_operator' retrieved from /home/airflow/.local/lib/python3.12/site-packages/airflow/example_dags/example_bash_operator.py
[2024-08-16T13:44:06.972+0000] {logging_mixin.py:190} INFO - [2024-08-16T13:44:06.971+0000] {dag.py:3211} INFO - Sync 1 DAGs
[2024-08-16T13:44:07.004+0000] {logging_mixin.py:190} INFO - [2024-08-16T13:44:07.003+0000] {dag.py:4138} INFO - Setting next_dagrun for example_bash_operator to 2024-08-15 00:00:00+00:00, run_after=2024-08-16 00:00:00+00:00
[2024-08-16T13:44:07.024+0000] {processor.py:208} INFO - Processing /home/airflow/.local/lib/python3.12/site-packages/airflow/example_dags/example_bash_operator.py took 0.127 seconds
[2024-08-16T13:44:37.454+0000] {processor.py:186} INFO - Started process (PID=14839) to work on /home/airflow/.local/lib/python3.12/site-packages/airflow/example_dags/example_bash_operator.py
[2024-08-16T13:44:37.455+0000] {processor.py:914} INFO - Processing file /home/airflow/.local/lib/python3.12/site-packages/airflow/example_dags/example_bash_operator.py for tasks to queue
[2024-08-16T13:44:37.459+0000] {logging_mixin.py:190} INFO - [2024-08-16T13:44:37.458+0000] {dagbag.py:587} INFO - Filling up the DagBag from /home/airflow/.local/lib/python3.12/site-packages/airflow/example_dags/example_bash_operator.py
[2024-08-16T13:44:37.474+0000] {processor.py:925} INFO - DAG(s) 'example_bash_operator' retrieved from /home/airflow/.local/lib/python3.12/site-packages/airflow/example_dags/example_bash_operator.py
[2024-08-16T13:44:37.508+0000] {logging_mixin.py:190} INFO - [2024-08-16T13:44:37.508+0000] {dag.py:3211} INFO - Sync 1 DAGs
[2024-08-16T13:44:37.535+0000] {logging_mixin.py:190} INFO - [2024-08-16T13:44:37.534+0000] {dag.py:4138} INFO - Setting next_dagrun for example_bash_operator to 2024-08-15 00:00:00+00:00, run_after=2024-08-16 00:00:00+00:00
[2024-08-16T13:44:37.559+0000] {processor.py:208} INFO - Processing /home/airflow/.local/lib/python3.12/site-packages/airflow/example_dags/example_bash_operator.py took 0.111 seconds
[2024-08-16T13:45:07.995+0000] {processor.py:186} INFO - Started process (PID=15125) to work on /home/airflow/.local/lib/python3.12/site-packages/airflow/example_dags/example_bash_operator.py
[2024-08-16T13:45:07.997+0000] {processor.py:914} INFO - Processing file /home/airflow/.local/lib/python3.12/site-packages/airflow/example_dags/example_bash_operator.py for tasks to queue
[2024-08-16T13:45:07.999+0000] {logging_mixin.py:190} INFO - [2024-08-16T13:45:07.999+0000] {dagbag.py:587} INFO - Filling up the DagBag from /home/airflow/.local/lib/python3.12/site-packages/airflow/example_dags/example_bash_operator.py
[2024-08-16T13:45:08.015+0000] {processor.py:925} INFO - DAG(s) 'example_bash_operator' retrieved from /home/airflow/.local/lib/python3.12/site-packages/airflow/example_dags/example_bash_operator.py
[2024-08-16T13:45:08.044+0000] {logging_mixin.py:190} INFO - [2024-08-16T13:45:08.044+0000] {dag.py:3211} INFO - Sync 1 DAGs
[2024-08-16T13:45:08.073+0000] {logging_mixin.py:190} INFO - [2024-08-16T13:45:08.072+0000] {dag.py:4138} INFO - Setting next_dagrun for example_bash_operator to 2024-08-15 00:00:00+00:00, run_after=2024-08-16 00:00:00+00:00
[2024-08-16T13:45:08.095+0000] {processor.py:208} INFO - Processing /home/airflow/.local/lib/python3.12/site-packages/airflow/example_dags/example_bash_operator.py took 0.107 seconds
[2024-08-16T13:45:38.828+0000] {processor.py:186} INFO - Started process (PID=15411) to work on /home/airflow/.local/lib/python3.12/site-packages/airflow/example_dags/example_bash_operator.py
[2024-08-16T13:45:38.829+0000] {processor.py:914} INFO - Processing file /home/airflow/.local/lib/python3.12/site-packages/airflow/example_dags/example_bash_operator.py for tasks to queue
[2024-08-16T13:45:38.832+0000] {logging_mixin.py:190} INFO - [2024-08-16T13:45:38.831+0000] {dagbag.py:587} INFO - Filling up the DagBag from /home/airflow/.local/lib/python3.12/site-packages/airflow/example_dags/example_bash_operator.py
[2024-08-16T13:45:38.849+0000] {processor.py:925} INFO - DAG(s) 'example_bash_operator' retrieved from /home/airflow/.local/lib/python3.12/site-packages/airflow/example_dags/example_bash_operator.py
[2024-08-16T13:45:38.895+0000] {logging_mixin.py:190} INFO - [2024-08-16T13:45:38.895+0000] {dag.py:3211} INFO - Sync 1 DAGs
[2024-08-16T13:45:38.926+0000] {logging_mixin.py:190} INFO - [2024-08-16T13:45:38.926+0000] {dag.py:4138} INFO - Setting next_dagrun for example_bash_operator to 2024-08-15 00:00:00+00:00, run_after=2024-08-16 00:00:00+00:00
[2024-08-16T13:45:38.951+0000] {processor.py:208} INFO - Processing /home/airflow/.local/lib/python3.12/site-packages/airflow/example_dags/example_bash_operator.py took 0.131 seconds
[2024-08-16T13:46:09.857+0000] {processor.py:186} INFO - Started process (PID=15697) to work on /home/airflow/.local/lib/python3.12/site-packages/airflow/example_dags/example_bash_operator.py
[2024-08-16T13:46:09.858+0000] {processor.py:914} INFO - Processing file /home/airflow/.local/lib/python3.12/site-packages/airflow/example_dags/example_bash_operator.py for tasks to queue
[2024-08-16T13:46:09.861+0000] {logging_mixin.py:190} INFO - [2024-08-16T13:46:09.860+0000] {dagbag.py:587} INFO - Filling up the DagBag from /home/airflow/.local/lib/python3.12/site-packages/airflow/example_dags/example_bash_operator.py
[2024-08-16T13:46:09.876+0000] {processor.py:925} INFO - DAG(s) 'example_bash_operator' retrieved from /home/airflow/.local/lib/python3.12/site-packages/airflow/example_dags/example_bash_operator.py
[2024-08-16T13:46:09.909+0000] {logging_mixin.py:190} INFO - [2024-08-16T13:46:09.909+0000] {dag.py:3211} INFO - Sync 1 DAGs
[2024-08-16T13:46:09.935+0000] {logging_mixin.py:190} INFO - [2024-08-16T13:46:09.934+0000] {dag.py:4138} INFO - Setting next_dagrun for example_bash_operator to 2024-08-15 00:00:00+00:00, run_after=2024-08-16 00:00:00+00:00
[2024-08-16T13:46:09.955+0000] {processor.py:208} INFO - Processing /home/airflow/.local/lib/python3.12/site-packages/airflow/example_dags/example_bash_operator.py took 0.105 seconds
[2024-08-16T13:46:40.513+0000] {processor.py:186} INFO - Started process (PID=15983) to work on /home/airflow/.local/lib/python3.12/site-packages/airflow/example_dags/example_bash_operator.py
[2024-08-16T13:46:40.525+0000] {processor.py:914} INFO - Processing file /home/airflow/.local/lib/python3.12/site-packages/airflow/example_dags/example_bash_operator.py for tasks to queue
[2024-08-16T13:46:40.542+0000] {logging_mixin.py:190} INFO - [2024-08-16T13:46:40.537+0000] {dagbag.py:587} INFO - Filling up the DagBag from /home/airflow/.local/lib/python3.12/site-packages/airflow/example_dags/example_bash_operator.py
[2024-08-16T13:46:40.615+0000] {processor.py:925} INFO - DAG(s) 'example_bash_operator' retrieved from /home/airflow/.local/lib/python3.12/site-packages/airflow/example_dags/example_bash_operator.py
[2024-08-16T13:46:40.710+0000] {logging_mixin.py:190} INFO - [2024-08-16T13:46:40.709+0000] {dag.py:3211} INFO - Sync 1 DAGs
[2024-08-16T13:46:40.776+0000] {logging_mixin.py:190} INFO - [2024-08-16T13:46:40.776+0000] {dag.py:4138} INFO - Setting next_dagrun for example_bash_operator to 2024-08-15 00:00:00+00:00, run_after=2024-08-16 00:00:00+00:00
[2024-08-16T13:46:40.818+0000] {processor.py:208} INFO - Processing /home/airflow/.local/lib/python3.12/site-packages/airflow/example_dags/example_bash_operator.py took 0.328 seconds
[2024-08-16T13:47:10.982+0000] {processor.py:186} INFO - Started process (PID=16271) to work on /home/airflow/.local/lib/python3.12/site-packages/airflow/example_dags/example_bash_operator.py
[2024-08-16T13:47:10.983+0000] {processor.py:914} INFO - Processing file /home/airflow/.local/lib/python3.12/site-packages/airflow/example_dags/example_bash_operator.py for tasks to queue
[2024-08-16T13:47:10.986+0000] {logging_mixin.py:190} INFO - [2024-08-16T13:47:10.985+0000] {dagbag.py:587} INFO - Filling up the DagBag from /home/airflow/.local/lib/python3.12/site-packages/airflow/example_dags/example_bash_operator.py
[2024-08-16T13:47:11.001+0000] {processor.py:925} INFO - DAG(s) 'example_bash_operator' retrieved from /home/airflow/.local/lib/python3.12/site-packages/airflow/example_dags/example_bash_operator.py
[2024-08-16T13:47:11.032+0000] {logging_mixin.py:190} INFO - [2024-08-16T13:47:11.031+0000] {dag.py:3211} INFO - Sync 1 DAGs
[2024-08-16T13:47:11.058+0000] {logging_mixin.py:190} INFO - [2024-08-16T13:47:11.057+0000] {dag.py:4138} INFO - Setting next_dagrun for example_bash_operator to 2024-08-15 00:00:00+00:00, run_after=2024-08-16 00:00:00+00:00
[2024-08-16T13:47:11.078+0000] {processor.py:208} INFO - Processing /home/airflow/.local/lib/python3.12/site-packages/airflow/example_dags/example_bash_operator.py took 0.102 seconds
[2024-08-16T13:47:41.579+0000] {processor.py:186} INFO - Started process (PID=16555) to work on /home/airflow/.local/lib/python3.12/site-packages/airflow/example_dags/example_bash_operator.py
[2024-08-16T13:47:41.580+0000] {processor.py:914} INFO - Processing file /home/airflow/.local/lib/python3.12/site-packages/airflow/example_dags/example_bash_operator.py for tasks to queue
[2024-08-16T13:47:41.583+0000] {logging_mixin.py:190} INFO - [2024-08-16T13:47:41.583+0000] {dagbag.py:587} INFO - Filling up the DagBag from /home/airflow/.local/lib/python3.12/site-packages/airflow/example_dags/example_bash_operator.py
[2024-08-16T13:47:41.597+0000] {processor.py:925} INFO - DAG(s) 'example_bash_operator' retrieved from /home/airflow/.local/lib/python3.12/site-packages/airflow/example_dags/example_bash_operator.py
[2024-08-16T13:47:41.627+0000] {logging_mixin.py:190} INFO - [2024-08-16T13:47:41.627+0000] {dag.py:3211} INFO - Sync 1 DAGs
[2024-08-16T13:47:41.655+0000] {logging_mixin.py:190} INFO - [2024-08-16T13:47:41.655+0000] {dag.py:4138} INFO - Setting next_dagrun for example_bash_operator to 2024-08-15 00:00:00+00:00, run_after=2024-08-16 00:00:00+00:00
[2024-08-16T13:47:41.675+0000] {processor.py:208} INFO - Processing /home/airflow/.local/lib/python3.12/site-packages/airflow/example_dags/example_bash_operator.py took 0.103 seconds
[2024-08-16T13:48:12.784+0000] {processor.py:186} INFO - Started process (PID=16844) to work on /home/airflow/.local/lib/python3.12/site-packages/airflow/example_dags/example_bash_operator.py
[2024-08-16T13:48:12.785+0000] {processor.py:914} INFO - Processing file /home/airflow/.local/lib/python3.12/site-packages/airflow/example_dags/example_bash_operator.py for tasks to queue
[2024-08-16T13:48:12.787+0000] {logging_mixin.py:190} INFO - [2024-08-16T13:48:12.787+0000] {dagbag.py:587} INFO - Filling up the DagBag from /home/airflow/.local/lib/python3.12/site-packages/airflow/example_dags/example_bash_operator.py
[2024-08-16T13:48:12.805+0000] {processor.py:925} INFO - DAG(s) 'example_bash_operator' retrieved from /home/airflow/.local/lib/python3.12/site-packages/airflow/example_dags/example_bash_operator.py
[2024-08-16T13:48:12.837+0000] {logging_mixin.py:190} INFO - [2024-08-16T13:48:12.837+0000] {dag.py:3211} INFO - Sync 1 DAGs
[2024-08-16T13:48:12.863+0000] {logging_mixin.py:190} INFO - [2024-08-16T13:48:12.863+0000] {dag.py:4138} INFO - Setting next_dagrun for example_bash_operator to 2024-08-15 00:00:00+00:00, run_after=2024-08-16 00:00:00+00:00
[2024-08-16T13:48:12.895+0000] {processor.py:208} INFO - Processing /home/airflow/.local/lib/python3.12/site-packages/airflow/example_dags/example_bash_operator.py took 0.117 seconds
[2024-08-16T13:48:43.740+0000] {processor.py:186} INFO - Started process (PID=17128) to work on /home/airflow/.local/lib/python3.12/site-packages/airflow/example_dags/example_bash_operator.py
[2024-08-16T13:48:43.741+0000] {processor.py:914} INFO - Processing file /home/airflow/.local/lib/python3.12/site-packages/airflow/example_dags/example_bash_operator.py for tasks to queue
[2024-08-16T13:48:43.748+0000] {logging_mixin.py:190} INFO - [2024-08-16T13:48:43.747+0000] {dagbag.py:587} INFO - Filling up the DagBag from /home/airflow/.local/lib/python3.12/site-packages/airflow/example_dags/example_bash_operator.py
[2024-08-16T13:48:43.770+0000] {processor.py:925} INFO - DAG(s) 'example_bash_operator' retrieved from /home/airflow/.local/lib/python3.12/site-packages/airflow/example_dags/example_bash_operator.py
[2024-08-16T13:48:43.811+0000] {logging_mixin.py:190} INFO - [2024-08-16T13:48:43.811+0000] {dag.py:3211} INFO - Sync 1 DAGs
[2024-08-16T13:48:43.852+0000] {logging_mixin.py:190} INFO - [2024-08-16T13:48:43.851+0000] {dag.py:4138} INFO - Setting next_dagrun for example_bash_operator to 2024-08-15 00:00:00+00:00, run_after=2024-08-16 00:00:00+00:00
[2024-08-16T13:48:43.876+0000] {processor.py:208} INFO - Processing /home/airflow/.local/lib/python3.12/site-packages/airflow/example_dags/example_bash_operator.py took 0.144 seconds
[2024-08-16T13:49:14.743+0000] {processor.py:186} INFO - Started process (PID=17416) to work on /home/airflow/.local/lib/python3.12/site-packages/airflow/example_dags/example_bash_operator.py
[2024-08-16T13:49:14.745+0000] {processor.py:914} INFO - Processing file /home/airflow/.local/lib/python3.12/site-packages/airflow/example_dags/example_bash_operator.py for tasks to queue
[2024-08-16T13:49:14.751+0000] {logging_mixin.py:190} INFO - [2024-08-16T13:49:14.750+0000] {dagbag.py:587} INFO - Filling up the DagBag from /home/airflow/.local/lib/python3.12/site-packages/airflow/example_dags/example_bash_operator.py
[2024-08-16T13:49:14.780+0000] {processor.py:925} INFO - DAG(s) 'example_bash_operator' retrieved from /home/airflow/.local/lib/python3.12/site-packages/airflow/example_dags/example_bash_operator.py
[2024-08-16T13:49:14.827+0000] {logging_mixin.py:190} INFO - [2024-08-16T13:49:14.827+0000] {dag.py:3211} INFO - Sync 1 DAGs
[2024-08-16T13:49:14.865+0000] {logging_mixin.py:190} INFO - [2024-08-16T13:49:14.865+0000] {dag.py:4138} INFO - Setting next_dagrun for example_bash_operator to 2024-08-15 00:00:00+00:00, run_after=2024-08-16 00:00:00+00:00
[2024-08-16T13:49:14.896+0000] {processor.py:208} INFO - Processing /home/airflow/.local/lib/python3.12/site-packages/airflow/example_dags/example_bash_operator.py took 0.165 seconds
[2024-08-16T13:49:46.223+0000] {processor.py:186} INFO - Started process (PID=17702) to work on /home/airflow/.local/lib/python3.12/site-packages/airflow/example_dags/example_bash_operator.py
[2024-08-16T13:49:46.224+0000] {processor.py:914} INFO - Processing file /home/airflow/.local/lib/python3.12/site-packages/airflow/example_dags/example_bash_operator.py for tasks to queue
[2024-08-16T13:49:46.229+0000] {logging_mixin.py:190} INFO - [2024-08-16T13:49:46.229+0000] {dagbag.py:587} INFO - Filling up the DagBag from /home/airflow/.local/lib/python3.12/site-packages/airflow/example_dags/example_bash_operator.py
[2024-08-16T13:49:46.246+0000] {processor.py:925} INFO - DAG(s) 'example_bash_operator' retrieved from /home/airflow/.local/lib/python3.12/site-packages/airflow/example_dags/example_bash_operator.py
[2024-08-16T13:49:46.284+0000] {logging_mixin.py:190} INFO - [2024-08-16T13:49:46.284+0000] {dag.py:3211} INFO - Sync 1 DAGs
[2024-08-16T13:49:46.522+0000] {logging_mixin.py:190} INFO - [2024-08-16T13:49:46.522+0000] {dag.py:4138} INFO - Setting next_dagrun for example_bash_operator to 2024-08-15 00:00:00+00:00, run_after=2024-08-16 00:00:00+00:00
[2024-08-16T13:49:46.546+0000] {processor.py:208} INFO - Processing /home/airflow/.local/lib/python3.12/site-packages/airflow/example_dags/example_bash_operator.py took 0.330 seconds
[2024-08-16T13:50:17.399+0000] {processor.py:186} INFO - Started process (PID=17988) to work on /home/airflow/.local/lib/python3.12/site-packages/airflow/example_dags/example_bash_operator.py
[2024-08-16T13:50:17.401+0000] {processor.py:914} INFO - Processing file /home/airflow/.local/lib/python3.12/site-packages/airflow/example_dags/example_bash_operator.py for tasks to queue
[2024-08-16T13:50:17.404+0000] {logging_mixin.py:190} INFO - [2024-08-16T13:50:17.403+0000] {dagbag.py:587} INFO - Filling up the DagBag from /home/airflow/.local/lib/python3.12/site-packages/airflow/example_dags/example_bash_operator.py
[2024-08-16T13:50:17.419+0000] {processor.py:925} INFO - DAG(s) 'example_bash_operator' retrieved from /home/airflow/.local/lib/python3.12/site-packages/airflow/example_dags/example_bash_operator.py
[2024-08-16T13:50:17.458+0000] {logging_mixin.py:190} INFO - [2024-08-16T13:50:17.458+0000] {dag.py:3211} INFO - Sync 1 DAGs
[2024-08-16T13:50:17.492+0000] {logging_mixin.py:190} INFO - [2024-08-16T13:50:17.492+0000] {dag.py:4138} INFO - Setting next_dagrun for example_bash_operator to 2024-08-15 00:00:00+00:00, run_after=2024-08-16 00:00:00+00:00
[2024-08-16T13:50:17.691+0000] {processor.py:208} INFO - Processing /home/airflow/.local/lib/python3.12/site-packages/airflow/example_dags/example_bash_operator.py took 0.299 seconds
