[2024-08-16T13:18:38.333+0000] {processor.py:186} INFO - Started process (PID=219) to work on /home/airflow/.local/lib/python3.12/site-packages/airflow/example_dags/example_dag_decorator.py
[2024-08-16T13:18:38.335+0000] {processor.py:914} INFO - Processing file /home/airflow/.local/lib/python3.12/site-packages/airflow/example_dags/example_dag_decorator.py for tasks to queue
[2024-08-16T13:18:38.338+0000] {logging_mixin.py:190} INFO - [2024-08-16T13:18:38.337+0000] {dagbag.py:587} INFO - Filling up the DagBag from /home/airflow/.local/lib/python3.12/site-packages/airflow/example_dags/example_dag_decorator.py
[2024-08-16T13:18:38.356+0000] {processor.py:925} INFO - DAG(s) 'example_dag_decorator' retrieved from /home/airflow/.local/lib/python3.12/site-packages/airflow/example_dags/example_dag_decorator.py
[2024-08-16T13:18:38.552+0000] {logging_mixin.py:190} INFO - [2024-08-16T13:18:38.551+0000] {override.py:1858} INFO - Created Permission View: can read on DAG:example_dag_decorator
[2024-08-16T13:18:38.564+0000] {logging_mixin.py:190} INFO - [2024-08-16T13:18:38.564+0000] {override.py:1858} INFO - Created Permission View: can edit on DAG:example_dag_decorator
[2024-08-16T13:18:38.572+0000] {logging_mixin.py:190} INFO - [2024-08-16T13:18:38.571+0000] {override.py:1858} INFO - Created Permission View: can delete on DAG:example_dag_decorator
[2024-08-16T13:18:38.572+0000] {logging_mixin.py:190} INFO - [2024-08-16T13:18:38.572+0000] {dag.py:3211} INFO - Sync 1 DAGs
[2024-08-16T13:18:38.587+0000] {logging_mixin.py:190} INFO - [2024-08-16T13:18:38.586+0000] {dag.py:3234} INFO - Creating ORM DAG for example_dag_decorator
[2024-08-16T13:18:38.588+0000] {logging_mixin.py:190} INFO - [2024-08-16T13:18:38.587+0000] {dag.py:4138} INFO - Setting next_dagrun for example_dag_decorator to None, run_after=None
[2024-08-16T13:18:38.609+0000] {processor.py:208} INFO - Processing /home/airflow/.local/lib/python3.12/site-packages/airflow/example_dags/example_dag_decorator.py took 0.285 seconds
[2024-08-16T13:19:08.877+0000] {processor.py:186} INFO - Started process (PID=505) to work on /home/airflow/.local/lib/python3.12/site-packages/airflow/example_dags/example_dag_decorator.py
[2024-08-16T13:19:08.878+0000] {processor.py:914} INFO - Processing file /home/airflow/.local/lib/python3.12/site-packages/airflow/example_dags/example_dag_decorator.py for tasks to queue
[2024-08-16T13:19:08.881+0000] {logging_mixin.py:190} INFO - [2024-08-16T13:19:08.881+0000] {dagbag.py:587} INFO - Filling up the DagBag from /home/airflow/.local/lib/python3.12/site-packages/airflow/example_dags/example_dag_decorator.py
[2024-08-16T13:19:08.895+0000] {processor.py:925} INFO - DAG(s) 'example_dag_decorator' retrieved from /home/airflow/.local/lib/python3.12/site-packages/airflow/example_dags/example_dag_decorator.py
[2024-08-16T13:19:08.920+0000] {logging_mixin.py:190} INFO - [2024-08-16T13:19:08.920+0000] {dag.py:3211} INFO - Sync 1 DAGs
[2024-08-16T13:19:08.936+0000] {logging_mixin.py:190} INFO - [2024-08-16T13:19:08.935+0000] {dag.py:4138} INFO - Setting next_dagrun for example_dag_decorator to None, run_after=None
[2024-08-16T13:19:08.956+0000] {processor.py:208} INFO - Processing /home/airflow/.local/lib/python3.12/site-packages/airflow/example_dags/example_dag_decorator.py took 0.086 seconds
[2024-08-16T13:19:39.442+0000] {processor.py:186} INFO - Started process (PID=793) to work on /home/airflow/.local/lib/python3.12/site-packages/airflow/example_dags/example_dag_decorator.py
[2024-08-16T13:19:39.443+0000] {processor.py:914} INFO - Processing file /home/airflow/.local/lib/python3.12/site-packages/airflow/example_dags/example_dag_decorator.py for tasks to queue
[2024-08-16T13:19:39.445+0000] {logging_mixin.py:190} INFO - [2024-08-16T13:19:39.445+0000] {dagbag.py:587} INFO - Filling up the DagBag from /home/airflow/.local/lib/python3.12/site-packages/airflow/example_dags/example_dag_decorator.py
[2024-08-16T13:19:39.460+0000] {processor.py:925} INFO - DAG(s) 'example_dag_decorator' retrieved from /home/airflow/.local/lib/python3.12/site-packages/airflow/example_dags/example_dag_decorator.py
[2024-08-16T13:19:39.488+0000] {logging_mixin.py:190} INFO - [2024-08-16T13:19:39.488+0000] {dag.py:3211} INFO - Sync 1 DAGs
[2024-08-16T13:19:39.507+0000] {logging_mixin.py:190} INFO - [2024-08-16T13:19:39.506+0000] {dag.py:4138} INFO - Setting next_dagrun for example_dag_decorator to None, run_after=None
[2024-08-16T13:19:39.535+0000] {processor.py:208} INFO - Processing /home/airflow/.local/lib/python3.12/site-packages/airflow/example_dags/example_dag_decorator.py took 0.101 seconds
[2024-08-16T13:20:10.333+0000] {processor.py:186} INFO - Started process (PID=1077) to work on /home/airflow/.local/lib/python3.12/site-packages/airflow/example_dags/example_dag_decorator.py
[2024-08-16T13:20:10.334+0000] {processor.py:914} INFO - Processing file /home/airflow/.local/lib/python3.12/site-packages/airflow/example_dags/example_dag_decorator.py for tasks to queue
[2024-08-16T13:20:10.336+0000] {logging_mixin.py:190} INFO - [2024-08-16T13:20:10.336+0000] {dagbag.py:587} INFO - Filling up the DagBag from /home/airflow/.local/lib/python3.12/site-packages/airflow/example_dags/example_dag_decorator.py
[2024-08-16T13:20:10.347+0000] {processor.py:925} INFO - DAG(s) 'example_dag_decorator' retrieved from /home/airflow/.local/lib/python3.12/site-packages/airflow/example_dags/example_dag_decorator.py
[2024-08-16T13:20:10.480+0000] {logging_mixin.py:190} INFO - [2024-08-16T13:20:10.480+0000] {dag.py:3211} INFO - Sync 1 DAGs
[2024-08-16T13:20:10.497+0000] {logging_mixin.py:190} INFO - [2024-08-16T13:20:10.497+0000] {dag.py:4138} INFO - Setting next_dagrun for example_dag_decorator to None, run_after=None
[2024-08-16T13:20:10.518+0000] {processor.py:208} INFO - Processing /home/airflow/.local/lib/python3.12/site-packages/airflow/example_dags/example_dag_decorator.py took 0.191 seconds
[2024-08-16T13:20:40.797+0000] {processor.py:186} INFO - Started process (PID=1363) to work on /home/airflow/.local/lib/python3.12/site-packages/airflow/example_dags/example_dag_decorator.py
[2024-08-16T13:20:40.798+0000] {processor.py:914} INFO - Processing file /home/airflow/.local/lib/python3.12/site-packages/airflow/example_dags/example_dag_decorator.py for tasks to queue
[2024-08-16T13:20:40.801+0000] {logging_mixin.py:190} INFO - [2024-08-16T13:20:40.800+0000] {dagbag.py:587} INFO - Filling up the DagBag from /home/airflow/.local/lib/python3.12/site-packages/airflow/example_dags/example_dag_decorator.py
[2024-08-16T13:20:40.814+0000] {processor.py:925} INFO - DAG(s) 'example_dag_decorator' retrieved from /home/airflow/.local/lib/python3.12/site-packages/airflow/example_dags/example_dag_decorator.py
[2024-08-16T13:20:40.930+0000] {logging_mixin.py:190} INFO - [2024-08-16T13:20:40.930+0000] {dag.py:3211} INFO - Sync 1 DAGs
[2024-08-16T13:20:40.943+0000] {logging_mixin.py:190} INFO - [2024-08-16T13:20:40.943+0000] {dag.py:4138} INFO - Setting next_dagrun for example_dag_decorator to None, run_after=None
[2024-08-16T13:20:40.962+0000] {processor.py:208} INFO - Processing /home/airflow/.local/lib/python3.12/site-packages/airflow/example_dags/example_dag_decorator.py took 0.171 seconds
[2024-08-16T13:21:11.315+0000] {processor.py:186} INFO - Started process (PID=1649) to work on /home/airflow/.local/lib/python3.12/site-packages/airflow/example_dags/example_dag_decorator.py
[2024-08-16T13:21:11.316+0000] {processor.py:914} INFO - Processing file /home/airflow/.local/lib/python3.12/site-packages/airflow/example_dags/example_dag_decorator.py for tasks to queue
[2024-08-16T13:21:11.319+0000] {logging_mixin.py:190} INFO - [2024-08-16T13:21:11.319+0000] {dagbag.py:587} INFO - Filling up the DagBag from /home/airflow/.local/lib/python3.12/site-packages/airflow/example_dags/example_dag_decorator.py
[2024-08-16T13:21:11.331+0000] {processor.py:925} INFO - DAG(s) 'example_dag_decorator' retrieved from /home/airflow/.local/lib/python3.12/site-packages/airflow/example_dags/example_dag_decorator.py
[2024-08-16T13:21:11.447+0000] {logging_mixin.py:190} INFO - [2024-08-16T13:21:11.446+0000] {dag.py:3211} INFO - Sync 1 DAGs
[2024-08-16T13:21:11.461+0000] {logging_mixin.py:190} INFO - [2024-08-16T13:21:11.460+0000] {dag.py:4138} INFO - Setting next_dagrun for example_dag_decorator to None, run_after=None
[2024-08-16T13:21:11.482+0000] {processor.py:208} INFO - Processing /home/airflow/.local/lib/python3.12/site-packages/airflow/example_dags/example_dag_decorator.py took 0.173 seconds
[2024-08-16T13:21:41.730+0000] {processor.py:186} INFO - Started process (PID=1937) to work on /home/airflow/.local/lib/python3.12/site-packages/airflow/example_dags/example_dag_decorator.py
[2024-08-16T13:21:41.731+0000] {processor.py:914} INFO - Processing file /home/airflow/.local/lib/python3.12/site-packages/airflow/example_dags/example_dag_decorator.py for tasks to queue
[2024-08-16T13:21:41.733+0000] {logging_mixin.py:190} INFO - [2024-08-16T13:21:41.733+0000] {dagbag.py:587} INFO - Filling up the DagBag from /home/airflow/.local/lib/python3.12/site-packages/airflow/example_dags/example_dag_decorator.py
[2024-08-16T13:21:41.745+0000] {processor.py:925} INFO - DAG(s) 'example_dag_decorator' retrieved from /home/airflow/.local/lib/python3.12/site-packages/airflow/example_dags/example_dag_decorator.py
[2024-08-16T13:21:41.865+0000] {logging_mixin.py:190} INFO - [2024-08-16T13:21:41.865+0000] {dag.py:3211} INFO - Sync 1 DAGs
[2024-08-16T13:21:41.877+0000] {logging_mixin.py:190} INFO - [2024-08-16T13:21:41.877+0000] {dag.py:4138} INFO - Setting next_dagrun for example_dag_decorator to None, run_after=None
[2024-08-16T13:21:41.898+0000] {processor.py:208} INFO - Processing /home/airflow/.local/lib/python3.12/site-packages/airflow/example_dags/example_dag_decorator.py took 0.175 seconds
[2024-08-16T13:22:12.276+0000] {processor.py:186} INFO - Started process (PID=2223) to work on /home/airflow/.local/lib/python3.12/site-packages/airflow/example_dags/example_dag_decorator.py
[2024-08-16T13:22:12.277+0000] {processor.py:914} INFO - Processing file /home/airflow/.local/lib/python3.12/site-packages/airflow/example_dags/example_dag_decorator.py for tasks to queue
[2024-08-16T13:22:12.281+0000] {logging_mixin.py:190} INFO - [2024-08-16T13:22:12.280+0000] {dagbag.py:587} INFO - Filling up the DagBag from /home/airflow/.local/lib/python3.12/site-packages/airflow/example_dags/example_dag_decorator.py
[2024-08-16T13:22:12.293+0000] {processor.py:925} INFO - DAG(s) 'example_dag_decorator' retrieved from /home/airflow/.local/lib/python3.12/site-packages/airflow/example_dags/example_dag_decorator.py
[2024-08-16T13:22:12.406+0000] {logging_mixin.py:190} INFO - [2024-08-16T13:22:12.406+0000] {dag.py:3211} INFO - Sync 1 DAGs
[2024-08-16T13:22:12.422+0000] {logging_mixin.py:190} INFO - [2024-08-16T13:22:12.422+0000] {dag.py:4138} INFO - Setting next_dagrun for example_dag_decorator to None, run_after=None
[2024-08-16T13:22:12.445+0000] {processor.py:208} INFO - Processing /home/airflow/.local/lib/python3.12/site-packages/airflow/example_dags/example_dag_decorator.py took 0.175 seconds
[2024-08-16T13:22:43.237+0000] {processor.py:186} INFO - Started process (PID=2507) to work on /home/airflow/.local/lib/python3.12/site-packages/airflow/example_dags/example_dag_decorator.py
[2024-08-16T13:22:43.238+0000] {processor.py:914} INFO - Processing file /home/airflow/.local/lib/python3.12/site-packages/airflow/example_dags/example_dag_decorator.py for tasks to queue
[2024-08-16T13:22:43.241+0000] {logging_mixin.py:190} INFO - [2024-08-16T13:22:43.241+0000] {dagbag.py:587} INFO - Filling up the DagBag from /home/airflow/.local/lib/python3.12/site-packages/airflow/example_dags/example_dag_decorator.py
[2024-08-16T13:22:43.266+0000] {processor.py:925} INFO - DAG(s) 'example_dag_decorator' retrieved from /home/airflow/.local/lib/python3.12/site-packages/airflow/example_dags/example_dag_decorator.py
[2024-08-16T13:22:43.396+0000] {logging_mixin.py:190} INFO - [2024-08-16T13:22:43.396+0000] {dag.py:3211} INFO - Sync 1 DAGs
[2024-08-16T13:22:43.412+0000] {logging_mixin.py:190} INFO - [2024-08-16T13:22:43.412+0000] {dag.py:4138} INFO - Setting next_dagrun for example_dag_decorator to None, run_after=None
[2024-08-16T13:22:43.435+0000] {processor.py:208} INFO - Processing /home/airflow/.local/lib/python3.12/site-packages/airflow/example_dags/example_dag_decorator.py took 0.205 seconds
[2024-08-16T13:23:13.643+0000] {processor.py:186} INFO - Started process (PID=2793) to work on /home/airflow/.local/lib/python3.12/site-packages/airflow/example_dags/example_dag_decorator.py
[2024-08-16T13:23:13.645+0000] {processor.py:914} INFO - Processing file /home/airflow/.local/lib/python3.12/site-packages/airflow/example_dags/example_dag_decorator.py for tasks to queue
[2024-08-16T13:23:13.648+0000] {logging_mixin.py:190} INFO - [2024-08-16T13:23:13.647+0000] {dagbag.py:587} INFO - Filling up the DagBag from /home/airflow/.local/lib/python3.12/site-packages/airflow/example_dags/example_dag_decorator.py
[2024-08-16T13:23:13.663+0000] {processor.py:925} INFO - DAG(s) 'example_dag_decorator' retrieved from /home/airflow/.local/lib/python3.12/site-packages/airflow/example_dags/example_dag_decorator.py
[2024-08-16T13:23:13.696+0000] {logging_mixin.py:190} INFO - [2024-08-16T13:23:13.696+0000] {dag.py:3211} INFO - Sync 1 DAGs
[2024-08-16T13:23:13.715+0000] {logging_mixin.py:190} INFO - [2024-08-16T13:23:13.714+0000] {dag.py:4138} INFO - Setting next_dagrun for example_dag_decorator to None, run_after=None
[2024-08-16T13:23:13.740+0000] {processor.py:208} INFO - Processing /home/airflow/.local/lib/python3.12/site-packages/airflow/example_dags/example_dag_decorator.py took 0.106 seconds
[2024-08-16T13:23:44.133+0000] {processor.py:186} INFO - Started process (PID=3079) to work on /home/airflow/.local/lib/python3.12/site-packages/airflow/example_dags/example_dag_decorator.py
[2024-08-16T13:23:44.134+0000] {processor.py:914} INFO - Processing file /home/airflow/.local/lib/python3.12/site-packages/airflow/example_dags/example_dag_decorator.py for tasks to queue
[2024-08-16T13:23:44.136+0000] {logging_mixin.py:190} INFO - [2024-08-16T13:23:44.136+0000] {dagbag.py:587} INFO - Filling up the DagBag from /home/airflow/.local/lib/python3.12/site-packages/airflow/example_dags/example_dag_decorator.py
[2024-08-16T13:23:44.149+0000] {processor.py:925} INFO - DAG(s) 'example_dag_decorator' retrieved from /home/airflow/.local/lib/python3.12/site-packages/airflow/example_dags/example_dag_decorator.py
[2024-08-16T13:23:44.267+0000] {logging_mixin.py:190} INFO - [2024-08-16T13:23:44.267+0000] {dag.py:3211} INFO - Sync 1 DAGs
[2024-08-16T13:23:44.280+0000] {logging_mixin.py:190} INFO - [2024-08-16T13:23:44.280+0000] {dag.py:4138} INFO - Setting next_dagrun for example_dag_decorator to None, run_after=None
[2024-08-16T13:23:44.302+0000] {processor.py:208} INFO - Processing /home/airflow/.local/lib/python3.12/site-packages/airflow/example_dags/example_dag_decorator.py took 0.176 seconds
[2024-08-16T13:24:14.501+0000] {processor.py:186} INFO - Started process (PID=3365) to work on /home/airflow/.local/lib/python3.12/site-packages/airflow/example_dags/example_dag_decorator.py
[2024-08-16T13:24:14.502+0000] {processor.py:914} INFO - Processing file /home/airflow/.local/lib/python3.12/site-packages/airflow/example_dags/example_dag_decorator.py for tasks to queue
[2024-08-16T13:24:14.505+0000] {logging_mixin.py:190} INFO - [2024-08-16T13:24:14.505+0000] {dagbag.py:587} INFO - Filling up the DagBag from /home/airflow/.local/lib/python3.12/site-packages/airflow/example_dags/example_dag_decorator.py
[2024-08-16T13:24:14.517+0000] {processor.py:925} INFO - DAG(s) 'example_dag_decorator' retrieved from /home/airflow/.local/lib/python3.12/site-packages/airflow/example_dags/example_dag_decorator.py
[2024-08-16T13:24:14.640+0000] {logging_mixin.py:190} INFO - [2024-08-16T13:24:14.639+0000] {dag.py:3211} INFO - Sync 1 DAGs
[2024-08-16T13:24:14.657+0000] {logging_mixin.py:190} INFO - [2024-08-16T13:24:14.657+0000] {dag.py:4138} INFO - Setting next_dagrun for example_dag_decorator to None, run_after=None
[2024-08-16T13:24:14.685+0000] {processor.py:208} INFO - Processing /home/airflow/.local/lib/python3.12/site-packages/airflow/example_dags/example_dag_decorator.py took 0.191 seconds
[2024-08-16T13:24:45.526+0000] {processor.py:186} INFO - Started process (PID=3651) to work on /home/airflow/.local/lib/python3.12/site-packages/airflow/example_dags/example_dag_decorator.py
[2024-08-16T13:24:45.528+0000] {processor.py:914} INFO - Processing file /home/airflow/.local/lib/python3.12/site-packages/airflow/example_dags/example_dag_decorator.py for tasks to queue
[2024-08-16T13:24:45.530+0000] {logging_mixin.py:190} INFO - [2024-08-16T13:24:45.530+0000] {dagbag.py:587} INFO - Filling up the DagBag from /home/airflow/.local/lib/python3.12/site-packages/airflow/example_dags/example_dag_decorator.py
[2024-08-16T13:24:45.544+0000] {processor.py:925} INFO - DAG(s) 'example_dag_decorator' retrieved from /home/airflow/.local/lib/python3.12/site-packages/airflow/example_dags/example_dag_decorator.py
[2024-08-16T13:24:45.664+0000] {logging_mixin.py:190} INFO - [2024-08-16T13:24:45.664+0000] {dag.py:3211} INFO - Sync 1 DAGs
[2024-08-16T13:24:45.680+0000] {logging_mixin.py:190} INFO - [2024-08-16T13:24:45.679+0000] {dag.py:4138} INFO - Setting next_dagrun for example_dag_decorator to None, run_after=None
[2024-08-16T13:24:45.699+0000] {processor.py:208} INFO - Processing /home/airflow/.local/lib/python3.12/site-packages/airflow/example_dags/example_dag_decorator.py took 0.180 seconds
[2024-08-16T13:25:16.135+0000] {processor.py:186} INFO - Started process (PID=3945) to work on /home/airflow/.local/lib/python3.12/site-packages/airflow/example_dags/example_dag_decorator.py
[2024-08-16T13:25:16.136+0000] {processor.py:914} INFO - Processing file /home/airflow/.local/lib/python3.12/site-packages/airflow/example_dags/example_dag_decorator.py for tasks to queue
[2024-08-16T13:25:16.139+0000] {logging_mixin.py:190} INFO - [2024-08-16T13:25:16.138+0000] {dagbag.py:587} INFO - Filling up the DagBag from /home/airflow/.local/lib/python3.12/site-packages/airflow/example_dags/example_dag_decorator.py
[2024-08-16T13:25:16.150+0000] {processor.py:925} INFO - DAG(s) 'example_dag_decorator' retrieved from /home/airflow/.local/lib/python3.12/site-packages/airflow/example_dags/example_dag_decorator.py
[2024-08-16T13:25:16.176+0000] {logging_mixin.py:190} INFO - [2024-08-16T13:25:16.176+0000] {dag.py:3211} INFO - Sync 1 DAGs
[2024-08-16T13:25:16.191+0000] {logging_mixin.py:190} INFO - [2024-08-16T13:25:16.191+0000] {dag.py:4138} INFO - Setting next_dagrun for example_dag_decorator to None, run_after=None
[2024-08-16T13:25:16.213+0000] {processor.py:208} INFO - Processing /home/airflow/.local/lib/python3.12/site-packages/airflow/example_dags/example_dag_decorator.py took 0.085 seconds
[2024-08-16T13:25:46.422+0000] {processor.py:186} INFO - Started process (PID=4229) to work on /home/airflow/.local/lib/python3.12/site-packages/airflow/example_dags/example_dag_decorator.py
[2024-08-16T13:25:46.423+0000] {processor.py:914} INFO - Processing file /home/airflow/.local/lib/python3.12/site-packages/airflow/example_dags/example_dag_decorator.py for tasks to queue
[2024-08-16T13:25:46.426+0000] {logging_mixin.py:190} INFO - [2024-08-16T13:25:46.426+0000] {dagbag.py:587} INFO - Filling up the DagBag from /home/airflow/.local/lib/python3.12/site-packages/airflow/example_dags/example_dag_decorator.py
[2024-08-16T13:25:46.438+0000] {processor.py:925} INFO - DAG(s) 'example_dag_decorator' retrieved from /home/airflow/.local/lib/python3.12/site-packages/airflow/example_dags/example_dag_decorator.py
[2024-08-16T13:25:46.553+0000] {logging_mixin.py:190} INFO - [2024-08-16T13:25:46.553+0000] {dag.py:3211} INFO - Sync 1 DAGs
[2024-08-16T13:25:46.567+0000] {logging_mixin.py:190} INFO - [2024-08-16T13:25:46.567+0000] {dag.py:4138} INFO - Setting next_dagrun for example_dag_decorator to None, run_after=None
[2024-08-16T13:25:46.586+0000] {processor.py:208} INFO - Processing /home/airflow/.local/lib/python3.12/site-packages/airflow/example_dags/example_dag_decorator.py took 0.173 seconds
[2024-08-16T13:26:16.746+0000] {processor.py:186} INFO - Started process (PID=4515) to work on /home/airflow/.local/lib/python3.12/site-packages/airflow/example_dags/example_dag_decorator.py
[2024-08-16T13:26:16.747+0000] {processor.py:914} INFO - Processing file /home/airflow/.local/lib/python3.12/site-packages/airflow/example_dags/example_dag_decorator.py for tasks to queue
[2024-08-16T13:26:16.749+0000] {logging_mixin.py:190} INFO - [2024-08-16T13:26:16.749+0000] {dagbag.py:587} INFO - Filling up the DagBag from /home/airflow/.local/lib/python3.12/site-packages/airflow/example_dags/example_dag_decorator.py
[2024-08-16T13:26:16.763+0000] {processor.py:925} INFO - DAG(s) 'example_dag_decorator' retrieved from /home/airflow/.local/lib/python3.12/site-packages/airflow/example_dags/example_dag_decorator.py
[2024-08-16T13:26:16.789+0000] {logging_mixin.py:190} INFO - [2024-08-16T13:26:16.789+0000] {dag.py:3211} INFO - Sync 1 DAGs
[2024-08-16T13:26:16.807+0000] {logging_mixin.py:190} INFO - [2024-08-16T13:26:16.806+0000] {dag.py:4138} INFO - Setting next_dagrun for example_dag_decorator to None, run_after=None
[2024-08-16T13:26:16.829+0000] {processor.py:208} INFO - Processing /home/airflow/.local/lib/python3.12/site-packages/airflow/example_dags/example_dag_decorator.py took 0.090 seconds
[2024-08-16T13:26:47.403+0000] {processor.py:186} INFO - Started process (PID=4801) to work on /home/airflow/.local/lib/python3.12/site-packages/airflow/example_dags/example_dag_decorator.py
[2024-08-16T13:26:47.404+0000] {processor.py:914} INFO - Processing file /home/airflow/.local/lib/python3.12/site-packages/airflow/example_dags/example_dag_decorator.py for tasks to queue
[2024-08-16T13:26:47.408+0000] {logging_mixin.py:190} INFO - [2024-08-16T13:26:47.407+0000] {dagbag.py:587} INFO - Filling up the DagBag from /home/airflow/.local/lib/python3.12/site-packages/airflow/example_dags/example_dag_decorator.py
[2024-08-16T13:26:47.420+0000] {processor.py:925} INFO - DAG(s) 'example_dag_decorator' retrieved from /home/airflow/.local/lib/python3.12/site-packages/airflow/example_dags/example_dag_decorator.py
[2024-08-16T13:26:47.535+0000] {logging_mixin.py:190} INFO - [2024-08-16T13:26:47.535+0000] {dag.py:3211} INFO - Sync 1 DAGs
[2024-08-16T13:26:47.549+0000] {logging_mixin.py:190} INFO - [2024-08-16T13:26:47.549+0000] {dag.py:4138} INFO - Setting next_dagrun for example_dag_decorator to None, run_after=None
[2024-08-16T13:26:47.571+0000] {processor.py:208} INFO - Processing /home/airflow/.local/lib/python3.12/site-packages/airflow/example_dags/example_dag_decorator.py took 0.174 seconds
[2024-08-16T13:27:17.713+0000] {processor.py:186} INFO - Started process (PID=5088) to work on /home/airflow/.local/lib/python3.12/site-packages/airflow/example_dags/example_dag_decorator.py
[2024-08-16T13:27:17.714+0000] {processor.py:914} INFO - Processing file /home/airflow/.local/lib/python3.12/site-packages/airflow/example_dags/example_dag_decorator.py for tasks to queue
[2024-08-16T13:27:17.717+0000] {logging_mixin.py:190} INFO - [2024-08-16T13:27:17.717+0000] {dagbag.py:587} INFO - Filling up the DagBag from /home/airflow/.local/lib/python3.12/site-packages/airflow/example_dags/example_dag_decorator.py
[2024-08-16T13:27:17.729+0000] {processor.py:925} INFO - DAG(s) 'example_dag_decorator' retrieved from /home/airflow/.local/lib/python3.12/site-packages/airflow/example_dags/example_dag_decorator.py
[2024-08-16T13:27:17.856+0000] {logging_mixin.py:190} INFO - [2024-08-16T13:27:17.856+0000] {dag.py:3211} INFO - Sync 1 DAGs
[2024-08-16T13:27:17.872+0000] {logging_mixin.py:190} INFO - [2024-08-16T13:27:17.871+0000] {dag.py:4138} INFO - Setting next_dagrun for example_dag_decorator to None, run_after=None
[2024-08-16T13:27:17.895+0000] {processor.py:208} INFO - Processing /home/airflow/.local/lib/python3.12/site-packages/airflow/example_dags/example_dag_decorator.py took 0.188 seconds
[2024-08-16T13:27:48.246+0000] {processor.py:186} INFO - Started process (PID=5374) to work on /home/airflow/.local/lib/python3.12/site-packages/airflow/example_dags/example_dag_decorator.py
[2024-08-16T13:27:48.247+0000] {processor.py:914} INFO - Processing file /home/airflow/.local/lib/python3.12/site-packages/airflow/example_dags/example_dag_decorator.py for tasks to queue
[2024-08-16T13:27:48.251+0000] {logging_mixin.py:190} INFO - [2024-08-16T13:27:48.250+0000] {dagbag.py:587} INFO - Filling up the DagBag from /home/airflow/.local/lib/python3.12/site-packages/airflow/example_dags/example_dag_decorator.py
[2024-08-16T13:27:48.263+0000] {processor.py:925} INFO - DAG(s) 'example_dag_decorator' retrieved from /home/airflow/.local/lib/python3.12/site-packages/airflow/example_dags/example_dag_decorator.py
[2024-08-16T13:27:48.385+0000] {logging_mixin.py:190} INFO - [2024-08-16T13:27:48.384+0000] {dag.py:3211} INFO - Sync 1 DAGs
[2024-08-16T13:27:48.399+0000] {logging_mixin.py:190} INFO - [2024-08-16T13:27:48.399+0000] {dag.py:4138} INFO - Setting next_dagrun for example_dag_decorator to None, run_after=None
[2024-08-16T13:27:48.420+0000] {processor.py:208} INFO - Processing /home/airflow/.local/lib/python3.12/site-packages/airflow/example_dags/example_dag_decorator.py took 0.180 seconds
[2024-08-16T13:28:18.615+0000] {processor.py:186} INFO - Started process (PID=5660) to work on /home/airflow/.local/lib/python3.12/site-packages/airflow/example_dags/example_dag_decorator.py
[2024-08-16T13:28:18.616+0000] {processor.py:914} INFO - Processing file /home/airflow/.local/lib/python3.12/site-packages/airflow/example_dags/example_dag_decorator.py for tasks to queue
[2024-08-16T13:28:18.620+0000] {logging_mixin.py:190} INFO - [2024-08-16T13:28:18.619+0000] {dagbag.py:587} INFO - Filling up the DagBag from /home/airflow/.local/lib/python3.12/site-packages/airflow/example_dags/example_dag_decorator.py
[2024-08-16T13:28:18.631+0000] {processor.py:925} INFO - DAG(s) 'example_dag_decorator' retrieved from /home/airflow/.local/lib/python3.12/site-packages/airflow/example_dags/example_dag_decorator.py
[2024-08-16T13:28:18.774+0000] {logging_mixin.py:190} INFO - [2024-08-16T13:28:18.774+0000] {dag.py:3211} INFO - Sync 1 DAGs
[2024-08-16T13:28:18.789+0000] {logging_mixin.py:190} INFO - [2024-08-16T13:28:18.788+0000] {dag.py:4138} INFO - Setting next_dagrun for example_dag_decorator to None, run_after=None
[2024-08-16T13:28:18.832+0000] {processor.py:208} INFO - Processing /home/airflow/.local/lib/python3.12/site-packages/airflow/example_dags/example_dag_decorator.py took 0.223 seconds
[2024-08-16T13:28:49.282+0000] {processor.py:186} INFO - Started process (PID=5946) to work on /home/airflow/.local/lib/python3.12/site-packages/airflow/example_dags/example_dag_decorator.py
[2024-08-16T13:28:49.283+0000] {processor.py:914} INFO - Processing file /home/airflow/.local/lib/python3.12/site-packages/airflow/example_dags/example_dag_decorator.py for tasks to queue
[2024-08-16T13:28:49.286+0000] {logging_mixin.py:190} INFO - [2024-08-16T13:28:49.286+0000] {dagbag.py:587} INFO - Filling up the DagBag from /home/airflow/.local/lib/python3.12/site-packages/airflow/example_dags/example_dag_decorator.py
[2024-08-16T13:28:49.299+0000] {processor.py:925} INFO - DAG(s) 'example_dag_decorator' retrieved from /home/airflow/.local/lib/python3.12/site-packages/airflow/example_dags/example_dag_decorator.py
[2024-08-16T13:28:49.325+0000] {logging_mixin.py:190} INFO - [2024-08-16T13:28:49.325+0000] {dag.py:3211} INFO - Sync 1 DAGs
[2024-08-16T13:28:49.347+0000] {logging_mixin.py:190} INFO - [2024-08-16T13:28:49.346+0000] {dag.py:4138} INFO - Setting next_dagrun for example_dag_decorator to None, run_after=None
[2024-08-16T13:28:49.368+0000] {processor.py:208} INFO - Processing /home/airflow/.local/lib/python3.12/site-packages/airflow/example_dags/example_dag_decorator.py took 0.093 seconds
[2024-08-16T13:29:19.773+0000] {processor.py:186} INFO - Started process (PID=6234) to work on /home/airflow/.local/lib/python3.12/site-packages/airflow/example_dags/example_dag_decorator.py
[2024-08-16T13:29:19.774+0000] {processor.py:914} INFO - Processing file /home/airflow/.local/lib/python3.12/site-packages/airflow/example_dags/example_dag_decorator.py for tasks to queue
[2024-08-16T13:29:19.776+0000] {logging_mixin.py:190} INFO - [2024-08-16T13:29:19.776+0000] {dagbag.py:587} INFO - Filling up the DagBag from /home/airflow/.local/lib/python3.12/site-packages/airflow/example_dags/example_dag_decorator.py
[2024-08-16T13:29:19.788+0000] {processor.py:925} INFO - DAG(s) 'example_dag_decorator' retrieved from /home/airflow/.local/lib/python3.12/site-packages/airflow/example_dags/example_dag_decorator.py
[2024-08-16T13:29:19.920+0000] {logging_mixin.py:190} INFO - [2024-08-16T13:29:19.920+0000] {dag.py:3211} INFO - Sync 1 DAGs
[2024-08-16T13:29:19.937+0000] {logging_mixin.py:190} INFO - [2024-08-16T13:29:19.937+0000] {dag.py:4138} INFO - Setting next_dagrun for example_dag_decorator to None, run_after=None
[2024-08-16T13:29:19.963+0000] {processor.py:208} INFO - Processing /home/airflow/.local/lib/python3.12/site-packages/airflow/example_dags/example_dag_decorator.py took 0.196 seconds
[2024-08-16T13:29:50.465+0000] {processor.py:186} INFO - Started process (PID=6520) to work on /home/airflow/.local/lib/python3.12/site-packages/airflow/example_dags/example_dag_decorator.py
[2024-08-16T13:29:50.466+0000] {processor.py:914} INFO - Processing file /home/airflow/.local/lib/python3.12/site-packages/airflow/example_dags/example_dag_decorator.py for tasks to queue
[2024-08-16T13:29:50.468+0000] {logging_mixin.py:190} INFO - [2024-08-16T13:29:50.468+0000] {dagbag.py:587} INFO - Filling up the DagBag from /home/airflow/.local/lib/python3.12/site-packages/airflow/example_dags/example_dag_decorator.py
[2024-08-16T13:29:50.484+0000] {processor.py:925} INFO - DAG(s) 'example_dag_decorator' retrieved from /home/airflow/.local/lib/python3.12/site-packages/airflow/example_dags/example_dag_decorator.py
[2024-08-16T13:29:50.617+0000] {logging_mixin.py:190} INFO - [2024-08-16T13:29:50.616+0000] {dag.py:3211} INFO - Sync 1 DAGs
[2024-08-16T13:29:50.631+0000] {logging_mixin.py:190} INFO - [2024-08-16T13:29:50.631+0000] {dag.py:4138} INFO - Setting next_dagrun for example_dag_decorator to None, run_after=None
[2024-08-16T13:29:50.651+0000] {processor.py:208} INFO - Processing /home/airflow/.local/lib/python3.12/site-packages/airflow/example_dags/example_dag_decorator.py took 0.193 seconds
[2024-08-16T13:30:20.729+0000] {processor.py:186} INFO - Started process (PID=6805) to work on /home/airflow/.local/lib/python3.12/site-packages/airflow/example_dags/example_dag_decorator.py
[2024-08-16T13:30:20.730+0000] {processor.py:914} INFO - Processing file /home/airflow/.local/lib/python3.12/site-packages/airflow/example_dags/example_dag_decorator.py for tasks to queue
[2024-08-16T13:30:20.733+0000] {logging_mixin.py:190} INFO - [2024-08-16T13:30:20.732+0000] {dagbag.py:587} INFO - Filling up the DagBag from /home/airflow/.local/lib/python3.12/site-packages/airflow/example_dags/example_dag_decorator.py
[2024-08-16T13:30:20.746+0000] {processor.py:925} INFO - DAG(s) 'example_dag_decorator' retrieved from /home/airflow/.local/lib/python3.12/site-packages/airflow/example_dags/example_dag_decorator.py
[2024-08-16T13:30:20.868+0000] {logging_mixin.py:190} INFO - [2024-08-16T13:30:20.868+0000] {dag.py:3211} INFO - Sync 1 DAGs
[2024-08-16T13:30:20.881+0000] {logging_mixin.py:190} INFO - [2024-08-16T13:30:20.881+0000] {dag.py:4138} INFO - Setting next_dagrun for example_dag_decorator to None, run_after=None
[2024-08-16T13:30:20.901+0000] {processor.py:208} INFO - Processing /home/airflow/.local/lib/python3.12/site-packages/airflow/example_dags/example_dag_decorator.py took 0.179 seconds
[2024-08-16T13:30:51.201+0000] {processor.py:186} INFO - Started process (PID=7091) to work on /home/airflow/.local/lib/python3.12/site-packages/airflow/example_dags/example_dag_decorator.py
[2024-08-16T13:30:51.202+0000] {processor.py:914} INFO - Processing file /home/airflow/.local/lib/python3.12/site-packages/airflow/example_dags/example_dag_decorator.py for tasks to queue
[2024-08-16T13:30:51.204+0000] {logging_mixin.py:190} INFO - [2024-08-16T13:30:51.204+0000] {dagbag.py:587} INFO - Filling up the DagBag from /home/airflow/.local/lib/python3.12/site-packages/airflow/example_dags/example_dag_decorator.py
[2024-08-16T13:30:51.216+0000] {processor.py:925} INFO - DAG(s) 'example_dag_decorator' retrieved from /home/airflow/.local/lib/python3.12/site-packages/airflow/example_dags/example_dag_decorator.py
[2024-08-16T13:30:51.342+0000] {logging_mixin.py:190} INFO - [2024-08-16T13:30:51.342+0000] {dag.py:3211} INFO - Sync 1 DAGs
[2024-08-16T13:30:51.356+0000] {logging_mixin.py:190} INFO - [2024-08-16T13:30:51.356+0000] {dag.py:4138} INFO - Setting next_dagrun for example_dag_decorator to None, run_after=None
[2024-08-16T13:30:51.380+0000] {processor.py:208} INFO - Processing /home/airflow/.local/lib/python3.12/site-packages/airflow/example_dags/example_dag_decorator.py took 0.186 seconds
[2024-08-16T13:31:21.930+0000] {processor.py:186} INFO - Started process (PID=7377) to work on /home/airflow/.local/lib/python3.12/site-packages/airflow/example_dags/example_dag_decorator.py
[2024-08-16T13:31:21.931+0000] {processor.py:914} INFO - Processing file /home/airflow/.local/lib/python3.12/site-packages/airflow/example_dags/example_dag_decorator.py for tasks to queue
[2024-08-16T13:31:21.933+0000] {logging_mixin.py:190} INFO - [2024-08-16T13:31:21.933+0000] {dagbag.py:587} INFO - Filling up the DagBag from /home/airflow/.local/lib/python3.12/site-packages/airflow/example_dags/example_dag_decorator.py
[2024-08-16T13:31:21.948+0000] {processor.py:925} INFO - DAG(s) 'example_dag_decorator' retrieved from /home/airflow/.local/lib/python3.12/site-packages/airflow/example_dags/example_dag_decorator.py
[2024-08-16T13:31:22.106+0000] {logging_mixin.py:190} INFO - [2024-08-16T13:31:22.105+0000] {dag.py:3211} INFO - Sync 1 DAGs
[2024-08-16T13:31:22.123+0000] {logging_mixin.py:190} INFO - [2024-08-16T13:31:22.123+0000] {dag.py:4138} INFO - Setting next_dagrun for example_dag_decorator to None, run_after=None
[2024-08-16T13:31:22.143+0000] {processor.py:208} INFO - Processing /home/airflow/.local/lib/python3.12/site-packages/airflow/example_dags/example_dag_decorator.py took 0.220 seconds
[2024-08-16T13:31:52.447+0000] {processor.py:186} INFO - Started process (PID=7663) to work on /home/airflow/.local/lib/python3.12/site-packages/airflow/example_dags/example_dag_decorator.py
[2024-08-16T13:31:52.448+0000] {processor.py:914} INFO - Processing file /home/airflow/.local/lib/python3.12/site-packages/airflow/example_dags/example_dag_decorator.py for tasks to queue
[2024-08-16T13:31:52.451+0000] {logging_mixin.py:190} INFO - [2024-08-16T13:31:52.450+0000] {dagbag.py:587} INFO - Filling up the DagBag from /home/airflow/.local/lib/python3.12/site-packages/airflow/example_dags/example_dag_decorator.py
[2024-08-16T13:31:52.463+0000] {processor.py:925} INFO - DAG(s) 'example_dag_decorator' retrieved from /home/airflow/.local/lib/python3.12/site-packages/airflow/example_dags/example_dag_decorator.py
[2024-08-16T13:31:52.580+0000] {logging_mixin.py:190} INFO - [2024-08-16T13:31:52.580+0000] {dag.py:3211} INFO - Sync 1 DAGs
[2024-08-16T13:31:52.595+0000] {logging_mixin.py:190} INFO - [2024-08-16T13:31:52.595+0000] {dag.py:4138} INFO - Setting next_dagrun for example_dag_decorator to None, run_after=None
[2024-08-16T13:31:52.615+0000] {processor.py:208} INFO - Processing /home/airflow/.local/lib/python3.12/site-packages/airflow/example_dags/example_dag_decorator.py took 0.175 seconds
[2024-08-16T13:32:22.935+0000] {processor.py:186} INFO - Started process (PID=7949) to work on /home/airflow/.local/lib/python3.12/site-packages/airflow/example_dags/example_dag_decorator.py
[2024-08-16T13:32:22.936+0000] {processor.py:914} INFO - Processing file /home/airflow/.local/lib/python3.12/site-packages/airflow/example_dags/example_dag_decorator.py for tasks to queue
[2024-08-16T13:32:22.938+0000] {logging_mixin.py:190} INFO - [2024-08-16T13:32:22.938+0000] {dagbag.py:587} INFO - Filling up the DagBag from /home/airflow/.local/lib/python3.12/site-packages/airflow/example_dags/example_dag_decorator.py
[2024-08-16T13:32:22.953+0000] {processor.py:925} INFO - DAG(s) 'example_dag_decorator' retrieved from /home/airflow/.local/lib/python3.12/site-packages/airflow/example_dags/example_dag_decorator.py
[2024-08-16T13:32:22.979+0000] {logging_mixin.py:190} INFO - [2024-08-16T13:32:22.979+0000] {dag.py:3211} INFO - Sync 1 DAGs
[2024-08-16T13:32:22.995+0000] {logging_mixin.py:190} INFO - [2024-08-16T13:32:22.995+0000] {dag.py:4138} INFO - Setting next_dagrun for example_dag_decorator to None, run_after=None
[2024-08-16T13:32:23.016+0000] {processor.py:208} INFO - Processing /home/airflow/.local/lib/python3.12/site-packages/airflow/example_dags/example_dag_decorator.py took 0.088 seconds
[2024-08-16T13:32:53.303+0000] {processor.py:186} INFO - Started process (PID=8235) to work on /home/airflow/.local/lib/python3.12/site-packages/airflow/example_dags/example_dag_decorator.py
[2024-08-16T13:32:53.304+0000] {processor.py:914} INFO - Processing file /home/airflow/.local/lib/python3.12/site-packages/airflow/example_dags/example_dag_decorator.py for tasks to queue
[2024-08-16T13:32:53.307+0000] {logging_mixin.py:190} INFO - [2024-08-16T13:32:53.306+0000] {dagbag.py:587} INFO - Filling up the DagBag from /home/airflow/.local/lib/python3.12/site-packages/airflow/example_dags/example_dag_decorator.py
[2024-08-16T13:32:53.319+0000] {processor.py:925} INFO - DAG(s) 'example_dag_decorator' retrieved from /home/airflow/.local/lib/python3.12/site-packages/airflow/example_dags/example_dag_decorator.py
[2024-08-16T13:32:53.351+0000] {logging_mixin.py:190} INFO - [2024-08-16T13:32:53.351+0000] {dag.py:3211} INFO - Sync 1 DAGs
[2024-08-16T13:32:53.367+0000] {logging_mixin.py:190} INFO - [2024-08-16T13:32:53.367+0000] {dag.py:4138} INFO - Setting next_dagrun for example_dag_decorator to None, run_after=None
[2024-08-16T13:32:53.387+0000] {processor.py:208} INFO - Processing /home/airflow/.local/lib/python3.12/site-packages/airflow/example_dags/example_dag_decorator.py took 0.090 seconds
[2024-08-16T13:33:23.704+0000] {processor.py:186} INFO - Started process (PID=8521) to work on /home/airflow/.local/lib/python3.12/site-packages/airflow/example_dags/example_dag_decorator.py
[2024-08-16T13:33:23.705+0000] {processor.py:914} INFO - Processing file /home/airflow/.local/lib/python3.12/site-packages/airflow/example_dags/example_dag_decorator.py for tasks to queue
[2024-08-16T13:33:23.708+0000] {logging_mixin.py:190} INFO - [2024-08-16T13:33:23.707+0000] {dagbag.py:587} INFO - Filling up the DagBag from /home/airflow/.local/lib/python3.12/site-packages/airflow/example_dags/example_dag_decorator.py
[2024-08-16T13:33:23.719+0000] {processor.py:925} INFO - DAG(s) 'example_dag_decorator' retrieved from /home/airflow/.local/lib/python3.12/site-packages/airflow/example_dags/example_dag_decorator.py
[2024-08-16T13:33:23.745+0000] {logging_mixin.py:190} INFO - [2024-08-16T13:33:23.745+0000] {dag.py:3211} INFO - Sync 1 DAGs
[2024-08-16T13:33:23.760+0000] {logging_mixin.py:190} INFO - [2024-08-16T13:33:23.760+0000] {dag.py:4138} INFO - Setting next_dagrun for example_dag_decorator to None, run_after=None
[2024-08-16T13:33:23.781+0000] {processor.py:208} INFO - Processing /home/airflow/.local/lib/python3.12/site-packages/airflow/example_dags/example_dag_decorator.py took 0.084 seconds
[2024-08-16T13:33:54.144+0000] {processor.py:186} INFO - Started process (PID=8807) to work on /home/airflow/.local/lib/python3.12/site-packages/airflow/example_dags/example_dag_decorator.py
[2024-08-16T13:33:54.146+0000] {processor.py:914} INFO - Processing file /home/airflow/.local/lib/python3.12/site-packages/airflow/example_dags/example_dag_decorator.py for tasks to queue
[2024-08-16T13:33:54.148+0000] {logging_mixin.py:190} INFO - [2024-08-16T13:33:54.148+0000] {dagbag.py:587} INFO - Filling up the DagBag from /home/airflow/.local/lib/python3.12/site-packages/airflow/example_dags/example_dag_decorator.py
[2024-08-16T13:33:54.160+0000] {processor.py:925} INFO - DAG(s) 'example_dag_decorator' retrieved from /home/airflow/.local/lib/python3.12/site-packages/airflow/example_dags/example_dag_decorator.py
[2024-08-16T13:33:54.283+0000] {logging_mixin.py:190} INFO - [2024-08-16T13:33:54.283+0000] {dag.py:3211} INFO - Sync 1 DAGs
[2024-08-16T13:33:54.296+0000] {logging_mixin.py:190} INFO - [2024-08-16T13:33:54.296+0000] {dag.py:4138} INFO - Setting next_dagrun for example_dag_decorator to None, run_after=None
[2024-08-16T13:33:54.315+0000] {processor.py:208} INFO - Processing /home/airflow/.local/lib/python3.12/site-packages/airflow/example_dags/example_dag_decorator.py took 0.179 seconds
[2024-08-16T13:34:24.521+0000] {processor.py:186} INFO - Started process (PID=9093) to work on /home/airflow/.local/lib/python3.12/site-packages/airflow/example_dags/example_dag_decorator.py
[2024-08-16T13:34:24.522+0000] {processor.py:914} INFO - Processing file /home/airflow/.local/lib/python3.12/site-packages/airflow/example_dags/example_dag_decorator.py for tasks to queue
[2024-08-16T13:34:24.525+0000] {logging_mixin.py:190} INFO - [2024-08-16T13:34:24.525+0000] {dagbag.py:587} INFO - Filling up the DagBag from /home/airflow/.local/lib/python3.12/site-packages/airflow/example_dags/example_dag_decorator.py
[2024-08-16T13:34:24.537+0000] {processor.py:925} INFO - DAG(s) 'example_dag_decorator' retrieved from /home/airflow/.local/lib/python3.12/site-packages/airflow/example_dags/example_dag_decorator.py
[2024-08-16T13:34:24.567+0000] {logging_mixin.py:190} INFO - [2024-08-16T13:34:24.567+0000] {dag.py:3211} INFO - Sync 1 DAGs
[2024-08-16T13:34:24.586+0000] {logging_mixin.py:190} INFO - [2024-08-16T13:34:24.586+0000] {dag.py:4138} INFO - Setting next_dagrun for example_dag_decorator to None, run_after=None
[2024-08-16T13:34:24.610+0000] {processor.py:208} INFO - Processing /home/airflow/.local/lib/python3.12/site-packages/airflow/example_dags/example_dag_decorator.py took 0.096 seconds
[2024-08-16T13:34:55.012+0000] {processor.py:186} INFO - Started process (PID=9379) to work on /home/airflow/.local/lib/python3.12/site-packages/airflow/example_dags/example_dag_decorator.py
[2024-08-16T13:34:55.013+0000] {processor.py:914} INFO - Processing file /home/airflow/.local/lib/python3.12/site-packages/airflow/example_dags/example_dag_decorator.py for tasks to queue
[2024-08-16T13:34:55.016+0000] {logging_mixin.py:190} INFO - [2024-08-16T13:34:55.015+0000] {dagbag.py:587} INFO - Filling up the DagBag from /home/airflow/.local/lib/python3.12/site-packages/airflow/example_dags/example_dag_decorator.py
[2024-08-16T13:34:55.028+0000] {processor.py:925} INFO - DAG(s) 'example_dag_decorator' retrieved from /home/airflow/.local/lib/python3.12/site-packages/airflow/example_dags/example_dag_decorator.py
[2024-08-16T13:34:55.056+0000] {logging_mixin.py:190} INFO - [2024-08-16T13:34:55.056+0000] {dag.py:3211} INFO - Sync 1 DAGs
[2024-08-16T13:34:55.073+0000] {logging_mixin.py:190} INFO - [2024-08-16T13:34:55.073+0000] {dag.py:4138} INFO - Setting next_dagrun for example_dag_decorator to None, run_after=None
[2024-08-16T13:34:55.092+0000] {processor.py:208} INFO - Processing /home/airflow/.local/lib/python3.12/site-packages/airflow/example_dags/example_dag_decorator.py took 0.087 seconds
[2024-08-16T13:35:25.476+0000] {processor.py:186} INFO - Started process (PID=9665) to work on /home/airflow/.local/lib/python3.12/site-packages/airflow/example_dags/example_dag_decorator.py
[2024-08-16T13:35:25.478+0000] {processor.py:914} INFO - Processing file /home/airflow/.local/lib/python3.12/site-packages/airflow/example_dags/example_dag_decorator.py for tasks to queue
[2024-08-16T13:35:25.480+0000] {logging_mixin.py:190} INFO - [2024-08-16T13:35:25.480+0000] {dagbag.py:587} INFO - Filling up the DagBag from /home/airflow/.local/lib/python3.12/site-packages/airflow/example_dags/example_dag_decorator.py
[2024-08-16T13:35:25.492+0000] {processor.py:925} INFO - DAG(s) 'example_dag_decorator' retrieved from /home/airflow/.local/lib/python3.12/site-packages/airflow/example_dags/example_dag_decorator.py
[2024-08-16T13:35:25.619+0000] {logging_mixin.py:190} INFO - [2024-08-16T13:35:25.618+0000] {dag.py:3211} INFO - Sync 1 DAGs
[2024-08-16T13:35:25.632+0000] {logging_mixin.py:190} INFO - [2024-08-16T13:35:25.632+0000] {dag.py:4138} INFO - Setting next_dagrun for example_dag_decorator to None, run_after=None
[2024-08-16T13:35:25.656+0000] {processor.py:208} INFO - Processing /home/airflow/.local/lib/python3.12/site-packages/airflow/example_dags/example_dag_decorator.py took 0.186 seconds
[2024-08-16T13:35:56.199+0000] {processor.py:186} INFO - Started process (PID=9953) to work on /home/airflow/.local/lib/python3.12/site-packages/airflow/example_dags/example_dag_decorator.py
[2024-08-16T13:35:56.200+0000] {processor.py:914} INFO - Processing file /home/airflow/.local/lib/python3.12/site-packages/airflow/example_dags/example_dag_decorator.py for tasks to queue
[2024-08-16T13:35:56.202+0000] {logging_mixin.py:190} INFO - [2024-08-16T13:35:56.202+0000] {dagbag.py:587} INFO - Filling up the DagBag from /home/airflow/.local/lib/python3.12/site-packages/airflow/example_dags/example_dag_decorator.py
[2024-08-16T13:35:56.214+0000] {processor.py:925} INFO - DAG(s) 'example_dag_decorator' retrieved from /home/airflow/.local/lib/python3.12/site-packages/airflow/example_dags/example_dag_decorator.py
[2024-08-16T13:35:56.350+0000] {logging_mixin.py:190} INFO - [2024-08-16T13:35:56.350+0000] {dag.py:3211} INFO - Sync 1 DAGs
[2024-08-16T13:35:56.370+0000] {logging_mixin.py:190} INFO - [2024-08-16T13:35:56.370+0000] {dag.py:4138} INFO - Setting next_dagrun for example_dag_decorator to None, run_after=None
[2024-08-16T13:35:56.393+0000] {processor.py:208} INFO - Processing /home/airflow/.local/lib/python3.12/site-packages/airflow/example_dags/example_dag_decorator.py took 0.202 seconds
[2024-08-16T13:36:26.598+0000] {processor.py:186} INFO - Started process (PID=10237) to work on /home/airflow/.local/lib/python3.12/site-packages/airflow/example_dags/example_dag_decorator.py
[2024-08-16T13:36:26.599+0000] {processor.py:914} INFO - Processing file /home/airflow/.local/lib/python3.12/site-packages/airflow/example_dags/example_dag_decorator.py for tasks to queue
[2024-08-16T13:36:26.601+0000] {logging_mixin.py:190} INFO - [2024-08-16T13:36:26.601+0000] {dagbag.py:587} INFO - Filling up the DagBag from /home/airflow/.local/lib/python3.12/site-packages/airflow/example_dags/example_dag_decorator.py
[2024-08-16T13:36:26.614+0000] {processor.py:925} INFO - DAG(s) 'example_dag_decorator' retrieved from /home/airflow/.local/lib/python3.12/site-packages/airflow/example_dags/example_dag_decorator.py
[2024-08-16T13:36:26.732+0000] {logging_mixin.py:190} INFO - [2024-08-16T13:36:26.732+0000] {dag.py:3211} INFO - Sync 1 DAGs
[2024-08-16T13:36:26.745+0000] {logging_mixin.py:190} INFO - [2024-08-16T13:36:26.745+0000] {dag.py:4138} INFO - Setting next_dagrun for example_dag_decorator to None, run_after=None
[2024-08-16T13:36:26.770+0000] {processor.py:208} INFO - Processing /home/airflow/.local/lib/python3.12/site-packages/airflow/example_dags/example_dag_decorator.py took 0.179 seconds
[2024-08-16T13:36:56.975+0000] {processor.py:186} INFO - Started process (PID=10523) to work on /home/airflow/.local/lib/python3.12/site-packages/airflow/example_dags/example_dag_decorator.py
[2024-08-16T13:36:56.976+0000] {processor.py:914} INFO - Processing file /home/airflow/.local/lib/python3.12/site-packages/airflow/example_dags/example_dag_decorator.py for tasks to queue
[2024-08-16T13:36:56.979+0000] {logging_mixin.py:190} INFO - [2024-08-16T13:36:56.978+0000] {dagbag.py:587} INFO - Filling up the DagBag from /home/airflow/.local/lib/python3.12/site-packages/airflow/example_dags/example_dag_decorator.py
[2024-08-16T13:36:56.990+0000] {processor.py:925} INFO - DAG(s) 'example_dag_decorator' retrieved from /home/airflow/.local/lib/python3.12/site-packages/airflow/example_dags/example_dag_decorator.py
[2024-08-16T13:36:57.019+0000] {logging_mixin.py:190} INFO - [2024-08-16T13:36:57.018+0000] {dag.py:3211} INFO - Sync 1 DAGs
[2024-08-16T13:36:57.036+0000] {logging_mixin.py:190} INFO - [2024-08-16T13:36:57.035+0000] {dag.py:4138} INFO - Setting next_dagrun for example_dag_decorator to None, run_after=None
[2024-08-16T13:36:57.059+0000] {processor.py:208} INFO - Processing /home/airflow/.local/lib/python3.12/site-packages/airflow/example_dags/example_dag_decorator.py took 0.090 seconds
[2024-08-16T13:37:27.294+0000] {processor.py:186} INFO - Started process (PID=10810) to work on /home/airflow/.local/lib/python3.12/site-packages/airflow/example_dags/example_dag_decorator.py
[2024-08-16T13:37:27.295+0000] {processor.py:914} INFO - Processing file /home/airflow/.local/lib/python3.12/site-packages/airflow/example_dags/example_dag_decorator.py for tasks to queue
[2024-08-16T13:37:27.297+0000] {logging_mixin.py:190} INFO - [2024-08-16T13:37:27.297+0000] {dagbag.py:587} INFO - Filling up the DagBag from /home/airflow/.local/lib/python3.12/site-packages/airflow/example_dags/example_dag_decorator.py
[2024-08-16T13:37:27.309+0000] {processor.py:925} INFO - DAG(s) 'example_dag_decorator' retrieved from /home/airflow/.local/lib/python3.12/site-packages/airflow/example_dags/example_dag_decorator.py
[2024-08-16T13:37:27.441+0000] {logging_mixin.py:190} INFO - [2024-08-16T13:37:27.441+0000] {dag.py:3211} INFO - Sync 1 DAGs
[2024-08-16T13:37:27.456+0000] {logging_mixin.py:190} INFO - [2024-08-16T13:37:27.456+0000] {dag.py:4138} INFO - Setting next_dagrun for example_dag_decorator to None, run_after=None
[2024-08-16T13:37:27.477+0000] {processor.py:208} INFO - Processing /home/airflow/.local/lib/python3.12/site-packages/airflow/example_dags/example_dag_decorator.py took 0.191 seconds
[2024-08-16T13:37:57.712+0000] {processor.py:186} INFO - Started process (PID=11096) to work on /home/airflow/.local/lib/python3.12/site-packages/airflow/example_dags/example_dag_decorator.py
[2024-08-16T13:37:57.713+0000] {processor.py:914} INFO - Processing file /home/airflow/.local/lib/python3.12/site-packages/airflow/example_dags/example_dag_decorator.py for tasks to queue
[2024-08-16T13:37:57.715+0000] {logging_mixin.py:190} INFO - [2024-08-16T13:37:57.715+0000] {dagbag.py:587} INFO - Filling up the DagBag from /home/airflow/.local/lib/python3.12/site-packages/airflow/example_dags/example_dag_decorator.py
[2024-08-16T13:37:57.730+0000] {processor.py:925} INFO - DAG(s) 'example_dag_decorator' retrieved from /home/airflow/.local/lib/python3.12/site-packages/airflow/example_dags/example_dag_decorator.py
[2024-08-16T13:37:57.842+0000] {logging_mixin.py:190} INFO - [2024-08-16T13:37:57.841+0000] {dag.py:3211} INFO - Sync 1 DAGs
[2024-08-16T13:37:57.857+0000] {logging_mixin.py:190} INFO - [2024-08-16T13:37:57.857+0000] {dag.py:4138} INFO - Setting next_dagrun for example_dag_decorator to None, run_after=None
[2024-08-16T13:37:57.878+0000] {processor.py:208} INFO - Processing /home/airflow/.local/lib/python3.12/site-packages/airflow/example_dags/example_dag_decorator.py took 0.174 seconds
[2024-08-16T13:38:28.138+0000] {processor.py:186} INFO - Started process (PID=11382) to work on /home/airflow/.local/lib/python3.12/site-packages/airflow/example_dags/example_dag_decorator.py
[2024-08-16T13:38:28.140+0000] {processor.py:914} INFO - Processing file /home/airflow/.local/lib/python3.12/site-packages/airflow/example_dags/example_dag_decorator.py for tasks to queue
[2024-08-16T13:38:28.142+0000] {logging_mixin.py:190} INFO - [2024-08-16T13:38:28.142+0000] {dagbag.py:587} INFO - Filling up the DagBag from /home/airflow/.local/lib/python3.12/site-packages/airflow/example_dags/example_dag_decorator.py
[2024-08-16T13:38:28.154+0000] {processor.py:925} INFO - DAG(s) 'example_dag_decorator' retrieved from /home/airflow/.local/lib/python3.12/site-packages/airflow/example_dags/example_dag_decorator.py
[2024-08-16T13:38:28.271+0000] {logging_mixin.py:190} INFO - [2024-08-16T13:38:28.271+0000] {dag.py:3211} INFO - Sync 1 DAGs
[2024-08-16T13:38:28.288+0000] {logging_mixin.py:190} INFO - [2024-08-16T13:38:28.287+0000] {dag.py:4138} INFO - Setting next_dagrun for example_dag_decorator to None, run_after=None
[2024-08-16T13:38:28.308+0000] {processor.py:208} INFO - Processing /home/airflow/.local/lib/python3.12/site-packages/airflow/example_dags/example_dag_decorator.py took 0.177 seconds
[2024-08-16T13:38:58.496+0000] {processor.py:186} INFO - Started process (PID=11668) to work on /home/airflow/.local/lib/python3.12/site-packages/airflow/example_dags/example_dag_decorator.py
[2024-08-16T13:38:58.497+0000] {processor.py:914} INFO - Processing file /home/airflow/.local/lib/python3.12/site-packages/airflow/example_dags/example_dag_decorator.py for tasks to queue
[2024-08-16T13:38:58.500+0000] {logging_mixin.py:190} INFO - [2024-08-16T13:38:58.500+0000] {dagbag.py:587} INFO - Filling up the DagBag from /home/airflow/.local/lib/python3.12/site-packages/airflow/example_dags/example_dag_decorator.py
[2024-08-16T13:38:58.512+0000] {processor.py:925} INFO - DAG(s) 'example_dag_decorator' retrieved from /home/airflow/.local/lib/python3.12/site-packages/airflow/example_dags/example_dag_decorator.py
[2024-08-16T13:38:58.644+0000] {logging_mixin.py:190} INFO - [2024-08-16T13:38:58.644+0000] {dag.py:3211} INFO - Sync 1 DAGs
[2024-08-16T13:38:58.658+0000] {logging_mixin.py:190} INFO - [2024-08-16T13:38:58.658+0000] {dag.py:4138} INFO - Setting next_dagrun for example_dag_decorator to None, run_after=None
[2024-08-16T13:38:58.680+0000] {processor.py:208} INFO - Processing /home/airflow/.local/lib/python3.12/site-packages/airflow/example_dags/example_dag_decorator.py took 0.190 seconds
[2024-08-16T13:39:28.835+0000] {processor.py:186} INFO - Started process (PID=11954) to work on /home/airflow/.local/lib/python3.12/site-packages/airflow/example_dags/example_dag_decorator.py
[2024-08-16T13:39:28.836+0000] {processor.py:914} INFO - Processing file /home/airflow/.local/lib/python3.12/site-packages/airflow/example_dags/example_dag_decorator.py for tasks to queue
[2024-08-16T13:39:28.839+0000] {logging_mixin.py:190} INFO - [2024-08-16T13:39:28.839+0000] {dagbag.py:587} INFO - Filling up the DagBag from /home/airflow/.local/lib/python3.12/site-packages/airflow/example_dags/example_dag_decorator.py
[2024-08-16T13:39:28.852+0000] {processor.py:925} INFO - DAG(s) 'example_dag_decorator' retrieved from /home/airflow/.local/lib/python3.12/site-packages/airflow/example_dags/example_dag_decorator.py
[2024-08-16T13:39:28.970+0000] {logging_mixin.py:190} INFO - [2024-08-16T13:39:28.970+0000] {dag.py:3211} INFO - Sync 1 DAGs
[2024-08-16T13:39:28.984+0000] {logging_mixin.py:190} INFO - [2024-08-16T13:39:28.984+0000] {dag.py:4138} INFO - Setting next_dagrun for example_dag_decorator to None, run_after=None
[2024-08-16T13:39:29.008+0000] {processor.py:208} INFO - Processing /home/airflow/.local/lib/python3.12/site-packages/airflow/example_dags/example_dag_decorator.py took 0.182 seconds
[2024-08-16T13:39:59.862+0000] {processor.py:186} INFO - Started process (PID=12240) to work on /home/airflow/.local/lib/python3.12/site-packages/airflow/example_dags/example_dag_decorator.py
[2024-08-16T13:39:59.863+0000] {processor.py:914} INFO - Processing file /home/airflow/.local/lib/python3.12/site-packages/airflow/example_dags/example_dag_decorator.py for tasks to queue
[2024-08-16T13:39:59.866+0000] {logging_mixin.py:190} INFO - [2024-08-16T13:39:59.865+0000] {dagbag.py:587} INFO - Filling up the DagBag from /home/airflow/.local/lib/python3.12/site-packages/airflow/example_dags/example_dag_decorator.py
[2024-08-16T13:39:59.877+0000] {processor.py:925} INFO - DAG(s) 'example_dag_decorator' retrieved from /home/airflow/.local/lib/python3.12/site-packages/airflow/example_dags/example_dag_decorator.py
[2024-08-16T13:39:59.906+0000] {logging_mixin.py:190} INFO - [2024-08-16T13:39:59.905+0000] {dag.py:3211} INFO - Sync 1 DAGs
[2024-08-16T13:39:59.925+0000] {logging_mixin.py:190} INFO - [2024-08-16T13:39:59.925+0000] {dag.py:4138} INFO - Setting next_dagrun for example_dag_decorator to None, run_after=None
[2024-08-16T13:39:59.948+0000] {processor.py:208} INFO - Processing /home/airflow/.local/lib/python3.12/site-packages/airflow/example_dags/example_dag_decorator.py took 0.095 seconds
[2024-08-16T13:40:30.320+0000] {processor.py:186} INFO - Started process (PID=12526) to work on /home/airflow/.local/lib/python3.12/site-packages/airflow/example_dags/example_dag_decorator.py
[2024-08-16T13:40:30.322+0000] {processor.py:914} INFO - Processing file /home/airflow/.local/lib/python3.12/site-packages/airflow/example_dags/example_dag_decorator.py for tasks to queue
[2024-08-16T13:40:30.324+0000] {logging_mixin.py:190} INFO - [2024-08-16T13:40:30.324+0000] {dagbag.py:587} INFO - Filling up the DagBag from /home/airflow/.local/lib/python3.12/site-packages/airflow/example_dags/example_dag_decorator.py
[2024-08-16T13:40:30.336+0000] {processor.py:925} INFO - DAG(s) 'example_dag_decorator' retrieved from /home/airflow/.local/lib/python3.12/site-packages/airflow/example_dags/example_dag_decorator.py
[2024-08-16T13:40:30.364+0000] {logging_mixin.py:190} INFO - [2024-08-16T13:40:30.364+0000] {dag.py:3211} INFO - Sync 1 DAGs
[2024-08-16T13:40:30.381+0000] {logging_mixin.py:190} INFO - [2024-08-16T13:40:30.381+0000] {dag.py:4138} INFO - Setting next_dagrun for example_dag_decorator to None, run_after=None
[2024-08-16T13:40:30.402+0000] {processor.py:208} INFO - Processing /home/airflow/.local/lib/python3.12/site-packages/airflow/example_dags/example_dag_decorator.py took 0.091 seconds
[2024-08-16T13:41:01.139+0000] {processor.py:186} INFO - Started process (PID=12812) to work on /home/airflow/.local/lib/python3.12/site-packages/airflow/example_dags/example_dag_decorator.py
[2024-08-16T13:41:01.140+0000] {processor.py:914} INFO - Processing file /home/airflow/.local/lib/python3.12/site-packages/airflow/example_dags/example_dag_decorator.py for tasks to queue
[2024-08-16T13:41:01.143+0000] {logging_mixin.py:190} INFO - [2024-08-16T13:41:01.142+0000] {dagbag.py:587} INFO - Filling up the DagBag from /home/airflow/.local/lib/python3.12/site-packages/airflow/example_dags/example_dag_decorator.py
[2024-08-16T13:41:01.154+0000] {processor.py:925} INFO - DAG(s) 'example_dag_decorator' retrieved from /home/airflow/.local/lib/python3.12/site-packages/airflow/example_dags/example_dag_decorator.py
[2024-08-16T13:41:01.285+0000] {logging_mixin.py:190} INFO - [2024-08-16T13:41:01.285+0000] {dag.py:3211} INFO - Sync 1 DAGs
[2024-08-16T13:41:01.301+0000] {logging_mixin.py:190} INFO - [2024-08-16T13:41:01.301+0000] {dag.py:4138} INFO - Setting next_dagrun for example_dag_decorator to None, run_after=None
[2024-08-16T13:41:01.325+0000] {processor.py:208} INFO - Processing /home/airflow/.local/lib/python3.12/site-packages/airflow/example_dags/example_dag_decorator.py took 0.193 seconds
[2024-08-16T13:41:31.776+0000] {processor.py:186} INFO - Started process (PID=13098) to work on /home/airflow/.local/lib/python3.12/site-packages/airflow/example_dags/example_dag_decorator.py
[2024-08-16T13:41:31.777+0000] {processor.py:914} INFO - Processing file /home/airflow/.local/lib/python3.12/site-packages/airflow/example_dags/example_dag_decorator.py for tasks to queue
[2024-08-16T13:41:31.780+0000] {logging_mixin.py:190} INFO - [2024-08-16T13:41:31.779+0000] {dagbag.py:587} INFO - Filling up the DagBag from /home/airflow/.local/lib/python3.12/site-packages/airflow/example_dags/example_dag_decorator.py
[2024-08-16T13:41:31.794+0000] {processor.py:925} INFO - DAG(s) 'example_dag_decorator' retrieved from /home/airflow/.local/lib/python3.12/site-packages/airflow/example_dags/example_dag_decorator.py
[2024-08-16T13:41:31.912+0000] {logging_mixin.py:190} INFO - [2024-08-16T13:41:31.912+0000] {dag.py:3211} INFO - Sync 1 DAGs
[2024-08-16T13:41:31.927+0000] {logging_mixin.py:190} INFO - [2024-08-16T13:41:31.927+0000] {dag.py:4138} INFO - Setting next_dagrun for example_dag_decorator to None, run_after=None
[2024-08-16T13:41:31.949+0000] {processor.py:208} INFO - Processing /home/airflow/.local/lib/python3.12/site-packages/airflow/example_dags/example_dag_decorator.py took 0.180 seconds
[2024-08-16T13:42:02.438+0000] {processor.py:186} INFO - Started process (PID=13384) to work on /home/airflow/.local/lib/python3.12/site-packages/airflow/example_dags/example_dag_decorator.py
[2024-08-16T13:42:02.439+0000] {processor.py:914} INFO - Processing file /home/airflow/.local/lib/python3.12/site-packages/airflow/example_dags/example_dag_decorator.py for tasks to queue
[2024-08-16T13:42:02.442+0000] {logging_mixin.py:190} INFO - [2024-08-16T13:42:02.441+0000] {dagbag.py:587} INFO - Filling up the DagBag from /home/airflow/.local/lib/python3.12/site-packages/airflow/example_dags/example_dag_decorator.py
[2024-08-16T13:42:02.453+0000] {processor.py:925} INFO - DAG(s) 'example_dag_decorator' retrieved from /home/airflow/.local/lib/python3.12/site-packages/airflow/example_dags/example_dag_decorator.py
[2024-08-16T13:42:02.484+0000] {logging_mixin.py:190} INFO - [2024-08-16T13:42:02.484+0000] {dag.py:3211} INFO - Sync 1 DAGs
[2024-08-16T13:42:02.500+0000] {logging_mixin.py:190} INFO - [2024-08-16T13:42:02.499+0000] {dag.py:4138} INFO - Setting next_dagrun for example_dag_decorator to None, run_after=None
[2024-08-16T13:42:02.520+0000] {processor.py:208} INFO - Processing /home/airflow/.local/lib/python3.12/site-packages/airflow/example_dags/example_dag_decorator.py took 0.089 seconds
[2024-08-16T13:42:33.355+0000] {processor.py:186} INFO - Started process (PID=13670) to work on /home/airflow/.local/lib/python3.12/site-packages/airflow/example_dags/example_dag_decorator.py
[2024-08-16T13:42:33.356+0000] {processor.py:914} INFO - Processing file /home/airflow/.local/lib/python3.12/site-packages/airflow/example_dags/example_dag_decorator.py for tasks to queue
[2024-08-16T13:42:33.358+0000] {logging_mixin.py:190} INFO - [2024-08-16T13:42:33.358+0000] {dagbag.py:587} INFO - Filling up the DagBag from /home/airflow/.local/lib/python3.12/site-packages/airflow/example_dags/example_dag_decorator.py
[2024-08-16T13:42:33.371+0000] {processor.py:925} INFO - DAG(s) 'example_dag_decorator' retrieved from /home/airflow/.local/lib/python3.12/site-packages/airflow/example_dags/example_dag_decorator.py
[2024-08-16T13:42:33.397+0000] {logging_mixin.py:190} INFO - [2024-08-16T13:42:33.397+0000] {dag.py:3211} INFO - Sync 1 DAGs
[2024-08-16T13:42:33.412+0000] {logging_mixin.py:190} INFO - [2024-08-16T13:42:33.412+0000] {dag.py:4138} INFO - Setting next_dagrun for example_dag_decorator to None, run_after=None
[2024-08-16T13:42:33.434+0000] {processor.py:208} INFO - Processing /home/airflow/.local/lib/python3.12/site-packages/airflow/example_dags/example_dag_decorator.py took 0.086 seconds
[2024-08-16T13:43:04.288+0000] {processor.py:186} INFO - Started process (PID=13956) to work on /home/airflow/.local/lib/python3.12/site-packages/airflow/example_dags/example_dag_decorator.py
[2024-08-16T13:43:04.289+0000] {processor.py:914} INFO - Processing file /home/airflow/.local/lib/python3.12/site-packages/airflow/example_dags/example_dag_decorator.py for tasks to queue
[2024-08-16T13:43:04.291+0000] {logging_mixin.py:190} INFO - [2024-08-16T13:43:04.291+0000] {dagbag.py:587} INFO - Filling up the DagBag from /home/airflow/.local/lib/python3.12/site-packages/airflow/example_dags/example_dag_decorator.py
[2024-08-16T13:43:04.326+0000] {processor.py:925} INFO - DAG(s) 'example_dag_decorator' retrieved from /home/airflow/.local/lib/python3.12/site-packages/airflow/example_dags/example_dag_decorator.py
[2024-08-16T13:43:04.456+0000] {logging_mixin.py:190} INFO - [2024-08-16T13:43:04.455+0000] {dag.py:3211} INFO - Sync 1 DAGs
[2024-08-16T13:43:04.471+0000] {logging_mixin.py:190} INFO - [2024-08-16T13:43:04.470+0000] {dag.py:4138} INFO - Setting next_dagrun for example_dag_decorator to None, run_after=None
[2024-08-16T13:43:04.491+0000] {processor.py:208} INFO - Processing /home/airflow/.local/lib/python3.12/site-packages/airflow/example_dags/example_dag_decorator.py took 0.209 seconds
[2024-08-16T13:43:34.926+0000] {processor.py:186} INFO - Started process (PID=14243) to work on /home/airflow/.local/lib/python3.12/site-packages/airflow/example_dags/example_dag_decorator.py
[2024-08-16T13:43:34.927+0000] {processor.py:914} INFO - Processing file /home/airflow/.local/lib/python3.12/site-packages/airflow/example_dags/example_dag_decorator.py for tasks to queue
[2024-08-16T13:43:34.930+0000] {logging_mixin.py:190} INFO - [2024-08-16T13:43:34.930+0000] {dagbag.py:587} INFO - Filling up the DagBag from /home/airflow/.local/lib/python3.12/site-packages/airflow/example_dags/example_dag_decorator.py
[2024-08-16T13:43:34.948+0000] {processor.py:925} INFO - DAG(s) 'example_dag_decorator' retrieved from /home/airflow/.local/lib/python3.12/site-packages/airflow/example_dags/example_dag_decorator.py
[2024-08-16T13:43:35.069+0000] {logging_mixin.py:190} INFO - [2024-08-16T13:43:35.068+0000] {dag.py:3211} INFO - Sync 1 DAGs
[2024-08-16T13:43:35.085+0000] {logging_mixin.py:190} INFO - [2024-08-16T13:43:35.085+0000] {dag.py:4138} INFO - Setting next_dagrun for example_dag_decorator to None, run_after=None
[2024-08-16T13:43:35.106+0000] {processor.py:208} INFO - Processing /home/airflow/.local/lib/python3.12/site-packages/airflow/example_dags/example_dag_decorator.py took 0.186 seconds
[2024-08-16T13:44:05.484+0000] {processor.py:186} INFO - Started process (PID=14528) to work on /home/airflow/.local/lib/python3.12/site-packages/airflow/example_dags/example_dag_decorator.py
[2024-08-16T13:44:05.486+0000] {processor.py:914} INFO - Processing file /home/airflow/.local/lib/python3.12/site-packages/airflow/example_dags/example_dag_decorator.py for tasks to queue
[2024-08-16T13:44:05.488+0000] {logging_mixin.py:190} INFO - [2024-08-16T13:44:05.488+0000] {dagbag.py:587} INFO - Filling up the DagBag from /home/airflow/.local/lib/python3.12/site-packages/airflow/example_dags/example_dag_decorator.py
[2024-08-16T13:44:05.501+0000] {processor.py:925} INFO - DAG(s) 'example_dag_decorator' retrieved from /home/airflow/.local/lib/python3.12/site-packages/airflow/example_dags/example_dag_decorator.py
[2024-08-16T13:44:05.619+0000] {logging_mixin.py:190} INFO - [2024-08-16T13:44:05.619+0000] {dag.py:3211} INFO - Sync 1 DAGs
[2024-08-16T13:44:05.633+0000] {logging_mixin.py:190} INFO - [2024-08-16T13:44:05.632+0000] {dag.py:4138} INFO - Setting next_dagrun for example_dag_decorator to None, run_after=None
[2024-08-16T13:44:05.829+0000] {processor.py:208} INFO - Processing /home/airflow/.local/lib/python3.12/site-packages/airflow/example_dags/example_dag_decorator.py took 0.353 seconds
[2024-08-16T13:44:36.103+0000] {processor.py:186} INFO - Started process (PID=14814) to work on /home/airflow/.local/lib/python3.12/site-packages/airflow/example_dags/example_dag_decorator.py
[2024-08-16T13:44:36.104+0000] {processor.py:914} INFO - Processing file /home/airflow/.local/lib/python3.12/site-packages/airflow/example_dags/example_dag_decorator.py for tasks to queue
[2024-08-16T13:44:36.107+0000] {logging_mixin.py:190} INFO - [2024-08-16T13:44:36.106+0000] {dagbag.py:587} INFO - Filling up the DagBag from /home/airflow/.local/lib/python3.12/site-packages/airflow/example_dags/example_dag_decorator.py
[2024-08-16T13:44:36.118+0000] {processor.py:925} INFO - DAG(s) 'example_dag_decorator' retrieved from /home/airflow/.local/lib/python3.12/site-packages/airflow/example_dags/example_dag_decorator.py
[2024-08-16T13:44:36.256+0000] {logging_mixin.py:190} INFO - [2024-08-16T13:44:36.256+0000] {dag.py:3211} INFO - Sync 1 DAGs
[2024-08-16T13:44:36.269+0000] {logging_mixin.py:190} INFO - [2024-08-16T13:44:36.269+0000] {dag.py:4138} INFO - Setting next_dagrun for example_dag_decorator to None, run_after=None
[2024-08-16T13:44:36.290+0000] {processor.py:208} INFO - Processing /home/airflow/.local/lib/python3.12/site-packages/airflow/example_dags/example_dag_decorator.py took 0.193 seconds
[2024-08-16T13:45:06.615+0000] {processor.py:186} INFO - Started process (PID=15100) to work on /home/airflow/.local/lib/python3.12/site-packages/airflow/example_dags/example_dag_decorator.py
[2024-08-16T13:45:06.616+0000] {processor.py:914} INFO - Processing file /home/airflow/.local/lib/python3.12/site-packages/airflow/example_dags/example_dag_decorator.py for tasks to queue
[2024-08-16T13:45:06.618+0000] {logging_mixin.py:190} INFO - [2024-08-16T13:45:06.618+0000] {dagbag.py:587} INFO - Filling up the DagBag from /home/airflow/.local/lib/python3.12/site-packages/airflow/example_dags/example_dag_decorator.py
[2024-08-16T13:45:06.631+0000] {processor.py:925} INFO - DAG(s) 'example_dag_decorator' retrieved from /home/airflow/.local/lib/python3.12/site-packages/airflow/example_dags/example_dag_decorator.py
[2024-08-16T13:45:06.747+0000] {logging_mixin.py:190} INFO - [2024-08-16T13:45:06.747+0000] {dag.py:3211} INFO - Sync 1 DAGs
[2024-08-16T13:45:06.762+0000] {logging_mixin.py:190} INFO - [2024-08-16T13:45:06.762+0000] {dag.py:4138} INFO - Setting next_dagrun for example_dag_decorator to None, run_after=None
[2024-08-16T13:45:06.788+0000] {processor.py:208} INFO - Processing /home/airflow/.local/lib/python3.12/site-packages/airflow/example_dags/example_dag_decorator.py took 0.180 seconds
[2024-08-16T13:45:37.462+0000] {processor.py:186} INFO - Started process (PID=15388) to work on /home/airflow/.local/lib/python3.12/site-packages/airflow/example_dags/example_dag_decorator.py
[2024-08-16T13:45:37.463+0000] {processor.py:914} INFO - Processing file /home/airflow/.local/lib/python3.12/site-packages/airflow/example_dags/example_dag_decorator.py for tasks to queue
[2024-08-16T13:45:37.467+0000] {logging_mixin.py:190} INFO - [2024-08-16T13:45:37.466+0000] {dagbag.py:587} INFO - Filling up the DagBag from /home/airflow/.local/lib/python3.12/site-packages/airflow/example_dags/example_dag_decorator.py
[2024-08-16T13:45:37.487+0000] {processor.py:925} INFO - DAG(s) 'example_dag_decorator' retrieved from /home/airflow/.local/lib/python3.12/site-packages/airflow/example_dags/example_dag_decorator.py
[2024-08-16T13:45:37.665+0000] {logging_mixin.py:190} INFO - [2024-08-16T13:45:37.665+0000] {dag.py:3211} INFO - Sync 1 DAGs
[2024-08-16T13:45:37.683+0000] {logging_mixin.py:190} INFO - [2024-08-16T13:45:37.683+0000] {dag.py:4138} INFO - Setting next_dagrun for example_dag_decorator to None, run_after=None
[2024-08-16T13:45:37.712+0000] {processor.py:208} INFO - Processing /home/airflow/.local/lib/python3.12/site-packages/airflow/example_dags/example_dag_decorator.py took 0.260 seconds
[2024-08-16T13:46:08.460+0000] {processor.py:186} INFO - Started process (PID=15674) to work on /home/airflow/.local/lib/python3.12/site-packages/airflow/example_dags/example_dag_decorator.py
[2024-08-16T13:46:08.461+0000] {processor.py:914} INFO - Processing file /home/airflow/.local/lib/python3.12/site-packages/airflow/example_dags/example_dag_decorator.py for tasks to queue
[2024-08-16T13:46:08.463+0000] {logging_mixin.py:190} INFO - [2024-08-16T13:46:08.463+0000] {dagbag.py:587} INFO - Filling up the DagBag from /home/airflow/.local/lib/python3.12/site-packages/airflow/example_dags/example_dag_decorator.py
[2024-08-16T13:46:08.476+0000] {processor.py:925} INFO - DAG(s) 'example_dag_decorator' retrieved from /home/airflow/.local/lib/python3.12/site-packages/airflow/example_dags/example_dag_decorator.py
[2024-08-16T13:46:08.800+0000] {logging_mixin.py:190} INFO - [2024-08-16T13:46:08.799+0000] {dag.py:3211} INFO - Sync 1 DAGs
[2024-08-16T13:46:08.819+0000] {logging_mixin.py:190} INFO - [2024-08-16T13:46:08.819+0000] {dag.py:4138} INFO - Setting next_dagrun for example_dag_decorator to None, run_after=None
[2024-08-16T13:46:08.843+0000] {processor.py:208} INFO - Processing /home/airflow/.local/lib/python3.12/site-packages/airflow/example_dags/example_dag_decorator.py took 0.390 seconds
[2024-08-16T13:46:39.499+0000] {processor.py:186} INFO - Started process (PID=15963) to work on /home/airflow/.local/lib/python3.12/site-packages/airflow/example_dags/example_dag_decorator.py
[2024-08-16T13:46:39.501+0000] {processor.py:914} INFO - Processing file /home/airflow/.local/lib/python3.12/site-packages/airflow/example_dags/example_dag_decorator.py for tasks to queue
[2024-08-16T13:46:39.508+0000] {logging_mixin.py:190} INFO - [2024-08-16T13:46:39.508+0000] {dagbag.py:587} INFO - Filling up the DagBag from /home/airflow/.local/lib/python3.12/site-packages/airflow/example_dags/example_dag_decorator.py
[2024-08-16T13:46:39.526+0000] {processor.py:925} INFO - DAG(s) 'example_dag_decorator' retrieved from /home/airflow/.local/lib/python3.12/site-packages/airflow/example_dags/example_dag_decorator.py
[2024-08-16T13:46:39.559+0000] {logging_mixin.py:190} INFO - [2024-08-16T13:46:39.559+0000] {dag.py:3211} INFO - Sync 1 DAGs
[2024-08-16T13:46:39.593+0000] {logging_mixin.py:190} INFO - [2024-08-16T13:46:39.593+0000] {dag.py:4138} INFO - Setting next_dagrun for example_dag_decorator to None, run_after=None
[2024-08-16T13:46:39.637+0000] {processor.py:208} INFO - Processing /home/airflow/.local/lib/python3.12/site-packages/airflow/example_dags/example_dag_decorator.py took 0.146 seconds
[2024-08-16T13:47:10.569+0000] {processor.py:186} INFO - Started process (PID=16251) to work on /home/airflow/.local/lib/python3.12/site-packages/airflow/example_dags/example_dag_decorator.py
[2024-08-16T13:47:10.570+0000] {processor.py:914} INFO - Processing file /home/airflow/.local/lib/python3.12/site-packages/airflow/example_dags/example_dag_decorator.py for tasks to queue
[2024-08-16T13:47:10.573+0000] {logging_mixin.py:190} INFO - [2024-08-16T13:47:10.572+0000] {dagbag.py:587} INFO - Filling up the DagBag from /home/airflow/.local/lib/python3.12/site-packages/airflow/example_dags/example_dag_decorator.py
[2024-08-16T13:47:10.585+0000] {processor.py:925} INFO - DAG(s) 'example_dag_decorator' retrieved from /home/airflow/.local/lib/python3.12/site-packages/airflow/example_dags/example_dag_decorator.py
[2024-08-16T13:47:10.611+0000] {logging_mixin.py:190} INFO - [2024-08-16T13:47:10.610+0000] {dag.py:3211} INFO - Sync 1 DAGs
[2024-08-16T13:47:10.627+0000] {logging_mixin.py:190} INFO - [2024-08-16T13:47:10.627+0000] {dag.py:4138} INFO - Setting next_dagrun for example_dag_decorator to None, run_after=None
[2024-08-16T13:47:10.652+0000] {processor.py:208} INFO - Processing /home/airflow/.local/lib/python3.12/site-packages/airflow/example_dags/example_dag_decorator.py took 0.089 seconds
[2024-08-16T13:47:41.159+0000] {processor.py:186} INFO - Started process (PID=16530) to work on /home/airflow/.local/lib/python3.12/site-packages/airflow/example_dags/example_dag_decorator.py
[2024-08-16T13:47:41.160+0000] {processor.py:914} INFO - Processing file /home/airflow/.local/lib/python3.12/site-packages/airflow/example_dags/example_dag_decorator.py for tasks to queue
[2024-08-16T13:47:41.163+0000] {logging_mixin.py:190} INFO - [2024-08-16T13:47:41.162+0000] {dagbag.py:587} INFO - Filling up the DagBag from /home/airflow/.local/lib/python3.12/site-packages/airflow/example_dags/example_dag_decorator.py
[2024-08-16T13:47:41.179+0000] {processor.py:925} INFO - DAG(s) 'example_dag_decorator' retrieved from /home/airflow/.local/lib/python3.12/site-packages/airflow/example_dags/example_dag_decorator.py
[2024-08-16T13:47:41.312+0000] {logging_mixin.py:190} INFO - [2024-08-16T13:47:41.312+0000] {dag.py:3211} INFO - Sync 1 DAGs
[2024-08-16T13:47:41.327+0000] {logging_mixin.py:190} INFO - [2024-08-16T13:47:41.327+0000] {dag.py:4138} INFO - Setting next_dagrun for example_dag_decorator to None, run_after=None
[2024-08-16T13:47:41.348+0000] {processor.py:208} INFO - Processing /home/airflow/.local/lib/python3.12/site-packages/airflow/example_dags/example_dag_decorator.py took 0.199 seconds
[2024-08-16T13:48:12.080+0000] {processor.py:186} INFO - Started process (PID=16819) to work on /home/airflow/.local/lib/python3.12/site-packages/airflow/example_dags/example_dag_decorator.py
[2024-08-16T13:48:12.081+0000] {processor.py:914} INFO - Processing file /home/airflow/.local/lib/python3.12/site-packages/airflow/example_dags/example_dag_decorator.py for tasks to queue
[2024-08-16T13:48:12.084+0000] {logging_mixin.py:190} INFO - [2024-08-16T13:48:12.083+0000] {dagbag.py:587} INFO - Filling up the DagBag from /home/airflow/.local/lib/python3.12/site-packages/airflow/example_dags/example_dag_decorator.py
[2024-08-16T13:48:12.096+0000] {processor.py:925} INFO - DAG(s) 'example_dag_decorator' retrieved from /home/airflow/.local/lib/python3.12/site-packages/airflow/example_dags/example_dag_decorator.py
[2024-08-16T13:48:12.374+0000] {logging_mixin.py:190} INFO - [2024-08-16T13:48:12.374+0000] {dag.py:3211} INFO - Sync 1 DAGs
[2024-08-16T13:48:12.386+0000] {logging_mixin.py:190} INFO - [2024-08-16T13:48:12.386+0000] {dag.py:4138} INFO - Setting next_dagrun for example_dag_decorator to None, run_after=None
[2024-08-16T13:48:12.428+0000] {processor.py:208} INFO - Processing /home/airflow/.local/lib/python3.12/site-packages/airflow/example_dags/example_dag_decorator.py took 0.356 seconds
[2024-08-16T13:48:42.948+0000] {processor.py:186} INFO - Started process (PID=17103) to work on /home/airflow/.local/lib/python3.12/site-packages/airflow/example_dags/example_dag_decorator.py
[2024-08-16T13:48:42.949+0000] {processor.py:914} INFO - Processing file /home/airflow/.local/lib/python3.12/site-packages/airflow/example_dags/example_dag_decorator.py for tasks to queue
[2024-08-16T13:48:42.952+0000] {logging_mixin.py:190} INFO - [2024-08-16T13:48:42.951+0000] {dagbag.py:587} INFO - Filling up the DagBag from /home/airflow/.local/lib/python3.12/site-packages/airflow/example_dags/example_dag_decorator.py
[2024-08-16T13:48:42.968+0000] {processor.py:925} INFO - DAG(s) 'example_dag_decorator' retrieved from /home/airflow/.local/lib/python3.12/site-packages/airflow/example_dags/example_dag_decorator.py
[2024-08-16T13:48:43.459+0000] {logging_mixin.py:190} INFO - [2024-08-16T13:48:43.459+0000] {dag.py:3211} INFO - Sync 1 DAGs
[2024-08-16T13:48:43.486+0000] {logging_mixin.py:190} INFO - [2024-08-16T13:48:43.485+0000] {dag.py:4138} INFO - Setting next_dagrun for example_dag_decorator to None, run_after=None
[2024-08-16T13:48:43.528+0000] {processor.py:208} INFO - Processing /home/airflow/.local/lib/python3.12/site-packages/airflow/example_dags/example_dag_decorator.py took 0.589 seconds
[2024-08-16T13:49:13.847+0000] {processor.py:186} INFO - Started process (PID=17389) to work on /home/airflow/.local/lib/python3.12/site-packages/airflow/example_dags/example_dag_decorator.py
[2024-08-16T13:49:13.848+0000] {processor.py:914} INFO - Processing file /home/airflow/.local/lib/python3.12/site-packages/airflow/example_dags/example_dag_decorator.py for tasks to queue
[2024-08-16T13:49:13.850+0000] {logging_mixin.py:190} INFO - [2024-08-16T13:49:13.850+0000] {dagbag.py:587} INFO - Filling up the DagBag from /home/airflow/.local/lib/python3.12/site-packages/airflow/example_dags/example_dag_decorator.py
[2024-08-16T13:49:13.865+0000] {processor.py:925} INFO - DAG(s) 'example_dag_decorator' retrieved from /home/airflow/.local/lib/python3.12/site-packages/airflow/example_dags/example_dag_decorator.py
[2024-08-16T13:49:14.264+0000] {logging_mixin.py:190} INFO - [2024-08-16T13:49:14.263+0000] {dag.py:3211} INFO - Sync 1 DAGs
[2024-08-16T13:49:14.281+0000] {logging_mixin.py:190} INFO - [2024-08-16T13:49:14.281+0000] {dag.py:4138} INFO - Setting next_dagrun for example_dag_decorator to None, run_after=None
[2024-08-16T13:49:14.313+0000] {processor.py:208} INFO - Processing /home/airflow/.local/lib/python3.12/site-packages/airflow/example_dags/example_dag_decorator.py took 0.476 seconds
[2024-08-16T13:49:44.749+0000] {processor.py:186} INFO - Started process (PID=17675) to work on /home/airflow/.local/lib/python3.12/site-packages/airflow/example_dags/example_dag_decorator.py
[2024-08-16T13:49:44.750+0000] {processor.py:914} INFO - Processing file /home/airflow/.local/lib/python3.12/site-packages/airflow/example_dags/example_dag_decorator.py for tasks to queue
[2024-08-16T13:49:44.752+0000] {logging_mixin.py:190} INFO - [2024-08-16T13:49:44.752+0000] {dagbag.py:587} INFO - Filling up the DagBag from /home/airflow/.local/lib/python3.12/site-packages/airflow/example_dags/example_dag_decorator.py
[2024-08-16T13:49:44.767+0000] {processor.py:925} INFO - DAG(s) 'example_dag_decorator' retrieved from /home/airflow/.local/lib/python3.12/site-packages/airflow/example_dags/example_dag_decorator.py
[2024-08-16T13:49:44.802+0000] {logging_mixin.py:190} INFO - [2024-08-16T13:49:44.801+0000] {dag.py:3211} INFO - Sync 1 DAGs
[2024-08-16T13:49:45.065+0000] {logging_mixin.py:190} INFO - [2024-08-16T13:49:45.064+0000] {dag.py:4138} INFO - Setting next_dagrun for example_dag_decorator to None, run_after=None
[2024-08-16T13:49:45.095+0000] {processor.py:208} INFO - Processing /home/airflow/.local/lib/python3.12/site-packages/airflow/example_dags/example_dag_decorator.py took 0.353 seconds
[2024-08-16T13:50:15.685+0000] {processor.py:186} INFO - Started process (PID=17961) to work on /home/airflow/.local/lib/python3.12/site-packages/airflow/example_dags/example_dag_decorator.py
[2024-08-16T13:50:15.686+0000] {processor.py:914} INFO - Processing file /home/airflow/.local/lib/python3.12/site-packages/airflow/example_dags/example_dag_decorator.py for tasks to queue
[2024-08-16T13:50:15.689+0000] {logging_mixin.py:190} INFO - [2024-08-16T13:50:15.688+0000] {dagbag.py:587} INFO - Filling up the DagBag from /home/airflow/.local/lib/python3.12/site-packages/airflow/example_dags/example_dag_decorator.py
[2024-08-16T13:50:15.700+0000] {processor.py:925} INFO - DAG(s) 'example_dag_decorator' retrieved from /home/airflow/.local/lib/python3.12/site-packages/airflow/example_dags/example_dag_decorator.py
[2024-08-16T13:50:15.724+0000] {logging_mixin.py:190} INFO - [2024-08-16T13:50:15.724+0000] {dag.py:3211} INFO - Sync 1 DAGs
[2024-08-16T13:50:15.739+0000] {logging_mixin.py:190} INFO - [2024-08-16T13:50:15.739+0000] {dag.py:4138} INFO - Setting next_dagrun for example_dag_decorator to None, run_after=None
[2024-08-16T13:50:15.758+0000] {processor.py:208} INFO - Processing /home/airflow/.local/lib/python3.12/site-packages/airflow/example_dags/example_dag_decorator.py took 0.079 seconds
