[2024-08-16T13:18:48.922+0000] {processor.py:186} INFO - Started process (PID=405) to work on /home/airflow/.local/lib/python3.12/site-packages/airflow/example_dags/example_sla_dag.py
[2024-08-16T13:18:48.924+0000] {processor.py:914} INFO - Processing file /home/airflow/.local/lib/python3.12/site-packages/airflow/example_dags/example_sla_dag.py for tasks to queue
[2024-08-16T13:18:48.928+0000] {logging_mixin.py:190} INFO - [2024-08-16T13:18:48.927+0000] {dagbag.py:587} INFO - Filling up the DagBag from /home/airflow/.local/lib/python3.12/site-packages/airflow/example_dags/example_sla_dag.py
[2024-08-16T13:18:48.942+0000] {processor.py:925} INFO - DAG(s) 'example_sla_dag' retrieved from /home/airflow/.local/lib/python3.12/site-packages/airflow/example_dags/example_sla_dag.py
[2024-08-16T13:18:49.116+0000] {logging_mixin.py:190} INFO - [2024-08-16T13:18:49.115+0000] {override.py:1858} INFO - Created Permission View: can read on DAG:example_sla_dag
[2024-08-16T13:18:49.131+0000] {logging_mixin.py:190} INFO - [2024-08-16T13:18:49.131+0000] {override.py:1858} INFO - Created Permission View: can edit on DAG:example_sla_dag
[2024-08-16T13:18:49.143+0000] {logging_mixin.py:190} INFO - [2024-08-16T13:18:49.143+0000] {override.py:1858} INFO - Created Permission View: can delete on DAG:example_sla_dag
[2024-08-16T13:18:49.144+0000] {logging_mixin.py:190} INFO - [2024-08-16T13:18:49.144+0000] {dag.py:3211} INFO - Sync 1 DAGs
[2024-08-16T13:18:49.162+0000] {logging_mixin.py:190} INFO - [2024-08-16T13:18:49.162+0000] {dag.py:3234} INFO - Creating ORM DAG for example_sla_dag
[2024-08-16T13:18:49.179+0000] {logging_mixin.py:190} INFO - [2024-08-16T13:18:49.179+0000] {dag.py:4138} INFO - Setting next_dagrun for example_sla_dag to 2024-08-16 13:16:00+00:00, run_after=2024-08-16 13:18:00+00:00
[2024-08-16T13:18:49.201+0000] {processor.py:208} INFO - Processing /home/airflow/.local/lib/python3.12/site-packages/airflow/example_dags/example_sla_dag.py took 0.289 seconds
[2024-08-16T13:19:19.886+0000] {processor.py:186} INFO - Started process (PID=693) to work on /home/airflow/.local/lib/python3.12/site-packages/airflow/example_dags/example_sla_dag.py
[2024-08-16T13:19:19.888+0000] {processor.py:914} INFO - Processing file /home/airflow/.local/lib/python3.12/site-packages/airflow/example_dags/example_sla_dag.py for tasks to queue
[2024-08-16T13:19:19.890+0000] {logging_mixin.py:190} INFO - [2024-08-16T13:19:19.890+0000] {dagbag.py:587} INFO - Filling up the DagBag from /home/airflow/.local/lib/python3.12/site-packages/airflow/example_dags/example_sla_dag.py
[2024-08-16T13:19:19.901+0000] {processor.py:925} INFO - DAG(s) 'example_sla_dag' retrieved from /home/airflow/.local/lib/python3.12/site-packages/airflow/example_dags/example_sla_dag.py
[2024-08-16T13:19:19.924+0000] {logging_mixin.py:190} INFO - [2024-08-16T13:19:19.924+0000] {dag.py:3211} INFO - Sync 1 DAGs
[2024-08-16T13:19:19.952+0000] {logging_mixin.py:190} INFO - [2024-08-16T13:19:19.952+0000] {dag.py:4138} INFO - Setting next_dagrun for example_sla_dag to 2024-08-16 13:16:00+00:00, run_after=2024-08-16 13:18:00+00:00
[2024-08-16T13:19:19.974+0000] {processor.py:208} INFO - Processing /home/airflow/.local/lib/python3.12/site-packages/airflow/example_dags/example_sla_dag.py took 0.094 seconds
[2024-08-16T13:19:50.593+0000] {processor.py:186} INFO - Started process (PID=977) to work on /home/airflow/.local/lib/python3.12/site-packages/airflow/example_dags/example_sla_dag.py
[2024-08-16T13:19:50.595+0000] {processor.py:914} INFO - Processing file /home/airflow/.local/lib/python3.12/site-packages/airflow/example_dags/example_sla_dag.py for tasks to queue
[2024-08-16T13:19:50.598+0000] {logging_mixin.py:190} INFO - [2024-08-16T13:19:50.598+0000] {dagbag.py:587} INFO - Filling up the DagBag from /home/airflow/.local/lib/python3.12/site-packages/airflow/example_dags/example_sla_dag.py
[2024-08-16T13:19:50.609+0000] {processor.py:925} INFO - DAG(s) 'example_sla_dag' retrieved from /home/airflow/.local/lib/python3.12/site-packages/airflow/example_dags/example_sla_dag.py
[2024-08-16T13:19:50.631+0000] {logging_mixin.py:190} INFO - [2024-08-16T13:19:50.630+0000] {dag.py:3211} INFO - Sync 1 DAGs
[2024-08-16T13:19:50.657+0000] {logging_mixin.py:190} INFO - [2024-08-16T13:19:50.657+0000] {dag.py:4138} INFO - Setting next_dagrun for example_sla_dag to 2024-08-16 13:16:00+00:00, run_after=2024-08-16 13:18:00+00:00
[2024-08-16T13:19:50.675+0000] {processor.py:208} INFO - Processing /home/airflow/.local/lib/python3.12/site-packages/airflow/example_dags/example_sla_dag.py took 0.093 seconds
[2024-08-16T13:20:21.337+0000] {processor.py:186} INFO - Started process (PID=1263) to work on /home/airflow/.local/lib/python3.12/site-packages/airflow/example_dags/example_sla_dag.py
[2024-08-16T13:20:21.338+0000] {processor.py:914} INFO - Processing file /home/airflow/.local/lib/python3.12/site-packages/airflow/example_dags/example_sla_dag.py for tasks to queue
[2024-08-16T13:20:21.341+0000] {logging_mixin.py:190} INFO - [2024-08-16T13:20:21.340+0000] {dagbag.py:587} INFO - Filling up the DagBag from /home/airflow/.local/lib/python3.12/site-packages/airflow/example_dags/example_sla_dag.py
[2024-08-16T13:20:21.351+0000] {processor.py:925} INFO - DAG(s) 'example_sla_dag' retrieved from /home/airflow/.local/lib/python3.12/site-packages/airflow/example_dags/example_sla_dag.py
[2024-08-16T13:20:21.372+0000] {logging_mixin.py:190} INFO - [2024-08-16T13:20:21.372+0000] {dag.py:3211} INFO - Sync 1 DAGs
[2024-08-16T13:20:21.399+0000] {logging_mixin.py:190} INFO - [2024-08-16T13:20:21.399+0000] {dag.py:4138} INFO - Setting next_dagrun for example_sla_dag to 2024-08-16 13:18:00+00:00, run_after=2024-08-16 13:20:00+00:00
[2024-08-16T13:20:21.418+0000] {processor.py:208} INFO - Processing /home/airflow/.local/lib/python3.12/site-packages/airflow/example_dags/example_sla_dag.py took 0.087 seconds
[2024-08-16T13:20:51.569+0000] {processor.py:186} INFO - Started process (PID=1549) to work on /home/airflow/.local/lib/python3.12/site-packages/airflow/example_dags/example_sla_dag.py
[2024-08-16T13:20:51.570+0000] {processor.py:914} INFO - Processing file /home/airflow/.local/lib/python3.12/site-packages/airflow/example_dags/example_sla_dag.py for tasks to queue
[2024-08-16T13:20:51.572+0000] {logging_mixin.py:190} INFO - [2024-08-16T13:20:51.572+0000] {dagbag.py:587} INFO - Filling up the DagBag from /home/airflow/.local/lib/python3.12/site-packages/airflow/example_dags/example_sla_dag.py
[2024-08-16T13:20:51.584+0000] {processor.py:925} INFO - DAG(s) 'example_sla_dag' retrieved from /home/airflow/.local/lib/python3.12/site-packages/airflow/example_dags/example_sla_dag.py
[2024-08-16T13:20:51.605+0000] {logging_mixin.py:190} INFO - [2024-08-16T13:20:51.605+0000] {dag.py:3211} INFO - Sync 1 DAGs
[2024-08-16T13:20:51.632+0000] {logging_mixin.py:190} INFO - [2024-08-16T13:20:51.631+0000] {dag.py:4138} INFO - Setting next_dagrun for example_sla_dag to 2024-08-16 13:18:00+00:00, run_after=2024-08-16 13:20:00+00:00
[2024-08-16T13:20:51.652+0000] {processor.py:208} INFO - Processing /home/airflow/.local/lib/python3.12/site-packages/airflow/example_dags/example_sla_dag.py took 0.090 seconds
[2024-08-16T13:21:22.143+0000] {processor.py:186} INFO - Started process (PID=1837) to work on /home/airflow/.local/lib/python3.12/site-packages/airflow/example_dags/example_sla_dag.py
[2024-08-16T13:21:22.144+0000] {processor.py:914} INFO - Processing file /home/airflow/.local/lib/python3.12/site-packages/airflow/example_dags/example_sla_dag.py for tasks to queue
[2024-08-16T13:21:22.147+0000] {logging_mixin.py:190} INFO - [2024-08-16T13:21:22.146+0000] {dagbag.py:587} INFO - Filling up the DagBag from /home/airflow/.local/lib/python3.12/site-packages/airflow/example_dags/example_sla_dag.py
[2024-08-16T13:21:22.157+0000] {processor.py:925} INFO - DAG(s) 'example_sla_dag' retrieved from /home/airflow/.local/lib/python3.12/site-packages/airflow/example_dags/example_sla_dag.py
[2024-08-16T13:21:22.177+0000] {logging_mixin.py:190} INFO - [2024-08-16T13:21:22.177+0000] {dag.py:3211} INFO - Sync 1 DAGs
[2024-08-16T13:21:22.204+0000] {logging_mixin.py:190} INFO - [2024-08-16T13:21:22.203+0000] {dag.py:4138} INFO - Setting next_dagrun for example_sla_dag to 2024-08-16 13:18:00+00:00, run_after=2024-08-16 13:20:00+00:00
[2024-08-16T13:21:22.221+0000] {processor.py:208} INFO - Processing /home/airflow/.local/lib/python3.12/site-packages/airflow/example_dags/example_sla_dag.py took 0.086 seconds
[2024-08-16T13:21:52.426+0000] {processor.py:186} INFO - Started process (PID=2123) to work on /home/airflow/.local/lib/python3.12/site-packages/airflow/example_dags/example_sla_dag.py
[2024-08-16T13:21:52.427+0000] {processor.py:914} INFO - Processing file /home/airflow/.local/lib/python3.12/site-packages/airflow/example_dags/example_sla_dag.py for tasks to queue
[2024-08-16T13:21:52.430+0000] {logging_mixin.py:190} INFO - [2024-08-16T13:21:52.429+0000] {dagbag.py:587} INFO - Filling up the DagBag from /home/airflow/.local/lib/python3.12/site-packages/airflow/example_dags/example_sla_dag.py
[2024-08-16T13:21:52.440+0000] {processor.py:925} INFO - DAG(s) 'example_sla_dag' retrieved from /home/airflow/.local/lib/python3.12/site-packages/airflow/example_dags/example_sla_dag.py
[2024-08-16T13:21:52.463+0000] {logging_mixin.py:190} INFO - [2024-08-16T13:21:52.463+0000] {dag.py:3211} INFO - Sync 1 DAGs
[2024-08-16T13:21:52.489+0000] {logging_mixin.py:190} INFO - [2024-08-16T13:21:52.489+0000] {dag.py:4138} INFO - Setting next_dagrun for example_sla_dag to 2024-08-16 13:18:00+00:00, run_after=2024-08-16 13:20:00+00:00
[2024-08-16T13:21:52.507+0000] {processor.py:208} INFO - Processing /home/airflow/.local/lib/python3.12/site-packages/airflow/example_dags/example_sla_dag.py took 0.087 seconds
[2024-08-16T13:22:22.806+0000] {processor.py:186} INFO - Started process (PID=2407) to work on /home/airflow/.local/lib/python3.12/site-packages/airflow/example_dags/example_sla_dag.py
[2024-08-16T13:22:22.807+0000] {processor.py:914} INFO - Processing file /home/airflow/.local/lib/python3.12/site-packages/airflow/example_dags/example_sla_dag.py for tasks to queue
[2024-08-16T13:22:22.810+0000] {logging_mixin.py:190} INFO - [2024-08-16T13:22:22.809+0000] {dagbag.py:587} INFO - Filling up the DagBag from /home/airflow/.local/lib/python3.12/site-packages/airflow/example_dags/example_sla_dag.py
[2024-08-16T13:22:22.821+0000] {processor.py:925} INFO - DAG(s) 'example_sla_dag' retrieved from /home/airflow/.local/lib/python3.12/site-packages/airflow/example_dags/example_sla_dag.py
[2024-08-16T13:22:22.842+0000] {logging_mixin.py:190} INFO - [2024-08-16T13:22:22.841+0000] {dag.py:3211} INFO - Sync 1 DAGs
[2024-08-16T13:22:22.869+0000] {logging_mixin.py:190} INFO - [2024-08-16T13:22:22.869+0000] {dag.py:4138} INFO - Setting next_dagrun for example_sla_dag to 2024-08-16 13:20:00+00:00, run_after=2024-08-16 13:22:00+00:00
[2024-08-16T13:22:22.898+0000] {processor.py:208} INFO - Processing /home/airflow/.local/lib/python3.12/site-packages/airflow/example_dags/example_sla_dag.py took 0.099 seconds
[2024-08-16T13:22:53.168+0000] {processor.py:186} INFO - Started process (PID=2693) to work on /home/airflow/.local/lib/python3.12/site-packages/airflow/example_dags/example_sla_dag.py
[2024-08-16T13:22:53.169+0000] {processor.py:914} INFO - Processing file /home/airflow/.local/lib/python3.12/site-packages/airflow/example_dags/example_sla_dag.py for tasks to queue
[2024-08-16T13:22:53.172+0000] {logging_mixin.py:190} INFO - [2024-08-16T13:22:53.171+0000] {dagbag.py:587} INFO - Filling up the DagBag from /home/airflow/.local/lib/python3.12/site-packages/airflow/example_dags/example_sla_dag.py
[2024-08-16T13:22:53.182+0000] {processor.py:925} INFO - DAG(s) 'example_sla_dag' retrieved from /home/airflow/.local/lib/python3.12/site-packages/airflow/example_dags/example_sla_dag.py
[2024-08-16T13:22:53.204+0000] {logging_mixin.py:190} INFO - [2024-08-16T13:22:53.203+0000] {dag.py:3211} INFO - Sync 1 DAGs
[2024-08-16T13:22:53.233+0000] {logging_mixin.py:190} INFO - [2024-08-16T13:22:53.232+0000] {dag.py:4138} INFO - Setting next_dagrun for example_sla_dag to 2024-08-16 13:20:00+00:00, run_after=2024-08-16 13:22:00+00:00
[2024-08-16T13:22:53.254+0000] {processor.py:208} INFO - Processing /home/airflow/.local/lib/python3.12/site-packages/airflow/example_dags/example_sla_dag.py took 0.092 seconds
[2024-08-16T13:23:23.627+0000] {processor.py:186} INFO - Started process (PID=2981) to work on /home/airflow/.local/lib/python3.12/site-packages/airflow/example_dags/example_sla_dag.py
[2024-08-16T13:23:23.628+0000] {processor.py:914} INFO - Processing file /home/airflow/.local/lib/python3.12/site-packages/airflow/example_dags/example_sla_dag.py for tasks to queue
[2024-08-16T13:23:23.631+0000] {logging_mixin.py:190} INFO - [2024-08-16T13:23:23.630+0000] {dagbag.py:587} INFO - Filling up the DagBag from /home/airflow/.local/lib/python3.12/site-packages/airflow/example_dags/example_sla_dag.py
[2024-08-16T13:23:23.641+0000] {processor.py:925} INFO - DAG(s) 'example_sla_dag' retrieved from /home/airflow/.local/lib/python3.12/site-packages/airflow/example_dags/example_sla_dag.py
[2024-08-16T13:23:23.663+0000] {logging_mixin.py:190} INFO - [2024-08-16T13:23:23.663+0000] {dag.py:3211} INFO - Sync 1 DAGs
[2024-08-16T13:23:23.689+0000] {logging_mixin.py:190} INFO - [2024-08-16T13:23:23.689+0000] {dag.py:4138} INFO - Setting next_dagrun for example_sla_dag to 2024-08-16 13:20:00+00:00, run_after=2024-08-16 13:22:00+00:00
[2024-08-16T13:23:23.708+0000] {processor.py:208} INFO - Processing /home/airflow/.local/lib/python3.12/site-packages/airflow/example_dags/example_sla_dag.py took 0.087 seconds
[2024-08-16T13:23:53.800+0000] {processor.py:186} INFO - Started process (PID=3265) to work on /home/airflow/.local/lib/python3.12/site-packages/airflow/example_dags/example_sla_dag.py
[2024-08-16T13:23:53.801+0000] {processor.py:914} INFO - Processing file /home/airflow/.local/lib/python3.12/site-packages/airflow/example_dags/example_sla_dag.py for tasks to queue
[2024-08-16T13:23:53.804+0000] {logging_mixin.py:190} INFO - [2024-08-16T13:23:53.803+0000] {dagbag.py:587} INFO - Filling up the DagBag from /home/airflow/.local/lib/python3.12/site-packages/airflow/example_dags/example_sla_dag.py
[2024-08-16T13:23:53.814+0000] {processor.py:925} INFO - DAG(s) 'example_sla_dag' retrieved from /home/airflow/.local/lib/python3.12/site-packages/airflow/example_dags/example_sla_dag.py
[2024-08-16T13:23:53.834+0000] {logging_mixin.py:190} INFO - [2024-08-16T13:23:53.834+0000] {dag.py:3211} INFO - Sync 1 DAGs
[2024-08-16T13:23:53.861+0000] {logging_mixin.py:190} INFO - [2024-08-16T13:23:53.861+0000] {dag.py:4138} INFO - Setting next_dagrun for example_sla_dag to 2024-08-16 13:20:00+00:00, run_after=2024-08-16 13:22:00+00:00
[2024-08-16T13:23:53.883+0000] {processor.py:208} INFO - Processing /home/airflow/.local/lib/python3.12/site-packages/airflow/example_dags/example_sla_dag.py took 0.089 seconds
[2024-08-16T13:24:24.098+0000] {processor.py:186} INFO - Started process (PID=3551) to work on /home/airflow/.local/lib/python3.12/site-packages/airflow/example_dags/example_sla_dag.py
[2024-08-16T13:24:24.099+0000] {processor.py:914} INFO - Processing file /home/airflow/.local/lib/python3.12/site-packages/airflow/example_dags/example_sla_dag.py for tasks to queue
[2024-08-16T13:24:24.102+0000] {logging_mixin.py:190} INFO - [2024-08-16T13:24:24.102+0000] {dagbag.py:587} INFO - Filling up the DagBag from /home/airflow/.local/lib/python3.12/site-packages/airflow/example_dags/example_sla_dag.py
[2024-08-16T13:24:24.113+0000] {processor.py:925} INFO - DAG(s) 'example_sla_dag' retrieved from /home/airflow/.local/lib/python3.12/site-packages/airflow/example_dags/example_sla_dag.py
[2024-08-16T13:24:24.137+0000] {logging_mixin.py:190} INFO - [2024-08-16T13:24:24.137+0000] {dag.py:3211} INFO - Sync 1 DAGs
[2024-08-16T13:24:24.167+0000] {logging_mixin.py:190} INFO - [2024-08-16T13:24:24.166+0000] {dag.py:4138} INFO - Setting next_dagrun for example_sla_dag to 2024-08-16 13:22:00+00:00, run_after=2024-08-16 13:24:00+00:00
[2024-08-16T13:24:24.187+0000] {processor.py:208} INFO - Processing /home/airflow/.local/lib/python3.12/site-packages/airflow/example_dags/example_sla_dag.py took 0.096 seconds
[2024-08-16T13:24:54.507+0000] {processor.py:186} INFO - Started process (PID=3839) to work on /home/airflow/.local/lib/python3.12/site-packages/airflow/example_dags/example_sla_dag.py
[2024-08-16T13:24:54.509+0000] {processor.py:914} INFO - Processing file /home/airflow/.local/lib/python3.12/site-packages/airflow/example_dags/example_sla_dag.py for tasks to queue
[2024-08-16T13:24:54.511+0000] {logging_mixin.py:190} INFO - [2024-08-16T13:24:54.511+0000] {dagbag.py:587} INFO - Filling up the DagBag from /home/airflow/.local/lib/python3.12/site-packages/airflow/example_dags/example_sla_dag.py
[2024-08-16T13:24:54.524+0000] {processor.py:925} INFO - DAG(s) 'example_sla_dag' retrieved from /home/airflow/.local/lib/python3.12/site-packages/airflow/example_dags/example_sla_dag.py
[2024-08-16T13:24:54.546+0000] {logging_mixin.py:190} INFO - [2024-08-16T13:24:54.546+0000] {dag.py:3211} INFO - Sync 1 DAGs
[2024-08-16T13:24:54.577+0000] {logging_mixin.py:190} INFO - [2024-08-16T13:24:54.577+0000] {dag.py:4138} INFO - Setting next_dagrun for example_sla_dag to 2024-08-16 13:22:00+00:00, run_after=2024-08-16 13:24:00+00:00
[2024-08-16T13:24:54.601+0000] {processor.py:208} INFO - Processing /home/airflow/.local/lib/python3.12/site-packages/airflow/example_dags/example_sla_dag.py took 0.100 seconds
[2024-08-16T13:25:24.744+0000] {processor.py:186} INFO - Started process (PID=4124) to work on /home/airflow/.local/lib/python3.12/site-packages/airflow/example_dags/example_sla_dag.py
[2024-08-16T13:25:24.745+0000] {processor.py:914} INFO - Processing file /home/airflow/.local/lib/python3.12/site-packages/airflow/example_dags/example_sla_dag.py for tasks to queue
[2024-08-16T13:25:24.748+0000] {logging_mixin.py:190} INFO - [2024-08-16T13:25:24.748+0000] {dagbag.py:587} INFO - Filling up the DagBag from /home/airflow/.local/lib/python3.12/site-packages/airflow/example_dags/example_sla_dag.py
[2024-08-16T13:25:24.761+0000] {processor.py:925} INFO - DAG(s) 'example_sla_dag' retrieved from /home/airflow/.local/lib/python3.12/site-packages/airflow/example_dags/example_sla_dag.py
[2024-08-16T13:25:24.781+0000] {logging_mixin.py:190} INFO - [2024-08-16T13:25:24.781+0000] {dag.py:3211} INFO - Sync 1 DAGs
[2024-08-16T13:25:24.810+0000] {logging_mixin.py:190} INFO - [2024-08-16T13:25:24.810+0000] {dag.py:4138} INFO - Setting next_dagrun for example_sla_dag to 2024-08-16 13:22:00+00:00, run_after=2024-08-16 13:24:00+00:00
[2024-08-16T13:25:24.829+0000] {processor.py:208} INFO - Processing /home/airflow/.local/lib/python3.12/site-packages/airflow/example_dags/example_sla_dag.py took 0.091 seconds
[2024-08-16T13:25:55.257+0000] {processor.py:186} INFO - Started process (PID=4411) to work on /home/airflow/.local/lib/python3.12/site-packages/airflow/example_dags/example_sla_dag.py
[2024-08-16T13:25:55.258+0000] {processor.py:914} INFO - Processing file /home/airflow/.local/lib/python3.12/site-packages/airflow/example_dags/example_sla_dag.py for tasks to queue
[2024-08-16T13:25:55.261+0000] {logging_mixin.py:190} INFO - [2024-08-16T13:25:55.261+0000] {dagbag.py:587} INFO - Filling up the DagBag from /home/airflow/.local/lib/python3.12/site-packages/airflow/example_dags/example_sla_dag.py
[2024-08-16T13:25:55.271+0000] {processor.py:925} INFO - DAG(s) 'example_sla_dag' retrieved from /home/airflow/.local/lib/python3.12/site-packages/airflow/example_dags/example_sla_dag.py
[2024-08-16T13:25:55.293+0000] {logging_mixin.py:190} INFO - [2024-08-16T13:25:55.293+0000] {dag.py:3211} INFO - Sync 1 DAGs
[2024-08-16T13:25:55.321+0000] {logging_mixin.py:190} INFO - [2024-08-16T13:25:55.320+0000] {dag.py:4138} INFO - Setting next_dagrun for example_sla_dag to 2024-08-16 13:22:00+00:00, run_after=2024-08-16 13:24:00+00:00
[2024-08-16T13:25:55.341+0000] {processor.py:208} INFO - Processing /home/airflow/.local/lib/python3.12/site-packages/airflow/example_dags/example_sla_dag.py took 0.091 seconds
[2024-08-16T13:26:25.884+0000] {processor.py:186} INFO - Started process (PID=4697) to work on /home/airflow/.local/lib/python3.12/site-packages/airflow/example_dags/example_sla_dag.py
[2024-08-16T13:26:25.885+0000] {processor.py:914} INFO - Processing file /home/airflow/.local/lib/python3.12/site-packages/airflow/example_dags/example_sla_dag.py for tasks to queue
[2024-08-16T13:26:25.888+0000] {logging_mixin.py:190} INFO - [2024-08-16T13:26:25.887+0000] {dagbag.py:587} INFO - Filling up the DagBag from /home/airflow/.local/lib/python3.12/site-packages/airflow/example_dags/example_sla_dag.py
[2024-08-16T13:26:25.899+0000] {processor.py:925} INFO - DAG(s) 'example_sla_dag' retrieved from /home/airflow/.local/lib/python3.12/site-packages/airflow/example_dags/example_sla_dag.py
[2024-08-16T13:26:25.924+0000] {logging_mixin.py:190} INFO - [2024-08-16T13:26:25.923+0000] {dag.py:3211} INFO - Sync 1 DAGs
[2024-08-16T13:26:25.963+0000] {logging_mixin.py:190} INFO - [2024-08-16T13:26:25.963+0000] {dag.py:4138} INFO - Setting next_dagrun for example_sla_dag to 2024-08-16 13:24:00+00:00, run_after=2024-08-16 13:26:00+00:00
[2024-08-16T13:26:25.995+0000] {processor.py:208} INFO - Processing /home/airflow/.local/lib/python3.12/site-packages/airflow/example_dags/example_sla_dag.py took 0.118 seconds
[2024-08-16T13:26:56.275+0000] {processor.py:186} INFO - Started process (PID=4983) to work on /home/airflow/.local/lib/python3.12/site-packages/airflow/example_dags/example_sla_dag.py
[2024-08-16T13:26:56.276+0000] {processor.py:914} INFO - Processing file /home/airflow/.local/lib/python3.12/site-packages/airflow/example_dags/example_sla_dag.py for tasks to queue
[2024-08-16T13:26:56.279+0000] {logging_mixin.py:190} INFO - [2024-08-16T13:26:56.278+0000] {dagbag.py:587} INFO - Filling up the DagBag from /home/airflow/.local/lib/python3.12/site-packages/airflow/example_dags/example_sla_dag.py
[2024-08-16T13:26:56.290+0000] {processor.py:925} INFO - DAG(s) 'example_sla_dag' retrieved from /home/airflow/.local/lib/python3.12/site-packages/airflow/example_dags/example_sla_dag.py
[2024-08-16T13:26:56.312+0000] {logging_mixin.py:190} INFO - [2024-08-16T13:26:56.312+0000] {dag.py:3211} INFO - Sync 1 DAGs
[2024-08-16T13:26:56.344+0000] {logging_mixin.py:190} INFO - [2024-08-16T13:26:56.344+0000] {dag.py:4138} INFO - Setting next_dagrun for example_sla_dag to 2024-08-16 13:24:00+00:00, run_after=2024-08-16 13:26:00+00:00
[2024-08-16T13:26:56.361+0000] {processor.py:208} INFO - Processing /home/airflow/.local/lib/python3.12/site-packages/airflow/example_dags/example_sla_dag.py took 0.093 seconds
[2024-08-16T13:27:26.637+0000] {processor.py:186} INFO - Started process (PID=5270) to work on /home/airflow/.local/lib/python3.12/site-packages/airflow/example_dags/example_sla_dag.py
[2024-08-16T13:27:26.638+0000] {processor.py:914} INFO - Processing file /home/airflow/.local/lib/python3.12/site-packages/airflow/example_dags/example_sla_dag.py for tasks to queue
[2024-08-16T13:27:26.641+0000] {logging_mixin.py:190} INFO - [2024-08-16T13:27:26.640+0000] {dagbag.py:587} INFO - Filling up the DagBag from /home/airflow/.local/lib/python3.12/site-packages/airflow/example_dags/example_sla_dag.py
[2024-08-16T13:27:26.653+0000] {processor.py:925} INFO - DAG(s) 'example_sla_dag' retrieved from /home/airflow/.local/lib/python3.12/site-packages/airflow/example_dags/example_sla_dag.py
[2024-08-16T13:27:26.674+0000] {logging_mixin.py:190} INFO - [2024-08-16T13:27:26.674+0000] {dag.py:3211} INFO - Sync 1 DAGs
[2024-08-16T13:27:26.703+0000] {logging_mixin.py:190} INFO - [2024-08-16T13:27:26.703+0000] {dag.py:4138} INFO - Setting next_dagrun for example_sla_dag to 2024-08-16 13:24:00+00:00, run_after=2024-08-16 13:26:00+00:00
[2024-08-16T13:27:26.721+0000] {processor.py:208} INFO - Processing /home/airflow/.local/lib/python3.12/site-packages/airflow/example_dags/example_sla_dag.py took 0.092 seconds
[2024-08-16T13:27:57.028+0000] {processor.py:186} INFO - Started process (PID=5556) to work on /home/airflow/.local/lib/python3.12/site-packages/airflow/example_dags/example_sla_dag.py
[2024-08-16T13:27:57.029+0000] {processor.py:914} INFO - Processing file /home/airflow/.local/lib/python3.12/site-packages/airflow/example_dags/example_sla_dag.py for tasks to queue
[2024-08-16T13:27:57.031+0000] {logging_mixin.py:190} INFO - [2024-08-16T13:27:57.031+0000] {dagbag.py:587} INFO - Filling up the DagBag from /home/airflow/.local/lib/python3.12/site-packages/airflow/example_dags/example_sla_dag.py
[2024-08-16T13:27:57.041+0000] {processor.py:925} INFO - DAG(s) 'example_sla_dag' retrieved from /home/airflow/.local/lib/python3.12/site-packages/airflow/example_dags/example_sla_dag.py
[2024-08-16T13:27:57.061+0000] {logging_mixin.py:190} INFO - [2024-08-16T13:27:57.060+0000] {dag.py:3211} INFO - Sync 1 DAGs
[2024-08-16T13:27:57.088+0000] {logging_mixin.py:190} INFO - [2024-08-16T13:27:57.088+0000] {dag.py:4138} INFO - Setting next_dagrun for example_sla_dag to 2024-08-16 13:24:00+00:00, run_after=2024-08-16 13:26:00+00:00
[2024-08-16T13:27:57.112+0000] {processor.py:208} INFO - Processing /home/airflow/.local/lib/python3.12/site-packages/airflow/example_dags/example_sla_dag.py took 0.090 seconds
[2024-08-16T13:28:27.754+0000] {processor.py:186} INFO - Started process (PID=5842) to work on /home/airflow/.local/lib/python3.12/site-packages/airflow/example_dags/example_sla_dag.py
[2024-08-16T13:28:27.755+0000] {processor.py:914} INFO - Processing file /home/airflow/.local/lib/python3.12/site-packages/airflow/example_dags/example_sla_dag.py for tasks to queue
[2024-08-16T13:28:27.758+0000] {logging_mixin.py:190} INFO - [2024-08-16T13:28:27.757+0000] {dagbag.py:587} INFO - Filling up the DagBag from /home/airflow/.local/lib/python3.12/site-packages/airflow/example_dags/example_sla_dag.py
[2024-08-16T13:28:27.768+0000] {processor.py:925} INFO - DAG(s) 'example_sla_dag' retrieved from /home/airflow/.local/lib/python3.12/site-packages/airflow/example_dags/example_sla_dag.py
[2024-08-16T13:28:27.789+0000] {logging_mixin.py:190} INFO - [2024-08-16T13:28:27.789+0000] {dag.py:3211} INFO - Sync 1 DAGs
[2024-08-16T13:28:27.818+0000] {logging_mixin.py:190} INFO - [2024-08-16T13:28:27.818+0000] {dag.py:4138} INFO - Setting next_dagrun for example_sla_dag to 2024-08-16 13:26:00+00:00, run_after=2024-08-16 13:28:00+00:00
[2024-08-16T13:28:27.845+0000] {processor.py:208} INFO - Processing /home/airflow/.local/lib/python3.12/site-packages/airflow/example_dags/example_sla_dag.py took 0.097 seconds
[2024-08-16T13:28:58.199+0000] {processor.py:186} INFO - Started process (PID=6126) to work on /home/airflow/.local/lib/python3.12/site-packages/airflow/example_dags/example_sla_dag.py
[2024-08-16T13:28:58.200+0000] {processor.py:914} INFO - Processing file /home/airflow/.local/lib/python3.12/site-packages/airflow/example_dags/example_sla_dag.py for tasks to queue
[2024-08-16T13:28:58.202+0000] {logging_mixin.py:190} INFO - [2024-08-16T13:28:58.202+0000] {dagbag.py:587} INFO - Filling up the DagBag from /home/airflow/.local/lib/python3.12/site-packages/airflow/example_dags/example_sla_dag.py
[2024-08-16T13:28:58.215+0000] {processor.py:925} INFO - DAG(s) 'example_sla_dag' retrieved from /home/airflow/.local/lib/python3.12/site-packages/airflow/example_dags/example_sla_dag.py
[2024-08-16T13:28:58.236+0000] {logging_mixin.py:190} INFO - [2024-08-16T13:28:58.235+0000] {dag.py:3211} INFO - Sync 1 DAGs
[2024-08-16T13:28:58.266+0000] {logging_mixin.py:190} INFO - [2024-08-16T13:28:58.266+0000] {dag.py:4138} INFO - Setting next_dagrun for example_sla_dag to 2024-08-16 13:26:00+00:00, run_after=2024-08-16 13:28:00+00:00
[2024-08-16T13:28:58.286+0000] {processor.py:208} INFO - Processing /home/airflow/.local/lib/python3.12/site-packages/airflow/example_dags/example_sla_dag.py took 0.094 seconds
[2024-08-16T13:29:28.805+0000] {processor.py:186} INFO - Started process (PID=6414) to work on /home/airflow/.local/lib/python3.12/site-packages/airflow/example_dags/example_sla_dag.py
[2024-08-16T13:29:28.807+0000] {processor.py:914} INFO - Processing file /home/airflow/.local/lib/python3.12/site-packages/airflow/example_dags/example_sla_dag.py for tasks to queue
[2024-08-16T13:29:28.809+0000] {logging_mixin.py:190} INFO - [2024-08-16T13:29:28.809+0000] {dagbag.py:587} INFO - Filling up the DagBag from /home/airflow/.local/lib/python3.12/site-packages/airflow/example_dags/example_sla_dag.py
[2024-08-16T13:29:28.834+0000] {processor.py:925} INFO - DAG(s) 'example_sla_dag' retrieved from /home/airflow/.local/lib/python3.12/site-packages/airflow/example_dags/example_sla_dag.py
[2024-08-16T13:29:28.856+0000] {logging_mixin.py:190} INFO - [2024-08-16T13:29:28.856+0000] {dag.py:3211} INFO - Sync 1 DAGs
[2024-08-16T13:29:28.886+0000] {logging_mixin.py:190} INFO - [2024-08-16T13:29:28.886+0000] {dag.py:4138} INFO - Setting next_dagrun for example_sla_dag to 2024-08-16 13:26:00+00:00, run_after=2024-08-16 13:28:00+00:00
[2024-08-16T13:29:28.905+0000] {processor.py:208} INFO - Processing /home/airflow/.local/lib/python3.12/site-packages/airflow/example_dags/example_sla_dag.py took 0.106 seconds
[2024-08-16T13:29:59.256+0000] {processor.py:186} INFO - Started process (PID=6700) to work on /home/airflow/.local/lib/python3.12/site-packages/airflow/example_dags/example_sla_dag.py
[2024-08-16T13:29:59.258+0000] {processor.py:914} INFO - Processing file /home/airflow/.local/lib/python3.12/site-packages/airflow/example_dags/example_sla_dag.py for tasks to queue
[2024-08-16T13:29:59.260+0000] {logging_mixin.py:190} INFO - [2024-08-16T13:29:59.260+0000] {dagbag.py:587} INFO - Filling up the DagBag from /home/airflow/.local/lib/python3.12/site-packages/airflow/example_dags/example_sla_dag.py
[2024-08-16T13:29:59.271+0000] {processor.py:925} INFO - DAG(s) 'example_sla_dag' retrieved from /home/airflow/.local/lib/python3.12/site-packages/airflow/example_dags/example_sla_dag.py
[2024-08-16T13:29:59.290+0000] {logging_mixin.py:190} INFO - [2024-08-16T13:29:59.290+0000] {dag.py:3211} INFO - Sync 1 DAGs
[2024-08-16T13:29:59.317+0000] {logging_mixin.py:190} INFO - [2024-08-16T13:29:59.317+0000] {dag.py:4138} INFO - Setting next_dagrun for example_sla_dag to 2024-08-16 13:26:00+00:00, run_after=2024-08-16 13:28:00+00:00
[2024-08-16T13:29:59.335+0000] {processor.py:208} INFO - Processing /home/airflow/.local/lib/python3.12/site-packages/airflow/example_dags/example_sla_dag.py took 0.089 seconds
[2024-08-16T13:30:29.674+0000] {processor.py:186} INFO - Started process (PID=6987) to work on /home/airflow/.local/lib/python3.12/site-packages/airflow/example_dags/example_sla_dag.py
[2024-08-16T13:30:29.676+0000] {processor.py:914} INFO - Processing file /home/airflow/.local/lib/python3.12/site-packages/airflow/example_dags/example_sla_dag.py for tasks to queue
[2024-08-16T13:30:29.678+0000] {logging_mixin.py:190} INFO - [2024-08-16T13:30:29.678+0000] {dagbag.py:587} INFO - Filling up the DagBag from /home/airflow/.local/lib/python3.12/site-packages/airflow/example_dags/example_sla_dag.py
[2024-08-16T13:30:29.689+0000] {processor.py:925} INFO - DAG(s) 'example_sla_dag' retrieved from /home/airflow/.local/lib/python3.12/site-packages/airflow/example_dags/example_sla_dag.py
[2024-08-16T13:30:29.710+0000] {logging_mixin.py:190} INFO - [2024-08-16T13:30:29.710+0000] {dag.py:3211} INFO - Sync 1 DAGs
[2024-08-16T13:30:29.738+0000] {logging_mixin.py:190} INFO - [2024-08-16T13:30:29.737+0000] {dag.py:4138} INFO - Setting next_dagrun for example_sla_dag to 2024-08-16 13:28:00+00:00, run_after=2024-08-16 13:30:00+00:00
[2024-08-16T13:30:29.757+0000] {processor.py:208} INFO - Processing /home/airflow/.local/lib/python3.12/site-packages/airflow/example_dags/example_sla_dag.py took 0.089 seconds
[2024-08-16T13:31:00.278+0000] {processor.py:186} INFO - Started process (PID=7273) to work on /home/airflow/.local/lib/python3.12/site-packages/airflow/example_dags/example_sla_dag.py
[2024-08-16T13:31:00.279+0000] {processor.py:914} INFO - Processing file /home/airflow/.local/lib/python3.12/site-packages/airflow/example_dags/example_sla_dag.py for tasks to queue
[2024-08-16T13:31:00.282+0000] {logging_mixin.py:190} INFO - [2024-08-16T13:31:00.282+0000] {dagbag.py:587} INFO - Filling up the DagBag from /home/airflow/.local/lib/python3.12/site-packages/airflow/example_dags/example_sla_dag.py
[2024-08-16T13:31:00.292+0000] {processor.py:925} INFO - DAG(s) 'example_sla_dag' retrieved from /home/airflow/.local/lib/python3.12/site-packages/airflow/example_dags/example_sla_dag.py
[2024-08-16T13:31:00.314+0000] {logging_mixin.py:190} INFO - [2024-08-16T13:31:00.313+0000] {dag.py:3211} INFO - Sync 1 DAGs
[2024-08-16T13:31:00.342+0000] {logging_mixin.py:190} INFO - [2024-08-16T13:31:00.342+0000] {dag.py:4138} INFO - Setting next_dagrun for example_sla_dag to 2024-08-16 13:28:00+00:00, run_after=2024-08-16 13:30:00+00:00
[2024-08-16T13:31:00.360+0000] {processor.py:208} INFO - Processing /home/airflow/.local/lib/python3.12/site-packages/airflow/example_dags/example_sla_dag.py took 0.089 seconds
[2024-08-16T13:31:30.838+0000] {processor.py:186} INFO - Started process (PID=7557) to work on /home/airflow/.local/lib/python3.12/site-packages/airflow/example_dags/example_sla_dag.py
[2024-08-16T13:31:30.840+0000] {processor.py:914} INFO - Processing file /home/airflow/.local/lib/python3.12/site-packages/airflow/example_dags/example_sla_dag.py for tasks to queue
[2024-08-16T13:31:30.842+0000] {logging_mixin.py:190} INFO - [2024-08-16T13:31:30.842+0000] {dagbag.py:587} INFO - Filling up the DagBag from /home/airflow/.local/lib/python3.12/site-packages/airflow/example_dags/example_sla_dag.py
[2024-08-16T13:31:30.854+0000] {processor.py:925} INFO - DAG(s) 'example_sla_dag' retrieved from /home/airflow/.local/lib/python3.12/site-packages/airflow/example_dags/example_sla_dag.py
[2024-08-16T13:31:30.875+0000] {logging_mixin.py:190} INFO - [2024-08-16T13:31:30.875+0000] {dag.py:3211} INFO - Sync 1 DAGs
[2024-08-16T13:31:30.904+0000] {logging_mixin.py:190} INFO - [2024-08-16T13:31:30.904+0000] {dag.py:4138} INFO - Setting next_dagrun for example_sla_dag to 2024-08-16 13:28:00+00:00, run_after=2024-08-16 13:30:00+00:00
[2024-08-16T13:31:30.926+0000] {processor.py:208} INFO - Processing /home/airflow/.local/lib/python3.12/site-packages/airflow/example_dags/example_sla_dag.py took 0.094 seconds
[2024-08-16T13:32:01.232+0000] {processor.py:186} INFO - Started process (PID=7845) to work on /home/airflow/.local/lib/python3.12/site-packages/airflow/example_dags/example_sla_dag.py
[2024-08-16T13:32:01.234+0000] {processor.py:914} INFO - Processing file /home/airflow/.local/lib/python3.12/site-packages/airflow/example_dags/example_sla_dag.py for tasks to queue
[2024-08-16T13:32:01.236+0000] {logging_mixin.py:190} INFO - [2024-08-16T13:32:01.236+0000] {dagbag.py:587} INFO - Filling up the DagBag from /home/airflow/.local/lib/python3.12/site-packages/airflow/example_dags/example_sla_dag.py
[2024-08-16T13:32:01.248+0000] {processor.py:925} INFO - DAG(s) 'example_sla_dag' retrieved from /home/airflow/.local/lib/python3.12/site-packages/airflow/example_dags/example_sla_dag.py
[2024-08-16T13:32:01.269+0000] {logging_mixin.py:190} INFO - [2024-08-16T13:32:01.269+0000] {dag.py:3211} INFO - Sync 1 DAGs
[2024-08-16T13:32:01.298+0000] {logging_mixin.py:190} INFO - [2024-08-16T13:32:01.298+0000] {dag.py:4138} INFO - Setting next_dagrun for example_sla_dag to 2024-08-16 13:30:00+00:00, run_after=2024-08-16 13:32:00+00:00
[2024-08-16T13:32:01.318+0000] {processor.py:208} INFO - Processing /home/airflow/.local/lib/python3.12/site-packages/airflow/example_dags/example_sla_dag.py took 0.092 seconds
[2024-08-16T13:32:31.837+0000] {processor.py:186} INFO - Started process (PID=8131) to work on /home/airflow/.local/lib/python3.12/site-packages/airflow/example_dags/example_sla_dag.py
[2024-08-16T13:32:31.838+0000] {processor.py:914} INFO - Processing file /home/airflow/.local/lib/python3.12/site-packages/airflow/example_dags/example_sla_dag.py for tasks to queue
[2024-08-16T13:32:31.841+0000] {logging_mixin.py:190} INFO - [2024-08-16T13:32:31.841+0000] {dagbag.py:587} INFO - Filling up the DagBag from /home/airflow/.local/lib/python3.12/site-packages/airflow/example_dags/example_sla_dag.py
[2024-08-16T13:32:31.852+0000] {processor.py:925} INFO - DAG(s) 'example_sla_dag' retrieved from /home/airflow/.local/lib/python3.12/site-packages/airflow/example_dags/example_sla_dag.py
[2024-08-16T13:32:31.876+0000] {logging_mixin.py:190} INFO - [2024-08-16T13:32:31.875+0000] {dag.py:3211} INFO - Sync 1 DAGs
[2024-08-16T13:32:31.904+0000] {logging_mixin.py:190} INFO - [2024-08-16T13:32:31.904+0000] {dag.py:4138} INFO - Setting next_dagrun for example_sla_dag to 2024-08-16 13:30:00+00:00, run_after=2024-08-16 13:32:00+00:00
[2024-08-16T13:32:31.923+0000] {processor.py:208} INFO - Processing /home/airflow/.local/lib/python3.12/site-packages/airflow/example_dags/example_sla_dag.py took 0.092 seconds
[2024-08-16T13:33:02.246+0000] {processor.py:186} INFO - Started process (PID=8417) to work on /home/airflow/.local/lib/python3.12/site-packages/airflow/example_dags/example_sla_dag.py
[2024-08-16T13:33:02.247+0000] {processor.py:914} INFO - Processing file /home/airflow/.local/lib/python3.12/site-packages/airflow/example_dags/example_sla_dag.py for tasks to queue
[2024-08-16T13:33:02.250+0000] {logging_mixin.py:190} INFO - [2024-08-16T13:33:02.249+0000] {dagbag.py:587} INFO - Filling up the DagBag from /home/airflow/.local/lib/python3.12/site-packages/airflow/example_dags/example_sla_dag.py
[2024-08-16T13:33:02.261+0000] {processor.py:925} INFO - DAG(s) 'example_sla_dag' retrieved from /home/airflow/.local/lib/python3.12/site-packages/airflow/example_dags/example_sla_dag.py
[2024-08-16T13:33:02.282+0000] {logging_mixin.py:190} INFO - [2024-08-16T13:33:02.281+0000] {dag.py:3211} INFO - Sync 1 DAGs
[2024-08-16T13:33:02.310+0000] {logging_mixin.py:190} INFO - [2024-08-16T13:33:02.310+0000] {dag.py:4138} INFO - Setting next_dagrun for example_sla_dag to 2024-08-16 13:30:00+00:00, run_after=2024-08-16 13:32:00+00:00
[2024-08-16T13:33:02.331+0000] {processor.py:208} INFO - Processing /home/airflow/.local/lib/python3.12/site-packages/airflow/example_dags/example_sla_dag.py took 0.092 seconds
[2024-08-16T13:33:32.610+0000] {processor.py:186} INFO - Started process (PID=8703) to work on /home/airflow/.local/lib/python3.12/site-packages/airflow/example_dags/example_sla_dag.py
[2024-08-16T13:33:32.611+0000] {processor.py:914} INFO - Processing file /home/airflow/.local/lib/python3.12/site-packages/airflow/example_dags/example_sla_dag.py for tasks to queue
[2024-08-16T13:33:32.614+0000] {logging_mixin.py:190} INFO - [2024-08-16T13:33:32.614+0000] {dagbag.py:587} INFO - Filling up the DagBag from /home/airflow/.local/lib/python3.12/site-packages/airflow/example_dags/example_sla_dag.py
[2024-08-16T13:33:32.626+0000] {processor.py:925} INFO - DAG(s) 'example_sla_dag' retrieved from /home/airflow/.local/lib/python3.12/site-packages/airflow/example_dags/example_sla_dag.py
[2024-08-16T13:33:32.648+0000] {logging_mixin.py:190} INFO - [2024-08-16T13:33:32.648+0000] {dag.py:3211} INFO - Sync 1 DAGs
[2024-08-16T13:33:32.680+0000] {logging_mixin.py:190} INFO - [2024-08-16T13:33:32.680+0000] {dag.py:4138} INFO - Setting next_dagrun for example_sla_dag to 2024-08-16 13:30:00+00:00, run_after=2024-08-16 13:32:00+00:00
[2024-08-16T13:33:32.704+0000] {processor.py:208} INFO - Processing /home/airflow/.local/lib/python3.12/site-packages/airflow/example_dags/example_sla_dag.py took 0.103 seconds
[2024-08-16T13:34:02.858+0000] {processor.py:186} INFO - Started process (PID=8987) to work on /home/airflow/.local/lib/python3.12/site-packages/airflow/example_dags/example_sla_dag.py
[2024-08-16T13:34:02.859+0000] {processor.py:914} INFO - Processing file /home/airflow/.local/lib/python3.12/site-packages/airflow/example_dags/example_sla_dag.py for tasks to queue
[2024-08-16T13:34:02.861+0000] {logging_mixin.py:190} INFO - [2024-08-16T13:34:02.861+0000] {dagbag.py:587} INFO - Filling up the DagBag from /home/airflow/.local/lib/python3.12/site-packages/airflow/example_dags/example_sla_dag.py
[2024-08-16T13:34:02.871+0000] {processor.py:925} INFO - DAG(s) 'example_sla_dag' retrieved from /home/airflow/.local/lib/python3.12/site-packages/airflow/example_dags/example_sla_dag.py
[2024-08-16T13:34:02.893+0000] {logging_mixin.py:190} INFO - [2024-08-16T13:34:02.892+0000] {dag.py:3211} INFO - Sync 1 DAGs
[2024-08-16T13:34:02.921+0000] {logging_mixin.py:190} INFO - [2024-08-16T13:34:02.921+0000] {dag.py:4138} INFO - Setting next_dagrun for example_sla_dag to 2024-08-16 13:32:00+00:00, run_after=2024-08-16 13:34:00+00:00
[2024-08-16T13:34:02.940+0000] {processor.py:208} INFO - Processing /home/airflow/.local/lib/python3.12/site-packages/airflow/example_dags/example_sla_dag.py took 0.089 seconds
[2024-08-16T13:34:33.558+0000] {processor.py:186} INFO - Started process (PID=9273) to work on /home/airflow/.local/lib/python3.12/site-packages/airflow/example_dags/example_sla_dag.py
[2024-08-16T13:34:33.559+0000] {processor.py:914} INFO - Processing file /home/airflow/.local/lib/python3.12/site-packages/airflow/example_dags/example_sla_dag.py for tasks to queue
[2024-08-16T13:34:33.562+0000] {logging_mixin.py:190} INFO - [2024-08-16T13:34:33.562+0000] {dagbag.py:587} INFO - Filling up the DagBag from /home/airflow/.local/lib/python3.12/site-packages/airflow/example_dags/example_sla_dag.py
[2024-08-16T13:34:33.573+0000] {processor.py:925} INFO - DAG(s) 'example_sla_dag' retrieved from /home/airflow/.local/lib/python3.12/site-packages/airflow/example_dags/example_sla_dag.py
[2024-08-16T13:34:33.595+0000] {logging_mixin.py:190} INFO - [2024-08-16T13:34:33.595+0000] {dag.py:3211} INFO - Sync 1 DAGs
[2024-08-16T13:34:33.623+0000] {logging_mixin.py:190} INFO - [2024-08-16T13:34:33.623+0000] {dag.py:4138} INFO - Setting next_dagrun for example_sla_dag to 2024-08-16 13:32:00+00:00, run_after=2024-08-16 13:34:00+00:00
[2024-08-16T13:34:33.644+0000] {processor.py:208} INFO - Processing /home/airflow/.local/lib/python3.12/site-packages/airflow/example_dags/example_sla_dag.py took 0.093 seconds
[2024-08-16T13:35:03.954+0000] {processor.py:186} INFO - Started process (PID=9559) to work on /home/airflow/.local/lib/python3.12/site-packages/airflow/example_dags/example_sla_dag.py
[2024-08-16T13:35:03.955+0000] {processor.py:914} INFO - Processing file /home/airflow/.local/lib/python3.12/site-packages/airflow/example_dags/example_sla_dag.py for tasks to queue
[2024-08-16T13:35:03.958+0000] {logging_mixin.py:190} INFO - [2024-08-16T13:35:03.957+0000] {dagbag.py:587} INFO - Filling up the DagBag from /home/airflow/.local/lib/python3.12/site-packages/airflow/example_dags/example_sla_dag.py
[2024-08-16T13:35:03.969+0000] {processor.py:925} INFO - DAG(s) 'example_sla_dag' retrieved from /home/airflow/.local/lib/python3.12/site-packages/airflow/example_dags/example_sla_dag.py
[2024-08-16T13:35:03.992+0000] {logging_mixin.py:190} INFO - [2024-08-16T13:35:03.991+0000] {dag.py:3211} INFO - Sync 1 DAGs
[2024-08-16T13:35:04.020+0000] {logging_mixin.py:190} INFO - [2024-08-16T13:35:04.020+0000] {dag.py:4138} INFO - Setting next_dagrun for example_sla_dag to 2024-08-16 13:32:00+00:00, run_after=2024-08-16 13:34:00+00:00
[2024-08-16T13:35:04.038+0000] {processor.py:208} INFO - Processing /home/airflow/.local/lib/python3.12/site-packages/airflow/example_dags/example_sla_dag.py took 0.091 seconds
[2024-08-16T13:35:34.381+0000] {processor.py:186} INFO - Started process (PID=9847) to work on /home/airflow/.local/lib/python3.12/site-packages/airflow/example_dags/example_sla_dag.py
[2024-08-16T13:35:34.382+0000] {processor.py:914} INFO - Processing file /home/airflow/.local/lib/python3.12/site-packages/airflow/example_dags/example_sla_dag.py for tasks to queue
[2024-08-16T13:35:34.384+0000] {logging_mixin.py:190} INFO - [2024-08-16T13:35:34.384+0000] {dagbag.py:587} INFO - Filling up the DagBag from /home/airflow/.local/lib/python3.12/site-packages/airflow/example_dags/example_sla_dag.py
[2024-08-16T13:35:34.395+0000] {processor.py:925} INFO - DAG(s) 'example_sla_dag' retrieved from /home/airflow/.local/lib/python3.12/site-packages/airflow/example_dags/example_sla_dag.py
[2024-08-16T13:35:34.415+0000] {logging_mixin.py:190} INFO - [2024-08-16T13:35:34.415+0000] {dag.py:3211} INFO - Sync 1 DAGs
[2024-08-16T13:35:34.443+0000] {logging_mixin.py:190} INFO - [2024-08-16T13:35:34.442+0000] {dag.py:4138} INFO - Setting next_dagrun for example_sla_dag to 2024-08-16 13:32:00+00:00, run_after=2024-08-16 13:34:00+00:00
[2024-08-16T13:35:34.462+0000] {processor.py:208} INFO - Processing /home/airflow/.local/lib/python3.12/site-packages/airflow/example_dags/example_sla_dag.py took 0.087 seconds
[2024-08-16T13:36:04.837+0000] {processor.py:186} INFO - Started process (PID=10133) to work on /home/airflow/.local/lib/python3.12/site-packages/airflow/example_dags/example_sla_dag.py
[2024-08-16T13:36:04.838+0000] {processor.py:914} INFO - Processing file /home/airflow/.local/lib/python3.12/site-packages/airflow/example_dags/example_sla_dag.py for tasks to queue
[2024-08-16T13:36:04.842+0000] {logging_mixin.py:190} INFO - [2024-08-16T13:36:04.842+0000] {dagbag.py:587} INFO - Filling up the DagBag from /home/airflow/.local/lib/python3.12/site-packages/airflow/example_dags/example_sla_dag.py
[2024-08-16T13:36:04.856+0000] {processor.py:925} INFO - DAG(s) 'example_sla_dag' retrieved from /home/airflow/.local/lib/python3.12/site-packages/airflow/example_dags/example_sla_dag.py
[2024-08-16T13:36:04.884+0000] {logging_mixin.py:190} INFO - [2024-08-16T13:36:04.884+0000] {dag.py:3211} INFO - Sync 1 DAGs
[2024-08-16T13:36:04.915+0000] {logging_mixin.py:190} INFO - [2024-08-16T13:36:04.915+0000] {dag.py:4138} INFO - Setting next_dagrun for example_sla_dag to 2024-08-16 13:34:00+00:00, run_after=2024-08-16 13:36:00+00:00
[2024-08-16T13:36:04.937+0000] {processor.py:208} INFO - Processing /home/airflow/.local/lib/python3.12/site-packages/airflow/example_dags/example_sla_dag.py took 0.107 seconds
[2024-08-16T13:36:35.441+0000] {processor.py:186} INFO - Started process (PID=10417) to work on /home/airflow/.local/lib/python3.12/site-packages/airflow/example_dags/example_sla_dag.py
[2024-08-16T13:36:35.443+0000] {processor.py:914} INFO - Processing file /home/airflow/.local/lib/python3.12/site-packages/airflow/example_dags/example_sla_dag.py for tasks to queue
[2024-08-16T13:36:35.445+0000] {logging_mixin.py:190} INFO - [2024-08-16T13:36:35.445+0000] {dagbag.py:587} INFO - Filling up the DagBag from /home/airflow/.local/lib/python3.12/site-packages/airflow/example_dags/example_sla_dag.py
[2024-08-16T13:36:35.459+0000] {processor.py:925} INFO - DAG(s) 'example_sla_dag' retrieved from /home/airflow/.local/lib/python3.12/site-packages/airflow/example_dags/example_sla_dag.py
[2024-08-16T13:36:35.478+0000] {logging_mixin.py:190} INFO - [2024-08-16T13:36:35.478+0000] {dag.py:3211} INFO - Sync 1 DAGs
[2024-08-16T13:36:35.506+0000] {logging_mixin.py:190} INFO - [2024-08-16T13:36:35.505+0000] {dag.py:4138} INFO - Setting next_dagrun for example_sla_dag to 2024-08-16 13:34:00+00:00, run_after=2024-08-16 13:36:00+00:00
[2024-08-16T13:36:35.524+0000] {processor.py:208} INFO - Processing /home/airflow/.local/lib/python3.12/site-packages/airflow/example_dags/example_sla_dag.py took 0.090 seconds
[2024-08-16T13:37:05.827+0000] {processor.py:186} INFO - Started process (PID=10705) to work on /home/airflow/.local/lib/python3.12/site-packages/airflow/example_dags/example_sla_dag.py
[2024-08-16T13:37:05.828+0000] {processor.py:914} INFO - Processing file /home/airflow/.local/lib/python3.12/site-packages/airflow/example_dags/example_sla_dag.py for tasks to queue
[2024-08-16T13:37:05.830+0000] {logging_mixin.py:190} INFO - [2024-08-16T13:37:05.830+0000] {dagbag.py:587} INFO - Filling up the DagBag from /home/airflow/.local/lib/python3.12/site-packages/airflow/example_dags/example_sla_dag.py
[2024-08-16T13:37:05.842+0000] {processor.py:925} INFO - DAG(s) 'example_sla_dag' retrieved from /home/airflow/.local/lib/python3.12/site-packages/airflow/example_dags/example_sla_dag.py
[2024-08-16T13:37:05.863+0000] {logging_mixin.py:190} INFO - [2024-08-16T13:37:05.863+0000] {dag.py:3211} INFO - Sync 1 DAGs
[2024-08-16T13:37:05.891+0000] {logging_mixin.py:190} INFO - [2024-08-16T13:37:05.891+0000] {dag.py:4138} INFO - Setting next_dagrun for example_sla_dag to 2024-08-16 13:34:00+00:00, run_after=2024-08-16 13:36:00+00:00
[2024-08-16T13:37:05.911+0000] {processor.py:208} INFO - Processing /home/airflow/.local/lib/python3.12/site-packages/airflow/example_dags/example_sla_dag.py took 0.091 seconds
[2024-08-16T13:37:36.174+0000] {processor.py:186} INFO - Started process (PID=10990) to work on /home/airflow/.local/lib/python3.12/site-packages/airflow/example_dags/example_sla_dag.py
[2024-08-16T13:37:36.175+0000] {processor.py:914} INFO - Processing file /home/airflow/.local/lib/python3.12/site-packages/airflow/example_dags/example_sla_dag.py for tasks to queue
[2024-08-16T13:37:36.177+0000] {logging_mixin.py:190} INFO - [2024-08-16T13:37:36.177+0000] {dagbag.py:587} INFO - Filling up the DagBag from /home/airflow/.local/lib/python3.12/site-packages/airflow/example_dags/example_sla_dag.py
[2024-08-16T13:37:36.189+0000] {processor.py:925} INFO - DAG(s) 'example_sla_dag' retrieved from /home/airflow/.local/lib/python3.12/site-packages/airflow/example_dags/example_sla_dag.py
[2024-08-16T13:37:36.211+0000] {logging_mixin.py:190} INFO - [2024-08-16T13:37:36.210+0000] {dag.py:3211} INFO - Sync 1 DAGs
[2024-08-16T13:37:36.239+0000] {logging_mixin.py:190} INFO - [2024-08-16T13:37:36.239+0000] {dag.py:4138} INFO - Setting next_dagrun for example_sla_dag to 2024-08-16 13:34:00+00:00, run_after=2024-08-16 13:36:00+00:00
[2024-08-16T13:37:36.260+0000] {processor.py:208} INFO - Processing /home/airflow/.local/lib/python3.12/site-packages/airflow/example_dags/example_sla_dag.py took 0.093 seconds
[2024-08-16T13:38:06.487+0000] {processor.py:186} INFO - Started process (PID=11278) to work on /home/airflow/.local/lib/python3.12/site-packages/airflow/example_dags/example_sla_dag.py
[2024-08-16T13:38:06.488+0000] {processor.py:914} INFO - Processing file /home/airflow/.local/lib/python3.12/site-packages/airflow/example_dags/example_sla_dag.py for tasks to queue
[2024-08-16T13:38:06.491+0000] {logging_mixin.py:190} INFO - [2024-08-16T13:38:06.491+0000] {dagbag.py:587} INFO - Filling up the DagBag from /home/airflow/.local/lib/python3.12/site-packages/airflow/example_dags/example_sla_dag.py
[2024-08-16T13:38:06.510+0000] {processor.py:925} INFO - DAG(s) 'example_sla_dag' retrieved from /home/airflow/.local/lib/python3.12/site-packages/airflow/example_dags/example_sla_dag.py
[2024-08-16T13:38:06.545+0000] {logging_mixin.py:190} INFO - [2024-08-16T13:38:06.544+0000] {dag.py:3211} INFO - Sync 1 DAGs
[2024-08-16T13:38:06.605+0000] {logging_mixin.py:190} INFO - [2024-08-16T13:38:06.604+0000] {dag.py:4138} INFO - Setting next_dagrun for example_sla_dag to 2024-08-16 13:36:00+00:00, run_after=2024-08-16 13:38:00+00:00
[2024-08-16T13:38:06.644+0000] {processor.py:208} INFO - Processing /home/airflow/.local/lib/python3.12/site-packages/airflow/example_dags/example_sla_dag.py took 0.165 seconds
[2024-08-16T13:38:37.013+0000] {processor.py:186} INFO - Started process (PID=11564) to work on /home/airflow/.local/lib/python3.12/site-packages/airflow/example_dags/example_sla_dag.py
[2024-08-16T13:38:37.014+0000] {processor.py:914} INFO - Processing file /home/airflow/.local/lib/python3.12/site-packages/airflow/example_dags/example_sla_dag.py for tasks to queue
[2024-08-16T13:38:37.017+0000] {logging_mixin.py:190} INFO - [2024-08-16T13:38:37.016+0000] {dagbag.py:587} INFO - Filling up the DagBag from /home/airflow/.local/lib/python3.12/site-packages/airflow/example_dags/example_sla_dag.py
[2024-08-16T13:38:37.027+0000] {processor.py:925} INFO - DAG(s) 'example_sla_dag' retrieved from /home/airflow/.local/lib/python3.12/site-packages/airflow/example_dags/example_sla_dag.py
[2024-08-16T13:38:37.048+0000] {logging_mixin.py:190} INFO - [2024-08-16T13:38:37.048+0000] {dag.py:3211} INFO - Sync 1 DAGs
[2024-08-16T13:38:37.075+0000] {logging_mixin.py:190} INFO - [2024-08-16T13:38:37.075+0000] {dag.py:4138} INFO - Setting next_dagrun for example_sla_dag to 2024-08-16 13:36:00+00:00, run_after=2024-08-16 13:38:00+00:00
[2024-08-16T13:38:37.093+0000] {processor.py:208} INFO - Processing /home/airflow/.local/lib/python3.12/site-packages/airflow/example_dags/example_sla_dag.py took 0.088 seconds
[2024-08-16T13:39:07.271+0000] {processor.py:186} INFO - Started process (PID=11848) to work on /home/airflow/.local/lib/python3.12/site-packages/airflow/example_dags/example_sla_dag.py
[2024-08-16T13:39:07.272+0000] {processor.py:914} INFO - Processing file /home/airflow/.local/lib/python3.12/site-packages/airflow/example_dags/example_sla_dag.py for tasks to queue
[2024-08-16T13:39:07.275+0000] {logging_mixin.py:190} INFO - [2024-08-16T13:39:07.274+0000] {dagbag.py:587} INFO - Filling up the DagBag from /home/airflow/.local/lib/python3.12/site-packages/airflow/example_dags/example_sla_dag.py
[2024-08-16T13:39:07.288+0000] {processor.py:925} INFO - DAG(s) 'example_sla_dag' retrieved from /home/airflow/.local/lib/python3.12/site-packages/airflow/example_dags/example_sla_dag.py
[2024-08-16T13:39:07.312+0000] {logging_mixin.py:190} INFO - [2024-08-16T13:39:07.311+0000] {dag.py:3211} INFO - Sync 1 DAGs
[2024-08-16T13:39:07.347+0000] {logging_mixin.py:190} INFO - [2024-08-16T13:39:07.346+0000] {dag.py:4138} INFO - Setting next_dagrun for example_sla_dag to 2024-08-16 13:36:00+00:00, run_after=2024-08-16 13:38:00+00:00
[2024-08-16T13:39:07.368+0000] {processor.py:208} INFO - Processing /home/airflow/.local/lib/python3.12/site-packages/airflow/example_dags/example_sla_dag.py took 0.103 seconds
[2024-08-16T13:39:37.559+0000] {processor.py:186} INFO - Started process (PID=12134) to work on /home/airflow/.local/lib/python3.12/site-packages/airflow/example_dags/example_sla_dag.py
[2024-08-16T13:39:37.560+0000] {processor.py:914} INFO - Processing file /home/airflow/.local/lib/python3.12/site-packages/airflow/example_dags/example_sla_dag.py for tasks to queue
[2024-08-16T13:39:37.563+0000] {logging_mixin.py:190} INFO - [2024-08-16T13:39:37.563+0000] {dagbag.py:587} INFO - Filling up the DagBag from /home/airflow/.local/lib/python3.12/site-packages/airflow/example_dags/example_sla_dag.py
[2024-08-16T13:39:37.577+0000] {processor.py:925} INFO - DAG(s) 'example_sla_dag' retrieved from /home/airflow/.local/lib/python3.12/site-packages/airflow/example_dags/example_sla_dag.py
[2024-08-16T13:39:37.599+0000] {logging_mixin.py:190} INFO - [2024-08-16T13:39:37.598+0000] {dag.py:3211} INFO - Sync 1 DAGs
[2024-08-16T13:39:37.628+0000] {logging_mixin.py:190} INFO - [2024-08-16T13:39:37.628+0000] {dag.py:4138} INFO - Setting next_dagrun for example_sla_dag to 2024-08-16 13:36:00+00:00, run_after=2024-08-16 13:38:00+00:00
[2024-08-16T13:39:37.651+0000] {processor.py:208} INFO - Processing /home/airflow/.local/lib/python3.12/site-packages/airflow/example_dags/example_sla_dag.py took 0.100 seconds
[2024-08-16T13:40:08.616+0000] {processor.py:186} INFO - Started process (PID=12420) to work on /home/airflow/.local/lib/python3.12/site-packages/airflow/example_dags/example_sla_dag.py
[2024-08-16T13:40:08.617+0000] {processor.py:914} INFO - Processing file /home/airflow/.local/lib/python3.12/site-packages/airflow/example_dags/example_sla_dag.py for tasks to queue
[2024-08-16T13:40:08.619+0000] {logging_mixin.py:190} INFO - [2024-08-16T13:40:08.619+0000] {dagbag.py:587} INFO - Filling up the DagBag from /home/airflow/.local/lib/python3.12/site-packages/airflow/example_dags/example_sla_dag.py
[2024-08-16T13:40:08.631+0000] {processor.py:925} INFO - DAG(s) 'example_sla_dag' retrieved from /home/airflow/.local/lib/python3.12/site-packages/airflow/example_dags/example_sla_dag.py
[2024-08-16T13:40:08.653+0000] {logging_mixin.py:190} INFO - [2024-08-16T13:40:08.653+0000] {dag.py:3211} INFO - Sync 1 DAGs
[2024-08-16T13:40:08.682+0000] {logging_mixin.py:190} INFO - [2024-08-16T13:40:08.682+0000] {dag.py:4138} INFO - Setting next_dagrun for example_sla_dag to 2024-08-16 13:38:00+00:00, run_after=2024-08-16 13:40:00+00:00
[2024-08-16T13:40:08.706+0000] {processor.py:208} INFO - Processing /home/airflow/.local/lib/python3.12/site-packages/airflow/example_dags/example_sla_dag.py took 0.097 seconds
[2024-08-16T13:40:39.317+0000] {processor.py:186} INFO - Started process (PID=12706) to work on /home/airflow/.local/lib/python3.12/site-packages/airflow/example_dags/example_sla_dag.py
[2024-08-16T13:40:39.319+0000] {processor.py:914} INFO - Processing file /home/airflow/.local/lib/python3.12/site-packages/airflow/example_dags/example_sla_dag.py for tasks to queue
[2024-08-16T13:40:39.322+0000] {logging_mixin.py:190} INFO - [2024-08-16T13:40:39.321+0000] {dagbag.py:587} INFO - Filling up the DagBag from /home/airflow/.local/lib/python3.12/site-packages/airflow/example_dags/example_sla_dag.py
[2024-08-16T13:40:39.334+0000] {processor.py:925} INFO - DAG(s) 'example_sla_dag' retrieved from /home/airflow/.local/lib/python3.12/site-packages/airflow/example_dags/example_sla_dag.py
[2024-08-16T13:40:39.356+0000] {logging_mixin.py:190} INFO - [2024-08-16T13:40:39.356+0000] {dag.py:3211} INFO - Sync 1 DAGs
[2024-08-16T13:40:39.410+0000] {logging_mixin.py:190} INFO - [2024-08-16T13:40:39.409+0000] {dag.py:4138} INFO - Setting next_dagrun for example_sla_dag to 2024-08-16 13:38:00+00:00, run_after=2024-08-16 13:40:00+00:00
[2024-08-16T13:40:39.432+0000] {processor.py:208} INFO - Processing /home/airflow/.local/lib/python3.12/site-packages/airflow/example_dags/example_sla_dag.py took 0.121 seconds
[2024-08-16T13:41:09.614+0000] {processor.py:186} INFO - Started process (PID=12992) to work on /home/airflow/.local/lib/python3.12/site-packages/airflow/example_dags/example_sla_dag.py
[2024-08-16T13:41:09.615+0000] {processor.py:914} INFO - Processing file /home/airflow/.local/lib/python3.12/site-packages/airflow/example_dags/example_sla_dag.py for tasks to queue
[2024-08-16T13:41:09.617+0000] {logging_mixin.py:190} INFO - [2024-08-16T13:41:09.617+0000] {dagbag.py:587} INFO - Filling up the DagBag from /home/airflow/.local/lib/python3.12/site-packages/airflow/example_dags/example_sla_dag.py
[2024-08-16T13:41:09.629+0000] {processor.py:925} INFO - DAG(s) 'example_sla_dag' retrieved from /home/airflow/.local/lib/python3.12/site-packages/airflow/example_dags/example_sla_dag.py
[2024-08-16T13:41:09.649+0000] {logging_mixin.py:190} INFO - [2024-08-16T13:41:09.649+0000] {dag.py:3211} INFO - Sync 1 DAGs
[2024-08-16T13:41:09.677+0000] {logging_mixin.py:190} INFO - [2024-08-16T13:41:09.677+0000] {dag.py:4138} INFO - Setting next_dagrun for example_sla_dag to 2024-08-16 13:38:00+00:00, run_after=2024-08-16 13:40:00+00:00
[2024-08-16T13:41:09.696+0000] {processor.py:208} INFO - Processing /home/airflow/.local/lib/python3.12/site-packages/airflow/example_dags/example_sla_dag.py took 0.089 seconds
[2024-08-16T13:41:39.878+0000] {processor.py:186} INFO - Started process (PID=13273) to work on /home/airflow/.local/lib/python3.12/site-packages/airflow/example_dags/example_sla_dag.py
[2024-08-16T13:41:39.879+0000] {processor.py:914} INFO - Processing file /home/airflow/.local/lib/python3.12/site-packages/airflow/example_dags/example_sla_dag.py for tasks to queue
[2024-08-16T13:41:39.883+0000] {logging_mixin.py:190} INFO - [2024-08-16T13:41:39.883+0000] {dagbag.py:587} INFO - Filling up the DagBag from /home/airflow/.local/lib/python3.12/site-packages/airflow/example_dags/example_sla_dag.py
[2024-08-16T13:41:39.899+0000] {processor.py:925} INFO - DAG(s) 'example_sla_dag' retrieved from /home/airflow/.local/lib/python3.12/site-packages/airflow/example_dags/example_sla_dag.py
[2024-08-16T13:41:39.926+0000] {logging_mixin.py:190} INFO - [2024-08-16T13:41:39.926+0000] {dag.py:3211} INFO - Sync 1 DAGs
[2024-08-16T13:41:39.982+0000] {logging_mixin.py:190} INFO - [2024-08-16T13:41:39.981+0000] {dag.py:4138} INFO - Setting next_dagrun for example_sla_dag to 2024-08-16 13:38:00+00:00, run_after=2024-08-16 13:40:00+00:00
[2024-08-16T13:41:40.010+0000] {processor.py:208} INFO - Processing /home/airflow/.local/lib/python3.12/site-packages/airflow/example_dags/example_sla_dag.py took 0.138 seconds
[2024-08-16T13:42:10.426+0000] {processor.py:186} INFO - Started process (PID=13559) to work on /home/airflow/.local/lib/python3.12/site-packages/airflow/example_dags/example_sla_dag.py
[2024-08-16T13:42:10.427+0000] {processor.py:914} INFO - Processing file /home/airflow/.local/lib/python3.12/site-packages/airflow/example_dags/example_sla_dag.py for tasks to queue
[2024-08-16T13:42:10.430+0000] {logging_mixin.py:190} INFO - [2024-08-16T13:42:10.430+0000] {dagbag.py:587} INFO - Filling up the DagBag from /home/airflow/.local/lib/python3.12/site-packages/airflow/example_dags/example_sla_dag.py
[2024-08-16T13:42:10.445+0000] {processor.py:925} INFO - DAG(s) 'example_sla_dag' retrieved from /home/airflow/.local/lib/python3.12/site-packages/airflow/example_dags/example_sla_dag.py
[2024-08-16T13:42:10.468+0000] {logging_mixin.py:190} INFO - [2024-08-16T13:42:10.467+0000] {dag.py:3211} INFO - Sync 1 DAGs
[2024-08-16T13:42:10.498+0000] {logging_mixin.py:190} INFO - [2024-08-16T13:42:10.498+0000] {dag.py:4138} INFO - Setting next_dagrun for example_sla_dag to 2024-08-16 13:40:00+00:00, run_after=2024-08-16 13:42:00+00:00
[2024-08-16T13:42:10.520+0000] {processor.py:208} INFO - Processing /home/airflow/.local/lib/python3.12/site-packages/airflow/example_dags/example_sla_dag.py took 0.100 seconds
[2024-08-16T13:42:41.662+0000] {processor.py:186} INFO - Started process (PID=13852) to work on /home/airflow/.local/lib/python3.12/site-packages/airflow/example_dags/example_sla_dag.py
[2024-08-16T13:42:41.663+0000] {processor.py:914} INFO - Processing file /home/airflow/.local/lib/python3.12/site-packages/airflow/example_dags/example_sla_dag.py for tasks to queue
[2024-08-16T13:42:41.665+0000] {logging_mixin.py:190} INFO - [2024-08-16T13:42:41.665+0000] {dagbag.py:587} INFO - Filling up the DagBag from /home/airflow/.local/lib/python3.12/site-packages/airflow/example_dags/example_sla_dag.py
[2024-08-16T13:42:41.676+0000] {processor.py:925} INFO - DAG(s) 'example_sla_dag' retrieved from /home/airflow/.local/lib/python3.12/site-packages/airflow/example_dags/example_sla_dag.py
[2024-08-16T13:42:41.698+0000] {logging_mixin.py:190} INFO - [2024-08-16T13:42:41.698+0000] {dag.py:3211} INFO - Sync 1 DAGs
[2024-08-16T13:42:41.725+0000] {logging_mixin.py:190} INFO - [2024-08-16T13:42:41.725+0000] {dag.py:4138} INFO - Setting next_dagrun for example_sla_dag to 2024-08-16 13:40:00+00:00, run_after=2024-08-16 13:42:00+00:00
[2024-08-16T13:42:41.747+0000] {processor.py:208} INFO - Processing /home/airflow/.local/lib/python3.12/site-packages/airflow/example_dags/example_sla_dag.py took 0.094 seconds
[2024-08-16T13:43:12.108+0000] {processor.py:186} INFO - Started process (PID=14136) to work on /home/airflow/.local/lib/python3.12/site-packages/airflow/example_dags/example_sla_dag.py
[2024-08-16T13:43:12.110+0000] {processor.py:914} INFO - Processing file /home/airflow/.local/lib/python3.12/site-packages/airflow/example_dags/example_sla_dag.py for tasks to queue
[2024-08-16T13:43:12.113+0000] {logging_mixin.py:190} INFO - [2024-08-16T13:43:12.112+0000] {dagbag.py:587} INFO - Filling up the DagBag from /home/airflow/.local/lib/python3.12/site-packages/airflow/example_dags/example_sla_dag.py
[2024-08-16T13:43:12.125+0000] {processor.py:925} INFO - DAG(s) 'example_sla_dag' retrieved from /home/airflow/.local/lib/python3.12/site-packages/airflow/example_dags/example_sla_dag.py
[2024-08-16T13:43:12.147+0000] {logging_mixin.py:190} INFO - [2024-08-16T13:43:12.146+0000] {dag.py:3211} INFO - Sync 1 DAGs
[2024-08-16T13:43:12.184+0000] {logging_mixin.py:190} INFO - [2024-08-16T13:43:12.183+0000] {dag.py:4138} INFO - Setting next_dagrun for example_sla_dag to 2024-08-16 13:40:00+00:00, run_after=2024-08-16 13:42:00+00:00
[2024-08-16T13:43:12.214+0000] {processor.py:208} INFO - Processing /home/airflow/.local/lib/python3.12/site-packages/airflow/example_dags/example_sla_dag.py took 0.113 seconds
[2024-08-16T13:43:42.555+0000] {processor.py:186} INFO - Started process (PID=14417) to work on /home/airflow/.local/lib/python3.12/site-packages/airflow/example_dags/example_sla_dag.py
[2024-08-16T13:43:42.557+0000] {processor.py:914} INFO - Processing file /home/airflow/.local/lib/python3.12/site-packages/airflow/example_dags/example_sla_dag.py for tasks to queue
[2024-08-16T13:43:42.559+0000] {logging_mixin.py:190} INFO - [2024-08-16T13:43:42.559+0000] {dagbag.py:587} INFO - Filling up the DagBag from /home/airflow/.local/lib/python3.12/site-packages/airflow/example_dags/example_sla_dag.py
[2024-08-16T13:43:42.574+0000] {processor.py:925} INFO - DAG(s) 'example_sla_dag' retrieved from /home/airflow/.local/lib/python3.12/site-packages/airflow/example_dags/example_sla_dag.py
[2024-08-16T13:43:42.595+0000] {logging_mixin.py:190} INFO - [2024-08-16T13:43:42.595+0000] {dag.py:3211} INFO - Sync 1 DAGs
[2024-08-16T13:43:42.622+0000] {logging_mixin.py:190} INFO - [2024-08-16T13:43:42.622+0000] {dag.py:4138} INFO - Setting next_dagrun for example_sla_dag to 2024-08-16 13:40:00+00:00, run_after=2024-08-16 13:42:00+00:00
[2024-08-16T13:43:42.641+0000] {processor.py:208} INFO - Processing /home/airflow/.local/lib/python3.12/site-packages/airflow/example_dags/example_sla_dag.py took 0.095 seconds
[2024-08-16T13:44:13.245+0000] {processor.py:186} INFO - Started process (PID=14708) to work on /home/airflow/.local/lib/python3.12/site-packages/airflow/example_dags/example_sla_dag.py
[2024-08-16T13:44:13.246+0000] {processor.py:914} INFO - Processing file /home/airflow/.local/lib/python3.12/site-packages/airflow/example_dags/example_sla_dag.py for tasks to queue
[2024-08-16T13:44:13.249+0000] {logging_mixin.py:190} INFO - [2024-08-16T13:44:13.248+0000] {dagbag.py:587} INFO - Filling up the DagBag from /home/airflow/.local/lib/python3.12/site-packages/airflow/example_dags/example_sla_dag.py
[2024-08-16T13:44:13.259+0000] {processor.py:925} INFO - DAG(s) 'example_sla_dag' retrieved from /home/airflow/.local/lib/python3.12/site-packages/airflow/example_dags/example_sla_dag.py
[2024-08-16T13:44:13.283+0000] {logging_mixin.py:190} INFO - [2024-08-16T13:44:13.283+0000] {dag.py:3211} INFO - Sync 1 DAGs
[2024-08-16T13:44:13.320+0000] {logging_mixin.py:190} INFO - [2024-08-16T13:44:13.320+0000] {dag.py:4138} INFO - Setting next_dagrun for example_sla_dag to 2024-08-16 13:42:00+00:00, run_after=2024-08-16 13:44:00+00:00
[2024-08-16T13:44:13.345+0000] {processor.py:208} INFO - Processing /home/airflow/.local/lib/python3.12/site-packages/airflow/example_dags/example_sla_dag.py took 0.107 seconds
[2024-08-16T13:44:43.681+0000] {processor.py:186} INFO - Started process (PID=14989) to work on /home/airflow/.local/lib/python3.12/site-packages/airflow/example_dags/example_sla_dag.py
[2024-08-16T13:44:43.682+0000] {processor.py:914} INFO - Processing file /home/airflow/.local/lib/python3.12/site-packages/airflow/example_dags/example_sla_dag.py for tasks to queue
[2024-08-16T13:44:43.685+0000] {logging_mixin.py:190} INFO - [2024-08-16T13:44:43.684+0000] {dagbag.py:587} INFO - Filling up the DagBag from /home/airflow/.local/lib/python3.12/site-packages/airflow/example_dags/example_sla_dag.py
[2024-08-16T13:44:43.695+0000] {processor.py:925} INFO - DAG(s) 'example_sla_dag' retrieved from /home/airflow/.local/lib/python3.12/site-packages/airflow/example_dags/example_sla_dag.py
[2024-08-16T13:44:43.717+0000] {logging_mixin.py:190} INFO - [2024-08-16T13:44:43.717+0000] {dag.py:3211} INFO - Sync 1 DAGs
[2024-08-16T13:44:43.746+0000] {logging_mixin.py:190} INFO - [2024-08-16T13:44:43.746+0000] {dag.py:4138} INFO - Setting next_dagrun for example_sla_dag to 2024-08-16 13:42:00+00:00, run_after=2024-08-16 13:44:00+00:00
[2024-08-16T13:44:43.763+0000] {processor.py:208} INFO - Processing /home/airflow/.local/lib/python3.12/site-packages/airflow/example_dags/example_sla_dag.py took 0.091 seconds
[2024-08-16T13:45:14.076+0000] {processor.py:186} INFO - Started process (PID=15275) to work on /home/airflow/.local/lib/python3.12/site-packages/airflow/example_dags/example_sla_dag.py
[2024-08-16T13:45:14.077+0000] {processor.py:914} INFO - Processing file /home/airflow/.local/lib/python3.12/site-packages/airflow/example_dags/example_sla_dag.py for tasks to queue
[2024-08-16T13:45:14.079+0000] {logging_mixin.py:190} INFO - [2024-08-16T13:45:14.079+0000] {dagbag.py:587} INFO - Filling up the DagBag from /home/airflow/.local/lib/python3.12/site-packages/airflow/example_dags/example_sla_dag.py
[2024-08-16T13:45:14.090+0000] {processor.py:925} INFO - DAG(s) 'example_sla_dag' retrieved from /home/airflow/.local/lib/python3.12/site-packages/airflow/example_dags/example_sla_dag.py
[2024-08-16T13:45:14.110+0000] {logging_mixin.py:190} INFO - [2024-08-16T13:45:14.110+0000] {dag.py:3211} INFO - Sync 1 DAGs
[2024-08-16T13:45:14.140+0000] {logging_mixin.py:190} INFO - [2024-08-16T13:45:14.139+0000] {dag.py:4138} INFO - Setting next_dagrun for example_sla_dag to 2024-08-16 13:42:00+00:00, run_after=2024-08-16 13:44:00+00:00
[2024-08-16T13:45:14.161+0000] {processor.py:208} INFO - Processing /home/airflow/.local/lib/python3.12/site-packages/airflow/example_dags/example_sla_dag.py took 0.091 seconds
[2024-08-16T13:45:44.401+0000] {processor.py:186} INFO - Started process (PID=15556) to work on /home/airflow/.local/lib/python3.12/site-packages/airflow/example_dags/example_sla_dag.py
[2024-08-16T13:45:44.404+0000] {processor.py:914} INFO - Processing file /home/airflow/.local/lib/python3.12/site-packages/airflow/example_dags/example_sla_dag.py for tasks to queue
[2024-08-16T13:45:44.408+0000] {logging_mixin.py:190} INFO - [2024-08-16T13:45:44.407+0000] {dagbag.py:587} INFO - Filling up the DagBag from /home/airflow/.local/lib/python3.12/site-packages/airflow/example_dags/example_sla_dag.py
[2024-08-16T13:45:44.442+0000] {processor.py:925} INFO - DAG(s) 'example_sla_dag' retrieved from /home/airflow/.local/lib/python3.12/site-packages/airflow/example_dags/example_sla_dag.py
[2024-08-16T13:45:44.474+0000] {logging_mixin.py:190} INFO - [2024-08-16T13:45:44.474+0000] {dag.py:3211} INFO - Sync 1 DAGs
[2024-08-16T13:45:44.516+0000] {logging_mixin.py:190} INFO - [2024-08-16T13:45:44.515+0000] {dag.py:4138} INFO - Setting next_dagrun for example_sla_dag to 2024-08-16 13:42:00+00:00, run_after=2024-08-16 13:44:00+00:00
[2024-08-16T13:45:44.545+0000] {processor.py:208} INFO - Processing /home/airflow/.local/lib/python3.12/site-packages/airflow/example_dags/example_sla_dag.py took 0.160 seconds
[2024-08-16T13:46:15.848+0000] {processor.py:186} INFO - Started process (PID=15842) to work on /home/airflow/.local/lib/python3.12/site-packages/airflow/example_dags/example_sla_dag.py
[2024-08-16T13:46:15.850+0000] {processor.py:914} INFO - Processing file /home/airflow/.local/lib/python3.12/site-packages/airflow/example_dags/example_sla_dag.py for tasks to queue
[2024-08-16T13:46:15.892+0000] {logging_mixin.py:190} INFO - [2024-08-16T13:46:15.891+0000] {dagbag.py:587} INFO - Filling up the DagBag from /home/airflow/.local/lib/python3.12/site-packages/airflow/example_dags/example_sla_dag.py
[2024-08-16T13:46:15.929+0000] {processor.py:925} INFO - DAG(s) 'example_sla_dag' retrieved from /home/airflow/.local/lib/python3.12/site-packages/airflow/example_dags/example_sla_dag.py
[2024-08-16T13:46:15.967+0000] {logging_mixin.py:190} INFO - [2024-08-16T13:46:15.966+0000] {dag.py:3211} INFO - Sync 1 DAGs
[2024-08-16T13:46:16.063+0000] {logging_mixin.py:190} INFO - [2024-08-16T13:46:16.063+0000] {dag.py:4138} INFO - Setting next_dagrun for example_sla_dag to 2024-08-16 13:44:00+00:00, run_after=2024-08-16 13:46:00+00:00
[2024-08-16T13:46:16.106+0000] {processor.py:208} INFO - Processing /home/airflow/.local/lib/python3.12/site-packages/airflow/example_dags/example_sla_dag.py took 0.268 seconds
[2024-08-16T13:46:46.773+0000] {processor.py:186} INFO - Started process (PID=16128) to work on /home/airflow/.local/lib/python3.12/site-packages/airflow/example_dags/example_sla_dag.py
[2024-08-16T13:46:46.774+0000] {processor.py:914} INFO - Processing file /home/airflow/.local/lib/python3.12/site-packages/airflow/example_dags/example_sla_dag.py for tasks to queue
[2024-08-16T13:46:46.778+0000] {logging_mixin.py:190} INFO - [2024-08-16T13:46:46.778+0000] {dagbag.py:587} INFO - Filling up the DagBag from /home/airflow/.local/lib/python3.12/site-packages/airflow/example_dags/example_sla_dag.py
[2024-08-16T13:46:46.791+0000] {processor.py:925} INFO - DAG(s) 'example_sla_dag' retrieved from /home/airflow/.local/lib/python3.12/site-packages/airflow/example_dags/example_sla_dag.py
[2024-08-16T13:46:46.821+0000] {logging_mixin.py:190} INFO - [2024-08-16T13:46:46.821+0000] {dag.py:3211} INFO - Sync 1 DAGs
[2024-08-16T13:46:46.868+0000] {logging_mixin.py:190} INFO - [2024-08-16T13:46:46.868+0000] {dag.py:4138} INFO - Setting next_dagrun for example_sla_dag to 2024-08-16 13:44:00+00:00, run_after=2024-08-16 13:46:00+00:00
[2024-08-16T13:46:46.900+0000] {processor.py:208} INFO - Processing /home/airflow/.local/lib/python3.12/site-packages/airflow/example_dags/example_sla_dag.py took 0.135 seconds
[2024-08-16T13:47:17.135+0000] {processor.py:186} INFO - Started process (PID=16414) to work on /home/airflow/.local/lib/python3.12/site-packages/airflow/example_dags/example_sla_dag.py
[2024-08-16T13:47:17.136+0000] {processor.py:914} INFO - Processing file /home/airflow/.local/lib/python3.12/site-packages/airflow/example_dags/example_sla_dag.py for tasks to queue
[2024-08-16T13:47:17.138+0000] {logging_mixin.py:190} INFO - [2024-08-16T13:47:17.138+0000] {dagbag.py:587} INFO - Filling up the DagBag from /home/airflow/.local/lib/python3.12/site-packages/airflow/example_dags/example_sla_dag.py
[2024-08-16T13:47:17.148+0000] {processor.py:925} INFO - DAG(s) 'example_sla_dag' retrieved from /home/airflow/.local/lib/python3.12/site-packages/airflow/example_dags/example_sla_dag.py
[2024-08-16T13:47:17.168+0000] {logging_mixin.py:190} INFO - [2024-08-16T13:47:17.168+0000] {dag.py:3211} INFO - Sync 1 DAGs
[2024-08-16T13:47:17.195+0000] {logging_mixin.py:190} INFO - [2024-08-16T13:47:17.195+0000] {dag.py:4138} INFO - Setting next_dagrun for example_sla_dag to 2024-08-16 13:44:00+00:00, run_after=2024-08-16 13:46:00+00:00
[2024-08-16T13:47:17.216+0000] {processor.py:208} INFO - Processing /home/airflow/.local/lib/python3.12/site-packages/airflow/example_dags/example_sla_dag.py took 0.088 seconds
[2024-08-16T13:47:47.764+0000] {processor.py:186} INFO - Started process (PID=16707) to work on /home/airflow/.local/lib/python3.12/site-packages/airflow/example_dags/example_sla_dag.py
[2024-08-16T13:47:47.765+0000] {processor.py:914} INFO - Processing file /home/airflow/.local/lib/python3.12/site-packages/airflow/example_dags/example_sla_dag.py for tasks to queue
[2024-08-16T13:47:47.767+0000] {logging_mixin.py:190} INFO - [2024-08-16T13:47:47.767+0000] {dagbag.py:587} INFO - Filling up the DagBag from /home/airflow/.local/lib/python3.12/site-packages/airflow/example_dags/example_sla_dag.py
[2024-08-16T13:47:47.779+0000] {processor.py:925} INFO - DAG(s) 'example_sla_dag' retrieved from /home/airflow/.local/lib/python3.12/site-packages/airflow/example_dags/example_sla_dag.py
[2024-08-16T13:47:47.807+0000] {logging_mixin.py:190} INFO - [2024-08-16T13:47:47.806+0000] {dag.py:3211} INFO - Sync 1 DAGs
[2024-08-16T13:47:47.837+0000] {logging_mixin.py:190} INFO - [2024-08-16T13:47:47.837+0000] {dag.py:4138} INFO - Setting next_dagrun for example_sla_dag to 2024-08-16 13:44:00+00:00, run_after=2024-08-16 13:46:00+00:00
[2024-08-16T13:47:47.854+0000] {processor.py:208} INFO - Processing /home/airflow/.local/lib/python3.12/site-packages/airflow/example_dags/example_sla_dag.py took 0.097 seconds
[2024-08-16T13:48:18.829+0000] {processor.py:186} INFO - Started process (PID=16995) to work on /home/airflow/.local/lib/python3.12/site-packages/airflow/example_dags/example_sla_dag.py
[2024-08-16T13:48:18.830+0000] {processor.py:914} INFO - Processing file /home/airflow/.local/lib/python3.12/site-packages/airflow/example_dags/example_sla_dag.py for tasks to queue
[2024-08-16T13:48:18.832+0000] {logging_mixin.py:190} INFO - [2024-08-16T13:48:18.832+0000] {dagbag.py:587} INFO - Filling up the DagBag from /home/airflow/.local/lib/python3.12/site-packages/airflow/example_dags/example_sla_dag.py
[2024-08-16T13:48:18.844+0000] {processor.py:925} INFO - DAG(s) 'example_sla_dag' retrieved from /home/airflow/.local/lib/python3.12/site-packages/airflow/example_dags/example_sla_dag.py
[2024-08-16T13:48:18.867+0000] {logging_mixin.py:190} INFO - [2024-08-16T13:48:18.867+0000] {dag.py:3211} INFO - Sync 1 DAGs
[2024-08-16T13:48:18.898+0000] {logging_mixin.py:190} INFO - [2024-08-16T13:48:18.898+0000] {dag.py:4138} INFO - Setting next_dagrun for example_sla_dag to 2024-08-16 13:46:00+00:00, run_after=2024-08-16 13:48:00+00:00
[2024-08-16T13:48:18.933+0000] {processor.py:208} INFO - Processing /home/airflow/.local/lib/python3.12/site-packages/airflow/example_dags/example_sla_dag.py took 0.111 seconds
[2024-08-16T13:48:49.313+0000] {processor.py:186} INFO - Started process (PID=17279) to work on /home/airflow/.local/lib/python3.12/site-packages/airflow/example_dags/example_sla_dag.py
[2024-08-16T13:48:49.315+0000] {processor.py:914} INFO - Processing file /home/airflow/.local/lib/python3.12/site-packages/airflow/example_dags/example_sla_dag.py for tasks to queue
[2024-08-16T13:48:49.321+0000] {logging_mixin.py:190} INFO - [2024-08-16T13:48:49.320+0000] {dagbag.py:587} INFO - Filling up the DagBag from /home/airflow/.local/lib/python3.12/site-packages/airflow/example_dags/example_sla_dag.py
[2024-08-16T13:48:49.336+0000] {processor.py:925} INFO - DAG(s) 'example_sla_dag' retrieved from /home/airflow/.local/lib/python3.12/site-packages/airflow/example_dags/example_sla_dag.py
[2024-08-16T13:48:49.357+0000] {logging_mixin.py:190} INFO - [2024-08-16T13:48:49.356+0000] {dag.py:3211} INFO - Sync 1 DAGs
[2024-08-16T13:48:49.384+0000] {logging_mixin.py:190} INFO - [2024-08-16T13:48:49.384+0000] {dag.py:4138} INFO - Setting next_dagrun for example_sla_dag to 2024-08-16 13:46:00+00:00, run_after=2024-08-16 13:48:00+00:00
[2024-08-16T13:48:49.404+0000] {processor.py:208} INFO - Processing /home/airflow/.local/lib/python3.12/site-packages/airflow/example_dags/example_sla_dag.py took 0.100 seconds
[2024-08-16T13:49:20.137+0000] {processor.py:186} INFO - Started process (PID=17565) to work on /home/airflow/.local/lib/python3.12/site-packages/airflow/example_dags/example_sla_dag.py
[2024-08-16T13:49:20.138+0000] {processor.py:914} INFO - Processing file /home/airflow/.local/lib/python3.12/site-packages/airflow/example_dags/example_sla_dag.py for tasks to queue
[2024-08-16T13:49:20.141+0000] {logging_mixin.py:190} INFO - [2024-08-16T13:49:20.141+0000] {dagbag.py:587} INFO - Filling up the DagBag from /home/airflow/.local/lib/python3.12/site-packages/airflow/example_dags/example_sla_dag.py
[2024-08-16T13:49:20.154+0000] {processor.py:925} INFO - DAG(s) 'example_sla_dag' retrieved from /home/airflow/.local/lib/python3.12/site-packages/airflow/example_dags/example_sla_dag.py
[2024-08-16T13:49:20.179+0000] {logging_mixin.py:190} INFO - [2024-08-16T13:49:20.178+0000] {dag.py:3211} INFO - Sync 1 DAGs
[2024-08-16T13:49:20.222+0000] {logging_mixin.py:190} INFO - [2024-08-16T13:49:20.222+0000] {dag.py:4138} INFO - Setting next_dagrun for example_sla_dag to 2024-08-16 13:46:00+00:00, run_after=2024-08-16 13:48:00+00:00
[2024-08-16T13:49:20.244+0000] {processor.py:208} INFO - Processing /home/airflow/.local/lib/python3.12/site-packages/airflow/example_dags/example_sla_dag.py took 0.119 seconds
[2024-08-16T13:49:50.391+0000] {processor.py:186} INFO - Started process (PID=17851) to work on /home/airflow/.local/lib/python3.12/site-packages/airflow/example_dags/example_sla_dag.py
[2024-08-16T13:49:50.392+0000] {processor.py:914} INFO - Processing file /home/airflow/.local/lib/python3.12/site-packages/airflow/example_dags/example_sla_dag.py for tasks to queue
[2024-08-16T13:49:50.395+0000] {logging_mixin.py:190} INFO - [2024-08-16T13:49:50.394+0000] {dagbag.py:587} INFO - Filling up the DagBag from /home/airflow/.local/lib/python3.12/site-packages/airflow/example_dags/example_sla_dag.py
[2024-08-16T13:49:50.409+0000] {processor.py:925} INFO - DAG(s) 'example_sla_dag' retrieved from /home/airflow/.local/lib/python3.12/site-packages/airflow/example_dags/example_sla_dag.py
[2024-08-16T13:49:50.435+0000] {logging_mixin.py:190} INFO - [2024-08-16T13:49:50.435+0000] {dag.py:3211} INFO - Sync 1 DAGs
[2024-08-16T13:49:50.471+0000] {logging_mixin.py:190} INFO - [2024-08-16T13:49:50.471+0000] {dag.py:4138} INFO - Setting next_dagrun for example_sla_dag to 2024-08-16 13:46:00+00:00, run_after=2024-08-16 13:48:00+00:00
[2024-08-16T13:49:50.494+0000] {processor.py:208} INFO - Processing /home/airflow/.local/lib/python3.12/site-packages/airflow/example_dags/example_sla_dag.py took 0.110 seconds
