[2024-08-16T13:18:43.896+0000] {processor.py:186} INFO - Started process (PID=289) to work on /home/airflow/.local/lib/python3.12/site-packages/airflow/example_dags/example_latest_only_with_trigger.py
[2024-08-16T13:18:43.897+0000] {processor.py:914} INFO - Processing file /home/airflow/.local/lib/python3.12/site-packages/airflow/example_dags/example_latest_only_with_trigger.py for tasks to queue
[2024-08-16T13:18:43.900+0000] {logging_mixin.py:190} INFO - [2024-08-16T13:18:43.899+0000] {dagbag.py:587} INFO - Filling up the DagBag from /home/airflow/.local/lib/python3.12/site-packages/airflow/example_dags/example_latest_only_with_trigger.py
[2024-08-16T13:18:43.915+0000] {processor.py:925} INFO - DAG(s) 'latest_only_with_trigger' retrieved from /home/airflow/.local/lib/python3.12/site-packages/airflow/example_dags/example_latest_only_with_trigger.py
[2024-08-16T13:18:44.039+0000] {logging_mixin.py:190} INFO - [2024-08-16T13:18:44.038+0000] {override.py:1858} INFO - Created Permission View: can read on DAG:latest_only_with_trigger
[2024-08-16T13:18:44.051+0000] {logging_mixin.py:190} INFO - [2024-08-16T13:18:44.051+0000] {override.py:1858} INFO - Created Permission View: can edit on DAG:latest_only_with_trigger
[2024-08-16T13:18:44.061+0000] {logging_mixin.py:190} INFO - [2024-08-16T13:18:44.061+0000] {override.py:1858} INFO - Created Permission View: can delete on DAG:latest_only_with_trigger
[2024-08-16T13:18:44.062+0000] {logging_mixin.py:190} INFO - [2024-08-16T13:18:44.062+0000] {dag.py:3211} INFO - Sync 1 DAGs
[2024-08-16T13:18:44.078+0000] {logging_mixin.py:190} INFO - [2024-08-16T13:18:44.077+0000] {dag.py:3234} INFO - Creating ORM DAG for latest_only_with_trigger
[2024-08-16T13:18:44.090+0000] {logging_mixin.py:190} INFO - [2024-08-16T13:18:44.090+0000] {dag.py:4138} INFO - Setting next_dagrun for latest_only_with_trigger to 2024-08-16 08:00:00+00:00, run_after=2024-08-16 12:00:00+00:00
[2024-08-16T13:18:44.120+0000] {processor.py:208} INFO - Processing /home/airflow/.local/lib/python3.12/site-packages/airflow/example_dags/example_latest_only_with_trigger.py took 0.230 seconds
[2024-08-16T13:19:14.187+0000] {processor.py:186} INFO - Started process (PID=575) to work on /home/airflow/.local/lib/python3.12/site-packages/airflow/example_dags/example_latest_only_with_trigger.py
[2024-08-16T13:19:14.188+0000] {processor.py:914} INFO - Processing file /home/airflow/.local/lib/python3.12/site-packages/airflow/example_dags/example_latest_only_with_trigger.py for tasks to queue
[2024-08-16T13:19:14.191+0000] {logging_mixin.py:190} INFO - [2024-08-16T13:19:14.190+0000] {dagbag.py:587} INFO - Filling up the DagBag from /home/airflow/.local/lib/python3.12/site-packages/airflow/example_dags/example_latest_only_with_trigger.py
[2024-08-16T13:19:14.201+0000] {processor.py:925} INFO - DAG(s) 'latest_only_with_trigger' retrieved from /home/airflow/.local/lib/python3.12/site-packages/airflow/example_dags/example_latest_only_with_trigger.py
[2024-08-16T13:19:14.224+0000] {logging_mixin.py:190} INFO - [2024-08-16T13:19:14.224+0000] {dag.py:3211} INFO - Sync 1 DAGs
[2024-08-16T13:19:14.248+0000] {logging_mixin.py:190} INFO - [2024-08-16T13:19:14.248+0000] {dag.py:4138} INFO - Setting next_dagrun for latest_only_with_trigger to 2024-08-16 08:00:00+00:00, run_after=2024-08-16 12:00:00+00:00
[2024-08-16T13:19:14.270+0000] {processor.py:208} INFO - Processing /home/airflow/.local/lib/python3.12/site-packages/airflow/example_dags/example_latest_only_with_trigger.py took 0.092 seconds
[2024-08-16T13:19:44.678+0000] {processor.py:186} INFO - Started process (PID=863) to work on /home/airflow/.local/lib/python3.12/site-packages/airflow/example_dags/example_latest_only_with_trigger.py
[2024-08-16T13:19:44.679+0000] {processor.py:914} INFO - Processing file /home/airflow/.local/lib/python3.12/site-packages/airflow/example_dags/example_latest_only_with_trigger.py for tasks to queue
[2024-08-16T13:19:44.682+0000] {logging_mixin.py:190} INFO - [2024-08-16T13:19:44.681+0000] {dagbag.py:587} INFO - Filling up the DagBag from /home/airflow/.local/lib/python3.12/site-packages/airflow/example_dags/example_latest_only_with_trigger.py
[2024-08-16T13:19:44.689+0000] {processor.py:925} INFO - DAG(s) 'latest_only_with_trigger' retrieved from /home/airflow/.local/lib/python3.12/site-packages/airflow/example_dags/example_latest_only_with_trigger.py
[2024-08-16T13:19:44.712+0000] {logging_mixin.py:190} INFO - [2024-08-16T13:19:44.711+0000] {dag.py:3211} INFO - Sync 1 DAGs
[2024-08-16T13:19:44.736+0000] {logging_mixin.py:190} INFO - [2024-08-16T13:19:44.736+0000] {dag.py:4138} INFO - Setting next_dagrun for latest_only_with_trigger to 2024-08-16 08:00:00+00:00, run_after=2024-08-16 12:00:00+00:00
[2024-08-16T13:19:44.791+0000] {processor.py:208} INFO - Processing /home/airflow/.local/lib/python3.12/site-packages/airflow/example_dags/example_latest_only_with_trigger.py took 0.119 seconds
[2024-08-16T13:20:15.590+0000] {processor.py:186} INFO - Started process (PID=1155) to work on /home/airflow/.local/lib/python3.12/site-packages/airflow/example_dags/example_latest_only_with_trigger.py
[2024-08-16T13:20:15.591+0000] {processor.py:914} INFO - Processing file /home/airflow/.local/lib/python3.12/site-packages/airflow/example_dags/example_latest_only_with_trigger.py for tasks to queue
[2024-08-16T13:20:15.594+0000] {logging_mixin.py:190} INFO - [2024-08-16T13:20:15.593+0000] {dagbag.py:587} INFO - Filling up the DagBag from /home/airflow/.local/lib/python3.12/site-packages/airflow/example_dags/example_latest_only_with_trigger.py
[2024-08-16T13:20:15.601+0000] {processor.py:925} INFO - DAG(s) 'latest_only_with_trigger' retrieved from /home/airflow/.local/lib/python3.12/site-packages/airflow/example_dags/example_latest_only_with_trigger.py
[2024-08-16T13:20:15.622+0000] {logging_mixin.py:190} INFO - [2024-08-16T13:20:15.622+0000] {dag.py:3211} INFO - Sync 1 DAGs
[2024-08-16T13:20:15.649+0000] {logging_mixin.py:190} INFO - [2024-08-16T13:20:15.648+0000] {dag.py:4138} INFO - Setting next_dagrun for latest_only_with_trigger to 2024-08-16 08:00:00+00:00, run_after=2024-08-16 12:00:00+00:00
[2024-08-16T13:20:15.670+0000] {processor.py:208} INFO - Processing /home/airflow/.local/lib/python3.12/site-packages/airflow/example_dags/example_latest_only_with_trigger.py took 0.086 seconds
[2024-08-16T13:20:45.927+0000] {processor.py:186} INFO - Started process (PID=1439) to work on /home/airflow/.local/lib/python3.12/site-packages/airflow/example_dags/example_latest_only_with_trigger.py
[2024-08-16T13:20:45.929+0000] {processor.py:914} INFO - Processing file /home/airflow/.local/lib/python3.12/site-packages/airflow/example_dags/example_latest_only_with_trigger.py for tasks to queue
[2024-08-16T13:20:45.931+0000] {logging_mixin.py:190} INFO - [2024-08-16T13:20:45.931+0000] {dagbag.py:587} INFO - Filling up the DagBag from /home/airflow/.local/lib/python3.12/site-packages/airflow/example_dags/example_latest_only_with_trigger.py
[2024-08-16T13:20:45.939+0000] {processor.py:925} INFO - DAG(s) 'latest_only_with_trigger' retrieved from /home/airflow/.local/lib/python3.12/site-packages/airflow/example_dags/example_latest_only_with_trigger.py
[2024-08-16T13:20:45.963+0000] {logging_mixin.py:190} INFO - [2024-08-16T13:20:45.962+0000] {dag.py:3211} INFO - Sync 1 DAGs
[2024-08-16T13:20:45.999+0000] {logging_mixin.py:190} INFO - [2024-08-16T13:20:45.999+0000] {dag.py:4138} INFO - Setting next_dagrun for latest_only_with_trigger to 2024-08-16 08:00:00+00:00, run_after=2024-08-16 12:00:00+00:00
[2024-08-16T13:20:46.023+0000] {processor.py:208} INFO - Processing /home/airflow/.local/lib/python3.12/site-packages/airflow/example_dags/example_latest_only_with_trigger.py took 0.104 seconds
[2024-08-16T13:21:16.335+0000] {processor.py:186} INFO - Started process (PID=1725) to work on /home/airflow/.local/lib/python3.12/site-packages/airflow/example_dags/example_latest_only_with_trigger.py
[2024-08-16T13:21:16.337+0000] {processor.py:914} INFO - Processing file /home/airflow/.local/lib/python3.12/site-packages/airflow/example_dags/example_latest_only_with_trigger.py for tasks to queue
[2024-08-16T13:21:16.339+0000] {logging_mixin.py:190} INFO - [2024-08-16T13:21:16.339+0000] {dagbag.py:587} INFO - Filling up the DagBag from /home/airflow/.local/lib/python3.12/site-packages/airflow/example_dags/example_latest_only_with_trigger.py
[2024-08-16T13:21:16.347+0000] {processor.py:925} INFO - DAG(s) 'latest_only_with_trigger' retrieved from /home/airflow/.local/lib/python3.12/site-packages/airflow/example_dags/example_latest_only_with_trigger.py
[2024-08-16T13:21:16.371+0000] {logging_mixin.py:190} INFO - [2024-08-16T13:21:16.370+0000] {dag.py:3211} INFO - Sync 1 DAGs
[2024-08-16T13:21:16.406+0000] {logging_mixin.py:190} INFO - [2024-08-16T13:21:16.405+0000] {dag.py:4138} INFO - Setting next_dagrun for latest_only_with_trigger to 2024-08-16 08:00:00+00:00, run_after=2024-08-16 12:00:00+00:00
[2024-08-16T13:21:16.445+0000] {processor.py:208} INFO - Processing /home/airflow/.local/lib/python3.12/site-packages/airflow/example_dags/example_latest_only_with_trigger.py took 0.116 seconds
[2024-08-16T13:21:47.657+0000] {processor.py:186} INFO - Started process (PID=2011) to work on /home/airflow/.local/lib/python3.12/site-packages/airflow/example_dags/example_latest_only_with_trigger.py
[2024-08-16T13:21:47.658+0000] {processor.py:914} INFO - Processing file /home/airflow/.local/lib/python3.12/site-packages/airflow/example_dags/example_latest_only_with_trigger.py for tasks to queue
[2024-08-16T13:21:47.660+0000] {logging_mixin.py:190} INFO - [2024-08-16T13:21:47.660+0000] {dagbag.py:587} INFO - Filling up the DagBag from /home/airflow/.local/lib/python3.12/site-packages/airflow/example_dags/example_latest_only_with_trigger.py
[2024-08-16T13:21:47.668+0000] {processor.py:925} INFO - DAG(s) 'latest_only_with_trigger' retrieved from /home/airflow/.local/lib/python3.12/site-packages/airflow/example_dags/example_latest_only_with_trigger.py
[2024-08-16T13:21:47.691+0000] {logging_mixin.py:190} INFO - [2024-08-16T13:21:47.690+0000] {dag.py:3211} INFO - Sync 1 DAGs
[2024-08-16T13:21:47.718+0000] {logging_mixin.py:190} INFO - [2024-08-16T13:21:47.717+0000] {dag.py:4138} INFO - Setting next_dagrun for latest_only_with_trigger to 2024-08-16 08:00:00+00:00, run_after=2024-08-16 12:00:00+00:00
[2024-08-16T13:21:47.741+0000] {processor.py:208} INFO - Processing /home/airflow/.local/lib/python3.12/site-packages/airflow/example_dags/example_latest_only_with_trigger.py took 0.090 seconds
[2024-08-16T13:22:18.197+0000] {processor.py:186} INFO - Started process (PID=2297) to work on /home/airflow/.local/lib/python3.12/site-packages/airflow/example_dags/example_latest_only_with_trigger.py
[2024-08-16T13:22:18.198+0000] {processor.py:914} INFO - Processing file /home/airflow/.local/lib/python3.12/site-packages/airflow/example_dags/example_latest_only_with_trigger.py for tasks to queue
[2024-08-16T13:22:18.201+0000] {logging_mixin.py:190} INFO - [2024-08-16T13:22:18.201+0000] {dagbag.py:587} INFO - Filling up the DagBag from /home/airflow/.local/lib/python3.12/site-packages/airflow/example_dags/example_latest_only_with_trigger.py
[2024-08-16T13:22:18.208+0000] {processor.py:925} INFO - DAG(s) 'latest_only_with_trigger' retrieved from /home/airflow/.local/lib/python3.12/site-packages/airflow/example_dags/example_latest_only_with_trigger.py
[2024-08-16T13:22:18.232+0000] {logging_mixin.py:190} INFO - [2024-08-16T13:22:18.231+0000] {dag.py:3211} INFO - Sync 1 DAGs
[2024-08-16T13:22:18.256+0000] {logging_mixin.py:190} INFO - [2024-08-16T13:22:18.256+0000] {dag.py:4138} INFO - Setting next_dagrun for latest_only_with_trigger to 2024-08-16 08:00:00+00:00, run_after=2024-08-16 12:00:00+00:00
[2024-08-16T13:22:18.276+0000] {processor.py:208} INFO - Processing /home/airflow/.local/lib/python3.12/site-packages/airflow/example_dags/example_latest_only_with_trigger.py took 0.085 seconds
[2024-08-16T13:22:48.405+0000] {processor.py:186} INFO - Started process (PID=2583) to work on /home/airflow/.local/lib/python3.12/site-packages/airflow/example_dags/example_latest_only_with_trigger.py
[2024-08-16T13:22:48.406+0000] {processor.py:914} INFO - Processing file /home/airflow/.local/lib/python3.12/site-packages/airflow/example_dags/example_latest_only_with_trigger.py for tasks to queue
[2024-08-16T13:22:48.410+0000] {logging_mixin.py:190} INFO - [2024-08-16T13:22:48.409+0000] {dagbag.py:587} INFO - Filling up the DagBag from /home/airflow/.local/lib/python3.12/site-packages/airflow/example_dags/example_latest_only_with_trigger.py
[2024-08-16T13:22:48.425+0000] {processor.py:925} INFO - DAG(s) 'latest_only_with_trigger' retrieved from /home/airflow/.local/lib/python3.12/site-packages/airflow/example_dags/example_latest_only_with_trigger.py
[2024-08-16T13:22:48.459+0000] {logging_mixin.py:190} INFO - [2024-08-16T13:22:48.459+0000] {dag.py:3211} INFO - Sync 1 DAGs
[2024-08-16T13:22:48.494+0000] {logging_mixin.py:190} INFO - [2024-08-16T13:22:48.493+0000] {dag.py:4138} INFO - Setting next_dagrun for latest_only_with_trigger to 2024-08-16 08:00:00+00:00, run_after=2024-08-16 12:00:00+00:00
[2024-08-16T13:22:48.519+0000] {processor.py:208} INFO - Processing /home/airflow/.local/lib/python3.12/site-packages/airflow/example_dags/example_latest_only_with_trigger.py took 0.121 seconds
[2024-08-16T13:23:18.835+0000] {processor.py:186} INFO - Started process (PID=2869) to work on /home/airflow/.local/lib/python3.12/site-packages/airflow/example_dags/example_latest_only_with_trigger.py
[2024-08-16T13:23:18.836+0000] {processor.py:914} INFO - Processing file /home/airflow/.local/lib/python3.12/site-packages/airflow/example_dags/example_latest_only_with_trigger.py for tasks to queue
[2024-08-16T13:23:18.839+0000] {logging_mixin.py:190} INFO - [2024-08-16T13:23:18.838+0000] {dagbag.py:587} INFO - Filling up the DagBag from /home/airflow/.local/lib/python3.12/site-packages/airflow/example_dags/example_latest_only_with_trigger.py
[2024-08-16T13:23:18.847+0000] {processor.py:925} INFO - DAG(s) 'latest_only_with_trigger' retrieved from /home/airflow/.local/lib/python3.12/site-packages/airflow/example_dags/example_latest_only_with_trigger.py
[2024-08-16T13:23:18.870+0000] {logging_mixin.py:190} INFO - [2024-08-16T13:23:18.870+0000] {dag.py:3211} INFO - Sync 1 DAGs
[2024-08-16T13:23:18.896+0000] {logging_mixin.py:190} INFO - [2024-08-16T13:23:18.896+0000] {dag.py:4138} INFO - Setting next_dagrun for latest_only_with_trigger to 2024-08-16 08:00:00+00:00, run_after=2024-08-16 12:00:00+00:00
[2024-08-16T13:23:18.917+0000] {processor.py:208} INFO - Processing /home/airflow/.local/lib/python3.12/site-packages/airflow/example_dags/example_latest_only_with_trigger.py took 0.089 seconds
[2024-08-16T13:23:49.146+0000] {processor.py:186} INFO - Started process (PID=3155) to work on /home/airflow/.local/lib/python3.12/site-packages/airflow/example_dags/example_latest_only_with_trigger.py
[2024-08-16T13:23:49.147+0000] {processor.py:914} INFO - Processing file /home/airflow/.local/lib/python3.12/site-packages/airflow/example_dags/example_latest_only_with_trigger.py for tasks to queue
[2024-08-16T13:23:49.149+0000] {logging_mixin.py:190} INFO - [2024-08-16T13:23:49.149+0000] {dagbag.py:587} INFO - Filling up the DagBag from /home/airflow/.local/lib/python3.12/site-packages/airflow/example_dags/example_latest_only_with_trigger.py
[2024-08-16T13:23:49.157+0000] {processor.py:925} INFO - DAG(s) 'latest_only_with_trigger' retrieved from /home/airflow/.local/lib/python3.12/site-packages/airflow/example_dags/example_latest_only_with_trigger.py
[2024-08-16T13:23:49.180+0000] {logging_mixin.py:190} INFO - [2024-08-16T13:23:49.180+0000] {dag.py:3211} INFO - Sync 1 DAGs
[2024-08-16T13:23:49.209+0000] {logging_mixin.py:190} INFO - [2024-08-16T13:23:49.208+0000] {dag.py:4138} INFO - Setting next_dagrun for latest_only_with_trigger to 2024-08-16 08:00:00+00:00, run_after=2024-08-16 12:00:00+00:00
[2024-08-16T13:23:49.229+0000] {processor.py:208} INFO - Processing /home/airflow/.local/lib/python3.12/site-packages/airflow/example_dags/example_latest_only_with_trigger.py took 0.093 seconds
[2024-08-16T13:24:19.444+0000] {processor.py:186} INFO - Started process (PID=3441) to work on /home/airflow/.local/lib/python3.12/site-packages/airflow/example_dags/example_latest_only_with_trigger.py
[2024-08-16T13:24:19.445+0000] {processor.py:914} INFO - Processing file /home/airflow/.local/lib/python3.12/site-packages/airflow/example_dags/example_latest_only_with_trigger.py for tasks to queue
[2024-08-16T13:24:19.448+0000] {logging_mixin.py:190} INFO - [2024-08-16T13:24:19.447+0000] {dagbag.py:587} INFO - Filling up the DagBag from /home/airflow/.local/lib/python3.12/site-packages/airflow/example_dags/example_latest_only_with_trigger.py
[2024-08-16T13:24:19.455+0000] {processor.py:925} INFO - DAG(s) 'latest_only_with_trigger' retrieved from /home/airflow/.local/lib/python3.12/site-packages/airflow/example_dags/example_latest_only_with_trigger.py
[2024-08-16T13:24:19.479+0000] {logging_mixin.py:190} INFO - [2024-08-16T13:24:19.479+0000] {dag.py:3211} INFO - Sync 1 DAGs
[2024-08-16T13:24:19.506+0000] {logging_mixin.py:190} INFO - [2024-08-16T13:24:19.506+0000] {dag.py:4138} INFO - Setting next_dagrun for latest_only_with_trigger to 2024-08-16 08:00:00+00:00, run_after=2024-08-16 12:00:00+00:00
[2024-08-16T13:24:19.526+0000] {processor.py:208} INFO - Processing /home/airflow/.local/lib/python3.12/site-packages/airflow/example_dags/example_latest_only_with_trigger.py took 0.089 seconds
[2024-08-16T13:24:49.751+0000] {processor.py:186} INFO - Started process (PID=3727) to work on /home/airflow/.local/lib/python3.12/site-packages/airflow/example_dags/example_latest_only_with_trigger.py
[2024-08-16T13:24:49.752+0000] {processor.py:914} INFO - Processing file /home/airflow/.local/lib/python3.12/site-packages/airflow/example_dags/example_latest_only_with_trigger.py for tasks to queue
[2024-08-16T13:24:49.755+0000] {logging_mixin.py:190} INFO - [2024-08-16T13:24:49.754+0000] {dagbag.py:587} INFO - Filling up the DagBag from /home/airflow/.local/lib/python3.12/site-packages/airflow/example_dags/example_latest_only_with_trigger.py
[2024-08-16T13:24:49.763+0000] {processor.py:925} INFO - DAG(s) 'latest_only_with_trigger' retrieved from /home/airflow/.local/lib/python3.12/site-packages/airflow/example_dags/example_latest_only_with_trigger.py
[2024-08-16T13:24:49.786+0000] {logging_mixin.py:190} INFO - [2024-08-16T13:24:49.786+0000] {dag.py:3211} INFO - Sync 1 DAGs
[2024-08-16T13:24:49.814+0000] {logging_mixin.py:190} INFO - [2024-08-16T13:24:49.813+0000] {dag.py:4138} INFO - Setting next_dagrun for latest_only_with_trigger to 2024-08-16 08:00:00+00:00, run_after=2024-08-16 12:00:00+00:00
[2024-08-16T13:24:49.833+0000] {processor.py:208} INFO - Processing /home/airflow/.local/lib/python3.12/site-packages/airflow/example_dags/example_latest_only_with_trigger.py took 0.088 seconds
[2024-08-16T13:25:20.002+0000] {processor.py:186} INFO - Started process (PID=4013) to work on /home/airflow/.local/lib/python3.12/site-packages/airflow/example_dags/example_latest_only_with_trigger.py
[2024-08-16T13:25:20.003+0000] {processor.py:914} INFO - Processing file /home/airflow/.local/lib/python3.12/site-packages/airflow/example_dags/example_latest_only_with_trigger.py for tasks to queue
[2024-08-16T13:25:20.006+0000] {logging_mixin.py:190} INFO - [2024-08-16T13:25:20.006+0000] {dagbag.py:587} INFO - Filling up the DagBag from /home/airflow/.local/lib/python3.12/site-packages/airflow/example_dags/example_latest_only_with_trigger.py
[2024-08-16T13:25:20.014+0000] {processor.py:925} INFO - DAG(s) 'latest_only_with_trigger' retrieved from /home/airflow/.local/lib/python3.12/site-packages/airflow/example_dags/example_latest_only_with_trigger.py
[2024-08-16T13:25:20.040+0000] {logging_mixin.py:190} INFO - [2024-08-16T13:25:20.040+0000] {dag.py:3211} INFO - Sync 1 DAGs
[2024-08-16T13:25:20.068+0000] {logging_mixin.py:190} INFO - [2024-08-16T13:25:20.068+0000] {dag.py:4138} INFO - Setting next_dagrun for latest_only_with_trigger to 2024-08-16 08:00:00+00:00, run_after=2024-08-16 12:00:00+00:00
[2024-08-16T13:25:20.092+0000] {processor.py:208} INFO - Processing /home/airflow/.local/lib/python3.12/site-packages/airflow/example_dags/example_latest_only_with_trigger.py took 0.098 seconds
[2024-08-16T13:25:50.513+0000] {processor.py:186} INFO - Started process (PID=4299) to work on /home/airflow/.local/lib/python3.12/site-packages/airflow/example_dags/example_latest_only_with_trigger.py
[2024-08-16T13:25:50.515+0000] {processor.py:914} INFO - Processing file /home/airflow/.local/lib/python3.12/site-packages/airflow/example_dags/example_latest_only_with_trigger.py for tasks to queue
[2024-08-16T13:25:50.517+0000] {logging_mixin.py:190} INFO - [2024-08-16T13:25:50.517+0000] {dagbag.py:587} INFO - Filling up the DagBag from /home/airflow/.local/lib/python3.12/site-packages/airflow/example_dags/example_latest_only_with_trigger.py
[2024-08-16T13:25:50.524+0000] {processor.py:925} INFO - DAG(s) 'latest_only_with_trigger' retrieved from /home/airflow/.local/lib/python3.12/site-packages/airflow/example_dags/example_latest_only_with_trigger.py
[2024-08-16T13:25:50.546+0000] {logging_mixin.py:190} INFO - [2024-08-16T13:25:50.546+0000] {dag.py:3211} INFO - Sync 1 DAGs
[2024-08-16T13:25:50.572+0000] {logging_mixin.py:190} INFO - [2024-08-16T13:25:50.572+0000] {dag.py:4138} INFO - Setting next_dagrun for latest_only_with_trigger to 2024-08-16 08:00:00+00:00, run_after=2024-08-16 12:00:00+00:00
[2024-08-16T13:25:50.591+0000] {processor.py:208} INFO - Processing /home/airflow/.local/lib/python3.12/site-packages/airflow/example_dags/example_latest_only_with_trigger.py took 0.083 seconds
[2024-08-16T13:26:20.874+0000] {processor.py:186} INFO - Started process (PID=4585) to work on /home/airflow/.local/lib/python3.12/site-packages/airflow/example_dags/example_latest_only_with_trigger.py
[2024-08-16T13:26:20.875+0000] {processor.py:914} INFO - Processing file /home/airflow/.local/lib/python3.12/site-packages/airflow/example_dags/example_latest_only_with_trigger.py for tasks to queue
[2024-08-16T13:26:20.878+0000] {logging_mixin.py:190} INFO - [2024-08-16T13:26:20.877+0000] {dagbag.py:587} INFO - Filling up the DagBag from /home/airflow/.local/lib/python3.12/site-packages/airflow/example_dags/example_latest_only_with_trigger.py
[2024-08-16T13:26:20.886+0000] {processor.py:925} INFO - DAG(s) 'latest_only_with_trigger' retrieved from /home/airflow/.local/lib/python3.12/site-packages/airflow/example_dags/example_latest_only_with_trigger.py
[2024-08-16T13:26:20.907+0000] {logging_mixin.py:190} INFO - [2024-08-16T13:26:20.907+0000] {dag.py:3211} INFO - Sync 1 DAGs
[2024-08-16T13:26:20.931+0000] {logging_mixin.py:190} INFO - [2024-08-16T13:26:20.931+0000] {dag.py:4138} INFO - Setting next_dagrun for latest_only_with_trigger to 2024-08-16 08:00:00+00:00, run_after=2024-08-16 12:00:00+00:00
[2024-08-16T13:26:20.951+0000] {processor.py:208} INFO - Processing /home/airflow/.local/lib/python3.12/site-packages/airflow/example_dags/example_latest_only_with_trigger.py took 0.083 seconds
[2024-08-16T13:26:51.421+0000] {processor.py:186} INFO - Started process (PID=4871) to work on /home/airflow/.local/lib/python3.12/site-packages/airflow/example_dags/example_latest_only_with_trigger.py
[2024-08-16T13:26:51.422+0000] {processor.py:914} INFO - Processing file /home/airflow/.local/lib/python3.12/site-packages/airflow/example_dags/example_latest_only_with_trigger.py for tasks to queue
[2024-08-16T13:26:51.425+0000] {logging_mixin.py:190} INFO - [2024-08-16T13:26:51.425+0000] {dagbag.py:587} INFO - Filling up the DagBag from /home/airflow/.local/lib/python3.12/site-packages/airflow/example_dags/example_latest_only_with_trigger.py
[2024-08-16T13:26:51.433+0000] {processor.py:925} INFO - DAG(s) 'latest_only_with_trigger' retrieved from /home/airflow/.local/lib/python3.12/site-packages/airflow/example_dags/example_latest_only_with_trigger.py
[2024-08-16T13:26:51.457+0000] {logging_mixin.py:190} INFO - [2024-08-16T13:26:51.456+0000] {dag.py:3211} INFO - Sync 1 DAGs
[2024-08-16T13:26:51.482+0000] {logging_mixin.py:190} INFO - [2024-08-16T13:26:51.482+0000] {dag.py:4138} INFO - Setting next_dagrun for latest_only_with_trigger to 2024-08-16 08:00:00+00:00, run_after=2024-08-16 12:00:00+00:00
[2024-08-16T13:26:51.506+0000] {processor.py:208} INFO - Processing /home/airflow/.local/lib/python3.12/site-packages/airflow/example_dags/example_latest_only_with_trigger.py took 0.092 seconds
[2024-08-16T13:27:21.564+0000] {processor.py:186} INFO - Started process (PID=5153) to work on /home/airflow/.local/lib/python3.12/site-packages/airflow/example_dags/example_latest_only_with_trigger.py
[2024-08-16T13:27:21.565+0000] {processor.py:914} INFO - Processing file /home/airflow/.local/lib/python3.12/site-packages/airflow/example_dags/example_latest_only_with_trigger.py for tasks to queue
[2024-08-16T13:27:21.567+0000] {logging_mixin.py:190} INFO - [2024-08-16T13:27:21.567+0000] {dagbag.py:587} INFO - Filling up the DagBag from /home/airflow/.local/lib/python3.12/site-packages/airflow/example_dags/example_latest_only_with_trigger.py
[2024-08-16T13:27:21.574+0000] {processor.py:925} INFO - DAG(s) 'latest_only_with_trigger' retrieved from /home/airflow/.local/lib/python3.12/site-packages/airflow/example_dags/example_latest_only_with_trigger.py
[2024-08-16T13:27:21.598+0000] {logging_mixin.py:190} INFO - [2024-08-16T13:27:21.598+0000] {dag.py:3211} INFO - Sync 1 DAGs
[2024-08-16T13:27:21.623+0000] {logging_mixin.py:190} INFO - [2024-08-16T13:27:21.623+0000] {dag.py:4138} INFO - Setting next_dagrun for latest_only_with_trigger to 2024-08-16 08:00:00+00:00, run_after=2024-08-16 12:00:00+00:00
[2024-08-16T13:27:21.644+0000] {processor.py:208} INFO - Processing /home/airflow/.local/lib/python3.12/site-packages/airflow/example_dags/example_latest_only_with_trigger.py took 0.088 seconds
[2024-08-16T13:27:52.209+0000] {processor.py:186} INFO - Started process (PID=5444) to work on /home/airflow/.local/lib/python3.12/site-packages/airflow/example_dags/example_latest_only_with_trigger.py
[2024-08-16T13:27:52.210+0000] {processor.py:914} INFO - Processing file /home/airflow/.local/lib/python3.12/site-packages/airflow/example_dags/example_latest_only_with_trigger.py for tasks to queue
[2024-08-16T13:27:52.212+0000] {logging_mixin.py:190} INFO - [2024-08-16T13:27:52.212+0000] {dagbag.py:587} INFO - Filling up the DagBag from /home/airflow/.local/lib/python3.12/site-packages/airflow/example_dags/example_latest_only_with_trigger.py
[2024-08-16T13:27:52.219+0000] {processor.py:925} INFO - DAG(s) 'latest_only_with_trigger' retrieved from /home/airflow/.local/lib/python3.12/site-packages/airflow/example_dags/example_latest_only_with_trigger.py
[2024-08-16T13:27:52.242+0000] {logging_mixin.py:190} INFO - [2024-08-16T13:27:52.241+0000] {dag.py:3211} INFO - Sync 1 DAGs
[2024-08-16T13:27:52.267+0000] {logging_mixin.py:190} INFO - [2024-08-16T13:27:52.267+0000] {dag.py:4138} INFO - Setting next_dagrun for latest_only_with_trigger to 2024-08-16 08:00:00+00:00, run_after=2024-08-16 12:00:00+00:00
[2024-08-16T13:27:52.847+0000] {processor.py:208} INFO - Processing /home/airflow/.local/lib/python3.12/site-packages/airflow/example_dags/example_latest_only_with_trigger.py took 0.645 seconds
[2024-08-16T13:28:23.659+0000] {processor.py:186} INFO - Started process (PID=5730) to work on /home/airflow/.local/lib/python3.12/site-packages/airflow/example_dags/example_latest_only_with_trigger.py
[2024-08-16T13:28:23.660+0000] {processor.py:914} INFO - Processing file /home/airflow/.local/lib/python3.12/site-packages/airflow/example_dags/example_latest_only_with_trigger.py for tasks to queue
[2024-08-16T13:28:23.663+0000] {logging_mixin.py:190} INFO - [2024-08-16T13:28:23.663+0000] {dagbag.py:587} INFO - Filling up the DagBag from /home/airflow/.local/lib/python3.12/site-packages/airflow/example_dags/example_latest_only_with_trigger.py
[2024-08-16T13:28:23.670+0000] {processor.py:925} INFO - DAG(s) 'latest_only_with_trigger' retrieved from /home/airflow/.local/lib/python3.12/site-packages/airflow/example_dags/example_latest_only_with_trigger.py
[2024-08-16T13:28:23.693+0000] {logging_mixin.py:190} INFO - [2024-08-16T13:28:23.692+0000] {dag.py:3211} INFO - Sync 1 DAGs
[2024-08-16T13:28:23.718+0000] {logging_mixin.py:190} INFO - [2024-08-16T13:28:23.717+0000] {dag.py:4138} INFO - Setting next_dagrun for latest_only_with_trigger to 2024-08-16 08:00:00+00:00, run_after=2024-08-16 12:00:00+00:00
[2024-08-16T13:28:23.738+0000] {processor.py:208} INFO - Processing /home/airflow/.local/lib/python3.12/site-packages/airflow/example_dags/example_latest_only_with_trigger.py took 0.086 seconds
[2024-08-16T13:28:54.291+0000] {processor.py:186} INFO - Started process (PID=6016) to work on /home/airflow/.local/lib/python3.12/site-packages/airflow/example_dags/example_latest_only_with_trigger.py
[2024-08-16T13:28:54.292+0000] {processor.py:914} INFO - Processing file /home/airflow/.local/lib/python3.12/site-packages/airflow/example_dags/example_latest_only_with_trigger.py for tasks to queue
[2024-08-16T13:28:54.295+0000] {logging_mixin.py:190} INFO - [2024-08-16T13:28:54.295+0000] {dagbag.py:587} INFO - Filling up the DagBag from /home/airflow/.local/lib/python3.12/site-packages/airflow/example_dags/example_latest_only_with_trigger.py
[2024-08-16T13:28:54.302+0000] {processor.py:925} INFO - DAG(s) 'latest_only_with_trigger' retrieved from /home/airflow/.local/lib/python3.12/site-packages/airflow/example_dags/example_latest_only_with_trigger.py
[2024-08-16T13:28:54.325+0000] {logging_mixin.py:190} INFO - [2024-08-16T13:28:54.325+0000] {dag.py:3211} INFO - Sync 1 DAGs
[2024-08-16T13:28:54.352+0000] {logging_mixin.py:190} INFO - [2024-08-16T13:28:54.352+0000] {dag.py:4138} INFO - Setting next_dagrun for latest_only_with_trigger to 2024-08-16 08:00:00+00:00, run_after=2024-08-16 12:00:00+00:00
[2024-08-16T13:28:54.374+0000] {processor.py:208} INFO - Processing /home/airflow/.local/lib/python3.12/site-packages/airflow/example_dags/example_latest_only_with_trigger.py took 0.089 seconds
[2024-08-16T13:29:24.590+0000] {processor.py:186} INFO - Started process (PID=6299) to work on /home/airflow/.local/lib/python3.12/site-packages/airflow/example_dags/example_latest_only_with_trigger.py
[2024-08-16T13:29:24.591+0000] {processor.py:914} INFO - Processing file /home/airflow/.local/lib/python3.12/site-packages/airflow/example_dags/example_latest_only_with_trigger.py for tasks to queue
[2024-08-16T13:29:24.594+0000] {logging_mixin.py:190} INFO - [2024-08-16T13:29:24.594+0000] {dagbag.py:587} INFO - Filling up the DagBag from /home/airflow/.local/lib/python3.12/site-packages/airflow/example_dags/example_latest_only_with_trigger.py
[2024-08-16T13:29:24.604+0000] {processor.py:925} INFO - DAG(s) 'latest_only_with_trigger' retrieved from /home/airflow/.local/lib/python3.12/site-packages/airflow/example_dags/example_latest_only_with_trigger.py
[2024-08-16T13:29:24.628+0000] {logging_mixin.py:190} INFO - [2024-08-16T13:29:24.628+0000] {dag.py:3211} INFO - Sync 1 DAGs
[2024-08-16T13:29:24.661+0000] {logging_mixin.py:190} INFO - [2024-08-16T13:29:24.661+0000] {dag.py:4138} INFO - Setting next_dagrun for latest_only_with_trigger to 2024-08-16 08:00:00+00:00, run_after=2024-08-16 12:00:00+00:00
[2024-08-16T13:29:24.688+0000] {processor.py:208} INFO - Processing /home/airflow/.local/lib/python3.12/site-packages/airflow/example_dags/example_latest_only_with_trigger.py took 0.106 seconds
[2024-08-16T13:29:55.338+0000] {processor.py:186} INFO - Started process (PID=6588) to work on /home/airflow/.local/lib/python3.12/site-packages/airflow/example_dags/example_latest_only_with_trigger.py
[2024-08-16T13:29:55.339+0000] {processor.py:914} INFO - Processing file /home/airflow/.local/lib/python3.12/site-packages/airflow/example_dags/example_latest_only_with_trigger.py for tasks to queue
[2024-08-16T13:29:55.342+0000] {logging_mixin.py:190} INFO - [2024-08-16T13:29:55.341+0000] {dagbag.py:587} INFO - Filling up the DagBag from /home/airflow/.local/lib/python3.12/site-packages/airflow/example_dags/example_latest_only_with_trigger.py
[2024-08-16T13:29:55.350+0000] {processor.py:925} INFO - DAG(s) 'latest_only_with_trigger' retrieved from /home/airflow/.local/lib/python3.12/site-packages/airflow/example_dags/example_latest_only_with_trigger.py
[2024-08-16T13:29:55.374+0000] {logging_mixin.py:190} INFO - [2024-08-16T13:29:55.374+0000] {dag.py:3211} INFO - Sync 1 DAGs
[2024-08-16T13:29:55.403+0000] {logging_mixin.py:190} INFO - [2024-08-16T13:29:55.403+0000] {dag.py:4138} INFO - Setting next_dagrun for latest_only_with_trigger to 2024-08-16 08:00:00+00:00, run_after=2024-08-16 12:00:00+00:00
[2024-08-16T13:29:55.424+0000] {processor.py:208} INFO - Processing /home/airflow/.local/lib/python3.12/site-packages/airflow/example_dags/example_latest_only_with_trigger.py took 0.095 seconds
[2024-08-16T13:30:25.803+0000] {processor.py:186} INFO - Started process (PID=6875) to work on /home/airflow/.local/lib/python3.12/site-packages/airflow/example_dags/example_latest_only_with_trigger.py
[2024-08-16T13:30:25.804+0000] {processor.py:914} INFO - Processing file /home/airflow/.local/lib/python3.12/site-packages/airflow/example_dags/example_latest_only_with_trigger.py for tasks to queue
[2024-08-16T13:30:25.807+0000] {logging_mixin.py:190} INFO - [2024-08-16T13:30:25.806+0000] {dagbag.py:587} INFO - Filling up the DagBag from /home/airflow/.local/lib/python3.12/site-packages/airflow/example_dags/example_latest_only_with_trigger.py
[2024-08-16T13:30:25.816+0000] {processor.py:925} INFO - DAG(s) 'latest_only_with_trigger' retrieved from /home/airflow/.local/lib/python3.12/site-packages/airflow/example_dags/example_latest_only_with_trigger.py
[2024-08-16T13:30:25.839+0000] {logging_mixin.py:190} INFO - [2024-08-16T13:30:25.839+0000] {dag.py:3211} INFO - Sync 1 DAGs
[2024-08-16T13:30:25.865+0000] {logging_mixin.py:190} INFO - [2024-08-16T13:30:25.865+0000] {dag.py:4138} INFO - Setting next_dagrun for latest_only_with_trigger to 2024-08-16 08:00:00+00:00, run_after=2024-08-16 12:00:00+00:00
[2024-08-16T13:30:25.884+0000] {processor.py:208} INFO - Processing /home/airflow/.local/lib/python3.12/site-packages/airflow/example_dags/example_latest_only_with_trigger.py took 0.088 seconds
[2024-08-16T13:30:56.162+0000] {processor.py:186} INFO - Started process (PID=7161) to work on /home/airflow/.local/lib/python3.12/site-packages/airflow/example_dags/example_latest_only_with_trigger.py
[2024-08-16T13:30:56.163+0000] {processor.py:914} INFO - Processing file /home/airflow/.local/lib/python3.12/site-packages/airflow/example_dags/example_latest_only_with_trigger.py for tasks to queue
[2024-08-16T13:30:56.166+0000] {logging_mixin.py:190} INFO - [2024-08-16T13:30:56.166+0000] {dagbag.py:587} INFO - Filling up the DagBag from /home/airflow/.local/lib/python3.12/site-packages/airflow/example_dags/example_latest_only_with_trigger.py
[2024-08-16T13:30:56.178+0000] {processor.py:925} INFO - DAG(s) 'latest_only_with_trigger' retrieved from /home/airflow/.local/lib/python3.12/site-packages/airflow/example_dags/example_latest_only_with_trigger.py
[2024-08-16T13:30:56.212+0000] {logging_mixin.py:190} INFO - [2024-08-16T13:30:56.211+0000] {dag.py:3211} INFO - Sync 1 DAGs
[2024-08-16T13:30:56.260+0000] {logging_mixin.py:190} INFO - [2024-08-16T13:30:56.260+0000] {dag.py:4138} INFO - Setting next_dagrun for latest_only_with_trigger to 2024-08-16 08:00:00+00:00, run_after=2024-08-16 12:00:00+00:00
[2024-08-16T13:30:56.591+0000] {processor.py:208} INFO - Processing /home/airflow/.local/lib/python3.12/site-packages/airflow/example_dags/example_latest_only_with_trigger.py took 0.436 seconds
[2024-08-16T13:31:26.942+0000] {processor.py:186} INFO - Started process (PID=7447) to work on /home/airflow/.local/lib/python3.12/site-packages/airflow/example_dags/example_latest_only_with_trigger.py
[2024-08-16T13:31:26.944+0000] {processor.py:914} INFO - Processing file /home/airflow/.local/lib/python3.12/site-packages/airflow/example_dags/example_latest_only_with_trigger.py for tasks to queue
[2024-08-16T13:31:26.947+0000] {logging_mixin.py:190} INFO - [2024-08-16T13:31:26.946+0000] {dagbag.py:587} INFO - Filling up the DagBag from /home/airflow/.local/lib/python3.12/site-packages/airflow/example_dags/example_latest_only_with_trigger.py
[2024-08-16T13:31:26.954+0000] {processor.py:925} INFO - DAG(s) 'latest_only_with_trigger' retrieved from /home/airflow/.local/lib/python3.12/site-packages/airflow/example_dags/example_latest_only_with_trigger.py
[2024-08-16T13:31:26.976+0000] {logging_mixin.py:190} INFO - [2024-08-16T13:31:26.976+0000] {dag.py:3211} INFO - Sync 1 DAGs
[2024-08-16T13:31:27.001+0000] {logging_mixin.py:190} INFO - [2024-08-16T13:31:27.001+0000] {dag.py:4138} INFO - Setting next_dagrun for latest_only_with_trigger to 2024-08-16 08:00:00+00:00, run_after=2024-08-16 12:00:00+00:00
[2024-08-16T13:31:27.021+0000] {processor.py:208} INFO - Processing /home/airflow/.local/lib/python3.12/site-packages/airflow/example_dags/example_latest_only_with_trigger.py took 0.085 seconds
[2024-08-16T13:31:57.516+0000] {processor.py:186} INFO - Started process (PID=7733) to work on /home/airflow/.local/lib/python3.12/site-packages/airflow/example_dags/example_latest_only_with_trigger.py
[2024-08-16T13:31:57.517+0000] {processor.py:914} INFO - Processing file /home/airflow/.local/lib/python3.12/site-packages/airflow/example_dags/example_latest_only_with_trigger.py for tasks to queue
[2024-08-16T13:31:57.519+0000] {logging_mixin.py:190} INFO - [2024-08-16T13:31:57.519+0000] {dagbag.py:587} INFO - Filling up the DagBag from /home/airflow/.local/lib/python3.12/site-packages/airflow/example_dags/example_latest_only_with_trigger.py
[2024-08-16T13:31:57.528+0000] {processor.py:925} INFO - DAG(s) 'latest_only_with_trigger' retrieved from /home/airflow/.local/lib/python3.12/site-packages/airflow/example_dags/example_latest_only_with_trigger.py
[2024-08-16T13:31:57.554+0000] {logging_mixin.py:190} INFO - [2024-08-16T13:31:57.554+0000] {dag.py:3211} INFO - Sync 1 DAGs
[2024-08-16T13:31:57.582+0000] {logging_mixin.py:190} INFO - [2024-08-16T13:31:57.582+0000] {dag.py:4138} INFO - Setting next_dagrun for latest_only_with_trigger to 2024-08-16 08:00:00+00:00, run_after=2024-08-16 12:00:00+00:00
[2024-08-16T13:31:57.602+0000] {processor.py:208} INFO - Processing /home/airflow/.local/lib/python3.12/site-packages/airflow/example_dags/example_latest_only_with_trigger.py took 0.092 seconds
[2024-08-16T13:32:28.117+0000] {processor.py:186} INFO - Started process (PID=8019) to work on /home/airflow/.local/lib/python3.12/site-packages/airflow/example_dags/example_latest_only_with_trigger.py
[2024-08-16T13:32:28.118+0000] {processor.py:914} INFO - Processing file /home/airflow/.local/lib/python3.12/site-packages/airflow/example_dags/example_latest_only_with_trigger.py for tasks to queue
[2024-08-16T13:32:28.121+0000] {logging_mixin.py:190} INFO - [2024-08-16T13:32:28.121+0000] {dagbag.py:587} INFO - Filling up the DagBag from /home/airflow/.local/lib/python3.12/site-packages/airflow/example_dags/example_latest_only_with_trigger.py
[2024-08-16T13:32:28.129+0000] {processor.py:925} INFO - DAG(s) 'latest_only_with_trigger' retrieved from /home/airflow/.local/lib/python3.12/site-packages/airflow/example_dags/example_latest_only_with_trigger.py
[2024-08-16T13:32:28.152+0000] {logging_mixin.py:190} INFO - [2024-08-16T13:32:28.151+0000] {dag.py:3211} INFO - Sync 1 DAGs
[2024-08-16T13:32:28.176+0000] {logging_mixin.py:190} INFO - [2024-08-16T13:32:28.176+0000] {dag.py:4138} INFO - Setting next_dagrun for latest_only_with_trigger to 2024-08-16 08:00:00+00:00, run_after=2024-08-16 12:00:00+00:00
[2024-08-16T13:32:28.199+0000] {processor.py:208} INFO - Processing /home/airflow/.local/lib/python3.12/site-packages/airflow/example_dags/example_latest_only_with_trigger.py took 0.088 seconds
[2024-08-16T13:32:58.364+0000] {processor.py:186} INFO - Started process (PID=8302) to work on /home/airflow/.local/lib/python3.12/site-packages/airflow/example_dags/example_latest_only_with_trigger.py
[2024-08-16T13:32:58.365+0000] {processor.py:914} INFO - Processing file /home/airflow/.local/lib/python3.12/site-packages/airflow/example_dags/example_latest_only_with_trigger.py for tasks to queue
[2024-08-16T13:32:58.367+0000] {logging_mixin.py:190} INFO - [2024-08-16T13:32:58.367+0000] {dagbag.py:587} INFO - Filling up the DagBag from /home/airflow/.local/lib/python3.12/site-packages/airflow/example_dags/example_latest_only_with_trigger.py
[2024-08-16T13:32:58.375+0000] {processor.py:925} INFO - DAG(s) 'latest_only_with_trigger' retrieved from /home/airflow/.local/lib/python3.12/site-packages/airflow/example_dags/example_latest_only_with_trigger.py
[2024-08-16T13:32:58.396+0000] {logging_mixin.py:190} INFO - [2024-08-16T13:32:58.396+0000] {dag.py:3211} INFO - Sync 1 DAGs
[2024-08-16T13:32:58.421+0000] {logging_mixin.py:190} INFO - [2024-08-16T13:32:58.420+0000] {dag.py:4138} INFO - Setting next_dagrun for latest_only_with_trigger to 2024-08-16 08:00:00+00:00, run_after=2024-08-16 12:00:00+00:00
[2024-08-16T13:32:58.441+0000] {processor.py:208} INFO - Processing /home/airflow/.local/lib/python3.12/site-packages/airflow/example_dags/example_latest_only_with_trigger.py took 0.083 seconds
[2024-08-16T13:33:28.849+0000] {processor.py:186} INFO - Started process (PID=8591) to work on /home/airflow/.local/lib/python3.12/site-packages/airflow/example_dags/example_latest_only_with_trigger.py
[2024-08-16T13:33:28.851+0000] {processor.py:914} INFO - Processing file /home/airflow/.local/lib/python3.12/site-packages/airflow/example_dags/example_latest_only_with_trigger.py for tasks to queue
[2024-08-16T13:33:28.853+0000] {logging_mixin.py:190} INFO - [2024-08-16T13:33:28.853+0000] {dagbag.py:587} INFO - Filling up the DagBag from /home/airflow/.local/lib/python3.12/site-packages/airflow/example_dags/example_latest_only_with_trigger.py
[2024-08-16T13:33:28.867+0000] {processor.py:925} INFO - DAG(s) 'latest_only_with_trigger' retrieved from /home/airflow/.local/lib/python3.12/site-packages/airflow/example_dags/example_latest_only_with_trigger.py
[2024-08-16T13:33:28.895+0000] {logging_mixin.py:190} INFO - [2024-08-16T13:33:28.894+0000] {dag.py:3211} INFO - Sync 1 DAGs
[2024-08-16T13:33:28.925+0000] {logging_mixin.py:190} INFO - [2024-08-16T13:33:28.925+0000] {dag.py:4138} INFO - Setting next_dagrun for latest_only_with_trigger to 2024-08-16 08:00:00+00:00, run_after=2024-08-16 12:00:00+00:00
[2024-08-16T13:33:28.946+0000] {processor.py:208} INFO - Processing /home/airflow/.local/lib/python3.12/site-packages/airflow/example_dags/example_latest_only_with_trigger.py took 0.103 seconds
[2024-08-16T13:33:59.225+0000] {processor.py:186} INFO - Started process (PID=8877) to work on /home/airflow/.local/lib/python3.12/site-packages/airflow/example_dags/example_latest_only_with_trigger.py
[2024-08-16T13:33:59.226+0000] {processor.py:914} INFO - Processing file /home/airflow/.local/lib/python3.12/site-packages/airflow/example_dags/example_latest_only_with_trigger.py for tasks to queue
[2024-08-16T13:33:59.229+0000] {logging_mixin.py:190} INFO - [2024-08-16T13:33:59.229+0000] {dagbag.py:587} INFO - Filling up the DagBag from /home/airflow/.local/lib/python3.12/site-packages/airflow/example_dags/example_latest_only_with_trigger.py
[2024-08-16T13:33:59.236+0000] {processor.py:925} INFO - DAG(s) 'latest_only_with_trigger' retrieved from /home/airflow/.local/lib/python3.12/site-packages/airflow/example_dags/example_latest_only_with_trigger.py
[2024-08-16T13:33:59.259+0000] {logging_mixin.py:190} INFO - [2024-08-16T13:33:59.259+0000] {dag.py:3211} INFO - Sync 1 DAGs
[2024-08-16T13:33:59.285+0000] {logging_mixin.py:190} INFO - [2024-08-16T13:33:59.285+0000] {dag.py:4138} INFO - Setting next_dagrun for latest_only_with_trigger to 2024-08-16 08:00:00+00:00, run_after=2024-08-16 12:00:00+00:00
[2024-08-16T13:33:59.305+0000] {processor.py:208} INFO - Processing /home/airflow/.local/lib/python3.12/site-packages/airflow/example_dags/example_latest_only_with_trigger.py took 0.086 seconds
[2024-08-16T13:34:29.805+0000] {processor.py:186} INFO - Started process (PID=9163) to work on /home/airflow/.local/lib/python3.12/site-packages/airflow/example_dags/example_latest_only_with_trigger.py
[2024-08-16T13:34:29.806+0000] {processor.py:914} INFO - Processing file /home/airflow/.local/lib/python3.12/site-packages/airflow/example_dags/example_latest_only_with_trigger.py for tasks to queue
[2024-08-16T13:34:29.809+0000] {logging_mixin.py:190} INFO - [2024-08-16T13:34:29.808+0000] {dagbag.py:587} INFO - Filling up the DagBag from /home/airflow/.local/lib/python3.12/site-packages/airflow/example_dags/example_latest_only_with_trigger.py
[2024-08-16T13:34:29.817+0000] {processor.py:925} INFO - DAG(s) 'latest_only_with_trigger' retrieved from /home/airflow/.local/lib/python3.12/site-packages/airflow/example_dags/example_latest_only_with_trigger.py
[2024-08-16T13:34:29.840+0000] {logging_mixin.py:190} INFO - [2024-08-16T13:34:29.840+0000] {dag.py:3211} INFO - Sync 1 DAGs
[2024-08-16T13:34:29.867+0000] {logging_mixin.py:190} INFO - [2024-08-16T13:34:29.867+0000] {dag.py:4138} INFO - Setting next_dagrun for latest_only_with_trigger to 2024-08-16 08:00:00+00:00, run_after=2024-08-16 12:00:00+00:00
[2024-08-16T13:34:29.887+0000] {processor.py:208} INFO - Processing /home/airflow/.local/lib/python3.12/site-packages/airflow/example_dags/example_latest_only_with_trigger.py took 0.088 seconds
[2024-08-16T13:35:00.228+0000] {processor.py:186} INFO - Started process (PID=9449) to work on /home/airflow/.local/lib/python3.12/site-packages/airflow/example_dags/example_latest_only_with_trigger.py
[2024-08-16T13:35:00.229+0000] {processor.py:914} INFO - Processing file /home/airflow/.local/lib/python3.12/site-packages/airflow/example_dags/example_latest_only_with_trigger.py for tasks to queue
[2024-08-16T13:35:00.232+0000] {logging_mixin.py:190} INFO - [2024-08-16T13:35:00.231+0000] {dagbag.py:587} INFO - Filling up the DagBag from /home/airflow/.local/lib/python3.12/site-packages/airflow/example_dags/example_latest_only_with_trigger.py
[2024-08-16T13:35:00.241+0000] {processor.py:925} INFO - DAG(s) 'latest_only_with_trigger' retrieved from /home/airflow/.local/lib/python3.12/site-packages/airflow/example_dags/example_latest_only_with_trigger.py
[2024-08-16T13:35:00.264+0000] {logging_mixin.py:190} INFO - [2024-08-16T13:35:00.264+0000] {dag.py:3211} INFO - Sync 1 DAGs
[2024-08-16T13:35:00.291+0000] {logging_mixin.py:190} INFO - [2024-08-16T13:35:00.291+0000] {dag.py:4138} INFO - Setting next_dagrun for latest_only_with_trigger to 2024-08-16 08:00:00+00:00, run_after=2024-08-16 12:00:00+00:00
[2024-08-16T13:35:00.310+0000] {processor.py:208} INFO - Processing /home/airflow/.local/lib/python3.12/site-packages/airflow/example_dags/example_latest_only_with_trigger.py took 0.089 seconds
[2024-08-16T13:35:30.585+0000] {processor.py:186} INFO - Started process (PID=9735) to work on /home/airflow/.local/lib/python3.12/site-packages/airflow/example_dags/example_latest_only_with_trigger.py
[2024-08-16T13:35:30.586+0000] {processor.py:914} INFO - Processing file /home/airflow/.local/lib/python3.12/site-packages/airflow/example_dags/example_latest_only_with_trigger.py for tasks to queue
[2024-08-16T13:35:30.589+0000] {logging_mixin.py:190} INFO - [2024-08-16T13:35:30.589+0000] {dagbag.py:587} INFO - Filling up the DagBag from /home/airflow/.local/lib/python3.12/site-packages/airflow/example_dags/example_latest_only_with_trigger.py
[2024-08-16T13:35:30.596+0000] {processor.py:925} INFO - DAG(s) 'latest_only_with_trigger' retrieved from /home/airflow/.local/lib/python3.12/site-packages/airflow/example_dags/example_latest_only_with_trigger.py
[2024-08-16T13:35:30.627+0000] {logging_mixin.py:190} INFO - [2024-08-16T13:35:30.626+0000] {dag.py:3211} INFO - Sync 1 DAGs
[2024-08-16T13:35:30.661+0000] {logging_mixin.py:190} INFO - [2024-08-16T13:35:30.660+0000] {dag.py:4138} INFO - Setting next_dagrun for latest_only_with_trigger to 2024-08-16 08:00:00+00:00, run_after=2024-08-16 12:00:00+00:00
[2024-08-16T13:35:30.686+0000] {processor.py:208} INFO - Processing /home/airflow/.local/lib/python3.12/site-packages/airflow/example_dags/example_latest_only_with_trigger.py took 0.107 seconds
[2024-08-16T13:36:01.138+0000] {processor.py:186} INFO - Started process (PID=10021) to work on /home/airflow/.local/lib/python3.12/site-packages/airflow/example_dags/example_latest_only_with_trigger.py
[2024-08-16T13:36:01.139+0000] {processor.py:914} INFO - Processing file /home/airflow/.local/lib/python3.12/site-packages/airflow/example_dags/example_latest_only_with_trigger.py for tasks to queue
[2024-08-16T13:36:01.142+0000] {logging_mixin.py:190} INFO - [2024-08-16T13:36:01.141+0000] {dagbag.py:587} INFO - Filling up the DagBag from /home/airflow/.local/lib/python3.12/site-packages/airflow/example_dags/example_latest_only_with_trigger.py
[2024-08-16T13:36:01.149+0000] {processor.py:925} INFO - DAG(s) 'latest_only_with_trigger' retrieved from /home/airflow/.local/lib/python3.12/site-packages/airflow/example_dags/example_latest_only_with_trigger.py
[2024-08-16T13:36:01.173+0000] {logging_mixin.py:190} INFO - [2024-08-16T13:36:01.173+0000] {dag.py:3211} INFO - Sync 1 DAGs
[2024-08-16T13:36:01.199+0000] {logging_mixin.py:190} INFO - [2024-08-16T13:36:01.198+0000] {dag.py:4138} INFO - Setting next_dagrun for latest_only_with_trigger to 2024-08-16 08:00:00+00:00, run_after=2024-08-16 12:00:00+00:00
[2024-08-16T13:36:01.220+0000] {processor.py:208} INFO - Processing /home/airflow/.local/lib/python3.12/site-packages/airflow/example_dags/example_latest_only_with_trigger.py took 0.089 seconds
[2024-08-16T13:36:31.577+0000] {processor.py:186} INFO - Started process (PID=10307) to work on /home/airflow/.local/lib/python3.12/site-packages/airflow/example_dags/example_latest_only_with_trigger.py
[2024-08-16T13:36:31.578+0000] {processor.py:914} INFO - Processing file /home/airflow/.local/lib/python3.12/site-packages/airflow/example_dags/example_latest_only_with_trigger.py for tasks to queue
[2024-08-16T13:36:31.581+0000] {logging_mixin.py:190} INFO - [2024-08-16T13:36:31.580+0000] {dagbag.py:587} INFO - Filling up the DagBag from /home/airflow/.local/lib/python3.12/site-packages/airflow/example_dags/example_latest_only_with_trigger.py
[2024-08-16T13:36:31.589+0000] {processor.py:925} INFO - DAG(s) 'latest_only_with_trigger' retrieved from /home/airflow/.local/lib/python3.12/site-packages/airflow/example_dags/example_latest_only_with_trigger.py
[2024-08-16T13:36:31.612+0000] {logging_mixin.py:190} INFO - [2024-08-16T13:36:31.612+0000] {dag.py:3211} INFO - Sync 1 DAGs
[2024-08-16T13:36:31.638+0000] {logging_mixin.py:190} INFO - [2024-08-16T13:36:31.638+0000] {dag.py:4138} INFO - Setting next_dagrun for latest_only_with_trigger to 2024-08-16 08:00:00+00:00, run_after=2024-08-16 12:00:00+00:00
[2024-08-16T13:36:31.658+0000] {processor.py:208} INFO - Processing /home/airflow/.local/lib/python3.12/site-packages/airflow/example_dags/example_latest_only_with_trigger.py took 0.088 seconds
[2024-08-16T13:37:01.979+0000] {processor.py:186} INFO - Started process (PID=10593) to work on /home/airflow/.local/lib/python3.12/site-packages/airflow/example_dags/example_latest_only_with_trigger.py
[2024-08-16T13:37:01.980+0000] {processor.py:914} INFO - Processing file /home/airflow/.local/lib/python3.12/site-packages/airflow/example_dags/example_latest_only_with_trigger.py for tasks to queue
[2024-08-16T13:37:01.983+0000] {logging_mixin.py:190} INFO - [2024-08-16T13:37:01.983+0000] {dagbag.py:587} INFO - Filling up the DagBag from /home/airflow/.local/lib/python3.12/site-packages/airflow/example_dags/example_latest_only_with_trigger.py
[2024-08-16T13:37:01.991+0000] {processor.py:925} INFO - DAG(s) 'latest_only_with_trigger' retrieved from /home/airflow/.local/lib/python3.12/site-packages/airflow/example_dags/example_latest_only_with_trigger.py
[2024-08-16T13:37:02.016+0000] {logging_mixin.py:190} INFO - [2024-08-16T13:37:02.015+0000] {dag.py:3211} INFO - Sync 1 DAGs
[2024-08-16T13:37:02.041+0000] {logging_mixin.py:190} INFO - [2024-08-16T13:37:02.041+0000] {dag.py:4138} INFO - Setting next_dagrun for latest_only_with_trigger to 2024-08-16 08:00:00+00:00, run_after=2024-08-16 12:00:00+00:00
[2024-08-16T13:37:02.062+0000] {processor.py:208} INFO - Processing /home/airflow/.local/lib/python3.12/site-packages/airflow/example_dags/example_latest_only_with_trigger.py took 0.089 seconds
[2024-08-16T13:37:32.395+0000] {processor.py:186} INFO - Started process (PID=10880) to work on /home/airflow/.local/lib/python3.12/site-packages/airflow/example_dags/example_latest_only_with_trigger.py
[2024-08-16T13:37:32.396+0000] {processor.py:914} INFO - Processing file /home/airflow/.local/lib/python3.12/site-packages/airflow/example_dags/example_latest_only_with_trigger.py for tasks to queue
[2024-08-16T13:37:32.399+0000] {logging_mixin.py:190} INFO - [2024-08-16T13:37:32.399+0000] {dagbag.py:587} INFO - Filling up the DagBag from /home/airflow/.local/lib/python3.12/site-packages/airflow/example_dags/example_latest_only_with_trigger.py
[2024-08-16T13:37:32.406+0000] {processor.py:925} INFO - DAG(s) 'latest_only_with_trigger' retrieved from /home/airflow/.local/lib/python3.12/site-packages/airflow/example_dags/example_latest_only_with_trigger.py
[2024-08-16T13:37:32.431+0000] {logging_mixin.py:190} INFO - [2024-08-16T13:37:32.431+0000] {dag.py:3211} INFO - Sync 1 DAGs
[2024-08-16T13:37:32.456+0000] {logging_mixin.py:190} INFO - [2024-08-16T13:37:32.455+0000] {dag.py:4138} INFO - Setting next_dagrun for latest_only_with_trigger to 2024-08-16 08:00:00+00:00, run_after=2024-08-16 12:00:00+00:00
[2024-08-16T13:37:32.474+0000] {processor.py:208} INFO - Processing /home/airflow/.local/lib/python3.12/site-packages/airflow/example_dags/example_latest_only_with_trigger.py took 0.085 seconds
[2024-08-16T13:38:02.634+0000] {processor.py:186} INFO - Started process (PID=11163) to work on /home/airflow/.local/lib/python3.12/site-packages/airflow/example_dags/example_latest_only_with_trigger.py
[2024-08-16T13:38:02.635+0000] {processor.py:914} INFO - Processing file /home/airflow/.local/lib/python3.12/site-packages/airflow/example_dags/example_latest_only_with_trigger.py for tasks to queue
[2024-08-16T13:38:02.637+0000] {logging_mixin.py:190} INFO - [2024-08-16T13:38:02.637+0000] {dagbag.py:587} INFO - Filling up the DagBag from /home/airflow/.local/lib/python3.12/site-packages/airflow/example_dags/example_latest_only_with_trigger.py
[2024-08-16T13:38:02.647+0000] {processor.py:925} INFO - DAG(s) 'latest_only_with_trigger' retrieved from /home/airflow/.local/lib/python3.12/site-packages/airflow/example_dags/example_latest_only_with_trigger.py
[2024-08-16T13:38:02.668+0000] {logging_mixin.py:190} INFO - [2024-08-16T13:38:02.668+0000] {dag.py:3211} INFO - Sync 1 DAGs
[2024-08-16T13:38:02.697+0000] {logging_mixin.py:190} INFO - [2024-08-16T13:38:02.697+0000] {dag.py:4138} INFO - Setting next_dagrun for latest_only_with_trigger to 2024-08-16 08:00:00+00:00, run_after=2024-08-16 12:00:00+00:00
[2024-08-16T13:38:02.718+0000] {processor.py:208} INFO - Processing /home/airflow/.local/lib/python3.12/site-packages/airflow/example_dags/example_latest_only_with_trigger.py took 0.091 seconds
[2024-08-16T13:38:33.090+0000] {processor.py:186} INFO - Started process (PID=11449) to work on /home/airflow/.local/lib/python3.12/site-packages/airflow/example_dags/example_latest_only_with_trigger.py
[2024-08-16T13:38:33.091+0000] {processor.py:914} INFO - Processing file /home/airflow/.local/lib/python3.12/site-packages/airflow/example_dags/example_latest_only_with_trigger.py for tasks to queue
[2024-08-16T13:38:33.095+0000] {logging_mixin.py:190} INFO - [2024-08-16T13:38:33.094+0000] {dagbag.py:587} INFO - Filling up the DagBag from /home/airflow/.local/lib/python3.12/site-packages/airflow/example_dags/example_latest_only_with_trigger.py
[2024-08-16T13:38:33.102+0000] {processor.py:925} INFO - DAG(s) 'latest_only_with_trigger' retrieved from /home/airflow/.local/lib/python3.12/site-packages/airflow/example_dags/example_latest_only_with_trigger.py
[2024-08-16T13:38:33.124+0000] {logging_mixin.py:190} INFO - [2024-08-16T13:38:33.124+0000] {dag.py:3211} INFO - Sync 1 DAGs
[2024-08-16T13:38:33.150+0000] {logging_mixin.py:190} INFO - [2024-08-16T13:38:33.150+0000] {dag.py:4138} INFO - Setting next_dagrun for latest_only_with_trigger to 2024-08-16 08:00:00+00:00, run_after=2024-08-16 12:00:00+00:00
[2024-08-16T13:38:33.169+0000] {processor.py:208} INFO - Processing /home/airflow/.local/lib/python3.12/site-packages/airflow/example_dags/example_latest_only_with_trigger.py took 0.085 seconds
[2024-08-16T13:39:03.362+0000] {processor.py:186} INFO - Started process (PID=11735) to work on /home/airflow/.local/lib/python3.12/site-packages/airflow/example_dags/example_latest_only_with_trigger.py
[2024-08-16T13:39:03.363+0000] {processor.py:914} INFO - Processing file /home/airflow/.local/lib/python3.12/site-packages/airflow/example_dags/example_latest_only_with_trigger.py for tasks to queue
[2024-08-16T13:39:03.366+0000] {logging_mixin.py:190} INFO - [2024-08-16T13:39:03.366+0000] {dagbag.py:587} INFO - Filling up the DagBag from /home/airflow/.local/lib/python3.12/site-packages/airflow/example_dags/example_latest_only_with_trigger.py
[2024-08-16T13:39:03.374+0000] {processor.py:925} INFO - DAG(s) 'latest_only_with_trigger' retrieved from /home/airflow/.local/lib/python3.12/site-packages/airflow/example_dags/example_latest_only_with_trigger.py
[2024-08-16T13:39:03.397+0000] {logging_mixin.py:190} INFO - [2024-08-16T13:39:03.397+0000] {dag.py:3211} INFO - Sync 1 DAGs
[2024-08-16T13:39:03.423+0000] {logging_mixin.py:190} INFO - [2024-08-16T13:39:03.423+0000] {dag.py:4138} INFO - Setting next_dagrun for latest_only_with_trigger to 2024-08-16 08:00:00+00:00, run_after=2024-08-16 12:00:00+00:00
[2024-08-16T13:39:03.449+0000] {processor.py:208} INFO - Processing /home/airflow/.local/lib/python3.12/site-packages/airflow/example_dags/example_latest_only_with_trigger.py took 0.093 seconds
[2024-08-16T13:39:33.810+0000] {processor.py:186} INFO - Started process (PID=12021) to work on /home/airflow/.local/lib/python3.12/site-packages/airflow/example_dags/example_latest_only_with_trigger.py
[2024-08-16T13:39:33.811+0000] {processor.py:914} INFO - Processing file /home/airflow/.local/lib/python3.12/site-packages/airflow/example_dags/example_latest_only_with_trigger.py for tasks to queue
[2024-08-16T13:39:33.814+0000] {logging_mixin.py:190} INFO - [2024-08-16T13:39:33.813+0000] {dagbag.py:587} INFO - Filling up the DagBag from /home/airflow/.local/lib/python3.12/site-packages/airflow/example_dags/example_latest_only_with_trigger.py
[2024-08-16T13:39:33.822+0000] {processor.py:925} INFO - DAG(s) 'latest_only_with_trigger' retrieved from /home/airflow/.local/lib/python3.12/site-packages/airflow/example_dags/example_latest_only_with_trigger.py
[2024-08-16T13:39:33.846+0000] {logging_mixin.py:190} INFO - [2024-08-16T13:39:33.846+0000] {dag.py:3211} INFO - Sync 1 DAGs
[2024-08-16T13:39:33.874+0000] {logging_mixin.py:190} INFO - [2024-08-16T13:39:33.874+0000] {dag.py:4138} INFO - Setting next_dagrun for latest_only_with_trigger to 2024-08-16 08:00:00+00:00, run_after=2024-08-16 12:00:00+00:00
[2024-08-16T13:39:33.893+0000] {processor.py:208} INFO - Processing /home/airflow/.local/lib/python3.12/site-packages/airflow/example_dags/example_latest_only_with_trigger.py took 0.089 seconds
[2024-08-16T13:40:04.797+0000] {processor.py:186} INFO - Started process (PID=12307) to work on /home/airflow/.local/lib/python3.12/site-packages/airflow/example_dags/example_latest_only_with_trigger.py
[2024-08-16T13:40:04.798+0000] {processor.py:914} INFO - Processing file /home/airflow/.local/lib/python3.12/site-packages/airflow/example_dags/example_latest_only_with_trigger.py for tasks to queue
[2024-08-16T13:40:04.800+0000] {logging_mixin.py:190} INFO - [2024-08-16T13:40:04.800+0000] {dagbag.py:587} INFO - Filling up the DagBag from /home/airflow/.local/lib/python3.12/site-packages/airflow/example_dags/example_latest_only_with_trigger.py
[2024-08-16T13:40:04.809+0000] {processor.py:925} INFO - DAG(s) 'latest_only_with_trigger' retrieved from /home/airflow/.local/lib/python3.12/site-packages/airflow/example_dags/example_latest_only_with_trigger.py
[2024-08-16T13:40:04.831+0000] {logging_mixin.py:190} INFO - [2024-08-16T13:40:04.831+0000] {dag.py:3211} INFO - Sync 1 DAGs
[2024-08-16T13:40:04.857+0000] {logging_mixin.py:190} INFO - [2024-08-16T13:40:04.857+0000] {dag.py:4138} INFO - Setting next_dagrun for latest_only_with_trigger to 2024-08-16 08:00:00+00:00, run_after=2024-08-16 12:00:00+00:00
[2024-08-16T13:40:04.877+0000] {processor.py:208} INFO - Processing /home/airflow/.local/lib/python3.12/site-packages/airflow/example_dags/example_latest_only_with_trigger.py took 0.087 seconds
[2024-08-16T13:40:35.370+0000] {processor.py:186} INFO - Started process (PID=12593) to work on /home/airflow/.local/lib/python3.12/site-packages/airflow/example_dags/example_latest_only_with_trigger.py
[2024-08-16T13:40:35.371+0000] {processor.py:914} INFO - Processing file /home/airflow/.local/lib/python3.12/site-packages/airflow/example_dags/example_latest_only_with_trigger.py for tasks to queue
[2024-08-16T13:40:35.373+0000] {logging_mixin.py:190} INFO - [2024-08-16T13:40:35.373+0000] {dagbag.py:587} INFO - Filling up the DagBag from /home/airflow/.local/lib/python3.12/site-packages/airflow/example_dags/example_latest_only_with_trigger.py
[2024-08-16T13:40:35.381+0000] {processor.py:925} INFO - DAG(s) 'latest_only_with_trigger' retrieved from /home/airflow/.local/lib/python3.12/site-packages/airflow/example_dags/example_latest_only_with_trigger.py
[2024-08-16T13:40:35.405+0000] {logging_mixin.py:190} INFO - [2024-08-16T13:40:35.405+0000] {dag.py:3211} INFO - Sync 1 DAGs
[2024-08-16T13:40:35.431+0000] {logging_mixin.py:190} INFO - [2024-08-16T13:40:35.431+0000] {dag.py:4138} INFO - Setting next_dagrun for latest_only_with_trigger to 2024-08-16 08:00:00+00:00, run_after=2024-08-16 12:00:00+00:00
[2024-08-16T13:40:35.453+0000] {processor.py:208} INFO - Processing /home/airflow/.local/lib/python3.12/site-packages/airflow/example_dags/example_latest_only_with_trigger.py took 0.090 seconds
[2024-08-16T13:41:06.288+0000] {processor.py:186} INFO - Started process (PID=12879) to work on /home/airflow/.local/lib/python3.12/site-packages/airflow/example_dags/example_latest_only_with_trigger.py
[2024-08-16T13:41:06.289+0000] {processor.py:914} INFO - Processing file /home/airflow/.local/lib/python3.12/site-packages/airflow/example_dags/example_latest_only_with_trigger.py for tasks to queue
[2024-08-16T13:41:06.292+0000] {logging_mixin.py:190} INFO - [2024-08-16T13:41:06.291+0000] {dagbag.py:587} INFO - Filling up the DagBag from /home/airflow/.local/lib/python3.12/site-packages/airflow/example_dags/example_latest_only_with_trigger.py
[2024-08-16T13:41:06.301+0000] {processor.py:925} INFO - DAG(s) 'latest_only_with_trigger' retrieved from /home/airflow/.local/lib/python3.12/site-packages/airflow/example_dags/example_latest_only_with_trigger.py
[2024-08-16T13:41:06.324+0000] {logging_mixin.py:190} INFO - [2024-08-16T13:41:06.324+0000] {dag.py:3211} INFO - Sync 1 DAGs
[2024-08-16T13:41:06.352+0000] {logging_mixin.py:190} INFO - [2024-08-16T13:41:06.352+0000] {dag.py:4138} INFO - Setting next_dagrun for latest_only_with_trigger to 2024-08-16 08:00:00+00:00, run_after=2024-08-16 12:00:00+00:00
[2024-08-16T13:41:06.373+0000] {processor.py:208} INFO - Processing /home/airflow/.local/lib/python3.12/site-packages/airflow/example_dags/example_latest_only_with_trigger.py took 0.091 seconds
[2024-08-16T13:41:36.740+0000] {processor.py:186} INFO - Started process (PID=13165) to work on /home/airflow/.local/lib/python3.12/site-packages/airflow/example_dags/example_latest_only_with_trigger.py
[2024-08-16T13:41:36.741+0000] {processor.py:914} INFO - Processing file /home/airflow/.local/lib/python3.12/site-packages/airflow/example_dags/example_latest_only_with_trigger.py for tasks to queue
[2024-08-16T13:41:36.744+0000] {logging_mixin.py:190} INFO - [2024-08-16T13:41:36.744+0000] {dagbag.py:587} INFO - Filling up the DagBag from /home/airflow/.local/lib/python3.12/site-packages/airflow/example_dags/example_latest_only_with_trigger.py
[2024-08-16T13:41:36.758+0000] {processor.py:925} INFO - DAG(s) 'latest_only_with_trigger' retrieved from /home/airflow/.local/lib/python3.12/site-packages/airflow/example_dags/example_latest_only_with_trigger.py
[2024-08-16T13:41:36.798+0000] {logging_mixin.py:190} INFO - [2024-08-16T13:41:36.798+0000] {dag.py:3211} INFO - Sync 1 DAGs
[2024-08-16T13:41:36.826+0000] {logging_mixin.py:190} INFO - [2024-08-16T13:41:36.825+0000] {dag.py:4138} INFO - Setting next_dagrun for latest_only_with_trigger to 2024-08-16 08:00:00+00:00, run_after=2024-08-16 12:00:00+00:00
[2024-08-16T13:41:36.848+0000] {processor.py:208} INFO - Processing /home/airflow/.local/lib/python3.12/site-packages/airflow/example_dags/example_latest_only_with_trigger.py took 0.117 seconds
[2024-08-16T13:42:07.530+0000] {processor.py:186} INFO - Started process (PID=13451) to work on /home/airflow/.local/lib/python3.12/site-packages/airflow/example_dags/example_latest_only_with_trigger.py
[2024-08-16T13:42:07.532+0000] {processor.py:914} INFO - Processing file /home/airflow/.local/lib/python3.12/site-packages/airflow/example_dags/example_latest_only_with_trigger.py for tasks to queue
[2024-08-16T13:42:07.535+0000] {logging_mixin.py:190} INFO - [2024-08-16T13:42:07.534+0000] {dagbag.py:587} INFO - Filling up the DagBag from /home/airflow/.local/lib/python3.12/site-packages/airflow/example_dags/example_latest_only_with_trigger.py
[2024-08-16T13:42:07.543+0000] {processor.py:925} INFO - DAG(s) 'latest_only_with_trigger' retrieved from /home/airflow/.local/lib/python3.12/site-packages/airflow/example_dags/example_latest_only_with_trigger.py
[2024-08-16T13:42:07.568+0000] {logging_mixin.py:190} INFO - [2024-08-16T13:42:07.568+0000] {dag.py:3211} INFO - Sync 1 DAGs
[2024-08-16T13:42:07.598+0000] {logging_mixin.py:190} INFO - [2024-08-16T13:42:07.597+0000] {dag.py:4138} INFO - Setting next_dagrun for latest_only_with_trigger to 2024-08-16 08:00:00+00:00, run_after=2024-08-16 12:00:00+00:00
[2024-08-16T13:42:07.617+0000] {processor.py:208} INFO - Processing /home/airflow/.local/lib/python3.12/site-packages/airflow/example_dags/example_latest_only_with_trigger.py took 0.095 seconds
[2024-08-16T13:42:38.477+0000] {processor.py:186} INFO - Started process (PID=13737) to work on /home/airflow/.local/lib/python3.12/site-packages/airflow/example_dags/example_latest_only_with_trigger.py
[2024-08-16T13:42:38.478+0000] {processor.py:914} INFO - Processing file /home/airflow/.local/lib/python3.12/site-packages/airflow/example_dags/example_latest_only_with_trigger.py for tasks to queue
[2024-08-16T13:42:38.481+0000] {logging_mixin.py:190} INFO - [2024-08-16T13:42:38.481+0000] {dagbag.py:587} INFO - Filling up the DagBag from /home/airflow/.local/lib/python3.12/site-packages/airflow/example_dags/example_latest_only_with_trigger.py
[2024-08-16T13:42:38.491+0000] {processor.py:925} INFO - DAG(s) 'latest_only_with_trigger' retrieved from /home/airflow/.local/lib/python3.12/site-packages/airflow/example_dags/example_latest_only_with_trigger.py
[2024-08-16T13:42:38.517+0000] {logging_mixin.py:190} INFO - [2024-08-16T13:42:38.517+0000] {dag.py:3211} INFO - Sync 1 DAGs
[2024-08-16T13:42:38.548+0000] {logging_mixin.py:190} INFO - [2024-08-16T13:42:38.548+0000] {dag.py:4138} INFO - Setting next_dagrun for latest_only_with_trigger to 2024-08-16 08:00:00+00:00, run_after=2024-08-16 12:00:00+00:00
[2024-08-16T13:42:38.566+0000] {processor.py:208} INFO - Processing /home/airflow/.local/lib/python3.12/site-packages/airflow/example_dags/example_latest_only_with_trigger.py took 0.100 seconds
[2024-08-16T13:43:09.333+0000] {processor.py:186} INFO - Started process (PID=14023) to work on /home/airflow/.local/lib/python3.12/site-packages/airflow/example_dags/example_latest_only_with_trigger.py
[2024-08-16T13:43:09.334+0000] {processor.py:914} INFO - Processing file /home/airflow/.local/lib/python3.12/site-packages/airflow/example_dags/example_latest_only_with_trigger.py for tasks to queue
[2024-08-16T13:43:09.337+0000] {logging_mixin.py:190} INFO - [2024-08-16T13:43:09.337+0000] {dagbag.py:587} INFO - Filling up the DagBag from /home/airflow/.local/lib/python3.12/site-packages/airflow/example_dags/example_latest_only_with_trigger.py
[2024-08-16T13:43:09.344+0000] {processor.py:925} INFO - DAG(s) 'latest_only_with_trigger' retrieved from /home/airflow/.local/lib/python3.12/site-packages/airflow/example_dags/example_latest_only_with_trigger.py
[2024-08-16T13:43:09.370+0000] {logging_mixin.py:190} INFO - [2024-08-16T13:43:09.370+0000] {dag.py:3211} INFO - Sync 1 DAGs
[2024-08-16T13:43:09.411+0000] {logging_mixin.py:190} INFO - [2024-08-16T13:43:09.411+0000] {dag.py:4138} INFO - Setting next_dagrun for latest_only_with_trigger to 2024-08-16 08:00:00+00:00, run_after=2024-08-16 12:00:00+00:00
[2024-08-16T13:43:09.438+0000] {processor.py:208} INFO - Processing /home/airflow/.local/lib/python3.12/site-packages/airflow/example_dags/example_latest_only_with_trigger.py took 0.111 seconds
[2024-08-16T13:43:39.841+0000] {processor.py:186} INFO - Started process (PID=14309) to work on /home/airflow/.local/lib/python3.12/site-packages/airflow/example_dags/example_latest_only_with_trigger.py
[2024-08-16T13:43:39.842+0000] {processor.py:914} INFO - Processing file /home/airflow/.local/lib/python3.12/site-packages/airflow/example_dags/example_latest_only_with_trigger.py for tasks to queue
[2024-08-16T13:43:39.845+0000] {logging_mixin.py:190} INFO - [2024-08-16T13:43:39.845+0000] {dagbag.py:587} INFO - Filling up the DagBag from /home/airflow/.local/lib/python3.12/site-packages/airflow/example_dags/example_latest_only_with_trigger.py
[2024-08-16T13:43:39.856+0000] {processor.py:925} INFO - DAG(s) 'latest_only_with_trigger' retrieved from /home/airflow/.local/lib/python3.12/site-packages/airflow/example_dags/example_latest_only_with_trigger.py
[2024-08-16T13:43:39.884+0000] {logging_mixin.py:190} INFO - [2024-08-16T13:43:39.884+0000] {dag.py:3211} INFO - Sync 1 DAGs
[2024-08-16T13:43:39.916+0000] {logging_mixin.py:190} INFO - [2024-08-16T13:43:39.916+0000] {dag.py:4138} INFO - Setting next_dagrun for latest_only_with_trigger to 2024-08-16 08:00:00+00:00, run_after=2024-08-16 12:00:00+00:00
[2024-08-16T13:43:39.934+0000] {processor.py:208} INFO - Processing /home/airflow/.local/lib/python3.12/site-packages/airflow/example_dags/example_latest_only_with_trigger.py took 0.100 seconds
[2024-08-16T13:44:10.532+0000] {processor.py:186} INFO - Started process (PID=14595) to work on /home/airflow/.local/lib/python3.12/site-packages/airflow/example_dags/example_latest_only_with_trigger.py
[2024-08-16T13:44:10.533+0000] {processor.py:914} INFO - Processing file /home/airflow/.local/lib/python3.12/site-packages/airflow/example_dags/example_latest_only_with_trigger.py for tasks to queue
[2024-08-16T13:44:10.536+0000] {logging_mixin.py:190} INFO - [2024-08-16T13:44:10.536+0000] {dagbag.py:587} INFO - Filling up the DagBag from /home/airflow/.local/lib/python3.12/site-packages/airflow/example_dags/example_latest_only_with_trigger.py
[2024-08-16T13:44:10.544+0000] {processor.py:925} INFO - DAG(s) 'latest_only_with_trigger' retrieved from /home/airflow/.local/lib/python3.12/site-packages/airflow/example_dags/example_latest_only_with_trigger.py
[2024-08-16T13:44:10.568+0000] {logging_mixin.py:190} INFO - [2024-08-16T13:44:10.567+0000] {dag.py:3211} INFO - Sync 1 DAGs
[2024-08-16T13:44:10.592+0000] {logging_mixin.py:190} INFO - [2024-08-16T13:44:10.592+0000] {dag.py:4138} INFO - Setting next_dagrun for latest_only_with_trigger to 2024-08-16 08:00:00+00:00, run_after=2024-08-16 12:00:00+00:00
[2024-08-16T13:44:10.614+0000] {processor.py:208} INFO - Processing /home/airflow/.local/lib/python3.12/site-packages/airflow/example_dags/example_latest_only_with_trigger.py took 0.089 seconds
[2024-08-16T13:44:40.968+0000] {processor.py:186} INFO - Started process (PID=14881) to work on /home/airflow/.local/lib/python3.12/site-packages/airflow/example_dags/example_latest_only_with_trigger.py
[2024-08-16T13:44:40.969+0000] {processor.py:914} INFO - Processing file /home/airflow/.local/lib/python3.12/site-packages/airflow/example_dags/example_latest_only_with_trigger.py for tasks to queue
[2024-08-16T13:44:40.972+0000] {logging_mixin.py:190} INFO - [2024-08-16T13:44:40.971+0000] {dagbag.py:587} INFO - Filling up the DagBag from /home/airflow/.local/lib/python3.12/site-packages/airflow/example_dags/example_latest_only_with_trigger.py
[2024-08-16T13:44:40.982+0000] {processor.py:925} INFO - DAG(s) 'latest_only_with_trigger' retrieved from /home/airflow/.local/lib/python3.12/site-packages/airflow/example_dags/example_latest_only_with_trigger.py
[2024-08-16T13:44:41.005+0000] {logging_mixin.py:190} INFO - [2024-08-16T13:44:41.005+0000] {dag.py:3211} INFO - Sync 1 DAGs
[2024-08-16T13:44:41.033+0000] {logging_mixin.py:190} INFO - [2024-08-16T13:44:41.032+0000] {dag.py:4138} INFO - Setting next_dagrun for latest_only_with_trigger to 2024-08-16 08:00:00+00:00, run_after=2024-08-16 12:00:00+00:00
[2024-08-16T13:44:41.053+0000] {processor.py:208} INFO - Processing /home/airflow/.local/lib/python3.12/site-packages/airflow/example_dags/example_latest_only_with_trigger.py took 0.092 seconds
[2024-08-16T13:45:11.800+0000] {processor.py:186} INFO - Started process (PID=15167) to work on /home/airflow/.local/lib/python3.12/site-packages/airflow/example_dags/example_latest_only_with_trigger.py
[2024-08-16T13:45:11.802+0000] {processor.py:914} INFO - Processing file /home/airflow/.local/lib/python3.12/site-packages/airflow/example_dags/example_latest_only_with_trigger.py for tasks to queue
[2024-08-16T13:45:11.805+0000] {logging_mixin.py:190} INFO - [2024-08-16T13:45:11.804+0000] {dagbag.py:587} INFO - Filling up the DagBag from /home/airflow/.local/lib/python3.12/site-packages/airflow/example_dags/example_latest_only_with_trigger.py
[2024-08-16T13:45:11.815+0000] {processor.py:925} INFO - DAG(s) 'latest_only_with_trigger' retrieved from /home/airflow/.local/lib/python3.12/site-packages/airflow/example_dags/example_latest_only_with_trigger.py
[2024-08-16T13:45:11.844+0000] {logging_mixin.py:190} INFO - [2024-08-16T13:45:11.843+0000] {dag.py:3211} INFO - Sync 1 DAGs
[2024-08-16T13:45:11.874+0000] {logging_mixin.py:190} INFO - [2024-08-16T13:45:11.874+0000] {dag.py:4138} INFO - Setting next_dagrun for latest_only_with_trigger to 2024-08-16 08:00:00+00:00, run_after=2024-08-16 12:00:00+00:00
[2024-08-16T13:45:11.900+0000] {processor.py:208} INFO - Processing /home/airflow/.local/lib/python3.12/site-packages/airflow/example_dags/example_latest_only_with_trigger.py took 0.107 seconds
[2024-08-16T13:45:42.285+0000] {processor.py:186} INFO - Started process (PID=15453) to work on /home/airflow/.local/lib/python3.12/site-packages/airflow/example_dags/example_latest_only_with_trigger.py
[2024-08-16T13:45:42.287+0000] {processor.py:914} INFO - Processing file /home/airflow/.local/lib/python3.12/site-packages/airflow/example_dags/example_latest_only_with_trigger.py for tasks to queue
[2024-08-16T13:45:42.292+0000] {logging_mixin.py:190} INFO - [2024-08-16T13:45:42.292+0000] {dagbag.py:587} INFO - Filling up the DagBag from /home/airflow/.local/lib/python3.12/site-packages/airflow/example_dags/example_latest_only_with_trigger.py
[2024-08-16T13:45:42.304+0000] {processor.py:925} INFO - DAG(s) 'latest_only_with_trigger' retrieved from /home/airflow/.local/lib/python3.12/site-packages/airflow/example_dags/example_latest_only_with_trigger.py
[2024-08-16T13:45:42.355+0000] {logging_mixin.py:190} INFO - [2024-08-16T13:45:42.355+0000] {dag.py:3211} INFO - Sync 1 DAGs
[2024-08-16T13:45:42.478+0000] {logging_mixin.py:190} INFO - [2024-08-16T13:45:42.476+0000] {dag.py:4138} INFO - Setting next_dagrun for latest_only_with_trigger to 2024-08-16 08:00:00+00:00, run_after=2024-08-16 12:00:00+00:00
[2024-08-16T13:45:42.603+0000] {processor.py:208} INFO - Processing /home/airflow/.local/lib/python3.12/site-packages/airflow/example_dags/example_latest_only_with_trigger.py took 0.330 seconds
[2024-08-16T13:46:13.623+0000] {processor.py:186} INFO - Started process (PID=15739) to work on /home/airflow/.local/lib/python3.12/site-packages/airflow/example_dags/example_latest_only_with_trigger.py
[2024-08-16T13:46:13.624+0000] {processor.py:914} INFO - Processing file /home/airflow/.local/lib/python3.12/site-packages/airflow/example_dags/example_latest_only_with_trigger.py for tasks to queue
[2024-08-16T13:46:13.626+0000] {logging_mixin.py:190} INFO - [2024-08-16T13:46:13.626+0000] {dagbag.py:587} INFO - Filling up the DagBag from /home/airflow/.local/lib/python3.12/site-packages/airflow/example_dags/example_latest_only_with_trigger.py
[2024-08-16T13:46:13.637+0000] {processor.py:925} INFO - DAG(s) 'latest_only_with_trigger' retrieved from /home/airflow/.local/lib/python3.12/site-packages/airflow/example_dags/example_latest_only_with_trigger.py
[2024-08-16T13:46:13.662+0000] {logging_mixin.py:190} INFO - [2024-08-16T13:46:13.662+0000] {dag.py:3211} INFO - Sync 1 DAGs
[2024-08-16T13:46:13.688+0000] {logging_mixin.py:190} INFO - [2024-08-16T13:46:13.688+0000] {dag.py:4138} INFO - Setting next_dagrun for latest_only_with_trigger to 2024-08-16 08:00:00+00:00, run_after=2024-08-16 12:00:00+00:00
[2024-08-16T13:46:13.728+0000] {processor.py:208} INFO - Processing /home/airflow/.local/lib/python3.12/site-packages/airflow/example_dags/example_latest_only_with_trigger.py took 0.112 seconds
[2024-08-16T13:46:43.882+0000] {processor.py:186} INFO - Started process (PID=16025) to work on /home/airflow/.local/lib/python3.12/site-packages/airflow/example_dags/example_latest_only_with_trigger.py
[2024-08-16T13:46:43.883+0000] {processor.py:914} INFO - Processing file /home/airflow/.local/lib/python3.12/site-packages/airflow/example_dags/example_latest_only_with_trigger.py for tasks to queue
[2024-08-16T13:46:43.888+0000] {logging_mixin.py:190} INFO - [2024-08-16T13:46:43.887+0000] {dagbag.py:587} INFO - Filling up the DagBag from /home/airflow/.local/lib/python3.12/site-packages/airflow/example_dags/example_latest_only_with_trigger.py
[2024-08-16T13:46:43.904+0000] {processor.py:925} INFO - DAG(s) 'latest_only_with_trigger' retrieved from /home/airflow/.local/lib/python3.12/site-packages/airflow/example_dags/example_latest_only_with_trigger.py
[2024-08-16T13:46:43.938+0000] {logging_mixin.py:190} INFO - [2024-08-16T13:46:43.938+0000] {dag.py:3211} INFO - Sync 1 DAGs
[2024-08-16T13:46:43.980+0000] {logging_mixin.py:190} INFO - [2024-08-16T13:46:43.980+0000] {dag.py:4138} INFO - Setting next_dagrun for latest_only_with_trigger to 2024-08-16 08:00:00+00:00, run_after=2024-08-16 12:00:00+00:00
[2024-08-16T13:46:44.009+0000] {processor.py:208} INFO - Processing /home/airflow/.local/lib/python3.12/site-packages/airflow/example_dags/example_latest_only_with_trigger.py took 0.134 seconds
[2024-08-16T13:47:14.501+0000] {processor.py:186} INFO - Started process (PID=16311) to work on /home/airflow/.local/lib/python3.12/site-packages/airflow/example_dags/example_latest_only_with_trigger.py
[2024-08-16T13:47:14.502+0000] {processor.py:914} INFO - Processing file /home/airflow/.local/lib/python3.12/site-packages/airflow/example_dags/example_latest_only_with_trigger.py for tasks to queue
[2024-08-16T13:47:14.505+0000] {logging_mixin.py:190} INFO - [2024-08-16T13:47:14.505+0000] {dagbag.py:587} INFO - Filling up the DagBag from /home/airflow/.local/lib/python3.12/site-packages/airflow/example_dags/example_latest_only_with_trigger.py
[2024-08-16T13:47:14.514+0000] {processor.py:925} INFO - DAG(s) 'latest_only_with_trigger' retrieved from /home/airflow/.local/lib/python3.12/site-packages/airflow/example_dags/example_latest_only_with_trigger.py
[2024-08-16T13:47:14.538+0000] {logging_mixin.py:190} INFO - [2024-08-16T13:47:14.537+0000] {dag.py:3211} INFO - Sync 1 DAGs
[2024-08-16T13:47:14.570+0000] {logging_mixin.py:190} INFO - [2024-08-16T13:47:14.569+0000] {dag.py:4138} INFO - Setting next_dagrun for latest_only_with_trigger to 2024-08-16 08:00:00+00:00, run_after=2024-08-16 12:00:00+00:00
[2024-08-16T13:47:14.590+0000] {processor.py:208} INFO - Processing /home/airflow/.local/lib/python3.12/site-packages/airflow/example_dags/example_latest_only_with_trigger.py took 0.096 seconds
[2024-08-16T13:47:45.149+0000] {processor.py:186} INFO - Started process (PID=16597) to work on /home/airflow/.local/lib/python3.12/site-packages/airflow/example_dags/example_latest_only_with_trigger.py
[2024-08-16T13:47:45.150+0000] {processor.py:914} INFO - Processing file /home/airflow/.local/lib/python3.12/site-packages/airflow/example_dags/example_latest_only_with_trigger.py for tasks to queue
[2024-08-16T13:47:45.153+0000] {logging_mixin.py:190} INFO - [2024-08-16T13:47:45.153+0000] {dagbag.py:587} INFO - Filling up the DagBag from /home/airflow/.local/lib/python3.12/site-packages/airflow/example_dags/example_latest_only_with_trigger.py
[2024-08-16T13:47:45.164+0000] {processor.py:925} INFO - DAG(s) 'latest_only_with_trigger' retrieved from /home/airflow/.local/lib/python3.12/site-packages/airflow/example_dags/example_latest_only_with_trigger.py
[2024-08-16T13:47:45.196+0000] {logging_mixin.py:190} INFO - [2024-08-16T13:47:45.195+0000] {dag.py:3211} INFO - Sync 1 DAGs
[2024-08-16T13:47:45.232+0000] {logging_mixin.py:190} INFO - [2024-08-16T13:47:45.232+0000] {dag.py:4138} INFO - Setting next_dagrun for latest_only_with_trigger to 2024-08-16 08:00:00+00:00, run_after=2024-08-16 12:00:00+00:00
[2024-08-16T13:47:45.265+0000] {processor.py:208} INFO - Processing /home/airflow/.local/lib/python3.12/site-packages/airflow/example_dags/example_latest_only_with_trigger.py took 0.124 seconds
[2024-08-16T13:48:15.423+0000] {processor.py:186} INFO - Started process (PID=16884) to work on /home/airflow/.local/lib/python3.12/site-packages/airflow/example_dags/example_latest_only_with_trigger.py
[2024-08-16T13:48:15.424+0000] {processor.py:914} INFO - Processing file /home/airflow/.local/lib/python3.12/site-packages/airflow/example_dags/example_latest_only_with_trigger.py for tasks to queue
[2024-08-16T13:48:15.427+0000] {logging_mixin.py:190} INFO - [2024-08-16T13:48:15.427+0000] {dagbag.py:587} INFO - Filling up the DagBag from /home/airflow/.local/lib/python3.12/site-packages/airflow/example_dags/example_latest_only_with_trigger.py
[2024-08-16T13:48:15.440+0000] {processor.py:925} INFO - DAG(s) 'latest_only_with_trigger' retrieved from /home/airflow/.local/lib/python3.12/site-packages/airflow/example_dags/example_latest_only_with_trigger.py
[2024-08-16T13:48:15.473+0000] {logging_mixin.py:190} INFO - [2024-08-16T13:48:15.473+0000] {dag.py:3211} INFO - Sync 1 DAGs
[2024-08-16T13:48:15.506+0000] {logging_mixin.py:190} INFO - [2024-08-16T13:48:15.506+0000] {dag.py:4138} INFO - Setting next_dagrun for latest_only_with_trigger to 2024-08-16 08:00:00+00:00, run_after=2024-08-16 12:00:00+00:00
[2024-08-16T13:48:15.542+0000] {processor.py:208} INFO - Processing /home/airflow/.local/lib/python3.12/site-packages/airflow/example_dags/example_latest_only_with_trigger.py took 0.126 seconds
[2024-08-16T13:48:46.382+0000] {processor.py:186} INFO - Started process (PID=17170) to work on /home/airflow/.local/lib/python3.12/site-packages/airflow/example_dags/example_latest_only_with_trigger.py
[2024-08-16T13:48:46.384+0000] {processor.py:914} INFO - Processing file /home/airflow/.local/lib/python3.12/site-packages/airflow/example_dags/example_latest_only_with_trigger.py for tasks to queue
[2024-08-16T13:48:46.386+0000] {logging_mixin.py:190} INFO - [2024-08-16T13:48:46.386+0000] {dagbag.py:587} INFO - Filling up the DagBag from /home/airflow/.local/lib/python3.12/site-packages/airflow/example_dags/example_latest_only_with_trigger.py
[2024-08-16T13:48:46.394+0000] {processor.py:925} INFO - DAG(s) 'latest_only_with_trigger' retrieved from /home/airflow/.local/lib/python3.12/site-packages/airflow/example_dags/example_latest_only_with_trigger.py
[2024-08-16T13:48:46.419+0000] {logging_mixin.py:190} INFO - [2024-08-16T13:48:46.418+0000] {dag.py:3211} INFO - Sync 1 DAGs
[2024-08-16T13:48:46.444+0000] {logging_mixin.py:190} INFO - [2024-08-16T13:48:46.444+0000] {dag.py:4138} INFO - Setting next_dagrun for latest_only_with_trigger to 2024-08-16 08:00:00+00:00, run_after=2024-08-16 12:00:00+00:00
[2024-08-16T13:48:46.466+0000] {processor.py:208} INFO - Processing /home/airflow/.local/lib/python3.12/site-packages/airflow/example_dags/example_latest_only_with_trigger.py took 0.090 seconds
[2024-08-16T13:49:16.624+0000] {processor.py:186} INFO - Started process (PID=17456) to work on /home/airflow/.local/lib/python3.12/site-packages/airflow/example_dags/example_latest_only_with_trigger.py
[2024-08-16T13:49:16.662+0000] {processor.py:914} INFO - Processing file /home/airflow/.local/lib/python3.12/site-packages/airflow/example_dags/example_latest_only_with_trigger.py for tasks to queue
[2024-08-16T13:49:16.675+0000] {logging_mixin.py:190} INFO - [2024-08-16T13:49:16.674+0000] {dagbag.py:587} INFO - Filling up the DagBag from /home/airflow/.local/lib/python3.12/site-packages/airflow/example_dags/example_latest_only_with_trigger.py
[2024-08-16T13:49:16.735+0000] {processor.py:925} INFO - DAG(s) 'latest_only_with_trigger' retrieved from /home/airflow/.local/lib/python3.12/site-packages/airflow/example_dags/example_latest_only_with_trigger.py
[2024-08-16T13:49:16.844+0000] {logging_mixin.py:190} INFO - [2024-08-16T13:49:16.843+0000] {dag.py:3211} INFO - Sync 1 DAGs
[2024-08-16T13:49:16.979+0000] {logging_mixin.py:190} INFO - [2024-08-16T13:49:16.979+0000] {dag.py:4138} INFO - Setting next_dagrun for latest_only_with_trigger to 2024-08-16 08:00:00+00:00, run_after=2024-08-16 12:00:00+00:00
[2024-08-16T13:49:17.113+0000] {processor.py:208} INFO - Processing /home/airflow/.local/lib/python3.12/site-packages/airflow/example_dags/example_latest_only_with_trigger.py took 0.501 seconds
[2024-08-16T13:49:47.661+0000] {processor.py:186} INFO - Started process (PID=17740) to work on /home/airflow/.local/lib/python3.12/site-packages/airflow/example_dags/example_latest_only_with_trigger.py
[2024-08-16T13:49:47.663+0000] {processor.py:914} INFO - Processing file /home/airflow/.local/lib/python3.12/site-packages/airflow/example_dags/example_latest_only_with_trigger.py for tasks to queue
[2024-08-16T13:49:47.666+0000] {logging_mixin.py:190} INFO - [2024-08-16T13:49:47.666+0000] {dagbag.py:587} INFO - Filling up the DagBag from /home/airflow/.local/lib/python3.12/site-packages/airflow/example_dags/example_latest_only_with_trigger.py
[2024-08-16T13:49:47.675+0000] {processor.py:925} INFO - DAG(s) 'latest_only_with_trigger' retrieved from /home/airflow/.local/lib/python3.12/site-packages/airflow/example_dags/example_latest_only_with_trigger.py
[2024-08-16T13:49:47.701+0000] {logging_mixin.py:190} INFO - [2024-08-16T13:49:47.701+0000] {dag.py:3211} INFO - Sync 1 DAGs
[2024-08-16T13:49:47.735+0000] {logging_mixin.py:190} INFO - [2024-08-16T13:49:47.735+0000] {dag.py:4138} INFO - Setting next_dagrun for latest_only_with_trigger to 2024-08-16 08:00:00+00:00, run_after=2024-08-16 12:00:00+00:00
[2024-08-16T13:49:47.771+0000] {processor.py:208} INFO - Processing /home/airflow/.local/lib/python3.12/site-packages/airflow/example_dags/example_latest_only_with_trigger.py took 0.118 seconds
[2024-08-16T13:50:19.028+0000] {processor.py:186} INFO - Started process (PID=18032) to work on /home/airflow/.local/lib/python3.12/site-packages/airflow/example_dags/example_latest_only_with_trigger.py
[2024-08-16T13:50:19.029+0000] {processor.py:914} INFO - Processing file /home/airflow/.local/lib/python3.12/site-packages/airflow/example_dags/example_latest_only_with_trigger.py for tasks to queue
[2024-08-16T13:50:19.031+0000] {logging_mixin.py:190} INFO - [2024-08-16T13:50:19.031+0000] {dagbag.py:587} INFO - Filling up the DagBag from /home/airflow/.local/lib/python3.12/site-packages/airflow/example_dags/example_latest_only_with_trigger.py
[2024-08-16T13:50:19.040+0000] {processor.py:925} INFO - DAG(s) 'latest_only_with_trigger' retrieved from /home/airflow/.local/lib/python3.12/site-packages/airflow/example_dags/example_latest_only_with_trigger.py
[2024-08-16T13:50:19.070+0000] {logging_mixin.py:190} INFO - [2024-08-16T13:50:19.070+0000] {dag.py:3211} INFO - Sync 1 DAGs
[2024-08-16T13:50:19.368+0000] {logging_mixin.py:190} INFO - [2024-08-16T13:50:19.368+0000] {dag.py:4138} INFO - Setting next_dagrun for latest_only_with_trigger to 2024-08-16 08:00:00+00:00, run_after=2024-08-16 12:00:00+00:00
[2024-08-16T13:50:19.390+0000] {processor.py:208} INFO - Processing /home/airflow/.local/lib/python3.12/site-packages/airflow/example_dags/example_latest_only_with_trigger.py took 0.371 seconds
