[2024-08-16T13:18:46.344+0000] {processor.py:186} INFO - Started process (PID=335) to work on /home/airflow/.local/lib/python3.12/site-packages/airflow/example_dags/example_trigger_target_dag.py
[2024-08-16T13:18:46.346+0000] {processor.py:914} INFO - Processing file /home/airflow/.local/lib/python3.12/site-packages/airflow/example_dags/example_trigger_target_dag.py for tasks to queue
[2024-08-16T13:18:46.349+0000] {logging_mixin.py:190} INFO - [2024-08-16T13:18:46.348+0000] {dagbag.py:587} INFO - Filling up the DagBag from /home/airflow/.local/lib/python3.12/site-packages/airflow/example_dags/example_trigger_target_dag.py
[2024-08-16T13:18:46.360+0000] {processor.py:925} INFO - DAG(s) 'example_trigger_target_dag' retrieved from /home/airflow/.local/lib/python3.12/site-packages/airflow/example_dags/example_trigger_target_dag.py
[2024-08-16T13:18:46.507+0000] {logging_mixin.py:190} INFO - [2024-08-16T13:18:46.506+0000] {override.py:1858} INFO - Created Permission View: can read on DAG:example_trigger_target_dag
[2024-08-16T13:18:46.524+0000] {logging_mixin.py:190} INFO - [2024-08-16T13:18:46.524+0000] {override.py:1858} INFO - Created Permission View: can edit on DAG:example_trigger_target_dag
[2024-08-16T13:18:46.537+0000] {logging_mixin.py:190} INFO - [2024-08-16T13:18:46.536+0000] {override.py:1858} INFO - Created Permission View: can delete on DAG:example_trigger_target_dag
[2024-08-16T13:18:46.538+0000] {logging_mixin.py:190} INFO - [2024-08-16T13:18:46.538+0000] {dag.py:3211} INFO - Sync 1 DAGs
[2024-08-16T13:18:46.556+0000] {logging_mixin.py:190} INFO - [2024-08-16T13:18:46.556+0000] {dag.py:3234} INFO - Creating ORM DAG for example_trigger_target_dag
[2024-08-16T13:18:46.557+0000] {logging_mixin.py:190} INFO - [2024-08-16T13:18:46.557+0000] {dag.py:4138} INFO - Setting next_dagrun for example_trigger_target_dag to None, run_after=None
[2024-08-16T13:18:46.586+0000] {processor.py:208} INFO - Processing /home/airflow/.local/lib/python3.12/site-packages/airflow/example_dags/example_trigger_target_dag.py took 0.253 seconds
[2024-08-16T13:19:16.780+0000] {processor.py:186} INFO - Started process (PID=621) to work on /home/airflow/.local/lib/python3.12/site-packages/airflow/example_dags/example_trigger_target_dag.py
[2024-08-16T13:19:16.781+0000] {processor.py:914} INFO - Processing file /home/airflow/.local/lib/python3.12/site-packages/airflow/example_dags/example_trigger_target_dag.py for tasks to queue
[2024-08-16T13:19:16.784+0000] {logging_mixin.py:190} INFO - [2024-08-16T13:19:16.783+0000] {dagbag.py:587} INFO - Filling up the DagBag from /home/airflow/.local/lib/python3.12/site-packages/airflow/example_dags/example_trigger_target_dag.py
[2024-08-16T13:19:16.793+0000] {processor.py:925} INFO - DAG(s) 'example_trigger_target_dag' retrieved from /home/airflow/.local/lib/python3.12/site-packages/airflow/example_dags/example_trigger_target_dag.py
[2024-08-16T13:19:16.815+0000] {logging_mixin.py:190} INFO - [2024-08-16T13:19:16.815+0000] {dag.py:3211} INFO - Sync 1 DAGs
[2024-08-16T13:19:16.836+0000] {logging_mixin.py:190} INFO - [2024-08-16T13:19:16.836+0000] {dag.py:4138} INFO - Setting next_dagrun for example_trigger_target_dag to None, run_after=None
[2024-08-16T13:19:16.859+0000] {processor.py:208} INFO - Processing /home/airflow/.local/lib/python3.12/site-packages/airflow/example_dags/example_trigger_target_dag.py took 0.087 seconds
[2024-08-16T13:19:47.302+0000] {processor.py:186} INFO - Started process (PID=907) to work on /home/airflow/.local/lib/python3.12/site-packages/airflow/example_dags/example_trigger_target_dag.py
[2024-08-16T13:19:47.303+0000] {processor.py:914} INFO - Processing file /home/airflow/.local/lib/python3.12/site-packages/airflow/example_dags/example_trigger_target_dag.py for tasks to queue
[2024-08-16T13:19:47.305+0000] {logging_mixin.py:190} INFO - [2024-08-16T13:19:47.305+0000] {dagbag.py:587} INFO - Filling up the DagBag from /home/airflow/.local/lib/python3.12/site-packages/airflow/example_dags/example_trigger_target_dag.py
[2024-08-16T13:19:47.313+0000] {processor.py:925} INFO - DAG(s) 'example_trigger_target_dag' retrieved from /home/airflow/.local/lib/python3.12/site-packages/airflow/example_dags/example_trigger_target_dag.py
[2024-08-16T13:19:47.336+0000] {logging_mixin.py:190} INFO - [2024-08-16T13:19:47.336+0000] {dag.py:3211} INFO - Sync 1 DAGs
[2024-08-16T13:19:47.351+0000] {logging_mixin.py:190} INFO - [2024-08-16T13:19:47.351+0000] {dag.py:4138} INFO - Setting next_dagrun for example_trigger_target_dag to None, run_after=None
[2024-08-16T13:19:47.380+0000] {processor.py:208} INFO - Processing /home/airflow/.local/lib/python3.12/site-packages/airflow/example_dags/example_trigger_target_dag.py took 0.085 seconds
[2024-08-16T13:20:18.134+0000] {processor.py:186} INFO - Started process (PID=1193) to work on /home/airflow/.local/lib/python3.12/site-packages/airflow/example_dags/example_trigger_target_dag.py
[2024-08-16T13:20:18.135+0000] {processor.py:914} INFO - Processing file /home/airflow/.local/lib/python3.12/site-packages/airflow/example_dags/example_trigger_target_dag.py for tasks to queue
[2024-08-16T13:20:18.137+0000] {logging_mixin.py:190} INFO - [2024-08-16T13:20:18.137+0000] {dagbag.py:587} INFO - Filling up the DagBag from /home/airflow/.local/lib/python3.12/site-packages/airflow/example_dags/example_trigger_target_dag.py
[2024-08-16T13:20:18.146+0000] {processor.py:925} INFO - DAG(s) 'example_trigger_target_dag' retrieved from /home/airflow/.local/lib/python3.12/site-packages/airflow/example_dags/example_trigger_target_dag.py
[2024-08-16T13:20:18.168+0000] {logging_mixin.py:190} INFO - [2024-08-16T13:20:18.168+0000] {dag.py:3211} INFO - Sync 1 DAGs
[2024-08-16T13:20:18.184+0000] {logging_mixin.py:190} INFO - [2024-08-16T13:20:18.184+0000] {dag.py:4138} INFO - Setting next_dagrun for example_trigger_target_dag to None, run_after=None
[2024-08-16T13:20:18.203+0000] {processor.py:208} INFO - Processing /home/airflow/.local/lib/python3.12/site-packages/airflow/example_dags/example_trigger_target_dag.py took 0.076 seconds
[2024-08-16T13:20:48.511+0000] {processor.py:186} INFO - Started process (PID=1479) to work on /home/airflow/.local/lib/python3.12/site-packages/airflow/example_dags/example_trigger_target_dag.py
[2024-08-16T13:20:48.512+0000] {processor.py:914} INFO - Processing file /home/airflow/.local/lib/python3.12/site-packages/airflow/example_dags/example_trigger_target_dag.py for tasks to queue
[2024-08-16T13:20:48.515+0000] {logging_mixin.py:190} INFO - [2024-08-16T13:20:48.514+0000] {dagbag.py:587} INFO - Filling up the DagBag from /home/airflow/.local/lib/python3.12/site-packages/airflow/example_dags/example_trigger_target_dag.py
[2024-08-16T13:20:48.522+0000] {processor.py:925} INFO - DAG(s) 'example_trigger_target_dag' retrieved from /home/airflow/.local/lib/python3.12/site-packages/airflow/example_dags/example_trigger_target_dag.py
[2024-08-16T13:20:48.541+0000] {logging_mixin.py:190} INFO - [2024-08-16T13:20:48.541+0000] {dag.py:3211} INFO - Sync 1 DAGs
[2024-08-16T13:20:48.556+0000] {logging_mixin.py:190} INFO - [2024-08-16T13:20:48.556+0000] {dag.py:4138} INFO - Setting next_dagrun for example_trigger_target_dag to None, run_after=None
[2024-08-16T13:20:48.575+0000] {processor.py:208} INFO - Processing /home/airflow/.local/lib/python3.12/site-packages/airflow/example_dags/example_trigger_target_dag.py took 0.072 seconds
[2024-08-16T13:21:18.996+0000] {processor.py:186} INFO - Started process (PID=1765) to work on /home/airflow/.local/lib/python3.12/site-packages/airflow/example_dags/example_trigger_target_dag.py
[2024-08-16T13:21:18.998+0000] {processor.py:914} INFO - Processing file /home/airflow/.local/lib/python3.12/site-packages/airflow/example_dags/example_trigger_target_dag.py for tasks to queue
[2024-08-16T13:21:19.000+0000] {logging_mixin.py:190} INFO - [2024-08-16T13:21:19.000+0000] {dagbag.py:587} INFO - Filling up the DagBag from /home/airflow/.local/lib/python3.12/site-packages/airflow/example_dags/example_trigger_target_dag.py
[2024-08-16T13:21:19.008+0000] {processor.py:925} INFO - DAG(s) 'example_trigger_target_dag' retrieved from /home/airflow/.local/lib/python3.12/site-packages/airflow/example_dags/example_trigger_target_dag.py
[2024-08-16T13:21:19.028+0000] {logging_mixin.py:190} INFO - [2024-08-16T13:21:19.028+0000] {dag.py:3211} INFO - Sync 1 DAGs
[2024-08-16T13:21:19.045+0000] {logging_mixin.py:190} INFO - [2024-08-16T13:21:19.045+0000] {dag.py:4138} INFO - Setting next_dagrun for example_trigger_target_dag to None, run_after=None
[2024-08-16T13:21:19.066+0000] {processor.py:208} INFO - Processing /home/airflow/.local/lib/python3.12/site-packages/airflow/example_dags/example_trigger_target_dag.py took 0.077 seconds
[2024-08-16T13:21:49.350+0000] {processor.py:186} INFO - Started process (PID=2053) to work on /home/airflow/.local/lib/python3.12/site-packages/airflow/example_dags/example_trigger_target_dag.py
[2024-08-16T13:21:49.352+0000] {processor.py:914} INFO - Processing file /home/airflow/.local/lib/python3.12/site-packages/airflow/example_dags/example_trigger_target_dag.py for tasks to queue
[2024-08-16T13:21:49.354+0000] {logging_mixin.py:190} INFO - [2024-08-16T13:21:49.354+0000] {dagbag.py:587} INFO - Filling up the DagBag from /home/airflow/.local/lib/python3.12/site-packages/airflow/example_dags/example_trigger_target_dag.py
[2024-08-16T13:21:49.363+0000] {processor.py:925} INFO - DAG(s) 'example_trigger_target_dag' retrieved from /home/airflow/.local/lib/python3.12/site-packages/airflow/example_dags/example_trigger_target_dag.py
[2024-08-16T13:21:49.384+0000] {logging_mixin.py:190} INFO - [2024-08-16T13:21:49.384+0000] {dag.py:3211} INFO - Sync 1 DAGs
[2024-08-16T13:21:49.399+0000] {logging_mixin.py:190} INFO - [2024-08-16T13:21:49.399+0000] {dag.py:4138} INFO - Setting next_dagrun for example_trigger_target_dag to None, run_after=None
[2024-08-16T13:21:49.418+0000] {processor.py:208} INFO - Processing /home/airflow/.local/lib/python3.12/site-packages/airflow/example_dags/example_trigger_target_dag.py took 0.073 seconds
[2024-08-16T13:22:19.745+0000] {processor.py:186} INFO - Started process (PID=2337) to work on /home/airflow/.local/lib/python3.12/site-packages/airflow/example_dags/example_trigger_target_dag.py
[2024-08-16T13:22:19.746+0000] {processor.py:914} INFO - Processing file /home/airflow/.local/lib/python3.12/site-packages/airflow/example_dags/example_trigger_target_dag.py for tasks to queue
[2024-08-16T13:22:19.749+0000] {logging_mixin.py:190} INFO - [2024-08-16T13:22:19.749+0000] {dagbag.py:587} INFO - Filling up the DagBag from /home/airflow/.local/lib/python3.12/site-packages/airflow/example_dags/example_trigger_target_dag.py
[2024-08-16T13:22:19.765+0000] {processor.py:925} INFO - DAG(s) 'example_trigger_target_dag' retrieved from /home/airflow/.local/lib/python3.12/site-packages/airflow/example_dags/example_trigger_target_dag.py
[2024-08-16T13:22:19.790+0000] {logging_mixin.py:190} INFO - [2024-08-16T13:22:19.789+0000] {dag.py:3211} INFO - Sync 1 DAGs
[2024-08-16T13:22:19.808+0000] {logging_mixin.py:190} INFO - [2024-08-16T13:22:19.807+0000] {dag.py:4138} INFO - Setting next_dagrun for example_trigger_target_dag to None, run_after=None
[2024-08-16T13:22:19.827+0000] {processor.py:208} INFO - Processing /home/airflow/.local/lib/python3.12/site-packages/airflow/example_dags/example_trigger_target_dag.py took 0.088 seconds
[2024-08-16T13:22:50.105+0000] {processor.py:186} INFO - Started process (PID=2623) to work on /home/airflow/.local/lib/python3.12/site-packages/airflow/example_dags/example_trigger_target_dag.py
[2024-08-16T13:22:50.106+0000] {processor.py:914} INFO - Processing file /home/airflow/.local/lib/python3.12/site-packages/airflow/example_dags/example_trigger_target_dag.py for tasks to queue
[2024-08-16T13:22:50.108+0000] {logging_mixin.py:190} INFO - [2024-08-16T13:22:50.108+0000] {dagbag.py:587} INFO - Filling up the DagBag from /home/airflow/.local/lib/python3.12/site-packages/airflow/example_dags/example_trigger_target_dag.py
[2024-08-16T13:22:50.118+0000] {processor.py:925} INFO - DAG(s) 'example_trigger_target_dag' retrieved from /home/airflow/.local/lib/python3.12/site-packages/airflow/example_dags/example_trigger_target_dag.py
[2024-08-16T13:22:50.141+0000] {logging_mixin.py:190} INFO - [2024-08-16T13:22:50.140+0000] {dag.py:3211} INFO - Sync 1 DAGs
[2024-08-16T13:22:50.158+0000] {logging_mixin.py:190} INFO - [2024-08-16T13:22:50.157+0000] {dag.py:4138} INFO - Setting next_dagrun for example_trigger_target_dag to None, run_after=None
[2024-08-16T13:22:50.181+0000] {processor.py:208} INFO - Processing /home/airflow/.local/lib/python3.12/site-packages/airflow/example_dags/example_trigger_target_dag.py took 0.082 seconds
[2024-08-16T13:23:20.410+0000] {processor.py:186} INFO - Started process (PID=2909) to work on /home/airflow/.local/lib/python3.12/site-packages/airflow/example_dags/example_trigger_target_dag.py
[2024-08-16T13:23:20.411+0000] {processor.py:914} INFO - Processing file /home/airflow/.local/lib/python3.12/site-packages/airflow/example_dags/example_trigger_target_dag.py for tasks to queue
[2024-08-16T13:23:20.414+0000] {logging_mixin.py:190} INFO - [2024-08-16T13:23:20.413+0000] {dagbag.py:587} INFO - Filling up the DagBag from /home/airflow/.local/lib/python3.12/site-packages/airflow/example_dags/example_trigger_target_dag.py
[2024-08-16T13:23:20.422+0000] {processor.py:925} INFO - DAG(s) 'example_trigger_target_dag' retrieved from /home/airflow/.local/lib/python3.12/site-packages/airflow/example_dags/example_trigger_target_dag.py
[2024-08-16T13:23:20.444+0000] {logging_mixin.py:190} INFO - [2024-08-16T13:23:20.444+0000] {dag.py:3211} INFO - Sync 1 DAGs
[2024-08-16T13:23:20.465+0000] {logging_mixin.py:190} INFO - [2024-08-16T13:23:20.464+0000] {dag.py:4138} INFO - Setting next_dagrun for example_trigger_target_dag to None, run_after=None
[2024-08-16T13:23:20.484+0000] {processor.py:208} INFO - Processing /home/airflow/.local/lib/python3.12/site-packages/airflow/example_dags/example_trigger_target_dag.py took 0.080 seconds
[2024-08-16T13:23:50.726+0000] {processor.py:186} INFO - Started process (PID=3195) to work on /home/airflow/.local/lib/python3.12/site-packages/airflow/example_dags/example_trigger_target_dag.py
[2024-08-16T13:23:50.727+0000] {processor.py:914} INFO - Processing file /home/airflow/.local/lib/python3.12/site-packages/airflow/example_dags/example_trigger_target_dag.py for tasks to queue
[2024-08-16T13:23:50.729+0000] {logging_mixin.py:190} INFO - [2024-08-16T13:23:50.729+0000] {dagbag.py:587} INFO - Filling up the DagBag from /home/airflow/.local/lib/python3.12/site-packages/airflow/example_dags/example_trigger_target_dag.py
[2024-08-16T13:23:50.737+0000] {processor.py:925} INFO - DAG(s) 'example_trigger_target_dag' retrieved from /home/airflow/.local/lib/python3.12/site-packages/airflow/example_dags/example_trigger_target_dag.py
[2024-08-16T13:23:50.758+0000] {logging_mixin.py:190} INFO - [2024-08-16T13:23:50.758+0000] {dag.py:3211} INFO - Sync 1 DAGs
[2024-08-16T13:23:50.775+0000] {logging_mixin.py:190} INFO - [2024-08-16T13:23:50.775+0000] {dag.py:4138} INFO - Setting next_dagrun for example_trigger_target_dag to None, run_after=None
[2024-08-16T13:23:50.795+0000] {processor.py:208} INFO - Processing /home/airflow/.local/lib/python3.12/site-packages/airflow/example_dags/example_trigger_target_dag.py took 0.075 seconds
[2024-08-16T13:24:21.011+0000] {processor.py:186} INFO - Started process (PID=3481) to work on /home/airflow/.local/lib/python3.12/site-packages/airflow/example_dags/example_trigger_target_dag.py
[2024-08-16T13:24:21.012+0000] {processor.py:914} INFO - Processing file /home/airflow/.local/lib/python3.12/site-packages/airflow/example_dags/example_trigger_target_dag.py for tasks to queue
[2024-08-16T13:24:21.014+0000] {logging_mixin.py:190} INFO - [2024-08-16T13:24:21.014+0000] {dagbag.py:587} INFO - Filling up the DagBag from /home/airflow/.local/lib/python3.12/site-packages/airflow/example_dags/example_trigger_target_dag.py
[2024-08-16T13:24:21.025+0000] {processor.py:925} INFO - DAG(s) 'example_trigger_target_dag' retrieved from /home/airflow/.local/lib/python3.12/site-packages/airflow/example_dags/example_trigger_target_dag.py
[2024-08-16T13:24:21.053+0000] {logging_mixin.py:190} INFO - [2024-08-16T13:24:21.053+0000] {dag.py:3211} INFO - Sync 1 DAGs
[2024-08-16T13:24:21.075+0000] {logging_mixin.py:190} INFO - [2024-08-16T13:24:21.075+0000] {dag.py:4138} INFO - Setting next_dagrun for example_trigger_target_dag to None, run_after=None
[2024-08-16T13:24:21.103+0000] {processor.py:208} INFO - Processing /home/airflow/.local/lib/python3.12/site-packages/airflow/example_dags/example_trigger_target_dag.py took 0.102 seconds
[2024-08-16T13:24:51.401+0000] {processor.py:186} INFO - Started process (PID=3767) to work on /home/airflow/.local/lib/python3.12/site-packages/airflow/example_dags/example_trigger_target_dag.py
[2024-08-16T13:24:51.402+0000] {processor.py:914} INFO - Processing file /home/airflow/.local/lib/python3.12/site-packages/airflow/example_dags/example_trigger_target_dag.py for tasks to queue
[2024-08-16T13:24:51.405+0000] {logging_mixin.py:190} INFO - [2024-08-16T13:24:51.404+0000] {dagbag.py:587} INFO - Filling up the DagBag from /home/airflow/.local/lib/python3.12/site-packages/airflow/example_dags/example_trigger_target_dag.py
[2024-08-16T13:24:51.413+0000] {processor.py:925} INFO - DAG(s) 'example_trigger_target_dag' retrieved from /home/airflow/.local/lib/python3.12/site-packages/airflow/example_dags/example_trigger_target_dag.py
[2024-08-16T13:24:51.435+0000] {logging_mixin.py:190} INFO - [2024-08-16T13:24:51.435+0000] {dag.py:3211} INFO - Sync 1 DAGs
[2024-08-16T13:24:51.453+0000] {logging_mixin.py:190} INFO - [2024-08-16T13:24:51.452+0000] {dag.py:4138} INFO - Setting next_dagrun for example_trigger_target_dag to None, run_after=None
[2024-08-16T13:24:51.477+0000] {processor.py:208} INFO - Processing /home/airflow/.local/lib/python3.12/site-packages/airflow/example_dags/example_trigger_target_dag.py took 0.082 seconds
[2024-08-16T13:25:21.679+0000] {processor.py:186} INFO - Started process (PID=4053) to work on /home/airflow/.local/lib/python3.12/site-packages/airflow/example_dags/example_trigger_target_dag.py
[2024-08-16T13:25:21.680+0000] {processor.py:914} INFO - Processing file /home/airflow/.local/lib/python3.12/site-packages/airflow/example_dags/example_trigger_target_dag.py for tasks to queue
[2024-08-16T13:25:21.682+0000] {logging_mixin.py:190} INFO - [2024-08-16T13:25:21.682+0000] {dagbag.py:587} INFO - Filling up the DagBag from /home/airflow/.local/lib/python3.12/site-packages/airflow/example_dags/example_trigger_target_dag.py
[2024-08-16T13:25:21.691+0000] {processor.py:925} INFO - DAG(s) 'example_trigger_target_dag' retrieved from /home/airflow/.local/lib/python3.12/site-packages/airflow/example_dags/example_trigger_target_dag.py
[2024-08-16T13:25:21.714+0000] {logging_mixin.py:190} INFO - [2024-08-16T13:25:21.713+0000] {dag.py:3211} INFO - Sync 1 DAGs
[2024-08-16T13:25:21.729+0000] {logging_mixin.py:190} INFO - [2024-08-16T13:25:21.729+0000] {dag.py:4138} INFO - Setting next_dagrun for example_trigger_target_dag to None, run_after=None
[2024-08-16T13:25:21.753+0000] {processor.py:208} INFO - Processing /home/airflow/.local/lib/python3.12/site-packages/airflow/example_dags/example_trigger_target_dag.py took 0.081 seconds
[2024-08-16T13:25:52.171+0000] {processor.py:186} INFO - Started process (PID=4339) to work on /home/airflow/.local/lib/python3.12/site-packages/airflow/example_dags/example_trigger_target_dag.py
[2024-08-16T13:25:52.172+0000] {processor.py:914} INFO - Processing file /home/airflow/.local/lib/python3.12/site-packages/airflow/example_dags/example_trigger_target_dag.py for tasks to queue
[2024-08-16T13:25:52.175+0000] {logging_mixin.py:190} INFO - [2024-08-16T13:25:52.175+0000] {dagbag.py:587} INFO - Filling up the DagBag from /home/airflow/.local/lib/python3.12/site-packages/airflow/example_dags/example_trigger_target_dag.py
[2024-08-16T13:25:52.182+0000] {processor.py:925} INFO - DAG(s) 'example_trigger_target_dag' retrieved from /home/airflow/.local/lib/python3.12/site-packages/airflow/example_dags/example_trigger_target_dag.py
[2024-08-16T13:25:52.205+0000] {logging_mixin.py:190} INFO - [2024-08-16T13:25:52.205+0000] {dag.py:3211} INFO - Sync 1 DAGs
[2024-08-16T13:25:52.220+0000] {logging_mixin.py:190} INFO - [2024-08-16T13:25:52.220+0000] {dag.py:4138} INFO - Setting next_dagrun for example_trigger_target_dag to None, run_after=None
[2024-08-16T13:25:52.240+0000] {processor.py:208} INFO - Processing /home/airflow/.local/lib/python3.12/site-packages/airflow/example_dags/example_trigger_target_dag.py took 0.075 seconds
[2024-08-16T13:26:22.531+0000] {processor.py:186} INFO - Started process (PID=4625) to work on /home/airflow/.local/lib/python3.12/site-packages/airflow/example_dags/example_trigger_target_dag.py
[2024-08-16T13:26:22.532+0000] {processor.py:914} INFO - Processing file /home/airflow/.local/lib/python3.12/site-packages/airflow/example_dags/example_trigger_target_dag.py for tasks to queue
[2024-08-16T13:26:22.536+0000] {logging_mixin.py:190} INFO - [2024-08-16T13:26:22.535+0000] {dagbag.py:587} INFO - Filling up the DagBag from /home/airflow/.local/lib/python3.12/site-packages/airflow/example_dags/example_trigger_target_dag.py
[2024-08-16T13:26:22.545+0000] {processor.py:925} INFO - DAG(s) 'example_trigger_target_dag' retrieved from /home/airflow/.local/lib/python3.12/site-packages/airflow/example_dags/example_trigger_target_dag.py
[2024-08-16T13:26:22.568+0000] {logging_mixin.py:190} INFO - [2024-08-16T13:26:22.568+0000] {dag.py:3211} INFO - Sync 1 DAGs
[2024-08-16T13:26:22.584+0000] {logging_mixin.py:190} INFO - [2024-08-16T13:26:22.584+0000] {dag.py:4138} INFO - Setting next_dagrun for example_trigger_target_dag to None, run_after=None
[2024-08-16T13:26:22.604+0000] {processor.py:208} INFO - Processing /home/airflow/.local/lib/python3.12/site-packages/airflow/example_dags/example_trigger_target_dag.py took 0.080 seconds
[2024-08-16T13:26:53.151+0000] {processor.py:186} INFO - Started process (PID=4911) to work on /home/airflow/.local/lib/python3.12/site-packages/airflow/example_dags/example_trigger_target_dag.py
[2024-08-16T13:26:53.152+0000] {processor.py:914} INFO - Processing file /home/airflow/.local/lib/python3.12/site-packages/airflow/example_dags/example_trigger_target_dag.py for tasks to queue
[2024-08-16T13:26:53.154+0000] {logging_mixin.py:190} INFO - [2024-08-16T13:26:53.154+0000] {dagbag.py:587} INFO - Filling up the DagBag from /home/airflow/.local/lib/python3.12/site-packages/airflow/example_dags/example_trigger_target_dag.py
[2024-08-16T13:26:53.162+0000] {processor.py:925} INFO - DAG(s) 'example_trigger_target_dag' retrieved from /home/airflow/.local/lib/python3.12/site-packages/airflow/example_dags/example_trigger_target_dag.py
[2024-08-16T13:26:53.184+0000] {logging_mixin.py:190} INFO - [2024-08-16T13:26:53.183+0000] {dag.py:3211} INFO - Sync 1 DAGs
[2024-08-16T13:26:53.201+0000] {logging_mixin.py:190} INFO - [2024-08-16T13:26:53.200+0000] {dag.py:4138} INFO - Setting next_dagrun for example_trigger_target_dag to None, run_after=None
[2024-08-16T13:26:53.220+0000] {processor.py:208} INFO - Processing /home/airflow/.local/lib/python3.12/site-packages/airflow/example_dags/example_trigger_target_dag.py took 0.075 seconds
[2024-08-16T13:27:23.521+0000] {processor.py:186} INFO - Started process (PID=5198) to work on /home/airflow/.local/lib/python3.12/site-packages/airflow/example_dags/example_trigger_target_dag.py
[2024-08-16T13:27:23.523+0000] {processor.py:914} INFO - Processing file /home/airflow/.local/lib/python3.12/site-packages/airflow/example_dags/example_trigger_target_dag.py for tasks to queue
[2024-08-16T13:27:23.525+0000] {logging_mixin.py:190} INFO - [2024-08-16T13:27:23.524+0000] {dagbag.py:587} INFO - Filling up the DagBag from /home/airflow/.local/lib/python3.12/site-packages/airflow/example_dags/example_trigger_target_dag.py
[2024-08-16T13:27:23.533+0000] {processor.py:925} INFO - DAG(s) 'example_trigger_target_dag' retrieved from /home/airflow/.local/lib/python3.12/site-packages/airflow/example_dags/example_trigger_target_dag.py
[2024-08-16T13:27:23.558+0000] {logging_mixin.py:190} INFO - [2024-08-16T13:27:23.557+0000] {dag.py:3211} INFO - Sync 1 DAGs
[2024-08-16T13:27:23.578+0000] {logging_mixin.py:190} INFO - [2024-08-16T13:27:23.577+0000] {dag.py:4138} INFO - Setting next_dagrun for example_trigger_target_dag to None, run_after=None
[2024-08-16T13:27:23.599+0000] {processor.py:208} INFO - Processing /home/airflow/.local/lib/python3.12/site-packages/airflow/example_dags/example_trigger_target_dag.py took 0.083 seconds
[2024-08-16T13:27:53.891+0000] {processor.py:186} INFO - Started process (PID=5479) to work on /home/airflow/.local/lib/python3.12/site-packages/airflow/example_dags/example_trigger_target_dag.py
[2024-08-16T13:27:53.892+0000] {processor.py:914} INFO - Processing file /home/airflow/.local/lib/python3.12/site-packages/airflow/example_dags/example_trigger_target_dag.py for tasks to queue
[2024-08-16T13:27:53.895+0000] {logging_mixin.py:190} INFO - [2024-08-16T13:27:53.895+0000] {dagbag.py:587} INFO - Filling up the DagBag from /home/airflow/.local/lib/python3.12/site-packages/airflow/example_dags/example_trigger_target_dag.py
[2024-08-16T13:27:53.903+0000] {processor.py:925} INFO - DAG(s) 'example_trigger_target_dag' retrieved from /home/airflow/.local/lib/python3.12/site-packages/airflow/example_dags/example_trigger_target_dag.py
[2024-08-16T13:27:53.924+0000] {logging_mixin.py:190} INFO - [2024-08-16T13:27:53.924+0000] {dag.py:3211} INFO - Sync 1 DAGs
[2024-08-16T13:27:53.939+0000] {logging_mixin.py:190} INFO - [2024-08-16T13:27:53.939+0000] {dag.py:4138} INFO - Setting next_dagrun for example_trigger_target_dag to None, run_after=None
[2024-08-16T13:27:53.958+0000] {processor.py:208} INFO - Processing /home/airflow/.local/lib/python3.12/site-packages/airflow/example_dags/example_trigger_target_dag.py took 0.073 seconds
[2024-08-16T13:28:24.582+0000] {processor.py:186} INFO - Started process (PID=5770) to work on /home/airflow/.local/lib/python3.12/site-packages/airflow/example_dags/example_trigger_target_dag.py
[2024-08-16T13:28:24.584+0000] {processor.py:914} INFO - Processing file /home/airflow/.local/lib/python3.12/site-packages/airflow/example_dags/example_trigger_target_dag.py for tasks to queue
[2024-08-16T13:28:24.586+0000] {logging_mixin.py:190} INFO - [2024-08-16T13:28:24.586+0000] {dagbag.py:587} INFO - Filling up the DagBag from /home/airflow/.local/lib/python3.12/site-packages/airflow/example_dags/example_trigger_target_dag.py
[2024-08-16T13:28:24.595+0000] {processor.py:925} INFO - DAG(s) 'example_trigger_target_dag' retrieved from /home/airflow/.local/lib/python3.12/site-packages/airflow/example_dags/example_trigger_target_dag.py
[2024-08-16T13:28:24.619+0000] {logging_mixin.py:190} INFO - [2024-08-16T13:28:24.619+0000] {dag.py:3211} INFO - Sync 1 DAGs
[2024-08-16T13:28:24.634+0000] {logging_mixin.py:190} INFO - [2024-08-16T13:28:24.634+0000] {dag.py:4138} INFO - Setting next_dagrun for example_trigger_target_dag to None, run_after=None
[2024-08-16T13:28:24.664+0000] {processor.py:208} INFO - Processing /home/airflow/.local/lib/python3.12/site-packages/airflow/example_dags/example_trigger_target_dag.py took 0.088 seconds
[2024-08-16T13:28:54.947+0000] {processor.py:186} INFO - Started process (PID=6056) to work on /home/airflow/.local/lib/python3.12/site-packages/airflow/example_dags/example_trigger_target_dag.py
[2024-08-16T13:28:54.948+0000] {processor.py:914} INFO - Processing file /home/airflow/.local/lib/python3.12/site-packages/airflow/example_dags/example_trigger_target_dag.py for tasks to queue
[2024-08-16T13:28:54.950+0000] {logging_mixin.py:190} INFO - [2024-08-16T13:28:54.950+0000] {dagbag.py:587} INFO - Filling up the DagBag from /home/airflow/.local/lib/python3.12/site-packages/airflow/example_dags/example_trigger_target_dag.py
[2024-08-16T13:28:54.959+0000] {processor.py:925} INFO - DAG(s) 'example_trigger_target_dag' retrieved from /home/airflow/.local/lib/python3.12/site-packages/airflow/example_dags/example_trigger_target_dag.py
[2024-08-16T13:28:54.980+0000] {logging_mixin.py:190} INFO - [2024-08-16T13:28:54.980+0000] {dag.py:3211} INFO - Sync 1 DAGs
[2024-08-16T13:28:54.998+0000] {logging_mixin.py:190} INFO - [2024-08-16T13:28:54.998+0000] {dag.py:4138} INFO - Setting next_dagrun for example_trigger_target_dag to None, run_after=None
[2024-08-16T13:28:55.019+0000] {processor.py:208} INFO - Processing /home/airflow/.local/lib/python3.12/site-packages/airflow/example_dags/example_trigger_target_dag.py took 0.079 seconds
[2024-08-16T13:29:25.676+0000] {processor.py:186} INFO - Started process (PID=6344) to work on /home/airflow/.local/lib/python3.12/site-packages/airflow/example_dags/example_trigger_target_dag.py
[2024-08-16T13:29:25.677+0000] {processor.py:914} INFO - Processing file /home/airflow/.local/lib/python3.12/site-packages/airflow/example_dags/example_trigger_target_dag.py for tasks to queue
[2024-08-16T13:29:25.680+0000] {logging_mixin.py:190} INFO - [2024-08-16T13:29:25.679+0000] {dagbag.py:587} INFO - Filling up the DagBag from /home/airflow/.local/lib/python3.12/site-packages/airflow/example_dags/example_trigger_target_dag.py
[2024-08-16T13:29:25.689+0000] {processor.py:925} INFO - DAG(s) 'example_trigger_target_dag' retrieved from /home/airflow/.local/lib/python3.12/site-packages/airflow/example_dags/example_trigger_target_dag.py
[2024-08-16T13:29:25.711+0000] {logging_mixin.py:190} INFO - [2024-08-16T13:29:25.711+0000] {dag.py:3211} INFO - Sync 1 DAGs
[2024-08-16T13:29:25.727+0000] {logging_mixin.py:190} INFO - [2024-08-16T13:29:25.726+0000] {dag.py:4138} INFO - Setting next_dagrun for example_trigger_target_dag to None, run_after=None
[2024-08-16T13:29:25.756+0000] {processor.py:208} INFO - Processing /home/airflow/.local/lib/python3.12/site-packages/airflow/example_dags/example_trigger_target_dag.py took 0.087 seconds
[2024-08-16T13:29:56.047+0000] {processor.py:186} INFO - Started process (PID=6628) to work on /home/airflow/.local/lib/python3.12/site-packages/airflow/example_dags/example_trigger_target_dag.py
[2024-08-16T13:29:56.048+0000] {processor.py:914} INFO - Processing file /home/airflow/.local/lib/python3.12/site-packages/airflow/example_dags/example_trigger_target_dag.py for tasks to queue
[2024-08-16T13:29:56.052+0000] {logging_mixin.py:190} INFO - [2024-08-16T13:29:56.051+0000] {dagbag.py:587} INFO - Filling up the DagBag from /home/airflow/.local/lib/python3.12/site-packages/airflow/example_dags/example_trigger_target_dag.py
[2024-08-16T13:29:56.060+0000] {processor.py:925} INFO - DAG(s) 'example_trigger_target_dag' retrieved from /home/airflow/.local/lib/python3.12/site-packages/airflow/example_dags/example_trigger_target_dag.py
[2024-08-16T13:29:56.085+0000] {logging_mixin.py:190} INFO - [2024-08-16T13:29:56.085+0000] {dag.py:3211} INFO - Sync 1 DAGs
[2024-08-16T13:29:56.108+0000] {logging_mixin.py:190} INFO - [2024-08-16T13:29:56.107+0000] {dag.py:4138} INFO - Setting next_dagrun for example_trigger_target_dag to None, run_after=None
[2024-08-16T13:29:56.134+0000] {processor.py:208} INFO - Processing /home/airflow/.local/lib/python3.12/site-packages/airflow/example_dags/example_trigger_target_dag.py took 0.093 seconds
[2024-08-16T13:30:26.488+0000] {processor.py:186} INFO - Started process (PID=6915) to work on /home/airflow/.local/lib/python3.12/site-packages/airflow/example_dags/example_trigger_target_dag.py
[2024-08-16T13:30:26.489+0000] {processor.py:914} INFO - Processing file /home/airflow/.local/lib/python3.12/site-packages/airflow/example_dags/example_trigger_target_dag.py for tasks to queue
[2024-08-16T13:30:26.492+0000] {logging_mixin.py:190} INFO - [2024-08-16T13:30:26.491+0000] {dagbag.py:587} INFO - Filling up the DagBag from /home/airflow/.local/lib/python3.12/site-packages/airflow/example_dags/example_trigger_target_dag.py
[2024-08-16T13:30:26.502+0000] {processor.py:925} INFO - DAG(s) 'example_trigger_target_dag' retrieved from /home/airflow/.local/lib/python3.12/site-packages/airflow/example_dags/example_trigger_target_dag.py
[2024-08-16T13:30:26.524+0000] {logging_mixin.py:190} INFO - [2024-08-16T13:30:26.523+0000] {dag.py:3211} INFO - Sync 1 DAGs
[2024-08-16T13:30:26.540+0000] {logging_mixin.py:190} INFO - [2024-08-16T13:30:26.540+0000] {dag.py:4138} INFO - Setting next_dagrun for example_trigger_target_dag to None, run_after=None
[2024-08-16T13:30:26.563+0000] {processor.py:208} INFO - Processing /home/airflow/.local/lib/python3.12/site-packages/airflow/example_dags/example_trigger_target_dag.py took 0.082 seconds
[2024-08-16T13:30:57.187+0000] {processor.py:186} INFO - Started process (PID=7201) to work on /home/airflow/.local/lib/python3.12/site-packages/airflow/example_dags/example_trigger_target_dag.py
[2024-08-16T13:30:57.188+0000] {processor.py:914} INFO - Processing file /home/airflow/.local/lib/python3.12/site-packages/airflow/example_dags/example_trigger_target_dag.py for tasks to queue
[2024-08-16T13:30:57.190+0000] {logging_mixin.py:190} INFO - [2024-08-16T13:30:57.190+0000] {dagbag.py:587} INFO - Filling up the DagBag from /home/airflow/.local/lib/python3.12/site-packages/airflow/example_dags/example_trigger_target_dag.py
[2024-08-16T13:30:57.199+0000] {processor.py:925} INFO - DAG(s) 'example_trigger_target_dag' retrieved from /home/airflow/.local/lib/python3.12/site-packages/airflow/example_dags/example_trigger_target_dag.py
[2024-08-16T13:30:57.220+0000] {logging_mixin.py:190} INFO - [2024-08-16T13:30:57.219+0000] {dag.py:3211} INFO - Sync 1 DAGs
[2024-08-16T13:30:57.234+0000] {logging_mixin.py:190} INFO - [2024-08-16T13:30:57.234+0000] {dag.py:4138} INFO - Setting next_dagrun for example_trigger_target_dag to None, run_after=None
[2024-08-16T13:30:57.259+0000] {processor.py:208} INFO - Processing /home/airflow/.local/lib/python3.12/site-packages/airflow/example_dags/example_trigger_target_dag.py took 0.078 seconds
[2024-08-16T13:31:27.585+0000] {processor.py:186} INFO - Started process (PID=7487) to work on /home/airflow/.local/lib/python3.12/site-packages/airflow/example_dags/example_trigger_target_dag.py
[2024-08-16T13:31:27.586+0000] {processor.py:914} INFO - Processing file /home/airflow/.local/lib/python3.12/site-packages/airflow/example_dags/example_trigger_target_dag.py for tasks to queue
[2024-08-16T13:31:27.589+0000] {logging_mixin.py:190} INFO - [2024-08-16T13:31:27.588+0000] {dagbag.py:587} INFO - Filling up the DagBag from /home/airflow/.local/lib/python3.12/site-packages/airflow/example_dags/example_trigger_target_dag.py
[2024-08-16T13:31:27.597+0000] {processor.py:925} INFO - DAG(s) 'example_trigger_target_dag' retrieved from /home/airflow/.local/lib/python3.12/site-packages/airflow/example_dags/example_trigger_target_dag.py
[2024-08-16T13:31:27.619+0000] {logging_mixin.py:190} INFO - [2024-08-16T13:31:27.619+0000] {dag.py:3211} INFO - Sync 1 DAGs
[2024-08-16T13:31:27.634+0000] {logging_mixin.py:190} INFO - [2024-08-16T13:31:27.633+0000] {dag.py:4138} INFO - Setting next_dagrun for example_trigger_target_dag to None, run_after=None
[2024-08-16T13:31:27.653+0000] {processor.py:208} INFO - Processing /home/airflow/.local/lib/python3.12/site-packages/airflow/example_dags/example_trigger_target_dag.py took 0.074 seconds
[2024-08-16T13:31:58.176+0000] {processor.py:186} INFO - Started process (PID=7773) to work on /home/airflow/.local/lib/python3.12/site-packages/airflow/example_dags/example_trigger_target_dag.py
[2024-08-16T13:31:58.177+0000] {processor.py:914} INFO - Processing file /home/airflow/.local/lib/python3.12/site-packages/airflow/example_dags/example_trigger_target_dag.py for tasks to queue
[2024-08-16T13:31:58.180+0000] {logging_mixin.py:190} INFO - [2024-08-16T13:31:58.179+0000] {dagbag.py:587} INFO - Filling up the DagBag from /home/airflow/.local/lib/python3.12/site-packages/airflow/example_dags/example_trigger_target_dag.py
[2024-08-16T13:31:58.187+0000] {processor.py:925} INFO - DAG(s) 'example_trigger_target_dag' retrieved from /home/airflow/.local/lib/python3.12/site-packages/airflow/example_dags/example_trigger_target_dag.py
[2024-08-16T13:31:58.209+0000] {logging_mixin.py:190} INFO - [2024-08-16T13:31:58.208+0000] {dag.py:3211} INFO - Sync 1 DAGs
[2024-08-16T13:31:58.224+0000] {logging_mixin.py:190} INFO - [2024-08-16T13:31:58.224+0000] {dag.py:4138} INFO - Setting next_dagrun for example_trigger_target_dag to None, run_after=None
[2024-08-16T13:31:58.244+0000] {processor.py:208} INFO - Processing /home/airflow/.local/lib/python3.12/site-packages/airflow/example_dags/example_trigger_target_dag.py took 0.075 seconds
[2024-08-16T13:32:28.759+0000] {processor.py:186} INFO - Started process (PID=8059) to work on /home/airflow/.local/lib/python3.12/site-packages/airflow/example_dags/example_trigger_target_dag.py
[2024-08-16T13:32:28.760+0000] {processor.py:914} INFO - Processing file /home/airflow/.local/lib/python3.12/site-packages/airflow/example_dags/example_trigger_target_dag.py for tasks to queue
[2024-08-16T13:32:28.762+0000] {logging_mixin.py:190} INFO - [2024-08-16T13:32:28.762+0000] {dagbag.py:587} INFO - Filling up the DagBag from /home/airflow/.local/lib/python3.12/site-packages/airflow/example_dags/example_trigger_target_dag.py
[2024-08-16T13:32:28.771+0000] {processor.py:925} INFO - DAG(s) 'example_trigger_target_dag' retrieved from /home/airflow/.local/lib/python3.12/site-packages/airflow/example_dags/example_trigger_target_dag.py
[2024-08-16T13:32:28.792+0000] {logging_mixin.py:190} INFO - [2024-08-16T13:32:28.791+0000] {dag.py:3211} INFO - Sync 1 DAGs
[2024-08-16T13:32:28.809+0000] {logging_mixin.py:190} INFO - [2024-08-16T13:32:28.809+0000] {dag.py:4138} INFO - Setting next_dagrun for example_trigger_target_dag to None, run_after=None
[2024-08-16T13:32:28.833+0000] {processor.py:208} INFO - Processing /home/airflow/.local/lib/python3.12/site-packages/airflow/example_dags/example_trigger_target_dag.py took 0.081 seconds
[2024-08-16T13:32:59.138+0000] {processor.py:186} INFO - Started process (PID=8345) to work on /home/airflow/.local/lib/python3.12/site-packages/airflow/example_dags/example_trigger_target_dag.py
[2024-08-16T13:32:59.139+0000] {processor.py:914} INFO - Processing file /home/airflow/.local/lib/python3.12/site-packages/airflow/example_dags/example_trigger_target_dag.py for tasks to queue
[2024-08-16T13:32:59.142+0000] {logging_mixin.py:190} INFO - [2024-08-16T13:32:59.141+0000] {dagbag.py:587} INFO - Filling up the DagBag from /home/airflow/.local/lib/python3.12/site-packages/airflow/example_dags/example_trigger_target_dag.py
[2024-08-16T13:32:59.149+0000] {processor.py:925} INFO - DAG(s) 'example_trigger_target_dag' retrieved from /home/airflow/.local/lib/python3.12/site-packages/airflow/example_dags/example_trigger_target_dag.py
[2024-08-16T13:32:59.169+0000] {logging_mixin.py:190} INFO - [2024-08-16T13:32:59.169+0000] {dag.py:3211} INFO - Sync 1 DAGs
[2024-08-16T13:32:59.186+0000] {logging_mixin.py:190} INFO - [2024-08-16T13:32:59.185+0000] {dag.py:4138} INFO - Setting next_dagrun for example_trigger_target_dag to None, run_after=None
[2024-08-16T13:32:59.204+0000] {processor.py:208} INFO - Processing /home/airflow/.local/lib/python3.12/site-packages/airflow/example_dags/example_trigger_target_dag.py took 0.073 seconds
[2024-08-16T13:33:29.517+0000] {processor.py:186} INFO - Started process (PID=8631) to work on /home/airflow/.local/lib/python3.12/site-packages/airflow/example_dags/example_trigger_target_dag.py
[2024-08-16T13:33:29.518+0000] {processor.py:914} INFO - Processing file /home/airflow/.local/lib/python3.12/site-packages/airflow/example_dags/example_trigger_target_dag.py for tasks to queue
[2024-08-16T13:33:29.520+0000] {logging_mixin.py:190} INFO - [2024-08-16T13:33:29.520+0000] {dagbag.py:587} INFO - Filling up the DagBag from /home/airflow/.local/lib/python3.12/site-packages/airflow/example_dags/example_trigger_target_dag.py
[2024-08-16T13:33:29.528+0000] {processor.py:925} INFO - DAG(s) 'example_trigger_target_dag' retrieved from /home/airflow/.local/lib/python3.12/site-packages/airflow/example_dags/example_trigger_target_dag.py
[2024-08-16T13:33:29.549+0000] {logging_mixin.py:190} INFO - [2024-08-16T13:33:29.548+0000] {dag.py:3211} INFO - Sync 1 DAGs
[2024-08-16T13:33:29.567+0000] {logging_mixin.py:190} INFO - [2024-08-16T13:33:29.566+0000] {dag.py:4138} INFO - Setting next_dagrun for example_trigger_target_dag to None, run_after=None
[2024-08-16T13:33:29.588+0000] {processor.py:208} INFO - Processing /home/airflow/.local/lib/python3.12/site-packages/airflow/example_dags/example_trigger_target_dag.py took 0.078 seconds
[2024-08-16T13:33:59.853+0000] {processor.py:186} INFO - Started process (PID=8917) to work on /home/airflow/.local/lib/python3.12/site-packages/airflow/example_dags/example_trigger_target_dag.py
[2024-08-16T13:33:59.854+0000] {processor.py:914} INFO - Processing file /home/airflow/.local/lib/python3.12/site-packages/airflow/example_dags/example_trigger_target_dag.py for tasks to queue
[2024-08-16T13:33:59.856+0000] {logging_mixin.py:190} INFO - [2024-08-16T13:33:59.856+0000] {dagbag.py:587} INFO - Filling up the DagBag from /home/airflow/.local/lib/python3.12/site-packages/airflow/example_dags/example_trigger_target_dag.py
[2024-08-16T13:33:59.864+0000] {processor.py:925} INFO - DAG(s) 'example_trigger_target_dag' retrieved from /home/airflow/.local/lib/python3.12/site-packages/airflow/example_dags/example_trigger_target_dag.py
[2024-08-16T13:33:59.884+0000] {logging_mixin.py:190} INFO - [2024-08-16T13:33:59.884+0000] {dag.py:3211} INFO - Sync 1 DAGs
[2024-08-16T13:33:59.899+0000] {logging_mixin.py:190} INFO - [2024-08-16T13:33:59.899+0000] {dag.py:4138} INFO - Setting next_dagrun for example_trigger_target_dag to None, run_after=None
[2024-08-16T13:33:59.929+0000] {processor.py:208} INFO - Processing /home/airflow/.local/lib/python3.12/site-packages/airflow/example_dags/example_trigger_target_dag.py took 0.083 seconds
[2024-08-16T13:34:30.483+0000] {processor.py:186} INFO - Started process (PID=9203) to work on /home/airflow/.local/lib/python3.12/site-packages/airflow/example_dags/example_trigger_target_dag.py
[2024-08-16T13:34:30.484+0000] {processor.py:914} INFO - Processing file /home/airflow/.local/lib/python3.12/site-packages/airflow/example_dags/example_trigger_target_dag.py for tasks to queue
[2024-08-16T13:34:30.487+0000] {logging_mixin.py:190} INFO - [2024-08-16T13:34:30.486+0000] {dagbag.py:587} INFO - Filling up the DagBag from /home/airflow/.local/lib/python3.12/site-packages/airflow/example_dags/example_trigger_target_dag.py
[2024-08-16T13:34:30.495+0000] {processor.py:925} INFO - DAG(s) 'example_trigger_target_dag' retrieved from /home/airflow/.local/lib/python3.12/site-packages/airflow/example_dags/example_trigger_target_dag.py
[2024-08-16T13:34:30.517+0000] {logging_mixin.py:190} INFO - [2024-08-16T13:34:30.517+0000] {dag.py:3211} INFO - Sync 1 DAGs
[2024-08-16T13:34:30.532+0000] {logging_mixin.py:190} INFO - [2024-08-16T13:34:30.532+0000] {dag.py:4138} INFO - Setting next_dagrun for example_trigger_target_dag to None, run_after=None
[2024-08-16T13:34:30.552+0000] {processor.py:208} INFO - Processing /home/airflow/.local/lib/python3.12/site-packages/airflow/example_dags/example_trigger_target_dag.py took 0.076 seconds
[2024-08-16T13:35:00.874+0000] {processor.py:186} INFO - Started process (PID=9489) to work on /home/airflow/.local/lib/python3.12/site-packages/airflow/example_dags/example_trigger_target_dag.py
[2024-08-16T13:35:00.876+0000] {processor.py:914} INFO - Processing file /home/airflow/.local/lib/python3.12/site-packages/airflow/example_dags/example_trigger_target_dag.py for tasks to queue
[2024-08-16T13:35:00.880+0000] {logging_mixin.py:190} INFO - [2024-08-16T13:35:00.879+0000] {dagbag.py:587} INFO - Filling up the DagBag from /home/airflow/.local/lib/python3.12/site-packages/airflow/example_dags/example_trigger_target_dag.py
[2024-08-16T13:35:00.888+0000] {processor.py:925} INFO - DAG(s) 'example_trigger_target_dag' retrieved from /home/airflow/.local/lib/python3.12/site-packages/airflow/example_dags/example_trigger_target_dag.py
[2024-08-16T13:35:00.911+0000] {logging_mixin.py:190} INFO - [2024-08-16T13:35:00.910+0000] {dag.py:3211} INFO - Sync 1 DAGs
[2024-08-16T13:35:00.929+0000] {logging_mixin.py:190} INFO - [2024-08-16T13:35:00.928+0000] {dag.py:4138} INFO - Setting next_dagrun for example_trigger_target_dag to None, run_after=None
[2024-08-16T13:35:00.950+0000] {processor.py:208} INFO - Processing /home/airflow/.local/lib/python3.12/site-packages/airflow/example_dags/example_trigger_target_dag.py took 0.083 seconds
[2024-08-16T13:35:31.284+0000] {processor.py:186} INFO - Started process (PID=9775) to work on /home/airflow/.local/lib/python3.12/site-packages/airflow/example_dags/example_trigger_target_dag.py
[2024-08-16T13:35:31.285+0000] {processor.py:914} INFO - Processing file /home/airflow/.local/lib/python3.12/site-packages/airflow/example_dags/example_trigger_target_dag.py for tasks to queue
[2024-08-16T13:35:31.288+0000] {logging_mixin.py:190} INFO - [2024-08-16T13:35:31.287+0000] {dagbag.py:587} INFO - Filling up the DagBag from /home/airflow/.local/lib/python3.12/site-packages/airflow/example_dags/example_trigger_target_dag.py
[2024-08-16T13:35:31.297+0000] {processor.py:925} INFO - DAG(s) 'example_trigger_target_dag' retrieved from /home/airflow/.local/lib/python3.12/site-packages/airflow/example_dags/example_trigger_target_dag.py
[2024-08-16T13:35:31.319+0000] {logging_mixin.py:190} INFO - [2024-08-16T13:35:31.319+0000] {dag.py:3211} INFO - Sync 1 DAGs
[2024-08-16T13:35:31.336+0000] {logging_mixin.py:190} INFO - [2024-08-16T13:35:31.336+0000] {dag.py:4138} INFO - Setting next_dagrun for example_trigger_target_dag to None, run_after=None
[2024-08-16T13:35:31.360+0000] {processor.py:208} INFO - Processing /home/airflow/.local/lib/python3.12/site-packages/airflow/example_dags/example_trigger_target_dag.py took 0.084 seconds
[2024-08-16T13:36:01.800+0000] {processor.py:186} INFO - Started process (PID=10061) to work on /home/airflow/.local/lib/python3.12/site-packages/airflow/example_dags/example_trigger_target_dag.py
[2024-08-16T13:36:01.801+0000] {processor.py:914} INFO - Processing file /home/airflow/.local/lib/python3.12/site-packages/airflow/example_dags/example_trigger_target_dag.py for tasks to queue
[2024-08-16T13:36:01.805+0000] {logging_mixin.py:190} INFO - [2024-08-16T13:36:01.804+0000] {dagbag.py:587} INFO - Filling up the DagBag from /home/airflow/.local/lib/python3.12/site-packages/airflow/example_dags/example_trigger_target_dag.py
[2024-08-16T13:36:01.813+0000] {processor.py:925} INFO - DAG(s) 'example_trigger_target_dag' retrieved from /home/airflow/.local/lib/python3.12/site-packages/airflow/example_dags/example_trigger_target_dag.py
[2024-08-16T13:36:01.834+0000] {logging_mixin.py:190} INFO - [2024-08-16T13:36:01.833+0000] {dag.py:3211} INFO - Sync 1 DAGs
[2024-08-16T13:36:01.850+0000] {logging_mixin.py:190} INFO - [2024-08-16T13:36:01.850+0000] {dag.py:4138} INFO - Setting next_dagrun for example_trigger_target_dag to None, run_after=None
[2024-08-16T13:36:01.868+0000] {processor.py:208} INFO - Processing /home/airflow/.local/lib/python3.12/site-packages/airflow/example_dags/example_trigger_target_dag.py took 0.074 seconds
[2024-08-16T13:36:32.274+0000] {processor.py:186} INFO - Started process (PID=10347) to work on /home/airflow/.local/lib/python3.12/site-packages/airflow/example_dags/example_trigger_target_dag.py
[2024-08-16T13:36:32.275+0000] {processor.py:914} INFO - Processing file /home/airflow/.local/lib/python3.12/site-packages/airflow/example_dags/example_trigger_target_dag.py for tasks to queue
[2024-08-16T13:36:32.277+0000] {logging_mixin.py:190} INFO - [2024-08-16T13:36:32.277+0000] {dagbag.py:587} INFO - Filling up the DagBag from /home/airflow/.local/lib/python3.12/site-packages/airflow/example_dags/example_trigger_target_dag.py
[2024-08-16T13:36:32.286+0000] {processor.py:925} INFO - DAG(s) 'example_trigger_target_dag' retrieved from /home/airflow/.local/lib/python3.12/site-packages/airflow/example_dags/example_trigger_target_dag.py
[2024-08-16T13:36:32.308+0000] {logging_mixin.py:190} INFO - [2024-08-16T13:36:32.308+0000] {dag.py:3211} INFO - Sync 1 DAGs
[2024-08-16T13:36:32.329+0000] {logging_mixin.py:190} INFO - [2024-08-16T13:36:32.328+0000] {dag.py:4138} INFO - Setting next_dagrun for example_trigger_target_dag to None, run_after=None
[2024-08-16T13:36:32.349+0000] {processor.py:208} INFO - Processing /home/airflow/.local/lib/python3.12/site-packages/airflow/example_dags/example_trigger_target_dag.py took 0.083 seconds
[2024-08-16T13:37:02.651+0000] {processor.py:186} INFO - Started process (PID=10633) to work on /home/airflow/.local/lib/python3.12/site-packages/airflow/example_dags/example_trigger_target_dag.py
[2024-08-16T13:37:02.652+0000] {processor.py:914} INFO - Processing file /home/airflow/.local/lib/python3.12/site-packages/airflow/example_dags/example_trigger_target_dag.py for tasks to queue
[2024-08-16T13:37:02.655+0000] {logging_mixin.py:190} INFO - [2024-08-16T13:37:02.654+0000] {dagbag.py:587} INFO - Filling up the DagBag from /home/airflow/.local/lib/python3.12/site-packages/airflow/example_dags/example_trigger_target_dag.py
[2024-08-16T13:37:02.663+0000] {processor.py:925} INFO - DAG(s) 'example_trigger_target_dag' retrieved from /home/airflow/.local/lib/python3.12/site-packages/airflow/example_dags/example_trigger_target_dag.py
[2024-08-16T13:37:02.684+0000] {logging_mixin.py:190} INFO - [2024-08-16T13:37:02.683+0000] {dag.py:3211} INFO - Sync 1 DAGs
[2024-08-16T13:37:02.701+0000] {logging_mixin.py:190} INFO - [2024-08-16T13:37:02.700+0000] {dag.py:4138} INFO - Setting next_dagrun for example_trigger_target_dag to None, run_after=None
[2024-08-16T13:37:02.719+0000] {processor.py:208} INFO - Processing /home/airflow/.local/lib/python3.12/site-packages/airflow/example_dags/example_trigger_target_dag.py took 0.076 seconds
[2024-08-16T13:37:33.041+0000] {processor.py:186} INFO - Started process (PID=10920) to work on /home/airflow/.local/lib/python3.12/site-packages/airflow/example_dags/example_trigger_target_dag.py
[2024-08-16T13:37:33.042+0000] {processor.py:914} INFO - Processing file /home/airflow/.local/lib/python3.12/site-packages/airflow/example_dags/example_trigger_target_dag.py for tasks to queue
[2024-08-16T13:37:33.046+0000] {logging_mixin.py:190} INFO - [2024-08-16T13:37:33.045+0000] {dagbag.py:587} INFO - Filling up the DagBag from /home/airflow/.local/lib/python3.12/site-packages/airflow/example_dags/example_trigger_target_dag.py
[2024-08-16T13:37:33.055+0000] {processor.py:925} INFO - DAG(s) 'example_trigger_target_dag' retrieved from /home/airflow/.local/lib/python3.12/site-packages/airflow/example_dags/example_trigger_target_dag.py
[2024-08-16T13:37:33.076+0000] {logging_mixin.py:190} INFO - [2024-08-16T13:37:33.076+0000] {dag.py:3211} INFO - Sync 1 DAGs
[2024-08-16T13:37:33.092+0000] {logging_mixin.py:190} INFO - [2024-08-16T13:37:33.091+0000] {dag.py:4138} INFO - Setting next_dagrun for example_trigger_target_dag to None, run_after=None
[2024-08-16T13:37:33.111+0000] {processor.py:208} INFO - Processing /home/airflow/.local/lib/python3.12/site-packages/airflow/example_dags/example_trigger_target_dag.py took 0.077 seconds
[2024-08-16T13:38:03.412+0000] {processor.py:186} INFO - Started process (PID=11206) to work on /home/airflow/.local/lib/python3.12/site-packages/airflow/example_dags/example_trigger_target_dag.py
[2024-08-16T13:38:03.413+0000] {processor.py:914} INFO - Processing file /home/airflow/.local/lib/python3.12/site-packages/airflow/example_dags/example_trigger_target_dag.py for tasks to queue
[2024-08-16T13:38:03.416+0000] {logging_mixin.py:190} INFO - [2024-08-16T13:38:03.416+0000] {dagbag.py:587} INFO - Filling up the DagBag from /home/airflow/.local/lib/python3.12/site-packages/airflow/example_dags/example_trigger_target_dag.py
[2024-08-16T13:38:03.425+0000] {processor.py:925} INFO - DAG(s) 'example_trigger_target_dag' retrieved from /home/airflow/.local/lib/python3.12/site-packages/airflow/example_dags/example_trigger_target_dag.py
[2024-08-16T13:38:03.448+0000] {logging_mixin.py:190} INFO - [2024-08-16T13:38:03.448+0000] {dag.py:3211} INFO - Sync 1 DAGs
[2024-08-16T13:38:03.467+0000] {logging_mixin.py:190} INFO - [2024-08-16T13:38:03.467+0000] {dag.py:4138} INFO - Setting next_dagrun for example_trigger_target_dag to None, run_after=None
[2024-08-16T13:38:03.489+0000] {processor.py:208} INFO - Processing /home/airflow/.local/lib/python3.12/site-packages/airflow/example_dags/example_trigger_target_dag.py took 0.084 seconds
[2024-08-16T13:38:34.043+0000] {processor.py:186} INFO - Started process (PID=11494) to work on /home/airflow/.local/lib/python3.12/site-packages/airflow/example_dags/example_trigger_target_dag.py
[2024-08-16T13:38:34.044+0000] {processor.py:914} INFO - Processing file /home/airflow/.local/lib/python3.12/site-packages/airflow/example_dags/example_trigger_target_dag.py for tasks to queue
[2024-08-16T13:38:34.047+0000] {logging_mixin.py:190} INFO - [2024-08-16T13:38:34.046+0000] {dagbag.py:587} INFO - Filling up the DagBag from /home/airflow/.local/lib/python3.12/site-packages/airflow/example_dags/example_trigger_target_dag.py
[2024-08-16T13:38:34.055+0000] {processor.py:925} INFO - DAG(s) 'example_trigger_target_dag' retrieved from /home/airflow/.local/lib/python3.12/site-packages/airflow/example_dags/example_trigger_target_dag.py
[2024-08-16T13:38:34.077+0000] {logging_mixin.py:190} INFO - [2024-08-16T13:38:34.076+0000] {dag.py:3211} INFO - Sync 1 DAGs
[2024-08-16T13:38:34.092+0000] {logging_mixin.py:190} INFO - [2024-08-16T13:38:34.092+0000] {dag.py:4138} INFO - Setting next_dagrun for example_trigger_target_dag to None, run_after=None
[2024-08-16T13:38:34.111+0000] {processor.py:208} INFO - Processing /home/airflow/.local/lib/python3.12/site-packages/airflow/example_dags/example_trigger_target_dag.py took 0.075 seconds
[2024-08-16T13:39:05.056+0000] {processor.py:186} INFO - Started process (PID=11778) to work on /home/airflow/.local/lib/python3.12/site-packages/airflow/example_dags/example_trigger_target_dag.py
[2024-08-16T13:39:05.058+0000] {processor.py:914} INFO - Processing file /home/airflow/.local/lib/python3.12/site-packages/airflow/example_dags/example_trigger_target_dag.py for tasks to queue
[2024-08-16T13:39:05.060+0000] {logging_mixin.py:190} INFO - [2024-08-16T13:39:05.060+0000] {dagbag.py:587} INFO - Filling up the DagBag from /home/airflow/.local/lib/python3.12/site-packages/airflow/example_dags/example_trigger_target_dag.py
[2024-08-16T13:39:05.068+0000] {processor.py:925} INFO - DAG(s) 'example_trigger_target_dag' retrieved from /home/airflow/.local/lib/python3.12/site-packages/airflow/example_dags/example_trigger_target_dag.py
[2024-08-16T13:39:05.089+0000] {logging_mixin.py:190} INFO - [2024-08-16T13:39:05.088+0000] {dag.py:3211} INFO - Sync 1 DAGs
[2024-08-16T13:39:05.104+0000] {logging_mixin.py:190} INFO - [2024-08-16T13:39:05.104+0000] {dag.py:4138} INFO - Setting next_dagrun for example_trigger_target_dag to None, run_after=None
[2024-08-16T13:39:05.124+0000] {processor.py:208} INFO - Processing /home/airflow/.local/lib/python3.12/site-packages/airflow/example_dags/example_trigger_target_dag.py took 0.074 seconds
[2024-08-16T13:39:35.354+0000] {processor.py:186} INFO - Started process (PID=12059) to work on /home/airflow/.local/lib/python3.12/site-packages/airflow/example_dags/example_trigger_target_dag.py
[2024-08-16T13:39:35.355+0000] {processor.py:914} INFO - Processing file /home/airflow/.local/lib/python3.12/site-packages/airflow/example_dags/example_trigger_target_dag.py for tasks to queue
[2024-08-16T13:39:35.357+0000] {logging_mixin.py:190} INFO - [2024-08-16T13:39:35.357+0000] {dagbag.py:587} INFO - Filling up the DagBag from /home/airflow/.local/lib/python3.12/site-packages/airflow/example_dags/example_trigger_target_dag.py
[2024-08-16T13:39:35.367+0000] {processor.py:925} INFO - DAG(s) 'example_trigger_target_dag' retrieved from /home/airflow/.local/lib/python3.12/site-packages/airflow/example_dags/example_trigger_target_dag.py
[2024-08-16T13:39:35.388+0000] {logging_mixin.py:190} INFO - [2024-08-16T13:39:35.387+0000] {dag.py:3211} INFO - Sync 1 DAGs
[2024-08-16T13:39:35.404+0000] {logging_mixin.py:190} INFO - [2024-08-16T13:39:35.404+0000] {dag.py:4138} INFO - Setting next_dagrun for example_trigger_target_dag to None, run_after=None
[2024-08-16T13:39:35.426+0000] {processor.py:208} INFO - Processing /home/airflow/.local/lib/python3.12/site-packages/airflow/example_dags/example_trigger_target_dag.py took 0.078 seconds
[2024-08-16T13:40:06.471+0000] {processor.py:186} INFO - Started process (PID=12350) to work on /home/airflow/.local/lib/python3.12/site-packages/airflow/example_dags/example_trigger_target_dag.py
[2024-08-16T13:40:06.472+0000] {processor.py:914} INFO - Processing file /home/airflow/.local/lib/python3.12/site-packages/airflow/example_dags/example_trigger_target_dag.py for tasks to queue
[2024-08-16T13:40:06.474+0000] {logging_mixin.py:190} INFO - [2024-08-16T13:40:06.474+0000] {dagbag.py:587} INFO - Filling up the DagBag from /home/airflow/.local/lib/python3.12/site-packages/airflow/example_dags/example_trigger_target_dag.py
[2024-08-16T13:40:06.482+0000] {processor.py:925} INFO - DAG(s) 'example_trigger_target_dag' retrieved from /home/airflow/.local/lib/python3.12/site-packages/airflow/example_dags/example_trigger_target_dag.py
[2024-08-16T13:40:06.503+0000] {logging_mixin.py:190} INFO - [2024-08-16T13:40:06.503+0000] {dag.py:3211} INFO - Sync 1 DAGs
[2024-08-16T13:40:06.519+0000] {logging_mixin.py:190} INFO - [2024-08-16T13:40:06.518+0000] {dag.py:4138} INFO - Setting next_dagrun for example_trigger_target_dag to None, run_after=None
[2024-08-16T13:40:06.537+0000] {processor.py:208} INFO - Processing /home/airflow/.local/lib/python3.12/site-packages/airflow/example_dags/example_trigger_target_dag.py took 0.073 seconds
[2024-08-16T13:40:37.032+0000] {processor.py:186} INFO - Started process (PID=12636) to work on /home/airflow/.local/lib/python3.12/site-packages/airflow/example_dags/example_trigger_target_dag.py
[2024-08-16T13:40:37.033+0000] {processor.py:914} INFO - Processing file /home/airflow/.local/lib/python3.12/site-packages/airflow/example_dags/example_trigger_target_dag.py for tasks to queue
[2024-08-16T13:40:37.037+0000] {logging_mixin.py:190} INFO - [2024-08-16T13:40:37.036+0000] {dagbag.py:587} INFO - Filling up the DagBag from /home/airflow/.local/lib/python3.12/site-packages/airflow/example_dags/example_trigger_target_dag.py
[2024-08-16T13:40:37.045+0000] {processor.py:925} INFO - DAG(s) 'example_trigger_target_dag' retrieved from /home/airflow/.local/lib/python3.12/site-packages/airflow/example_dags/example_trigger_target_dag.py
[2024-08-16T13:40:37.068+0000] {logging_mixin.py:190} INFO - [2024-08-16T13:40:37.068+0000] {dag.py:3211} INFO - Sync 1 DAGs
[2024-08-16T13:40:37.084+0000] {logging_mixin.py:190} INFO - [2024-08-16T13:40:37.083+0000] {dag.py:4138} INFO - Setting next_dagrun for example_trigger_target_dag to None, run_after=None
[2024-08-16T13:40:37.106+0000] {processor.py:208} INFO - Processing /home/airflow/.local/lib/python3.12/site-packages/airflow/example_dags/example_trigger_target_dag.py took 0.080 seconds
[2024-08-16T13:41:08.120+0000] {processor.py:186} INFO - Started process (PID=12922) to work on /home/airflow/.local/lib/python3.12/site-packages/airflow/example_dags/example_trigger_target_dag.py
[2024-08-16T13:41:08.121+0000] {processor.py:914} INFO - Processing file /home/airflow/.local/lib/python3.12/site-packages/airflow/example_dags/example_trigger_target_dag.py for tasks to queue
[2024-08-16T13:41:08.124+0000] {logging_mixin.py:190} INFO - [2024-08-16T13:41:08.123+0000] {dagbag.py:587} INFO - Filling up the DagBag from /home/airflow/.local/lib/python3.12/site-packages/airflow/example_dags/example_trigger_target_dag.py
[2024-08-16T13:41:08.132+0000] {processor.py:925} INFO - DAG(s) 'example_trigger_target_dag' retrieved from /home/airflow/.local/lib/python3.12/site-packages/airflow/example_dags/example_trigger_target_dag.py
[2024-08-16T13:41:08.156+0000] {logging_mixin.py:190} INFO - [2024-08-16T13:41:08.156+0000] {dag.py:3211} INFO - Sync 1 DAGs
[2024-08-16T13:41:08.171+0000] {logging_mixin.py:190} INFO - [2024-08-16T13:41:08.171+0000] {dag.py:4138} INFO - Setting next_dagrun for example_trigger_target_dag to None, run_after=None
[2024-08-16T13:41:08.189+0000] {processor.py:208} INFO - Processing /home/airflow/.local/lib/python3.12/site-packages/airflow/example_dags/example_trigger_target_dag.py took 0.078 seconds
[2024-08-16T13:41:38.353+0000] {processor.py:186} INFO - Started process (PID=13203) to work on /home/airflow/.local/lib/python3.12/site-packages/airflow/example_dags/example_trigger_target_dag.py
[2024-08-16T13:41:38.355+0000] {processor.py:914} INFO - Processing file /home/airflow/.local/lib/python3.12/site-packages/airflow/example_dags/example_trigger_target_dag.py for tasks to queue
[2024-08-16T13:41:38.359+0000] {logging_mixin.py:190} INFO - [2024-08-16T13:41:38.358+0000] {dagbag.py:587} INFO - Filling up the DagBag from /home/airflow/.local/lib/python3.12/site-packages/airflow/example_dags/example_trigger_target_dag.py
[2024-08-16T13:41:38.369+0000] {processor.py:925} INFO - DAG(s) 'example_trigger_target_dag' retrieved from /home/airflow/.local/lib/python3.12/site-packages/airflow/example_dags/example_trigger_target_dag.py
[2024-08-16T13:41:38.392+0000] {logging_mixin.py:190} INFO - [2024-08-16T13:41:38.391+0000] {dag.py:3211} INFO - Sync 1 DAGs
[2024-08-16T13:41:38.410+0000] {logging_mixin.py:190} INFO - [2024-08-16T13:41:38.409+0000] {dag.py:4138} INFO - Setting next_dagrun for example_trigger_target_dag to None, run_after=None
[2024-08-16T13:41:38.431+0000] {processor.py:208} INFO - Processing /home/airflow/.local/lib/python3.12/site-packages/airflow/example_dags/example_trigger_target_dag.py took 0.088 seconds
[2024-08-16T13:42:09.096+0000] {processor.py:186} INFO - Started process (PID=13489) to work on /home/airflow/.local/lib/python3.12/site-packages/airflow/example_dags/example_trigger_target_dag.py
[2024-08-16T13:42:09.097+0000] {processor.py:914} INFO - Processing file /home/airflow/.local/lib/python3.12/site-packages/airflow/example_dags/example_trigger_target_dag.py for tasks to queue
[2024-08-16T13:42:09.101+0000] {logging_mixin.py:190} INFO - [2024-08-16T13:42:09.100+0000] {dagbag.py:587} INFO - Filling up the DagBag from /home/airflow/.local/lib/python3.12/site-packages/airflow/example_dags/example_trigger_target_dag.py
[2024-08-16T13:42:09.113+0000] {processor.py:925} INFO - DAG(s) 'example_trigger_target_dag' retrieved from /home/airflow/.local/lib/python3.12/site-packages/airflow/example_dags/example_trigger_target_dag.py
[2024-08-16T13:42:09.139+0000] {logging_mixin.py:190} INFO - [2024-08-16T13:42:09.138+0000] {dag.py:3211} INFO - Sync 1 DAGs
[2024-08-16T13:42:09.156+0000] {logging_mixin.py:190} INFO - [2024-08-16T13:42:09.156+0000] {dag.py:4138} INFO - Setting next_dagrun for example_trigger_target_dag to None, run_after=None
[2024-08-16T13:42:09.182+0000] {processor.py:208} INFO - Processing /home/airflow/.local/lib/python3.12/site-packages/airflow/example_dags/example_trigger_target_dag.py took 0.093 seconds
[2024-08-16T13:42:40.030+0000] {processor.py:186} INFO - Started process (PID=13775) to work on /home/airflow/.local/lib/python3.12/site-packages/airflow/example_dags/example_trigger_target_dag.py
[2024-08-16T13:42:40.031+0000] {processor.py:914} INFO - Processing file /home/airflow/.local/lib/python3.12/site-packages/airflow/example_dags/example_trigger_target_dag.py for tasks to queue
[2024-08-16T13:42:40.034+0000] {logging_mixin.py:190} INFO - [2024-08-16T13:42:40.034+0000] {dagbag.py:587} INFO - Filling up the DagBag from /home/airflow/.local/lib/python3.12/site-packages/airflow/example_dags/example_trigger_target_dag.py
[2024-08-16T13:42:40.042+0000] {processor.py:925} INFO - DAG(s) 'example_trigger_target_dag' retrieved from /home/airflow/.local/lib/python3.12/site-packages/airflow/example_dags/example_trigger_target_dag.py
[2024-08-16T13:42:40.065+0000] {logging_mixin.py:190} INFO - [2024-08-16T13:42:40.064+0000] {dag.py:3211} INFO - Sync 1 DAGs
[2024-08-16T13:42:40.080+0000] {logging_mixin.py:190} INFO - [2024-08-16T13:42:40.079+0000] {dag.py:4138} INFO - Setting next_dagrun for example_trigger_target_dag to None, run_after=None
[2024-08-16T13:42:40.099+0000] {processor.py:208} INFO - Processing /home/airflow/.local/lib/python3.12/site-packages/airflow/example_dags/example_trigger_target_dag.py took 0.076 seconds
[2024-08-16T13:43:10.929+0000] {processor.py:186} INFO - Started process (PID=14061) to work on /home/airflow/.local/lib/python3.12/site-packages/airflow/example_dags/example_trigger_target_dag.py
[2024-08-16T13:43:10.931+0000] {processor.py:914} INFO - Processing file /home/airflow/.local/lib/python3.12/site-packages/airflow/example_dags/example_trigger_target_dag.py for tasks to queue
[2024-08-16T13:43:10.933+0000] {logging_mixin.py:190} INFO - [2024-08-16T13:43:10.933+0000] {dagbag.py:587} INFO - Filling up the DagBag from /home/airflow/.local/lib/python3.12/site-packages/airflow/example_dags/example_trigger_target_dag.py
[2024-08-16T13:43:10.942+0000] {processor.py:925} INFO - DAG(s) 'example_trigger_target_dag' retrieved from /home/airflow/.local/lib/python3.12/site-packages/airflow/example_dags/example_trigger_target_dag.py
[2024-08-16T13:43:10.965+0000] {logging_mixin.py:190} INFO - [2024-08-16T13:43:10.965+0000] {dag.py:3211} INFO - Sync 1 DAGs
[2024-08-16T13:43:10.982+0000] {logging_mixin.py:190} INFO - [2024-08-16T13:43:10.982+0000] {dag.py:4138} INFO - Setting next_dagrun for example_trigger_target_dag to None, run_after=None
[2024-08-16T13:43:11.005+0000] {processor.py:208} INFO - Processing /home/airflow/.local/lib/python3.12/site-packages/airflow/example_dags/example_trigger_target_dag.py took 0.083 seconds
[2024-08-16T13:43:41.384+0000] {processor.py:186} INFO - Started process (PID=14347) to work on /home/airflow/.local/lib/python3.12/site-packages/airflow/example_dags/example_trigger_target_dag.py
[2024-08-16T13:43:41.386+0000] {processor.py:914} INFO - Processing file /home/airflow/.local/lib/python3.12/site-packages/airflow/example_dags/example_trigger_target_dag.py for tasks to queue
[2024-08-16T13:43:41.389+0000] {logging_mixin.py:190} INFO - [2024-08-16T13:43:41.389+0000] {dagbag.py:587} INFO - Filling up the DagBag from /home/airflow/.local/lib/python3.12/site-packages/airflow/example_dags/example_trigger_target_dag.py
[2024-08-16T13:43:41.398+0000] {processor.py:925} INFO - DAG(s) 'example_trigger_target_dag' retrieved from /home/airflow/.local/lib/python3.12/site-packages/airflow/example_dags/example_trigger_target_dag.py
[2024-08-16T13:43:41.420+0000] {logging_mixin.py:190} INFO - [2024-08-16T13:43:41.420+0000] {dag.py:3211} INFO - Sync 1 DAGs
[2024-08-16T13:43:41.435+0000] {logging_mixin.py:190} INFO - [2024-08-16T13:43:41.435+0000] {dag.py:4138} INFO - Setting next_dagrun for example_trigger_target_dag to None, run_after=None
[2024-08-16T13:43:41.456+0000] {processor.py:208} INFO - Processing /home/airflow/.local/lib/python3.12/site-packages/airflow/example_dags/example_trigger_target_dag.py took 0.079 seconds
[2024-08-16T13:44:12.064+0000] {processor.py:186} INFO - Started process (PID=14633) to work on /home/airflow/.local/lib/python3.12/site-packages/airflow/example_dags/example_trigger_target_dag.py
[2024-08-16T13:44:12.065+0000] {processor.py:914} INFO - Processing file /home/airflow/.local/lib/python3.12/site-packages/airflow/example_dags/example_trigger_target_dag.py for tasks to queue
[2024-08-16T13:44:12.068+0000] {logging_mixin.py:190} INFO - [2024-08-16T13:44:12.068+0000] {dagbag.py:587} INFO - Filling up the DagBag from /home/airflow/.local/lib/python3.12/site-packages/airflow/example_dags/example_trigger_target_dag.py
[2024-08-16T13:44:12.079+0000] {processor.py:925} INFO - DAG(s) 'example_trigger_target_dag' retrieved from /home/airflow/.local/lib/python3.12/site-packages/airflow/example_dags/example_trigger_target_dag.py
[2024-08-16T13:44:12.102+0000] {logging_mixin.py:190} INFO - [2024-08-16T13:44:12.102+0000] {dag.py:3211} INFO - Sync 1 DAGs
[2024-08-16T13:44:12.117+0000] {logging_mixin.py:190} INFO - [2024-08-16T13:44:12.116+0000] {dag.py:4138} INFO - Setting next_dagrun for example_trigger_target_dag to None, run_after=None
[2024-08-16T13:44:12.137+0000] {processor.py:208} INFO - Processing /home/airflow/.local/lib/python3.12/site-packages/airflow/example_dags/example_trigger_target_dag.py took 0.079 seconds
[2024-08-16T13:44:42.511+0000] {processor.py:186} INFO - Started process (PID=14919) to work on /home/airflow/.local/lib/python3.12/site-packages/airflow/example_dags/example_trigger_target_dag.py
[2024-08-16T13:44:42.512+0000] {processor.py:914} INFO - Processing file /home/airflow/.local/lib/python3.12/site-packages/airflow/example_dags/example_trigger_target_dag.py for tasks to queue
[2024-08-16T13:44:42.514+0000] {logging_mixin.py:190} INFO - [2024-08-16T13:44:42.514+0000] {dagbag.py:587} INFO - Filling up the DagBag from /home/airflow/.local/lib/python3.12/site-packages/airflow/example_dags/example_trigger_target_dag.py
[2024-08-16T13:44:42.524+0000] {processor.py:925} INFO - DAG(s) 'example_trigger_target_dag' retrieved from /home/airflow/.local/lib/python3.12/site-packages/airflow/example_dags/example_trigger_target_dag.py
[2024-08-16T13:44:42.548+0000] {logging_mixin.py:190} INFO - [2024-08-16T13:44:42.547+0000] {dag.py:3211} INFO - Sync 1 DAGs
[2024-08-16T13:44:42.564+0000] {logging_mixin.py:190} INFO - [2024-08-16T13:44:42.564+0000] {dag.py:4138} INFO - Setting next_dagrun for example_trigger_target_dag to None, run_after=None
[2024-08-16T13:44:42.589+0000] {processor.py:208} INFO - Processing /home/airflow/.local/lib/python3.12/site-packages/airflow/example_dags/example_trigger_target_dag.py took 0.084 seconds
[2024-08-16T13:45:12.689+0000] {processor.py:186} INFO - Started process (PID=15205) to work on /home/airflow/.local/lib/python3.12/site-packages/airflow/example_dags/example_trigger_target_dag.py
[2024-08-16T13:45:12.690+0000] {processor.py:914} INFO - Processing file /home/airflow/.local/lib/python3.12/site-packages/airflow/example_dags/example_trigger_target_dag.py for tasks to queue
[2024-08-16T13:45:12.693+0000] {logging_mixin.py:190} INFO - [2024-08-16T13:45:12.693+0000] {dagbag.py:587} INFO - Filling up the DagBag from /home/airflow/.local/lib/python3.12/site-packages/airflow/example_dags/example_trigger_target_dag.py
[2024-08-16T13:45:12.705+0000] {processor.py:925} INFO - DAG(s) 'example_trigger_target_dag' retrieved from /home/airflow/.local/lib/python3.12/site-packages/airflow/example_dags/example_trigger_target_dag.py
[2024-08-16T13:45:12.729+0000] {logging_mixin.py:190} INFO - [2024-08-16T13:45:12.729+0000] {dag.py:3211} INFO - Sync 1 DAGs
[2024-08-16T13:45:12.748+0000] {logging_mixin.py:190} INFO - [2024-08-16T13:45:12.747+0000] {dag.py:4138} INFO - Setting next_dagrun for example_trigger_target_dag to None, run_after=None
[2024-08-16T13:45:12.789+0000] {processor.py:208} INFO - Processing /home/airflow/.local/lib/python3.12/site-packages/airflow/example_dags/example_trigger_target_dag.py took 0.109 seconds
[2024-08-16T13:45:43.270+0000] {processor.py:186} INFO - Started process (PID=15491) to work on /home/airflow/.local/lib/python3.12/site-packages/airflow/example_dags/example_trigger_target_dag.py
[2024-08-16T13:45:43.271+0000] {processor.py:914} INFO - Processing file /home/airflow/.local/lib/python3.12/site-packages/airflow/example_dags/example_trigger_target_dag.py for tasks to queue
[2024-08-16T13:45:43.273+0000] {logging_mixin.py:190} INFO - [2024-08-16T13:45:43.273+0000] {dagbag.py:587} INFO - Filling up the DagBag from /home/airflow/.local/lib/python3.12/site-packages/airflow/example_dags/example_trigger_target_dag.py
[2024-08-16T13:45:43.284+0000] {processor.py:925} INFO - DAG(s) 'example_trigger_target_dag' retrieved from /home/airflow/.local/lib/python3.12/site-packages/airflow/example_dags/example_trigger_target_dag.py
[2024-08-16T13:45:43.309+0000] {logging_mixin.py:190} INFO - [2024-08-16T13:45:43.309+0000] {dag.py:3211} INFO - Sync 1 DAGs
[2024-08-16T13:45:43.328+0000] {logging_mixin.py:190} INFO - [2024-08-16T13:45:43.327+0000] {dag.py:4138} INFO - Setting next_dagrun for example_trigger_target_dag to None, run_after=None
[2024-08-16T13:45:43.354+0000] {processor.py:208} INFO - Processing /home/airflow/.local/lib/python3.12/site-packages/airflow/example_dags/example_trigger_target_dag.py took 0.091 seconds
[2024-08-16T13:46:14.549+0000] {processor.py:186} INFO - Started process (PID=15779) to work on /home/airflow/.local/lib/python3.12/site-packages/airflow/example_dags/example_trigger_target_dag.py
[2024-08-16T13:46:14.550+0000] {processor.py:914} INFO - Processing file /home/airflow/.local/lib/python3.12/site-packages/airflow/example_dags/example_trigger_target_dag.py for tasks to queue
[2024-08-16T13:46:14.552+0000] {logging_mixin.py:190} INFO - [2024-08-16T13:46:14.552+0000] {dagbag.py:587} INFO - Filling up the DagBag from /home/airflow/.local/lib/python3.12/site-packages/airflow/example_dags/example_trigger_target_dag.py
[2024-08-16T13:46:14.562+0000] {processor.py:925} INFO - DAG(s) 'example_trigger_target_dag' retrieved from /home/airflow/.local/lib/python3.12/site-packages/airflow/example_dags/example_trigger_target_dag.py
[2024-08-16T13:46:14.584+0000] {logging_mixin.py:190} INFO - [2024-08-16T13:46:14.584+0000] {dag.py:3211} INFO - Sync 1 DAGs
[2024-08-16T13:46:14.600+0000] {logging_mixin.py:190} INFO - [2024-08-16T13:46:14.600+0000] {dag.py:4138} INFO - Setting next_dagrun for example_trigger_target_dag to None, run_after=None
[2024-08-16T13:46:14.619+0000] {processor.py:208} INFO - Processing /home/airflow/.local/lib/python3.12/site-packages/airflow/example_dags/example_trigger_target_dag.py took 0.078 seconds
[2024-08-16T13:46:45.188+0000] {processor.py:186} INFO - Started process (PID=16063) to work on /home/airflow/.local/lib/python3.12/site-packages/airflow/example_dags/example_trigger_target_dag.py
[2024-08-16T13:46:45.189+0000] {processor.py:914} INFO - Processing file /home/airflow/.local/lib/python3.12/site-packages/airflow/example_dags/example_trigger_target_dag.py for tasks to queue
[2024-08-16T13:46:45.192+0000] {logging_mixin.py:190} INFO - [2024-08-16T13:46:45.192+0000] {dagbag.py:587} INFO - Filling up the DagBag from /home/airflow/.local/lib/python3.12/site-packages/airflow/example_dags/example_trigger_target_dag.py
[2024-08-16T13:46:45.202+0000] {processor.py:925} INFO - DAG(s) 'example_trigger_target_dag' retrieved from /home/airflow/.local/lib/python3.12/site-packages/airflow/example_dags/example_trigger_target_dag.py
[2024-08-16T13:46:45.233+0000] {logging_mixin.py:190} INFO - [2024-08-16T13:46:45.233+0000] {dag.py:3211} INFO - Sync 1 DAGs
[2024-08-16T13:46:45.254+0000] {logging_mixin.py:190} INFO - [2024-08-16T13:46:45.254+0000] {dag.py:4138} INFO - Setting next_dagrun for example_trigger_target_dag to None, run_after=None
[2024-08-16T13:46:45.287+0000] {processor.py:208} INFO - Processing /home/airflow/.local/lib/python3.12/site-packages/airflow/example_dags/example_trigger_target_dag.py took 0.109 seconds
[2024-08-16T13:47:16.127+0000] {processor.py:186} INFO - Started process (PID=16351) to work on /home/airflow/.local/lib/python3.12/site-packages/airflow/example_dags/example_trigger_target_dag.py
[2024-08-16T13:47:16.128+0000] {processor.py:914} INFO - Processing file /home/airflow/.local/lib/python3.12/site-packages/airflow/example_dags/example_trigger_target_dag.py for tasks to queue
[2024-08-16T13:47:16.130+0000] {logging_mixin.py:190} INFO - [2024-08-16T13:47:16.130+0000] {dagbag.py:587} INFO - Filling up the DagBag from /home/airflow/.local/lib/python3.12/site-packages/airflow/example_dags/example_trigger_target_dag.py
[2024-08-16T13:47:16.138+0000] {processor.py:925} INFO - DAG(s) 'example_trigger_target_dag' retrieved from /home/airflow/.local/lib/python3.12/site-packages/airflow/example_dags/example_trigger_target_dag.py
[2024-08-16T13:47:16.158+0000] {logging_mixin.py:190} INFO - [2024-08-16T13:47:16.157+0000] {dag.py:3211} INFO - Sync 1 DAGs
[2024-08-16T13:47:16.173+0000] {logging_mixin.py:190} INFO - [2024-08-16T13:47:16.172+0000] {dag.py:4138} INFO - Setting next_dagrun for example_trigger_target_dag to None, run_after=None
[2024-08-16T13:47:16.202+0000] {processor.py:208} INFO - Processing /home/airflow/.local/lib/python3.12/site-packages/airflow/example_dags/example_trigger_target_dag.py took 0.081 seconds
[2024-08-16T13:47:46.828+0000] {processor.py:186} INFO - Started process (PID=16635) to work on /home/airflow/.local/lib/python3.12/site-packages/airflow/example_dags/example_trigger_target_dag.py
[2024-08-16T13:47:46.830+0000] {processor.py:914} INFO - Processing file /home/airflow/.local/lib/python3.12/site-packages/airflow/example_dags/example_trigger_target_dag.py for tasks to queue
[2024-08-16T13:47:46.833+0000] {logging_mixin.py:190} INFO - [2024-08-16T13:47:46.832+0000] {dagbag.py:587} INFO - Filling up the DagBag from /home/airflow/.local/lib/python3.12/site-packages/airflow/example_dags/example_trigger_target_dag.py
[2024-08-16T13:47:46.843+0000] {processor.py:925} INFO - DAG(s) 'example_trigger_target_dag' retrieved from /home/airflow/.local/lib/python3.12/site-packages/airflow/example_dags/example_trigger_target_dag.py
[2024-08-16T13:47:46.864+0000] {logging_mixin.py:190} INFO - [2024-08-16T13:47:46.864+0000] {dag.py:3211} INFO - Sync 1 DAGs
[2024-08-16T13:47:46.883+0000] {logging_mixin.py:190} INFO - [2024-08-16T13:47:46.882+0000] {dag.py:4138} INFO - Setting next_dagrun for example_trigger_target_dag to None, run_after=None
[2024-08-16T13:47:46.910+0000] {processor.py:208} INFO - Processing /home/airflow/.local/lib/python3.12/site-packages/airflow/example_dags/example_trigger_target_dag.py took 0.090 seconds
[2024-08-16T13:48:17.197+0000] {processor.py:186} INFO - Started process (PID=16922) to work on /home/airflow/.local/lib/python3.12/site-packages/airflow/example_dags/example_trigger_target_dag.py
[2024-08-16T13:48:17.199+0000] {processor.py:914} INFO - Processing file /home/airflow/.local/lib/python3.12/site-packages/airflow/example_dags/example_trigger_target_dag.py for tasks to queue
[2024-08-16T13:48:17.203+0000] {logging_mixin.py:190} INFO - [2024-08-16T13:48:17.202+0000] {dagbag.py:587} INFO - Filling up the DagBag from /home/airflow/.local/lib/python3.12/site-packages/airflow/example_dags/example_trigger_target_dag.py
[2024-08-16T13:48:17.211+0000] {processor.py:925} INFO - DAG(s) 'example_trigger_target_dag' retrieved from /home/airflow/.local/lib/python3.12/site-packages/airflow/example_dags/example_trigger_target_dag.py
[2024-08-16T13:48:17.237+0000] {logging_mixin.py:190} INFO - [2024-08-16T13:48:17.237+0000] {dag.py:3211} INFO - Sync 1 DAGs
[2024-08-16T13:48:17.257+0000] {logging_mixin.py:190} INFO - [2024-08-16T13:48:17.256+0000] {dag.py:4138} INFO - Setting next_dagrun for example_trigger_target_dag to None, run_after=None
[2024-08-16T13:48:17.304+0000] {processor.py:208} INFO - Processing /home/airflow/.local/lib/python3.12/site-packages/airflow/example_dags/example_trigger_target_dag.py took 0.114 seconds
[2024-08-16T13:48:47.911+0000] {processor.py:186} INFO - Started process (PID=17214) to work on /home/airflow/.local/lib/python3.12/site-packages/airflow/example_dags/example_trigger_target_dag.py
[2024-08-16T13:48:47.912+0000] {processor.py:914} INFO - Processing file /home/airflow/.local/lib/python3.12/site-packages/airflow/example_dags/example_trigger_target_dag.py for tasks to queue
[2024-08-16T13:48:47.915+0000] {logging_mixin.py:190} INFO - [2024-08-16T13:48:47.915+0000] {dagbag.py:587} INFO - Filling up the DagBag from /home/airflow/.local/lib/python3.12/site-packages/airflow/example_dags/example_trigger_target_dag.py
[2024-08-16T13:48:47.924+0000] {processor.py:925} INFO - DAG(s) 'example_trigger_target_dag' retrieved from /home/airflow/.local/lib/python3.12/site-packages/airflow/example_dags/example_trigger_target_dag.py
[2024-08-16T13:48:47.945+0000] {logging_mixin.py:190} INFO - [2024-08-16T13:48:47.945+0000] {dag.py:3211} INFO - Sync 1 DAGs
[2024-08-16T13:48:47.961+0000] {logging_mixin.py:190} INFO - [2024-08-16T13:48:47.961+0000] {dag.py:4138} INFO - Setting next_dagrun for example_trigger_target_dag to None, run_after=None
[2024-08-16T13:48:47.982+0000] {processor.py:208} INFO - Processing /home/airflow/.local/lib/python3.12/site-packages/airflow/example_dags/example_trigger_target_dag.py took 0.077 seconds
[2024-08-16T13:49:18.794+0000] {processor.py:186} INFO - Started process (PID=17500) to work on /home/airflow/.local/lib/python3.12/site-packages/airflow/example_dags/example_trigger_target_dag.py
[2024-08-16T13:49:18.795+0000] {processor.py:914} INFO - Processing file /home/airflow/.local/lib/python3.12/site-packages/airflow/example_dags/example_trigger_target_dag.py for tasks to queue
[2024-08-16T13:49:18.800+0000] {logging_mixin.py:190} INFO - [2024-08-16T13:49:18.799+0000] {dagbag.py:587} INFO - Filling up the DagBag from /home/airflow/.local/lib/python3.12/site-packages/airflow/example_dags/example_trigger_target_dag.py
[2024-08-16T13:49:18.809+0000] {processor.py:925} INFO - DAG(s) 'example_trigger_target_dag' retrieved from /home/airflow/.local/lib/python3.12/site-packages/airflow/example_dags/example_trigger_target_dag.py
[2024-08-16T13:49:18.834+0000] {logging_mixin.py:190} INFO - [2024-08-16T13:49:18.834+0000] {dag.py:3211} INFO - Sync 1 DAGs
[2024-08-16T13:49:18.855+0000] {logging_mixin.py:190} INFO - [2024-08-16T13:49:18.855+0000] {dag.py:4138} INFO - Setting next_dagrun for example_trigger_target_dag to None, run_after=None
[2024-08-16T13:49:18.877+0000] {processor.py:208} INFO - Processing /home/airflow/.local/lib/python3.12/site-packages/airflow/example_dags/example_trigger_target_dag.py took 0.090 seconds
[2024-08-16T13:49:49.308+0000] {processor.py:186} INFO - Started process (PID=17786) to work on /home/airflow/.local/lib/python3.12/site-packages/airflow/example_dags/example_trigger_target_dag.py
[2024-08-16T13:49:49.309+0000] {processor.py:914} INFO - Processing file /home/airflow/.local/lib/python3.12/site-packages/airflow/example_dags/example_trigger_target_dag.py for tasks to queue
[2024-08-16T13:49:49.315+0000] {logging_mixin.py:190} INFO - [2024-08-16T13:49:49.315+0000] {dagbag.py:587} INFO - Filling up the DagBag from /home/airflow/.local/lib/python3.12/site-packages/airflow/example_dags/example_trigger_target_dag.py
[2024-08-16T13:49:49.325+0000] {processor.py:925} INFO - DAG(s) 'example_trigger_target_dag' retrieved from /home/airflow/.local/lib/python3.12/site-packages/airflow/example_dags/example_trigger_target_dag.py
[2024-08-16T13:49:49.350+0000] {logging_mixin.py:190} INFO - [2024-08-16T13:49:49.350+0000] {dag.py:3211} INFO - Sync 1 DAGs
[2024-08-16T13:49:49.372+0000] {logging_mixin.py:190} INFO - [2024-08-16T13:49:49.372+0000] {dag.py:4138} INFO - Setting next_dagrun for example_trigger_target_dag to None, run_after=None
[2024-08-16T13:49:49.400+0000] {processor.py:208} INFO - Processing /home/airflow/.local/lib/python3.12/site-packages/airflow/example_dags/example_trigger_target_dag.py took 0.099 seconds
[2024-08-16T13:50:20.889+0000] {processor.py:186} INFO - Started process (PID=18072) to work on /home/airflow/.local/lib/python3.12/site-packages/airflow/example_dags/example_trigger_target_dag.py
[2024-08-16T13:50:20.890+0000] {processor.py:914} INFO - Processing file /home/airflow/.local/lib/python3.12/site-packages/airflow/example_dags/example_trigger_target_dag.py for tasks to queue
[2024-08-16T13:50:20.893+0000] {logging_mixin.py:190} INFO - [2024-08-16T13:50:20.893+0000] {dagbag.py:587} INFO - Filling up the DagBag from /home/airflow/.local/lib/python3.12/site-packages/airflow/example_dags/example_trigger_target_dag.py
[2024-08-16T13:50:20.903+0000] {processor.py:925} INFO - DAG(s) 'example_trigger_target_dag' retrieved from /home/airflow/.local/lib/python3.12/site-packages/airflow/example_dags/example_trigger_target_dag.py
[2024-08-16T13:50:20.926+0000] {logging_mixin.py:190} INFO - [2024-08-16T13:50:20.926+0000] {dag.py:3211} INFO - Sync 1 DAGs
[2024-08-16T13:50:21.136+0000] {logging_mixin.py:190} INFO - [2024-08-16T13:50:21.136+0000] {dag.py:4138} INFO - Setting next_dagrun for example_trigger_target_dag to None, run_after=None
[2024-08-16T13:50:21.158+0000] {processor.py:208} INFO - Processing /home/airflow/.local/lib/python3.12/site-packages/airflow/example_dags/example_trigger_target_dag.py took 0.275 seconds
