[2024-08-16T13:18:48.089+0000] {processor.py:186} INFO - Started process (PID=380) to work on /home/airflow/.local/lib/python3.12/site-packages/airflow/example_dags/example_xcomargs.py
[2024-08-16T13:18:48.090+0000] {processor.py:914} INFO - Processing file /home/airflow/.local/lib/python3.12/site-packages/airflow/example_dags/example_xcomargs.py for tasks to queue
[2024-08-16T13:18:48.094+0000] {logging_mixin.py:190} INFO - [2024-08-16T13:18:48.093+0000] {dagbag.py:587} INFO - Filling up the DagBag from /home/airflow/.local/lib/python3.12/site-packages/airflow/example_dags/example_xcomargs.py
[2024-08-16T13:18:48.112+0000] {processor.py:925} INFO - DAG(s) 'example_xcom_args', 'example_xcom_args_with_operators' retrieved from /home/airflow/.local/lib/python3.12/site-packages/airflow/example_dags/example_xcomargs.py
[2024-08-16T13:18:48.262+0000] {logging_mixin.py:190} INFO - [2024-08-16T13:18:48.262+0000] {override.py:1858} INFO - Created Permission View: can read on DAG:example_xcom_args
[2024-08-16T13:18:48.278+0000] {logging_mixin.py:190} INFO - [2024-08-16T13:18:48.277+0000] {override.py:1858} INFO - Created Permission View: can edit on DAG:example_xcom_args
[2024-08-16T13:18:48.294+0000] {logging_mixin.py:190} INFO - [2024-08-16T13:18:48.294+0000] {override.py:1858} INFO - Created Permission View: can delete on DAG:example_xcom_args
[2024-08-16T13:18:48.313+0000] {logging_mixin.py:190} INFO - [2024-08-16T13:18:48.313+0000] {override.py:1858} INFO - Created Permission View: can read on DAG:example_xcom_args_with_operators
[2024-08-16T13:18:48.324+0000] {logging_mixin.py:190} INFO - [2024-08-16T13:18:48.323+0000] {override.py:1858} INFO - Created Permission View: can edit on DAG:example_xcom_args_with_operators
[2024-08-16T13:18:48.336+0000] {logging_mixin.py:190} INFO - [2024-08-16T13:18:48.335+0000] {override.py:1858} INFO - Created Permission View: can delete on DAG:example_xcom_args_with_operators
[2024-08-16T13:18:48.337+0000] {logging_mixin.py:190} INFO - [2024-08-16T13:18:48.336+0000] {dag.py:3211} INFO - Sync 2 DAGs
[2024-08-16T13:18:48.360+0000] {logging_mixin.py:190} INFO - [2024-08-16T13:18:48.359+0000] {dag.py:3234} INFO - Creating ORM DAG for example_xcom_args
[2024-08-16T13:18:48.361+0000] {logging_mixin.py:190} INFO - [2024-08-16T13:18:48.360+0000] {dag.py:3234} INFO - Creating ORM DAG for example_xcom_args_with_operators
[2024-08-16T13:18:48.361+0000] {logging_mixin.py:190} INFO - [2024-08-16T13:18:48.361+0000] {dag.py:4138} INFO - Setting next_dagrun for example_xcom_args to None, run_after=None
[2024-08-16T13:18:48.362+0000] {logging_mixin.py:190} INFO - [2024-08-16T13:18:48.362+0000] {dag.py:4138} INFO - Setting next_dagrun for example_xcom_args_with_operators to None, run_after=None
[2024-08-16T13:18:48.393+0000] {processor.py:208} INFO - Processing /home/airflow/.local/lib/python3.12/site-packages/airflow/example_dags/example_xcomargs.py took 0.315 seconds
[2024-08-16T13:19:18.470+0000] {processor.py:186} INFO - Started process (PID=666) to work on /home/airflow/.local/lib/python3.12/site-packages/airflow/example_dags/example_xcomargs.py
[2024-08-16T13:19:18.471+0000] {processor.py:914} INFO - Processing file /home/airflow/.local/lib/python3.12/site-packages/airflow/example_dags/example_xcomargs.py for tasks to queue
[2024-08-16T13:19:18.474+0000] {logging_mixin.py:190} INFO - [2024-08-16T13:19:18.473+0000] {dagbag.py:587} INFO - Filling up the DagBag from /home/airflow/.local/lib/python3.12/site-packages/airflow/example_dags/example_xcomargs.py
[2024-08-16T13:19:18.484+0000] {processor.py:925} INFO - DAG(s) 'example_xcom_args_with_operators', 'example_xcom_args' retrieved from /home/airflow/.local/lib/python3.12/site-packages/airflow/example_dags/example_xcomargs.py
[2024-08-16T13:19:18.510+0000] {logging_mixin.py:190} INFO - [2024-08-16T13:19:18.509+0000] {dag.py:3211} INFO - Sync 2 DAGs
[2024-08-16T13:19:18.525+0000] {logging_mixin.py:190} INFO - [2024-08-16T13:19:18.525+0000] {dag.py:4138} INFO - Setting next_dagrun for example_xcom_args to None, run_after=None
[2024-08-16T13:19:18.529+0000] {logging_mixin.py:190} INFO - [2024-08-16T13:19:18.529+0000] {dag.py:4138} INFO - Setting next_dagrun for example_xcom_args_with_operators to None, run_after=None
[2024-08-16T13:19:18.546+0000] {processor.py:208} INFO - Processing /home/airflow/.local/lib/python3.12/site-packages/airflow/example_dags/example_xcomargs.py took 0.083 seconds
[2024-08-16T13:19:49.254+0000] {processor.py:186} INFO - Started process (PID=952) to work on /home/airflow/.local/lib/python3.12/site-packages/airflow/example_dags/example_xcomargs.py
[2024-08-16T13:19:49.255+0000] {processor.py:914} INFO - Processing file /home/airflow/.local/lib/python3.12/site-packages/airflow/example_dags/example_xcomargs.py for tasks to queue
[2024-08-16T13:19:49.258+0000] {logging_mixin.py:190} INFO - [2024-08-16T13:19:49.257+0000] {dagbag.py:587} INFO - Filling up the DagBag from /home/airflow/.local/lib/python3.12/site-packages/airflow/example_dags/example_xcomargs.py
[2024-08-16T13:19:49.274+0000] {processor.py:925} INFO - DAG(s) 'example_xcom_args', 'example_xcom_args_with_operators' retrieved from /home/airflow/.local/lib/python3.12/site-packages/airflow/example_dags/example_xcomargs.py
[2024-08-16T13:19:49.311+0000] {logging_mixin.py:190} INFO - [2024-08-16T13:19:49.311+0000] {dag.py:3211} INFO - Sync 2 DAGs
[2024-08-16T13:19:49.337+0000] {logging_mixin.py:190} INFO - [2024-08-16T13:19:49.337+0000] {dag.py:4138} INFO - Setting next_dagrun for example_xcom_args to None, run_after=None
[2024-08-16T13:19:49.343+0000] {logging_mixin.py:190} INFO - [2024-08-16T13:19:49.343+0000] {dag.py:4138} INFO - Setting next_dagrun for example_xcom_args_with_operators to None, run_after=None
[2024-08-16T13:19:49.369+0000] {processor.py:208} INFO - Processing /home/airflow/.local/lib/python3.12/site-packages/airflow/example_dags/example_xcomargs.py took 0.125 seconds
[2024-08-16T13:20:19.914+0000] {processor.py:186} INFO - Started process (PID=1238) to work on /home/airflow/.local/lib/python3.12/site-packages/airflow/example_dags/example_xcomargs.py
[2024-08-16T13:20:19.916+0000] {processor.py:914} INFO - Processing file /home/airflow/.local/lib/python3.12/site-packages/airflow/example_dags/example_xcomargs.py for tasks to queue
[2024-08-16T13:20:19.918+0000] {logging_mixin.py:190} INFO - [2024-08-16T13:20:19.918+0000] {dagbag.py:587} INFO - Filling up the DagBag from /home/airflow/.local/lib/python3.12/site-packages/airflow/example_dags/example_xcomargs.py
[2024-08-16T13:20:19.928+0000] {processor.py:925} INFO - DAG(s) 'example_xcom_args', 'example_xcom_args_with_operators' retrieved from /home/airflow/.local/lib/python3.12/site-packages/airflow/example_dags/example_xcomargs.py
[2024-08-16T13:20:19.955+0000] {logging_mixin.py:190} INFO - [2024-08-16T13:20:19.955+0000] {dag.py:3211} INFO - Sync 2 DAGs
[2024-08-16T13:20:19.973+0000] {logging_mixin.py:190} INFO - [2024-08-16T13:20:19.973+0000] {dag.py:4138} INFO - Setting next_dagrun for example_xcom_args to None, run_after=None
[2024-08-16T13:20:19.978+0000] {logging_mixin.py:190} INFO - [2024-08-16T13:20:19.978+0000] {dag.py:4138} INFO - Setting next_dagrun for example_xcom_args_with_operators to None, run_after=None
[2024-08-16T13:20:20.019+0000] {processor.py:208} INFO - Processing /home/airflow/.local/lib/python3.12/site-packages/airflow/example_dags/example_xcomargs.py took 0.111 seconds
[2024-08-16T13:20:50.160+0000] {processor.py:186} INFO - Started process (PID=1519) to work on /home/airflow/.local/lib/python3.12/site-packages/airflow/example_dags/example_xcomargs.py
[2024-08-16T13:20:50.161+0000] {processor.py:914} INFO - Processing file /home/airflow/.local/lib/python3.12/site-packages/airflow/example_dags/example_xcomargs.py for tasks to queue
[2024-08-16T13:20:50.164+0000] {logging_mixin.py:190} INFO - [2024-08-16T13:20:50.164+0000] {dagbag.py:587} INFO - Filling up the DagBag from /home/airflow/.local/lib/python3.12/site-packages/airflow/example_dags/example_xcomargs.py
[2024-08-16T13:20:50.174+0000] {processor.py:925} INFO - DAG(s) 'example_xcom_args', 'example_xcom_args_with_operators' retrieved from /home/airflow/.local/lib/python3.12/site-packages/airflow/example_dags/example_xcomargs.py
[2024-08-16T13:20:50.203+0000] {logging_mixin.py:190} INFO - [2024-08-16T13:20:50.202+0000] {dag.py:3211} INFO - Sync 2 DAGs
[2024-08-16T13:20:50.219+0000] {logging_mixin.py:190} INFO - [2024-08-16T13:20:50.219+0000] {dag.py:4138} INFO - Setting next_dagrun for example_xcom_args to None, run_after=None
[2024-08-16T13:20:50.223+0000] {logging_mixin.py:190} INFO - [2024-08-16T13:20:50.223+0000] {dag.py:4138} INFO - Setting next_dagrun for example_xcom_args_with_operators to None, run_after=None
[2024-08-16T13:20:50.241+0000] {processor.py:208} INFO - Processing /home/airflow/.local/lib/python3.12/site-packages/airflow/example_dags/example_xcomargs.py took 0.087 seconds
[2024-08-16T13:21:20.714+0000] {processor.py:186} INFO - Started process (PID=1807) to work on /home/airflow/.local/lib/python3.12/site-packages/airflow/example_dags/example_xcomargs.py
[2024-08-16T13:21:20.715+0000] {processor.py:914} INFO - Processing file /home/airflow/.local/lib/python3.12/site-packages/airflow/example_dags/example_xcomargs.py for tasks to queue
[2024-08-16T13:21:20.717+0000] {logging_mixin.py:190} INFO - [2024-08-16T13:21:20.717+0000] {dagbag.py:587} INFO - Filling up the DagBag from /home/airflow/.local/lib/python3.12/site-packages/airflow/example_dags/example_xcomargs.py
[2024-08-16T13:21:20.727+0000] {processor.py:925} INFO - DAG(s) 'example_xcom_args_with_operators', 'example_xcom_args' retrieved from /home/airflow/.local/lib/python3.12/site-packages/airflow/example_dags/example_xcomargs.py
[2024-08-16T13:21:20.752+0000] {logging_mixin.py:190} INFO - [2024-08-16T13:21:20.752+0000] {dag.py:3211} INFO - Sync 2 DAGs
[2024-08-16T13:21:20.769+0000] {logging_mixin.py:190} INFO - [2024-08-16T13:21:20.769+0000] {dag.py:4138} INFO - Setting next_dagrun for example_xcom_args to None, run_after=None
[2024-08-16T13:21:20.774+0000] {logging_mixin.py:190} INFO - [2024-08-16T13:21:20.773+0000] {dag.py:4138} INFO - Setting next_dagrun for example_xcom_args_with_operators to None, run_after=None
[2024-08-16T13:21:20.795+0000] {processor.py:208} INFO - Processing /home/airflow/.local/lib/python3.12/site-packages/airflow/example_dags/example_xcomargs.py took 0.088 seconds
[2024-08-16T13:21:50.890+0000] {processor.py:186} INFO - Started process (PID=2091) to work on /home/airflow/.local/lib/python3.12/site-packages/airflow/example_dags/example_xcomargs.py
[2024-08-16T13:21:50.891+0000] {processor.py:914} INFO - Processing file /home/airflow/.local/lib/python3.12/site-packages/airflow/example_dags/example_xcomargs.py for tasks to queue
[2024-08-16T13:21:50.894+0000] {logging_mixin.py:190} INFO - [2024-08-16T13:21:50.894+0000] {dagbag.py:587} INFO - Filling up the DagBag from /home/airflow/.local/lib/python3.12/site-packages/airflow/example_dags/example_xcomargs.py
[2024-08-16T13:21:50.906+0000] {processor.py:925} INFO - DAG(s) 'example_xcom_args_with_operators', 'example_xcom_args' retrieved from /home/airflow/.local/lib/python3.12/site-packages/airflow/example_dags/example_xcomargs.py
[2024-08-16T13:21:50.935+0000] {logging_mixin.py:190} INFO - [2024-08-16T13:21:50.934+0000] {dag.py:3211} INFO - Sync 2 DAGs
[2024-08-16T13:21:50.951+0000] {logging_mixin.py:190} INFO - [2024-08-16T13:21:50.951+0000] {dag.py:4138} INFO - Setting next_dagrun for example_xcom_args to None, run_after=None
[2024-08-16T13:21:50.955+0000] {logging_mixin.py:190} INFO - [2024-08-16T13:21:50.955+0000] {dag.py:4138} INFO - Setting next_dagrun for example_xcom_args_with_operators to None, run_after=None
[2024-08-16T13:21:50.974+0000] {processor.py:208} INFO - Processing /home/airflow/.local/lib/python3.12/site-packages/airflow/example_dags/example_xcomargs.py took 0.091 seconds
[2024-08-16T13:22:21.410+0000] {processor.py:186} INFO - Started process (PID=2377) to work on /home/airflow/.local/lib/python3.12/site-packages/airflow/example_dags/example_xcomargs.py
[2024-08-16T13:22:21.411+0000] {processor.py:914} INFO - Processing file /home/airflow/.local/lib/python3.12/site-packages/airflow/example_dags/example_xcomargs.py for tasks to queue
[2024-08-16T13:22:21.413+0000] {logging_mixin.py:190} INFO - [2024-08-16T13:22:21.413+0000] {dagbag.py:587} INFO - Filling up the DagBag from /home/airflow/.local/lib/python3.12/site-packages/airflow/example_dags/example_xcomargs.py
[2024-08-16T13:22:21.424+0000] {processor.py:925} INFO - DAG(s) 'example_xcom_args', 'example_xcom_args_with_operators' retrieved from /home/airflow/.local/lib/python3.12/site-packages/airflow/example_dags/example_xcomargs.py
[2024-08-16T13:22:21.451+0000] {logging_mixin.py:190} INFO - [2024-08-16T13:22:21.450+0000] {dag.py:3211} INFO - Sync 2 DAGs
[2024-08-16T13:22:21.466+0000] {logging_mixin.py:190} INFO - [2024-08-16T13:22:21.466+0000] {dag.py:4138} INFO - Setting next_dagrun for example_xcom_args to None, run_after=None
[2024-08-16T13:22:21.471+0000] {logging_mixin.py:190} INFO - [2024-08-16T13:22:21.470+0000] {dag.py:4138} INFO - Setting next_dagrun for example_xcom_args_with_operators to None, run_after=None
[2024-08-16T13:22:21.489+0000] {processor.py:208} INFO - Processing /home/airflow/.local/lib/python3.12/site-packages/airflow/example_dags/example_xcomargs.py took 0.086 seconds
[2024-08-16T13:22:51.763+0000] {processor.py:186} INFO - Started process (PID=2665) to work on /home/airflow/.local/lib/python3.12/site-packages/airflow/example_dags/example_xcomargs.py
[2024-08-16T13:22:51.764+0000] {processor.py:914} INFO - Processing file /home/airflow/.local/lib/python3.12/site-packages/airflow/example_dags/example_xcomargs.py for tasks to queue
[2024-08-16T13:22:51.766+0000] {logging_mixin.py:190} INFO - [2024-08-16T13:22:51.766+0000] {dagbag.py:587} INFO - Filling up the DagBag from /home/airflow/.local/lib/python3.12/site-packages/airflow/example_dags/example_xcomargs.py
[2024-08-16T13:22:51.776+0000] {processor.py:925} INFO - DAG(s) 'example_xcom_args_with_operators', 'example_xcom_args' retrieved from /home/airflow/.local/lib/python3.12/site-packages/airflow/example_dags/example_xcomargs.py
[2024-08-16T13:22:51.803+0000] {logging_mixin.py:190} INFO - [2024-08-16T13:22:51.803+0000] {dag.py:3211} INFO - Sync 2 DAGs
[2024-08-16T13:22:51.821+0000] {logging_mixin.py:190} INFO - [2024-08-16T13:22:51.821+0000] {dag.py:4138} INFO - Setting next_dagrun for example_xcom_args to None, run_after=None
[2024-08-16T13:22:51.825+0000] {logging_mixin.py:190} INFO - [2024-08-16T13:22:51.825+0000] {dag.py:4138} INFO - Setting next_dagrun for example_xcom_args_with_operators to None, run_after=None
[2024-08-16T13:22:51.842+0000] {processor.py:208} INFO - Processing /home/airflow/.local/lib/python3.12/site-packages/airflow/example_dags/example_xcomargs.py took 0.086 seconds
[2024-08-16T13:23:22.211+0000] {processor.py:186} INFO - Started process (PID=2951) to work on /home/airflow/.local/lib/python3.12/site-packages/airflow/example_dags/example_xcomargs.py
[2024-08-16T13:23:22.212+0000] {processor.py:914} INFO - Processing file /home/airflow/.local/lib/python3.12/site-packages/airflow/example_dags/example_xcomargs.py for tasks to queue
[2024-08-16T13:23:22.214+0000] {logging_mixin.py:190} INFO - [2024-08-16T13:23:22.214+0000] {dagbag.py:587} INFO - Filling up the DagBag from /home/airflow/.local/lib/python3.12/site-packages/airflow/example_dags/example_xcomargs.py
[2024-08-16T13:23:22.225+0000] {processor.py:925} INFO - DAG(s) 'example_xcom_args_with_operators', 'example_xcom_args' retrieved from /home/airflow/.local/lib/python3.12/site-packages/airflow/example_dags/example_xcomargs.py
[2024-08-16T13:23:22.251+0000] {logging_mixin.py:190} INFO - [2024-08-16T13:23:22.251+0000] {dag.py:3211} INFO - Sync 2 DAGs
[2024-08-16T13:23:22.269+0000] {logging_mixin.py:190} INFO - [2024-08-16T13:23:22.269+0000] {dag.py:4138} INFO - Setting next_dagrun for example_xcom_args to None, run_after=None
[2024-08-16T13:23:22.274+0000] {logging_mixin.py:190} INFO - [2024-08-16T13:23:22.273+0000] {dag.py:4138} INFO - Setting next_dagrun for example_xcom_args_with_operators to None, run_after=None
[2024-08-16T13:23:22.293+0000] {processor.py:208} INFO - Processing /home/airflow/.local/lib/python3.12/site-packages/airflow/example_dags/example_xcomargs.py took 0.089 seconds
[2024-08-16T13:23:52.366+0000] {processor.py:186} INFO - Started process (PID=3235) to work on /home/airflow/.local/lib/python3.12/site-packages/airflow/example_dags/example_xcomargs.py
[2024-08-16T13:23:52.368+0000] {processor.py:914} INFO - Processing file /home/airflow/.local/lib/python3.12/site-packages/airflow/example_dags/example_xcomargs.py for tasks to queue
[2024-08-16T13:23:52.370+0000] {logging_mixin.py:190} INFO - [2024-08-16T13:23:52.370+0000] {dagbag.py:587} INFO - Filling up the DagBag from /home/airflow/.local/lib/python3.12/site-packages/airflow/example_dags/example_xcomargs.py
[2024-08-16T13:23:52.381+0000] {processor.py:925} INFO - DAG(s) 'example_xcom_args', 'example_xcom_args_with_operators' retrieved from /home/airflow/.local/lib/python3.12/site-packages/airflow/example_dags/example_xcomargs.py
[2024-08-16T13:23:52.406+0000] {logging_mixin.py:190} INFO - [2024-08-16T13:23:52.406+0000] {dag.py:3211} INFO - Sync 2 DAGs
[2024-08-16T13:23:52.422+0000] {logging_mixin.py:190} INFO - [2024-08-16T13:23:52.422+0000] {dag.py:4138} INFO - Setting next_dagrun for example_xcom_args to None, run_after=None
[2024-08-16T13:23:52.426+0000] {logging_mixin.py:190} INFO - [2024-08-16T13:23:52.426+0000] {dag.py:4138} INFO - Setting next_dagrun for example_xcom_args_with_operators to None, run_after=None
[2024-08-16T13:23:52.445+0000] {processor.py:208} INFO - Processing /home/airflow/.local/lib/python3.12/site-packages/airflow/example_dags/example_xcomargs.py took 0.085 seconds
[2024-08-16T13:24:22.685+0000] {processor.py:186} INFO - Started process (PID=3523) to work on /home/airflow/.local/lib/python3.12/site-packages/airflow/example_dags/example_xcomargs.py
[2024-08-16T13:24:22.686+0000] {processor.py:914} INFO - Processing file /home/airflow/.local/lib/python3.12/site-packages/airflow/example_dags/example_xcomargs.py for tasks to queue
[2024-08-16T13:24:22.688+0000] {logging_mixin.py:190} INFO - [2024-08-16T13:24:22.688+0000] {dagbag.py:587} INFO - Filling up the DagBag from /home/airflow/.local/lib/python3.12/site-packages/airflow/example_dags/example_xcomargs.py
[2024-08-16T13:24:22.699+0000] {processor.py:925} INFO - DAG(s) 'example_xcom_args', 'example_xcom_args_with_operators' retrieved from /home/airflow/.local/lib/python3.12/site-packages/airflow/example_dags/example_xcomargs.py
[2024-08-16T13:24:22.725+0000] {logging_mixin.py:190} INFO - [2024-08-16T13:24:22.725+0000] {dag.py:3211} INFO - Sync 2 DAGs
[2024-08-16T13:24:22.741+0000] {logging_mixin.py:190} INFO - [2024-08-16T13:24:22.741+0000] {dag.py:4138} INFO - Setting next_dagrun for example_xcom_args to None, run_after=None
[2024-08-16T13:24:22.745+0000] {logging_mixin.py:190} INFO - [2024-08-16T13:24:22.745+0000] {dag.py:4138} INFO - Setting next_dagrun for example_xcom_args_with_operators to None, run_after=None
[2024-08-16T13:24:22.760+0000] {processor.py:208} INFO - Processing /home/airflow/.local/lib/python3.12/site-packages/airflow/example_dags/example_xcomargs.py took 0.082 seconds
[2024-08-16T13:24:53.081+0000] {processor.py:186} INFO - Started process (PID=3807) to work on /home/airflow/.local/lib/python3.12/site-packages/airflow/example_dags/example_xcomargs.py
[2024-08-16T13:24:53.082+0000] {processor.py:914} INFO - Processing file /home/airflow/.local/lib/python3.12/site-packages/airflow/example_dags/example_xcomargs.py for tasks to queue
[2024-08-16T13:24:53.084+0000] {logging_mixin.py:190} INFO - [2024-08-16T13:24:53.084+0000] {dagbag.py:587} INFO - Filling up the DagBag from /home/airflow/.local/lib/python3.12/site-packages/airflow/example_dags/example_xcomargs.py
[2024-08-16T13:24:53.096+0000] {processor.py:925} INFO - DAG(s) 'example_xcom_args', 'example_xcom_args_with_operators' retrieved from /home/airflow/.local/lib/python3.12/site-packages/airflow/example_dags/example_xcomargs.py
[2024-08-16T13:24:53.121+0000] {logging_mixin.py:190} INFO - [2024-08-16T13:24:53.120+0000] {dag.py:3211} INFO - Sync 2 DAGs
[2024-08-16T13:24:53.138+0000] {logging_mixin.py:190} INFO - [2024-08-16T13:24:53.138+0000] {dag.py:4138} INFO - Setting next_dagrun for example_xcom_args to None, run_after=None
[2024-08-16T13:24:53.143+0000] {logging_mixin.py:190} INFO - [2024-08-16T13:24:53.143+0000] {dag.py:4138} INFO - Setting next_dagrun for example_xcom_args_with_operators to None, run_after=None
[2024-08-16T13:24:53.160+0000] {processor.py:208} INFO - Processing /home/airflow/.local/lib/python3.12/site-packages/airflow/example_dags/example_xcomargs.py took 0.086 seconds
[2024-08-16T13:25:23.341+0000] {processor.py:186} INFO - Started process (PID=4093) to work on /home/airflow/.local/lib/python3.12/site-packages/airflow/example_dags/example_xcomargs.py
[2024-08-16T13:25:23.342+0000] {processor.py:914} INFO - Processing file /home/airflow/.local/lib/python3.12/site-packages/airflow/example_dags/example_xcomargs.py for tasks to queue
[2024-08-16T13:25:23.345+0000] {logging_mixin.py:190} INFO - [2024-08-16T13:25:23.344+0000] {dagbag.py:587} INFO - Filling up the DagBag from /home/airflow/.local/lib/python3.12/site-packages/airflow/example_dags/example_xcomargs.py
[2024-08-16T13:25:23.355+0000] {processor.py:925} INFO - DAG(s) 'example_xcom_args', 'example_xcom_args_with_operators' retrieved from /home/airflow/.local/lib/python3.12/site-packages/airflow/example_dags/example_xcomargs.py
[2024-08-16T13:25:23.382+0000] {logging_mixin.py:190} INFO - [2024-08-16T13:25:23.381+0000] {dag.py:3211} INFO - Sync 2 DAGs
[2024-08-16T13:25:23.398+0000] {logging_mixin.py:190} INFO - [2024-08-16T13:25:23.398+0000] {dag.py:4138} INFO - Setting next_dagrun for example_xcom_args to None, run_after=None
[2024-08-16T13:25:23.402+0000] {logging_mixin.py:190} INFO - [2024-08-16T13:25:23.402+0000] {dag.py:4138} INFO - Setting next_dagrun for example_xcom_args_with_operators to None, run_after=None
[2024-08-16T13:25:23.420+0000] {processor.py:208} INFO - Processing /home/airflow/.local/lib/python3.12/site-packages/airflow/example_dags/example_xcomargs.py took 0.085 seconds
[2024-08-16T13:25:53.835+0000] {processor.py:186} INFO - Started process (PID=4381) to work on /home/airflow/.local/lib/python3.12/site-packages/airflow/example_dags/example_xcomargs.py
[2024-08-16T13:25:53.836+0000] {processor.py:914} INFO - Processing file /home/airflow/.local/lib/python3.12/site-packages/airflow/example_dags/example_xcomargs.py for tasks to queue
[2024-08-16T13:25:53.838+0000] {logging_mixin.py:190} INFO - [2024-08-16T13:25:53.838+0000] {dagbag.py:587} INFO - Filling up the DagBag from /home/airflow/.local/lib/python3.12/site-packages/airflow/example_dags/example_xcomargs.py
[2024-08-16T13:25:53.848+0000] {processor.py:925} INFO - DAG(s) 'example_xcom_args_with_operators', 'example_xcom_args' retrieved from /home/airflow/.local/lib/python3.12/site-packages/airflow/example_dags/example_xcomargs.py
[2024-08-16T13:25:53.872+0000] {logging_mixin.py:190} INFO - [2024-08-16T13:25:53.872+0000] {dag.py:3211} INFO - Sync 2 DAGs
[2024-08-16T13:25:53.889+0000] {logging_mixin.py:190} INFO - [2024-08-16T13:25:53.889+0000] {dag.py:4138} INFO - Setting next_dagrun for example_xcom_args to None, run_after=None
[2024-08-16T13:25:53.893+0000] {logging_mixin.py:190} INFO - [2024-08-16T13:25:53.893+0000] {dag.py:4138} INFO - Setting next_dagrun for example_xcom_args_with_operators to None, run_after=None
[2024-08-16T13:25:53.909+0000] {processor.py:208} INFO - Processing /home/airflow/.local/lib/python3.12/site-packages/airflow/example_dags/example_xcomargs.py took 0.080 seconds
[2024-08-16T13:26:24.312+0000] {processor.py:186} INFO - Started process (PID=4667) to work on /home/airflow/.local/lib/python3.12/site-packages/airflow/example_dags/example_xcomargs.py
[2024-08-16T13:26:24.313+0000] {processor.py:914} INFO - Processing file /home/airflow/.local/lib/python3.12/site-packages/airflow/example_dags/example_xcomargs.py for tasks to queue
[2024-08-16T13:26:24.316+0000] {logging_mixin.py:190} INFO - [2024-08-16T13:26:24.315+0000] {dagbag.py:587} INFO - Filling up the DagBag from /home/airflow/.local/lib/python3.12/site-packages/airflow/example_dags/example_xcomargs.py
[2024-08-16T13:26:24.326+0000] {processor.py:925} INFO - DAG(s) 'example_xcom_args', 'example_xcom_args_with_operators' retrieved from /home/airflow/.local/lib/python3.12/site-packages/airflow/example_dags/example_xcomargs.py
[2024-08-16T13:26:24.351+0000] {logging_mixin.py:190} INFO - [2024-08-16T13:26:24.351+0000] {dag.py:3211} INFO - Sync 2 DAGs
[2024-08-16T13:26:24.369+0000] {logging_mixin.py:190} INFO - [2024-08-16T13:26:24.368+0000] {dag.py:4138} INFO - Setting next_dagrun for example_xcom_args to None, run_after=None
[2024-08-16T13:26:24.373+0000] {logging_mixin.py:190} INFO - [2024-08-16T13:26:24.373+0000] {dag.py:4138} INFO - Setting next_dagrun for example_xcom_args_with_operators to None, run_after=None
[2024-08-16T13:26:24.390+0000] {processor.py:208} INFO - Processing /home/airflow/.local/lib/python3.12/site-packages/airflow/example_dags/example_xcomargs.py took 0.083 seconds
[2024-08-16T13:26:54.820+0000] {processor.py:186} INFO - Started process (PID=4951) to work on /home/airflow/.local/lib/python3.12/site-packages/airflow/example_dags/example_xcomargs.py
[2024-08-16T13:26:54.821+0000] {processor.py:914} INFO - Processing file /home/airflow/.local/lib/python3.12/site-packages/airflow/example_dags/example_xcomargs.py for tasks to queue
[2024-08-16T13:26:54.824+0000] {logging_mixin.py:190} INFO - [2024-08-16T13:26:54.823+0000] {dagbag.py:587} INFO - Filling up the DagBag from /home/airflow/.local/lib/python3.12/site-packages/airflow/example_dags/example_xcomargs.py
[2024-08-16T13:26:54.837+0000] {processor.py:925} INFO - DAG(s) 'example_xcom_args_with_operators', 'example_xcom_args' retrieved from /home/airflow/.local/lib/python3.12/site-packages/airflow/example_dags/example_xcomargs.py
[2024-08-16T13:26:54.862+0000] {logging_mixin.py:190} INFO - [2024-08-16T13:26:54.862+0000] {dag.py:3211} INFO - Sync 2 DAGs
[2024-08-16T13:26:54.878+0000] {logging_mixin.py:190} INFO - [2024-08-16T13:26:54.878+0000] {dag.py:4138} INFO - Setting next_dagrun for example_xcom_args to None, run_after=None
[2024-08-16T13:26:54.883+0000] {logging_mixin.py:190} INFO - [2024-08-16T13:26:54.882+0000] {dag.py:4138} INFO - Setting next_dagrun for example_xcom_args_with_operators to None, run_after=None
[2024-08-16T13:26:54.900+0000] {processor.py:208} INFO - Processing /home/airflow/.local/lib/python3.12/site-packages/airflow/example_dags/example_xcomargs.py took 0.089 seconds
[2024-08-16T13:27:25.176+0000] {processor.py:186} INFO - Started process (PID=5238) to work on /home/airflow/.local/lib/python3.12/site-packages/airflow/example_dags/example_xcomargs.py
[2024-08-16T13:27:25.177+0000] {processor.py:914} INFO - Processing file /home/airflow/.local/lib/python3.12/site-packages/airflow/example_dags/example_xcomargs.py for tasks to queue
[2024-08-16T13:27:25.180+0000] {logging_mixin.py:190} INFO - [2024-08-16T13:27:25.179+0000] {dagbag.py:587} INFO - Filling up the DagBag from /home/airflow/.local/lib/python3.12/site-packages/airflow/example_dags/example_xcomargs.py
[2024-08-16T13:27:25.192+0000] {processor.py:925} INFO - DAG(s) 'example_xcom_args', 'example_xcom_args_with_operators' retrieved from /home/airflow/.local/lib/python3.12/site-packages/airflow/example_dags/example_xcomargs.py
[2024-08-16T13:27:25.219+0000] {logging_mixin.py:190} INFO - [2024-08-16T13:27:25.219+0000] {dag.py:3211} INFO - Sync 2 DAGs
[2024-08-16T13:27:25.236+0000] {logging_mixin.py:190} INFO - [2024-08-16T13:27:25.236+0000] {dag.py:4138} INFO - Setting next_dagrun for example_xcom_args to None, run_after=None
[2024-08-16T13:27:25.240+0000] {logging_mixin.py:190} INFO - [2024-08-16T13:27:25.240+0000] {dag.py:4138} INFO - Setting next_dagrun for example_xcom_args_with_operators to None, run_after=None
[2024-08-16T13:27:25.257+0000] {processor.py:208} INFO - Processing /home/airflow/.local/lib/python3.12/site-packages/airflow/example_dags/example_xcomargs.py took 0.088 seconds
[2024-08-16T13:27:55.590+0000] {processor.py:186} INFO - Started process (PID=5524) to work on /home/airflow/.local/lib/python3.12/site-packages/airflow/example_dags/example_xcomargs.py
[2024-08-16T13:27:55.592+0000] {processor.py:914} INFO - Processing file /home/airflow/.local/lib/python3.12/site-packages/airflow/example_dags/example_xcomargs.py for tasks to queue
[2024-08-16T13:27:55.595+0000] {logging_mixin.py:190} INFO - [2024-08-16T13:27:55.594+0000] {dagbag.py:587} INFO - Filling up the DagBag from /home/airflow/.local/lib/python3.12/site-packages/airflow/example_dags/example_xcomargs.py
[2024-08-16T13:27:55.606+0000] {processor.py:925} INFO - DAG(s) 'example_xcom_args_with_operators', 'example_xcom_args' retrieved from /home/airflow/.local/lib/python3.12/site-packages/airflow/example_dags/example_xcomargs.py
[2024-08-16T13:27:55.632+0000] {logging_mixin.py:190} INFO - [2024-08-16T13:27:55.632+0000] {dag.py:3211} INFO - Sync 2 DAGs
[2024-08-16T13:27:55.650+0000] {logging_mixin.py:190} INFO - [2024-08-16T13:27:55.650+0000] {dag.py:4138} INFO - Setting next_dagrun for example_xcom_args to None, run_after=None
[2024-08-16T13:27:55.655+0000] {logging_mixin.py:190} INFO - [2024-08-16T13:27:55.655+0000] {dag.py:4138} INFO - Setting next_dagrun for example_xcom_args_with_operators to None, run_after=None
[2024-08-16T13:27:55.675+0000] {processor.py:208} INFO - Processing /home/airflow/.local/lib/python3.12/site-packages/airflow/example_dags/example_xcomargs.py took 0.090 seconds
[2024-08-16T13:28:26.323+0000] {processor.py:186} INFO - Started process (PID=5812) to work on /home/airflow/.local/lib/python3.12/site-packages/airflow/example_dags/example_xcomargs.py
[2024-08-16T13:28:26.324+0000] {processor.py:914} INFO - Processing file /home/airflow/.local/lib/python3.12/site-packages/airflow/example_dags/example_xcomargs.py for tasks to queue
[2024-08-16T13:28:26.327+0000] {logging_mixin.py:190} INFO - [2024-08-16T13:28:26.327+0000] {dagbag.py:587} INFO - Filling up the DagBag from /home/airflow/.local/lib/python3.12/site-packages/airflow/example_dags/example_xcomargs.py
[2024-08-16T13:28:26.338+0000] {processor.py:925} INFO - DAG(s) 'example_xcom_args', 'example_xcom_args_with_operators' retrieved from /home/airflow/.local/lib/python3.12/site-packages/airflow/example_dags/example_xcomargs.py
[2024-08-16T13:28:26.365+0000] {logging_mixin.py:190} INFO - [2024-08-16T13:28:26.365+0000] {dag.py:3211} INFO - Sync 2 DAGs
[2024-08-16T13:28:26.382+0000] {logging_mixin.py:190} INFO - [2024-08-16T13:28:26.382+0000] {dag.py:4138} INFO - Setting next_dagrun for example_xcom_args to None, run_after=None
[2024-08-16T13:28:26.386+0000] {logging_mixin.py:190} INFO - [2024-08-16T13:28:26.386+0000] {dag.py:4138} INFO - Setting next_dagrun for example_xcom_args_with_operators to None, run_after=None
[2024-08-16T13:28:26.412+0000] {processor.py:208} INFO - Processing /home/airflow/.local/lib/python3.12/site-packages/airflow/example_dags/example_xcomargs.py took 0.096 seconds
[2024-08-16T13:28:56.776+0000] {processor.py:186} INFO - Started process (PID=6098) to work on /home/airflow/.local/lib/python3.12/site-packages/airflow/example_dags/example_xcomargs.py
[2024-08-16T13:28:56.777+0000] {processor.py:914} INFO - Processing file /home/airflow/.local/lib/python3.12/site-packages/airflow/example_dags/example_xcomargs.py for tasks to queue
[2024-08-16T13:28:56.780+0000] {logging_mixin.py:190} INFO - [2024-08-16T13:28:56.779+0000] {dagbag.py:587} INFO - Filling up the DagBag from /home/airflow/.local/lib/python3.12/site-packages/airflow/example_dags/example_xcomargs.py
[2024-08-16T13:28:56.792+0000] {processor.py:925} INFO - DAG(s) 'example_xcom_args_with_operators', 'example_xcom_args' retrieved from /home/airflow/.local/lib/python3.12/site-packages/airflow/example_dags/example_xcomargs.py
[2024-08-16T13:28:56.818+0000] {logging_mixin.py:190} INFO - [2024-08-16T13:28:56.818+0000] {dag.py:3211} INFO - Sync 2 DAGs
[2024-08-16T13:28:56.835+0000] {logging_mixin.py:190} INFO - [2024-08-16T13:28:56.834+0000] {dag.py:4138} INFO - Setting next_dagrun for example_xcom_args to None, run_after=None
[2024-08-16T13:28:56.840+0000] {logging_mixin.py:190} INFO - [2024-08-16T13:28:56.839+0000] {dag.py:4138} INFO - Setting next_dagrun for example_xcom_args_with_operators to None, run_after=None
[2024-08-16T13:28:56.857+0000] {processor.py:208} INFO - Processing /home/airflow/.local/lib/python3.12/site-packages/airflow/example_dags/example_xcomargs.py took 0.089 seconds
[2024-08-16T13:29:27.230+0000] {processor.py:186} INFO - Started process (PID=6382) to work on /home/airflow/.local/lib/python3.12/site-packages/airflow/example_dags/example_xcomargs.py
[2024-08-16T13:29:27.231+0000] {processor.py:914} INFO - Processing file /home/airflow/.local/lib/python3.12/site-packages/airflow/example_dags/example_xcomargs.py for tasks to queue
[2024-08-16T13:29:27.233+0000] {logging_mixin.py:190} INFO - [2024-08-16T13:29:27.233+0000] {dagbag.py:587} INFO - Filling up the DagBag from /home/airflow/.local/lib/python3.12/site-packages/airflow/example_dags/example_xcomargs.py
[2024-08-16T13:29:27.245+0000] {processor.py:925} INFO - DAG(s) 'example_xcom_args_with_operators', 'example_xcom_args' retrieved from /home/airflow/.local/lib/python3.12/site-packages/airflow/example_dags/example_xcomargs.py
[2024-08-16T13:29:27.272+0000] {logging_mixin.py:190} INFO - [2024-08-16T13:29:27.271+0000] {dag.py:3211} INFO - Sync 2 DAGs
[2024-08-16T13:29:27.287+0000] {logging_mixin.py:190} INFO - [2024-08-16T13:29:27.287+0000] {dag.py:4138} INFO - Setting next_dagrun for example_xcom_args to None, run_after=None
[2024-08-16T13:29:27.291+0000] {logging_mixin.py:190} INFO - [2024-08-16T13:29:27.291+0000] {dag.py:4138} INFO - Setting next_dagrun for example_xcom_args_with_operators to None, run_after=None
[2024-08-16T13:29:27.311+0000] {processor.py:208} INFO - Processing /home/airflow/.local/lib/python3.12/site-packages/airflow/example_dags/example_xcomargs.py took 0.087 seconds
[2024-08-16T13:29:57.561+0000] {processor.py:186} INFO - Started process (PID=6668) to work on /home/airflow/.local/lib/python3.12/site-packages/airflow/example_dags/example_xcomargs.py
[2024-08-16T13:29:57.562+0000] {processor.py:914} INFO - Processing file /home/airflow/.local/lib/python3.12/site-packages/airflow/example_dags/example_xcomargs.py for tasks to queue
[2024-08-16T13:29:57.564+0000] {logging_mixin.py:190} INFO - [2024-08-16T13:29:57.564+0000] {dagbag.py:587} INFO - Filling up the DagBag from /home/airflow/.local/lib/python3.12/site-packages/airflow/example_dags/example_xcomargs.py
[2024-08-16T13:29:57.575+0000] {processor.py:925} INFO - DAG(s) 'example_xcom_args', 'example_xcom_args_with_operators' retrieved from /home/airflow/.local/lib/python3.12/site-packages/airflow/example_dags/example_xcomargs.py
[2024-08-16T13:29:57.603+0000] {logging_mixin.py:190} INFO - [2024-08-16T13:29:57.603+0000] {dag.py:3211} INFO - Sync 2 DAGs
[2024-08-16T13:29:57.622+0000] {logging_mixin.py:190} INFO - [2024-08-16T13:29:57.622+0000] {dag.py:4138} INFO - Setting next_dagrun for example_xcom_args to None, run_after=None
[2024-08-16T13:29:57.626+0000] {logging_mixin.py:190} INFO - [2024-08-16T13:29:57.626+0000] {dag.py:4138} INFO - Setting next_dagrun for example_xcom_args_with_operators to None, run_after=None
[2024-08-16T13:29:57.643+0000] {processor.py:208} INFO - Processing /home/airflow/.local/lib/python3.12/site-packages/airflow/example_dags/example_xcomargs.py took 0.089 seconds
[2024-08-16T13:30:28.110+0000] {processor.py:186} INFO - Started process (PID=6955) to work on /home/airflow/.local/lib/python3.12/site-packages/airflow/example_dags/example_xcomargs.py
[2024-08-16T13:30:28.111+0000] {processor.py:914} INFO - Processing file /home/airflow/.local/lib/python3.12/site-packages/airflow/example_dags/example_xcomargs.py for tasks to queue
[2024-08-16T13:30:28.113+0000] {logging_mixin.py:190} INFO - [2024-08-16T13:30:28.113+0000] {dagbag.py:587} INFO - Filling up the DagBag from /home/airflow/.local/lib/python3.12/site-packages/airflow/example_dags/example_xcomargs.py
[2024-08-16T13:30:28.123+0000] {processor.py:925} INFO - DAG(s) 'example_xcom_args_with_operators', 'example_xcom_args' retrieved from /home/airflow/.local/lib/python3.12/site-packages/airflow/example_dags/example_xcomargs.py
[2024-08-16T13:30:28.151+0000] {logging_mixin.py:190} INFO - [2024-08-16T13:30:28.150+0000] {dag.py:3211} INFO - Sync 2 DAGs
[2024-08-16T13:30:28.166+0000] {logging_mixin.py:190} INFO - [2024-08-16T13:30:28.166+0000] {dag.py:4138} INFO - Setting next_dagrun for example_xcom_args to None, run_after=None
[2024-08-16T13:30:28.170+0000] {logging_mixin.py:190} INFO - [2024-08-16T13:30:28.170+0000] {dag.py:4138} INFO - Setting next_dagrun for example_xcom_args_with_operators to None, run_after=None
[2024-08-16T13:30:28.188+0000] {processor.py:208} INFO - Processing /home/airflow/.local/lib/python3.12/site-packages/airflow/example_dags/example_xcomargs.py took 0.084 seconds
[2024-08-16T13:30:58.858+0000] {processor.py:186} INFO - Started process (PID=7243) to work on /home/airflow/.local/lib/python3.12/site-packages/airflow/example_dags/example_xcomargs.py
[2024-08-16T13:30:58.859+0000] {processor.py:914} INFO - Processing file /home/airflow/.local/lib/python3.12/site-packages/airflow/example_dags/example_xcomargs.py for tasks to queue
[2024-08-16T13:30:58.862+0000] {logging_mixin.py:190} INFO - [2024-08-16T13:30:58.862+0000] {dagbag.py:587} INFO - Filling up the DagBag from /home/airflow/.local/lib/python3.12/site-packages/airflow/example_dags/example_xcomargs.py
[2024-08-16T13:30:58.875+0000] {processor.py:925} INFO - DAG(s) 'example_xcom_args_with_operators', 'example_xcom_args' retrieved from /home/airflow/.local/lib/python3.12/site-packages/airflow/example_dags/example_xcomargs.py
[2024-08-16T13:30:58.907+0000] {logging_mixin.py:190} INFO - [2024-08-16T13:30:58.903+0000] {dag.py:3211} INFO - Sync 2 DAGs
[2024-08-16T13:30:58.940+0000] {logging_mixin.py:190} INFO - [2024-08-16T13:30:58.939+0000] {dag.py:4138} INFO - Setting next_dagrun for example_xcom_args to None, run_after=None
[2024-08-16T13:30:58.948+0000] {logging_mixin.py:190} INFO - [2024-08-16T13:30:58.947+0000] {dag.py:4138} INFO - Setting next_dagrun for example_xcom_args_with_operators to None, run_after=None
[2024-08-16T13:30:58.970+0000] {processor.py:208} INFO - Processing /home/airflow/.local/lib/python3.12/site-packages/airflow/example_dags/example_xcomargs.py took 0.119 seconds
[2024-08-16T13:31:29.395+0000] {processor.py:186} INFO - Started process (PID=7529) to work on /home/airflow/.local/lib/python3.12/site-packages/airflow/example_dags/example_xcomargs.py
[2024-08-16T13:31:29.397+0000] {processor.py:914} INFO - Processing file /home/airflow/.local/lib/python3.12/site-packages/airflow/example_dags/example_xcomargs.py for tasks to queue
[2024-08-16T13:31:29.399+0000] {logging_mixin.py:190} INFO - [2024-08-16T13:31:29.399+0000] {dagbag.py:587} INFO - Filling up the DagBag from /home/airflow/.local/lib/python3.12/site-packages/airflow/example_dags/example_xcomargs.py
[2024-08-16T13:31:29.412+0000] {processor.py:925} INFO - DAG(s) 'example_xcom_args', 'example_xcom_args_with_operators' retrieved from /home/airflow/.local/lib/python3.12/site-packages/airflow/example_dags/example_xcomargs.py
[2024-08-16T13:31:29.441+0000] {logging_mixin.py:190} INFO - [2024-08-16T13:31:29.441+0000] {dag.py:3211} INFO - Sync 2 DAGs
[2024-08-16T13:31:29.459+0000] {logging_mixin.py:190} INFO - [2024-08-16T13:31:29.459+0000] {dag.py:4138} INFO - Setting next_dagrun for example_xcom_args to None, run_after=None
[2024-08-16T13:31:29.464+0000] {logging_mixin.py:190} INFO - [2024-08-16T13:31:29.464+0000] {dag.py:4138} INFO - Setting next_dagrun for example_xcom_args_with_operators to None, run_after=None
[2024-08-16T13:31:29.482+0000] {processor.py:208} INFO - Processing /home/airflow/.local/lib/python3.12/site-packages/airflow/example_dags/example_xcomargs.py took 0.097 seconds
[2024-08-16T13:31:59.783+0000] {processor.py:186} INFO - Started process (PID=7813) to work on /home/airflow/.local/lib/python3.12/site-packages/airflow/example_dags/example_xcomargs.py
[2024-08-16T13:31:59.784+0000] {processor.py:914} INFO - Processing file /home/airflow/.local/lib/python3.12/site-packages/airflow/example_dags/example_xcomargs.py for tasks to queue
[2024-08-16T13:31:59.787+0000] {logging_mixin.py:190} INFO - [2024-08-16T13:31:59.787+0000] {dagbag.py:587} INFO - Filling up the DagBag from /home/airflow/.local/lib/python3.12/site-packages/airflow/example_dags/example_xcomargs.py
[2024-08-16T13:31:59.798+0000] {processor.py:925} INFO - DAG(s) 'example_xcom_args', 'example_xcom_args_with_operators' retrieved from /home/airflow/.local/lib/python3.12/site-packages/airflow/example_dags/example_xcomargs.py
[2024-08-16T13:31:59.824+0000] {logging_mixin.py:190} INFO - [2024-08-16T13:31:59.824+0000] {dag.py:3211} INFO - Sync 2 DAGs
[2024-08-16T13:31:59.839+0000] {logging_mixin.py:190} INFO - [2024-08-16T13:31:59.839+0000] {dag.py:4138} INFO - Setting next_dagrun for example_xcom_args to None, run_after=None
[2024-08-16T13:31:59.843+0000] {logging_mixin.py:190} INFO - [2024-08-16T13:31:59.843+0000] {dag.py:4138} INFO - Setting next_dagrun for example_xcom_args_with_operators to None, run_after=None
[2024-08-16T13:31:59.861+0000] {processor.py:208} INFO - Processing /home/airflow/.local/lib/python3.12/site-packages/airflow/example_dags/example_xcomargs.py took 0.084 seconds
[2024-08-16T13:32:30.383+0000] {processor.py:186} INFO - Started process (PID=8099) to work on /home/airflow/.local/lib/python3.12/site-packages/airflow/example_dags/example_xcomargs.py
[2024-08-16T13:32:30.384+0000] {processor.py:914} INFO - Processing file /home/airflow/.local/lib/python3.12/site-packages/airflow/example_dags/example_xcomargs.py for tasks to queue
[2024-08-16T13:32:30.387+0000] {logging_mixin.py:190} INFO - [2024-08-16T13:32:30.386+0000] {dagbag.py:587} INFO - Filling up the DagBag from /home/airflow/.local/lib/python3.12/site-packages/airflow/example_dags/example_xcomargs.py
[2024-08-16T13:32:30.397+0000] {processor.py:925} INFO - DAG(s) 'example_xcom_args', 'example_xcom_args_with_operators' retrieved from /home/airflow/.local/lib/python3.12/site-packages/airflow/example_dags/example_xcomargs.py
[2024-08-16T13:32:30.423+0000] {logging_mixin.py:190} INFO - [2024-08-16T13:32:30.423+0000] {dag.py:3211} INFO - Sync 2 DAGs
[2024-08-16T13:32:30.439+0000] {logging_mixin.py:190} INFO - [2024-08-16T13:32:30.439+0000] {dag.py:4138} INFO - Setting next_dagrun for example_xcom_args to None, run_after=None
[2024-08-16T13:32:30.444+0000] {logging_mixin.py:190} INFO - [2024-08-16T13:32:30.444+0000] {dag.py:4138} INFO - Setting next_dagrun for example_xcom_args_with_operators to None, run_after=None
[2024-08-16T13:32:30.461+0000] {processor.py:208} INFO - Processing /home/airflow/.local/lib/python3.12/site-packages/airflow/example_dags/example_xcomargs.py took 0.084 seconds
[2024-08-16T13:33:00.810+0000] {processor.py:186} INFO - Started process (PID=8385) to work on /home/airflow/.local/lib/python3.12/site-packages/airflow/example_dags/example_xcomargs.py
[2024-08-16T13:33:00.811+0000] {processor.py:914} INFO - Processing file /home/airflow/.local/lib/python3.12/site-packages/airflow/example_dags/example_xcomargs.py for tasks to queue
[2024-08-16T13:33:00.813+0000] {logging_mixin.py:190} INFO - [2024-08-16T13:33:00.813+0000] {dagbag.py:587} INFO - Filling up the DagBag from /home/airflow/.local/lib/python3.12/site-packages/airflow/example_dags/example_xcomargs.py
[2024-08-16T13:33:00.827+0000] {processor.py:925} INFO - DAG(s) 'example_xcom_args_with_operators', 'example_xcom_args' retrieved from /home/airflow/.local/lib/python3.12/site-packages/airflow/example_dags/example_xcomargs.py
[2024-08-16T13:33:00.860+0000] {logging_mixin.py:190} INFO - [2024-08-16T13:33:00.860+0000] {dag.py:3211} INFO - Sync 2 DAGs
[2024-08-16T13:33:00.880+0000] {logging_mixin.py:190} INFO - [2024-08-16T13:33:00.879+0000] {dag.py:4138} INFO - Setting next_dagrun for example_xcom_args to None, run_after=None
[2024-08-16T13:33:00.884+0000] {logging_mixin.py:190} INFO - [2024-08-16T13:33:00.884+0000] {dag.py:4138} INFO - Setting next_dagrun for example_xcom_args_with_operators to None, run_after=None
[2024-08-16T13:33:00.903+0000] {processor.py:208} INFO - Processing /home/airflow/.local/lib/python3.12/site-packages/airflow/example_dags/example_xcomargs.py took 0.101 seconds
[2024-08-16T13:33:31.177+0000] {processor.py:186} INFO - Started process (PID=8671) to work on /home/airflow/.local/lib/python3.12/site-packages/airflow/example_dags/example_xcomargs.py
[2024-08-16T13:33:31.178+0000] {processor.py:914} INFO - Processing file /home/airflow/.local/lib/python3.12/site-packages/airflow/example_dags/example_xcomargs.py for tasks to queue
[2024-08-16T13:33:31.181+0000] {logging_mixin.py:190} INFO - [2024-08-16T13:33:31.181+0000] {dagbag.py:587} INFO - Filling up the DagBag from /home/airflow/.local/lib/python3.12/site-packages/airflow/example_dags/example_xcomargs.py
[2024-08-16T13:33:31.192+0000] {processor.py:925} INFO - DAG(s) 'example_xcom_args', 'example_xcom_args_with_operators' retrieved from /home/airflow/.local/lib/python3.12/site-packages/airflow/example_dags/example_xcomargs.py
[2024-08-16T13:33:31.217+0000] {logging_mixin.py:190} INFO - [2024-08-16T13:33:31.216+0000] {dag.py:3211} INFO - Sync 2 DAGs
[2024-08-16T13:33:31.233+0000] {logging_mixin.py:190} INFO - [2024-08-16T13:33:31.233+0000] {dag.py:4138} INFO - Setting next_dagrun for example_xcom_args to None, run_after=None
[2024-08-16T13:33:31.239+0000] {logging_mixin.py:190} INFO - [2024-08-16T13:33:31.239+0000] {dag.py:4138} INFO - Setting next_dagrun for example_xcom_args_with_operators to None, run_after=None
[2024-08-16T13:33:31.259+0000] {processor.py:208} INFO - Processing /home/airflow/.local/lib/python3.12/site-packages/airflow/example_dags/example_xcomargs.py took 0.089 seconds
[2024-08-16T13:34:01.429+0000] {processor.py:186} INFO - Started process (PID=8957) to work on /home/airflow/.local/lib/python3.12/site-packages/airflow/example_dags/example_xcomargs.py
[2024-08-16T13:34:01.430+0000] {processor.py:914} INFO - Processing file /home/airflow/.local/lib/python3.12/site-packages/airflow/example_dags/example_xcomargs.py for tasks to queue
[2024-08-16T13:34:01.433+0000] {logging_mixin.py:190} INFO - [2024-08-16T13:34:01.433+0000] {dagbag.py:587} INFO - Filling up the DagBag from /home/airflow/.local/lib/python3.12/site-packages/airflow/example_dags/example_xcomargs.py
[2024-08-16T13:34:01.444+0000] {processor.py:925} INFO - DAG(s) 'example_xcom_args_with_operators', 'example_xcom_args' retrieved from /home/airflow/.local/lib/python3.12/site-packages/airflow/example_dags/example_xcomargs.py
[2024-08-16T13:34:01.471+0000] {logging_mixin.py:190} INFO - [2024-08-16T13:34:01.471+0000] {dag.py:3211} INFO - Sync 2 DAGs
[2024-08-16T13:34:01.488+0000] {logging_mixin.py:190} INFO - [2024-08-16T13:34:01.488+0000] {dag.py:4138} INFO - Setting next_dagrun for example_xcom_args to None, run_after=None
[2024-08-16T13:34:01.492+0000] {logging_mixin.py:190} INFO - [2024-08-16T13:34:01.492+0000] {dag.py:4138} INFO - Setting next_dagrun for example_xcom_args_with_operators to None, run_after=None
[2024-08-16T13:34:01.512+0000] {processor.py:208} INFO - Processing /home/airflow/.local/lib/python3.12/site-packages/airflow/example_dags/example_xcomargs.py took 0.090 seconds
[2024-08-16T13:34:32.128+0000] {processor.py:186} INFO - Started process (PID=9245) to work on /home/airflow/.local/lib/python3.12/site-packages/airflow/example_dags/example_xcomargs.py
[2024-08-16T13:34:32.129+0000] {processor.py:914} INFO - Processing file /home/airflow/.local/lib/python3.12/site-packages/airflow/example_dags/example_xcomargs.py for tasks to queue
[2024-08-16T13:34:32.132+0000] {logging_mixin.py:190} INFO - [2024-08-16T13:34:32.131+0000] {dagbag.py:587} INFO - Filling up the DagBag from /home/airflow/.local/lib/python3.12/site-packages/airflow/example_dags/example_xcomargs.py
[2024-08-16T13:34:32.142+0000] {processor.py:925} INFO - DAG(s) 'example_xcom_args', 'example_xcom_args_with_operators' retrieved from /home/airflow/.local/lib/python3.12/site-packages/airflow/example_dags/example_xcomargs.py
[2024-08-16T13:34:32.171+0000] {logging_mixin.py:190} INFO - [2024-08-16T13:34:32.170+0000] {dag.py:3211} INFO - Sync 2 DAGs
[2024-08-16T13:34:32.187+0000] {logging_mixin.py:190} INFO - [2024-08-16T13:34:32.187+0000] {dag.py:4138} INFO - Setting next_dagrun for example_xcom_args to None, run_after=None
[2024-08-16T13:34:32.191+0000] {logging_mixin.py:190} INFO - [2024-08-16T13:34:32.191+0000] {dag.py:4138} INFO - Setting next_dagrun for example_xcom_args_with_operators to None, run_after=None
[2024-08-16T13:34:32.209+0000] {processor.py:208} INFO - Processing /home/airflow/.local/lib/python3.12/site-packages/airflow/example_dags/example_xcomargs.py took 0.088 seconds
[2024-08-16T13:35:02.532+0000] {processor.py:186} INFO - Started process (PID=9531) to work on /home/airflow/.local/lib/python3.12/site-packages/airflow/example_dags/example_xcomargs.py
[2024-08-16T13:35:02.533+0000] {processor.py:914} INFO - Processing file /home/airflow/.local/lib/python3.12/site-packages/airflow/example_dags/example_xcomargs.py for tasks to queue
[2024-08-16T13:35:02.535+0000] {logging_mixin.py:190} INFO - [2024-08-16T13:35:02.535+0000] {dagbag.py:587} INFO - Filling up the DagBag from /home/airflow/.local/lib/python3.12/site-packages/airflow/example_dags/example_xcomargs.py
[2024-08-16T13:35:02.547+0000] {processor.py:925} INFO - DAG(s) 'example_xcom_args_with_operators', 'example_xcom_args' retrieved from /home/airflow/.local/lib/python3.12/site-packages/airflow/example_dags/example_xcomargs.py
[2024-08-16T13:35:02.575+0000] {logging_mixin.py:190} INFO - [2024-08-16T13:35:02.575+0000] {dag.py:3211} INFO - Sync 2 DAGs
[2024-08-16T13:35:02.591+0000] {logging_mixin.py:190} INFO - [2024-08-16T13:35:02.590+0000] {dag.py:4138} INFO - Setting next_dagrun for example_xcom_args to None, run_after=None
[2024-08-16T13:35:02.595+0000] {logging_mixin.py:190} INFO - [2024-08-16T13:35:02.595+0000] {dag.py:4138} INFO - Setting next_dagrun for example_xcom_args_with_operators to None, run_after=None
[2024-08-16T13:35:02.613+0000] {processor.py:208} INFO - Processing /home/airflow/.local/lib/python3.12/site-packages/airflow/example_dags/example_xcomargs.py took 0.088 seconds
[2024-08-16T13:35:32.973+0000] {processor.py:186} INFO - Started process (PID=9815) to work on /home/airflow/.local/lib/python3.12/site-packages/airflow/example_dags/example_xcomargs.py
[2024-08-16T13:35:32.974+0000] {processor.py:914} INFO - Processing file /home/airflow/.local/lib/python3.12/site-packages/airflow/example_dags/example_xcomargs.py for tasks to queue
[2024-08-16T13:35:32.976+0000] {logging_mixin.py:190} INFO - [2024-08-16T13:35:32.976+0000] {dagbag.py:587} INFO - Filling up the DagBag from /home/airflow/.local/lib/python3.12/site-packages/airflow/example_dags/example_xcomargs.py
[2024-08-16T13:35:32.988+0000] {processor.py:925} INFO - DAG(s) 'example_xcom_args', 'example_xcom_args_with_operators' retrieved from /home/airflow/.local/lib/python3.12/site-packages/airflow/example_dags/example_xcomargs.py
[2024-08-16T13:35:33.013+0000] {logging_mixin.py:190} INFO - [2024-08-16T13:35:33.013+0000] {dag.py:3211} INFO - Sync 2 DAGs
[2024-08-16T13:35:33.029+0000] {logging_mixin.py:190} INFO - [2024-08-16T13:35:33.029+0000] {dag.py:4138} INFO - Setting next_dagrun for example_xcom_args to None, run_after=None
[2024-08-16T13:35:33.033+0000] {logging_mixin.py:190} INFO - [2024-08-16T13:35:33.033+0000] {dag.py:4138} INFO - Setting next_dagrun for example_xcom_args_with_operators to None, run_after=None
[2024-08-16T13:35:33.052+0000] {processor.py:208} INFO - Processing /home/airflow/.local/lib/python3.12/site-packages/airflow/example_dags/example_xcomargs.py took 0.089 seconds
[2024-08-16T13:36:03.428+0000] {processor.py:186} INFO - Started process (PID=10101) to work on /home/airflow/.local/lib/python3.12/site-packages/airflow/example_dags/example_xcomargs.py
[2024-08-16T13:36:03.429+0000] {processor.py:914} INFO - Processing file /home/airflow/.local/lib/python3.12/site-packages/airflow/example_dags/example_xcomargs.py for tasks to queue
[2024-08-16T13:36:03.431+0000] {logging_mixin.py:190} INFO - [2024-08-16T13:36:03.431+0000] {dagbag.py:587} INFO - Filling up the DagBag from /home/airflow/.local/lib/python3.12/site-packages/airflow/example_dags/example_xcomargs.py
[2024-08-16T13:36:03.442+0000] {processor.py:925} INFO - DAG(s) 'example_xcom_args_with_operators', 'example_xcom_args' retrieved from /home/airflow/.local/lib/python3.12/site-packages/airflow/example_dags/example_xcomargs.py
[2024-08-16T13:36:03.468+0000] {logging_mixin.py:190} INFO - [2024-08-16T13:36:03.468+0000] {dag.py:3211} INFO - Sync 2 DAGs
[2024-08-16T13:36:03.484+0000] {logging_mixin.py:190} INFO - [2024-08-16T13:36:03.484+0000] {dag.py:4138} INFO - Setting next_dagrun for example_xcom_args to None, run_after=None
[2024-08-16T13:36:03.488+0000] {logging_mixin.py:190} INFO - [2024-08-16T13:36:03.488+0000] {dag.py:4138} INFO - Setting next_dagrun for example_xcom_args_with_operators to None, run_after=None
[2024-08-16T13:36:03.515+0000] {processor.py:208} INFO - Processing /home/airflow/.local/lib/python3.12/site-packages/airflow/example_dags/example_xcomargs.py took 0.094 seconds
[2024-08-16T13:36:34.043+0000] {processor.py:186} INFO - Started process (PID=10389) to work on /home/airflow/.local/lib/python3.12/site-packages/airflow/example_dags/example_xcomargs.py
[2024-08-16T13:36:34.044+0000] {processor.py:914} INFO - Processing file /home/airflow/.local/lib/python3.12/site-packages/airflow/example_dags/example_xcomargs.py for tasks to queue
[2024-08-16T13:36:34.046+0000] {logging_mixin.py:190} INFO - [2024-08-16T13:36:34.046+0000] {dagbag.py:587} INFO - Filling up the DagBag from /home/airflow/.local/lib/python3.12/site-packages/airflow/example_dags/example_xcomargs.py
[2024-08-16T13:36:34.057+0000] {processor.py:925} INFO - DAG(s) 'example_xcom_args_with_operators', 'example_xcom_args' retrieved from /home/airflow/.local/lib/python3.12/site-packages/airflow/example_dags/example_xcomargs.py
[2024-08-16T13:36:34.082+0000] {logging_mixin.py:190} INFO - [2024-08-16T13:36:34.082+0000] {dag.py:3211} INFO - Sync 2 DAGs
[2024-08-16T13:36:34.098+0000] {logging_mixin.py:190} INFO - [2024-08-16T13:36:34.098+0000] {dag.py:4138} INFO - Setting next_dagrun for example_xcom_args to None, run_after=None
[2024-08-16T13:36:34.102+0000] {logging_mixin.py:190} INFO - [2024-08-16T13:36:34.102+0000] {dag.py:4138} INFO - Setting next_dagrun for example_xcom_args_with_operators to None, run_after=None
[2024-08-16T13:36:34.119+0000] {processor.py:208} INFO - Processing /home/airflow/.local/lib/python3.12/site-packages/airflow/example_dags/example_xcomargs.py took 0.083 seconds
[2024-08-16T13:37:04.271+0000] {processor.py:186} INFO - Started process (PID=10675) to work on /home/airflow/.local/lib/python3.12/site-packages/airflow/example_dags/example_xcomargs.py
[2024-08-16T13:37:04.272+0000] {processor.py:914} INFO - Processing file /home/airflow/.local/lib/python3.12/site-packages/airflow/example_dags/example_xcomargs.py for tasks to queue
[2024-08-16T13:37:04.274+0000] {logging_mixin.py:190} INFO - [2024-08-16T13:37:04.274+0000] {dagbag.py:587} INFO - Filling up the DagBag from /home/airflow/.local/lib/python3.12/site-packages/airflow/example_dags/example_xcomargs.py
[2024-08-16T13:37:04.285+0000] {processor.py:925} INFO - DAG(s) 'example_xcom_args_with_operators', 'example_xcom_args' retrieved from /home/airflow/.local/lib/python3.12/site-packages/airflow/example_dags/example_xcomargs.py
[2024-08-16T13:37:04.310+0000] {logging_mixin.py:190} INFO - [2024-08-16T13:37:04.310+0000] {dag.py:3211} INFO - Sync 2 DAGs
[2024-08-16T13:37:04.326+0000] {logging_mixin.py:190} INFO - [2024-08-16T13:37:04.326+0000] {dag.py:4138} INFO - Setting next_dagrun for example_xcom_args to None, run_after=None
[2024-08-16T13:37:04.330+0000] {logging_mixin.py:190} INFO - [2024-08-16T13:37:04.330+0000] {dag.py:4138} INFO - Setting next_dagrun for example_xcom_args_with_operators to None, run_after=None
[2024-08-16T13:37:04.348+0000] {processor.py:208} INFO - Processing /home/airflow/.local/lib/python3.12/site-packages/airflow/example_dags/example_xcomargs.py took 0.085 seconds
[2024-08-16T13:37:34.537+0000] {processor.py:186} INFO - Started process (PID=10960) to work on /home/airflow/.local/lib/python3.12/site-packages/airflow/example_dags/example_xcomargs.py
[2024-08-16T13:37:34.538+0000] {processor.py:914} INFO - Processing file /home/airflow/.local/lib/python3.12/site-packages/airflow/example_dags/example_xcomargs.py for tasks to queue
[2024-08-16T13:37:34.541+0000] {logging_mixin.py:190} INFO - [2024-08-16T13:37:34.540+0000] {dagbag.py:587} INFO - Filling up the DagBag from /home/airflow/.local/lib/python3.12/site-packages/airflow/example_dags/example_xcomargs.py
[2024-08-16T13:37:34.552+0000] {processor.py:925} INFO - DAG(s) 'example_xcom_args_with_operators', 'example_xcom_args' retrieved from /home/airflow/.local/lib/python3.12/site-packages/airflow/example_dags/example_xcomargs.py
[2024-08-16T13:37:34.580+0000] {logging_mixin.py:190} INFO - [2024-08-16T13:37:34.580+0000] {dag.py:3211} INFO - Sync 2 DAGs
[2024-08-16T13:37:34.597+0000] {logging_mixin.py:190} INFO - [2024-08-16T13:37:34.597+0000] {dag.py:4138} INFO - Setting next_dagrun for example_xcom_args to None, run_after=None
[2024-08-16T13:37:34.602+0000] {logging_mixin.py:190} INFO - [2024-08-16T13:37:34.602+0000] {dag.py:4138} INFO - Setting next_dagrun for example_xcom_args_with_operators to None, run_after=None
[2024-08-16T13:37:34.619+0000] {processor.py:208} INFO - Processing /home/airflow/.local/lib/python3.12/site-packages/airflow/example_dags/example_xcomargs.py took 0.088 seconds
[2024-08-16T13:38:05.068+0000] {processor.py:186} INFO - Started process (PID=11248) to work on /home/airflow/.local/lib/python3.12/site-packages/airflow/example_dags/example_xcomargs.py
[2024-08-16T13:38:05.069+0000] {processor.py:914} INFO - Processing file /home/airflow/.local/lib/python3.12/site-packages/airflow/example_dags/example_xcomargs.py for tasks to queue
[2024-08-16T13:38:05.071+0000] {logging_mixin.py:190} INFO - [2024-08-16T13:38:05.071+0000] {dagbag.py:587} INFO - Filling up the DagBag from /home/airflow/.local/lib/python3.12/site-packages/airflow/example_dags/example_xcomargs.py
[2024-08-16T13:38:05.083+0000] {processor.py:925} INFO - DAG(s) 'example_xcom_args', 'example_xcom_args_with_operators' retrieved from /home/airflow/.local/lib/python3.12/site-packages/airflow/example_dags/example_xcomargs.py
[2024-08-16T13:38:05.109+0000] {logging_mixin.py:190} INFO - [2024-08-16T13:38:05.109+0000] {dag.py:3211} INFO - Sync 2 DAGs
[2024-08-16T13:38:05.125+0000] {logging_mixin.py:190} INFO - [2024-08-16T13:38:05.124+0000] {dag.py:4138} INFO - Setting next_dagrun for example_xcom_args to None, run_after=None
[2024-08-16T13:38:05.129+0000] {logging_mixin.py:190} INFO - [2024-08-16T13:38:05.129+0000] {dag.py:4138} INFO - Setting next_dagrun for example_xcom_args_with_operators to None, run_after=None
[2024-08-16T13:38:05.147+0000] {processor.py:208} INFO - Processing /home/airflow/.local/lib/python3.12/site-packages/airflow/example_dags/example_xcomargs.py took 0.085 seconds
[2024-08-16T13:38:35.578+0000] {processor.py:186} INFO - Started process (PID=11532) to work on /home/airflow/.local/lib/python3.12/site-packages/airflow/example_dags/example_xcomargs.py
[2024-08-16T13:38:35.580+0000] {processor.py:914} INFO - Processing file /home/airflow/.local/lib/python3.12/site-packages/airflow/example_dags/example_xcomargs.py for tasks to queue
[2024-08-16T13:38:35.582+0000] {logging_mixin.py:190} INFO - [2024-08-16T13:38:35.582+0000] {dagbag.py:587} INFO - Filling up the DagBag from /home/airflow/.local/lib/python3.12/site-packages/airflow/example_dags/example_xcomargs.py
[2024-08-16T13:38:35.593+0000] {processor.py:925} INFO - DAG(s) 'example_xcom_args_with_operators', 'example_xcom_args' retrieved from /home/airflow/.local/lib/python3.12/site-packages/airflow/example_dags/example_xcomargs.py
[2024-08-16T13:38:35.619+0000] {logging_mixin.py:190} INFO - [2024-08-16T13:38:35.619+0000] {dag.py:3211} INFO - Sync 2 DAGs
[2024-08-16T13:38:35.634+0000] {logging_mixin.py:190} INFO - [2024-08-16T13:38:35.634+0000] {dag.py:4138} INFO - Setting next_dagrun for example_xcom_args to None, run_after=None
[2024-08-16T13:38:35.638+0000] {logging_mixin.py:190} INFO - [2024-08-16T13:38:35.638+0000] {dag.py:4138} INFO - Setting next_dagrun for example_xcom_args_with_operators to None, run_after=None
[2024-08-16T13:38:35.655+0000] {processor.py:208} INFO - Processing /home/airflow/.local/lib/python3.12/site-packages/airflow/example_dags/example_xcomargs.py took 0.087 seconds
[2024-08-16T13:39:05.830+0000] {processor.py:186} INFO - Started process (PID=11818) to work on /home/airflow/.local/lib/python3.12/site-packages/airflow/example_dags/example_xcomargs.py
[2024-08-16T13:39:05.832+0000] {processor.py:914} INFO - Processing file /home/airflow/.local/lib/python3.12/site-packages/airflow/example_dags/example_xcomargs.py for tasks to queue
[2024-08-16T13:39:05.834+0000] {logging_mixin.py:190} INFO - [2024-08-16T13:39:05.834+0000] {dagbag.py:587} INFO - Filling up the DagBag from /home/airflow/.local/lib/python3.12/site-packages/airflow/example_dags/example_xcomargs.py
[2024-08-16T13:39:05.846+0000] {processor.py:925} INFO - DAG(s) 'example_xcom_args', 'example_xcom_args_with_operators' retrieved from /home/airflow/.local/lib/python3.12/site-packages/airflow/example_dags/example_xcomargs.py
[2024-08-16T13:39:05.871+0000] {logging_mixin.py:190} INFO - [2024-08-16T13:39:05.871+0000] {dag.py:3211} INFO - Sync 2 DAGs
[2024-08-16T13:39:05.887+0000] {logging_mixin.py:190} INFO - [2024-08-16T13:39:05.887+0000] {dag.py:4138} INFO - Setting next_dagrun for example_xcom_args to None, run_after=None
[2024-08-16T13:39:05.892+0000] {logging_mixin.py:190} INFO - [2024-08-16T13:39:05.892+0000] {dag.py:4138} INFO - Setting next_dagrun for example_xcom_args_with_operators to None, run_after=None
[2024-08-16T13:39:05.909+0000] {processor.py:208} INFO - Processing /home/airflow/.local/lib/python3.12/site-packages/airflow/example_dags/example_xcomargs.py took 0.086 seconds
[2024-08-16T13:39:36.109+0000] {processor.py:186} INFO - Started process (PID=12104) to work on /home/airflow/.local/lib/python3.12/site-packages/airflow/example_dags/example_xcomargs.py
[2024-08-16T13:39:36.110+0000] {processor.py:914} INFO - Processing file /home/airflow/.local/lib/python3.12/site-packages/airflow/example_dags/example_xcomargs.py for tasks to queue
[2024-08-16T13:39:36.113+0000] {logging_mixin.py:190} INFO - [2024-08-16T13:39:36.112+0000] {dagbag.py:587} INFO - Filling up the DagBag from /home/airflow/.local/lib/python3.12/site-packages/airflow/example_dags/example_xcomargs.py
[2024-08-16T13:39:36.128+0000] {processor.py:925} INFO - DAG(s) 'example_xcom_args_with_operators', 'example_xcom_args' retrieved from /home/airflow/.local/lib/python3.12/site-packages/airflow/example_dags/example_xcomargs.py
[2024-08-16T13:39:36.156+0000] {logging_mixin.py:190} INFO - [2024-08-16T13:39:36.156+0000] {dag.py:3211} INFO - Sync 2 DAGs
[2024-08-16T13:39:36.172+0000] {logging_mixin.py:190} INFO - [2024-08-16T13:39:36.172+0000] {dag.py:4138} INFO - Setting next_dagrun for example_xcom_args to None, run_after=None
[2024-08-16T13:39:36.176+0000] {logging_mixin.py:190} INFO - [2024-08-16T13:39:36.176+0000] {dag.py:4138} INFO - Setting next_dagrun for example_xcom_args_with_operators to None, run_after=None
[2024-08-16T13:39:36.196+0000] {processor.py:208} INFO - Processing /home/airflow/.local/lib/python3.12/site-packages/airflow/example_dags/example_xcomargs.py took 0.097 seconds
[2024-08-16T13:40:07.124+0000] {processor.py:186} INFO - Started process (PID=12390) to work on /home/airflow/.local/lib/python3.12/site-packages/airflow/example_dags/example_xcomargs.py
[2024-08-16T13:40:07.126+0000] {processor.py:914} INFO - Processing file /home/airflow/.local/lib/python3.12/site-packages/airflow/example_dags/example_xcomargs.py for tasks to queue
[2024-08-16T13:40:07.128+0000] {logging_mixin.py:190} INFO - [2024-08-16T13:40:07.128+0000] {dagbag.py:587} INFO - Filling up the DagBag from /home/airflow/.local/lib/python3.12/site-packages/airflow/example_dags/example_xcomargs.py
[2024-08-16T13:40:07.141+0000] {processor.py:925} INFO - DAG(s) 'example_xcom_args', 'example_xcom_args_with_operators' retrieved from /home/airflow/.local/lib/python3.12/site-packages/airflow/example_dags/example_xcomargs.py
[2024-08-16T13:40:07.166+0000] {logging_mixin.py:190} INFO - [2024-08-16T13:40:07.165+0000] {dag.py:3211} INFO - Sync 2 DAGs
[2024-08-16T13:40:07.182+0000] {logging_mixin.py:190} INFO - [2024-08-16T13:40:07.182+0000] {dag.py:4138} INFO - Setting next_dagrun for example_xcom_args to None, run_after=None
[2024-08-16T13:40:07.186+0000] {logging_mixin.py:190} INFO - [2024-08-16T13:40:07.186+0000] {dag.py:4138} INFO - Setting next_dagrun for example_xcom_args_with_operators to None, run_after=None
[2024-08-16T13:40:07.205+0000] {processor.py:208} INFO - Processing /home/airflow/.local/lib/python3.12/site-packages/airflow/example_dags/example_xcomargs.py took 0.088 seconds
[2024-08-16T13:40:37.825+0000] {processor.py:186} INFO - Started process (PID=12676) to work on /home/airflow/.local/lib/python3.12/site-packages/airflow/example_dags/example_xcomargs.py
[2024-08-16T13:40:37.826+0000] {processor.py:914} INFO - Processing file /home/airflow/.local/lib/python3.12/site-packages/airflow/example_dags/example_xcomargs.py for tasks to queue
[2024-08-16T13:40:37.829+0000] {logging_mixin.py:190} INFO - [2024-08-16T13:40:37.828+0000] {dagbag.py:587} INFO - Filling up the DagBag from /home/airflow/.local/lib/python3.12/site-packages/airflow/example_dags/example_xcomargs.py
[2024-08-16T13:40:37.841+0000] {processor.py:925} INFO - DAG(s) 'example_xcom_args', 'example_xcom_args_with_operators' retrieved from /home/airflow/.local/lib/python3.12/site-packages/airflow/example_dags/example_xcomargs.py
[2024-08-16T13:40:37.869+0000] {logging_mixin.py:190} INFO - [2024-08-16T13:40:37.868+0000] {dag.py:3211} INFO - Sync 2 DAGs
[2024-08-16T13:40:37.885+0000] {logging_mixin.py:190} INFO - [2024-08-16T13:40:37.885+0000] {dag.py:4138} INFO - Setting next_dagrun for example_xcom_args to None, run_after=None
[2024-08-16T13:40:37.890+0000] {logging_mixin.py:190} INFO - [2024-08-16T13:40:37.890+0000] {dag.py:4138} INFO - Setting next_dagrun for example_xcom_args_with_operators to None, run_after=None
[2024-08-16T13:40:37.907+0000] {processor.py:208} INFO - Processing /home/airflow/.local/lib/python3.12/site-packages/airflow/example_dags/example_xcomargs.py took 0.089 seconds
[2024-08-16T13:41:08.908+0000] {processor.py:186} INFO - Started process (PID=12962) to work on /home/airflow/.local/lib/python3.12/site-packages/airflow/example_dags/example_xcomargs.py
[2024-08-16T13:41:08.909+0000] {processor.py:914} INFO - Processing file /home/airflow/.local/lib/python3.12/site-packages/airflow/example_dags/example_xcomargs.py for tasks to queue
[2024-08-16T13:41:08.911+0000] {logging_mixin.py:190} INFO - [2024-08-16T13:41:08.911+0000] {dagbag.py:587} INFO - Filling up the DagBag from /home/airflow/.local/lib/python3.12/site-packages/airflow/example_dags/example_xcomargs.py
[2024-08-16T13:41:08.922+0000] {processor.py:925} INFO - DAG(s) 'example_xcom_args_with_operators', 'example_xcom_args' retrieved from /home/airflow/.local/lib/python3.12/site-packages/airflow/example_dags/example_xcomargs.py
[2024-08-16T13:41:08.947+0000] {logging_mixin.py:190} INFO - [2024-08-16T13:41:08.947+0000] {dag.py:3211} INFO - Sync 2 DAGs
[2024-08-16T13:41:08.962+0000] {logging_mixin.py:190} INFO - [2024-08-16T13:41:08.962+0000] {dag.py:4138} INFO - Setting next_dagrun for example_xcom_args to None, run_after=None
[2024-08-16T13:41:08.967+0000] {logging_mixin.py:190} INFO - [2024-08-16T13:41:08.967+0000] {dag.py:4138} INFO - Setting next_dagrun for example_xcom_args_with_operators to None, run_after=None
[2024-08-16T13:41:08.986+0000] {processor.py:208} INFO - Processing /home/airflow/.local/lib/python3.12/site-packages/airflow/example_dags/example_xcomargs.py took 0.085 seconds
[2024-08-16T13:41:39.267+0000] {processor.py:186} INFO - Started process (PID=13248) to work on /home/airflow/.local/lib/python3.12/site-packages/airflow/example_dags/example_xcomargs.py
[2024-08-16T13:41:39.268+0000] {processor.py:914} INFO - Processing file /home/airflow/.local/lib/python3.12/site-packages/airflow/example_dags/example_xcomargs.py for tasks to queue
[2024-08-16T13:41:39.271+0000] {logging_mixin.py:190} INFO - [2024-08-16T13:41:39.271+0000] {dagbag.py:587} INFO - Filling up the DagBag from /home/airflow/.local/lib/python3.12/site-packages/airflow/example_dags/example_xcomargs.py
[2024-08-16T13:41:39.288+0000] {processor.py:925} INFO - DAG(s) 'example_xcom_args', 'example_xcom_args_with_operators' retrieved from /home/airflow/.local/lib/python3.12/site-packages/airflow/example_dags/example_xcomargs.py
[2024-08-16T13:41:39.338+0000] {logging_mixin.py:190} INFO - [2024-08-16T13:41:39.337+0000] {dag.py:3211} INFO - Sync 2 DAGs
[2024-08-16T13:41:39.368+0000] {logging_mixin.py:190} INFO - [2024-08-16T13:41:39.368+0000] {dag.py:4138} INFO - Setting next_dagrun for example_xcom_args to None, run_after=None
[2024-08-16T13:41:39.375+0000] {logging_mixin.py:190} INFO - [2024-08-16T13:41:39.374+0000] {dag.py:4138} INFO - Setting next_dagrun for example_xcom_args_with_operators to None, run_after=None
[2024-08-16T13:41:39.411+0000] {processor.py:208} INFO - Processing /home/airflow/.local/lib/python3.12/site-packages/airflow/example_dags/example_xcomargs.py took 0.153 seconds
[2024-08-16T13:42:10.079+0000] {processor.py:186} INFO - Started process (PID=13534) to work on /home/airflow/.local/lib/python3.12/site-packages/airflow/example_dags/example_xcomargs.py
[2024-08-16T13:42:10.081+0000] {processor.py:914} INFO - Processing file /home/airflow/.local/lib/python3.12/site-packages/airflow/example_dags/example_xcomargs.py for tasks to queue
[2024-08-16T13:42:10.084+0000] {logging_mixin.py:190} INFO - [2024-08-16T13:42:10.083+0000] {dagbag.py:587} INFO - Filling up the DagBag from /home/airflow/.local/lib/python3.12/site-packages/airflow/example_dags/example_xcomargs.py
[2024-08-16T13:42:10.098+0000] {processor.py:925} INFO - DAG(s) 'example_xcom_args', 'example_xcom_args_with_operators' retrieved from /home/airflow/.local/lib/python3.12/site-packages/airflow/example_dags/example_xcomargs.py
[2024-08-16T13:42:10.126+0000] {logging_mixin.py:190} INFO - [2024-08-16T13:42:10.126+0000] {dag.py:3211} INFO - Sync 2 DAGs
[2024-08-16T13:42:10.144+0000] {logging_mixin.py:190} INFO - [2024-08-16T13:42:10.144+0000] {dag.py:4138} INFO - Setting next_dagrun for example_xcom_args to None, run_after=None
[2024-08-16T13:42:10.149+0000] {logging_mixin.py:190} INFO - [2024-08-16T13:42:10.149+0000] {dag.py:4138} INFO - Setting next_dagrun for example_xcom_args_with_operators to None, run_after=None
[2024-08-16T13:42:10.167+0000] {processor.py:208} INFO - Processing /home/airflow/.local/lib/python3.12/site-packages/airflow/example_dags/example_xcomargs.py took 0.095 seconds
[2024-08-16T13:42:40.719+0000] {processor.py:186} INFO - Started process (PID=13820) to work on /home/airflow/.local/lib/python3.12/site-packages/airflow/example_dags/example_xcomargs.py
[2024-08-16T13:42:40.720+0000] {processor.py:914} INFO - Processing file /home/airflow/.local/lib/python3.12/site-packages/airflow/example_dags/example_xcomargs.py for tasks to queue
[2024-08-16T13:42:40.723+0000] {logging_mixin.py:190} INFO - [2024-08-16T13:42:40.722+0000] {dagbag.py:587} INFO - Filling up the DagBag from /home/airflow/.local/lib/python3.12/site-packages/airflow/example_dags/example_xcomargs.py
[2024-08-16T13:42:40.734+0000] {processor.py:925} INFO - DAG(s) 'example_xcom_args_with_operators', 'example_xcom_args' retrieved from /home/airflow/.local/lib/python3.12/site-packages/airflow/example_dags/example_xcomargs.py
[2024-08-16T13:42:40.763+0000] {logging_mixin.py:190} INFO - [2024-08-16T13:42:40.763+0000] {dag.py:3211} INFO - Sync 2 DAGs
[2024-08-16T13:42:40.783+0000] {logging_mixin.py:190} INFO - [2024-08-16T13:42:40.782+0000] {dag.py:4138} INFO - Setting next_dagrun for example_xcom_args to None, run_after=None
[2024-08-16T13:42:40.787+0000] {logging_mixin.py:190} INFO - [2024-08-16T13:42:40.787+0000] {dag.py:4138} INFO - Setting next_dagrun for example_xcom_args_with_operators to None, run_after=None
[2024-08-16T13:42:40.808+0000] {processor.py:208} INFO - Processing /home/airflow/.local/lib/python3.12/site-packages/airflow/example_dags/example_xcomargs.py took 0.096 seconds
[2024-08-16T13:43:11.472+0000] {processor.py:186} INFO - Started process (PID=14101) to work on /home/airflow/.local/lib/python3.12/site-packages/airflow/example_dags/example_xcomargs.py
[2024-08-16T13:43:11.473+0000] {processor.py:914} INFO - Processing file /home/airflow/.local/lib/python3.12/site-packages/airflow/example_dags/example_xcomargs.py for tasks to queue
[2024-08-16T13:43:11.476+0000] {logging_mixin.py:190} INFO - [2024-08-16T13:43:11.475+0000] {dagbag.py:587} INFO - Filling up the DagBag from /home/airflow/.local/lib/python3.12/site-packages/airflow/example_dags/example_xcomargs.py
[2024-08-16T13:43:11.486+0000] {processor.py:925} INFO - DAG(s) 'example_xcom_args_with_operators', 'example_xcom_args' retrieved from /home/airflow/.local/lib/python3.12/site-packages/airflow/example_dags/example_xcomargs.py
[2024-08-16T13:43:11.511+0000] {logging_mixin.py:190} INFO - [2024-08-16T13:43:11.511+0000] {dag.py:3211} INFO - Sync 2 DAGs
[2024-08-16T13:43:11.530+0000] {logging_mixin.py:190} INFO - [2024-08-16T13:43:11.530+0000] {dag.py:4138} INFO - Setting next_dagrun for example_xcom_args to None, run_after=None
[2024-08-16T13:43:11.535+0000] {logging_mixin.py:190} INFO - [2024-08-16T13:43:11.535+0000] {dag.py:4138} INFO - Setting next_dagrun for example_xcom_args_with_operators to None, run_after=None
[2024-08-16T13:43:11.551+0000] {processor.py:208} INFO - Processing /home/airflow/.local/lib/python3.12/site-packages/airflow/example_dags/example_xcomargs.py took 0.086 seconds
[2024-08-16T13:43:41.936+0000] {processor.py:186} INFO - Started process (PID=14387) to work on /home/airflow/.local/lib/python3.12/site-packages/airflow/example_dags/example_xcomargs.py
[2024-08-16T13:43:41.937+0000] {processor.py:914} INFO - Processing file /home/airflow/.local/lib/python3.12/site-packages/airflow/example_dags/example_xcomargs.py for tasks to queue
[2024-08-16T13:43:41.940+0000] {logging_mixin.py:190} INFO - [2024-08-16T13:43:41.940+0000] {dagbag.py:587} INFO - Filling up the DagBag from /home/airflow/.local/lib/python3.12/site-packages/airflow/example_dags/example_xcomargs.py
[2024-08-16T13:43:41.951+0000] {processor.py:925} INFO - DAG(s) 'example_xcom_args', 'example_xcom_args_with_operators' retrieved from /home/airflow/.local/lib/python3.12/site-packages/airflow/example_dags/example_xcomargs.py
[2024-08-16T13:43:41.977+0000] {logging_mixin.py:190} INFO - [2024-08-16T13:43:41.977+0000] {dag.py:3211} INFO - Sync 2 DAGs
[2024-08-16T13:43:41.997+0000] {logging_mixin.py:190} INFO - [2024-08-16T13:43:41.997+0000] {dag.py:4138} INFO - Setting next_dagrun for example_xcom_args to None, run_after=None
[2024-08-16T13:43:42.002+0000] {logging_mixin.py:190} INFO - [2024-08-16T13:43:42.002+0000] {dag.py:4138} INFO - Setting next_dagrun for example_xcom_args_with_operators to None, run_after=None
[2024-08-16T13:43:42.021+0000] {processor.py:208} INFO - Processing /home/airflow/.local/lib/python3.12/site-packages/airflow/example_dags/example_xcomargs.py took 0.091 seconds
[2024-08-16T13:44:12.685+0000] {processor.py:186} INFO - Started process (PID=14678) to work on /home/airflow/.local/lib/python3.12/site-packages/airflow/example_dags/example_xcomargs.py
[2024-08-16T13:44:12.686+0000] {processor.py:914} INFO - Processing file /home/airflow/.local/lib/python3.12/site-packages/airflow/example_dags/example_xcomargs.py for tasks to queue
[2024-08-16T13:44:12.689+0000] {logging_mixin.py:190} INFO - [2024-08-16T13:44:12.689+0000] {dagbag.py:587} INFO - Filling up the DagBag from /home/airflow/.local/lib/python3.12/site-packages/airflow/example_dags/example_xcomargs.py
[2024-08-16T13:44:12.699+0000] {processor.py:925} INFO - DAG(s) 'example_xcom_args', 'example_xcom_args_with_operators' retrieved from /home/airflow/.local/lib/python3.12/site-packages/airflow/example_dags/example_xcomargs.py
[2024-08-16T13:44:12.725+0000] {logging_mixin.py:190} INFO - [2024-08-16T13:44:12.724+0000] {dag.py:3211} INFO - Sync 2 DAGs
[2024-08-16T13:44:12.741+0000] {logging_mixin.py:190} INFO - [2024-08-16T13:44:12.741+0000] {dag.py:4138} INFO - Setting next_dagrun for example_xcom_args to None, run_after=None
[2024-08-16T13:44:12.746+0000] {logging_mixin.py:190} INFO - [2024-08-16T13:44:12.746+0000] {dag.py:4138} INFO - Setting next_dagrun for example_xcom_args_with_operators to None, run_after=None
[2024-08-16T13:44:12.764+0000] {processor.py:208} INFO - Processing /home/airflow/.local/lib/python3.12/site-packages/airflow/example_dags/example_xcomargs.py took 0.086 seconds
[2024-08-16T13:44:43.088+0000] {processor.py:186} INFO - Started process (PID=14959) to work on /home/airflow/.local/lib/python3.12/site-packages/airflow/example_dags/example_xcomargs.py
[2024-08-16T13:44:43.089+0000] {processor.py:914} INFO - Processing file /home/airflow/.local/lib/python3.12/site-packages/airflow/example_dags/example_xcomargs.py for tasks to queue
[2024-08-16T13:44:43.092+0000] {logging_mixin.py:190} INFO - [2024-08-16T13:44:43.091+0000] {dagbag.py:587} INFO - Filling up the DagBag from /home/airflow/.local/lib/python3.12/site-packages/airflow/example_dags/example_xcomargs.py
[2024-08-16T13:44:43.103+0000] {processor.py:925} INFO - DAG(s) 'example_xcom_args_with_operators', 'example_xcom_args' retrieved from /home/airflow/.local/lib/python3.12/site-packages/airflow/example_dags/example_xcomargs.py
[2024-08-16T13:44:43.131+0000] {logging_mixin.py:190} INFO - [2024-08-16T13:44:43.131+0000] {dag.py:3211} INFO - Sync 2 DAGs
[2024-08-16T13:44:43.151+0000] {logging_mixin.py:190} INFO - [2024-08-16T13:44:43.150+0000] {dag.py:4138} INFO - Setting next_dagrun for example_xcom_args to None, run_after=None
[2024-08-16T13:44:43.156+0000] {logging_mixin.py:190} INFO - [2024-08-16T13:44:43.156+0000] {dag.py:4138} INFO - Setting next_dagrun for example_xcom_args_with_operators to None, run_after=None
[2024-08-16T13:44:43.173+0000] {processor.py:208} INFO - Processing /home/airflow/.local/lib/python3.12/site-packages/airflow/example_dags/example_xcomargs.py took 0.093 seconds
[2024-08-16T13:45:13.482+0000] {processor.py:186} INFO - Started process (PID=15245) to work on /home/airflow/.local/lib/python3.12/site-packages/airflow/example_dags/example_xcomargs.py
[2024-08-16T13:45:13.483+0000] {processor.py:914} INFO - Processing file /home/airflow/.local/lib/python3.12/site-packages/airflow/example_dags/example_xcomargs.py for tasks to queue
[2024-08-16T13:45:13.486+0000] {logging_mixin.py:190} INFO - [2024-08-16T13:45:13.485+0000] {dagbag.py:587} INFO - Filling up the DagBag from /home/airflow/.local/lib/python3.12/site-packages/airflow/example_dags/example_xcomargs.py
[2024-08-16T13:45:13.497+0000] {processor.py:925} INFO - DAG(s) 'example_xcom_args', 'example_xcom_args_with_operators' retrieved from /home/airflow/.local/lib/python3.12/site-packages/airflow/example_dags/example_xcomargs.py
[2024-08-16T13:45:13.532+0000] {logging_mixin.py:190} INFO - [2024-08-16T13:45:13.531+0000] {dag.py:3211} INFO - Sync 2 DAGs
[2024-08-16T13:45:13.554+0000] {logging_mixin.py:190} INFO - [2024-08-16T13:45:13.554+0000] {dag.py:4138} INFO - Setting next_dagrun for example_xcom_args to None, run_after=None
[2024-08-16T13:45:13.559+0000] {logging_mixin.py:190} INFO - [2024-08-16T13:45:13.559+0000] {dag.py:4138} INFO - Setting next_dagrun for example_xcom_args_with_operators to None, run_after=None
[2024-08-16T13:45:13.579+0000] {processor.py:208} INFO - Processing /home/airflow/.local/lib/python3.12/site-packages/airflow/example_dags/example_xcomargs.py took 0.105 seconds
[2024-08-16T13:45:43.922+0000] {processor.py:186} INFO - Started process (PID=15531) to work on /home/airflow/.local/lib/python3.12/site-packages/airflow/example_dags/example_xcomargs.py
[2024-08-16T13:45:43.923+0000] {processor.py:914} INFO - Processing file /home/airflow/.local/lib/python3.12/site-packages/airflow/example_dags/example_xcomargs.py for tasks to queue
[2024-08-16T13:45:43.926+0000] {logging_mixin.py:190} INFO - [2024-08-16T13:45:43.925+0000] {dagbag.py:587} INFO - Filling up the DagBag from /home/airflow/.local/lib/python3.12/site-packages/airflow/example_dags/example_xcomargs.py
[2024-08-16T13:45:43.938+0000] {processor.py:925} INFO - DAG(s) 'example_xcom_args_with_operators', 'example_xcom_args' retrieved from /home/airflow/.local/lib/python3.12/site-packages/airflow/example_dags/example_xcomargs.py
[2024-08-16T13:45:43.971+0000] {logging_mixin.py:190} INFO - [2024-08-16T13:45:43.971+0000] {dag.py:3211} INFO - Sync 2 DAGs
[2024-08-16T13:45:43.992+0000] {logging_mixin.py:190} INFO - [2024-08-16T13:45:43.991+0000] {dag.py:4138} INFO - Setting next_dagrun for example_xcom_args to None, run_after=None
[2024-08-16T13:45:43.997+0000] {logging_mixin.py:190} INFO - [2024-08-16T13:45:43.997+0000] {dag.py:4138} INFO - Setting next_dagrun for example_xcom_args_with_operators to None, run_after=None
[2024-08-16T13:45:44.020+0000] {processor.py:208} INFO - Processing /home/airflow/.local/lib/python3.12/site-packages/airflow/example_dags/example_xcomargs.py took 0.106 seconds
[2024-08-16T13:46:15.294+0000] {processor.py:186} INFO - Started process (PID=15817) to work on /home/airflow/.local/lib/python3.12/site-packages/airflow/example_dags/example_xcomargs.py
[2024-08-16T13:46:15.296+0000] {processor.py:914} INFO - Processing file /home/airflow/.local/lib/python3.12/site-packages/airflow/example_dags/example_xcomargs.py for tasks to queue
[2024-08-16T13:46:15.300+0000] {logging_mixin.py:190} INFO - [2024-08-16T13:46:15.300+0000] {dagbag.py:587} INFO - Filling up the DagBag from /home/airflow/.local/lib/python3.12/site-packages/airflow/example_dags/example_xcomargs.py
[2024-08-16T13:46:15.321+0000] {processor.py:925} INFO - DAG(s) 'example_xcom_args_with_operators', 'example_xcom_args' retrieved from /home/airflow/.local/lib/python3.12/site-packages/airflow/example_dags/example_xcomargs.py
[2024-08-16T13:46:15.360+0000] {logging_mixin.py:190} INFO - [2024-08-16T13:46:15.360+0000] {dag.py:3211} INFO - Sync 2 DAGs
[2024-08-16T13:46:15.384+0000] {logging_mixin.py:190} INFO - [2024-08-16T13:46:15.384+0000] {dag.py:4138} INFO - Setting next_dagrun for example_xcom_args to None, run_after=None
[2024-08-16T13:46:15.390+0000] {logging_mixin.py:190} INFO - [2024-08-16T13:46:15.390+0000] {dag.py:4138} INFO - Setting next_dagrun for example_xcom_args_with_operators to None, run_after=None
[2024-08-16T13:46:15.419+0000] {processor.py:208} INFO - Processing /home/airflow/.local/lib/python3.12/site-packages/airflow/example_dags/example_xcomargs.py took 0.134 seconds
[2024-08-16T13:46:46.169+0000] {processor.py:186} INFO - Started process (PID=16105) to work on /home/airflow/.local/lib/python3.12/site-packages/airflow/example_dags/example_xcomargs.py
[2024-08-16T13:46:46.170+0000] {processor.py:914} INFO - Processing file /home/airflow/.local/lib/python3.12/site-packages/airflow/example_dags/example_xcomargs.py for tasks to queue
[2024-08-16T13:46:46.173+0000] {logging_mixin.py:190} INFO - [2024-08-16T13:46:46.173+0000] {dagbag.py:587} INFO - Filling up the DagBag from /home/airflow/.local/lib/python3.12/site-packages/airflow/example_dags/example_xcomargs.py
[2024-08-16T13:46:46.188+0000] {processor.py:925} INFO - DAG(s) 'example_xcom_args', 'example_xcom_args_with_operators' retrieved from /home/airflow/.local/lib/python3.12/site-packages/airflow/example_dags/example_xcomargs.py
[2024-08-16T13:46:46.239+0000] {logging_mixin.py:190} INFO - [2024-08-16T13:46:46.239+0000] {dag.py:3211} INFO - Sync 2 DAGs
[2024-08-16T13:46:46.276+0000] {logging_mixin.py:190} INFO - [2024-08-16T13:46:46.274+0000] {dag.py:4138} INFO - Setting next_dagrun for example_xcom_args to None, run_after=None
[2024-08-16T13:46:46.284+0000] {logging_mixin.py:190} INFO - [2024-08-16T13:46:46.284+0000] {dag.py:4138} INFO - Setting next_dagrun for example_xcom_args_with_operators to None, run_after=None
[2024-08-16T13:46:46.333+0000] {processor.py:208} INFO - Processing /home/airflow/.local/lib/python3.12/site-packages/airflow/example_dags/example_xcomargs.py took 0.175 seconds
[2024-08-16T13:47:16.673+0000] {processor.py:186} INFO - Started process (PID=16389) to work on /home/airflow/.local/lib/python3.12/site-packages/airflow/example_dags/example_xcomargs.py
[2024-08-16T13:47:16.674+0000] {processor.py:914} INFO - Processing file /home/airflow/.local/lib/python3.12/site-packages/airflow/example_dags/example_xcomargs.py for tasks to queue
[2024-08-16T13:47:16.677+0000] {logging_mixin.py:190} INFO - [2024-08-16T13:47:16.677+0000] {dagbag.py:587} INFO - Filling up the DagBag from /home/airflow/.local/lib/python3.12/site-packages/airflow/example_dags/example_xcomargs.py
[2024-08-16T13:47:16.691+0000] {processor.py:925} INFO - DAG(s) 'example_xcom_args_with_operators', 'example_xcom_args' retrieved from /home/airflow/.local/lib/python3.12/site-packages/airflow/example_dags/example_xcomargs.py
[2024-08-16T13:47:16.717+0000] {logging_mixin.py:190} INFO - [2024-08-16T13:47:16.716+0000] {dag.py:3211} INFO - Sync 2 DAGs
[2024-08-16T13:47:16.734+0000] {logging_mixin.py:190} INFO - [2024-08-16T13:47:16.734+0000] {dag.py:4138} INFO - Setting next_dagrun for example_xcom_args to None, run_after=None
[2024-08-16T13:47:16.738+0000] {logging_mixin.py:190} INFO - [2024-08-16T13:47:16.738+0000] {dag.py:4138} INFO - Setting next_dagrun for example_xcom_args_with_operators to None, run_after=None
[2024-08-16T13:47:16.755+0000] {processor.py:208} INFO - Processing /home/airflow/.local/lib/python3.12/site-packages/airflow/example_dags/example_xcomargs.py took 0.093 seconds
[2024-08-16T13:47:47.395+0000] {processor.py:186} INFO - Started process (PID=16675) to work on /home/airflow/.local/lib/python3.12/site-packages/airflow/example_dags/example_xcomargs.py
[2024-08-16T13:47:47.396+0000] {processor.py:914} INFO - Processing file /home/airflow/.local/lib/python3.12/site-packages/airflow/example_dags/example_xcomargs.py for tasks to queue
[2024-08-16T13:47:47.399+0000] {logging_mixin.py:190} INFO - [2024-08-16T13:47:47.398+0000] {dagbag.py:587} INFO - Filling up the DagBag from /home/airflow/.local/lib/python3.12/site-packages/airflow/example_dags/example_xcomargs.py
[2024-08-16T13:47:47.411+0000] {processor.py:925} INFO - DAG(s) 'example_xcom_args_with_operators', 'example_xcom_args' retrieved from /home/airflow/.local/lib/python3.12/site-packages/airflow/example_dags/example_xcomargs.py
[2024-08-16T13:47:47.439+0000] {logging_mixin.py:190} INFO - [2024-08-16T13:47:47.438+0000] {dag.py:3211} INFO - Sync 2 DAGs
[2024-08-16T13:47:47.458+0000] {logging_mixin.py:190} INFO - [2024-08-16T13:47:47.458+0000] {dag.py:4138} INFO - Setting next_dagrun for example_xcom_args to None, run_after=None
[2024-08-16T13:47:47.463+0000] {logging_mixin.py:190} INFO - [2024-08-16T13:47:47.463+0000] {dag.py:4138} INFO - Setting next_dagrun for example_xcom_args_with_operators to None, run_after=None
[2024-08-16T13:47:47.483+0000] {processor.py:208} INFO - Processing /home/airflow/.local/lib/python3.12/site-packages/airflow/example_dags/example_xcomargs.py took 0.095 seconds
[2024-08-16T13:48:18.321+0000] {processor.py:186} INFO - Started process (PID=16970) to work on /home/airflow/.local/lib/python3.12/site-packages/airflow/example_dags/example_xcomargs.py
[2024-08-16T13:48:18.322+0000] {processor.py:914} INFO - Processing file /home/airflow/.local/lib/python3.12/site-packages/airflow/example_dags/example_xcomargs.py for tasks to queue
[2024-08-16T13:48:18.325+0000] {logging_mixin.py:190} INFO - [2024-08-16T13:48:18.325+0000] {dagbag.py:587} INFO - Filling up the DagBag from /home/airflow/.local/lib/python3.12/site-packages/airflow/example_dags/example_xcomargs.py
[2024-08-16T13:48:18.340+0000] {processor.py:925} INFO - DAG(s) 'example_xcom_args', 'example_xcom_args_with_operators' retrieved from /home/airflow/.local/lib/python3.12/site-packages/airflow/example_dags/example_xcomargs.py
[2024-08-16T13:48:18.371+0000] {logging_mixin.py:190} INFO - [2024-08-16T13:48:18.371+0000] {dag.py:3211} INFO - Sync 2 DAGs
[2024-08-16T13:48:18.389+0000] {logging_mixin.py:190} INFO - [2024-08-16T13:48:18.389+0000] {dag.py:4138} INFO - Setting next_dagrun for example_xcom_args to None, run_after=None
[2024-08-16T13:48:18.393+0000] {logging_mixin.py:190} INFO - [2024-08-16T13:48:18.393+0000] {dag.py:4138} INFO - Setting next_dagrun for example_xcom_args_with_operators to None, run_after=None
[2024-08-16T13:48:18.435+0000] {processor.py:208} INFO - Processing /home/airflow/.local/lib/python3.12/site-packages/airflow/example_dags/example_xcomargs.py took 0.122 seconds
[2024-08-16T13:48:48.777+0000] {processor.py:186} INFO - Started process (PID=17254) to work on /home/airflow/.local/lib/python3.12/site-packages/airflow/example_dags/example_xcomargs.py
[2024-08-16T13:48:48.778+0000] {processor.py:914} INFO - Processing file /home/airflow/.local/lib/python3.12/site-packages/airflow/example_dags/example_xcomargs.py for tasks to queue
[2024-08-16T13:48:48.781+0000] {logging_mixin.py:190} INFO - [2024-08-16T13:48:48.781+0000] {dagbag.py:587} INFO - Filling up the DagBag from /home/airflow/.local/lib/python3.12/site-packages/airflow/example_dags/example_xcomargs.py
[2024-08-16T13:48:48.796+0000] {processor.py:925} INFO - DAG(s) 'example_xcom_args_with_operators', 'example_xcom_args' retrieved from /home/airflow/.local/lib/python3.12/site-packages/airflow/example_dags/example_xcomargs.py
[2024-08-16T13:48:48.825+0000] {logging_mixin.py:190} INFO - [2024-08-16T13:48:48.825+0000] {dag.py:3211} INFO - Sync 2 DAGs
[2024-08-16T13:48:48.842+0000] {logging_mixin.py:190} INFO - [2024-08-16T13:48:48.842+0000] {dag.py:4138} INFO - Setting next_dagrun for example_xcom_args to None, run_after=None
[2024-08-16T13:48:48.846+0000] {logging_mixin.py:190} INFO - [2024-08-16T13:48:48.846+0000] {dag.py:4138} INFO - Setting next_dagrun for example_xcom_args_with_operators to None, run_after=None
[2024-08-16T13:48:48.864+0000] {processor.py:208} INFO - Processing /home/airflow/.local/lib/python3.12/site-packages/airflow/example_dags/example_xcomargs.py took 0.095 seconds
[2024-08-16T13:49:19.485+0000] {processor.py:186} INFO - Started process (PID=17540) to work on /home/airflow/.local/lib/python3.12/site-packages/airflow/example_dags/example_xcomargs.py
[2024-08-16T13:49:19.487+0000] {processor.py:914} INFO - Processing file /home/airflow/.local/lib/python3.12/site-packages/airflow/example_dags/example_xcomargs.py for tasks to queue
[2024-08-16T13:49:19.491+0000] {logging_mixin.py:190} INFO - [2024-08-16T13:49:19.491+0000] {dagbag.py:587} INFO - Filling up the DagBag from /home/airflow/.local/lib/python3.12/site-packages/airflow/example_dags/example_xcomargs.py
[2024-08-16T13:49:19.514+0000] {processor.py:925} INFO - DAG(s) 'example_xcom_args_with_operators', 'example_xcom_args' retrieved from /home/airflow/.local/lib/python3.12/site-packages/airflow/example_dags/example_xcomargs.py
[2024-08-16T13:49:19.566+0000] {logging_mixin.py:190} INFO - [2024-08-16T13:49:19.562+0000] {dag.py:3211} INFO - Sync 2 DAGs
[2024-08-16T13:49:19.605+0000] {logging_mixin.py:190} INFO - [2024-08-16T13:49:19.604+0000] {dag.py:4138} INFO - Setting next_dagrun for example_xcom_args to None, run_after=None
[2024-08-16T13:49:19.615+0000] {logging_mixin.py:190} INFO - [2024-08-16T13:49:19.613+0000] {dag.py:4138} INFO - Setting next_dagrun for example_xcom_args_with_operators to None, run_after=None
[2024-08-16T13:49:19.665+0000] {processor.py:208} INFO - Processing /home/airflow/.local/lib/python3.12/site-packages/airflow/example_dags/example_xcomargs.py took 0.189 seconds
[2024-08-16T13:49:50.020+0000] {processor.py:186} INFO - Started process (PID=17826) to work on /home/airflow/.local/lib/python3.12/site-packages/airflow/example_dags/example_xcomargs.py
[2024-08-16T13:49:50.021+0000] {processor.py:914} INFO - Processing file /home/airflow/.local/lib/python3.12/site-packages/airflow/example_dags/example_xcomargs.py for tasks to queue
[2024-08-16T13:49:50.024+0000] {logging_mixin.py:190} INFO - [2024-08-16T13:49:50.023+0000] {dagbag.py:587} INFO - Filling up the DagBag from /home/airflow/.local/lib/python3.12/site-packages/airflow/example_dags/example_xcomargs.py
[2024-08-16T13:49:50.039+0000] {processor.py:925} INFO - DAG(s) 'example_xcom_args', 'example_xcom_args_with_operators' retrieved from /home/airflow/.local/lib/python3.12/site-packages/airflow/example_dags/example_xcomargs.py
[2024-08-16T13:49:50.072+0000] {logging_mixin.py:190} INFO - [2024-08-16T13:49:50.072+0000] {dag.py:3211} INFO - Sync 2 DAGs
[2024-08-16T13:49:50.092+0000] {logging_mixin.py:190} INFO - [2024-08-16T13:49:50.092+0000] {dag.py:4138} INFO - Setting next_dagrun for example_xcom_args to None, run_after=None
[2024-08-16T13:49:50.100+0000] {logging_mixin.py:190} INFO - [2024-08-16T13:49:50.100+0000] {dag.py:4138} INFO - Setting next_dagrun for example_xcom_args_with_operators to None, run_after=None
[2024-08-16T13:49:50.120+0000] {processor.py:208} INFO - Processing /home/airflow/.local/lib/python3.12/site-packages/airflow/example_dags/example_xcomargs.py took 0.107 seconds
