[2024-08-16T13:18:46.241+0000] {processor.py:186} INFO - Started process (PID=330) to work on /home/airflow/.local/lib/python3.12/site-packages/airflow/example_dags/example_branch_operator.py
[2024-08-16T13:18:46.242+0000] {processor.py:914} INFO - Processing file /home/airflow/.local/lib/python3.12/site-packages/airflow/example_dags/example_branch_operator.py for tasks to queue
[2024-08-16T13:18:46.245+0000] {logging_mixin.py:190} INFO - [2024-08-16T13:18:46.244+0000] {dagbag.py:587} INFO - Filling up the DagBag from /home/airflow/.local/lib/python3.12/site-packages/airflow/example_dags/example_branch_operator.py
[2024-08-16T13:18:46.271+0000] {processor.py:925} INFO - DAG(s) 'example_branch_operator' retrieved from /home/airflow/.local/lib/python3.12/site-packages/airflow/example_dags/example_branch_operator.py
[2024-08-16T13:18:46.438+0000] {logging_mixin.py:190} INFO - [2024-08-16T13:18:46.437+0000] {override.py:1858} INFO - Created Permission View: can read on DAG:example_branch_operator
[2024-08-16T13:18:46.453+0000] {logging_mixin.py:190} INFO - [2024-08-16T13:18:46.453+0000] {override.py:1858} INFO - Created Permission View: can edit on DAG:example_branch_operator
[2024-08-16T13:18:46.462+0000] {logging_mixin.py:190} INFO - [2024-08-16T13:18:46.462+0000] {override.py:1858} INFO - Created Permission View: can delete on DAG:example_branch_operator
[2024-08-16T13:18:46.463+0000] {logging_mixin.py:190} INFO - [2024-08-16T13:18:46.463+0000] {dag.py:3211} INFO - Sync 1 DAGs
[2024-08-16T13:18:46.477+0000] {logging_mixin.py:190} INFO - [2024-08-16T13:18:46.477+0000] {dag.py:3234} INFO - Creating ORM DAG for example_branch_operator
[2024-08-16T13:18:46.492+0000] {logging_mixin.py:190} INFO - [2024-08-16T13:18:46.492+0000] {dag.py:4138} INFO - Setting next_dagrun for example_branch_operator to 2024-08-15 00:00:00+00:00, run_after=2024-08-16 00:00:00+00:00
[2024-08-16T13:18:46.517+0000] {processor.py:208} INFO - Processing /home/airflow/.local/lib/python3.12/site-packages/airflow/example_dags/example_branch_operator.py took 0.283 seconds
[2024-08-16T13:19:16.780+0000] {processor.py:186} INFO - Started process (PID=618) to work on /home/airflow/.local/lib/python3.12/site-packages/airflow/example_dags/example_branch_operator.py
[2024-08-16T13:19:16.781+0000] {processor.py:914} INFO - Processing file /home/airflow/.local/lib/python3.12/site-packages/airflow/example_dags/example_branch_operator.py for tasks to queue
[2024-08-16T13:19:16.784+0000] {logging_mixin.py:190} INFO - [2024-08-16T13:19:16.783+0000] {dagbag.py:587} INFO - Filling up the DagBag from /home/airflow/.local/lib/python3.12/site-packages/airflow/example_dags/example_branch_operator.py
[2024-08-16T13:19:16.805+0000] {processor.py:925} INFO - DAG(s) 'example_branch_operator' retrieved from /home/airflow/.local/lib/python3.12/site-packages/airflow/example_dags/example_branch_operator.py
[2024-08-16T13:19:16.844+0000] {logging_mixin.py:190} INFO - [2024-08-16T13:19:16.844+0000] {dag.py:3211} INFO - Sync 1 DAGs
[2024-08-16T13:19:16.872+0000] {logging_mixin.py:190} INFO - [2024-08-16T13:19:16.872+0000] {dag.py:4138} INFO - Setting next_dagrun for example_branch_operator to 2024-08-15 00:00:00+00:00, run_after=2024-08-16 00:00:00+00:00
[2024-08-16T13:19:16.894+0000] {processor.py:208} INFO - Processing /home/airflow/.local/lib/python3.12/site-packages/airflow/example_dags/example_branch_operator.py took 0.122 seconds
[2024-08-16T13:19:47.301+0000] {processor.py:186} INFO - Started process (PID=904) to work on /home/airflow/.local/lib/python3.12/site-packages/airflow/example_dags/example_branch_operator.py
[2024-08-16T13:19:47.303+0000] {processor.py:914} INFO - Processing file /home/airflow/.local/lib/python3.12/site-packages/airflow/example_dags/example_branch_operator.py for tasks to queue
[2024-08-16T13:19:47.305+0000] {logging_mixin.py:190} INFO - [2024-08-16T13:19:47.305+0000] {dagbag.py:587} INFO - Filling up the DagBag from /home/airflow/.local/lib/python3.12/site-packages/airflow/example_dags/example_branch_operator.py
[2024-08-16T13:19:47.326+0000] {processor.py:925} INFO - DAG(s) 'example_branch_operator' retrieved from /home/airflow/.local/lib/python3.12/site-packages/airflow/example_dags/example_branch_operator.py
[2024-08-16T13:19:47.357+0000] {logging_mixin.py:190} INFO - [2024-08-16T13:19:47.357+0000] {dag.py:3211} INFO - Sync 1 DAGs
[2024-08-16T13:19:47.384+0000] {logging_mixin.py:190} INFO - [2024-08-16T13:19:47.384+0000] {dag.py:4138} INFO - Setting next_dagrun for example_branch_operator to 2024-08-15 00:00:00+00:00, run_after=2024-08-16 00:00:00+00:00
[2024-08-16T13:19:47.414+0000] {processor.py:208} INFO - Processing /home/airflow/.local/lib/python3.12/site-packages/airflow/example_dags/example_branch_operator.py took 0.120 seconds
[2024-08-16T13:20:18.134+0000] {processor.py:186} INFO - Started process (PID=1190) to work on /home/airflow/.local/lib/python3.12/site-packages/airflow/example_dags/example_branch_operator.py
[2024-08-16T13:20:18.135+0000] {processor.py:914} INFO - Processing file /home/airflow/.local/lib/python3.12/site-packages/airflow/example_dags/example_branch_operator.py for tasks to queue
[2024-08-16T13:20:18.137+0000] {logging_mixin.py:190} INFO - [2024-08-16T13:20:18.137+0000] {dagbag.py:587} INFO - Filling up the DagBag from /home/airflow/.local/lib/python3.12/site-packages/airflow/example_dags/example_branch_operator.py
[2024-08-16T13:20:18.158+0000] {processor.py:925} INFO - DAG(s) 'example_branch_operator' retrieved from /home/airflow/.local/lib/python3.12/site-packages/airflow/example_dags/example_branch_operator.py
[2024-08-16T13:20:18.192+0000] {logging_mixin.py:190} INFO - [2024-08-16T13:20:18.191+0000] {dag.py:3211} INFO - Sync 1 DAGs
[2024-08-16T13:20:18.218+0000] {logging_mixin.py:190} INFO - [2024-08-16T13:20:18.218+0000] {dag.py:4138} INFO - Setting next_dagrun for example_branch_operator to 2024-08-15 00:00:00+00:00, run_after=2024-08-16 00:00:00+00:00
[2024-08-16T13:20:18.237+0000] {processor.py:208} INFO - Processing /home/airflow/.local/lib/python3.12/site-packages/airflow/example_dags/example_branch_operator.py took 0.110 seconds
[2024-08-16T13:20:48.511+0000] {processor.py:186} INFO - Started process (PID=1476) to work on /home/airflow/.local/lib/python3.12/site-packages/airflow/example_dags/example_branch_operator.py
[2024-08-16T13:20:48.512+0000] {processor.py:914} INFO - Processing file /home/airflow/.local/lib/python3.12/site-packages/airflow/example_dags/example_branch_operator.py for tasks to queue
[2024-08-16T13:20:48.515+0000] {logging_mixin.py:190} INFO - [2024-08-16T13:20:48.514+0000] {dagbag.py:587} INFO - Filling up the DagBag from /home/airflow/.local/lib/python3.12/site-packages/airflow/example_dags/example_branch_operator.py
[2024-08-16T13:20:48.534+0000] {processor.py:925} INFO - DAG(s) 'example_branch_operator' retrieved from /home/airflow/.local/lib/python3.12/site-packages/airflow/example_dags/example_branch_operator.py
[2024-08-16T13:20:48.566+0000] {logging_mixin.py:190} INFO - [2024-08-16T13:20:48.566+0000] {dag.py:3211} INFO - Sync 1 DAGs
[2024-08-16T13:20:48.594+0000] {logging_mixin.py:190} INFO - [2024-08-16T13:20:48.593+0000] {dag.py:4138} INFO - Setting next_dagrun for example_branch_operator to 2024-08-15 00:00:00+00:00, run_after=2024-08-16 00:00:00+00:00
[2024-08-16T13:20:48.613+0000] {processor.py:208} INFO - Processing /home/airflow/.local/lib/python3.12/site-packages/airflow/example_dags/example_branch_operator.py took 0.110 seconds
[2024-08-16T13:21:18.871+0000] {processor.py:186} INFO - Started process (PID=1760) to work on /home/airflow/.local/lib/python3.12/site-packages/airflow/example_dags/example_branch_operator.py
[2024-08-16T13:21:18.872+0000] {processor.py:914} INFO - Processing file /home/airflow/.local/lib/python3.12/site-packages/airflow/example_dags/example_branch_operator.py for tasks to queue
[2024-08-16T13:21:18.875+0000] {logging_mixin.py:190} INFO - [2024-08-16T13:21:18.875+0000] {dagbag.py:587} INFO - Filling up the DagBag from /home/airflow/.local/lib/python3.12/site-packages/airflow/example_dags/example_branch_operator.py
[2024-08-16T13:21:18.896+0000] {processor.py:925} INFO - DAG(s) 'example_branch_operator' retrieved from /home/airflow/.local/lib/python3.12/site-packages/airflow/example_dags/example_branch_operator.py
[2024-08-16T13:21:18.929+0000] {logging_mixin.py:190} INFO - [2024-08-16T13:21:18.929+0000] {dag.py:3211} INFO - Sync 1 DAGs
[2024-08-16T13:21:18.955+0000] {logging_mixin.py:190} INFO - [2024-08-16T13:21:18.954+0000] {dag.py:4138} INFO - Setting next_dagrun for example_branch_operator to 2024-08-15 00:00:00+00:00, run_after=2024-08-16 00:00:00+00:00
[2024-08-16T13:21:18.977+0000] {processor.py:208} INFO - Processing /home/airflow/.local/lib/python3.12/site-packages/airflow/example_dags/example_branch_operator.py took 0.112 seconds
[2024-08-16T13:21:49.201+0000] {processor.py:186} INFO - Started process (PID=2048) to work on /home/airflow/.local/lib/python3.12/site-packages/airflow/example_dags/example_branch_operator.py
[2024-08-16T13:21:49.202+0000] {processor.py:914} INFO - Processing file /home/airflow/.local/lib/python3.12/site-packages/airflow/example_dags/example_branch_operator.py for tasks to queue
[2024-08-16T13:21:49.204+0000] {logging_mixin.py:190} INFO - [2024-08-16T13:21:49.204+0000] {dagbag.py:587} INFO - Filling up the DagBag from /home/airflow/.local/lib/python3.12/site-packages/airflow/example_dags/example_branch_operator.py
[2024-08-16T13:21:49.224+0000] {processor.py:925} INFO - DAG(s) 'example_branch_operator' retrieved from /home/airflow/.local/lib/python3.12/site-packages/airflow/example_dags/example_branch_operator.py
[2024-08-16T13:21:49.256+0000] {logging_mixin.py:190} INFO - [2024-08-16T13:21:49.256+0000] {dag.py:3211} INFO - Sync 1 DAGs
[2024-08-16T13:21:49.283+0000] {logging_mixin.py:190} INFO - [2024-08-16T13:21:49.283+0000] {dag.py:4138} INFO - Setting next_dagrun for example_branch_operator to 2024-08-15 00:00:00+00:00, run_after=2024-08-16 00:00:00+00:00
[2024-08-16T13:21:49.303+0000] {processor.py:208} INFO - Processing /home/airflow/.local/lib/python3.12/site-packages/airflow/example_dags/example_branch_operator.py took 0.108 seconds
[2024-08-16T13:22:19.745+0000] {processor.py:186} INFO - Started process (PID=2334) to work on /home/airflow/.local/lib/python3.12/site-packages/airflow/example_dags/example_branch_operator.py
[2024-08-16T13:22:19.746+0000] {processor.py:914} INFO - Processing file /home/airflow/.local/lib/python3.12/site-packages/airflow/example_dags/example_branch_operator.py for tasks to queue
[2024-08-16T13:22:19.749+0000] {logging_mixin.py:190} INFO - [2024-08-16T13:22:19.749+0000] {dagbag.py:587} INFO - Filling up the DagBag from /home/airflow/.local/lib/python3.12/site-packages/airflow/example_dags/example_branch_operator.py
[2024-08-16T13:22:19.779+0000] {processor.py:925} INFO - DAG(s) 'example_branch_operator' retrieved from /home/airflow/.local/lib/python3.12/site-packages/airflow/example_dags/example_branch_operator.py
[2024-08-16T13:22:19.814+0000] {logging_mixin.py:190} INFO - [2024-08-16T13:22:19.814+0000] {dag.py:3211} INFO - Sync 1 DAGs
[2024-08-16T13:22:19.841+0000] {logging_mixin.py:190} INFO - [2024-08-16T13:22:19.840+0000] {dag.py:4138} INFO - Setting next_dagrun for example_branch_operator to 2024-08-15 00:00:00+00:00, run_after=2024-08-16 00:00:00+00:00
[2024-08-16T13:22:19.860+0000] {processor.py:208} INFO - Processing /home/airflow/.local/lib/python3.12/site-packages/airflow/example_dags/example_branch_operator.py took 0.121 seconds
[2024-08-16T13:22:50.105+0000] {processor.py:186} INFO - Started process (PID=2620) to work on /home/airflow/.local/lib/python3.12/site-packages/airflow/example_dags/example_branch_operator.py
[2024-08-16T13:22:50.106+0000] {processor.py:914} INFO - Processing file /home/airflow/.local/lib/python3.12/site-packages/airflow/example_dags/example_branch_operator.py for tasks to queue
[2024-08-16T13:22:50.108+0000] {logging_mixin.py:190} INFO - [2024-08-16T13:22:50.108+0000] {dagbag.py:587} INFO - Filling up the DagBag from /home/airflow/.local/lib/python3.12/site-packages/airflow/example_dags/example_branch_operator.py
[2024-08-16T13:22:50.130+0000] {processor.py:925} INFO - DAG(s) 'example_branch_operator' retrieved from /home/airflow/.local/lib/python3.12/site-packages/airflow/example_dags/example_branch_operator.py
[2024-08-16T13:22:50.164+0000] {logging_mixin.py:190} INFO - [2024-08-16T13:22:50.164+0000] {dag.py:3211} INFO - Sync 1 DAGs
[2024-08-16T13:22:50.193+0000] {logging_mixin.py:190} INFO - [2024-08-16T13:22:50.192+0000] {dag.py:4138} INFO - Setting next_dagrun for example_branch_operator to 2024-08-15 00:00:00+00:00, run_after=2024-08-16 00:00:00+00:00
[2024-08-16T13:22:50.213+0000] {processor.py:208} INFO - Processing /home/airflow/.local/lib/python3.12/site-packages/airflow/example_dags/example_branch_operator.py took 0.115 seconds
[2024-08-16T13:23:20.410+0000] {processor.py:186} INFO - Started process (PID=2906) to work on /home/airflow/.local/lib/python3.12/site-packages/airflow/example_dags/example_branch_operator.py
[2024-08-16T13:23:20.411+0000] {processor.py:914} INFO - Processing file /home/airflow/.local/lib/python3.12/site-packages/airflow/example_dags/example_branch_operator.py for tasks to queue
[2024-08-16T13:23:20.414+0000] {logging_mixin.py:190} INFO - [2024-08-16T13:23:20.413+0000] {dagbag.py:587} INFO - Filling up the DagBag from /home/airflow/.local/lib/python3.12/site-packages/airflow/example_dags/example_branch_operator.py
[2024-08-16T13:23:20.434+0000] {processor.py:925} INFO - DAG(s) 'example_branch_operator' retrieved from /home/airflow/.local/lib/python3.12/site-packages/airflow/example_dags/example_branch_operator.py
[2024-08-16T13:23:20.469+0000] {logging_mixin.py:190} INFO - [2024-08-16T13:23:20.469+0000] {dag.py:3211} INFO - Sync 1 DAGs
[2024-08-16T13:23:20.496+0000] {logging_mixin.py:190} INFO - [2024-08-16T13:23:20.496+0000] {dag.py:4138} INFO - Setting next_dagrun for example_branch_operator to 2024-08-15 00:00:00+00:00, run_after=2024-08-16 00:00:00+00:00
[2024-08-16T13:23:20.516+0000] {processor.py:208} INFO - Processing /home/airflow/.local/lib/python3.12/site-packages/airflow/example_dags/example_branch_operator.py took 0.112 seconds
[2024-08-16T13:23:50.726+0000] {processor.py:186} INFO - Started process (PID=3192) to work on /home/airflow/.local/lib/python3.12/site-packages/airflow/example_dags/example_branch_operator.py
[2024-08-16T13:23:50.727+0000] {processor.py:914} INFO - Processing file /home/airflow/.local/lib/python3.12/site-packages/airflow/example_dags/example_branch_operator.py for tasks to queue
[2024-08-16T13:23:50.729+0000] {logging_mixin.py:190} INFO - [2024-08-16T13:23:50.729+0000] {dagbag.py:587} INFO - Filling up the DagBag from /home/airflow/.local/lib/python3.12/site-packages/airflow/example_dags/example_branch_operator.py
[2024-08-16T13:23:50.749+0000] {processor.py:925} INFO - DAG(s) 'example_branch_operator' retrieved from /home/airflow/.local/lib/python3.12/site-packages/airflow/example_dags/example_branch_operator.py
[2024-08-16T13:23:50.783+0000] {logging_mixin.py:190} INFO - [2024-08-16T13:23:50.783+0000] {dag.py:3211} INFO - Sync 1 DAGs
[2024-08-16T13:23:50.811+0000] {logging_mixin.py:190} INFO - [2024-08-16T13:23:50.811+0000] {dag.py:4138} INFO - Setting next_dagrun for example_branch_operator to 2024-08-15 00:00:00+00:00, run_after=2024-08-16 00:00:00+00:00
[2024-08-16T13:23:50.831+0000] {processor.py:208} INFO - Processing /home/airflow/.local/lib/python3.12/site-packages/airflow/example_dags/example_branch_operator.py took 0.112 seconds
[2024-08-16T13:24:21.009+0000] {processor.py:186} INFO - Started process (PID=3478) to work on /home/airflow/.local/lib/python3.12/site-packages/airflow/example_dags/example_branch_operator.py
[2024-08-16T13:24:21.010+0000] {processor.py:914} INFO - Processing file /home/airflow/.local/lib/python3.12/site-packages/airflow/example_dags/example_branch_operator.py for tasks to queue
[2024-08-16T13:24:21.013+0000] {logging_mixin.py:190} INFO - [2024-08-16T13:24:21.013+0000] {dagbag.py:587} INFO - Filling up the DagBag from /home/airflow/.local/lib/python3.12/site-packages/airflow/example_dags/example_branch_operator.py
[2024-08-16T13:24:21.041+0000] {processor.py:925} INFO - DAG(s) 'example_branch_operator' retrieved from /home/airflow/.local/lib/python3.12/site-packages/airflow/example_dags/example_branch_operator.py
[2024-08-16T13:24:21.080+0000] {logging_mixin.py:190} INFO - [2024-08-16T13:24:21.079+0000] {dag.py:3211} INFO - Sync 1 DAGs
[2024-08-16T13:24:21.113+0000] {logging_mixin.py:190} INFO - [2024-08-16T13:24:21.113+0000] {dag.py:4138} INFO - Setting next_dagrun for example_branch_operator to 2024-08-15 00:00:00+00:00, run_after=2024-08-16 00:00:00+00:00
[2024-08-16T13:24:21.135+0000] {processor.py:208} INFO - Processing /home/airflow/.local/lib/python3.12/site-packages/airflow/example_dags/example_branch_operator.py took 0.134 seconds
[2024-08-16T13:24:51.401+0000] {processor.py:186} INFO - Started process (PID=3764) to work on /home/airflow/.local/lib/python3.12/site-packages/airflow/example_dags/example_branch_operator.py
[2024-08-16T13:24:51.402+0000] {processor.py:914} INFO - Processing file /home/airflow/.local/lib/python3.12/site-packages/airflow/example_dags/example_branch_operator.py for tasks to queue
[2024-08-16T13:24:51.405+0000] {logging_mixin.py:190} INFO - [2024-08-16T13:24:51.404+0000] {dagbag.py:587} INFO - Filling up the DagBag from /home/airflow/.local/lib/python3.12/site-packages/airflow/example_dags/example_branch_operator.py
[2024-08-16T13:24:51.424+0000] {processor.py:925} INFO - DAG(s) 'example_branch_operator' retrieved from /home/airflow/.local/lib/python3.12/site-packages/airflow/example_dags/example_branch_operator.py
[2024-08-16T13:24:51.458+0000] {logging_mixin.py:190} INFO - [2024-08-16T13:24:51.458+0000] {dag.py:3211} INFO - Sync 1 DAGs
[2024-08-16T13:24:51.485+0000] {logging_mixin.py:190} INFO - [2024-08-16T13:24:51.485+0000] {dag.py:4138} INFO - Setting next_dagrun for example_branch_operator to 2024-08-15 00:00:00+00:00, run_after=2024-08-16 00:00:00+00:00
[2024-08-16T13:24:51.511+0000] {processor.py:208} INFO - Processing /home/airflow/.local/lib/python3.12/site-packages/airflow/example_dags/example_branch_operator.py took 0.117 seconds
[2024-08-16T13:25:21.679+0000] {processor.py:186} INFO - Started process (PID=4050) to work on /home/airflow/.local/lib/python3.12/site-packages/airflow/example_dags/example_branch_operator.py
[2024-08-16T13:25:21.680+0000] {processor.py:914} INFO - Processing file /home/airflow/.local/lib/python3.12/site-packages/airflow/example_dags/example_branch_operator.py for tasks to queue
[2024-08-16T13:25:21.682+0000] {logging_mixin.py:190} INFO - [2024-08-16T13:25:21.682+0000] {dagbag.py:587} INFO - Filling up the DagBag from /home/airflow/.local/lib/python3.12/site-packages/airflow/example_dags/example_branch_operator.py
[2024-08-16T13:25:21.703+0000] {processor.py:925} INFO - DAG(s) 'example_branch_operator' retrieved from /home/airflow/.local/lib/python3.12/site-packages/airflow/example_dags/example_branch_operator.py
[2024-08-16T13:25:21.736+0000] {logging_mixin.py:190} INFO - [2024-08-16T13:25:21.736+0000] {dag.py:3211} INFO - Sync 1 DAGs
[2024-08-16T13:25:21.766+0000] {logging_mixin.py:190} INFO - [2024-08-16T13:25:21.766+0000] {dag.py:4138} INFO - Setting next_dagrun for example_branch_operator to 2024-08-15 00:00:00+00:00, run_after=2024-08-16 00:00:00+00:00
[2024-08-16T13:25:21.790+0000] {processor.py:208} INFO - Processing /home/airflow/.local/lib/python3.12/site-packages/airflow/example_dags/example_branch_operator.py took 0.117 seconds
[2024-08-16T13:25:52.171+0000] {processor.py:186} INFO - Started process (PID=4336) to work on /home/airflow/.local/lib/python3.12/site-packages/airflow/example_dags/example_branch_operator.py
[2024-08-16T13:25:52.172+0000] {processor.py:914} INFO - Processing file /home/airflow/.local/lib/python3.12/site-packages/airflow/example_dags/example_branch_operator.py for tasks to queue
[2024-08-16T13:25:52.175+0000] {logging_mixin.py:190} INFO - [2024-08-16T13:25:52.175+0000] {dagbag.py:587} INFO - Filling up the DagBag from /home/airflow/.local/lib/python3.12/site-packages/airflow/example_dags/example_branch_operator.py
[2024-08-16T13:25:52.194+0000] {processor.py:925} INFO - DAG(s) 'example_branch_operator' retrieved from /home/airflow/.local/lib/python3.12/site-packages/airflow/example_dags/example_branch_operator.py
[2024-08-16T13:25:52.227+0000] {logging_mixin.py:190} INFO - [2024-08-16T13:25:52.227+0000] {dag.py:3211} INFO - Sync 1 DAGs
[2024-08-16T13:25:52.257+0000] {logging_mixin.py:190} INFO - [2024-08-16T13:25:52.256+0000] {dag.py:4138} INFO - Setting next_dagrun for example_branch_operator to 2024-08-15 00:00:00+00:00, run_after=2024-08-16 00:00:00+00:00
[2024-08-16T13:25:52.275+0000] {processor.py:208} INFO - Processing /home/airflow/.local/lib/python3.12/site-packages/airflow/example_dags/example_branch_operator.py took 0.111 seconds
[2024-08-16T13:26:22.530+0000] {processor.py:186} INFO - Started process (PID=4622) to work on /home/airflow/.local/lib/python3.12/site-packages/airflow/example_dags/example_branch_operator.py
[2024-08-16T13:26:22.531+0000] {processor.py:914} INFO - Processing file /home/airflow/.local/lib/python3.12/site-packages/airflow/example_dags/example_branch_operator.py for tasks to queue
[2024-08-16T13:26:22.534+0000] {logging_mixin.py:190} INFO - [2024-08-16T13:26:22.534+0000] {dagbag.py:587} INFO - Filling up the DagBag from /home/airflow/.local/lib/python3.12/site-packages/airflow/example_dags/example_branch_operator.py
[2024-08-16T13:26:22.554+0000] {processor.py:925} INFO - DAG(s) 'example_branch_operator' retrieved from /home/airflow/.local/lib/python3.12/site-packages/airflow/example_dags/example_branch_operator.py
[2024-08-16T13:26:22.589+0000] {logging_mixin.py:190} INFO - [2024-08-16T13:26:22.588+0000] {dag.py:3211} INFO - Sync 1 DAGs
[2024-08-16T13:26:22.616+0000] {logging_mixin.py:190} INFO - [2024-08-16T13:26:22.616+0000] {dag.py:4138} INFO - Setting next_dagrun for example_branch_operator to 2024-08-15 00:00:00+00:00, run_after=2024-08-16 00:00:00+00:00
[2024-08-16T13:26:22.635+0000] {processor.py:208} INFO - Processing /home/airflow/.local/lib/python3.12/site-packages/airflow/example_dags/example_branch_operator.py took 0.112 seconds
[2024-08-16T13:26:53.150+0000] {processor.py:186} INFO - Started process (PID=4908) to work on /home/airflow/.local/lib/python3.12/site-packages/airflow/example_dags/example_branch_operator.py
[2024-08-16T13:26:53.151+0000] {processor.py:914} INFO - Processing file /home/airflow/.local/lib/python3.12/site-packages/airflow/example_dags/example_branch_operator.py for tasks to queue
[2024-08-16T13:26:53.153+0000] {logging_mixin.py:190} INFO - [2024-08-16T13:26:53.153+0000] {dagbag.py:587} INFO - Filling up the DagBag from /home/airflow/.local/lib/python3.12/site-packages/airflow/example_dags/example_branch_operator.py
[2024-08-16T13:26:53.172+0000] {processor.py:925} INFO - DAG(s) 'example_branch_operator' retrieved from /home/airflow/.local/lib/python3.12/site-packages/airflow/example_dags/example_branch_operator.py
[2024-08-16T13:26:53.206+0000] {logging_mixin.py:190} INFO - [2024-08-16T13:26:53.206+0000] {dag.py:3211} INFO - Sync 1 DAGs
[2024-08-16T13:26:53.236+0000] {logging_mixin.py:190} INFO - [2024-08-16T13:26:53.236+0000] {dag.py:4138} INFO - Setting next_dagrun for example_branch_operator to 2024-08-15 00:00:00+00:00, run_after=2024-08-16 00:00:00+00:00
[2024-08-16T13:26:53.256+0000] {processor.py:208} INFO - Processing /home/airflow/.local/lib/python3.12/site-packages/airflow/example_dags/example_branch_operator.py took 0.112 seconds
[2024-08-16T13:27:23.500+0000] {processor.py:186} INFO - Started process (PID=5193) to work on /home/airflow/.local/lib/python3.12/site-packages/airflow/example_dags/example_branch_operator.py
[2024-08-16T13:27:23.501+0000] {processor.py:914} INFO - Processing file /home/airflow/.local/lib/python3.12/site-packages/airflow/example_dags/example_branch_operator.py for tasks to queue
[2024-08-16T13:27:23.503+0000] {logging_mixin.py:190} INFO - [2024-08-16T13:27:23.503+0000] {dagbag.py:587} INFO - Filling up the DagBag from /home/airflow/.local/lib/python3.12/site-packages/airflow/example_dags/example_branch_operator.py
[2024-08-16T13:27:23.522+0000] {processor.py:925} INFO - DAG(s) 'example_branch_operator' retrieved from /home/airflow/.local/lib/python3.12/site-packages/airflow/example_dags/example_branch_operator.py
[2024-08-16T13:27:23.559+0000] {logging_mixin.py:190} INFO - [2024-08-16T13:27:23.559+0000] {dag.py:3211} INFO - Sync 1 DAGs
[2024-08-16T13:27:23.590+0000] {logging_mixin.py:190} INFO - [2024-08-16T13:27:23.590+0000] {dag.py:4138} INFO - Setting next_dagrun for example_branch_operator to 2024-08-15 00:00:00+00:00, run_after=2024-08-16 00:00:00+00:00
[2024-08-16T13:27:23.611+0000] {processor.py:208} INFO - Processing /home/airflow/.local/lib/python3.12/site-packages/airflow/example_dags/example_branch_operator.py took 0.118 seconds
[2024-08-16T13:27:54.000+0000] {processor.py:186} INFO - Started process (PID=5484) to work on /home/airflow/.local/lib/python3.12/site-packages/airflow/example_dags/example_branch_operator.py
[2024-08-16T13:27:54.001+0000] {processor.py:914} INFO - Processing file /home/airflow/.local/lib/python3.12/site-packages/airflow/example_dags/example_branch_operator.py for tasks to queue
[2024-08-16T13:27:54.004+0000] {logging_mixin.py:190} INFO - [2024-08-16T13:27:54.003+0000] {dagbag.py:587} INFO - Filling up the DagBag from /home/airflow/.local/lib/python3.12/site-packages/airflow/example_dags/example_branch_operator.py
[2024-08-16T13:27:54.022+0000] {processor.py:925} INFO - DAG(s) 'example_branch_operator' retrieved from /home/airflow/.local/lib/python3.12/site-packages/airflow/example_dags/example_branch_operator.py
[2024-08-16T13:27:54.054+0000] {logging_mixin.py:190} INFO - [2024-08-16T13:27:54.054+0000] {dag.py:3211} INFO - Sync 1 DAGs
[2024-08-16T13:27:54.078+0000] {logging_mixin.py:190} INFO - [2024-08-16T13:27:54.078+0000] {dag.py:4138} INFO - Setting next_dagrun for example_branch_operator to 2024-08-15 00:00:00+00:00, run_after=2024-08-16 00:00:00+00:00
[2024-08-16T13:27:54.099+0000] {processor.py:208} INFO - Processing /home/airflow/.local/lib/python3.12/site-packages/airflow/example_dags/example_branch_operator.py took 0.104 seconds
[2024-08-16T13:28:24.582+0000] {processor.py:186} INFO - Started process (PID=5767) to work on /home/airflow/.local/lib/python3.12/site-packages/airflow/example_dags/example_branch_operator.py
[2024-08-16T13:28:24.584+0000] {processor.py:914} INFO - Processing file /home/airflow/.local/lib/python3.12/site-packages/airflow/example_dags/example_branch_operator.py for tasks to queue
[2024-08-16T13:28:24.586+0000] {logging_mixin.py:190} INFO - [2024-08-16T13:28:24.586+0000] {dagbag.py:587} INFO - Filling up the DagBag from /home/airflow/.local/lib/python3.12/site-packages/airflow/example_dags/example_branch_operator.py
[2024-08-16T13:28:24.608+0000] {processor.py:925} INFO - DAG(s) 'example_branch_operator' retrieved from /home/airflow/.local/lib/python3.12/site-packages/airflow/example_dags/example_branch_operator.py
[2024-08-16T13:28:24.642+0000] {logging_mixin.py:190} INFO - [2024-08-16T13:28:24.642+0000] {dag.py:3211} INFO - Sync 1 DAGs
[2024-08-16T13:28:24.671+0000] {logging_mixin.py:190} INFO - [2024-08-16T13:28:24.671+0000] {dag.py:4138} INFO - Setting next_dagrun for example_branch_operator to 2024-08-15 00:00:00+00:00, run_after=2024-08-16 00:00:00+00:00
[2024-08-16T13:28:24.697+0000] {processor.py:208} INFO - Processing /home/airflow/.local/lib/python3.12/site-packages/airflow/example_dags/example_branch_operator.py took 0.121 seconds
[2024-08-16T13:28:54.878+0000] {processor.py:186} INFO - Started process (PID=6051) to work on /home/airflow/.local/lib/python3.12/site-packages/airflow/example_dags/example_branch_operator.py
[2024-08-16T13:28:54.879+0000] {processor.py:914} INFO - Processing file /home/airflow/.local/lib/python3.12/site-packages/airflow/example_dags/example_branch_operator.py for tasks to queue
[2024-08-16T13:28:54.881+0000] {logging_mixin.py:190} INFO - [2024-08-16T13:28:54.881+0000] {dagbag.py:587} INFO - Filling up the DagBag from /home/airflow/.local/lib/python3.12/site-packages/airflow/example_dags/example_branch_operator.py
[2024-08-16T13:28:54.903+0000] {processor.py:925} INFO - DAG(s) 'example_branch_operator' retrieved from /home/airflow/.local/lib/python3.12/site-packages/airflow/example_dags/example_branch_operator.py
[2024-08-16T13:28:54.938+0000] {logging_mixin.py:190} INFO - [2024-08-16T13:28:54.938+0000] {dag.py:3211} INFO - Sync 1 DAGs
[2024-08-16T13:28:54.964+0000] {logging_mixin.py:190} INFO - [2024-08-16T13:28:54.964+0000] {dag.py:4138} INFO - Setting next_dagrun for example_branch_operator to 2024-08-15 00:00:00+00:00, run_after=2024-08-16 00:00:00+00:00
[2024-08-16T13:28:54.985+0000] {processor.py:208} INFO - Processing /home/airflow/.local/lib/python3.12/site-packages/airflow/example_dags/example_branch_operator.py took 0.113 seconds
[2024-08-16T13:29:25.526+0000] {processor.py:186} INFO - Started process (PID=6337) to work on /home/airflow/.local/lib/python3.12/site-packages/airflow/example_dags/example_branch_operator.py
[2024-08-16T13:29:25.527+0000] {processor.py:914} INFO - Processing file /home/airflow/.local/lib/python3.12/site-packages/airflow/example_dags/example_branch_operator.py for tasks to queue
[2024-08-16T13:29:25.530+0000] {logging_mixin.py:190} INFO - [2024-08-16T13:29:25.529+0000] {dagbag.py:587} INFO - Filling up the DagBag from /home/airflow/.local/lib/python3.12/site-packages/airflow/example_dags/example_branch_operator.py
[2024-08-16T13:29:25.550+0000] {processor.py:925} INFO - DAG(s) 'example_branch_operator' retrieved from /home/airflow/.local/lib/python3.12/site-packages/airflow/example_dags/example_branch_operator.py
[2024-08-16T13:29:25.586+0000] {logging_mixin.py:190} INFO - [2024-08-16T13:29:25.586+0000] {dag.py:3211} INFO - Sync 1 DAGs
[2024-08-16T13:29:25.612+0000] {logging_mixin.py:190} INFO - [2024-08-16T13:29:25.612+0000] {dag.py:4138} INFO - Setting next_dagrun for example_branch_operator to 2024-08-15 00:00:00+00:00, run_after=2024-08-16 00:00:00+00:00
[2024-08-16T13:29:25.634+0000] {processor.py:208} INFO - Processing /home/airflow/.local/lib/python3.12/site-packages/airflow/example_dags/example_branch_operator.py took 0.115 seconds
[2024-08-16T13:29:55.963+0000] {processor.py:186} INFO - Started process (PID=6623) to work on /home/airflow/.local/lib/python3.12/site-packages/airflow/example_dags/example_branch_operator.py
[2024-08-16T13:29:55.965+0000] {processor.py:914} INFO - Processing file /home/airflow/.local/lib/python3.12/site-packages/airflow/example_dags/example_branch_operator.py for tasks to queue
[2024-08-16T13:29:55.968+0000] {logging_mixin.py:190} INFO - [2024-08-16T13:29:55.968+0000] {dagbag.py:587} INFO - Filling up the DagBag from /home/airflow/.local/lib/python3.12/site-packages/airflow/example_dags/example_branch_operator.py
[2024-08-16T13:29:55.989+0000] {processor.py:925} INFO - DAG(s) 'example_branch_operator' retrieved from /home/airflow/.local/lib/python3.12/site-packages/airflow/example_dags/example_branch_operator.py
[2024-08-16T13:29:56.028+0000] {logging_mixin.py:190} INFO - [2024-08-16T13:29:56.028+0000] {dag.py:3211} INFO - Sync 1 DAGs
[2024-08-16T13:29:56.058+0000] {logging_mixin.py:190} INFO - [2024-08-16T13:29:56.058+0000] {dag.py:4138} INFO - Setting next_dagrun for example_branch_operator to 2024-08-15 00:00:00+00:00, run_after=2024-08-16 00:00:00+00:00
[2024-08-16T13:29:56.082+0000] {processor.py:208} INFO - Processing /home/airflow/.local/lib/python3.12/site-packages/airflow/example_dags/example_branch_operator.py took 0.125 seconds
[2024-08-16T13:30:26.421+0000] {processor.py:186} INFO - Started process (PID=6910) to work on /home/airflow/.local/lib/python3.12/site-packages/airflow/example_dags/example_branch_operator.py
[2024-08-16T13:30:26.422+0000] {processor.py:914} INFO - Processing file /home/airflow/.local/lib/python3.12/site-packages/airflow/example_dags/example_branch_operator.py for tasks to queue
[2024-08-16T13:30:26.425+0000] {logging_mixin.py:190} INFO - [2024-08-16T13:30:26.424+0000] {dagbag.py:587} INFO - Filling up the DagBag from /home/airflow/.local/lib/python3.12/site-packages/airflow/example_dags/example_branch_operator.py
[2024-08-16T13:30:26.447+0000] {processor.py:925} INFO - DAG(s) 'example_branch_operator' retrieved from /home/airflow/.local/lib/python3.12/site-packages/airflow/example_dags/example_branch_operator.py
[2024-08-16T13:30:26.484+0000] {logging_mixin.py:190} INFO - [2024-08-16T13:30:26.484+0000] {dag.py:3211} INFO - Sync 1 DAGs
[2024-08-16T13:30:26.515+0000] {logging_mixin.py:190} INFO - [2024-08-16T13:30:26.514+0000] {dag.py:4138} INFO - Setting next_dagrun for example_branch_operator to 2024-08-15 00:00:00+00:00, run_after=2024-08-16 00:00:00+00:00
[2024-08-16T13:30:26.537+0000] {processor.py:208} INFO - Processing /home/airflow/.local/lib/python3.12/site-packages/airflow/example_dags/example_branch_operator.py took 0.123 seconds
[2024-08-16T13:30:57.165+0000] {processor.py:186} INFO - Started process (PID=7196) to work on /home/airflow/.local/lib/python3.12/site-packages/airflow/example_dags/example_branch_operator.py
[2024-08-16T13:30:57.166+0000] {processor.py:914} INFO - Processing file /home/airflow/.local/lib/python3.12/site-packages/airflow/example_dags/example_branch_operator.py for tasks to queue
[2024-08-16T13:30:57.169+0000] {logging_mixin.py:190} INFO - [2024-08-16T13:30:57.168+0000] {dagbag.py:587} INFO - Filling up the DagBag from /home/airflow/.local/lib/python3.12/site-packages/airflow/example_dags/example_branch_operator.py
[2024-08-16T13:30:57.189+0000] {processor.py:925} INFO - DAG(s) 'example_branch_operator' retrieved from /home/airflow/.local/lib/python3.12/site-packages/airflow/example_dags/example_branch_operator.py
[2024-08-16T13:30:57.222+0000] {logging_mixin.py:190} INFO - [2024-08-16T13:30:57.221+0000] {dag.py:3211} INFO - Sync 1 DAGs
[2024-08-16T13:30:57.253+0000] {logging_mixin.py:190} INFO - [2024-08-16T13:30:57.253+0000] {dag.py:4138} INFO - Setting next_dagrun for example_branch_operator to 2024-08-15 00:00:00+00:00, run_after=2024-08-16 00:00:00+00:00
[2024-08-16T13:30:57.278+0000] {processor.py:208} INFO - Processing /home/airflow/.local/lib/python3.12/site-packages/airflow/example_dags/example_branch_operator.py took 0.120 seconds
[2024-08-16T13:31:27.536+0000] {processor.py:186} INFO - Started process (PID=7482) to work on /home/airflow/.local/lib/python3.12/site-packages/airflow/example_dags/example_branch_operator.py
[2024-08-16T13:31:27.537+0000] {processor.py:914} INFO - Processing file /home/airflow/.local/lib/python3.12/site-packages/airflow/example_dags/example_branch_operator.py for tasks to queue
[2024-08-16T13:31:27.539+0000] {logging_mixin.py:190} INFO - [2024-08-16T13:31:27.539+0000] {dagbag.py:587} INFO - Filling up the DagBag from /home/airflow/.local/lib/python3.12/site-packages/airflow/example_dags/example_branch_operator.py
[2024-08-16T13:31:27.562+0000] {processor.py:925} INFO - DAG(s) 'example_branch_operator' retrieved from /home/airflow/.local/lib/python3.12/site-packages/airflow/example_dags/example_branch_operator.py
[2024-08-16T13:31:27.597+0000] {logging_mixin.py:190} INFO - [2024-08-16T13:31:27.597+0000] {dag.py:3211} INFO - Sync 1 DAGs
[2024-08-16T13:31:27.624+0000] {logging_mixin.py:190} INFO - [2024-08-16T13:31:27.624+0000] {dag.py:4138} INFO - Setting next_dagrun for example_branch_operator to 2024-08-15 00:00:00+00:00, run_after=2024-08-16 00:00:00+00:00
[2024-08-16T13:31:27.642+0000] {processor.py:208} INFO - Processing /home/airflow/.local/lib/python3.12/site-packages/airflow/example_dags/example_branch_operator.py took 0.112 seconds
[2024-08-16T13:31:58.101+0000] {processor.py:186} INFO - Started process (PID=7768) to work on /home/airflow/.local/lib/python3.12/site-packages/airflow/example_dags/example_branch_operator.py
[2024-08-16T13:31:58.102+0000] {processor.py:914} INFO - Processing file /home/airflow/.local/lib/python3.12/site-packages/airflow/example_dags/example_branch_operator.py for tasks to queue
[2024-08-16T13:31:58.104+0000] {logging_mixin.py:190} INFO - [2024-08-16T13:31:58.104+0000] {dagbag.py:587} INFO - Filling up the DagBag from /home/airflow/.local/lib/python3.12/site-packages/airflow/example_dags/example_branch_operator.py
[2024-08-16T13:31:58.124+0000] {processor.py:925} INFO - DAG(s) 'example_branch_operator' retrieved from /home/airflow/.local/lib/python3.12/site-packages/airflow/example_dags/example_branch_operator.py
[2024-08-16T13:31:58.157+0000] {logging_mixin.py:190} INFO - [2024-08-16T13:31:58.157+0000] {dag.py:3211} INFO - Sync 1 DAGs
[2024-08-16T13:31:58.183+0000] {logging_mixin.py:190} INFO - [2024-08-16T13:31:58.182+0000] {dag.py:4138} INFO - Setting next_dagrun for example_branch_operator to 2024-08-15 00:00:00+00:00, run_after=2024-08-16 00:00:00+00:00
[2024-08-16T13:31:58.201+0000] {processor.py:208} INFO - Processing /home/airflow/.local/lib/python3.12/site-packages/airflow/example_dags/example_branch_operator.py took 0.107 seconds
[2024-08-16T13:32:28.693+0000] {processor.py:186} INFO - Started process (PID=8054) to work on /home/airflow/.local/lib/python3.12/site-packages/airflow/example_dags/example_branch_operator.py
[2024-08-16T13:32:28.694+0000] {processor.py:914} INFO - Processing file /home/airflow/.local/lib/python3.12/site-packages/airflow/example_dags/example_branch_operator.py for tasks to queue
[2024-08-16T13:32:28.697+0000] {logging_mixin.py:190} INFO - [2024-08-16T13:32:28.696+0000] {dagbag.py:587} INFO - Filling up the DagBag from /home/airflow/.local/lib/python3.12/site-packages/airflow/example_dags/example_branch_operator.py
[2024-08-16T13:32:28.715+0000] {processor.py:925} INFO - DAG(s) 'example_branch_operator' retrieved from /home/airflow/.local/lib/python3.12/site-packages/airflow/example_dags/example_branch_operator.py
[2024-08-16T13:32:28.754+0000] {logging_mixin.py:190} INFO - [2024-08-16T13:32:28.753+0000] {dag.py:3211} INFO - Sync 1 DAGs
[2024-08-16T13:32:28.781+0000] {logging_mixin.py:190} INFO - [2024-08-16T13:32:28.781+0000] {dag.py:4138} INFO - Setting next_dagrun for example_branch_operator to 2024-08-15 00:00:00+00:00, run_after=2024-08-16 00:00:00+00:00
[2024-08-16T13:32:28.800+0000] {processor.py:208} INFO - Processing /home/airflow/.local/lib/python3.12/site-packages/airflow/example_dags/example_branch_operator.py took 0.114 seconds
[2024-08-16T13:32:59.065+0000] {processor.py:186} INFO - Started process (PID=8340) to work on /home/airflow/.local/lib/python3.12/site-packages/airflow/example_dags/example_branch_operator.py
[2024-08-16T13:32:59.067+0000] {processor.py:914} INFO - Processing file /home/airflow/.local/lib/python3.12/site-packages/airflow/example_dags/example_branch_operator.py for tasks to queue
[2024-08-16T13:32:59.072+0000] {logging_mixin.py:190} INFO - [2024-08-16T13:32:59.072+0000] {dagbag.py:587} INFO - Filling up the DagBag from /home/airflow/.local/lib/python3.12/site-packages/airflow/example_dags/example_branch_operator.py
[2024-08-16T13:32:59.091+0000] {processor.py:925} INFO - DAG(s) 'example_branch_operator' retrieved from /home/airflow/.local/lib/python3.12/site-packages/airflow/example_dags/example_branch_operator.py
[2024-08-16T13:32:59.123+0000] {logging_mixin.py:190} INFO - [2024-08-16T13:32:59.123+0000] {dag.py:3211} INFO - Sync 1 DAGs
[2024-08-16T13:32:59.149+0000] {logging_mixin.py:190} INFO - [2024-08-16T13:32:59.148+0000] {dag.py:4138} INFO - Setting next_dagrun for example_branch_operator to 2024-08-15 00:00:00+00:00, run_after=2024-08-16 00:00:00+00:00
[2024-08-16T13:32:59.167+0000] {processor.py:208} INFO - Processing /home/airflow/.local/lib/python3.12/site-packages/airflow/example_dags/example_branch_operator.py took 0.111 seconds
[2024-08-16T13:33:29.450+0000] {processor.py:186} INFO - Started process (PID=8626) to work on /home/airflow/.local/lib/python3.12/site-packages/airflow/example_dags/example_branch_operator.py
[2024-08-16T13:33:29.451+0000] {processor.py:914} INFO - Processing file /home/airflow/.local/lib/python3.12/site-packages/airflow/example_dags/example_branch_operator.py for tasks to queue
[2024-08-16T13:33:29.454+0000] {logging_mixin.py:190} INFO - [2024-08-16T13:33:29.454+0000] {dagbag.py:587} INFO - Filling up the DagBag from /home/airflow/.local/lib/python3.12/site-packages/airflow/example_dags/example_branch_operator.py
[2024-08-16T13:33:29.473+0000] {processor.py:925} INFO - DAG(s) 'example_branch_operator' retrieved from /home/airflow/.local/lib/python3.12/site-packages/airflow/example_dags/example_branch_operator.py
[2024-08-16T13:33:29.507+0000] {logging_mixin.py:190} INFO - [2024-08-16T13:33:29.507+0000] {dag.py:3211} INFO - Sync 1 DAGs
[2024-08-16T13:33:29.535+0000] {logging_mixin.py:190} INFO - [2024-08-16T13:33:29.535+0000] {dag.py:4138} INFO - Setting next_dagrun for example_branch_operator to 2024-08-15 00:00:00+00:00, run_after=2024-08-16 00:00:00+00:00
[2024-08-16T13:33:29.555+0000] {processor.py:208} INFO - Processing /home/airflow/.local/lib/python3.12/site-packages/airflow/example_dags/example_branch_operator.py took 0.111 seconds
[2024-08-16T13:33:59.795+0000] {processor.py:186} INFO - Started process (PID=8912) to work on /home/airflow/.local/lib/python3.12/site-packages/airflow/example_dags/example_branch_operator.py
[2024-08-16T13:33:59.796+0000] {processor.py:914} INFO - Processing file /home/airflow/.local/lib/python3.12/site-packages/airflow/example_dags/example_branch_operator.py for tasks to queue
[2024-08-16T13:33:59.800+0000] {logging_mixin.py:190} INFO - [2024-08-16T13:33:59.799+0000] {dagbag.py:587} INFO - Filling up the DagBag from /home/airflow/.local/lib/python3.12/site-packages/airflow/example_dags/example_branch_operator.py
[2024-08-16T13:33:59.821+0000] {processor.py:925} INFO - DAG(s) 'example_branch_operator' retrieved from /home/airflow/.local/lib/python3.12/site-packages/airflow/example_dags/example_branch_operator.py
[2024-08-16T13:33:59.856+0000] {logging_mixin.py:190} INFO - [2024-08-16T13:33:59.855+0000] {dag.py:3211} INFO - Sync 1 DAGs
[2024-08-16T13:33:59.884+0000] {logging_mixin.py:190} INFO - [2024-08-16T13:33:59.883+0000] {dag.py:4138} INFO - Setting next_dagrun for example_branch_operator to 2024-08-15 00:00:00+00:00, run_after=2024-08-16 00:00:00+00:00
[2024-08-16T13:33:59.927+0000] {processor.py:208} INFO - Processing /home/airflow/.local/lib/python3.12/site-packages/airflow/example_dags/example_branch_operator.py took 0.139 seconds
[2024-08-16T13:34:30.394+0000] {processor.py:186} INFO - Started process (PID=9198) to work on /home/airflow/.local/lib/python3.12/site-packages/airflow/example_dags/example_branch_operator.py
[2024-08-16T13:34:30.395+0000] {processor.py:914} INFO - Processing file /home/airflow/.local/lib/python3.12/site-packages/airflow/example_dags/example_branch_operator.py for tasks to queue
[2024-08-16T13:34:30.398+0000] {logging_mixin.py:190} INFO - [2024-08-16T13:34:30.397+0000] {dagbag.py:587} INFO - Filling up the DagBag from /home/airflow/.local/lib/python3.12/site-packages/airflow/example_dags/example_branch_operator.py
[2024-08-16T13:34:30.417+0000] {processor.py:925} INFO - DAG(s) 'example_branch_operator' retrieved from /home/airflow/.local/lib/python3.12/site-packages/airflow/example_dags/example_branch_operator.py
[2024-08-16T13:34:30.452+0000] {logging_mixin.py:190} INFO - [2024-08-16T13:34:30.452+0000] {dag.py:3211} INFO - Sync 1 DAGs
[2024-08-16T13:34:30.478+0000] {logging_mixin.py:190} INFO - [2024-08-16T13:34:30.478+0000] {dag.py:4138} INFO - Setting next_dagrun for example_branch_operator to 2024-08-15 00:00:00+00:00, run_after=2024-08-16 00:00:00+00:00
[2024-08-16T13:34:30.502+0000] {processor.py:208} INFO - Processing /home/airflow/.local/lib/python3.12/site-packages/airflow/example_dags/example_branch_operator.py took 0.115 seconds
[2024-08-16T13:35:00.808+0000] {processor.py:186} INFO - Started process (PID=9484) to work on /home/airflow/.local/lib/python3.12/site-packages/airflow/example_dags/example_branch_operator.py
[2024-08-16T13:35:00.810+0000] {processor.py:914} INFO - Processing file /home/airflow/.local/lib/python3.12/site-packages/airflow/example_dags/example_branch_operator.py for tasks to queue
[2024-08-16T13:35:00.813+0000] {logging_mixin.py:190} INFO - [2024-08-16T13:35:00.812+0000] {dagbag.py:587} INFO - Filling up the DagBag from /home/airflow/.local/lib/python3.12/site-packages/airflow/example_dags/example_branch_operator.py
[2024-08-16T13:35:00.833+0000] {processor.py:925} INFO - DAG(s) 'example_branch_operator' retrieved from /home/airflow/.local/lib/python3.12/site-packages/airflow/example_dags/example_branch_operator.py
[2024-08-16T13:35:00.870+0000] {logging_mixin.py:190} INFO - [2024-08-16T13:35:00.870+0000] {dag.py:3211} INFO - Sync 1 DAGs
[2024-08-16T13:35:00.900+0000] {logging_mixin.py:190} INFO - [2024-08-16T13:35:00.900+0000] {dag.py:4138} INFO - Setting next_dagrun for example_branch_operator to 2024-08-15 00:00:00+00:00, run_after=2024-08-16 00:00:00+00:00
[2024-08-16T13:35:00.920+0000] {processor.py:208} INFO - Processing /home/airflow/.local/lib/python3.12/site-packages/airflow/example_dags/example_branch_operator.py took 0.119 seconds
[2024-08-16T13:35:31.219+0000] {processor.py:186} INFO - Started process (PID=9770) to work on /home/airflow/.local/lib/python3.12/site-packages/airflow/example_dags/example_branch_operator.py
[2024-08-16T13:35:31.220+0000] {processor.py:914} INFO - Processing file /home/airflow/.local/lib/python3.12/site-packages/airflow/example_dags/example_branch_operator.py for tasks to queue
[2024-08-16T13:35:31.223+0000] {logging_mixin.py:190} INFO - [2024-08-16T13:35:31.222+0000] {dagbag.py:587} INFO - Filling up the DagBag from /home/airflow/.local/lib/python3.12/site-packages/airflow/example_dags/example_branch_operator.py
[2024-08-16T13:35:31.243+0000] {processor.py:925} INFO - DAG(s) 'example_branch_operator' retrieved from /home/airflow/.local/lib/python3.12/site-packages/airflow/example_dags/example_branch_operator.py
[2024-08-16T13:35:31.283+0000] {logging_mixin.py:190} INFO - [2024-08-16T13:35:31.282+0000] {dag.py:3211} INFO - Sync 1 DAGs
[2024-08-16T13:35:31.313+0000] {logging_mixin.py:190} INFO - [2024-08-16T13:35:31.313+0000] {dag.py:4138} INFO - Setting next_dagrun for example_branch_operator to 2024-08-15 00:00:00+00:00, run_after=2024-08-16 00:00:00+00:00
[2024-08-16T13:35:31.333+0000] {processor.py:208} INFO - Processing /home/airflow/.local/lib/python3.12/site-packages/airflow/example_dags/example_branch_operator.py took 0.121 seconds
[2024-08-16T13:36:01.726+0000] {processor.py:186} INFO - Started process (PID=10056) to work on /home/airflow/.local/lib/python3.12/site-packages/airflow/example_dags/example_branch_operator.py
[2024-08-16T13:36:01.727+0000] {processor.py:914} INFO - Processing file /home/airflow/.local/lib/python3.12/site-packages/airflow/example_dags/example_branch_operator.py for tasks to queue
[2024-08-16T13:36:01.730+0000] {logging_mixin.py:190} INFO - [2024-08-16T13:36:01.729+0000] {dagbag.py:587} INFO - Filling up the DagBag from /home/airflow/.local/lib/python3.12/site-packages/airflow/example_dags/example_branch_operator.py
[2024-08-16T13:36:01.750+0000] {processor.py:925} INFO - DAG(s) 'example_branch_operator' retrieved from /home/airflow/.local/lib/python3.12/site-packages/airflow/example_dags/example_branch_operator.py
[2024-08-16T13:36:01.783+0000] {logging_mixin.py:190} INFO - [2024-08-16T13:36:01.783+0000] {dag.py:3211} INFO - Sync 1 DAGs
[2024-08-16T13:36:01.811+0000] {logging_mixin.py:190} INFO - [2024-08-16T13:36:01.811+0000] {dag.py:4138} INFO - Setting next_dagrun for example_branch_operator to 2024-08-15 00:00:00+00:00, run_after=2024-08-16 00:00:00+00:00
[2024-08-16T13:36:01.831+0000] {processor.py:208} INFO - Processing /home/airflow/.local/lib/python3.12/site-packages/airflow/example_dags/example_branch_operator.py took 0.112 seconds
[2024-08-16T13:36:32.205+0000] {processor.py:186} INFO - Started process (PID=10342) to work on /home/airflow/.local/lib/python3.12/site-packages/airflow/example_dags/example_branch_operator.py
[2024-08-16T13:36:32.206+0000] {processor.py:914} INFO - Processing file /home/airflow/.local/lib/python3.12/site-packages/airflow/example_dags/example_branch_operator.py for tasks to queue
[2024-08-16T13:36:32.209+0000] {logging_mixin.py:190} INFO - [2024-08-16T13:36:32.208+0000] {dagbag.py:587} INFO - Filling up the DagBag from /home/airflow/.local/lib/python3.12/site-packages/airflow/example_dags/example_branch_operator.py
[2024-08-16T13:36:32.230+0000] {processor.py:925} INFO - DAG(s) 'example_branch_operator' retrieved from /home/airflow/.local/lib/python3.12/site-packages/airflow/example_dags/example_branch_operator.py
[2024-08-16T13:36:32.267+0000] {logging_mixin.py:190} INFO - [2024-08-16T13:36:32.266+0000] {dag.py:3211} INFO - Sync 1 DAGs
[2024-08-16T13:36:32.294+0000] {logging_mixin.py:190} INFO - [2024-08-16T13:36:32.294+0000] {dag.py:4138} INFO - Setting next_dagrun for example_branch_operator to 2024-08-15 00:00:00+00:00, run_after=2024-08-16 00:00:00+00:00
[2024-08-16T13:36:32.314+0000] {processor.py:208} INFO - Processing /home/airflow/.local/lib/python3.12/site-packages/airflow/example_dags/example_branch_operator.py took 0.117 seconds
[2024-08-16T13:37:02.575+0000] {processor.py:186} INFO - Started process (PID=10628) to work on /home/airflow/.local/lib/python3.12/site-packages/airflow/example_dags/example_branch_operator.py
[2024-08-16T13:37:02.576+0000] {processor.py:914} INFO - Processing file /home/airflow/.local/lib/python3.12/site-packages/airflow/example_dags/example_branch_operator.py for tasks to queue
[2024-08-16T13:37:02.579+0000] {logging_mixin.py:190} INFO - [2024-08-16T13:37:02.579+0000] {dagbag.py:587} INFO - Filling up the DagBag from /home/airflow/.local/lib/python3.12/site-packages/airflow/example_dags/example_branch_operator.py
[2024-08-16T13:37:02.599+0000] {processor.py:925} INFO - DAG(s) 'example_branch_operator' retrieved from /home/airflow/.local/lib/python3.12/site-packages/airflow/example_dags/example_branch_operator.py
[2024-08-16T13:37:02.639+0000] {logging_mixin.py:190} INFO - [2024-08-16T13:37:02.639+0000] {dag.py:3211} INFO - Sync 1 DAGs
[2024-08-16T13:37:02.668+0000] {logging_mixin.py:190} INFO - [2024-08-16T13:37:02.668+0000] {dag.py:4138} INFO - Setting next_dagrun for example_branch_operator to 2024-08-15 00:00:00+00:00, run_after=2024-08-16 00:00:00+00:00
[2024-08-16T13:37:02.687+0000] {processor.py:208} INFO - Processing /home/airflow/.local/lib/python3.12/site-packages/airflow/example_dags/example_branch_operator.py took 0.119 seconds
[2024-08-16T13:37:32.969+0000] {processor.py:186} INFO - Started process (PID=10915) to work on /home/airflow/.local/lib/python3.12/site-packages/airflow/example_dags/example_branch_operator.py
[2024-08-16T13:37:32.970+0000] {processor.py:914} INFO - Processing file /home/airflow/.local/lib/python3.12/site-packages/airflow/example_dags/example_branch_operator.py for tasks to queue
[2024-08-16T13:37:32.972+0000] {logging_mixin.py:190} INFO - [2024-08-16T13:37:32.972+0000] {dagbag.py:587} INFO - Filling up the DagBag from /home/airflow/.local/lib/python3.12/site-packages/airflow/example_dags/example_branch_operator.py
[2024-08-16T13:37:32.994+0000] {processor.py:925} INFO - DAG(s) 'example_branch_operator' retrieved from /home/airflow/.local/lib/python3.12/site-packages/airflow/example_dags/example_branch_operator.py
[2024-08-16T13:37:33.034+0000] {logging_mixin.py:190} INFO - [2024-08-16T13:37:33.034+0000] {dag.py:3211} INFO - Sync 1 DAGs
[2024-08-16T13:37:33.066+0000] {logging_mixin.py:190} INFO - [2024-08-16T13:37:33.066+0000] {dag.py:4138} INFO - Setting next_dagrun for example_branch_operator to 2024-08-15 00:00:00+00:00, run_after=2024-08-16 00:00:00+00:00
[2024-08-16T13:37:33.087+0000] {processor.py:208} INFO - Processing /home/airflow/.local/lib/python3.12/site-packages/airflow/example_dags/example_branch_operator.py took 0.125 seconds
[2024-08-16T13:38:03.411+0000] {processor.py:186} INFO - Started process (PID=11203) to work on /home/airflow/.local/lib/python3.12/site-packages/airflow/example_dags/example_branch_operator.py
[2024-08-16T13:38:03.412+0000] {processor.py:914} INFO - Processing file /home/airflow/.local/lib/python3.12/site-packages/airflow/example_dags/example_branch_operator.py for tasks to queue
[2024-08-16T13:38:03.415+0000] {logging_mixin.py:190} INFO - [2024-08-16T13:38:03.414+0000] {dagbag.py:587} INFO - Filling up the DagBag from /home/airflow/.local/lib/python3.12/site-packages/airflow/example_dags/example_branch_operator.py
[2024-08-16T13:38:03.434+0000] {processor.py:925} INFO - DAG(s) 'example_branch_operator' retrieved from /home/airflow/.local/lib/python3.12/site-packages/airflow/example_dags/example_branch_operator.py
[2024-08-16T13:38:03.473+0000] {logging_mixin.py:190} INFO - [2024-08-16T13:38:03.472+0000] {dag.py:3211} INFO - Sync 1 DAGs
[2024-08-16T13:38:03.501+0000] {logging_mixin.py:190} INFO - [2024-08-16T13:38:03.501+0000] {dag.py:4138} INFO - Setting next_dagrun for example_branch_operator to 2024-08-15 00:00:00+00:00, run_after=2024-08-16 00:00:00+00:00
[2024-08-16T13:38:03.521+0000] {processor.py:208} INFO - Processing /home/airflow/.local/lib/python3.12/site-packages/airflow/example_dags/example_branch_operator.py took 0.117 seconds
[2024-08-16T13:38:33.867+0000] {processor.py:186} INFO - Started process (PID=11487) to work on /home/airflow/.local/lib/python3.12/site-packages/airflow/example_dags/example_branch_operator.py
[2024-08-16T13:38:33.868+0000] {processor.py:914} INFO - Processing file /home/airflow/.local/lib/python3.12/site-packages/airflow/example_dags/example_branch_operator.py for tasks to queue
[2024-08-16T13:38:33.871+0000] {logging_mixin.py:190} INFO - [2024-08-16T13:38:33.870+0000] {dagbag.py:587} INFO - Filling up the DagBag from /home/airflow/.local/lib/python3.12/site-packages/airflow/example_dags/example_branch_operator.py
[2024-08-16T13:38:33.892+0000] {processor.py:925} INFO - DAG(s) 'example_branch_operator' retrieved from /home/airflow/.local/lib/python3.12/site-packages/airflow/example_dags/example_branch_operator.py
[2024-08-16T13:38:33.931+0000] {logging_mixin.py:190} INFO - [2024-08-16T13:38:33.930+0000] {dag.py:3211} INFO - Sync 1 DAGs
[2024-08-16T13:38:33.960+0000] {logging_mixin.py:190} INFO - [2024-08-16T13:38:33.960+0000] {dag.py:4138} INFO - Setting next_dagrun for example_branch_operator to 2024-08-15 00:00:00+00:00, run_after=2024-08-16 00:00:00+00:00
[2024-08-16T13:38:33.983+0000] {processor.py:208} INFO - Processing /home/airflow/.local/lib/python3.12/site-packages/airflow/example_dags/example_branch_operator.py took 0.126 seconds
[2024-08-16T13:39:04.910+0000] {processor.py:186} INFO - Started process (PID=11773) to work on /home/airflow/.local/lib/python3.12/site-packages/airflow/example_dags/example_branch_operator.py
[2024-08-16T13:39:04.911+0000] {processor.py:914} INFO - Processing file /home/airflow/.local/lib/python3.12/site-packages/airflow/example_dags/example_branch_operator.py for tasks to queue
[2024-08-16T13:39:04.913+0000] {logging_mixin.py:190} INFO - [2024-08-16T13:39:04.913+0000] {dagbag.py:587} INFO - Filling up the DagBag from /home/airflow/.local/lib/python3.12/site-packages/airflow/example_dags/example_branch_operator.py
[2024-08-16T13:39:04.932+0000] {processor.py:925} INFO - DAG(s) 'example_branch_operator' retrieved from /home/airflow/.local/lib/python3.12/site-packages/airflow/example_dags/example_branch_operator.py
[2024-08-16T13:39:04.971+0000] {logging_mixin.py:190} INFO - [2024-08-16T13:39:04.971+0000] {dag.py:3211} INFO - Sync 1 DAGs
[2024-08-16T13:39:04.997+0000] {logging_mixin.py:190} INFO - [2024-08-16T13:39:04.996+0000] {dag.py:4138} INFO - Setting next_dagrun for example_branch_operator to 2024-08-15 00:00:00+00:00, run_after=2024-08-16 00:00:00+00:00
[2024-08-16T13:39:05.017+0000] {processor.py:208} INFO - Processing /home/airflow/.local/lib/python3.12/site-packages/airflow/example_dags/example_branch_operator.py took 0.114 seconds
[2024-08-16T13:39:35.354+0000] {processor.py:186} INFO - Started process (PID=12056) to work on /home/airflow/.local/lib/python3.12/site-packages/airflow/example_dags/example_branch_operator.py
[2024-08-16T13:39:35.355+0000] {processor.py:914} INFO - Processing file /home/airflow/.local/lib/python3.12/site-packages/airflow/example_dags/example_branch_operator.py for tasks to queue
[2024-08-16T13:39:35.357+0000] {logging_mixin.py:190} INFO - [2024-08-16T13:39:35.357+0000] {dagbag.py:587} INFO - Filling up the DagBag from /home/airflow/.local/lib/python3.12/site-packages/airflow/example_dags/example_branch_operator.py
[2024-08-16T13:39:35.379+0000] {processor.py:925} INFO - DAG(s) 'example_branch_operator' retrieved from /home/airflow/.local/lib/python3.12/site-packages/airflow/example_dags/example_branch_operator.py
[2024-08-16T13:39:35.413+0000] {logging_mixin.py:190} INFO - [2024-08-16T13:39:35.413+0000] {dag.py:3211} INFO - Sync 1 DAGs
[2024-08-16T13:39:35.441+0000] {logging_mixin.py:190} INFO - [2024-08-16T13:39:35.441+0000] {dag.py:4138} INFO - Setting next_dagrun for example_branch_operator to 2024-08-15 00:00:00+00:00, run_after=2024-08-16 00:00:00+00:00
[2024-08-16T13:39:35.463+0000] {processor.py:208} INFO - Processing /home/airflow/.local/lib/python3.12/site-packages/airflow/example_dags/example_branch_operator.py took 0.116 seconds
[2024-08-16T13:40:06.322+0000] {processor.py:186} INFO - Started process (PID=12345) to work on /home/airflow/.local/lib/python3.12/site-packages/airflow/example_dags/example_branch_operator.py
[2024-08-16T13:40:06.323+0000] {processor.py:914} INFO - Processing file /home/airflow/.local/lib/python3.12/site-packages/airflow/example_dags/example_branch_operator.py for tasks to queue
[2024-08-16T13:40:06.325+0000] {logging_mixin.py:190} INFO - [2024-08-16T13:40:06.325+0000] {dagbag.py:587} INFO - Filling up the DagBag from /home/airflow/.local/lib/python3.12/site-packages/airflow/example_dags/example_branch_operator.py
[2024-08-16T13:40:06.349+0000] {processor.py:925} INFO - DAG(s) 'example_branch_operator' retrieved from /home/airflow/.local/lib/python3.12/site-packages/airflow/example_dags/example_branch_operator.py
[2024-08-16T13:40:06.383+0000] {logging_mixin.py:190} INFO - [2024-08-16T13:40:06.383+0000] {dag.py:3211} INFO - Sync 1 DAGs
[2024-08-16T13:40:06.412+0000] {logging_mixin.py:190} INFO - [2024-08-16T13:40:06.411+0000] {dag.py:4138} INFO - Setting next_dagrun for example_branch_operator to 2024-08-15 00:00:00+00:00, run_after=2024-08-16 00:00:00+00:00
[2024-08-16T13:40:06.432+0000] {processor.py:208} INFO - Processing /home/airflow/.local/lib/python3.12/site-packages/airflow/example_dags/example_branch_operator.py took 0.116 seconds
[2024-08-16T13:40:36.883+0000] {processor.py:186} INFO - Started process (PID=12631) to work on /home/airflow/.local/lib/python3.12/site-packages/airflow/example_dags/example_branch_operator.py
[2024-08-16T13:40:36.884+0000] {processor.py:914} INFO - Processing file /home/airflow/.local/lib/python3.12/site-packages/airflow/example_dags/example_branch_operator.py for tasks to queue
[2024-08-16T13:40:36.887+0000] {logging_mixin.py:190} INFO - [2024-08-16T13:40:36.887+0000] {dagbag.py:587} INFO - Filling up the DagBag from /home/airflow/.local/lib/python3.12/site-packages/airflow/example_dags/example_branch_operator.py
[2024-08-16T13:40:36.907+0000] {processor.py:925} INFO - DAG(s) 'example_branch_operator' retrieved from /home/airflow/.local/lib/python3.12/site-packages/airflow/example_dags/example_branch_operator.py
[2024-08-16T13:40:36.942+0000] {logging_mixin.py:190} INFO - [2024-08-16T13:40:36.942+0000] {dag.py:3211} INFO - Sync 1 DAGs
[2024-08-16T13:40:36.968+0000] {logging_mixin.py:190} INFO - [2024-08-16T13:40:36.968+0000] {dag.py:4138} INFO - Setting next_dagrun for example_branch_operator to 2024-08-15 00:00:00+00:00, run_after=2024-08-16 00:00:00+00:00
[2024-08-16T13:40:36.990+0000] {processor.py:208} INFO - Processing /home/airflow/.local/lib/python3.12/site-packages/airflow/example_dags/example_branch_operator.py took 0.113 seconds
[2024-08-16T13:41:07.884+0000] {processor.py:186} INFO - Started process (PID=12917) to work on /home/airflow/.local/lib/python3.12/site-packages/airflow/example_dags/example_branch_operator.py
[2024-08-16T13:41:07.885+0000] {processor.py:914} INFO - Processing file /home/airflow/.local/lib/python3.12/site-packages/airflow/example_dags/example_branch_operator.py for tasks to queue
[2024-08-16T13:41:07.888+0000] {logging_mixin.py:190} INFO - [2024-08-16T13:41:07.887+0000] {dagbag.py:587} INFO - Filling up the DagBag from /home/airflow/.local/lib/python3.12/site-packages/airflow/example_dags/example_branch_operator.py
[2024-08-16T13:41:07.916+0000] {processor.py:925} INFO - DAG(s) 'example_branch_operator' retrieved from /home/airflow/.local/lib/python3.12/site-packages/airflow/example_dags/example_branch_operator.py
[2024-08-16T13:41:07.950+0000] {logging_mixin.py:190} INFO - [2024-08-16T13:41:07.949+0000] {dag.py:3211} INFO - Sync 1 DAGs
[2024-08-16T13:41:07.983+0000] {logging_mixin.py:190} INFO - [2024-08-16T13:41:07.983+0000] {dag.py:4138} INFO - Setting next_dagrun for example_branch_operator to 2024-08-15 00:00:00+00:00, run_after=2024-08-16 00:00:00+00:00
[2024-08-16T13:41:08.009+0000] {processor.py:208} INFO - Processing /home/airflow/.local/lib/python3.12/site-packages/airflow/example_dags/example_branch_operator.py took 0.134 seconds
[2024-08-16T13:41:38.353+0000] {processor.py:186} INFO - Started process (PID=13200) to work on /home/airflow/.local/lib/python3.12/site-packages/airflow/example_dags/example_branch_operator.py
[2024-08-16T13:41:38.355+0000] {processor.py:914} INFO - Processing file /home/airflow/.local/lib/python3.12/site-packages/airflow/example_dags/example_branch_operator.py for tasks to queue
[2024-08-16T13:41:38.358+0000] {logging_mixin.py:190} INFO - [2024-08-16T13:41:38.357+0000] {dagbag.py:587} INFO - Filling up the DagBag from /home/airflow/.local/lib/python3.12/site-packages/airflow/example_dags/example_branch_operator.py
[2024-08-16T13:41:38.381+0000] {processor.py:925} INFO - DAG(s) 'example_branch_operator' retrieved from /home/airflow/.local/lib/python3.12/site-packages/airflow/example_dags/example_branch_operator.py
[2024-08-16T13:41:38.419+0000] {logging_mixin.py:190} INFO - [2024-08-16T13:41:38.419+0000] {dag.py:3211} INFO - Sync 1 DAGs
[2024-08-16T13:41:38.452+0000] {logging_mixin.py:190} INFO - [2024-08-16T13:41:38.451+0000] {dag.py:4138} INFO - Setting next_dagrun for example_branch_operator to 2024-08-15 00:00:00+00:00, run_after=2024-08-16 00:00:00+00:00
[2024-08-16T13:41:38.473+0000] {processor.py:208} INFO - Processing /home/airflow/.local/lib/python3.12/site-packages/airflow/example_dags/example_branch_operator.py took 0.130 seconds
[2024-08-16T13:42:09.096+0000] {processor.py:186} INFO - Started process (PID=13486) to work on /home/airflow/.local/lib/python3.12/site-packages/airflow/example_dags/example_branch_operator.py
[2024-08-16T13:42:09.097+0000] {processor.py:914} INFO - Processing file /home/airflow/.local/lib/python3.12/site-packages/airflow/example_dags/example_branch_operator.py for tasks to queue
[2024-08-16T13:42:09.100+0000] {logging_mixin.py:190} INFO - [2024-08-16T13:42:09.100+0000] {dagbag.py:587} INFO - Filling up the DagBag from /home/airflow/.local/lib/python3.12/site-packages/airflow/example_dags/example_branch_operator.py
[2024-08-16T13:42:09.124+0000] {processor.py:925} INFO - DAG(s) 'example_branch_operator' retrieved from /home/airflow/.local/lib/python3.12/site-packages/airflow/example_dags/example_branch_operator.py
[2024-08-16T13:42:09.160+0000] {logging_mixin.py:190} INFO - [2024-08-16T13:42:09.160+0000] {dag.py:3211} INFO - Sync 1 DAGs
[2024-08-16T13:42:09.195+0000] {logging_mixin.py:190} INFO - [2024-08-16T13:42:09.195+0000] {dag.py:4138} INFO - Setting next_dagrun for example_branch_operator to 2024-08-15 00:00:00+00:00, run_after=2024-08-16 00:00:00+00:00
[2024-08-16T13:42:09.221+0000] {processor.py:208} INFO - Processing /home/airflow/.local/lib/python3.12/site-packages/airflow/example_dags/example_branch_operator.py took 0.132 seconds
[2024-08-16T13:42:40.030+0000] {processor.py:186} INFO - Started process (PID=13772) to work on /home/airflow/.local/lib/python3.12/site-packages/airflow/example_dags/example_branch_operator.py
[2024-08-16T13:42:40.031+0000] {processor.py:914} INFO - Processing file /home/airflow/.local/lib/python3.12/site-packages/airflow/example_dags/example_branch_operator.py for tasks to queue
[2024-08-16T13:42:40.034+0000] {logging_mixin.py:190} INFO - [2024-08-16T13:42:40.034+0000] {dagbag.py:587} INFO - Filling up the DagBag from /home/airflow/.local/lib/python3.12/site-packages/airflow/example_dags/example_branch_operator.py
[2024-08-16T13:42:40.055+0000] {processor.py:925} INFO - DAG(s) 'example_branch_operator' retrieved from /home/airflow/.local/lib/python3.12/site-packages/airflow/example_dags/example_branch_operator.py
[2024-08-16T13:42:40.089+0000] {logging_mixin.py:190} INFO - [2024-08-16T13:42:40.089+0000] {dag.py:3211} INFO - Sync 1 DAGs
[2024-08-16T13:42:40.118+0000] {logging_mixin.py:190} INFO - [2024-08-16T13:42:40.118+0000] {dag.py:4138} INFO - Setting next_dagrun for example_branch_operator to 2024-08-15 00:00:00+00:00, run_after=2024-08-16 00:00:00+00:00
[2024-08-16T13:42:40.139+0000] {processor.py:208} INFO - Processing /home/airflow/.local/lib/python3.12/site-packages/airflow/example_dags/example_branch_operator.py took 0.115 seconds
[2024-08-16T13:43:10.930+0000] {processor.py:186} INFO - Started process (PID=14058) to work on /home/airflow/.local/lib/python3.12/site-packages/airflow/example_dags/example_branch_operator.py
[2024-08-16T13:43:10.931+0000] {processor.py:914} INFO - Processing file /home/airflow/.local/lib/python3.12/site-packages/airflow/example_dags/example_branch_operator.py for tasks to queue
[2024-08-16T13:43:10.933+0000] {logging_mixin.py:190} INFO - [2024-08-16T13:43:10.933+0000] {dagbag.py:587} INFO - Filling up the DagBag from /home/airflow/.local/lib/python3.12/site-packages/airflow/example_dags/example_branch_operator.py
[2024-08-16T13:43:10.954+0000] {processor.py:925} INFO - DAG(s) 'example_branch_operator' retrieved from /home/airflow/.local/lib/python3.12/site-packages/airflow/example_dags/example_branch_operator.py
[2024-08-16T13:43:10.991+0000] {logging_mixin.py:190} INFO - [2024-08-16T13:43:10.990+0000] {dag.py:3211} INFO - Sync 1 DAGs
[2024-08-16T13:43:11.024+0000] {logging_mixin.py:190} INFO - [2024-08-16T13:43:11.024+0000] {dag.py:4138} INFO - Setting next_dagrun for example_branch_operator to 2024-08-15 00:00:00+00:00, run_after=2024-08-16 00:00:00+00:00
[2024-08-16T13:43:11.049+0000] {processor.py:208} INFO - Processing /home/airflow/.local/lib/python3.12/site-packages/airflow/example_dags/example_branch_operator.py took 0.127 seconds
[2024-08-16T13:43:41.384+0000] {processor.py:186} INFO - Started process (PID=14344) to work on /home/airflow/.local/lib/python3.12/site-packages/airflow/example_dags/example_branch_operator.py
[2024-08-16T13:43:41.385+0000] {processor.py:914} INFO - Processing file /home/airflow/.local/lib/python3.12/site-packages/airflow/example_dags/example_branch_operator.py for tasks to queue
[2024-08-16T13:43:41.389+0000] {logging_mixin.py:190} INFO - [2024-08-16T13:43:41.388+0000] {dagbag.py:587} INFO - Filling up the DagBag from /home/airflow/.local/lib/python3.12/site-packages/airflow/example_dags/example_branch_operator.py
[2024-08-16T13:43:41.411+0000] {processor.py:925} INFO - DAG(s) 'example_branch_operator' retrieved from /home/airflow/.local/lib/python3.12/site-packages/airflow/example_dags/example_branch_operator.py
[2024-08-16T13:43:41.445+0000] {logging_mixin.py:190} INFO - [2024-08-16T13:43:41.445+0000] {dag.py:3211} INFO - Sync 1 DAGs
[2024-08-16T13:43:41.475+0000] {logging_mixin.py:190} INFO - [2024-08-16T13:43:41.474+0000] {dag.py:4138} INFO - Setting next_dagrun for example_branch_operator to 2024-08-15 00:00:00+00:00, run_after=2024-08-16 00:00:00+00:00
[2024-08-16T13:43:41.495+0000] {processor.py:208} INFO - Processing /home/airflow/.local/lib/python3.12/site-packages/airflow/example_dags/example_branch_operator.py took 0.119 seconds
[2024-08-16T13:44:12.064+0000] {processor.py:186} INFO - Started process (PID=14630) to work on /home/airflow/.local/lib/python3.12/site-packages/airflow/example_dags/example_branch_operator.py
[2024-08-16T13:44:12.065+0000] {processor.py:914} INFO - Processing file /home/airflow/.local/lib/python3.12/site-packages/airflow/example_dags/example_branch_operator.py for tasks to queue
[2024-08-16T13:44:12.068+0000] {logging_mixin.py:190} INFO - [2024-08-16T13:44:12.068+0000] {dagbag.py:587} INFO - Filling up the DagBag from /home/airflow/.local/lib/python3.12/site-packages/airflow/example_dags/example_branch_operator.py
[2024-08-16T13:44:12.092+0000] {processor.py:925} INFO - DAG(s) 'example_branch_operator' retrieved from /home/airflow/.local/lib/python3.12/site-packages/airflow/example_dags/example_branch_operator.py
[2024-08-16T13:44:12.125+0000] {logging_mixin.py:190} INFO - [2024-08-16T13:44:12.125+0000] {dag.py:3211} INFO - Sync 1 DAGs
[2024-08-16T13:44:12.155+0000] {logging_mixin.py:190} INFO - [2024-08-16T13:44:12.155+0000] {dag.py:4138} INFO - Setting next_dagrun for example_branch_operator to 2024-08-15 00:00:00+00:00, run_after=2024-08-16 00:00:00+00:00
[2024-08-16T13:44:12.174+0000] {processor.py:208} INFO - Processing /home/airflow/.local/lib/python3.12/site-packages/airflow/example_dags/example_branch_operator.py took 0.116 seconds
[2024-08-16T13:44:42.510+0000] {processor.py:186} INFO - Started process (PID=14916) to work on /home/airflow/.local/lib/python3.12/site-packages/airflow/example_dags/example_branch_operator.py
[2024-08-16T13:44:42.511+0000] {processor.py:914} INFO - Processing file /home/airflow/.local/lib/python3.12/site-packages/airflow/example_dags/example_branch_operator.py for tasks to queue
[2024-08-16T13:44:42.514+0000] {logging_mixin.py:190} INFO - [2024-08-16T13:44:42.513+0000] {dagbag.py:587} INFO - Filling up the DagBag from /home/airflow/.local/lib/python3.12/site-packages/airflow/example_dags/example_branch_operator.py
[2024-08-16T13:44:42.537+0000] {processor.py:925} INFO - DAG(s) 'example_branch_operator' retrieved from /home/airflow/.local/lib/python3.12/site-packages/airflow/example_dags/example_branch_operator.py
[2024-08-16T13:44:42.576+0000] {logging_mixin.py:190} INFO - [2024-08-16T13:44:42.576+0000] {dag.py:3211} INFO - Sync 1 DAGs
[2024-08-16T13:44:42.612+0000] {logging_mixin.py:190} INFO - [2024-08-16T13:44:42.612+0000] {dag.py:4138} INFO - Setting next_dagrun for example_branch_operator to 2024-08-15 00:00:00+00:00, run_after=2024-08-16 00:00:00+00:00
[2024-08-16T13:44:42.635+0000] {processor.py:208} INFO - Processing /home/airflow/.local/lib/python3.12/site-packages/airflow/example_dags/example_branch_operator.py took 0.131 seconds
[2024-08-16T13:45:12.689+0000] {processor.py:186} INFO - Started process (PID=15202) to work on /home/airflow/.local/lib/python3.12/site-packages/airflow/example_dags/example_branch_operator.py
[2024-08-16T13:45:12.690+0000] {processor.py:914} INFO - Processing file /home/airflow/.local/lib/python3.12/site-packages/airflow/example_dags/example_branch_operator.py for tasks to queue
[2024-08-16T13:45:12.693+0000] {logging_mixin.py:190} INFO - [2024-08-16T13:45:12.693+0000] {dagbag.py:587} INFO - Filling up the DagBag from /home/airflow/.local/lib/python3.12/site-packages/airflow/example_dags/example_branch_operator.py
[2024-08-16T13:45:12.717+0000] {processor.py:925} INFO - DAG(s) 'example_branch_operator' retrieved from /home/airflow/.local/lib/python3.12/site-packages/airflow/example_dags/example_branch_operator.py
[2024-08-16T13:45:12.756+0000] {logging_mixin.py:190} INFO - [2024-08-16T13:45:12.756+0000] {dag.py:3211} INFO - Sync 1 DAGs
[2024-08-16T13:45:12.830+0000] {logging_mixin.py:190} INFO - [2024-08-16T13:45:12.829+0000] {dag.py:4138} INFO - Setting next_dagrun for example_branch_operator to 2024-08-15 00:00:00+00:00, run_after=2024-08-16 00:00:00+00:00
[2024-08-16T13:45:12.861+0000] {processor.py:208} INFO - Processing /home/airflow/.local/lib/python3.12/site-packages/airflow/example_dags/example_branch_operator.py took 0.181 seconds
[2024-08-16T13:45:43.269+0000] {processor.py:186} INFO - Started process (PID=15488) to work on /home/airflow/.local/lib/python3.12/site-packages/airflow/example_dags/example_branch_operator.py
[2024-08-16T13:45:43.270+0000] {processor.py:914} INFO - Processing file /home/airflow/.local/lib/python3.12/site-packages/airflow/example_dags/example_branch_operator.py for tasks to queue
[2024-08-16T13:45:43.272+0000] {logging_mixin.py:190} INFO - [2024-08-16T13:45:43.272+0000] {dagbag.py:587} INFO - Filling up the DagBag from /home/airflow/.local/lib/python3.12/site-packages/airflow/example_dags/example_branch_operator.py
[2024-08-16T13:45:43.295+0000] {processor.py:925} INFO - DAG(s) 'example_branch_operator' retrieved from /home/airflow/.local/lib/python3.12/site-packages/airflow/example_dags/example_branch_operator.py
[2024-08-16T13:45:43.334+0000] {logging_mixin.py:190} INFO - [2024-08-16T13:45:43.333+0000] {dag.py:3211} INFO - Sync 1 DAGs
[2024-08-16T13:45:43.374+0000] {logging_mixin.py:190} INFO - [2024-08-16T13:45:43.373+0000] {dag.py:4138} INFO - Setting next_dagrun for example_branch_operator to 2024-08-15 00:00:00+00:00, run_after=2024-08-16 00:00:00+00:00
[2024-08-16T13:45:43.406+0000] {processor.py:208} INFO - Processing /home/airflow/.local/lib/python3.12/site-packages/airflow/example_dags/example_branch_operator.py took 0.145 seconds
[2024-08-16T13:46:14.280+0000] {processor.py:186} INFO - Started process (PID=15774) to work on /home/airflow/.local/lib/python3.12/site-packages/airflow/example_dags/example_branch_operator.py
[2024-08-16T13:46:14.281+0000] {processor.py:914} INFO - Processing file /home/airflow/.local/lib/python3.12/site-packages/airflow/example_dags/example_branch_operator.py for tasks to queue
[2024-08-16T13:46:14.284+0000] {logging_mixin.py:190} INFO - [2024-08-16T13:46:14.283+0000] {dagbag.py:587} INFO - Filling up the DagBag from /home/airflow/.local/lib/python3.12/site-packages/airflow/example_dags/example_branch_operator.py
[2024-08-16T13:46:14.305+0000] {processor.py:925} INFO - DAG(s) 'example_branch_operator' retrieved from /home/airflow/.local/lib/python3.12/site-packages/airflow/example_dags/example_branch_operator.py
[2024-08-16T13:46:14.350+0000] {logging_mixin.py:190} INFO - [2024-08-16T13:46:14.350+0000] {dag.py:3211} INFO - Sync 1 DAGs
[2024-08-16T13:46:14.418+0000] {logging_mixin.py:190} INFO - [2024-08-16T13:46:14.409+0000] {dag.py:4138} INFO - Setting next_dagrun for example_branch_operator to 2024-08-15 00:00:00+00:00, run_after=2024-08-16 00:00:00+00:00
[2024-08-16T13:46:14.491+0000] {processor.py:208} INFO - Processing /home/airflow/.local/lib/python3.12/site-packages/airflow/example_dags/example_branch_operator.py took 0.219 seconds
[2024-08-16T13:46:45.188+0000] {processor.py:186} INFO - Started process (PID=16060) to work on /home/airflow/.local/lib/python3.12/site-packages/airflow/example_dags/example_branch_operator.py
[2024-08-16T13:46:45.189+0000] {processor.py:914} INFO - Processing file /home/airflow/.local/lib/python3.12/site-packages/airflow/example_dags/example_branch_operator.py for tasks to queue
[2024-08-16T13:46:45.192+0000] {logging_mixin.py:190} INFO - [2024-08-16T13:46:45.192+0000] {dagbag.py:587} INFO - Filling up the DagBag from /home/airflow/.local/lib/python3.12/site-packages/airflow/example_dags/example_branch_operator.py
[2024-08-16T13:46:45.220+0000] {processor.py:925} INFO - DAG(s) 'example_branch_operator' retrieved from /home/airflow/.local/lib/python3.12/site-packages/airflow/example_dags/example_branch_operator.py
[2024-08-16T13:46:45.267+0000] {logging_mixin.py:190} INFO - [2024-08-16T13:46:45.267+0000] {dag.py:3211} INFO - Sync 1 DAGs
[2024-08-16T13:46:45.309+0000] {logging_mixin.py:190} INFO - [2024-08-16T13:46:45.309+0000] {dag.py:4138} INFO - Setting next_dagrun for example_branch_operator to 2024-08-15 00:00:00+00:00, run_after=2024-08-16 00:00:00+00:00
[2024-08-16T13:46:45.360+0000] {processor.py:208} INFO - Processing /home/airflow/.local/lib/python3.12/site-packages/airflow/example_dags/example_branch_operator.py took 0.183 seconds
[2024-08-16T13:47:15.967+0000] {processor.py:186} INFO - Started process (PID=16344) to work on /home/airflow/.local/lib/python3.12/site-packages/airflow/example_dags/example_branch_operator.py
[2024-08-16T13:47:15.969+0000] {processor.py:914} INFO - Processing file /home/airflow/.local/lib/python3.12/site-packages/airflow/example_dags/example_branch_operator.py for tasks to queue
[2024-08-16T13:47:15.972+0000] {logging_mixin.py:190} INFO - [2024-08-16T13:47:15.971+0000] {dagbag.py:587} INFO - Filling up the DagBag from /home/airflow/.local/lib/python3.12/site-packages/airflow/example_dags/example_branch_operator.py
[2024-08-16T13:47:15.993+0000] {processor.py:925} INFO - DAG(s) 'example_branch_operator' retrieved from /home/airflow/.local/lib/python3.12/site-packages/airflow/example_dags/example_branch_operator.py
[2024-08-16T13:47:16.037+0000] {logging_mixin.py:190} INFO - [2024-08-16T13:47:16.037+0000] {dag.py:3211} INFO - Sync 1 DAGs
[2024-08-16T13:47:16.078+0000] {logging_mixin.py:190} INFO - [2024-08-16T13:47:16.078+0000] {dag.py:4138} INFO - Setting next_dagrun for example_branch_operator to 2024-08-15 00:00:00+00:00, run_after=2024-08-16 00:00:00+00:00
[2024-08-16T13:47:16.099+0000] {processor.py:208} INFO - Processing /home/airflow/.local/lib/python3.12/site-packages/airflow/example_dags/example_branch_operator.py took 0.139 seconds
[2024-08-16T13:47:46.681+0000] {processor.py:186} INFO - Started process (PID=16630) to work on /home/airflow/.local/lib/python3.12/site-packages/airflow/example_dags/example_branch_operator.py
[2024-08-16T13:47:46.682+0000] {processor.py:914} INFO - Processing file /home/airflow/.local/lib/python3.12/site-packages/airflow/example_dags/example_branch_operator.py for tasks to queue
[2024-08-16T13:47:46.684+0000] {logging_mixin.py:190} INFO - [2024-08-16T13:47:46.684+0000] {dagbag.py:587} INFO - Filling up the DagBag from /home/airflow/.local/lib/python3.12/site-packages/airflow/example_dags/example_branch_operator.py
[2024-08-16T13:47:46.709+0000] {processor.py:925} INFO - DAG(s) 'example_branch_operator' retrieved from /home/airflow/.local/lib/python3.12/site-packages/airflow/example_dags/example_branch_operator.py
[2024-08-16T13:47:46.745+0000] {logging_mixin.py:190} INFO - [2024-08-16T13:47:46.745+0000] {dag.py:3211} INFO - Sync 1 DAGs
[2024-08-16T13:47:46.778+0000] {logging_mixin.py:190} INFO - [2024-08-16T13:47:46.778+0000] {dag.py:4138} INFO - Setting next_dagrun for example_branch_operator to 2024-08-15 00:00:00+00:00, run_after=2024-08-16 00:00:00+00:00
[2024-08-16T13:47:46.805+0000] {processor.py:208} INFO - Processing /home/airflow/.local/lib/python3.12/site-packages/airflow/example_dags/example_branch_operator.py took 0.131 seconds
[2024-08-16T13:48:17.008+0000] {processor.py:186} INFO - Started process (PID=16917) to work on /home/airflow/.local/lib/python3.12/site-packages/airflow/example_dags/example_branch_operator.py
[2024-08-16T13:48:17.010+0000] {processor.py:914} INFO - Processing file /home/airflow/.local/lib/python3.12/site-packages/airflow/example_dags/example_branch_operator.py for tasks to queue
[2024-08-16T13:48:17.013+0000] {logging_mixin.py:190} INFO - [2024-08-16T13:48:17.012+0000] {dagbag.py:587} INFO - Filling up the DagBag from /home/airflow/.local/lib/python3.12/site-packages/airflow/example_dags/example_branch_operator.py
[2024-08-16T13:48:17.044+0000] {processor.py:925} INFO - DAG(s) 'example_branch_operator' retrieved from /home/airflow/.local/lib/python3.12/site-packages/airflow/example_dags/example_branch_operator.py
[2024-08-16T13:48:17.090+0000] {logging_mixin.py:190} INFO - [2024-08-16T13:48:17.089+0000] {dag.py:3211} INFO - Sync 1 DAGs
[2024-08-16T13:48:17.304+0000] {logging_mixin.py:190} INFO - [2024-08-16T13:48:17.304+0000] {dag.py:4138} INFO - Setting next_dagrun for example_branch_operator to 2024-08-15 00:00:00+00:00, run_after=2024-08-16 00:00:00+00:00
[2024-08-16T13:48:17.355+0000] {processor.py:208} INFO - Processing /home/airflow/.local/lib/python3.12/site-packages/airflow/example_dags/example_branch_operator.py took 0.356 seconds
[2024-08-16T13:48:47.790+0000] {processor.py:186} INFO - Started process (PID=17209) to work on /home/airflow/.local/lib/python3.12/site-packages/airflow/example_dags/example_branch_operator.py
[2024-08-16T13:48:47.791+0000] {processor.py:914} INFO - Processing file /home/airflow/.local/lib/python3.12/site-packages/airflow/example_dags/example_branch_operator.py for tasks to queue
[2024-08-16T13:48:47.794+0000] {logging_mixin.py:190} INFO - [2024-08-16T13:48:47.793+0000] {dagbag.py:587} INFO - Filling up the DagBag from /home/airflow/.local/lib/python3.12/site-packages/airflow/example_dags/example_branch_operator.py
[2024-08-16T13:48:47.817+0000] {processor.py:925} INFO - DAG(s) 'example_branch_operator' retrieved from /home/airflow/.local/lib/python3.12/site-packages/airflow/example_dags/example_branch_operator.py
[2024-08-16T13:48:47.851+0000] {logging_mixin.py:190} INFO - [2024-08-16T13:48:47.851+0000] {dag.py:3211} INFO - Sync 1 DAGs
[2024-08-16T13:48:47.877+0000] {logging_mixin.py:190} INFO - [2024-08-16T13:48:47.877+0000] {dag.py:4138} INFO - Setting next_dagrun for example_branch_operator to 2024-08-15 00:00:00+00:00, run_after=2024-08-16 00:00:00+00:00
[2024-08-16T13:48:48.080+0000] {processor.py:208} INFO - Processing /home/airflow/.local/lib/python3.12/site-packages/airflow/example_dags/example_branch_operator.py took 0.298 seconds
[2024-08-16T13:49:18.633+0000] {processor.py:186} INFO - Started process (PID=17495) to work on /home/airflow/.local/lib/python3.12/site-packages/airflow/example_dags/example_branch_operator.py
[2024-08-16T13:49:18.634+0000] {processor.py:914} INFO - Processing file /home/airflow/.local/lib/python3.12/site-packages/airflow/example_dags/example_branch_operator.py for tasks to queue
[2024-08-16T13:49:18.637+0000] {logging_mixin.py:190} INFO - [2024-08-16T13:49:18.637+0000] {dagbag.py:587} INFO - Filling up the DagBag from /home/airflow/.local/lib/python3.12/site-packages/airflow/example_dags/example_branch_operator.py
[2024-08-16T13:49:18.661+0000] {processor.py:925} INFO - DAG(s) 'example_branch_operator' retrieved from /home/airflow/.local/lib/python3.12/site-packages/airflow/example_dags/example_branch_operator.py
[2024-08-16T13:49:18.700+0000] {logging_mixin.py:190} INFO - [2024-08-16T13:49:18.700+0000] {dag.py:3211} INFO - Sync 1 DAGs
[2024-08-16T13:49:18.739+0000] {logging_mixin.py:190} INFO - [2024-08-16T13:49:18.739+0000] {dag.py:4138} INFO - Setting next_dagrun for example_branch_operator to 2024-08-15 00:00:00+00:00, run_after=2024-08-16 00:00:00+00:00
[2024-08-16T13:49:18.770+0000] {processor.py:208} INFO - Processing /home/airflow/.local/lib/python3.12/site-packages/airflow/example_dags/example_branch_operator.py took 0.146 seconds
[2024-08-16T13:49:49.154+0000] {processor.py:186} INFO - Started process (PID=17781) to work on /home/airflow/.local/lib/python3.12/site-packages/airflow/example_dags/example_branch_operator.py
[2024-08-16T13:49:49.155+0000] {processor.py:914} INFO - Processing file /home/airflow/.local/lib/python3.12/site-packages/airflow/example_dags/example_branch_operator.py for tasks to queue
[2024-08-16T13:49:49.162+0000] {logging_mixin.py:190} INFO - [2024-08-16T13:49:49.160+0000] {dagbag.py:587} INFO - Filling up the DagBag from /home/airflow/.local/lib/python3.12/site-packages/airflow/example_dags/example_branch_operator.py
[2024-08-16T13:49:49.192+0000] {processor.py:925} INFO - DAG(s) 'example_branch_operator' retrieved from /home/airflow/.local/lib/python3.12/site-packages/airflow/example_dags/example_branch_operator.py
[2024-08-16T13:49:49.225+0000] {logging_mixin.py:190} INFO - [2024-08-16T13:49:49.225+0000] {dag.py:3211} INFO - Sync 1 DAGs
[2024-08-16T13:49:49.256+0000] {logging_mixin.py:190} INFO - [2024-08-16T13:49:49.256+0000] {dag.py:4138} INFO - Setting next_dagrun for example_branch_operator to 2024-08-15 00:00:00+00:00, run_after=2024-08-16 00:00:00+00:00
[2024-08-16T13:49:49.286+0000] {processor.py:208} INFO - Processing /home/airflow/.local/lib/python3.12/site-packages/airflow/example_dags/example_branch_operator.py took 0.143 seconds
[2024-08-16T13:50:20.606+0000] {processor.py:186} INFO - Started process (PID=18067) to work on /home/airflow/.local/lib/python3.12/site-packages/airflow/example_dags/example_branch_operator.py
[2024-08-16T13:50:20.608+0000] {processor.py:914} INFO - Processing file /home/airflow/.local/lib/python3.12/site-packages/airflow/example_dags/example_branch_operator.py for tasks to queue
[2024-08-16T13:50:20.610+0000] {logging_mixin.py:190} INFO - [2024-08-16T13:50:20.610+0000] {dagbag.py:587} INFO - Filling up the DagBag from /home/airflow/.local/lib/python3.12/site-packages/airflow/example_dags/example_branch_operator.py
[2024-08-16T13:50:20.629+0000] {processor.py:925} INFO - DAG(s) 'example_branch_operator' retrieved from /home/airflow/.local/lib/python3.12/site-packages/airflow/example_dags/example_branch_operator.py
[2024-08-16T13:50:20.665+0000] {logging_mixin.py:190} INFO - [2024-08-16T13:50:20.664+0000] {dag.py:3211} INFO - Sync 1 DAGs
[2024-08-16T13:50:20.872+0000] {logging_mixin.py:190} INFO - [2024-08-16T13:50:20.871+0000] {dag.py:4138} INFO - Setting next_dagrun for example_branch_operator to 2024-08-15 00:00:00+00:00, run_after=2024-08-16 00:00:00+00:00
[2024-08-16T13:50:20.890+0000] {processor.py:208} INFO - Processing /home/airflow/.local/lib/python3.12/site-packages/airflow/example_dags/example_branch_operator.py took 0.290 seconds
