[2024-08-16T13:18:44.093+0000] {processor.py:186} INFO - Started process (PID=294) to work on /home/airflow/.local/lib/python3.12/site-packages/airflow/example_dags/example_local_kubernetes_executor.py
[2024-08-16T13:18:44.095+0000] {processor.py:914} INFO - Processing file /home/airflow/.local/lib/python3.12/site-packages/airflow/example_dags/example_local_kubernetes_executor.py for tasks to queue
[2024-08-16T13:18:44.097+0000] {logging_mixin.py:190} INFO - [2024-08-16T13:18:44.097+0000] {dagbag.py:587} INFO - Filling up the DagBag from /home/airflow/.local/lib/python3.12/site-packages/airflow/example_dags/example_local_kubernetes_executor.py
[2024-08-16T13:18:44.112+0000] {processor.py:925} INFO - DAG(s) 'example_local_kubernetes_executor' retrieved from /home/airflow/.local/lib/python3.12/site-packages/airflow/example_dags/example_local_kubernetes_executor.py
[2024-08-16T13:18:44.282+0000] {logging_mixin.py:190} INFO - [2024-08-16T13:18:44.281+0000] {override.py:1858} INFO - Created Permission View: can read on DAG:example_local_kubernetes_executor
[2024-08-16T13:18:44.296+0000] {logging_mixin.py:190} INFO - [2024-08-16T13:18:44.295+0000] {override.py:1858} INFO - Created Permission View: can edit on DAG:example_local_kubernetes_executor
[2024-08-16T13:18:44.319+0000] {logging_mixin.py:190} INFO - [2024-08-16T13:18:44.318+0000] {override.py:1858} INFO - Created Permission View: can delete on DAG:example_local_kubernetes_executor
[2024-08-16T13:18:44.319+0000] {logging_mixin.py:190} INFO - [2024-08-16T13:18:44.319+0000] {dag.py:3211} INFO - Sync 1 DAGs
[2024-08-16T13:18:44.334+0000] {logging_mixin.py:190} INFO - [2024-08-16T13:18:44.334+0000] {dag.py:3234} INFO - Creating ORM DAG for example_local_kubernetes_executor
[2024-08-16T13:18:44.335+0000] {logging_mixin.py:190} INFO - [2024-08-16T13:18:44.335+0000] {dag.py:4138} INFO - Setting next_dagrun for example_local_kubernetes_executor to None, run_after=None
[2024-08-16T13:18:45.505+0000] {processor.py:208} INFO - Processing /home/airflow/.local/lib/python3.12/site-packages/airflow/example_dags/example_local_kubernetes_executor.py took 1.419 seconds
[2024-08-16T13:19:16.217+0000] {processor.py:186} INFO - Started process (PID=588) to work on /home/airflow/.local/lib/python3.12/site-packages/airflow/example_dags/example_local_kubernetes_executor.py
[2024-08-16T13:19:16.218+0000] {processor.py:914} INFO - Processing file /home/airflow/.local/lib/python3.12/site-packages/airflow/example_dags/example_local_kubernetes_executor.py for tasks to queue
[2024-08-16T13:19:16.221+0000] {logging_mixin.py:190} INFO - [2024-08-16T13:19:16.221+0000] {dagbag.py:587} INFO - Filling up the DagBag from /home/airflow/.local/lib/python3.12/site-packages/airflow/example_dags/example_local_kubernetes_executor.py
[2024-08-16T13:19:16.232+0000] {processor.py:925} INFO - DAG(s) 'example_local_kubernetes_executor' retrieved from /home/airflow/.local/lib/python3.12/site-packages/airflow/example_dags/example_local_kubernetes_executor.py
[2024-08-16T13:19:16.276+0000] {logging_mixin.py:190} INFO - [2024-08-16T13:19:16.276+0000] {dag.py:3211} INFO - Sync 1 DAGs
[2024-08-16T13:19:16.295+0000] {logging_mixin.py:190} INFO - [2024-08-16T13:19:16.295+0000] {dag.py:4138} INFO - Setting next_dagrun for example_local_kubernetes_executor to None, run_after=None
[2024-08-16T13:19:16.322+0000] {processor.py:208} INFO - Processing /home/airflow/.local/lib/python3.12/site-packages/airflow/example_dags/example_local_kubernetes_executor.py took 0.112 seconds
[2024-08-16T13:19:46.698+0000] {processor.py:186} INFO - Started process (PID=874) to work on /home/airflow/.local/lib/python3.12/site-packages/airflow/example_dags/example_local_kubernetes_executor.py
[2024-08-16T13:19:46.699+0000] {processor.py:914} INFO - Processing file /home/airflow/.local/lib/python3.12/site-packages/airflow/example_dags/example_local_kubernetes_executor.py for tasks to queue
[2024-08-16T13:19:46.701+0000] {logging_mixin.py:190} INFO - [2024-08-16T13:19:46.701+0000] {dagbag.py:587} INFO - Filling up the DagBag from /home/airflow/.local/lib/python3.12/site-packages/airflow/example_dags/example_local_kubernetes_executor.py
[2024-08-16T13:19:46.710+0000] {processor.py:925} INFO - DAG(s) 'example_local_kubernetes_executor' retrieved from /home/airflow/.local/lib/python3.12/site-packages/airflow/example_dags/example_local_kubernetes_executor.py
[2024-08-16T13:19:46.761+0000] {logging_mixin.py:190} INFO - [2024-08-16T13:19:46.760+0000] {dag.py:3211} INFO - Sync 1 DAGs
[2024-08-16T13:19:46.778+0000] {logging_mixin.py:190} INFO - [2024-08-16T13:19:46.778+0000] {dag.py:4138} INFO - Setting next_dagrun for example_local_kubernetes_executor to None, run_after=None
[2024-08-16T13:19:46.801+0000] {processor.py:208} INFO - Processing /home/airflow/.local/lib/python3.12/site-packages/airflow/example_dags/example_local_kubernetes_executor.py took 0.110 seconds
[2024-08-16T13:20:17.611+0000] {processor.py:186} INFO - Started process (PID=1160) to work on /home/airflow/.local/lib/python3.12/site-packages/airflow/example_dags/example_local_kubernetes_executor.py
[2024-08-16T13:20:17.612+0000] {processor.py:914} INFO - Processing file /home/airflow/.local/lib/python3.12/site-packages/airflow/example_dags/example_local_kubernetes_executor.py for tasks to queue
[2024-08-16T13:20:17.615+0000] {logging_mixin.py:190} INFO - [2024-08-16T13:20:17.615+0000] {dagbag.py:587} INFO - Filling up the DagBag from /home/airflow/.local/lib/python3.12/site-packages/airflow/example_dags/example_local_kubernetes_executor.py
[2024-08-16T13:20:17.624+0000] {processor.py:925} INFO - DAG(s) 'example_local_kubernetes_executor' retrieved from /home/airflow/.local/lib/python3.12/site-packages/airflow/example_dags/example_local_kubernetes_executor.py
[2024-08-16T13:20:17.662+0000] {logging_mixin.py:190} INFO - [2024-08-16T13:20:17.661+0000] {dag.py:3211} INFO - Sync 1 DAGs
[2024-08-16T13:20:17.678+0000] {logging_mixin.py:190} INFO - [2024-08-16T13:20:17.677+0000] {dag.py:4138} INFO - Setting next_dagrun for example_local_kubernetes_executor to None, run_after=None
[2024-08-16T13:20:17.701+0000] {processor.py:208} INFO - Processing /home/airflow/.local/lib/python3.12/site-packages/airflow/example_dags/example_local_kubernetes_executor.py took 0.097 seconds
[2024-08-16T13:20:47.954+0000] {processor.py:186} INFO - Started process (PID=1446) to work on /home/airflow/.local/lib/python3.12/site-packages/airflow/example_dags/example_local_kubernetes_executor.py
[2024-08-16T13:20:47.955+0000] {processor.py:914} INFO - Processing file /home/airflow/.local/lib/python3.12/site-packages/airflow/example_dags/example_local_kubernetes_executor.py for tasks to queue
[2024-08-16T13:20:47.958+0000] {logging_mixin.py:190} INFO - [2024-08-16T13:20:47.957+0000] {dagbag.py:587} INFO - Filling up the DagBag from /home/airflow/.local/lib/python3.12/site-packages/airflow/example_dags/example_local_kubernetes_executor.py
[2024-08-16T13:20:47.967+0000] {processor.py:925} INFO - DAG(s) 'example_local_kubernetes_executor' retrieved from /home/airflow/.local/lib/python3.12/site-packages/airflow/example_dags/example_local_kubernetes_executor.py
[2024-08-16T13:20:48.006+0000] {logging_mixin.py:190} INFO - [2024-08-16T13:20:48.006+0000] {dag.py:3211} INFO - Sync 1 DAGs
[2024-08-16T13:20:48.023+0000] {logging_mixin.py:190} INFO - [2024-08-16T13:20:48.023+0000] {dag.py:4138} INFO - Setting next_dagrun for example_local_kubernetes_executor to None, run_after=None
[2024-08-16T13:20:48.044+0000] {processor.py:208} INFO - Processing /home/airflow/.local/lib/python3.12/site-packages/airflow/example_dags/example_local_kubernetes_executor.py took 0.097 seconds
[2024-08-16T13:21:18.481+0000] {processor.py:186} INFO - Started process (PID=1732) to work on /home/airflow/.local/lib/python3.12/site-packages/airflow/example_dags/example_local_kubernetes_executor.py
[2024-08-16T13:21:18.482+0000] {processor.py:914} INFO - Processing file /home/airflow/.local/lib/python3.12/site-packages/airflow/example_dags/example_local_kubernetes_executor.py for tasks to queue
[2024-08-16T13:21:18.485+0000] {logging_mixin.py:190} INFO - [2024-08-16T13:21:18.485+0000] {dagbag.py:587} INFO - Filling up the DagBag from /home/airflow/.local/lib/python3.12/site-packages/airflow/example_dags/example_local_kubernetes_executor.py
[2024-08-16T13:21:18.496+0000] {processor.py:925} INFO - DAG(s) 'example_local_kubernetes_executor' retrieved from /home/airflow/.local/lib/python3.12/site-packages/airflow/example_dags/example_local_kubernetes_executor.py
[2024-08-16T13:21:18.536+0000] {logging_mixin.py:190} INFO - [2024-08-16T13:21:18.535+0000] {dag.py:3211} INFO - Sync 1 DAGs
[2024-08-16T13:21:18.553+0000] {logging_mixin.py:190} INFO - [2024-08-16T13:21:18.552+0000] {dag.py:4138} INFO - Setting next_dagrun for example_local_kubernetes_executor to None, run_after=None
[2024-08-16T13:21:18.571+0000] {processor.py:208} INFO - Processing /home/airflow/.local/lib/python3.12/site-packages/airflow/example_dags/example_local_kubernetes_executor.py took 0.098 seconds
[2024-08-16T13:21:48.680+0000] {processor.py:186} INFO - Started process (PID=2018) to work on /home/airflow/.local/lib/python3.12/site-packages/airflow/example_dags/example_local_kubernetes_executor.py
[2024-08-16T13:21:48.681+0000] {processor.py:914} INFO - Processing file /home/airflow/.local/lib/python3.12/site-packages/airflow/example_dags/example_local_kubernetes_executor.py for tasks to queue
[2024-08-16T13:21:48.683+0000] {logging_mixin.py:190} INFO - [2024-08-16T13:21:48.683+0000] {dagbag.py:587} INFO - Filling up the DagBag from /home/airflow/.local/lib/python3.12/site-packages/airflow/example_dags/example_local_kubernetes_executor.py
[2024-08-16T13:21:48.694+0000] {processor.py:925} INFO - DAG(s) 'example_local_kubernetes_executor' retrieved from /home/airflow/.local/lib/python3.12/site-packages/airflow/example_dags/example_local_kubernetes_executor.py
[2024-08-16T13:21:48.734+0000] {logging_mixin.py:190} INFO - [2024-08-16T13:21:48.734+0000] {dag.py:3211} INFO - Sync 1 DAGs
[2024-08-16T13:21:48.750+0000] {logging_mixin.py:190} INFO - [2024-08-16T13:21:48.750+0000] {dag.py:4138} INFO - Setting next_dagrun for example_local_kubernetes_executor to None, run_after=None
[2024-08-16T13:21:48.770+0000] {processor.py:208} INFO - Processing /home/airflow/.local/lib/python3.12/site-packages/airflow/example_dags/example_local_kubernetes_executor.py took 0.099 seconds
[2024-08-16T13:22:19.216+0000] {processor.py:186} INFO - Started process (PID=2304) to work on /home/airflow/.local/lib/python3.12/site-packages/airflow/example_dags/example_local_kubernetes_executor.py
[2024-08-16T13:22:19.218+0000] {processor.py:914} INFO - Processing file /home/airflow/.local/lib/python3.12/site-packages/airflow/example_dags/example_local_kubernetes_executor.py for tasks to queue
[2024-08-16T13:22:19.221+0000] {logging_mixin.py:190} INFO - [2024-08-16T13:22:19.221+0000] {dagbag.py:587} INFO - Filling up the DagBag from /home/airflow/.local/lib/python3.12/site-packages/airflow/example_dags/example_local_kubernetes_executor.py
[2024-08-16T13:22:19.230+0000] {processor.py:925} INFO - DAG(s) 'example_local_kubernetes_executor' retrieved from /home/airflow/.local/lib/python3.12/site-packages/airflow/example_dags/example_local_kubernetes_executor.py
[2024-08-16T13:22:19.271+0000] {logging_mixin.py:190} INFO - [2024-08-16T13:22:19.271+0000] {dag.py:3211} INFO - Sync 1 DAGs
[2024-08-16T13:22:19.289+0000] {logging_mixin.py:190} INFO - [2024-08-16T13:22:19.289+0000] {dag.py:4138} INFO - Setting next_dagrun for example_local_kubernetes_executor to None, run_after=None
[2024-08-16T13:22:19.309+0000] {processor.py:208} INFO - Processing /home/airflow/.local/lib/python3.12/site-packages/airflow/example_dags/example_local_kubernetes_executor.py took 0.099 seconds
[2024-08-16T13:22:49.570+0000] {processor.py:186} INFO - Started process (PID=2590) to work on /home/airflow/.local/lib/python3.12/site-packages/airflow/example_dags/example_local_kubernetes_executor.py
[2024-08-16T13:22:49.571+0000] {processor.py:914} INFO - Processing file /home/airflow/.local/lib/python3.12/site-packages/airflow/example_dags/example_local_kubernetes_executor.py for tasks to queue
[2024-08-16T13:22:49.574+0000] {logging_mixin.py:190} INFO - [2024-08-16T13:22:49.574+0000] {dagbag.py:587} INFO - Filling up the DagBag from /home/airflow/.local/lib/python3.12/site-packages/airflow/example_dags/example_local_kubernetes_executor.py
[2024-08-16T13:22:49.584+0000] {processor.py:925} INFO - DAG(s) 'example_local_kubernetes_executor' retrieved from /home/airflow/.local/lib/python3.12/site-packages/airflow/example_dags/example_local_kubernetes_executor.py
[2024-08-16T13:22:49.625+0000] {logging_mixin.py:190} INFO - [2024-08-16T13:22:49.624+0000] {dag.py:3211} INFO - Sync 1 DAGs
[2024-08-16T13:22:49.640+0000] {logging_mixin.py:190} INFO - [2024-08-16T13:22:49.640+0000] {dag.py:4138} INFO - Setting next_dagrun for example_local_kubernetes_executor to None, run_after=None
[2024-08-16T13:22:49.660+0000] {processor.py:208} INFO - Processing /home/airflow/.local/lib/python3.12/site-packages/airflow/example_dags/example_local_kubernetes_executor.py took 0.096 seconds
[2024-08-16T13:23:19.867+0000] {processor.py:186} INFO - Started process (PID=2876) to work on /home/airflow/.local/lib/python3.12/site-packages/airflow/example_dags/example_local_kubernetes_executor.py
[2024-08-16T13:23:19.868+0000] {processor.py:914} INFO - Processing file /home/airflow/.local/lib/python3.12/site-packages/airflow/example_dags/example_local_kubernetes_executor.py for tasks to queue
[2024-08-16T13:23:19.871+0000] {logging_mixin.py:190} INFO - [2024-08-16T13:23:19.870+0000] {dagbag.py:587} INFO - Filling up the DagBag from /home/airflow/.local/lib/python3.12/site-packages/airflow/example_dags/example_local_kubernetes_executor.py
[2024-08-16T13:23:19.879+0000] {processor.py:925} INFO - DAG(s) 'example_local_kubernetes_executor' retrieved from /home/airflow/.local/lib/python3.12/site-packages/airflow/example_dags/example_local_kubernetes_executor.py
[2024-08-16T13:23:19.918+0000] {logging_mixin.py:190} INFO - [2024-08-16T13:23:19.918+0000] {dag.py:3211} INFO - Sync 1 DAGs
[2024-08-16T13:23:19.935+0000] {logging_mixin.py:190} INFO - [2024-08-16T13:23:19.934+0000] {dag.py:4138} INFO - Setting next_dagrun for example_local_kubernetes_executor to None, run_after=None
[2024-08-16T13:23:19.955+0000] {processor.py:208} INFO - Processing /home/airflow/.local/lib/python3.12/site-packages/airflow/example_dags/example_local_kubernetes_executor.py took 0.095 seconds
[2024-08-16T13:23:50.165+0000] {processor.py:186} INFO - Started process (PID=3162) to work on /home/airflow/.local/lib/python3.12/site-packages/airflow/example_dags/example_local_kubernetes_executor.py
[2024-08-16T13:23:50.166+0000] {processor.py:914} INFO - Processing file /home/airflow/.local/lib/python3.12/site-packages/airflow/example_dags/example_local_kubernetes_executor.py for tasks to queue
[2024-08-16T13:23:50.169+0000] {logging_mixin.py:190} INFO - [2024-08-16T13:23:50.168+0000] {dagbag.py:587} INFO - Filling up the DagBag from /home/airflow/.local/lib/python3.12/site-packages/airflow/example_dags/example_local_kubernetes_executor.py
[2024-08-16T13:23:50.179+0000] {processor.py:925} INFO - DAG(s) 'example_local_kubernetes_executor' retrieved from /home/airflow/.local/lib/python3.12/site-packages/airflow/example_dags/example_local_kubernetes_executor.py
[2024-08-16T13:23:50.221+0000] {logging_mixin.py:190} INFO - [2024-08-16T13:23:50.221+0000] {dag.py:3211} INFO - Sync 1 DAGs
[2024-08-16T13:23:50.239+0000] {logging_mixin.py:190} INFO - [2024-08-16T13:23:50.239+0000] {dag.py:4138} INFO - Setting next_dagrun for example_local_kubernetes_executor to None, run_after=None
[2024-08-16T13:23:50.264+0000] {processor.py:208} INFO - Processing /home/airflow/.local/lib/python3.12/site-packages/airflow/example_dags/example_local_kubernetes_executor.py took 0.106 seconds
[2024-08-16T13:24:20.464+0000] {processor.py:186} INFO - Started process (PID=3448) to work on /home/airflow/.local/lib/python3.12/site-packages/airflow/example_dags/example_local_kubernetes_executor.py
[2024-08-16T13:24:20.465+0000] {processor.py:914} INFO - Processing file /home/airflow/.local/lib/python3.12/site-packages/airflow/example_dags/example_local_kubernetes_executor.py for tasks to queue
[2024-08-16T13:24:20.468+0000] {logging_mixin.py:190} INFO - [2024-08-16T13:24:20.467+0000] {dagbag.py:587} INFO - Filling up the DagBag from /home/airflow/.local/lib/python3.12/site-packages/airflow/example_dags/example_local_kubernetes_executor.py
[2024-08-16T13:24:20.478+0000] {processor.py:925} INFO - DAG(s) 'example_local_kubernetes_executor' retrieved from /home/airflow/.local/lib/python3.12/site-packages/airflow/example_dags/example_local_kubernetes_executor.py
[2024-08-16T13:24:20.517+0000] {logging_mixin.py:190} INFO - [2024-08-16T13:24:20.517+0000] {dag.py:3211} INFO - Sync 1 DAGs
[2024-08-16T13:24:20.535+0000] {logging_mixin.py:190} INFO - [2024-08-16T13:24:20.535+0000] {dag.py:4138} INFO - Setting next_dagrun for example_local_kubernetes_executor to None, run_after=None
[2024-08-16T13:24:20.556+0000] {processor.py:208} INFO - Processing /home/airflow/.local/lib/python3.12/site-packages/airflow/example_dags/example_local_kubernetes_executor.py took 0.099 seconds
[2024-08-16T13:24:50.869+0000] {processor.py:186} INFO - Started process (PID=3734) to work on /home/airflow/.local/lib/python3.12/site-packages/airflow/example_dags/example_local_kubernetes_executor.py
[2024-08-16T13:24:50.870+0000] {processor.py:914} INFO - Processing file /home/airflow/.local/lib/python3.12/site-packages/airflow/example_dags/example_local_kubernetes_executor.py for tasks to queue
[2024-08-16T13:24:50.873+0000] {logging_mixin.py:190} INFO - [2024-08-16T13:24:50.873+0000] {dagbag.py:587} INFO - Filling up the DagBag from /home/airflow/.local/lib/python3.12/site-packages/airflow/example_dags/example_local_kubernetes_executor.py
[2024-08-16T13:24:50.883+0000] {processor.py:925} INFO - DAG(s) 'example_local_kubernetes_executor' retrieved from /home/airflow/.local/lib/python3.12/site-packages/airflow/example_dags/example_local_kubernetes_executor.py
[2024-08-16T13:24:50.922+0000] {logging_mixin.py:190} INFO - [2024-08-16T13:24:50.921+0000] {dag.py:3211} INFO - Sync 1 DAGs
[2024-08-16T13:24:50.937+0000] {logging_mixin.py:190} INFO - [2024-08-16T13:24:50.937+0000] {dag.py:4138} INFO - Setting next_dagrun for example_local_kubernetes_executor to None, run_after=None
[2024-08-16T13:24:50.957+0000] {processor.py:208} INFO - Processing /home/airflow/.local/lib/python3.12/site-packages/airflow/example_dags/example_local_kubernetes_executor.py took 0.094 seconds
[2024-08-16T13:25:21.148+0000] {processor.py:186} INFO - Started process (PID=4020) to work on /home/airflow/.local/lib/python3.12/site-packages/airflow/example_dags/example_local_kubernetes_executor.py
[2024-08-16T13:25:21.149+0000] {processor.py:914} INFO - Processing file /home/airflow/.local/lib/python3.12/site-packages/airflow/example_dags/example_local_kubernetes_executor.py for tasks to queue
[2024-08-16T13:25:21.152+0000] {logging_mixin.py:190} INFO - [2024-08-16T13:25:21.151+0000] {dagbag.py:587} INFO - Filling up the DagBag from /home/airflow/.local/lib/python3.12/site-packages/airflow/example_dags/example_local_kubernetes_executor.py
[2024-08-16T13:25:21.162+0000] {processor.py:925} INFO - DAG(s) 'example_local_kubernetes_executor' retrieved from /home/airflow/.local/lib/python3.12/site-packages/airflow/example_dags/example_local_kubernetes_executor.py
[2024-08-16T13:25:21.204+0000] {logging_mixin.py:190} INFO - [2024-08-16T13:25:21.203+0000] {dag.py:3211} INFO - Sync 1 DAGs
[2024-08-16T13:25:21.223+0000] {logging_mixin.py:190} INFO - [2024-08-16T13:25:21.222+0000] {dag.py:4138} INFO - Setting next_dagrun for example_local_kubernetes_executor to None, run_after=None
[2024-08-16T13:25:21.242+0000] {processor.py:208} INFO - Processing /home/airflow/.local/lib/python3.12/site-packages/airflow/example_dags/example_local_kubernetes_executor.py took 0.100 seconds
[2024-08-16T13:25:51.643+0000] {processor.py:186} INFO - Started process (PID=4306) to work on /home/airflow/.local/lib/python3.12/site-packages/airflow/example_dags/example_local_kubernetes_executor.py
[2024-08-16T13:25:51.645+0000] {processor.py:914} INFO - Processing file /home/airflow/.local/lib/python3.12/site-packages/airflow/example_dags/example_local_kubernetes_executor.py for tasks to queue
[2024-08-16T13:25:51.647+0000] {logging_mixin.py:190} INFO - [2024-08-16T13:25:51.647+0000] {dagbag.py:587} INFO - Filling up the DagBag from /home/airflow/.local/lib/python3.12/site-packages/airflow/example_dags/example_local_kubernetes_executor.py
[2024-08-16T13:25:51.657+0000] {processor.py:925} INFO - DAG(s) 'example_local_kubernetes_executor' retrieved from /home/airflow/.local/lib/python3.12/site-packages/airflow/example_dags/example_local_kubernetes_executor.py
[2024-08-16T13:25:51.696+0000] {logging_mixin.py:190} INFO - [2024-08-16T13:25:51.695+0000] {dag.py:3211} INFO - Sync 1 DAGs
[2024-08-16T13:25:51.713+0000] {logging_mixin.py:190} INFO - [2024-08-16T13:25:51.713+0000] {dag.py:4138} INFO - Setting next_dagrun for example_local_kubernetes_executor to None, run_after=None
[2024-08-16T13:25:51.733+0000] {processor.py:208} INFO - Processing /home/airflow/.local/lib/python3.12/site-packages/airflow/example_dags/example_local_kubernetes_executor.py took 0.096 seconds
[2024-08-16T13:26:22.010+0000] {processor.py:186} INFO - Started process (PID=4592) to work on /home/airflow/.local/lib/python3.12/site-packages/airflow/example_dags/example_local_kubernetes_executor.py
[2024-08-16T13:26:22.011+0000] {processor.py:914} INFO - Processing file /home/airflow/.local/lib/python3.12/site-packages/airflow/example_dags/example_local_kubernetes_executor.py for tasks to queue
[2024-08-16T13:26:22.013+0000] {logging_mixin.py:190} INFO - [2024-08-16T13:26:22.013+0000] {dagbag.py:587} INFO - Filling up the DagBag from /home/airflow/.local/lib/python3.12/site-packages/airflow/example_dags/example_local_kubernetes_executor.py
[2024-08-16T13:26:22.023+0000] {processor.py:925} INFO - DAG(s) 'example_local_kubernetes_executor' retrieved from /home/airflow/.local/lib/python3.12/site-packages/airflow/example_dags/example_local_kubernetes_executor.py
[2024-08-16T13:26:22.061+0000] {logging_mixin.py:190} INFO - [2024-08-16T13:26:22.061+0000] {dag.py:3211} INFO - Sync 1 DAGs
[2024-08-16T13:26:22.078+0000] {logging_mixin.py:190} INFO - [2024-08-16T13:26:22.078+0000] {dag.py:4138} INFO - Setting next_dagrun for example_local_kubernetes_executor to None, run_after=None
[2024-08-16T13:26:22.097+0000] {processor.py:208} INFO - Processing /home/airflow/.local/lib/python3.12/site-packages/airflow/example_dags/example_local_kubernetes_executor.py took 0.094 seconds
[2024-08-16T13:26:52.575+0000] {processor.py:186} INFO - Started process (PID=4878) to work on /home/airflow/.local/lib/python3.12/site-packages/airflow/example_dags/example_local_kubernetes_executor.py
[2024-08-16T13:26:52.577+0000] {processor.py:914} INFO - Processing file /home/airflow/.local/lib/python3.12/site-packages/airflow/example_dags/example_local_kubernetes_executor.py for tasks to queue
[2024-08-16T13:26:52.583+0000] {logging_mixin.py:190} INFO - [2024-08-16T13:26:52.582+0000] {dagbag.py:587} INFO - Filling up the DagBag from /home/airflow/.local/lib/python3.12/site-packages/airflow/example_dags/example_local_kubernetes_executor.py
[2024-08-16T13:26:52.601+0000] {processor.py:925} INFO - DAG(s) 'example_local_kubernetes_executor' retrieved from /home/airflow/.local/lib/python3.12/site-packages/airflow/example_dags/example_local_kubernetes_executor.py
[2024-08-16T13:26:52.658+0000] {logging_mixin.py:190} INFO - [2024-08-16T13:26:52.658+0000] {dag.py:3211} INFO - Sync 1 DAGs
[2024-08-16T13:26:52.684+0000] {logging_mixin.py:190} INFO - [2024-08-16T13:26:52.684+0000] {dag.py:4138} INFO - Setting next_dagrun for example_local_kubernetes_executor to None, run_after=None
[2024-08-16T13:26:52.708+0000] {processor.py:208} INFO - Processing /home/airflow/.local/lib/python3.12/site-packages/airflow/example_dags/example_local_kubernetes_executor.py took 0.140 seconds
[2024-08-16T13:27:23.015+0000] {processor.py:186} INFO - Started process (PID=5165) to work on /home/airflow/.local/lib/python3.12/site-packages/airflow/example_dags/example_local_kubernetes_executor.py
[2024-08-16T13:27:23.016+0000] {processor.py:914} INFO - Processing file /home/airflow/.local/lib/python3.12/site-packages/airflow/example_dags/example_local_kubernetes_executor.py for tasks to queue
[2024-08-16T13:27:23.019+0000] {logging_mixin.py:190} INFO - [2024-08-16T13:27:23.018+0000] {dagbag.py:587} INFO - Filling up the DagBag from /home/airflow/.local/lib/python3.12/site-packages/airflow/example_dags/example_local_kubernetes_executor.py
[2024-08-16T13:27:23.028+0000] {processor.py:925} INFO - DAG(s) 'example_local_kubernetes_executor' retrieved from /home/airflow/.local/lib/python3.12/site-packages/airflow/example_dags/example_local_kubernetes_executor.py
[2024-08-16T13:27:23.065+0000] {logging_mixin.py:190} INFO - [2024-08-16T13:27:23.065+0000] {dag.py:3211} INFO - Sync 1 DAGs
[2024-08-16T13:27:23.081+0000] {logging_mixin.py:190} INFO - [2024-08-16T13:27:23.080+0000] {dag.py:4138} INFO - Setting next_dagrun for example_local_kubernetes_executor to None, run_after=None
[2024-08-16T13:27:23.102+0000] {processor.py:208} INFO - Processing /home/airflow/.local/lib/python3.12/site-packages/airflow/example_dags/example_local_kubernetes_executor.py took 0.095 seconds
[2024-08-16T13:27:53.219+0000] {processor.py:186} INFO - Started process (PID=5449) to work on /home/airflow/.local/lib/python3.12/site-packages/airflow/example_dags/example_local_kubernetes_executor.py
[2024-08-16T13:27:53.220+0000] {processor.py:914} INFO - Processing file /home/airflow/.local/lib/python3.12/site-packages/airflow/example_dags/example_local_kubernetes_executor.py for tasks to queue
[2024-08-16T13:27:53.223+0000] {logging_mixin.py:190} INFO - [2024-08-16T13:27:53.222+0000] {dagbag.py:587} INFO - Filling up the DagBag from /home/airflow/.local/lib/python3.12/site-packages/airflow/example_dags/example_local_kubernetes_executor.py
[2024-08-16T13:27:53.232+0000] {processor.py:925} INFO - DAG(s) 'example_local_kubernetes_executor' retrieved from /home/airflow/.local/lib/python3.12/site-packages/airflow/example_dags/example_local_kubernetes_executor.py
[2024-08-16T13:27:53.270+0000] {logging_mixin.py:190} INFO - [2024-08-16T13:27:53.270+0000] {dag.py:3211} INFO - Sync 1 DAGs
[2024-08-16T13:27:53.285+0000] {logging_mixin.py:190} INFO - [2024-08-16T13:27:53.285+0000] {dag.py:4138} INFO - Setting next_dagrun for example_local_kubernetes_executor to None, run_after=None
[2024-08-16T13:27:53.402+0000] {processor.py:208} INFO - Processing /home/airflow/.local/lib/python3.12/site-packages/airflow/example_dags/example_local_kubernetes_executor.py took 0.188 seconds
[2024-08-16T13:28:24.042+0000] {processor.py:186} INFO - Started process (PID=5737) to work on /home/airflow/.local/lib/python3.12/site-packages/airflow/example_dags/example_local_kubernetes_executor.py
[2024-08-16T13:28:24.043+0000] {processor.py:914} INFO - Processing file /home/airflow/.local/lib/python3.12/site-packages/airflow/example_dags/example_local_kubernetes_executor.py for tasks to queue
[2024-08-16T13:28:24.046+0000] {logging_mixin.py:190} INFO - [2024-08-16T13:28:24.045+0000] {dagbag.py:587} INFO - Filling up the DagBag from /home/airflow/.local/lib/python3.12/site-packages/airflow/example_dags/example_local_kubernetes_executor.py
[2024-08-16T13:28:24.055+0000] {processor.py:925} INFO - DAG(s) 'example_local_kubernetes_executor' retrieved from /home/airflow/.local/lib/python3.12/site-packages/airflow/example_dags/example_local_kubernetes_executor.py
[2024-08-16T13:28:24.097+0000] {logging_mixin.py:190} INFO - [2024-08-16T13:28:24.097+0000] {dag.py:3211} INFO - Sync 1 DAGs
[2024-08-16T13:28:24.114+0000] {logging_mixin.py:190} INFO - [2024-08-16T13:28:24.114+0000] {dag.py:4138} INFO - Setting next_dagrun for example_local_kubernetes_executor to None, run_after=None
[2024-08-16T13:28:24.135+0000] {processor.py:208} INFO - Processing /home/airflow/.local/lib/python3.12/site-packages/airflow/example_dags/example_local_kubernetes_executor.py took 0.100 seconds
[2024-08-16T13:28:54.413+0000] {processor.py:186} INFO - Started process (PID=6021) to work on /home/airflow/.local/lib/python3.12/site-packages/airflow/example_dags/example_local_kubernetes_executor.py
[2024-08-16T13:28:54.414+0000] {processor.py:914} INFO - Processing file /home/airflow/.local/lib/python3.12/site-packages/airflow/example_dags/example_local_kubernetes_executor.py for tasks to queue
[2024-08-16T13:28:54.417+0000] {logging_mixin.py:190} INFO - [2024-08-16T13:28:54.416+0000] {dagbag.py:587} INFO - Filling up the DagBag from /home/airflow/.local/lib/python3.12/site-packages/airflow/example_dags/example_local_kubernetes_executor.py
[2024-08-16T13:28:54.429+0000] {processor.py:925} INFO - DAG(s) 'example_local_kubernetes_executor' retrieved from /home/airflow/.local/lib/python3.12/site-packages/airflow/example_dags/example_local_kubernetes_executor.py
[2024-08-16T13:28:54.469+0000] {logging_mixin.py:190} INFO - [2024-08-16T13:28:54.469+0000] {dag.py:3211} INFO - Sync 1 DAGs
[2024-08-16T13:28:54.485+0000] {logging_mixin.py:190} INFO - [2024-08-16T13:28:54.484+0000] {dag.py:4138} INFO - Setting next_dagrun for example_local_kubernetes_executor to None, run_after=None
[2024-08-16T13:28:54.504+0000] {processor.py:208} INFO - Processing /home/airflow/.local/lib/python3.12/site-packages/airflow/example_dags/example_local_kubernetes_executor.py took 0.097 seconds
[2024-08-16T13:29:24.592+0000] {processor.py:186} INFO - Started process (PID=6302) to work on /home/airflow/.local/lib/python3.12/site-packages/airflow/example_dags/example_local_kubernetes_executor.py
[2024-08-16T13:29:24.593+0000] {processor.py:914} INFO - Processing file /home/airflow/.local/lib/python3.12/site-packages/airflow/example_dags/example_local_kubernetes_executor.py for tasks to queue
[2024-08-16T13:29:24.596+0000] {logging_mixin.py:190} INFO - [2024-08-16T13:29:24.596+0000] {dagbag.py:587} INFO - Filling up the DagBag from /home/airflow/.local/lib/python3.12/site-packages/airflow/example_dags/example_local_kubernetes_executor.py
[2024-08-16T13:29:24.608+0000] {processor.py:925} INFO - DAG(s) 'example_local_kubernetes_executor' retrieved from /home/airflow/.local/lib/python3.12/site-packages/airflow/example_dags/example_local_kubernetes_executor.py
[2024-08-16T13:29:24.649+0000] {logging_mixin.py:190} INFO - [2024-08-16T13:29:24.649+0000] {dag.py:3211} INFO - Sync 1 DAGs
[2024-08-16T13:29:24.670+0000] {logging_mixin.py:190} INFO - [2024-08-16T13:29:24.669+0000] {dag.py:4138} INFO - Setting next_dagrun for example_local_kubernetes_executor to None, run_after=None
[2024-08-16T13:29:24.692+0000] {processor.py:208} INFO - Processing /home/airflow/.local/lib/python3.12/site-packages/airflow/example_dags/example_local_kubernetes_executor.py took 0.107 seconds
[2024-08-16T13:29:55.467+0000] {processor.py:186} INFO - Started process (PID=6593) to work on /home/airflow/.local/lib/python3.12/site-packages/airflow/example_dags/example_local_kubernetes_executor.py
[2024-08-16T13:29:55.468+0000] {processor.py:914} INFO - Processing file /home/airflow/.local/lib/python3.12/site-packages/airflow/example_dags/example_local_kubernetes_executor.py for tasks to queue
[2024-08-16T13:29:55.470+0000] {logging_mixin.py:190} INFO - [2024-08-16T13:29:55.470+0000] {dagbag.py:587} INFO - Filling up the DagBag from /home/airflow/.local/lib/python3.12/site-packages/airflow/example_dags/example_local_kubernetes_executor.py
[2024-08-16T13:29:55.482+0000] {processor.py:925} INFO - DAG(s) 'example_local_kubernetes_executor' retrieved from /home/airflow/.local/lib/python3.12/site-packages/airflow/example_dags/example_local_kubernetes_executor.py
[2024-08-16T13:29:55.527+0000] {logging_mixin.py:190} INFO - [2024-08-16T13:29:55.527+0000] {dag.py:3211} INFO - Sync 1 DAGs
[2024-08-16T13:29:55.544+0000] {logging_mixin.py:190} INFO - [2024-08-16T13:29:55.543+0000] {dag.py:4138} INFO - Setting next_dagrun for example_local_kubernetes_executor to None, run_after=None
[2024-08-16T13:29:55.567+0000] {processor.py:208} INFO - Processing /home/airflow/.local/lib/python3.12/site-packages/airflow/example_dags/example_local_kubernetes_executor.py took 0.107 seconds
[2024-08-16T13:30:25.925+0000] {processor.py:186} INFO - Started process (PID=6880) to work on /home/airflow/.local/lib/python3.12/site-packages/airflow/example_dags/example_local_kubernetes_executor.py
[2024-08-16T13:30:25.926+0000] {processor.py:914} INFO - Processing file /home/airflow/.local/lib/python3.12/site-packages/airflow/example_dags/example_local_kubernetes_executor.py for tasks to queue
[2024-08-16T13:30:25.929+0000] {logging_mixin.py:190} INFO - [2024-08-16T13:30:25.928+0000] {dagbag.py:587} INFO - Filling up the DagBag from /home/airflow/.local/lib/python3.12/site-packages/airflow/example_dags/example_local_kubernetes_executor.py
[2024-08-16T13:30:25.939+0000] {processor.py:925} INFO - DAG(s) 'example_local_kubernetes_executor' retrieved from /home/airflow/.local/lib/python3.12/site-packages/airflow/example_dags/example_local_kubernetes_executor.py
[2024-08-16T13:30:25.977+0000] {logging_mixin.py:190} INFO - [2024-08-16T13:30:25.977+0000] {dag.py:3211} INFO - Sync 1 DAGs
[2024-08-16T13:30:25.993+0000] {logging_mixin.py:190} INFO - [2024-08-16T13:30:25.993+0000] {dag.py:4138} INFO - Setting next_dagrun for example_local_kubernetes_executor to None, run_after=None
[2024-08-16T13:30:26.017+0000] {processor.py:208} INFO - Processing /home/airflow/.local/lib/python3.12/site-packages/airflow/example_dags/example_local_kubernetes_executor.py took 0.099 seconds
[2024-08-16T13:30:56.642+0000] {processor.py:186} INFO - Started process (PID=7168) to work on /home/airflow/.local/lib/python3.12/site-packages/airflow/example_dags/example_local_kubernetes_executor.py
[2024-08-16T13:30:56.643+0000] {processor.py:914} INFO - Processing file /home/airflow/.local/lib/python3.12/site-packages/airflow/example_dags/example_local_kubernetes_executor.py for tasks to queue
[2024-08-16T13:30:56.647+0000] {logging_mixin.py:190} INFO - [2024-08-16T13:30:56.646+0000] {dagbag.py:587} INFO - Filling up the DagBag from /home/airflow/.local/lib/python3.12/site-packages/airflow/example_dags/example_local_kubernetes_executor.py
[2024-08-16T13:30:56.656+0000] {processor.py:925} INFO - DAG(s) 'example_local_kubernetes_executor' retrieved from /home/airflow/.local/lib/python3.12/site-packages/airflow/example_dags/example_local_kubernetes_executor.py
[2024-08-16T13:30:56.694+0000] {logging_mixin.py:190} INFO - [2024-08-16T13:30:56.694+0000] {dag.py:3211} INFO - Sync 1 DAGs
[2024-08-16T13:30:56.710+0000] {logging_mixin.py:190} INFO - [2024-08-16T13:30:56.710+0000] {dag.py:4138} INFO - Setting next_dagrun for example_local_kubernetes_executor to None, run_after=None
[2024-08-16T13:30:56.732+0000] {processor.py:208} INFO - Processing /home/airflow/.local/lib/python3.12/site-packages/airflow/example_dags/example_local_kubernetes_executor.py took 0.096 seconds
[2024-08-16T13:31:27.060+0000] {processor.py:186} INFO - Started process (PID=7452) to work on /home/airflow/.local/lib/python3.12/site-packages/airflow/example_dags/example_local_kubernetes_executor.py
[2024-08-16T13:31:27.061+0000] {processor.py:914} INFO - Processing file /home/airflow/.local/lib/python3.12/site-packages/airflow/example_dags/example_local_kubernetes_executor.py for tasks to queue
[2024-08-16T13:31:27.063+0000] {logging_mixin.py:190} INFO - [2024-08-16T13:31:27.063+0000] {dagbag.py:587} INFO - Filling up the DagBag from /home/airflow/.local/lib/python3.12/site-packages/airflow/example_dags/example_local_kubernetes_executor.py
[2024-08-16T13:31:27.075+0000] {processor.py:925} INFO - DAG(s) 'example_local_kubernetes_executor' retrieved from /home/airflow/.local/lib/python3.12/site-packages/airflow/example_dags/example_local_kubernetes_executor.py
[2024-08-16T13:31:27.114+0000] {logging_mixin.py:190} INFO - [2024-08-16T13:31:27.113+0000] {dag.py:3211} INFO - Sync 1 DAGs
[2024-08-16T13:31:27.129+0000] {logging_mixin.py:190} INFO - [2024-08-16T13:31:27.128+0000] {dag.py:4138} INFO - Setting next_dagrun for example_local_kubernetes_executor to None, run_after=None
[2024-08-16T13:31:27.148+0000] {processor.py:208} INFO - Processing /home/airflow/.local/lib/python3.12/site-packages/airflow/example_dags/example_local_kubernetes_executor.py took 0.094 seconds
[2024-08-16T13:31:57.643+0000] {processor.py:186} INFO - Started process (PID=7738) to work on /home/airflow/.local/lib/python3.12/site-packages/airflow/example_dags/example_local_kubernetes_executor.py
[2024-08-16T13:31:57.645+0000] {processor.py:914} INFO - Processing file /home/airflow/.local/lib/python3.12/site-packages/airflow/example_dags/example_local_kubernetes_executor.py for tasks to queue
[2024-08-16T13:31:57.647+0000] {logging_mixin.py:190} INFO - [2024-08-16T13:31:57.647+0000] {dagbag.py:587} INFO - Filling up the DagBag from /home/airflow/.local/lib/python3.12/site-packages/airflow/example_dags/example_local_kubernetes_executor.py
[2024-08-16T13:31:57.657+0000] {processor.py:925} INFO - DAG(s) 'example_local_kubernetes_executor' retrieved from /home/airflow/.local/lib/python3.12/site-packages/airflow/example_dags/example_local_kubernetes_executor.py
[2024-08-16T13:31:57.696+0000] {logging_mixin.py:190} INFO - [2024-08-16T13:31:57.696+0000] {dag.py:3211} INFO - Sync 1 DAGs
[2024-08-16T13:31:57.713+0000] {logging_mixin.py:190} INFO - [2024-08-16T13:31:57.713+0000] {dag.py:4138} INFO - Setting next_dagrun for example_local_kubernetes_executor to None, run_after=None
[2024-08-16T13:31:57.734+0000] {processor.py:208} INFO - Processing /home/airflow/.local/lib/python3.12/site-packages/airflow/example_dags/example_local_kubernetes_executor.py took 0.099 seconds
[2024-08-16T13:32:28.238+0000] {processor.py:186} INFO - Started process (PID=8024) to work on /home/airflow/.local/lib/python3.12/site-packages/airflow/example_dags/example_local_kubernetes_executor.py
[2024-08-16T13:32:28.239+0000] {processor.py:914} INFO - Processing file /home/airflow/.local/lib/python3.12/site-packages/airflow/example_dags/example_local_kubernetes_executor.py for tasks to queue
[2024-08-16T13:32:28.241+0000] {logging_mixin.py:190} INFO - [2024-08-16T13:32:28.241+0000] {dagbag.py:587} INFO - Filling up the DagBag from /home/airflow/.local/lib/python3.12/site-packages/airflow/example_dags/example_local_kubernetes_executor.py
[2024-08-16T13:32:28.252+0000] {processor.py:925} INFO - DAG(s) 'example_local_kubernetes_executor' retrieved from /home/airflow/.local/lib/python3.12/site-packages/airflow/example_dags/example_local_kubernetes_executor.py
[2024-08-16T13:32:28.297+0000] {logging_mixin.py:190} INFO - [2024-08-16T13:32:28.296+0000] {dag.py:3211} INFO - Sync 1 DAGs
[2024-08-16T13:32:28.320+0000] {logging_mixin.py:190} INFO - [2024-08-16T13:32:28.320+0000] {dag.py:4138} INFO - Setting next_dagrun for example_local_kubernetes_executor to None, run_after=None
[2024-08-16T13:32:28.344+0000] {processor.py:208} INFO - Processing /home/airflow/.local/lib/python3.12/site-packages/airflow/example_dags/example_local_kubernetes_executor.py took 0.112 seconds
[2024-08-16T13:32:58.490+0000] {processor.py:186} INFO - Started process (PID=8310) to work on /home/airflow/.local/lib/python3.12/site-packages/airflow/example_dags/example_local_kubernetes_executor.py
[2024-08-16T13:32:58.491+0000] {processor.py:914} INFO - Processing file /home/airflow/.local/lib/python3.12/site-packages/airflow/example_dags/example_local_kubernetes_executor.py for tasks to queue
[2024-08-16T13:32:58.494+0000] {logging_mixin.py:190} INFO - [2024-08-16T13:32:58.493+0000] {dagbag.py:587} INFO - Filling up the DagBag from /home/airflow/.local/lib/python3.12/site-packages/airflow/example_dags/example_local_kubernetes_executor.py
[2024-08-16T13:32:58.503+0000] {processor.py:925} INFO - DAG(s) 'example_local_kubernetes_executor' retrieved from /home/airflow/.local/lib/python3.12/site-packages/airflow/example_dags/example_local_kubernetes_executor.py
[2024-08-16T13:32:58.542+0000] {logging_mixin.py:190} INFO - [2024-08-16T13:32:58.542+0000] {dag.py:3211} INFO - Sync 1 DAGs
[2024-08-16T13:32:58.562+0000] {logging_mixin.py:190} INFO - [2024-08-16T13:32:58.561+0000] {dag.py:4138} INFO - Setting next_dagrun for example_local_kubernetes_executor to None, run_after=None
[2024-08-16T13:32:58.582+0000] {processor.py:208} INFO - Processing /home/airflow/.local/lib/python3.12/site-packages/airflow/example_dags/example_local_kubernetes_executor.py took 0.099 seconds
[2024-08-16T13:33:28.999+0000] {processor.py:186} INFO - Started process (PID=8596) to work on /home/airflow/.local/lib/python3.12/site-packages/airflow/example_dags/example_local_kubernetes_executor.py
[2024-08-16T13:33:29.001+0000] {processor.py:914} INFO - Processing file /home/airflow/.local/lib/python3.12/site-packages/airflow/example_dags/example_local_kubernetes_executor.py for tasks to queue
[2024-08-16T13:33:29.004+0000] {logging_mixin.py:190} INFO - [2024-08-16T13:33:29.004+0000] {dagbag.py:587} INFO - Filling up the DagBag from /home/airflow/.local/lib/python3.12/site-packages/airflow/example_dags/example_local_kubernetes_executor.py
[2024-08-16T13:33:29.016+0000] {processor.py:925} INFO - DAG(s) 'example_local_kubernetes_executor' retrieved from /home/airflow/.local/lib/python3.12/site-packages/airflow/example_dags/example_local_kubernetes_executor.py
[2024-08-16T13:33:29.053+0000] {logging_mixin.py:190} INFO - [2024-08-16T13:33:29.053+0000] {dag.py:3211} INFO - Sync 1 DAGs
[2024-08-16T13:33:29.068+0000] {logging_mixin.py:190} INFO - [2024-08-16T13:33:29.068+0000] {dag.py:4138} INFO - Setting next_dagrun for example_local_kubernetes_executor to None, run_after=None
[2024-08-16T13:33:29.087+0000] {processor.py:208} INFO - Processing /home/airflow/.local/lib/python3.12/site-packages/airflow/example_dags/example_local_kubernetes_executor.py took 0.097 seconds
[2024-08-16T13:33:59.341+0000] {processor.py:186} INFO - Started process (PID=8882) to work on /home/airflow/.local/lib/python3.12/site-packages/airflow/example_dags/example_local_kubernetes_executor.py
[2024-08-16T13:33:59.342+0000] {processor.py:914} INFO - Processing file /home/airflow/.local/lib/python3.12/site-packages/airflow/example_dags/example_local_kubernetes_executor.py for tasks to queue
[2024-08-16T13:33:59.344+0000] {logging_mixin.py:190} INFO - [2024-08-16T13:33:59.344+0000] {dagbag.py:587} INFO - Filling up the DagBag from /home/airflow/.local/lib/python3.12/site-packages/airflow/example_dags/example_local_kubernetes_executor.py
[2024-08-16T13:33:59.356+0000] {processor.py:925} INFO - DAG(s) 'example_local_kubernetes_executor' retrieved from /home/airflow/.local/lib/python3.12/site-packages/airflow/example_dags/example_local_kubernetes_executor.py
[2024-08-16T13:33:59.394+0000] {logging_mixin.py:190} INFO - [2024-08-16T13:33:59.394+0000] {dag.py:3211} INFO - Sync 1 DAGs
[2024-08-16T13:33:59.409+0000] {logging_mixin.py:190} INFO - [2024-08-16T13:33:59.409+0000] {dag.py:4138} INFO - Setting next_dagrun for example_local_kubernetes_executor to None, run_after=None
[2024-08-16T13:33:59.428+0000] {processor.py:208} INFO - Processing /home/airflow/.local/lib/python3.12/site-packages/airflow/example_dags/example_local_kubernetes_executor.py took 0.093 seconds
[2024-08-16T13:34:29.928+0000] {processor.py:186} INFO - Started process (PID=9168) to work on /home/airflow/.local/lib/python3.12/site-packages/airflow/example_dags/example_local_kubernetes_executor.py
[2024-08-16T13:34:29.929+0000] {processor.py:914} INFO - Processing file /home/airflow/.local/lib/python3.12/site-packages/airflow/example_dags/example_local_kubernetes_executor.py for tasks to queue
[2024-08-16T13:34:29.932+0000] {logging_mixin.py:190} INFO - [2024-08-16T13:34:29.931+0000] {dagbag.py:587} INFO - Filling up the DagBag from /home/airflow/.local/lib/python3.12/site-packages/airflow/example_dags/example_local_kubernetes_executor.py
[2024-08-16T13:34:29.941+0000] {processor.py:925} INFO - DAG(s) 'example_local_kubernetes_executor' retrieved from /home/airflow/.local/lib/python3.12/site-packages/airflow/example_dags/example_local_kubernetes_executor.py
[2024-08-16T13:34:29.981+0000] {logging_mixin.py:190} INFO - [2024-08-16T13:34:29.981+0000] {dag.py:3211} INFO - Sync 1 DAGs
[2024-08-16T13:34:29.996+0000] {logging_mixin.py:190} INFO - [2024-08-16T13:34:29.996+0000] {dag.py:4138} INFO - Setting next_dagrun for example_local_kubernetes_executor to None, run_after=None
[2024-08-16T13:34:30.041+0000] {processor.py:208} INFO - Processing /home/airflow/.local/lib/python3.12/site-packages/airflow/example_dags/example_local_kubernetes_executor.py took 0.120 seconds
[2024-08-16T13:35:00.347+0000] {processor.py:186} INFO - Started process (PID=9454) to work on /home/airflow/.local/lib/python3.12/site-packages/airflow/example_dags/example_local_kubernetes_executor.py
[2024-08-16T13:35:00.348+0000] {processor.py:914} INFO - Processing file /home/airflow/.local/lib/python3.12/site-packages/airflow/example_dags/example_local_kubernetes_executor.py for tasks to queue
[2024-08-16T13:35:00.350+0000] {logging_mixin.py:190} INFO - [2024-08-16T13:35:00.350+0000] {dagbag.py:587} INFO - Filling up the DagBag from /home/airflow/.local/lib/python3.12/site-packages/airflow/example_dags/example_local_kubernetes_executor.py
[2024-08-16T13:35:00.359+0000] {processor.py:925} INFO - DAG(s) 'example_local_kubernetes_executor' retrieved from /home/airflow/.local/lib/python3.12/site-packages/airflow/example_dags/example_local_kubernetes_executor.py
[2024-08-16T13:35:00.397+0000] {logging_mixin.py:190} INFO - [2024-08-16T13:35:00.396+0000] {dag.py:3211} INFO - Sync 1 DAGs
[2024-08-16T13:35:00.412+0000] {logging_mixin.py:190} INFO - [2024-08-16T13:35:00.412+0000] {dag.py:4138} INFO - Setting next_dagrun for example_local_kubernetes_executor to None, run_after=None
[2024-08-16T13:35:00.431+0000] {processor.py:208} INFO - Processing /home/airflow/.local/lib/python3.12/site-packages/airflow/example_dags/example_local_kubernetes_executor.py took 0.090 seconds
[2024-08-16T13:35:30.734+0000] {processor.py:186} INFO - Started process (PID=9740) to work on /home/airflow/.local/lib/python3.12/site-packages/airflow/example_dags/example_local_kubernetes_executor.py
[2024-08-16T13:35:30.735+0000] {processor.py:914} INFO - Processing file /home/airflow/.local/lib/python3.12/site-packages/airflow/example_dags/example_local_kubernetes_executor.py for tasks to queue
[2024-08-16T13:35:30.737+0000] {logging_mixin.py:190} INFO - [2024-08-16T13:35:30.737+0000] {dagbag.py:587} INFO - Filling up the DagBag from /home/airflow/.local/lib/python3.12/site-packages/airflow/example_dags/example_local_kubernetes_executor.py
[2024-08-16T13:35:30.747+0000] {processor.py:925} INFO - DAG(s) 'example_local_kubernetes_executor' retrieved from /home/airflow/.local/lib/python3.12/site-packages/airflow/example_dags/example_local_kubernetes_executor.py
[2024-08-16T13:35:30.799+0000] {logging_mixin.py:190} INFO - [2024-08-16T13:35:30.799+0000] {dag.py:3211} INFO - Sync 1 DAGs
[2024-08-16T13:35:30.817+0000] {logging_mixin.py:190} INFO - [2024-08-16T13:35:30.817+0000] {dag.py:4138} INFO - Setting next_dagrun for example_local_kubernetes_executor to None, run_after=None
[2024-08-16T13:35:30.841+0000] {processor.py:208} INFO - Processing /home/airflow/.local/lib/python3.12/site-packages/airflow/example_dags/example_local_kubernetes_executor.py took 0.114 seconds
[2024-08-16T13:36:01.261+0000] {processor.py:186} INFO - Started process (PID=10026) to work on /home/airflow/.local/lib/python3.12/site-packages/airflow/example_dags/example_local_kubernetes_executor.py
[2024-08-16T13:36:01.262+0000] {processor.py:914} INFO - Processing file /home/airflow/.local/lib/python3.12/site-packages/airflow/example_dags/example_local_kubernetes_executor.py for tasks to queue
[2024-08-16T13:36:01.264+0000] {logging_mixin.py:190} INFO - [2024-08-16T13:36:01.264+0000] {dagbag.py:587} INFO - Filling up the DagBag from /home/airflow/.local/lib/python3.12/site-packages/airflow/example_dags/example_local_kubernetes_executor.py
[2024-08-16T13:36:01.274+0000] {processor.py:925} INFO - DAG(s) 'example_local_kubernetes_executor' retrieved from /home/airflow/.local/lib/python3.12/site-packages/airflow/example_dags/example_local_kubernetes_executor.py
[2024-08-16T13:36:01.317+0000] {logging_mixin.py:190} INFO - [2024-08-16T13:36:01.316+0000] {dag.py:3211} INFO - Sync 1 DAGs
[2024-08-16T13:36:01.336+0000] {logging_mixin.py:190} INFO - [2024-08-16T13:36:01.336+0000] {dag.py:4138} INFO - Setting next_dagrun for example_local_kubernetes_executor to None, run_after=None
[2024-08-16T13:36:01.360+0000] {processor.py:208} INFO - Processing /home/airflow/.local/lib/python3.12/site-packages/airflow/example_dags/example_local_kubernetes_executor.py took 0.106 seconds
[2024-08-16T13:36:31.702+0000] {processor.py:186} INFO - Started process (PID=10312) to work on /home/airflow/.local/lib/python3.12/site-packages/airflow/example_dags/example_local_kubernetes_executor.py
[2024-08-16T13:36:31.704+0000] {processor.py:914} INFO - Processing file /home/airflow/.local/lib/python3.12/site-packages/airflow/example_dags/example_local_kubernetes_executor.py for tasks to queue
[2024-08-16T13:36:31.707+0000] {logging_mixin.py:190} INFO - [2024-08-16T13:36:31.706+0000] {dagbag.py:587} INFO - Filling up the DagBag from /home/airflow/.local/lib/python3.12/site-packages/airflow/example_dags/example_local_kubernetes_executor.py
[2024-08-16T13:36:31.718+0000] {processor.py:925} INFO - DAG(s) 'example_local_kubernetes_executor' retrieved from /home/airflow/.local/lib/python3.12/site-packages/airflow/example_dags/example_local_kubernetes_executor.py
[2024-08-16T13:36:31.798+0000] {logging_mixin.py:190} INFO - [2024-08-16T13:36:31.797+0000] {dag.py:3211} INFO - Sync 1 DAGs
[2024-08-16T13:36:31.824+0000] {logging_mixin.py:190} INFO - [2024-08-16T13:36:31.824+0000] {dag.py:4138} INFO - Setting next_dagrun for example_local_kubernetes_executor to None, run_after=None
[2024-08-16T13:36:31.845+0000] {processor.py:208} INFO - Processing /home/airflow/.local/lib/python3.12/site-packages/airflow/example_dags/example_local_kubernetes_executor.py took 0.150 seconds
[2024-08-16T13:37:02.104+0000] {processor.py:186} INFO - Started process (PID=10598) to work on /home/airflow/.local/lib/python3.12/site-packages/airflow/example_dags/example_local_kubernetes_executor.py
[2024-08-16T13:37:02.105+0000] {processor.py:914} INFO - Processing file /home/airflow/.local/lib/python3.12/site-packages/airflow/example_dags/example_local_kubernetes_executor.py for tasks to queue
[2024-08-16T13:37:02.107+0000] {logging_mixin.py:190} INFO - [2024-08-16T13:37:02.107+0000] {dagbag.py:587} INFO - Filling up the DagBag from /home/airflow/.local/lib/python3.12/site-packages/airflow/example_dags/example_local_kubernetes_executor.py
[2024-08-16T13:37:02.118+0000] {processor.py:925} INFO - DAG(s) 'example_local_kubernetes_executor' retrieved from /home/airflow/.local/lib/python3.12/site-packages/airflow/example_dags/example_local_kubernetes_executor.py
[2024-08-16T13:37:02.157+0000] {logging_mixin.py:190} INFO - [2024-08-16T13:37:02.157+0000] {dag.py:3211} INFO - Sync 1 DAGs
[2024-08-16T13:37:02.173+0000] {logging_mixin.py:190} INFO - [2024-08-16T13:37:02.173+0000] {dag.py:4138} INFO - Setting next_dagrun for example_local_kubernetes_executor to None, run_after=None
[2024-08-16T13:37:02.199+0000] {processor.py:208} INFO - Processing /home/airflow/.local/lib/python3.12/site-packages/airflow/example_dags/example_local_kubernetes_executor.py took 0.102 seconds
[2024-08-16T13:37:32.514+0000] {processor.py:186} INFO - Started process (PID=10885) to work on /home/airflow/.local/lib/python3.12/site-packages/airflow/example_dags/example_local_kubernetes_executor.py
[2024-08-16T13:37:32.515+0000] {processor.py:914} INFO - Processing file /home/airflow/.local/lib/python3.12/site-packages/airflow/example_dags/example_local_kubernetes_executor.py for tasks to queue
[2024-08-16T13:37:32.518+0000] {logging_mixin.py:190} INFO - [2024-08-16T13:37:32.518+0000] {dagbag.py:587} INFO - Filling up the DagBag from /home/airflow/.local/lib/python3.12/site-packages/airflow/example_dags/example_local_kubernetes_executor.py
[2024-08-16T13:37:32.527+0000] {processor.py:925} INFO - DAG(s) 'example_local_kubernetes_executor' retrieved from /home/airflow/.local/lib/python3.12/site-packages/airflow/example_dags/example_local_kubernetes_executor.py
[2024-08-16T13:37:32.567+0000] {logging_mixin.py:190} INFO - [2024-08-16T13:37:32.567+0000] {dag.py:3211} INFO - Sync 1 DAGs
[2024-08-16T13:37:32.583+0000] {logging_mixin.py:190} INFO - [2024-08-16T13:37:32.582+0000] {dag.py:4138} INFO - Setting next_dagrun for example_local_kubernetes_executor to None, run_after=None
[2024-08-16T13:37:32.604+0000] {processor.py:208} INFO - Processing /home/airflow/.local/lib/python3.12/site-packages/airflow/example_dags/example_local_kubernetes_executor.py took 0.097 seconds
[2024-08-16T13:38:02.649+0000] {processor.py:186} INFO - Started process (PID=11166) to work on /home/airflow/.local/lib/python3.12/site-packages/airflow/example_dags/example_local_kubernetes_executor.py
[2024-08-16T13:38:02.651+0000] {processor.py:914} INFO - Processing file /home/airflow/.local/lib/python3.12/site-packages/airflow/example_dags/example_local_kubernetes_executor.py for tasks to queue
[2024-08-16T13:38:02.653+0000] {logging_mixin.py:190} INFO - [2024-08-16T13:38:02.653+0000] {dagbag.py:587} INFO - Filling up the DagBag from /home/airflow/.local/lib/python3.12/site-packages/airflow/example_dags/example_local_kubernetes_executor.py
[2024-08-16T13:38:02.664+0000] {processor.py:925} INFO - DAG(s) 'example_local_kubernetes_executor' retrieved from /home/airflow/.local/lib/python3.12/site-packages/airflow/example_dags/example_local_kubernetes_executor.py
[2024-08-16T13:38:02.703+0000] {logging_mixin.py:190} INFO - [2024-08-16T13:38:02.702+0000] {dag.py:3211} INFO - Sync 1 DAGs
[2024-08-16T13:38:02.719+0000] {logging_mixin.py:190} INFO - [2024-08-16T13:38:02.719+0000] {dag.py:4138} INFO - Setting next_dagrun for example_local_kubernetes_executor to None, run_after=None
[2024-08-16T13:38:02.741+0000] {processor.py:208} INFO - Processing /home/airflow/.local/lib/python3.12/site-packages/airflow/example_dags/example_local_kubernetes_executor.py took 0.100 seconds
[2024-08-16T13:38:33.090+0000] {processor.py:186} INFO - Started process (PID=11452) to work on /home/airflow/.local/lib/python3.12/site-packages/airflow/example_dags/example_local_kubernetes_executor.py
[2024-08-16T13:38:33.091+0000] {processor.py:914} INFO - Processing file /home/airflow/.local/lib/python3.12/site-packages/airflow/example_dags/example_local_kubernetes_executor.py for tasks to queue
[2024-08-16T13:38:33.095+0000] {logging_mixin.py:190} INFO - [2024-08-16T13:38:33.094+0000] {dagbag.py:587} INFO - Filling up the DagBag from /home/airflow/.local/lib/python3.12/site-packages/airflow/example_dags/example_local_kubernetes_executor.py
[2024-08-16T13:38:33.104+0000] {processor.py:925} INFO - DAG(s) 'example_local_kubernetes_executor' retrieved from /home/airflow/.local/lib/python3.12/site-packages/airflow/example_dags/example_local_kubernetes_executor.py
[2024-08-16T13:38:33.141+0000] {logging_mixin.py:190} INFO - [2024-08-16T13:38:33.141+0000] {dag.py:3211} INFO - Sync 1 DAGs
[2024-08-16T13:38:33.157+0000] {logging_mixin.py:190} INFO - [2024-08-16T13:38:33.156+0000] {dag.py:4138} INFO - Setting next_dagrun for example_local_kubernetes_executor to None, run_after=None
[2024-08-16T13:38:33.177+0000] {processor.py:208} INFO - Processing /home/airflow/.local/lib/python3.12/site-packages/airflow/example_dags/example_local_kubernetes_executor.py took 0.093 seconds
[2024-08-16T13:39:03.363+0000] {processor.py:186} INFO - Started process (PID=11738) to work on /home/airflow/.local/lib/python3.12/site-packages/airflow/example_dags/example_local_kubernetes_executor.py
[2024-08-16T13:39:03.364+0000] {processor.py:914} INFO - Processing file /home/airflow/.local/lib/python3.12/site-packages/airflow/example_dags/example_local_kubernetes_executor.py for tasks to queue
[2024-08-16T13:39:03.366+0000] {logging_mixin.py:190} INFO - [2024-08-16T13:39:03.366+0000] {dagbag.py:587} INFO - Filling up the DagBag from /home/airflow/.local/lib/python3.12/site-packages/airflow/example_dags/example_local_kubernetes_executor.py
[2024-08-16T13:39:03.376+0000] {processor.py:925} INFO - DAG(s) 'example_local_kubernetes_executor' retrieved from /home/airflow/.local/lib/python3.12/site-packages/airflow/example_dags/example_local_kubernetes_executor.py
[2024-08-16T13:39:03.412+0000] {logging_mixin.py:190} INFO - [2024-08-16T13:39:03.412+0000] {dag.py:3211} INFO - Sync 1 DAGs
[2024-08-16T13:39:03.429+0000] {logging_mixin.py:190} INFO - [2024-08-16T13:39:03.428+0000] {dag.py:4138} INFO - Setting next_dagrun for example_local_kubernetes_executor to None, run_after=None
[2024-08-16T13:39:03.450+0000] {processor.py:208} INFO - Processing /home/airflow/.local/lib/python3.12/site-packages/airflow/example_dags/example_local_kubernetes_executor.py took 0.093 seconds
[2024-08-16T13:39:33.810+0000] {processor.py:186} INFO - Started process (PID=12024) to work on /home/airflow/.local/lib/python3.12/site-packages/airflow/example_dags/example_local_kubernetes_executor.py
[2024-08-16T13:39:33.811+0000] {processor.py:914} INFO - Processing file /home/airflow/.local/lib/python3.12/site-packages/airflow/example_dags/example_local_kubernetes_executor.py for tasks to queue
[2024-08-16T13:39:33.814+0000] {logging_mixin.py:190} INFO - [2024-08-16T13:39:33.813+0000] {dagbag.py:587} INFO - Filling up the DagBag from /home/airflow/.local/lib/python3.12/site-packages/airflow/example_dags/example_local_kubernetes_executor.py
[2024-08-16T13:39:33.824+0000] {processor.py:925} INFO - DAG(s) 'example_local_kubernetes_executor' retrieved from /home/airflow/.local/lib/python3.12/site-packages/airflow/example_dags/example_local_kubernetes_executor.py
[2024-08-16T13:39:33.864+0000] {logging_mixin.py:190} INFO - [2024-08-16T13:39:33.864+0000] {dag.py:3211} INFO - Sync 1 DAGs
[2024-08-16T13:39:33.879+0000] {logging_mixin.py:190} INFO - [2024-08-16T13:39:33.878+0000] {dag.py:4138} INFO - Setting next_dagrun for example_local_kubernetes_executor to None, run_after=None
[2024-08-16T13:39:33.900+0000] {processor.py:208} INFO - Processing /home/airflow/.local/lib/python3.12/site-packages/airflow/example_dags/example_local_kubernetes_executor.py took 0.096 seconds
[2024-08-16T13:40:04.797+0000] {processor.py:186} INFO - Started process (PID=12310) to work on /home/airflow/.local/lib/python3.12/site-packages/airflow/example_dags/example_local_kubernetes_executor.py
[2024-08-16T13:40:04.798+0000] {processor.py:914} INFO - Processing file /home/airflow/.local/lib/python3.12/site-packages/airflow/example_dags/example_local_kubernetes_executor.py for tasks to queue
[2024-08-16T13:40:04.800+0000] {logging_mixin.py:190} INFO - [2024-08-16T13:40:04.800+0000] {dagbag.py:587} INFO - Filling up the DagBag from /home/airflow/.local/lib/python3.12/site-packages/airflow/example_dags/example_local_kubernetes_executor.py
[2024-08-16T13:40:04.810+0000] {processor.py:925} INFO - DAG(s) 'example_local_kubernetes_executor' retrieved from /home/airflow/.local/lib/python3.12/site-packages/airflow/example_dags/example_local_kubernetes_executor.py
[2024-08-16T13:40:04.845+0000] {logging_mixin.py:190} INFO - [2024-08-16T13:40:04.845+0000] {dag.py:3211} INFO - Sync 1 DAGs
[2024-08-16T13:40:04.862+0000] {logging_mixin.py:190} INFO - [2024-08-16T13:40:04.862+0000] {dag.py:4138} INFO - Setting next_dagrun for example_local_kubernetes_executor to None, run_after=None
[2024-08-16T13:40:04.882+0000] {processor.py:208} INFO - Processing /home/airflow/.local/lib/python3.12/site-packages/airflow/example_dags/example_local_kubernetes_executor.py took 0.091 seconds
[2024-08-16T13:40:35.371+0000] {processor.py:186} INFO - Started process (PID=12596) to work on /home/airflow/.local/lib/python3.12/site-packages/airflow/example_dags/example_local_kubernetes_executor.py
[2024-08-16T13:40:35.371+0000] {processor.py:914} INFO - Processing file /home/airflow/.local/lib/python3.12/site-packages/airflow/example_dags/example_local_kubernetes_executor.py for tasks to queue
[2024-08-16T13:40:35.374+0000] {logging_mixin.py:190} INFO - [2024-08-16T13:40:35.374+0000] {dagbag.py:587} INFO - Filling up the DagBag from /home/airflow/.local/lib/python3.12/site-packages/airflow/example_dags/example_local_kubernetes_executor.py
[2024-08-16T13:40:35.383+0000] {processor.py:925} INFO - DAG(s) 'example_local_kubernetes_executor' retrieved from /home/airflow/.local/lib/python3.12/site-packages/airflow/example_dags/example_local_kubernetes_executor.py
[2024-08-16T13:40:35.420+0000] {logging_mixin.py:190} INFO - [2024-08-16T13:40:35.420+0000] {dag.py:3211} INFO - Sync 1 DAGs
[2024-08-16T13:40:35.436+0000] {logging_mixin.py:190} INFO - [2024-08-16T13:40:35.436+0000] {dag.py:4138} INFO - Setting next_dagrun for example_local_kubernetes_executor to None, run_after=None
[2024-08-16T13:40:35.456+0000] {processor.py:208} INFO - Processing /home/airflow/.local/lib/python3.12/site-packages/airflow/example_dags/example_local_kubernetes_executor.py took 0.092 seconds
[2024-08-16T13:41:06.288+0000] {processor.py:186} INFO - Started process (PID=12882) to work on /home/airflow/.local/lib/python3.12/site-packages/airflow/example_dags/example_local_kubernetes_executor.py
[2024-08-16T13:41:06.289+0000] {processor.py:914} INFO - Processing file /home/airflow/.local/lib/python3.12/site-packages/airflow/example_dags/example_local_kubernetes_executor.py for tasks to queue
[2024-08-16T13:41:06.292+0000] {logging_mixin.py:190} INFO - [2024-08-16T13:41:06.291+0000] {dagbag.py:587} INFO - Filling up the DagBag from /home/airflow/.local/lib/python3.12/site-packages/airflow/example_dags/example_local_kubernetes_executor.py
[2024-08-16T13:41:06.302+0000] {processor.py:925} INFO - DAG(s) 'example_local_kubernetes_executor' retrieved from /home/airflow/.local/lib/python3.12/site-packages/airflow/example_dags/example_local_kubernetes_executor.py
[2024-08-16T13:41:06.339+0000] {logging_mixin.py:190} INFO - [2024-08-16T13:41:06.339+0000] {dag.py:3211} INFO - Sync 1 DAGs
[2024-08-16T13:41:06.358+0000] {logging_mixin.py:190} INFO - [2024-08-16T13:41:06.358+0000] {dag.py:4138} INFO - Setting next_dagrun for example_local_kubernetes_executor to None, run_after=None
[2024-08-16T13:41:06.379+0000] {processor.py:208} INFO - Processing /home/airflow/.local/lib/python3.12/site-packages/airflow/example_dags/example_local_kubernetes_executor.py took 0.097 seconds
[2024-08-16T13:41:36.741+0000] {processor.py:186} INFO - Started process (PID=13168) to work on /home/airflow/.local/lib/python3.12/site-packages/airflow/example_dags/example_local_kubernetes_executor.py
[2024-08-16T13:41:36.742+0000] {processor.py:914} INFO - Processing file /home/airflow/.local/lib/python3.12/site-packages/airflow/example_dags/example_local_kubernetes_executor.py for tasks to queue
[2024-08-16T13:41:36.745+0000] {logging_mixin.py:190} INFO - [2024-08-16T13:41:36.745+0000] {dagbag.py:587} INFO - Filling up the DagBag from /home/airflow/.local/lib/python3.12/site-packages/airflow/example_dags/example_local_kubernetes_executor.py
[2024-08-16T13:41:36.762+0000] {processor.py:925} INFO - DAG(s) 'example_local_kubernetes_executor' retrieved from /home/airflow/.local/lib/python3.12/site-packages/airflow/example_dags/example_local_kubernetes_executor.py
[2024-08-16T13:41:36.815+0000] {logging_mixin.py:190} INFO - [2024-08-16T13:41:36.815+0000] {dag.py:3211} INFO - Sync 1 DAGs
[2024-08-16T13:41:36.833+0000] {logging_mixin.py:190} INFO - [2024-08-16T13:41:36.833+0000] {dag.py:4138} INFO - Setting next_dagrun for example_local_kubernetes_executor to None, run_after=None
[2024-08-16T13:41:36.854+0000] {processor.py:208} INFO - Processing /home/airflow/.local/lib/python3.12/site-packages/airflow/example_dags/example_local_kubernetes_executor.py took 0.123 seconds
[2024-08-16T13:42:07.530+0000] {processor.py:186} INFO - Started process (PID=13454) to work on /home/airflow/.local/lib/python3.12/site-packages/airflow/example_dags/example_local_kubernetes_executor.py
[2024-08-16T13:42:07.532+0000] {processor.py:914} INFO - Processing file /home/airflow/.local/lib/python3.12/site-packages/airflow/example_dags/example_local_kubernetes_executor.py for tasks to queue
[2024-08-16T13:42:07.535+0000] {logging_mixin.py:190} INFO - [2024-08-16T13:42:07.534+0000] {dagbag.py:587} INFO - Filling up the DagBag from /home/airflow/.local/lib/python3.12/site-packages/airflow/example_dags/example_local_kubernetes_executor.py
[2024-08-16T13:42:07.545+0000] {processor.py:925} INFO - DAG(s) 'example_local_kubernetes_executor' retrieved from /home/airflow/.local/lib/python3.12/site-packages/airflow/example_dags/example_local_kubernetes_executor.py
[2024-08-16T13:42:07.583+0000] {logging_mixin.py:190} INFO - [2024-08-16T13:42:07.582+0000] {dag.py:3211} INFO - Sync 1 DAGs
[2024-08-16T13:42:07.599+0000] {logging_mixin.py:190} INFO - [2024-08-16T13:42:07.599+0000] {dag.py:4138} INFO - Setting next_dagrun for example_local_kubernetes_executor to None, run_after=None
[2024-08-16T13:42:07.621+0000] {processor.py:208} INFO - Processing /home/airflow/.local/lib/python3.12/site-packages/airflow/example_dags/example_local_kubernetes_executor.py took 0.098 seconds
[2024-08-16T13:42:38.476+0000] {processor.py:186} INFO - Started process (PID=13740) to work on /home/airflow/.local/lib/python3.12/site-packages/airflow/example_dags/example_local_kubernetes_executor.py
[2024-08-16T13:42:38.477+0000] {processor.py:914} INFO - Processing file /home/airflow/.local/lib/python3.12/site-packages/airflow/example_dags/example_local_kubernetes_executor.py for tasks to queue
[2024-08-16T13:42:38.480+0000] {logging_mixin.py:190} INFO - [2024-08-16T13:42:38.480+0000] {dagbag.py:587} INFO - Filling up the DagBag from /home/airflow/.local/lib/python3.12/site-packages/airflow/example_dags/example_local_kubernetes_executor.py
[2024-08-16T13:42:38.491+0000] {processor.py:925} INFO - DAG(s) 'example_local_kubernetes_executor' retrieved from /home/airflow/.local/lib/python3.12/site-packages/airflow/example_dags/example_local_kubernetes_executor.py
[2024-08-16T13:42:38.535+0000] {logging_mixin.py:190} INFO - [2024-08-16T13:42:38.535+0000] {dag.py:3211} INFO - Sync 1 DAGs
[2024-08-16T13:42:38.550+0000] {logging_mixin.py:190} INFO - [2024-08-16T13:42:38.550+0000] {dag.py:4138} INFO - Setting next_dagrun for example_local_kubernetes_executor to None, run_after=None
[2024-08-16T13:42:38.569+0000] {processor.py:208} INFO - Processing /home/airflow/.local/lib/python3.12/site-packages/airflow/example_dags/example_local_kubernetes_executor.py took 0.103 seconds
[2024-08-16T13:43:09.333+0000] {processor.py:186} INFO - Started process (PID=14026) to work on /home/airflow/.local/lib/python3.12/site-packages/airflow/example_dags/example_local_kubernetes_executor.py
[2024-08-16T13:43:09.334+0000] {processor.py:914} INFO - Processing file /home/airflow/.local/lib/python3.12/site-packages/airflow/example_dags/example_local_kubernetes_executor.py for tasks to queue
[2024-08-16T13:43:09.337+0000] {logging_mixin.py:190} INFO - [2024-08-16T13:43:09.337+0000] {dagbag.py:587} INFO - Filling up the DagBag from /home/airflow/.local/lib/python3.12/site-packages/airflow/example_dags/example_local_kubernetes_executor.py
[2024-08-16T13:43:09.346+0000] {processor.py:925} INFO - DAG(s) 'example_local_kubernetes_executor' retrieved from /home/airflow/.local/lib/python3.12/site-packages/airflow/example_dags/example_local_kubernetes_executor.py
[2024-08-16T13:43:09.394+0000] {logging_mixin.py:190} INFO - [2024-08-16T13:43:09.394+0000] {dag.py:3211} INFO - Sync 1 DAGs
[2024-08-16T13:43:09.414+0000] {logging_mixin.py:190} INFO - [2024-08-16T13:43:09.414+0000] {dag.py:4138} INFO - Setting next_dagrun for example_local_kubernetes_executor to None, run_after=None
[2024-08-16T13:43:09.442+0000] {processor.py:208} INFO - Processing /home/airflow/.local/lib/python3.12/site-packages/airflow/example_dags/example_local_kubernetes_executor.py took 0.115 seconds
[2024-08-16T13:43:39.843+0000] {processor.py:186} INFO - Started process (PID=14312) to work on /home/airflow/.local/lib/python3.12/site-packages/airflow/example_dags/example_local_kubernetes_executor.py
[2024-08-16T13:43:39.844+0000] {processor.py:914} INFO - Processing file /home/airflow/.local/lib/python3.12/site-packages/airflow/example_dags/example_local_kubernetes_executor.py for tasks to queue
[2024-08-16T13:43:39.847+0000] {logging_mixin.py:190} INFO - [2024-08-16T13:43:39.847+0000] {dagbag.py:587} INFO - Filling up the DagBag from /home/airflow/.local/lib/python3.12/site-packages/airflow/example_dags/example_local_kubernetes_executor.py
[2024-08-16T13:43:39.858+0000] {processor.py:925} INFO - DAG(s) 'example_local_kubernetes_executor' retrieved from /home/airflow/.local/lib/python3.12/site-packages/airflow/example_dags/example_local_kubernetes_executor.py
[2024-08-16T13:43:39.904+0000] {logging_mixin.py:190} INFO - [2024-08-16T13:43:39.904+0000] {dag.py:3211} INFO - Sync 1 DAGs
[2024-08-16T13:43:39.919+0000] {logging_mixin.py:190} INFO - [2024-08-16T13:43:39.919+0000] {dag.py:4138} INFO - Setting next_dagrun for example_local_kubernetes_executor to None, run_after=None
[2024-08-16T13:43:39.937+0000] {processor.py:208} INFO - Processing /home/airflow/.local/lib/python3.12/site-packages/airflow/example_dags/example_local_kubernetes_executor.py took 0.102 seconds
[2024-08-16T13:44:10.532+0000] {processor.py:186} INFO - Started process (PID=14598) to work on /home/airflow/.local/lib/python3.12/site-packages/airflow/example_dags/example_local_kubernetes_executor.py
[2024-08-16T13:44:10.533+0000] {processor.py:914} INFO - Processing file /home/airflow/.local/lib/python3.12/site-packages/airflow/example_dags/example_local_kubernetes_executor.py for tasks to queue
[2024-08-16T13:44:10.536+0000] {logging_mixin.py:190} INFO - [2024-08-16T13:44:10.536+0000] {dagbag.py:587} INFO - Filling up the DagBag from /home/airflow/.local/lib/python3.12/site-packages/airflow/example_dags/example_local_kubernetes_executor.py
[2024-08-16T13:44:10.546+0000] {processor.py:925} INFO - DAG(s) 'example_local_kubernetes_executor' retrieved from /home/airflow/.local/lib/python3.12/site-packages/airflow/example_dags/example_local_kubernetes_executor.py
[2024-08-16T13:44:10.583+0000] {logging_mixin.py:190} INFO - [2024-08-16T13:44:10.583+0000] {dag.py:3211} INFO - Sync 1 DAGs
[2024-08-16T13:44:10.598+0000] {logging_mixin.py:190} INFO - [2024-08-16T13:44:10.598+0000] {dag.py:4138} INFO - Setting next_dagrun for example_local_kubernetes_executor to None, run_after=None
[2024-08-16T13:44:10.620+0000] {processor.py:208} INFO - Processing /home/airflow/.local/lib/python3.12/site-packages/airflow/example_dags/example_local_kubernetes_executor.py took 0.095 seconds
[2024-08-16T13:44:40.968+0000] {processor.py:186} INFO - Started process (PID=14884) to work on /home/airflow/.local/lib/python3.12/site-packages/airflow/example_dags/example_local_kubernetes_executor.py
[2024-08-16T13:44:40.969+0000] {processor.py:914} INFO - Processing file /home/airflow/.local/lib/python3.12/site-packages/airflow/example_dags/example_local_kubernetes_executor.py for tasks to queue
[2024-08-16T13:44:40.972+0000] {logging_mixin.py:190} INFO - [2024-08-16T13:44:40.971+0000] {dagbag.py:587} INFO - Filling up the DagBag from /home/airflow/.local/lib/python3.12/site-packages/airflow/example_dags/example_local_kubernetes_executor.py
[2024-08-16T13:44:40.984+0000] {processor.py:925} INFO - DAG(s) 'example_local_kubernetes_executor' retrieved from /home/airflow/.local/lib/python3.12/site-packages/airflow/example_dags/example_local_kubernetes_executor.py
[2024-08-16T13:44:41.021+0000] {logging_mixin.py:190} INFO - [2024-08-16T13:44:41.021+0000] {dag.py:3211} INFO - Sync 1 DAGs
[2024-08-16T13:44:41.038+0000] {logging_mixin.py:190} INFO - [2024-08-16T13:44:41.037+0000] {dag.py:4138} INFO - Setting next_dagrun for example_local_kubernetes_executor to None, run_after=None
[2024-08-16T13:44:41.058+0000] {processor.py:208} INFO - Processing /home/airflow/.local/lib/python3.12/site-packages/airflow/example_dags/example_local_kubernetes_executor.py took 0.097 seconds
[2024-08-16T13:45:11.800+0000] {processor.py:186} INFO - Started process (PID=15170) to work on /home/airflow/.local/lib/python3.12/site-packages/airflow/example_dags/example_local_kubernetes_executor.py
[2024-08-16T13:45:11.802+0000] {processor.py:914} INFO - Processing file /home/airflow/.local/lib/python3.12/site-packages/airflow/example_dags/example_local_kubernetes_executor.py for tasks to queue
[2024-08-16T13:45:11.805+0000] {logging_mixin.py:190} INFO - [2024-08-16T13:45:11.804+0000] {dagbag.py:587} INFO - Filling up the DagBag from /home/airflow/.local/lib/python3.12/site-packages/airflow/example_dags/example_local_kubernetes_executor.py
[2024-08-16T13:45:11.817+0000] {processor.py:925} INFO - DAG(s) 'example_local_kubernetes_executor' retrieved from /home/airflow/.local/lib/python3.12/site-packages/airflow/example_dags/example_local_kubernetes_executor.py
[2024-08-16T13:45:11.864+0000] {logging_mixin.py:190} INFO - [2024-08-16T13:45:11.864+0000] {dag.py:3211} INFO - Sync 1 DAGs
[2024-08-16T13:45:11.883+0000] {logging_mixin.py:190} INFO - [2024-08-16T13:45:11.883+0000] {dag.py:4138} INFO - Setting next_dagrun for example_local_kubernetes_executor to None, run_after=None
[2024-08-16T13:45:11.907+0000] {processor.py:208} INFO - Processing /home/airflow/.local/lib/python3.12/site-packages/airflow/example_dags/example_local_kubernetes_executor.py took 0.115 seconds
[2024-08-16T13:45:42.286+0000] {processor.py:186} INFO - Started process (PID=15456) to work on /home/airflow/.local/lib/python3.12/site-packages/airflow/example_dags/example_local_kubernetes_executor.py
[2024-08-16T13:45:42.288+0000] {processor.py:914} INFO - Processing file /home/airflow/.local/lib/python3.12/site-packages/airflow/example_dags/example_local_kubernetes_executor.py for tasks to queue
[2024-08-16T13:45:42.292+0000] {logging_mixin.py:190} INFO - [2024-08-16T13:45:42.292+0000] {dagbag.py:587} INFO - Filling up the DagBag from /home/airflow/.local/lib/python3.12/site-packages/airflow/example_dags/example_local_kubernetes_executor.py
[2024-08-16T13:45:42.309+0000] {processor.py:925} INFO - DAG(s) 'example_local_kubernetes_executor' retrieved from /home/airflow/.local/lib/python3.12/site-packages/airflow/example_dags/example_local_kubernetes_executor.py
[2024-08-16T13:45:42.472+0000] {logging_mixin.py:190} INFO - [2024-08-16T13:45:42.471+0000] {dag.py:3211} INFO - Sync 1 DAGs
[2024-08-16T13:45:42.505+0000] {logging_mixin.py:190} INFO - [2024-08-16T13:45:42.505+0000] {dag.py:4138} INFO - Setting next_dagrun for example_local_kubernetes_executor to None, run_after=None
[2024-08-16T13:45:42.605+0000] {processor.py:208} INFO - Processing /home/airflow/.local/lib/python3.12/site-packages/airflow/example_dags/example_local_kubernetes_executor.py took 0.332 seconds
[2024-08-16T13:46:13.623+0000] {processor.py:186} INFO - Started process (PID=15742) to work on /home/airflow/.local/lib/python3.12/site-packages/airflow/example_dags/example_local_kubernetes_executor.py
[2024-08-16T13:46:13.624+0000] {processor.py:914} INFO - Processing file /home/airflow/.local/lib/python3.12/site-packages/airflow/example_dags/example_local_kubernetes_executor.py for tasks to queue
[2024-08-16T13:46:13.626+0000] {logging_mixin.py:190} INFO - [2024-08-16T13:46:13.626+0000] {dagbag.py:587} INFO - Filling up the DagBag from /home/airflow/.local/lib/python3.12/site-packages/airflow/example_dags/example_local_kubernetes_executor.py
[2024-08-16T13:46:13.639+0000] {processor.py:925} INFO - DAG(s) 'example_local_kubernetes_executor' retrieved from /home/airflow/.local/lib/python3.12/site-packages/airflow/example_dags/example_local_kubernetes_executor.py
[2024-08-16T13:46:13.678+0000] {logging_mixin.py:190} INFO - [2024-08-16T13:46:13.677+0000] {dag.py:3211} INFO - Sync 1 DAGs
[2024-08-16T13:46:13.695+0000] {logging_mixin.py:190} INFO - [2024-08-16T13:46:13.695+0000] {dag.py:4138} INFO - Setting next_dagrun for example_local_kubernetes_executor to None, run_after=None
[2024-08-16T13:46:13.780+0000] {processor.py:208} INFO - Processing /home/airflow/.local/lib/python3.12/site-packages/airflow/example_dags/example_local_kubernetes_executor.py took 0.163 seconds
[2024-08-16T13:46:43.883+0000] {processor.py:186} INFO - Started process (PID=16028) to work on /home/airflow/.local/lib/python3.12/site-packages/airflow/example_dags/example_local_kubernetes_executor.py
[2024-08-16T13:46:43.884+0000] {processor.py:914} INFO - Processing file /home/airflow/.local/lib/python3.12/site-packages/airflow/example_dags/example_local_kubernetes_executor.py for tasks to queue
[2024-08-16T13:46:43.887+0000] {logging_mixin.py:190} INFO - [2024-08-16T13:46:43.886+0000] {dagbag.py:587} INFO - Filling up the DagBag from /home/airflow/.local/lib/python3.12/site-packages/airflow/example_dags/example_local_kubernetes_executor.py
[2024-08-16T13:46:43.905+0000] {processor.py:925} INFO - DAG(s) 'example_local_kubernetes_executor' retrieved from /home/airflow/.local/lib/python3.12/site-packages/airflow/example_dags/example_local_kubernetes_executor.py
[2024-08-16T13:46:43.966+0000] {logging_mixin.py:190} INFO - [2024-08-16T13:46:43.965+0000] {dag.py:3211} INFO - Sync 1 DAGs
[2024-08-16T13:46:43.988+0000] {logging_mixin.py:190} INFO - [2024-08-16T13:46:43.988+0000] {dag.py:4138} INFO - Setting next_dagrun for example_local_kubernetes_executor to None, run_after=None
[2024-08-16T13:46:44.022+0000] {processor.py:208} INFO - Processing /home/airflow/.local/lib/python3.12/site-packages/airflow/example_dags/example_local_kubernetes_executor.py took 0.147 seconds
[2024-08-16T13:47:14.501+0000] {processor.py:186} INFO - Started process (PID=16314) to work on /home/airflow/.local/lib/python3.12/site-packages/airflow/example_dags/example_local_kubernetes_executor.py
[2024-08-16T13:47:14.502+0000] {processor.py:914} INFO - Processing file /home/airflow/.local/lib/python3.12/site-packages/airflow/example_dags/example_local_kubernetes_executor.py for tasks to queue
[2024-08-16T13:47:14.506+0000] {logging_mixin.py:190} INFO - [2024-08-16T13:47:14.505+0000] {dagbag.py:587} INFO - Filling up the DagBag from /home/airflow/.local/lib/python3.12/site-packages/airflow/example_dags/example_local_kubernetes_executor.py
[2024-08-16T13:47:14.515+0000] {processor.py:925} INFO - DAG(s) 'example_local_kubernetes_executor' retrieved from /home/airflow/.local/lib/python3.12/site-packages/airflow/example_dags/example_local_kubernetes_executor.py
[2024-08-16T13:47:14.555+0000] {logging_mixin.py:190} INFO - [2024-08-16T13:47:14.554+0000] {dag.py:3211} INFO - Sync 1 DAGs
[2024-08-16T13:47:14.576+0000] {logging_mixin.py:190} INFO - [2024-08-16T13:47:14.576+0000] {dag.py:4138} INFO - Setting next_dagrun for example_local_kubernetes_executor to None, run_after=None
[2024-08-16T13:47:14.596+0000] {processor.py:208} INFO - Processing /home/airflow/.local/lib/python3.12/site-packages/airflow/example_dags/example_local_kubernetes_executor.py took 0.101 seconds
[2024-08-16T13:47:45.149+0000] {processor.py:186} INFO - Started process (PID=16600) to work on /home/airflow/.local/lib/python3.12/site-packages/airflow/example_dags/example_local_kubernetes_executor.py
[2024-08-16T13:47:45.150+0000] {processor.py:914} INFO - Processing file /home/airflow/.local/lib/python3.12/site-packages/airflow/example_dags/example_local_kubernetes_executor.py for tasks to queue
[2024-08-16T13:47:45.154+0000] {logging_mixin.py:190} INFO - [2024-08-16T13:47:45.154+0000] {dagbag.py:587} INFO - Filling up the DagBag from /home/airflow/.local/lib/python3.12/site-packages/airflow/example_dags/example_local_kubernetes_executor.py
[2024-08-16T13:47:45.167+0000] {processor.py:925} INFO - DAG(s) 'example_local_kubernetes_executor' retrieved from /home/airflow/.local/lib/python3.12/site-packages/airflow/example_dags/example_local_kubernetes_executor.py
[2024-08-16T13:47:45.220+0000] {logging_mixin.py:190} INFO - [2024-08-16T13:47:45.219+0000] {dag.py:3211} INFO - Sync 1 DAGs
[2024-08-16T13:47:45.247+0000] {logging_mixin.py:190} INFO - [2024-08-16T13:47:45.247+0000] {dag.py:4138} INFO - Setting next_dagrun for example_local_kubernetes_executor to None, run_after=None
[2024-08-16T13:47:45.281+0000] {processor.py:208} INFO - Processing /home/airflow/.local/lib/python3.12/site-packages/airflow/example_dags/example_local_kubernetes_executor.py took 0.140 seconds
[2024-08-16T13:48:15.423+0000] {processor.py:186} INFO - Started process (PID=16887) to work on /home/airflow/.local/lib/python3.12/site-packages/airflow/example_dags/example_local_kubernetes_executor.py
[2024-08-16T13:48:15.424+0000] {processor.py:914} INFO - Processing file /home/airflow/.local/lib/python3.12/site-packages/airflow/example_dags/example_local_kubernetes_executor.py for tasks to queue
[2024-08-16T13:48:15.427+0000] {logging_mixin.py:190} INFO - [2024-08-16T13:48:15.427+0000] {dagbag.py:587} INFO - Filling up the DagBag from /home/airflow/.local/lib/python3.12/site-packages/airflow/example_dags/example_local_kubernetes_executor.py
[2024-08-16T13:48:15.442+0000] {processor.py:925} INFO - DAG(s) 'example_local_kubernetes_executor' retrieved from /home/airflow/.local/lib/python3.12/site-packages/airflow/example_dags/example_local_kubernetes_executor.py
[2024-08-16T13:48:15.492+0000] {logging_mixin.py:190} INFO - [2024-08-16T13:48:15.491+0000] {dag.py:3211} INFO - Sync 1 DAGs
[2024-08-16T13:48:15.510+0000] {logging_mixin.py:190} INFO - [2024-08-16T13:48:15.510+0000] {dag.py:4138} INFO - Setting next_dagrun for example_local_kubernetes_executor to None, run_after=None
[2024-08-16T13:48:15.559+0000] {processor.py:208} INFO - Processing /home/airflow/.local/lib/python3.12/site-packages/airflow/example_dags/example_local_kubernetes_executor.py took 0.143 seconds
[2024-08-16T13:48:46.383+0000] {processor.py:186} INFO - Started process (PID=17173) to work on /home/airflow/.local/lib/python3.12/site-packages/airflow/example_dags/example_local_kubernetes_executor.py
[2024-08-16T13:48:46.384+0000] {processor.py:914} INFO - Processing file /home/airflow/.local/lib/python3.12/site-packages/airflow/example_dags/example_local_kubernetes_executor.py for tasks to queue
[2024-08-16T13:48:46.387+0000] {logging_mixin.py:190} INFO - [2024-08-16T13:48:46.387+0000] {dagbag.py:587} INFO - Filling up the DagBag from /home/airflow/.local/lib/python3.12/site-packages/airflow/example_dags/example_local_kubernetes_executor.py
[2024-08-16T13:48:46.397+0000] {processor.py:925} INFO - DAG(s) 'example_local_kubernetes_executor' retrieved from /home/airflow/.local/lib/python3.12/site-packages/airflow/example_dags/example_local_kubernetes_executor.py
[2024-08-16T13:48:46.434+0000] {logging_mixin.py:190} INFO - [2024-08-16T13:48:46.434+0000] {dag.py:3211} INFO - Sync 1 DAGs
[2024-08-16T13:48:46.450+0000] {logging_mixin.py:190} INFO - [2024-08-16T13:48:46.450+0000] {dag.py:4138} INFO - Setting next_dagrun for example_local_kubernetes_executor to None, run_after=None
[2024-08-16T13:48:46.471+0000] {processor.py:208} INFO - Processing /home/airflow/.local/lib/python3.12/site-packages/airflow/example_dags/example_local_kubernetes_executor.py took 0.095 seconds
[2024-08-16T13:49:16.923+0000] {processor.py:186} INFO - Started process (PID=17459) to work on /home/airflow/.local/lib/python3.12/site-packages/airflow/example_dags/example_local_kubernetes_executor.py
[2024-08-16T13:49:16.934+0000] {processor.py:914} INFO - Processing file /home/airflow/.local/lib/python3.12/site-packages/airflow/example_dags/example_local_kubernetes_executor.py for tasks to queue
[2024-08-16T13:49:16.944+0000] {logging_mixin.py:190} INFO - [2024-08-16T13:49:16.943+0000] {dagbag.py:587} INFO - Filling up the DagBag from /home/airflow/.local/lib/python3.12/site-packages/airflow/example_dags/example_local_kubernetes_executor.py
[2024-08-16T13:49:16.998+0000] {processor.py:925} INFO - DAG(s) 'example_local_kubernetes_executor' retrieved from /home/airflow/.local/lib/python3.12/site-packages/airflow/example_dags/example_local_kubernetes_executor.py
[2024-08-16T13:49:17.149+0000] {logging_mixin.py:190} INFO - [2024-08-16T13:49:17.148+0000] {dag.py:3211} INFO - Sync 1 DAGs
[2024-08-16T13:49:17.186+0000] {logging_mixin.py:190} INFO - [2024-08-16T13:49:17.185+0000] {dag.py:4138} INFO - Setting next_dagrun for example_local_kubernetes_executor to None, run_after=None
[2024-08-16T13:49:17.232+0000] {processor.py:208} INFO - Processing /home/airflow/.local/lib/python3.12/site-packages/airflow/example_dags/example_local_kubernetes_executor.py took 0.334 seconds
[2024-08-16T13:49:47.689+0000] {processor.py:186} INFO - Started process (PID=17745) to work on /home/airflow/.local/lib/python3.12/site-packages/airflow/example_dags/example_local_kubernetes_executor.py
[2024-08-16T13:49:47.690+0000] {processor.py:914} INFO - Processing file /home/airflow/.local/lib/python3.12/site-packages/airflow/example_dags/example_local_kubernetes_executor.py for tasks to queue
[2024-08-16T13:49:47.696+0000] {logging_mixin.py:190} INFO - [2024-08-16T13:49:47.695+0000] {dagbag.py:587} INFO - Filling up the DagBag from /home/airflow/.local/lib/python3.12/site-packages/airflow/example_dags/example_local_kubernetes_executor.py
[2024-08-16T13:49:47.708+0000] {processor.py:925} INFO - DAG(s) 'example_local_kubernetes_executor' retrieved from /home/airflow/.local/lib/python3.12/site-packages/airflow/example_dags/example_local_kubernetes_executor.py
[2024-08-16T13:49:47.766+0000] {logging_mixin.py:190} INFO - [2024-08-16T13:49:47.766+0000] {dag.py:3211} INFO - Sync 1 DAGs
[2024-08-16T13:49:47.792+0000] {logging_mixin.py:190} INFO - [2024-08-16T13:49:47.792+0000] {dag.py:4138} INFO - Setting next_dagrun for example_local_kubernetes_executor to None, run_after=None
[2024-08-16T13:49:47.832+0000] {processor.py:208} INFO - Processing /home/airflow/.local/lib/python3.12/site-packages/airflow/example_dags/example_local_kubernetes_executor.py took 0.150 seconds
[2024-08-16T13:50:19.463+0000] {processor.py:186} INFO - Started process (PID=18039) to work on /home/airflow/.local/lib/python3.12/site-packages/airflow/example_dags/example_local_kubernetes_executor.py
[2024-08-16T13:50:19.464+0000] {processor.py:914} INFO - Processing file /home/airflow/.local/lib/python3.12/site-packages/airflow/example_dags/example_local_kubernetes_executor.py for tasks to queue
[2024-08-16T13:50:19.467+0000] {logging_mixin.py:190} INFO - [2024-08-16T13:50:19.466+0000] {dagbag.py:587} INFO - Filling up the DagBag from /home/airflow/.local/lib/python3.12/site-packages/airflow/example_dags/example_local_kubernetes_executor.py
[2024-08-16T13:50:19.479+0000] {processor.py:925} INFO - DAG(s) 'example_local_kubernetes_executor' retrieved from /home/airflow/.local/lib/python3.12/site-packages/airflow/example_dags/example_local_kubernetes_executor.py
[2024-08-16T13:50:19.520+0000] {logging_mixin.py:190} INFO - [2024-08-16T13:50:19.520+0000] {dag.py:3211} INFO - Sync 1 DAGs
[2024-08-16T13:50:19.785+0000] {logging_mixin.py:190} INFO - [2024-08-16T13:50:19.785+0000] {dag.py:4138} INFO - Setting next_dagrun for example_local_kubernetes_executor to None, run_after=None
[2024-08-16T13:50:19.809+0000] {processor.py:208} INFO - Processing /home/airflow/.local/lib/python3.12/site-packages/airflow/example_dags/example_local_kubernetes_executor.py took 0.354 seconds
