[2024-08-16T13:18:39.473+0000] {processor.py:186} INFO - Started process (PID=251) to work on /home/airflow/.local/lib/python3.12/site-packages/airflow/example_dags/example_params_trigger_ui.py
[2024-08-16T13:18:39.474+0000] {processor.py:914} INFO - Processing file /home/airflow/.local/lib/python3.12/site-packages/airflow/example_dags/example_params_trigger_ui.py for tasks to queue
[2024-08-16T13:18:39.477+0000] {logging_mixin.py:190} INFO - [2024-08-16T13:18:39.476+0000] {dagbag.py:587} INFO - Filling up the DagBag from /home/airflow/.local/lib/python3.12/site-packages/airflow/example_dags/example_params_trigger_ui.py
[2024-08-16T13:18:39.556+0000] {processor.py:925} INFO - DAG(s) 'example_params_trigger_ui' retrieved from /home/airflow/.local/lib/python3.12/site-packages/airflow/example_dags/example_params_trigger_ui.py
[2024-08-16T13:18:39.740+0000] {logging_mixin.py:190} INFO - [2024-08-16T13:18:39.739+0000] {override.py:1858} INFO - Created Permission View: can read on DAG:example_params_trigger_ui
[2024-08-16T13:18:39.753+0000] {logging_mixin.py:190} INFO - [2024-08-16T13:18:39.752+0000] {override.py:1858} INFO - Created Permission View: can edit on DAG:example_params_trigger_ui
[2024-08-16T13:18:39.767+0000] {logging_mixin.py:190} INFO - [2024-08-16T13:18:39.767+0000] {override.py:1858} INFO - Created Permission View: can delete on DAG:example_params_trigger_ui
[2024-08-16T13:18:39.768+0000] {logging_mixin.py:190} INFO - [2024-08-16T13:18:39.768+0000] {dag.py:3211} INFO - Sync 1 DAGs
[2024-08-16T13:18:39.782+0000] {logging_mixin.py:190} INFO - [2024-08-16T13:18:39.782+0000] {dag.py:3234} INFO - Creating ORM DAG for example_params_trigger_ui
[2024-08-16T13:18:39.783+0000] {logging_mixin.py:190} INFO - [2024-08-16T13:18:39.783+0000] {dag.py:4138} INFO - Setting next_dagrun for example_params_trigger_ui to None, run_after=None
[2024-08-16T13:18:39.805+0000] {processor.py:208} INFO - Processing /home/airflow/.local/lib/python3.12/site-packages/airflow/example_dags/example_params_trigger_ui.py took 0.340 seconds
[2024-08-16T13:19:10.416+0000] {processor.py:186} INFO - Started process (PID=537) to work on /home/airflow/.local/lib/python3.12/site-packages/airflow/example_dags/example_params_trigger_ui.py
[2024-08-16T13:19:10.417+0000] {processor.py:914} INFO - Processing file /home/airflow/.local/lib/python3.12/site-packages/airflow/example_dags/example_params_trigger_ui.py for tasks to queue
[2024-08-16T13:19:10.419+0000] {logging_mixin.py:190} INFO - [2024-08-16T13:19:10.419+0000] {dagbag.py:587} INFO - Filling up the DagBag from /home/airflow/.local/lib/python3.12/site-packages/airflow/example_dags/example_params_trigger_ui.py
[2024-08-16T13:19:10.431+0000] {processor.py:925} INFO - DAG(s) 'example_params_trigger_ui' retrieved from /home/airflow/.local/lib/python3.12/site-packages/airflow/example_dags/example_params_trigger_ui.py
[2024-08-16T13:19:10.481+0000] {logging_mixin.py:190} INFO - [2024-08-16T13:19:10.481+0000] {dag.py:3211} INFO - Sync 1 DAGs
[2024-08-16T13:19:10.498+0000] {logging_mixin.py:190} INFO - [2024-08-16T13:19:10.497+0000] {dag.py:4138} INFO - Setting next_dagrun for example_params_trigger_ui to None, run_after=None
[2024-08-16T13:19:10.519+0000] {processor.py:208} INFO - Processing /home/airflow/.local/lib/python3.12/site-packages/airflow/example_dags/example_params_trigger_ui.py took 0.109 seconds
[2024-08-16T13:19:41.023+0000] {processor.py:186} INFO - Started process (PID=821) to work on /home/airflow/.local/lib/python3.12/site-packages/airflow/example_dags/example_params_trigger_ui.py
[2024-08-16T13:19:41.024+0000] {processor.py:914} INFO - Processing file /home/airflow/.local/lib/python3.12/site-packages/airflow/example_dags/example_params_trigger_ui.py for tasks to queue
[2024-08-16T13:19:41.027+0000] {logging_mixin.py:190} INFO - [2024-08-16T13:19:41.026+0000] {dagbag.py:587} INFO - Filling up the DagBag from /home/airflow/.local/lib/python3.12/site-packages/airflow/example_dags/example_params_trigger_ui.py
[2024-08-16T13:19:41.037+0000] {processor.py:925} INFO - DAG(s) 'example_params_trigger_ui' retrieved from /home/airflow/.local/lib/python3.12/site-packages/airflow/example_dags/example_params_trigger_ui.py
[2024-08-16T13:19:41.086+0000] {logging_mixin.py:190} INFO - [2024-08-16T13:19:41.086+0000] {dag.py:3211} INFO - Sync 1 DAGs
[2024-08-16T13:19:41.109+0000] {logging_mixin.py:190} INFO - [2024-08-16T13:19:41.108+0000] {dag.py:4138} INFO - Setting next_dagrun for example_params_trigger_ui to None, run_after=None
[2024-08-16T13:19:41.134+0000] {processor.py:208} INFO - Processing /home/airflow/.local/lib/python3.12/site-packages/airflow/example_dags/example_params_trigger_ui.py took 0.118 seconds
[2024-08-16T13:20:11.822+0000] {processor.py:186} INFO - Started process (PID=1109) to work on /home/airflow/.local/lib/python3.12/site-packages/airflow/example_dags/example_params_trigger_ui.py
[2024-08-16T13:20:11.823+0000] {processor.py:914} INFO - Processing file /home/airflow/.local/lib/python3.12/site-packages/airflow/example_dags/example_params_trigger_ui.py for tasks to queue
[2024-08-16T13:20:11.826+0000] {logging_mixin.py:190} INFO - [2024-08-16T13:20:11.825+0000] {dagbag.py:587} INFO - Filling up the DagBag from /home/airflow/.local/lib/python3.12/site-packages/airflow/example_dags/example_params_trigger_ui.py
[2024-08-16T13:20:11.837+0000] {processor.py:925} INFO - DAG(s) 'example_params_trigger_ui' retrieved from /home/airflow/.local/lib/python3.12/site-packages/airflow/example_dags/example_params_trigger_ui.py
[2024-08-16T13:20:11.887+0000] {logging_mixin.py:190} INFO - [2024-08-16T13:20:11.887+0000] {dag.py:3211} INFO - Sync 1 DAGs
[2024-08-16T13:20:11.904+0000] {logging_mixin.py:190} INFO - [2024-08-16T13:20:11.904+0000] {dag.py:4138} INFO - Setting next_dagrun for example_params_trigger_ui to None, run_after=None
[2024-08-16T13:20:11.923+0000] {processor.py:208} INFO - Processing /home/airflow/.local/lib/python3.12/site-packages/airflow/example_dags/example_params_trigger_ui.py took 0.108 seconds
[2024-08-16T13:20:42.258+0000] {processor.py:186} INFO - Started process (PID=1395) to work on /home/airflow/.local/lib/python3.12/site-packages/airflow/example_dags/example_params_trigger_ui.py
[2024-08-16T13:20:42.259+0000] {processor.py:914} INFO - Processing file /home/airflow/.local/lib/python3.12/site-packages/airflow/example_dags/example_params_trigger_ui.py for tasks to queue
[2024-08-16T13:20:42.261+0000] {logging_mixin.py:190} INFO - [2024-08-16T13:20:42.261+0000] {dagbag.py:587} INFO - Filling up the DagBag from /home/airflow/.local/lib/python3.12/site-packages/airflow/example_dags/example_params_trigger_ui.py
[2024-08-16T13:20:42.273+0000] {processor.py:925} INFO - DAG(s) 'example_params_trigger_ui' retrieved from /home/airflow/.local/lib/python3.12/site-packages/airflow/example_dags/example_params_trigger_ui.py
[2024-08-16T13:20:42.322+0000] {logging_mixin.py:190} INFO - [2024-08-16T13:20:42.321+0000] {dag.py:3211} INFO - Sync 1 DAGs
[2024-08-16T13:20:42.338+0000] {logging_mixin.py:190} INFO - [2024-08-16T13:20:42.338+0000] {dag.py:4138} INFO - Setting next_dagrun for example_params_trigger_ui to None, run_after=None
[2024-08-16T13:20:42.357+0000] {processor.py:208} INFO - Processing /home/airflow/.local/lib/python3.12/site-packages/airflow/example_dags/example_params_trigger_ui.py took 0.106 seconds
[2024-08-16T13:21:12.807+0000] {processor.py:186} INFO - Started process (PID=1681) to work on /home/airflow/.local/lib/python3.12/site-packages/airflow/example_dags/example_params_trigger_ui.py
[2024-08-16T13:21:12.808+0000] {processor.py:914} INFO - Processing file /home/airflow/.local/lib/python3.12/site-packages/airflow/example_dags/example_params_trigger_ui.py for tasks to queue
[2024-08-16T13:21:12.810+0000] {logging_mixin.py:190} INFO - [2024-08-16T13:21:12.810+0000] {dagbag.py:587} INFO - Filling up the DagBag from /home/airflow/.local/lib/python3.12/site-packages/airflow/example_dags/example_params_trigger_ui.py
[2024-08-16T13:21:12.822+0000] {processor.py:925} INFO - DAG(s) 'example_params_trigger_ui' retrieved from /home/airflow/.local/lib/python3.12/site-packages/airflow/example_dags/example_params_trigger_ui.py
[2024-08-16T13:21:12.875+0000] {logging_mixin.py:190} INFO - [2024-08-16T13:21:12.874+0000] {dag.py:3211} INFO - Sync 1 DAGs
[2024-08-16T13:21:12.890+0000] {logging_mixin.py:190} INFO - [2024-08-16T13:21:12.890+0000] {dag.py:4138} INFO - Setting next_dagrun for example_params_trigger_ui to None, run_after=None
[2024-08-16T13:21:12.914+0000] {processor.py:208} INFO - Processing /home/airflow/.local/lib/python3.12/site-packages/airflow/example_dags/example_params_trigger_ui.py took 0.114 seconds
[2024-08-16T13:21:43.123+0000] {processor.py:186} INFO - Started process (PID=1967) to work on /home/airflow/.local/lib/python3.12/site-packages/airflow/example_dags/example_params_trigger_ui.py
[2024-08-16T13:21:43.124+0000] {processor.py:914} INFO - Processing file /home/airflow/.local/lib/python3.12/site-packages/airflow/example_dags/example_params_trigger_ui.py for tasks to queue
[2024-08-16T13:21:43.127+0000] {logging_mixin.py:190} INFO - [2024-08-16T13:21:43.127+0000] {dagbag.py:587} INFO - Filling up the DagBag from /home/airflow/.local/lib/python3.12/site-packages/airflow/example_dags/example_params_trigger_ui.py
[2024-08-16T13:21:43.140+0000] {processor.py:925} INFO - DAG(s) 'example_params_trigger_ui' retrieved from /home/airflow/.local/lib/python3.12/site-packages/airflow/example_dags/example_params_trigger_ui.py
[2024-08-16T13:21:43.207+0000] {logging_mixin.py:190} INFO - [2024-08-16T13:21:43.206+0000] {dag.py:3211} INFO - Sync 1 DAGs
[2024-08-16T13:21:43.224+0000] {logging_mixin.py:190} INFO - [2024-08-16T13:21:43.223+0000] {dag.py:4138} INFO - Setting next_dagrun for example_params_trigger_ui to None, run_after=None
[2024-08-16T13:21:43.242+0000] {processor.py:208} INFO - Processing /home/airflow/.local/lib/python3.12/site-packages/airflow/example_dags/example_params_trigger_ui.py took 0.125 seconds
[2024-08-16T13:22:13.697+0000] {processor.py:186} INFO - Started process (PID=2253) to work on /home/airflow/.local/lib/python3.12/site-packages/airflow/example_dags/example_params_trigger_ui.py
[2024-08-16T13:22:13.698+0000] {processor.py:914} INFO - Processing file /home/airflow/.local/lib/python3.12/site-packages/airflow/example_dags/example_params_trigger_ui.py for tasks to queue
[2024-08-16T13:22:13.700+0000] {logging_mixin.py:190} INFO - [2024-08-16T13:22:13.700+0000] {dagbag.py:587} INFO - Filling up the DagBag from /home/airflow/.local/lib/python3.12/site-packages/airflow/example_dags/example_params_trigger_ui.py
[2024-08-16T13:22:13.711+0000] {processor.py:925} INFO - DAG(s) 'example_params_trigger_ui' retrieved from /home/airflow/.local/lib/python3.12/site-packages/airflow/example_dags/example_params_trigger_ui.py
[2024-08-16T13:22:13.760+0000] {logging_mixin.py:190} INFO - [2024-08-16T13:22:13.760+0000] {dag.py:3211} INFO - Sync 1 DAGs
[2024-08-16T13:22:13.775+0000] {logging_mixin.py:190} INFO - [2024-08-16T13:22:13.775+0000] {dag.py:4138} INFO - Setting next_dagrun for example_params_trigger_ui to None, run_after=None
[2024-08-16T13:22:13.794+0000] {processor.py:208} INFO - Processing /home/airflow/.local/lib/python3.12/site-packages/airflow/example_dags/example_params_trigger_ui.py took 0.104 seconds
[2024-08-16T13:22:44.755+0000] {processor.py:186} INFO - Started process (PID=2539) to work on /home/airflow/.local/lib/python3.12/site-packages/airflow/example_dags/example_params_trigger_ui.py
[2024-08-16T13:22:44.756+0000] {processor.py:914} INFO - Processing file /home/airflow/.local/lib/python3.12/site-packages/airflow/example_dags/example_params_trigger_ui.py for tasks to queue
[2024-08-16T13:22:44.758+0000] {logging_mixin.py:190} INFO - [2024-08-16T13:22:44.758+0000] {dagbag.py:587} INFO - Filling up the DagBag from /home/airflow/.local/lib/python3.12/site-packages/airflow/example_dags/example_params_trigger_ui.py
[2024-08-16T13:22:44.770+0000] {processor.py:925} INFO - DAG(s) 'example_params_trigger_ui' retrieved from /home/airflow/.local/lib/python3.12/site-packages/airflow/example_dags/example_params_trigger_ui.py
[2024-08-16T13:22:44.818+0000] {logging_mixin.py:190} INFO - [2024-08-16T13:22:44.818+0000] {dag.py:3211} INFO - Sync 1 DAGs
[2024-08-16T13:22:44.835+0000] {logging_mixin.py:190} INFO - [2024-08-16T13:22:44.834+0000] {dag.py:4138} INFO - Setting next_dagrun for example_params_trigger_ui to None, run_after=None
[2024-08-16T13:22:44.853+0000] {processor.py:208} INFO - Processing /home/airflow/.local/lib/python3.12/site-packages/airflow/example_dags/example_params_trigger_ui.py took 0.105 seconds
[2024-08-16T13:23:15.198+0000] {processor.py:186} INFO - Started process (PID=2825) to work on /home/airflow/.local/lib/python3.12/site-packages/airflow/example_dags/example_params_trigger_ui.py
[2024-08-16T13:23:15.199+0000] {processor.py:914} INFO - Processing file /home/airflow/.local/lib/python3.12/site-packages/airflow/example_dags/example_params_trigger_ui.py for tasks to queue
[2024-08-16T13:23:15.201+0000] {logging_mixin.py:190} INFO - [2024-08-16T13:23:15.201+0000] {dagbag.py:587} INFO - Filling up the DagBag from /home/airflow/.local/lib/python3.12/site-packages/airflow/example_dags/example_params_trigger_ui.py
[2024-08-16T13:23:15.213+0000] {processor.py:925} INFO - DAG(s) 'example_params_trigger_ui' retrieved from /home/airflow/.local/lib/python3.12/site-packages/airflow/example_dags/example_params_trigger_ui.py
[2024-08-16T13:23:15.271+0000] {logging_mixin.py:190} INFO - [2024-08-16T13:23:15.271+0000] {dag.py:3211} INFO - Sync 1 DAGs
[2024-08-16T13:23:15.287+0000] {logging_mixin.py:190} INFO - [2024-08-16T13:23:15.287+0000] {dag.py:4138} INFO - Setting next_dagrun for example_params_trigger_ui to None, run_after=None
[2024-08-16T13:23:15.312+0000] {processor.py:208} INFO - Processing /home/airflow/.local/lib/python3.12/site-packages/airflow/example_dags/example_params_trigger_ui.py took 0.120 seconds
[2024-08-16T13:23:45.603+0000] {processor.py:186} INFO - Started process (PID=3111) to work on /home/airflow/.local/lib/python3.12/site-packages/airflow/example_dags/example_params_trigger_ui.py
[2024-08-16T13:23:45.604+0000] {processor.py:914} INFO - Processing file /home/airflow/.local/lib/python3.12/site-packages/airflow/example_dags/example_params_trigger_ui.py for tasks to queue
[2024-08-16T13:23:45.607+0000] {logging_mixin.py:190} INFO - [2024-08-16T13:23:45.606+0000] {dagbag.py:587} INFO - Filling up the DagBag from /home/airflow/.local/lib/python3.12/site-packages/airflow/example_dags/example_params_trigger_ui.py
[2024-08-16T13:23:45.618+0000] {processor.py:925} INFO - DAG(s) 'example_params_trigger_ui' retrieved from /home/airflow/.local/lib/python3.12/site-packages/airflow/example_dags/example_params_trigger_ui.py
[2024-08-16T13:23:45.669+0000] {logging_mixin.py:190} INFO - [2024-08-16T13:23:45.669+0000] {dag.py:3211} INFO - Sync 1 DAGs
[2024-08-16T13:23:45.688+0000] {logging_mixin.py:190} INFO - [2024-08-16T13:23:45.687+0000] {dag.py:4138} INFO - Setting next_dagrun for example_params_trigger_ui to None, run_after=None
[2024-08-16T13:23:45.719+0000] {processor.py:208} INFO - Processing /home/airflow/.local/lib/python3.12/site-packages/airflow/example_dags/example_params_trigger_ui.py took 0.122 seconds
[2024-08-16T13:24:15.949+0000] {processor.py:186} INFO - Started process (PID=3403) to work on /home/airflow/.local/lib/python3.12/site-packages/airflow/example_dags/example_params_trigger_ui.py
[2024-08-16T13:24:15.951+0000] {processor.py:914} INFO - Processing file /home/airflow/.local/lib/python3.12/site-packages/airflow/example_dags/example_params_trigger_ui.py for tasks to queue
[2024-08-16T13:24:15.954+0000] {logging_mixin.py:190} INFO - [2024-08-16T13:24:15.954+0000] {dagbag.py:587} INFO - Filling up the DagBag from /home/airflow/.local/lib/python3.12/site-packages/airflow/example_dags/example_params_trigger_ui.py
[2024-08-16T13:24:15.973+0000] {processor.py:925} INFO - DAG(s) 'example_params_trigger_ui' retrieved from /home/airflow/.local/lib/python3.12/site-packages/airflow/example_dags/example_params_trigger_ui.py
[2024-08-16T13:24:16.029+0000] {logging_mixin.py:190} INFO - [2024-08-16T13:24:16.029+0000] {dag.py:3211} INFO - Sync 1 DAGs
[2024-08-16T13:24:16.046+0000] {logging_mixin.py:190} INFO - [2024-08-16T13:24:16.046+0000] {dag.py:4138} INFO - Setting next_dagrun for example_params_trigger_ui to None, run_after=None
[2024-08-16T13:24:16.066+0000] {processor.py:208} INFO - Processing /home/airflow/.local/lib/python3.12/site-packages/airflow/example_dags/example_params_trigger_ui.py took 0.129 seconds
[2024-08-16T13:24:47.012+0000] {processor.py:186} INFO - Started process (PID=3689) to work on /home/airflow/.local/lib/python3.12/site-packages/airflow/example_dags/example_params_trigger_ui.py
[2024-08-16T13:24:47.013+0000] {processor.py:914} INFO - Processing file /home/airflow/.local/lib/python3.12/site-packages/airflow/example_dags/example_params_trigger_ui.py for tasks to queue
[2024-08-16T13:24:47.015+0000] {logging_mixin.py:190} INFO - [2024-08-16T13:24:47.015+0000] {dagbag.py:587} INFO - Filling up the DagBag from /home/airflow/.local/lib/python3.12/site-packages/airflow/example_dags/example_params_trigger_ui.py
[2024-08-16T13:24:47.027+0000] {processor.py:925} INFO - DAG(s) 'example_params_trigger_ui' retrieved from /home/airflow/.local/lib/python3.12/site-packages/airflow/example_dags/example_params_trigger_ui.py
[2024-08-16T13:24:47.078+0000] {logging_mixin.py:190} INFO - [2024-08-16T13:24:47.077+0000] {dag.py:3211} INFO - Sync 1 DAGs
[2024-08-16T13:24:47.094+0000] {logging_mixin.py:190} INFO - [2024-08-16T13:24:47.094+0000] {dag.py:4138} INFO - Setting next_dagrun for example_params_trigger_ui to None, run_after=None
[2024-08-16T13:24:47.123+0000] {processor.py:208} INFO - Processing /home/airflow/.local/lib/python3.12/site-packages/airflow/example_dags/example_params_trigger_ui.py took 0.117 seconds
[2024-08-16T13:25:17.523+0000] {processor.py:186} INFO - Started process (PID=3973) to work on /home/airflow/.local/lib/python3.12/site-packages/airflow/example_dags/example_params_trigger_ui.py
[2024-08-16T13:25:17.524+0000] {processor.py:914} INFO - Processing file /home/airflow/.local/lib/python3.12/site-packages/airflow/example_dags/example_params_trigger_ui.py for tasks to queue
[2024-08-16T13:25:17.527+0000] {logging_mixin.py:190} INFO - [2024-08-16T13:25:17.526+0000] {dagbag.py:587} INFO - Filling up the DagBag from /home/airflow/.local/lib/python3.12/site-packages/airflow/example_dags/example_params_trigger_ui.py
[2024-08-16T13:25:17.538+0000] {processor.py:925} INFO - DAG(s) 'example_params_trigger_ui' retrieved from /home/airflow/.local/lib/python3.12/site-packages/airflow/example_dags/example_params_trigger_ui.py
[2024-08-16T13:25:17.590+0000] {logging_mixin.py:190} INFO - [2024-08-16T13:25:17.589+0000] {dag.py:3211} INFO - Sync 1 DAGs
[2024-08-16T13:25:17.606+0000] {logging_mixin.py:190} INFO - [2024-08-16T13:25:17.606+0000] {dag.py:4138} INFO - Setting next_dagrun for example_params_trigger_ui to None, run_after=None
[2024-08-16T13:25:17.627+0000] {processor.py:208} INFO - Processing /home/airflow/.local/lib/python3.12/site-packages/airflow/example_dags/example_params_trigger_ui.py took 0.110 seconds
[2024-08-16T13:25:47.896+0000] {processor.py:186} INFO - Started process (PID=4261) to work on /home/airflow/.local/lib/python3.12/site-packages/airflow/example_dags/example_params_trigger_ui.py
[2024-08-16T13:25:47.898+0000] {processor.py:914} INFO - Processing file /home/airflow/.local/lib/python3.12/site-packages/airflow/example_dags/example_params_trigger_ui.py for tasks to queue
[2024-08-16T13:25:47.902+0000] {logging_mixin.py:190} INFO - [2024-08-16T13:25:47.901+0000] {dagbag.py:587} INFO - Filling up the DagBag from /home/airflow/.local/lib/python3.12/site-packages/airflow/example_dags/example_params_trigger_ui.py
[2024-08-16T13:25:47.914+0000] {processor.py:925} INFO - DAG(s) 'example_params_trigger_ui' retrieved from /home/airflow/.local/lib/python3.12/site-packages/airflow/example_dags/example_params_trigger_ui.py
[2024-08-16T13:25:47.966+0000] {logging_mixin.py:190} INFO - [2024-08-16T13:25:47.965+0000] {dag.py:3211} INFO - Sync 1 DAGs
[2024-08-16T13:25:47.985+0000] {logging_mixin.py:190} INFO - [2024-08-16T13:25:47.985+0000] {dag.py:4138} INFO - Setting next_dagrun for example_params_trigger_ui to None, run_after=None
[2024-08-16T13:25:48.004+0000] {processor.py:208} INFO - Processing /home/airflow/.local/lib/python3.12/site-packages/airflow/example_dags/example_params_trigger_ui.py took 0.115 seconds
[2024-08-16T13:26:18.291+0000] {processor.py:186} INFO - Started process (PID=4547) to work on /home/airflow/.local/lib/python3.12/site-packages/airflow/example_dags/example_params_trigger_ui.py
[2024-08-16T13:26:18.292+0000] {processor.py:914} INFO - Processing file /home/airflow/.local/lib/python3.12/site-packages/airflow/example_dags/example_params_trigger_ui.py for tasks to queue
[2024-08-16T13:26:18.294+0000] {logging_mixin.py:190} INFO - [2024-08-16T13:26:18.294+0000] {dagbag.py:587} INFO - Filling up the DagBag from /home/airflow/.local/lib/python3.12/site-packages/airflow/example_dags/example_params_trigger_ui.py
[2024-08-16T13:26:18.306+0000] {processor.py:925} INFO - DAG(s) 'example_params_trigger_ui' retrieved from /home/airflow/.local/lib/python3.12/site-packages/airflow/example_dags/example_params_trigger_ui.py
[2024-08-16T13:26:18.358+0000] {logging_mixin.py:190} INFO - [2024-08-16T13:26:18.357+0000] {dag.py:3211} INFO - Sync 1 DAGs
[2024-08-16T13:26:18.373+0000] {logging_mixin.py:190} INFO - [2024-08-16T13:26:18.372+0000] {dag.py:4138} INFO - Setting next_dagrun for example_params_trigger_ui to None, run_after=None
[2024-08-16T13:26:18.391+0000] {processor.py:208} INFO - Processing /home/airflow/.local/lib/python3.12/site-packages/airflow/example_dags/example_params_trigger_ui.py took 0.107 seconds
[2024-08-16T13:26:48.891+0000] {processor.py:186} INFO - Started process (PID=4833) to work on /home/airflow/.local/lib/python3.12/site-packages/airflow/example_dags/example_params_trigger_ui.py
[2024-08-16T13:26:48.893+0000] {processor.py:914} INFO - Processing file /home/airflow/.local/lib/python3.12/site-packages/airflow/example_dags/example_params_trigger_ui.py for tasks to queue
[2024-08-16T13:26:48.896+0000] {logging_mixin.py:190} INFO - [2024-08-16T13:26:48.896+0000] {dagbag.py:587} INFO - Filling up the DagBag from /home/airflow/.local/lib/python3.12/site-packages/airflow/example_dags/example_params_trigger_ui.py
[2024-08-16T13:26:48.911+0000] {processor.py:925} INFO - DAG(s) 'example_params_trigger_ui' retrieved from /home/airflow/.local/lib/python3.12/site-packages/airflow/example_dags/example_params_trigger_ui.py
[2024-08-16T13:26:48.969+0000] {logging_mixin.py:190} INFO - [2024-08-16T13:26:48.968+0000] {dag.py:3211} INFO - Sync 1 DAGs
[2024-08-16T13:26:48.986+0000] {logging_mixin.py:190} INFO - [2024-08-16T13:26:48.985+0000] {dag.py:4138} INFO - Setting next_dagrun for example_params_trigger_ui to None, run_after=None
[2024-08-16T13:26:49.010+0000] {processor.py:208} INFO - Processing /home/airflow/.local/lib/python3.12/site-packages/airflow/example_dags/example_params_trigger_ui.py took 0.125 seconds
[2024-08-16T13:27:19.205+0000] {processor.py:186} INFO - Started process (PID=5123) to work on /home/airflow/.local/lib/python3.12/site-packages/airflow/example_dags/example_params_trigger_ui.py
[2024-08-16T13:27:19.207+0000] {processor.py:914} INFO - Processing file /home/airflow/.local/lib/python3.12/site-packages/airflow/example_dags/example_params_trigger_ui.py for tasks to queue
[2024-08-16T13:27:19.210+0000] {logging_mixin.py:190} INFO - [2024-08-16T13:27:19.209+0000] {dagbag.py:587} INFO - Filling up the DagBag from /home/airflow/.local/lib/python3.12/site-packages/airflow/example_dags/example_params_trigger_ui.py
[2024-08-16T13:27:19.223+0000] {processor.py:925} INFO - DAG(s) 'example_params_trigger_ui' retrieved from /home/airflow/.local/lib/python3.12/site-packages/airflow/example_dags/example_params_trigger_ui.py
[2024-08-16T13:27:19.279+0000] {logging_mixin.py:190} INFO - [2024-08-16T13:27:19.279+0000] {dag.py:3211} INFO - Sync 1 DAGs
[2024-08-16T13:27:19.297+0000] {logging_mixin.py:190} INFO - [2024-08-16T13:27:19.297+0000] {dag.py:4138} INFO - Setting next_dagrun for example_params_trigger_ui to None, run_after=None
[2024-08-16T13:27:19.318+0000] {processor.py:208} INFO - Processing /home/airflow/.local/lib/python3.12/site-packages/airflow/example_dags/example_params_trigger_ui.py took 0.119 seconds
[2024-08-16T13:27:49.728+0000] {processor.py:186} INFO - Started process (PID=5406) to work on /home/airflow/.local/lib/python3.12/site-packages/airflow/example_dags/example_params_trigger_ui.py
[2024-08-16T13:27:49.729+0000] {processor.py:914} INFO - Processing file /home/airflow/.local/lib/python3.12/site-packages/airflow/example_dags/example_params_trigger_ui.py for tasks to queue
[2024-08-16T13:27:49.732+0000] {logging_mixin.py:190} INFO - [2024-08-16T13:27:49.732+0000] {dagbag.py:587} INFO - Filling up the DagBag from /home/airflow/.local/lib/python3.12/site-packages/airflow/example_dags/example_params_trigger_ui.py
[2024-08-16T13:27:49.745+0000] {processor.py:925} INFO - DAG(s) 'example_params_trigger_ui' retrieved from /home/airflow/.local/lib/python3.12/site-packages/airflow/example_dags/example_params_trigger_ui.py
[2024-08-16T13:27:49.802+0000] {logging_mixin.py:190} INFO - [2024-08-16T13:27:49.801+0000] {dag.py:3211} INFO - Sync 1 DAGs
[2024-08-16T13:27:49.824+0000] {logging_mixin.py:190} INFO - [2024-08-16T13:27:49.823+0000] {dag.py:4138} INFO - Setting next_dagrun for example_params_trigger_ui to None, run_after=None
[2024-08-16T13:27:49.843+0000] {processor.py:208} INFO - Processing /home/airflow/.local/lib/python3.12/site-packages/airflow/example_dags/example_params_trigger_ui.py took 0.123 seconds
[2024-08-16T13:28:20.160+0000] {processor.py:186} INFO - Started process (PID=5692) to work on /home/airflow/.local/lib/python3.12/site-packages/airflow/example_dags/example_params_trigger_ui.py
[2024-08-16T13:28:20.161+0000] {processor.py:914} INFO - Processing file /home/airflow/.local/lib/python3.12/site-packages/airflow/example_dags/example_params_trigger_ui.py for tasks to queue
[2024-08-16T13:28:20.163+0000] {logging_mixin.py:190} INFO - [2024-08-16T13:28:20.163+0000] {dagbag.py:587} INFO - Filling up the DagBag from /home/airflow/.local/lib/python3.12/site-packages/airflow/example_dags/example_params_trigger_ui.py
[2024-08-16T13:28:20.176+0000] {processor.py:925} INFO - DAG(s) 'example_params_trigger_ui' retrieved from /home/airflow/.local/lib/python3.12/site-packages/airflow/example_dags/example_params_trigger_ui.py
[2024-08-16T13:28:20.227+0000] {logging_mixin.py:190} INFO - [2024-08-16T13:28:20.227+0000] {dag.py:3211} INFO - Sync 1 DAGs
[2024-08-16T13:28:20.243+0000] {logging_mixin.py:190} INFO - [2024-08-16T13:28:20.243+0000] {dag.py:4138} INFO - Setting next_dagrun for example_params_trigger_ui to None, run_after=None
[2024-08-16T13:28:20.264+0000] {processor.py:208} INFO - Processing /home/airflow/.local/lib/python3.12/site-packages/airflow/example_dags/example_params_trigger_ui.py took 0.110 seconds
[2024-08-16T13:28:50.697+0000] {processor.py:186} INFO - Started process (PID=5978) to work on /home/airflow/.local/lib/python3.12/site-packages/airflow/example_dags/example_params_trigger_ui.py
[2024-08-16T13:28:50.698+0000] {processor.py:914} INFO - Processing file /home/airflow/.local/lib/python3.12/site-packages/airflow/example_dags/example_params_trigger_ui.py for tasks to queue
[2024-08-16T13:28:50.701+0000] {logging_mixin.py:190} INFO - [2024-08-16T13:28:50.700+0000] {dagbag.py:587} INFO - Filling up the DagBag from /home/airflow/.local/lib/python3.12/site-packages/airflow/example_dags/example_params_trigger_ui.py
[2024-08-16T13:28:50.712+0000] {processor.py:925} INFO - DAG(s) 'example_params_trigger_ui' retrieved from /home/airflow/.local/lib/python3.12/site-packages/airflow/example_dags/example_params_trigger_ui.py
[2024-08-16T13:28:50.764+0000] {logging_mixin.py:190} INFO - [2024-08-16T13:28:50.764+0000] {dag.py:3211} INFO - Sync 1 DAGs
[2024-08-16T13:28:50.781+0000] {logging_mixin.py:190} INFO - [2024-08-16T13:28:50.781+0000] {dag.py:4138} INFO - Setting next_dagrun for example_params_trigger_ui to None, run_after=None
[2024-08-16T13:28:50.801+0000] {processor.py:208} INFO - Processing /home/airflow/.local/lib/python3.12/site-packages/airflow/example_dags/example_params_trigger_ui.py took 0.111 seconds
[2024-08-16T13:29:21.180+0000] {processor.py:186} INFO - Started process (PID=6264) to work on /home/airflow/.local/lib/python3.12/site-packages/airflow/example_dags/example_params_trigger_ui.py
[2024-08-16T13:29:21.181+0000] {processor.py:914} INFO - Processing file /home/airflow/.local/lib/python3.12/site-packages/airflow/example_dags/example_params_trigger_ui.py for tasks to queue
[2024-08-16T13:29:21.183+0000] {logging_mixin.py:190} INFO - [2024-08-16T13:29:21.183+0000] {dagbag.py:587} INFO - Filling up the DagBag from /home/airflow/.local/lib/python3.12/site-packages/airflow/example_dags/example_params_trigger_ui.py
[2024-08-16T13:29:21.194+0000] {processor.py:925} INFO - DAG(s) 'example_params_trigger_ui' retrieved from /home/airflow/.local/lib/python3.12/site-packages/airflow/example_dags/example_params_trigger_ui.py
[2024-08-16T13:29:21.243+0000] {logging_mixin.py:190} INFO - [2024-08-16T13:29:21.243+0000] {dag.py:3211} INFO - Sync 1 DAGs
[2024-08-16T13:29:21.262+0000] {logging_mixin.py:190} INFO - [2024-08-16T13:29:21.262+0000] {dag.py:4138} INFO - Setting next_dagrun for example_params_trigger_ui to None, run_after=None
[2024-08-16T13:29:21.287+0000] {processor.py:208} INFO - Processing /home/airflow/.local/lib/python3.12/site-packages/airflow/example_dags/example_params_trigger_ui.py took 0.113 seconds
[2024-08-16T13:29:51.872+0000] {processor.py:186} INFO - Started process (PID=6550) to work on /home/airflow/.local/lib/python3.12/site-packages/airflow/example_dags/example_params_trigger_ui.py
[2024-08-16T13:29:51.873+0000] {processor.py:914} INFO - Processing file /home/airflow/.local/lib/python3.12/site-packages/airflow/example_dags/example_params_trigger_ui.py for tasks to queue
[2024-08-16T13:29:51.875+0000] {logging_mixin.py:190} INFO - [2024-08-16T13:29:51.875+0000] {dagbag.py:587} INFO - Filling up the DagBag from /home/airflow/.local/lib/python3.12/site-packages/airflow/example_dags/example_params_trigger_ui.py
[2024-08-16T13:29:51.886+0000] {processor.py:925} INFO - DAG(s) 'example_params_trigger_ui' retrieved from /home/airflow/.local/lib/python3.12/site-packages/airflow/example_dags/example_params_trigger_ui.py
[2024-08-16T13:29:51.935+0000] {logging_mixin.py:190} INFO - [2024-08-16T13:29:51.935+0000] {dag.py:3211} INFO - Sync 1 DAGs
[2024-08-16T13:29:51.951+0000] {logging_mixin.py:190} INFO - [2024-08-16T13:29:51.951+0000] {dag.py:4138} INFO - Setting next_dagrun for example_params_trigger_ui to None, run_after=None
[2024-08-16T13:29:51.972+0000] {processor.py:208} INFO - Processing /home/airflow/.local/lib/python3.12/site-packages/airflow/example_dags/example_params_trigger_ui.py took 0.106 seconds
[2024-08-16T13:30:22.211+0000] {processor.py:186} INFO - Started process (PID=6837) to work on /home/airflow/.local/lib/python3.12/site-packages/airflow/example_dags/example_params_trigger_ui.py
[2024-08-16T13:30:22.212+0000] {processor.py:914} INFO - Processing file /home/airflow/.local/lib/python3.12/site-packages/airflow/example_dags/example_params_trigger_ui.py for tasks to queue
[2024-08-16T13:30:22.214+0000] {logging_mixin.py:190} INFO - [2024-08-16T13:30:22.213+0000] {dagbag.py:587} INFO - Filling up the DagBag from /home/airflow/.local/lib/python3.12/site-packages/airflow/example_dags/example_params_trigger_ui.py
[2024-08-16T13:30:22.225+0000] {processor.py:925} INFO - DAG(s) 'example_params_trigger_ui' retrieved from /home/airflow/.local/lib/python3.12/site-packages/airflow/example_dags/example_params_trigger_ui.py
[2024-08-16T13:30:22.275+0000] {logging_mixin.py:190} INFO - [2024-08-16T13:30:22.275+0000] {dag.py:3211} INFO - Sync 1 DAGs
[2024-08-16T13:30:22.290+0000] {logging_mixin.py:190} INFO - [2024-08-16T13:30:22.289+0000] {dag.py:4138} INFO - Setting next_dagrun for example_params_trigger_ui to None, run_after=None
[2024-08-16T13:30:22.309+0000] {processor.py:208} INFO - Processing /home/airflow/.local/lib/python3.12/site-packages/airflow/example_dags/example_params_trigger_ui.py took 0.105 seconds
[2024-08-16T13:30:52.692+0000] {processor.py:186} INFO - Started process (PID=7123) to work on /home/airflow/.local/lib/python3.12/site-packages/airflow/example_dags/example_params_trigger_ui.py
[2024-08-16T13:30:52.693+0000] {processor.py:914} INFO - Processing file /home/airflow/.local/lib/python3.12/site-packages/airflow/example_dags/example_params_trigger_ui.py for tasks to queue
[2024-08-16T13:30:52.695+0000] {logging_mixin.py:190} INFO - [2024-08-16T13:30:52.695+0000] {dagbag.py:587} INFO - Filling up the DagBag from /home/airflow/.local/lib/python3.12/site-packages/airflow/example_dags/example_params_trigger_ui.py
[2024-08-16T13:30:52.706+0000] {processor.py:925} INFO - DAG(s) 'example_params_trigger_ui' retrieved from /home/airflow/.local/lib/python3.12/site-packages/airflow/example_dags/example_params_trigger_ui.py
[2024-08-16T13:30:52.754+0000] {logging_mixin.py:190} INFO - [2024-08-16T13:30:52.754+0000] {dag.py:3211} INFO - Sync 1 DAGs
[2024-08-16T13:30:52.770+0000] {logging_mixin.py:190} INFO - [2024-08-16T13:30:52.769+0000] {dag.py:4138} INFO - Setting next_dagrun for example_params_trigger_ui to None, run_after=None
[2024-08-16T13:30:52.790+0000] {processor.py:208} INFO - Processing /home/airflow/.local/lib/python3.12/site-packages/airflow/example_dags/example_params_trigger_ui.py took 0.105 seconds
[2024-08-16T13:31:23.448+0000] {processor.py:186} INFO - Started process (PID=7409) to work on /home/airflow/.local/lib/python3.12/site-packages/airflow/example_dags/example_params_trigger_ui.py
[2024-08-16T13:31:23.449+0000] {processor.py:914} INFO - Processing file /home/airflow/.local/lib/python3.12/site-packages/airflow/example_dags/example_params_trigger_ui.py for tasks to queue
[2024-08-16T13:31:23.452+0000] {logging_mixin.py:190} INFO - [2024-08-16T13:31:23.451+0000] {dagbag.py:587} INFO - Filling up the DagBag from /home/airflow/.local/lib/python3.12/site-packages/airflow/example_dags/example_params_trigger_ui.py
[2024-08-16T13:31:23.463+0000] {processor.py:925} INFO - DAG(s) 'example_params_trigger_ui' retrieved from /home/airflow/.local/lib/python3.12/site-packages/airflow/example_dags/example_params_trigger_ui.py
[2024-08-16T13:31:23.517+0000] {logging_mixin.py:190} INFO - [2024-08-16T13:31:23.517+0000] {dag.py:3211} INFO - Sync 1 DAGs
[2024-08-16T13:31:23.535+0000] {logging_mixin.py:190} INFO - [2024-08-16T13:31:23.535+0000] {dag.py:4138} INFO - Setting next_dagrun for example_params_trigger_ui to None, run_after=None
[2024-08-16T13:31:23.559+0000] {processor.py:208} INFO - Processing /home/airflow/.local/lib/python3.12/site-packages/airflow/example_dags/example_params_trigger_ui.py took 0.118 seconds
[2024-08-16T13:31:53.922+0000] {processor.py:186} INFO - Started process (PID=7695) to work on /home/airflow/.local/lib/python3.12/site-packages/airflow/example_dags/example_params_trigger_ui.py
[2024-08-16T13:31:53.923+0000] {processor.py:914} INFO - Processing file /home/airflow/.local/lib/python3.12/site-packages/airflow/example_dags/example_params_trigger_ui.py for tasks to queue
[2024-08-16T13:31:53.926+0000] {logging_mixin.py:190} INFO - [2024-08-16T13:31:53.925+0000] {dagbag.py:587} INFO - Filling up the DagBag from /home/airflow/.local/lib/python3.12/site-packages/airflow/example_dags/example_params_trigger_ui.py
[2024-08-16T13:31:53.937+0000] {processor.py:925} INFO - DAG(s) 'example_params_trigger_ui' retrieved from /home/airflow/.local/lib/python3.12/site-packages/airflow/example_dags/example_params_trigger_ui.py
[2024-08-16T13:31:53.987+0000] {logging_mixin.py:190} INFO - [2024-08-16T13:31:53.987+0000] {dag.py:3211} INFO - Sync 1 DAGs
[2024-08-16T13:31:54.005+0000] {logging_mixin.py:190} INFO - [2024-08-16T13:31:54.005+0000] {dag.py:4138} INFO - Setting next_dagrun for example_params_trigger_ui to None, run_after=None
[2024-08-16T13:31:54.025+0000] {processor.py:208} INFO - Processing /home/airflow/.local/lib/python3.12/site-packages/airflow/example_dags/example_params_trigger_ui.py took 0.110 seconds
[2024-08-16T13:32:24.512+0000] {processor.py:186} INFO - Started process (PID=7981) to work on /home/airflow/.local/lib/python3.12/site-packages/airflow/example_dags/example_params_trigger_ui.py
[2024-08-16T13:32:24.513+0000] {processor.py:914} INFO - Processing file /home/airflow/.local/lib/python3.12/site-packages/airflow/example_dags/example_params_trigger_ui.py for tasks to queue
[2024-08-16T13:32:24.515+0000] {logging_mixin.py:190} INFO - [2024-08-16T13:32:24.515+0000] {dagbag.py:587} INFO - Filling up the DagBag from /home/airflow/.local/lib/python3.12/site-packages/airflow/example_dags/example_params_trigger_ui.py
[2024-08-16T13:32:24.527+0000] {processor.py:925} INFO - DAG(s) 'example_params_trigger_ui' retrieved from /home/airflow/.local/lib/python3.12/site-packages/airflow/example_dags/example_params_trigger_ui.py
[2024-08-16T13:32:24.579+0000] {logging_mixin.py:190} INFO - [2024-08-16T13:32:24.578+0000] {dag.py:3211} INFO - Sync 1 DAGs
[2024-08-16T13:32:24.596+0000] {logging_mixin.py:190} INFO - [2024-08-16T13:32:24.596+0000] {dag.py:4138} INFO - Setting next_dagrun for example_params_trigger_ui to None, run_after=None
[2024-08-16T13:32:24.617+0000] {processor.py:208} INFO - Processing /home/airflow/.local/lib/python3.12/site-packages/airflow/example_dags/example_params_trigger_ui.py took 0.112 seconds
[2024-08-16T13:32:54.867+0000] {processor.py:186} INFO - Started process (PID=8267) to work on /home/airflow/.local/lib/python3.12/site-packages/airflow/example_dags/example_params_trigger_ui.py
[2024-08-16T13:32:54.868+0000] {processor.py:914} INFO - Processing file /home/airflow/.local/lib/python3.12/site-packages/airflow/example_dags/example_params_trigger_ui.py for tasks to queue
[2024-08-16T13:32:54.871+0000] {logging_mixin.py:190} INFO - [2024-08-16T13:32:54.870+0000] {dagbag.py:587} INFO - Filling up the DagBag from /home/airflow/.local/lib/python3.12/site-packages/airflow/example_dags/example_params_trigger_ui.py
[2024-08-16T13:32:54.883+0000] {processor.py:925} INFO - DAG(s) 'example_params_trigger_ui' retrieved from /home/airflow/.local/lib/python3.12/site-packages/airflow/example_dags/example_params_trigger_ui.py
[2024-08-16T13:32:54.935+0000] {logging_mixin.py:190} INFO - [2024-08-16T13:32:54.935+0000] {dag.py:3211} INFO - Sync 1 DAGs
[2024-08-16T13:32:54.952+0000] {logging_mixin.py:190} INFO - [2024-08-16T13:32:54.952+0000] {dag.py:4138} INFO - Setting next_dagrun for example_params_trigger_ui to None, run_after=None
[2024-08-16T13:32:54.973+0000] {processor.py:208} INFO - Processing /home/airflow/.local/lib/python3.12/site-packages/airflow/example_dags/example_params_trigger_ui.py took 0.112 seconds
[2024-08-16T13:33:25.227+0000] {processor.py:186} INFO - Started process (PID=8553) to work on /home/airflow/.local/lib/python3.12/site-packages/airflow/example_dags/example_params_trigger_ui.py
[2024-08-16T13:33:25.229+0000] {processor.py:914} INFO - Processing file /home/airflow/.local/lib/python3.12/site-packages/airflow/example_dags/example_params_trigger_ui.py for tasks to queue
[2024-08-16T13:33:25.232+0000] {logging_mixin.py:190} INFO - [2024-08-16T13:33:25.231+0000] {dagbag.py:587} INFO - Filling up the DagBag from /home/airflow/.local/lib/python3.12/site-packages/airflow/example_dags/example_params_trigger_ui.py
[2024-08-16T13:33:25.243+0000] {processor.py:925} INFO - DAG(s) 'example_params_trigger_ui' retrieved from /home/airflow/.local/lib/python3.12/site-packages/airflow/example_dags/example_params_trigger_ui.py
[2024-08-16T13:33:25.297+0000] {logging_mixin.py:190} INFO - [2024-08-16T13:33:25.296+0000] {dag.py:3211} INFO - Sync 1 DAGs
[2024-08-16T13:33:25.315+0000] {logging_mixin.py:190} INFO - [2024-08-16T13:33:25.315+0000] {dag.py:4138} INFO - Setting next_dagrun for example_params_trigger_ui to None, run_after=None
[2024-08-16T13:33:25.339+0000] {processor.py:208} INFO - Processing /home/airflow/.local/lib/python3.12/site-packages/airflow/example_dags/example_params_trigger_ui.py took 0.118 seconds
[2024-08-16T13:33:55.628+0000] {processor.py:186} INFO - Started process (PID=8839) to work on /home/airflow/.local/lib/python3.12/site-packages/airflow/example_dags/example_params_trigger_ui.py
[2024-08-16T13:33:55.629+0000] {processor.py:914} INFO - Processing file /home/airflow/.local/lib/python3.12/site-packages/airflow/example_dags/example_params_trigger_ui.py for tasks to queue
[2024-08-16T13:33:55.631+0000] {logging_mixin.py:190} INFO - [2024-08-16T13:33:55.631+0000] {dagbag.py:587} INFO - Filling up the DagBag from /home/airflow/.local/lib/python3.12/site-packages/airflow/example_dags/example_params_trigger_ui.py
[2024-08-16T13:33:55.643+0000] {processor.py:925} INFO - DAG(s) 'example_params_trigger_ui' retrieved from /home/airflow/.local/lib/python3.12/site-packages/airflow/example_dags/example_params_trigger_ui.py
[2024-08-16T13:33:55.692+0000] {logging_mixin.py:190} INFO - [2024-08-16T13:33:55.691+0000] {dag.py:3211} INFO - Sync 1 DAGs
[2024-08-16T13:33:55.707+0000] {logging_mixin.py:190} INFO - [2024-08-16T13:33:55.706+0000] {dag.py:4138} INFO - Setting next_dagrun for example_params_trigger_ui to None, run_after=None
[2024-08-16T13:33:55.726+0000] {processor.py:208} INFO - Processing /home/airflow/.local/lib/python3.12/site-packages/airflow/example_dags/example_params_trigger_ui.py took 0.106 seconds
[2024-08-16T13:34:26.091+0000] {processor.py:186} INFO - Started process (PID=9125) to work on /home/airflow/.local/lib/python3.12/site-packages/airflow/example_dags/example_params_trigger_ui.py
[2024-08-16T13:34:26.093+0000] {processor.py:914} INFO - Processing file /home/airflow/.local/lib/python3.12/site-packages/airflow/example_dags/example_params_trigger_ui.py for tasks to queue
[2024-08-16T13:34:26.095+0000] {logging_mixin.py:190} INFO - [2024-08-16T13:34:26.095+0000] {dagbag.py:587} INFO - Filling up the DagBag from /home/airflow/.local/lib/python3.12/site-packages/airflow/example_dags/example_params_trigger_ui.py
[2024-08-16T13:34:26.108+0000] {processor.py:925} INFO - DAG(s) 'example_params_trigger_ui' retrieved from /home/airflow/.local/lib/python3.12/site-packages/airflow/example_dags/example_params_trigger_ui.py
[2024-08-16T13:34:26.159+0000] {logging_mixin.py:190} INFO - [2024-08-16T13:34:26.159+0000] {dag.py:3211} INFO - Sync 1 DAGs
[2024-08-16T13:34:26.177+0000] {logging_mixin.py:190} INFO - [2024-08-16T13:34:26.176+0000] {dag.py:4138} INFO - Setting next_dagrun for example_params_trigger_ui to None, run_after=None
[2024-08-16T13:34:26.197+0000] {processor.py:208} INFO - Processing /home/airflow/.local/lib/python3.12/site-packages/airflow/example_dags/example_params_trigger_ui.py took 0.113 seconds
[2024-08-16T13:34:56.599+0000] {processor.py:186} INFO - Started process (PID=9411) to work on /home/airflow/.local/lib/python3.12/site-packages/airflow/example_dags/example_params_trigger_ui.py
[2024-08-16T13:34:56.600+0000] {processor.py:914} INFO - Processing file /home/airflow/.local/lib/python3.12/site-packages/airflow/example_dags/example_params_trigger_ui.py for tasks to queue
[2024-08-16T13:34:56.605+0000] {logging_mixin.py:190} INFO - [2024-08-16T13:34:56.604+0000] {dagbag.py:587} INFO - Filling up the DagBag from /home/airflow/.local/lib/python3.12/site-packages/airflow/example_dags/example_params_trigger_ui.py
[2024-08-16T13:34:56.617+0000] {processor.py:925} INFO - DAG(s) 'example_params_trigger_ui' retrieved from /home/airflow/.local/lib/python3.12/site-packages/airflow/example_dags/example_params_trigger_ui.py
[2024-08-16T13:34:56.674+0000] {logging_mixin.py:190} INFO - [2024-08-16T13:34:56.674+0000] {dag.py:3211} INFO - Sync 1 DAGs
[2024-08-16T13:34:56.690+0000] {logging_mixin.py:190} INFO - [2024-08-16T13:34:56.690+0000] {dag.py:4138} INFO - Setting next_dagrun for example_params_trigger_ui to None, run_after=None
[2024-08-16T13:34:56.715+0000] {processor.py:208} INFO - Processing /home/airflow/.local/lib/python3.12/site-packages/airflow/example_dags/example_params_trigger_ui.py took 0.123 seconds
[2024-08-16T13:35:26.988+0000] {processor.py:186} INFO - Started process (PID=9697) to work on /home/airflow/.local/lib/python3.12/site-packages/airflow/example_dags/example_params_trigger_ui.py
[2024-08-16T13:35:26.989+0000] {processor.py:914} INFO - Processing file /home/airflow/.local/lib/python3.12/site-packages/airflow/example_dags/example_params_trigger_ui.py for tasks to queue
[2024-08-16T13:35:26.991+0000] {logging_mixin.py:190} INFO - [2024-08-16T13:35:26.991+0000] {dagbag.py:587} INFO - Filling up the DagBag from /home/airflow/.local/lib/python3.12/site-packages/airflow/example_dags/example_params_trigger_ui.py
[2024-08-16T13:35:27.004+0000] {processor.py:925} INFO - DAG(s) 'example_params_trigger_ui' retrieved from /home/airflow/.local/lib/python3.12/site-packages/airflow/example_dags/example_params_trigger_ui.py
[2024-08-16T13:35:27.056+0000] {logging_mixin.py:190} INFO - [2024-08-16T13:35:27.056+0000] {dag.py:3211} INFO - Sync 1 DAGs
[2024-08-16T13:35:27.074+0000] {logging_mixin.py:190} INFO - [2024-08-16T13:35:27.073+0000] {dag.py:4138} INFO - Setting next_dagrun for example_params_trigger_ui to None, run_after=None
[2024-08-16T13:35:27.092+0000] {processor.py:208} INFO - Processing /home/airflow/.local/lib/python3.12/site-packages/airflow/example_dags/example_params_trigger_ui.py took 0.112 seconds
[2024-08-16T13:35:57.645+0000] {processor.py:186} INFO - Started process (PID=9983) to work on /home/airflow/.local/lib/python3.12/site-packages/airflow/example_dags/example_params_trigger_ui.py
[2024-08-16T13:35:57.646+0000] {processor.py:914} INFO - Processing file /home/airflow/.local/lib/python3.12/site-packages/airflow/example_dags/example_params_trigger_ui.py for tasks to queue
[2024-08-16T13:35:57.649+0000] {logging_mixin.py:190} INFO - [2024-08-16T13:35:57.649+0000] {dagbag.py:587} INFO - Filling up the DagBag from /home/airflow/.local/lib/python3.12/site-packages/airflow/example_dags/example_params_trigger_ui.py
[2024-08-16T13:35:57.662+0000] {processor.py:925} INFO - DAG(s) 'example_params_trigger_ui' retrieved from /home/airflow/.local/lib/python3.12/site-packages/airflow/example_dags/example_params_trigger_ui.py
[2024-08-16T13:35:57.716+0000] {logging_mixin.py:190} INFO - [2024-08-16T13:35:57.715+0000] {dag.py:3211} INFO - Sync 1 DAGs
[2024-08-16T13:35:57.731+0000] {logging_mixin.py:190} INFO - [2024-08-16T13:35:57.731+0000] {dag.py:4138} INFO - Setting next_dagrun for example_params_trigger_ui to None, run_after=None
[2024-08-16T13:35:57.753+0000] {processor.py:208} INFO - Processing /home/airflow/.local/lib/python3.12/site-packages/airflow/example_dags/example_params_trigger_ui.py took 0.114 seconds
[2024-08-16T13:36:28.084+0000] {processor.py:186} INFO - Started process (PID=10269) to work on /home/airflow/.local/lib/python3.12/site-packages/airflow/example_dags/example_params_trigger_ui.py
[2024-08-16T13:36:28.085+0000] {processor.py:914} INFO - Processing file /home/airflow/.local/lib/python3.12/site-packages/airflow/example_dags/example_params_trigger_ui.py for tasks to queue
[2024-08-16T13:36:28.088+0000] {logging_mixin.py:190} INFO - [2024-08-16T13:36:28.087+0000] {dagbag.py:587} INFO - Filling up the DagBag from /home/airflow/.local/lib/python3.12/site-packages/airflow/example_dags/example_params_trigger_ui.py
[2024-08-16T13:36:28.100+0000] {processor.py:925} INFO - DAG(s) 'example_params_trigger_ui' retrieved from /home/airflow/.local/lib/python3.12/site-packages/airflow/example_dags/example_params_trigger_ui.py
[2024-08-16T13:36:28.150+0000] {logging_mixin.py:190} INFO - [2024-08-16T13:36:28.150+0000] {dag.py:3211} INFO - Sync 1 DAGs
[2024-08-16T13:36:28.165+0000] {logging_mixin.py:190} INFO - [2024-08-16T13:36:28.164+0000] {dag.py:4138} INFO - Setting next_dagrun for example_params_trigger_ui to None, run_after=None
[2024-08-16T13:36:28.184+0000] {processor.py:208} INFO - Processing /home/airflow/.local/lib/python3.12/site-packages/airflow/example_dags/example_params_trigger_ui.py took 0.107 seconds
[2024-08-16T13:36:58.506+0000] {processor.py:186} INFO - Started process (PID=10555) to work on /home/airflow/.local/lib/python3.12/site-packages/airflow/example_dags/example_params_trigger_ui.py
[2024-08-16T13:36:58.507+0000] {processor.py:914} INFO - Processing file /home/airflow/.local/lib/python3.12/site-packages/airflow/example_dags/example_params_trigger_ui.py for tasks to queue
[2024-08-16T13:36:58.510+0000] {logging_mixin.py:190} INFO - [2024-08-16T13:36:58.509+0000] {dagbag.py:587} INFO - Filling up the DagBag from /home/airflow/.local/lib/python3.12/site-packages/airflow/example_dags/example_params_trigger_ui.py
[2024-08-16T13:36:58.525+0000] {processor.py:925} INFO - DAG(s) 'example_params_trigger_ui' retrieved from /home/airflow/.local/lib/python3.12/site-packages/airflow/example_dags/example_params_trigger_ui.py
[2024-08-16T13:36:58.582+0000] {logging_mixin.py:190} INFO - [2024-08-16T13:36:58.582+0000] {dag.py:3211} INFO - Sync 1 DAGs
[2024-08-16T13:36:58.599+0000] {logging_mixin.py:190} INFO - [2024-08-16T13:36:58.599+0000] {dag.py:4138} INFO - Setting next_dagrun for example_params_trigger_ui to None, run_after=None
[2024-08-16T13:36:58.620+0000] {processor.py:208} INFO - Processing /home/airflow/.local/lib/python3.12/site-packages/airflow/example_dags/example_params_trigger_ui.py took 0.119 seconds
[2024-08-16T13:37:28.929+0000] {processor.py:186} INFO - Started process (PID=10847) to work on /home/airflow/.local/lib/python3.12/site-packages/airflow/example_dags/example_params_trigger_ui.py
[2024-08-16T13:37:28.930+0000] {processor.py:914} INFO - Processing file /home/airflow/.local/lib/python3.12/site-packages/airflow/example_dags/example_params_trigger_ui.py for tasks to queue
[2024-08-16T13:37:28.933+0000] {logging_mixin.py:190} INFO - [2024-08-16T13:37:28.932+0000] {dagbag.py:587} INFO - Filling up the DagBag from /home/airflow/.local/lib/python3.12/site-packages/airflow/example_dags/example_params_trigger_ui.py
[2024-08-16T13:37:28.945+0000] {processor.py:925} INFO - DAG(s) 'example_params_trigger_ui' retrieved from /home/airflow/.local/lib/python3.12/site-packages/airflow/example_dags/example_params_trigger_ui.py
[2024-08-16T13:37:28.997+0000] {logging_mixin.py:190} INFO - [2024-08-16T13:37:28.996+0000] {dag.py:3211} INFO - Sync 1 DAGs
[2024-08-16T13:37:29.013+0000] {logging_mixin.py:190} INFO - [2024-08-16T13:37:29.013+0000] {dag.py:4138} INFO - Setting next_dagrun for example_params_trigger_ui to None, run_after=None
[2024-08-16T13:37:29.034+0000] {processor.py:208} INFO - Processing /home/airflow/.local/lib/python3.12/site-packages/airflow/example_dags/example_params_trigger_ui.py took 0.112 seconds
[2024-08-16T13:37:59.305+0000] {processor.py:186} INFO - Started process (PID=11133) to work on /home/airflow/.local/lib/python3.12/site-packages/airflow/example_dags/example_params_trigger_ui.py
[2024-08-16T13:37:59.306+0000] {processor.py:914} INFO - Processing file /home/airflow/.local/lib/python3.12/site-packages/airflow/example_dags/example_params_trigger_ui.py for tasks to queue
[2024-08-16T13:37:59.308+0000] {logging_mixin.py:190} INFO - [2024-08-16T13:37:59.308+0000] {dagbag.py:587} INFO - Filling up the DagBag from /home/airflow/.local/lib/python3.12/site-packages/airflow/example_dags/example_params_trigger_ui.py
[2024-08-16T13:37:59.320+0000] {processor.py:925} INFO - DAG(s) 'example_params_trigger_ui' retrieved from /home/airflow/.local/lib/python3.12/site-packages/airflow/example_dags/example_params_trigger_ui.py
[2024-08-16T13:37:59.372+0000] {logging_mixin.py:190} INFO - [2024-08-16T13:37:59.372+0000] {dag.py:3211} INFO - Sync 1 DAGs
[2024-08-16T13:37:59.388+0000] {logging_mixin.py:190} INFO - [2024-08-16T13:37:59.387+0000] {dag.py:4138} INFO - Setting next_dagrun for example_params_trigger_ui to None, run_after=None
[2024-08-16T13:37:59.409+0000] {processor.py:208} INFO - Processing /home/airflow/.local/lib/python3.12/site-packages/airflow/example_dags/example_params_trigger_ui.py took 0.111 seconds
[2024-08-16T13:38:29.612+0000] {processor.py:186} INFO - Started process (PID=11414) to work on /home/airflow/.local/lib/python3.12/site-packages/airflow/example_dags/example_params_trigger_ui.py
[2024-08-16T13:38:29.612+0000] {processor.py:914} INFO - Processing file /home/airflow/.local/lib/python3.12/site-packages/airflow/example_dags/example_params_trigger_ui.py for tasks to queue
[2024-08-16T13:38:29.615+0000] {logging_mixin.py:190} INFO - [2024-08-16T13:38:29.615+0000] {dagbag.py:587} INFO - Filling up the DagBag from /home/airflow/.local/lib/python3.12/site-packages/airflow/example_dags/example_params_trigger_ui.py
[2024-08-16T13:38:29.628+0000] {processor.py:925} INFO - DAG(s) 'example_params_trigger_ui' retrieved from /home/airflow/.local/lib/python3.12/site-packages/airflow/example_dags/example_params_trigger_ui.py
[2024-08-16T13:38:29.676+0000] {logging_mixin.py:190} INFO - [2024-08-16T13:38:29.676+0000] {dag.py:3211} INFO - Sync 1 DAGs
[2024-08-16T13:38:29.693+0000] {logging_mixin.py:190} INFO - [2024-08-16T13:38:29.693+0000] {dag.py:4138} INFO - Setting next_dagrun for example_params_trigger_ui to None, run_after=None
[2024-08-16T13:38:29.714+0000] {processor.py:208} INFO - Processing /home/airflow/.local/lib/python3.12/site-packages/airflow/example_dags/example_params_trigger_ui.py took 0.108 seconds
[2024-08-16T13:38:59.989+0000] {processor.py:186} INFO - Started process (PID=11700) to work on /home/airflow/.local/lib/python3.12/site-packages/airflow/example_dags/example_params_trigger_ui.py
[2024-08-16T13:38:59.990+0000] {processor.py:914} INFO - Processing file /home/airflow/.local/lib/python3.12/site-packages/airflow/example_dags/example_params_trigger_ui.py for tasks to queue
[2024-08-16T13:38:59.992+0000] {logging_mixin.py:190} INFO - [2024-08-16T13:38:59.992+0000] {dagbag.py:587} INFO - Filling up the DagBag from /home/airflow/.local/lib/python3.12/site-packages/airflow/example_dags/example_params_trigger_ui.py
[2024-08-16T13:39:00.004+0000] {processor.py:925} INFO - DAG(s) 'example_params_trigger_ui' retrieved from /home/airflow/.local/lib/python3.12/site-packages/airflow/example_dags/example_params_trigger_ui.py
[2024-08-16T13:39:00.055+0000] {logging_mixin.py:190} INFO - [2024-08-16T13:39:00.055+0000] {dag.py:3211} INFO - Sync 1 DAGs
[2024-08-16T13:39:00.071+0000] {logging_mixin.py:190} INFO - [2024-08-16T13:39:00.071+0000] {dag.py:4138} INFO - Setting next_dagrun for example_params_trigger_ui to None, run_after=None
[2024-08-16T13:39:00.092+0000] {processor.py:208} INFO - Processing /home/airflow/.local/lib/python3.12/site-packages/airflow/example_dags/example_params_trigger_ui.py took 0.110 seconds
[2024-08-16T13:39:30.334+0000] {processor.py:186} INFO - Started process (PID=11986) to work on /home/airflow/.local/lib/python3.12/site-packages/airflow/example_dags/example_params_trigger_ui.py
[2024-08-16T13:39:30.335+0000] {processor.py:914} INFO - Processing file /home/airflow/.local/lib/python3.12/site-packages/airflow/example_dags/example_params_trigger_ui.py for tasks to queue
[2024-08-16T13:39:30.338+0000] {logging_mixin.py:190} INFO - [2024-08-16T13:39:30.337+0000] {dagbag.py:587} INFO - Filling up the DagBag from /home/airflow/.local/lib/python3.12/site-packages/airflow/example_dags/example_params_trigger_ui.py
[2024-08-16T13:39:30.349+0000] {processor.py:925} INFO - DAG(s) 'example_params_trigger_ui' retrieved from /home/airflow/.local/lib/python3.12/site-packages/airflow/example_dags/example_params_trigger_ui.py
[2024-08-16T13:39:30.400+0000] {logging_mixin.py:190} INFO - [2024-08-16T13:39:30.400+0000] {dag.py:3211} INFO - Sync 1 DAGs
[2024-08-16T13:39:30.416+0000] {logging_mixin.py:190} INFO - [2024-08-16T13:39:30.416+0000] {dag.py:4138} INFO - Setting next_dagrun for example_params_trigger_ui to None, run_after=None
[2024-08-16T13:39:30.437+0000] {processor.py:208} INFO - Processing /home/airflow/.local/lib/python3.12/site-packages/airflow/example_dags/example_params_trigger_ui.py took 0.110 seconds
[2024-08-16T13:40:01.296+0000] {processor.py:186} INFO - Started process (PID=12272) to work on /home/airflow/.local/lib/python3.12/site-packages/airflow/example_dags/example_params_trigger_ui.py
[2024-08-16T13:40:01.298+0000] {processor.py:914} INFO - Processing file /home/airflow/.local/lib/python3.12/site-packages/airflow/example_dags/example_params_trigger_ui.py for tasks to queue
[2024-08-16T13:40:01.301+0000] {logging_mixin.py:190} INFO - [2024-08-16T13:40:01.300+0000] {dagbag.py:587} INFO - Filling up the DagBag from /home/airflow/.local/lib/python3.12/site-packages/airflow/example_dags/example_params_trigger_ui.py
[2024-08-16T13:40:01.313+0000] {processor.py:925} INFO - DAG(s) 'example_params_trigger_ui' retrieved from /home/airflow/.local/lib/python3.12/site-packages/airflow/example_dags/example_params_trigger_ui.py
[2024-08-16T13:40:01.363+0000] {logging_mixin.py:190} INFO - [2024-08-16T13:40:01.362+0000] {dag.py:3211} INFO - Sync 1 DAGs
[2024-08-16T13:40:01.379+0000] {logging_mixin.py:190} INFO - [2024-08-16T13:40:01.379+0000] {dag.py:4138} INFO - Setting next_dagrun for example_params_trigger_ui to None, run_after=None
[2024-08-16T13:40:01.402+0000] {processor.py:208} INFO - Processing /home/airflow/.local/lib/python3.12/site-packages/airflow/example_dags/example_params_trigger_ui.py took 0.113 seconds
[2024-08-16T13:40:31.867+0000] {processor.py:186} INFO - Started process (PID=12558) to work on /home/airflow/.local/lib/python3.12/site-packages/airflow/example_dags/example_params_trigger_ui.py
[2024-08-16T13:40:31.868+0000] {processor.py:914} INFO - Processing file /home/airflow/.local/lib/python3.12/site-packages/airflow/example_dags/example_params_trigger_ui.py for tasks to queue
[2024-08-16T13:40:31.870+0000] {logging_mixin.py:190} INFO - [2024-08-16T13:40:31.870+0000] {dagbag.py:587} INFO - Filling up the DagBag from /home/airflow/.local/lib/python3.12/site-packages/airflow/example_dags/example_params_trigger_ui.py
[2024-08-16T13:40:31.883+0000] {processor.py:925} INFO - DAG(s) 'example_params_trigger_ui' retrieved from /home/airflow/.local/lib/python3.12/site-packages/airflow/example_dags/example_params_trigger_ui.py
[2024-08-16T13:40:31.936+0000] {logging_mixin.py:190} INFO - [2024-08-16T13:40:31.936+0000] {dag.py:3211} INFO - Sync 1 DAGs
[2024-08-16T13:40:31.958+0000] {logging_mixin.py:190} INFO - [2024-08-16T13:40:31.957+0000] {dag.py:4138} INFO - Setting next_dagrun for example_params_trigger_ui to None, run_after=None
[2024-08-16T13:40:31.986+0000] {processor.py:208} INFO - Processing /home/airflow/.local/lib/python3.12/site-packages/airflow/example_dags/example_params_trigger_ui.py took 0.127 seconds
[2024-08-16T13:41:02.673+0000] {processor.py:186} INFO - Started process (PID=12844) to work on /home/airflow/.local/lib/python3.12/site-packages/airflow/example_dags/example_params_trigger_ui.py
[2024-08-16T13:41:02.675+0000] {processor.py:914} INFO - Processing file /home/airflow/.local/lib/python3.12/site-packages/airflow/example_dags/example_params_trigger_ui.py for tasks to queue
[2024-08-16T13:41:02.678+0000] {logging_mixin.py:190} INFO - [2024-08-16T13:41:02.678+0000] {dagbag.py:587} INFO - Filling up the DagBag from /home/airflow/.local/lib/python3.12/site-packages/airflow/example_dags/example_params_trigger_ui.py
[2024-08-16T13:41:02.691+0000] {processor.py:925} INFO - DAG(s) 'example_params_trigger_ui' retrieved from /home/airflow/.local/lib/python3.12/site-packages/airflow/example_dags/example_params_trigger_ui.py
[2024-08-16T13:41:02.742+0000] {logging_mixin.py:190} INFO - [2024-08-16T13:41:02.742+0000] {dag.py:3211} INFO - Sync 1 DAGs
[2024-08-16T13:41:02.758+0000] {logging_mixin.py:190} INFO - [2024-08-16T13:41:02.758+0000] {dag.py:4138} INFO - Setting next_dagrun for example_params_trigger_ui to None, run_after=None
[2024-08-16T13:41:02.781+0000] {processor.py:208} INFO - Processing /home/airflow/.local/lib/python3.12/site-packages/airflow/example_dags/example_params_trigger_ui.py took 0.114 seconds
[2024-08-16T13:41:33.218+0000] {processor.py:186} INFO - Started process (PID=13130) to work on /home/airflow/.local/lib/python3.12/site-packages/airflow/example_dags/example_params_trigger_ui.py
[2024-08-16T13:41:33.219+0000] {processor.py:914} INFO - Processing file /home/airflow/.local/lib/python3.12/site-packages/airflow/example_dags/example_params_trigger_ui.py for tasks to queue
[2024-08-16T13:41:33.222+0000] {logging_mixin.py:190} INFO - [2024-08-16T13:41:33.221+0000] {dagbag.py:587} INFO - Filling up the DagBag from /home/airflow/.local/lib/python3.12/site-packages/airflow/example_dags/example_params_trigger_ui.py
[2024-08-16T13:41:33.234+0000] {processor.py:925} INFO - DAG(s) 'example_params_trigger_ui' retrieved from /home/airflow/.local/lib/python3.12/site-packages/airflow/example_dags/example_params_trigger_ui.py
[2024-08-16T13:41:33.286+0000] {logging_mixin.py:190} INFO - [2024-08-16T13:41:33.286+0000] {dag.py:3211} INFO - Sync 1 DAGs
[2024-08-16T13:41:33.303+0000] {logging_mixin.py:190} INFO - [2024-08-16T13:41:33.302+0000] {dag.py:4138} INFO - Setting next_dagrun for example_params_trigger_ui to None, run_after=None
[2024-08-16T13:41:33.329+0000] {processor.py:208} INFO - Processing /home/airflow/.local/lib/python3.12/site-packages/airflow/example_dags/example_params_trigger_ui.py took 0.116 seconds
[2024-08-16T13:42:03.886+0000] {processor.py:186} INFO - Started process (PID=13416) to work on /home/airflow/.local/lib/python3.12/site-packages/airflow/example_dags/example_params_trigger_ui.py
[2024-08-16T13:42:03.888+0000] {processor.py:914} INFO - Processing file /home/airflow/.local/lib/python3.12/site-packages/airflow/example_dags/example_params_trigger_ui.py for tasks to queue
[2024-08-16T13:42:03.891+0000] {logging_mixin.py:190} INFO - [2024-08-16T13:42:03.891+0000] {dagbag.py:587} INFO - Filling up the DagBag from /home/airflow/.local/lib/python3.12/site-packages/airflow/example_dags/example_params_trigger_ui.py
[2024-08-16T13:42:03.905+0000] {processor.py:925} INFO - DAG(s) 'example_params_trigger_ui' retrieved from /home/airflow/.local/lib/python3.12/site-packages/airflow/example_dags/example_params_trigger_ui.py
[2024-08-16T13:42:03.963+0000] {logging_mixin.py:190} INFO - [2024-08-16T13:42:03.963+0000] {dag.py:3211} INFO - Sync 1 DAGs
[2024-08-16T13:42:03.982+0000] {logging_mixin.py:190} INFO - [2024-08-16T13:42:03.982+0000] {dag.py:4138} INFO - Setting next_dagrun for example_params_trigger_ui to None, run_after=None
[2024-08-16T13:42:04.008+0000] {processor.py:208} INFO - Processing /home/airflow/.local/lib/python3.12/site-packages/airflow/example_dags/example_params_trigger_ui.py took 0.128 seconds
[2024-08-16T13:42:34.868+0000] {processor.py:186} INFO - Started process (PID=13702) to work on /home/airflow/.local/lib/python3.12/site-packages/airflow/example_dags/example_params_trigger_ui.py
[2024-08-16T13:42:34.869+0000] {processor.py:914} INFO - Processing file /home/airflow/.local/lib/python3.12/site-packages/airflow/example_dags/example_params_trigger_ui.py for tasks to queue
[2024-08-16T13:42:34.873+0000] {logging_mixin.py:190} INFO - [2024-08-16T13:42:34.873+0000] {dagbag.py:587} INFO - Filling up the DagBag from /home/airflow/.local/lib/python3.12/site-packages/airflow/example_dags/example_params_trigger_ui.py
[2024-08-16T13:42:34.884+0000] {processor.py:925} INFO - DAG(s) 'example_params_trigger_ui' retrieved from /home/airflow/.local/lib/python3.12/site-packages/airflow/example_dags/example_params_trigger_ui.py
[2024-08-16T13:42:34.934+0000] {logging_mixin.py:190} INFO - [2024-08-16T13:42:34.933+0000] {dag.py:3211} INFO - Sync 1 DAGs
[2024-08-16T13:42:34.949+0000] {logging_mixin.py:190} INFO - [2024-08-16T13:42:34.949+0000] {dag.py:4138} INFO - Setting next_dagrun for example_params_trigger_ui to None, run_after=None
[2024-08-16T13:42:34.969+0000] {processor.py:208} INFO - Processing /home/airflow/.local/lib/python3.12/site-packages/airflow/example_dags/example_params_trigger_ui.py took 0.108 seconds
[2024-08-16T13:43:05.802+0000] {processor.py:186} INFO - Started process (PID=13988) to work on /home/airflow/.local/lib/python3.12/site-packages/airflow/example_dags/example_params_trigger_ui.py
[2024-08-16T13:43:05.804+0000] {processor.py:914} INFO - Processing file /home/airflow/.local/lib/python3.12/site-packages/airflow/example_dags/example_params_trigger_ui.py for tasks to queue
[2024-08-16T13:43:05.806+0000] {logging_mixin.py:190} INFO - [2024-08-16T13:43:05.806+0000] {dagbag.py:587} INFO - Filling up the DagBag from /home/airflow/.local/lib/python3.12/site-packages/airflow/example_dags/example_params_trigger_ui.py
[2024-08-16T13:43:05.818+0000] {processor.py:925} INFO - DAG(s) 'example_params_trigger_ui' retrieved from /home/airflow/.local/lib/python3.12/site-packages/airflow/example_dags/example_params_trigger_ui.py
[2024-08-16T13:43:05.883+0000] {logging_mixin.py:190} INFO - [2024-08-16T13:43:05.883+0000] {dag.py:3211} INFO - Sync 1 DAGs
[2024-08-16T13:43:05.903+0000] {logging_mixin.py:190} INFO - [2024-08-16T13:43:05.903+0000] {dag.py:4138} INFO - Setting next_dagrun for example_params_trigger_ui to None, run_after=None
[2024-08-16T13:43:05.924+0000] {processor.py:208} INFO - Processing /home/airflow/.local/lib/python3.12/site-packages/airflow/example_dags/example_params_trigger_ui.py took 0.128 seconds
[2024-08-16T13:43:36.338+0000] {processor.py:186} INFO - Started process (PID=14272) to work on /home/airflow/.local/lib/python3.12/site-packages/airflow/example_dags/example_params_trigger_ui.py
[2024-08-16T13:43:36.339+0000] {processor.py:914} INFO - Processing file /home/airflow/.local/lib/python3.12/site-packages/airflow/example_dags/example_params_trigger_ui.py for tasks to queue
[2024-08-16T13:43:36.342+0000] {logging_mixin.py:190} INFO - [2024-08-16T13:43:36.341+0000] {dagbag.py:587} INFO - Filling up the DagBag from /home/airflow/.local/lib/python3.12/site-packages/airflow/example_dags/example_params_trigger_ui.py
[2024-08-16T13:43:36.353+0000] {processor.py:925} INFO - DAG(s) 'example_params_trigger_ui' retrieved from /home/airflow/.local/lib/python3.12/site-packages/airflow/example_dags/example_params_trigger_ui.py
[2024-08-16T13:43:36.402+0000] {logging_mixin.py:190} INFO - [2024-08-16T13:43:36.402+0000] {dag.py:3211} INFO - Sync 1 DAGs
[2024-08-16T13:43:36.418+0000] {logging_mixin.py:190} INFO - [2024-08-16T13:43:36.418+0000] {dag.py:4138} INFO - Setting next_dagrun for example_params_trigger_ui to None, run_after=None
[2024-08-16T13:43:36.438+0000] {processor.py:208} INFO - Processing /home/airflow/.local/lib/python3.12/site-packages/airflow/example_dags/example_params_trigger_ui.py took 0.106 seconds
[2024-08-16T13:44:07.061+0000] {processor.py:186} INFO - Started process (PID=14560) to work on /home/airflow/.local/lib/python3.12/site-packages/airflow/example_dags/example_params_trigger_ui.py
[2024-08-16T13:44:07.062+0000] {processor.py:914} INFO - Processing file /home/airflow/.local/lib/python3.12/site-packages/airflow/example_dags/example_params_trigger_ui.py for tasks to queue
[2024-08-16T13:44:07.065+0000] {logging_mixin.py:190} INFO - [2024-08-16T13:44:07.064+0000] {dagbag.py:587} INFO - Filling up the DagBag from /home/airflow/.local/lib/python3.12/site-packages/airflow/example_dags/example_params_trigger_ui.py
[2024-08-16T13:44:07.076+0000] {processor.py:925} INFO - DAG(s) 'example_params_trigger_ui' retrieved from /home/airflow/.local/lib/python3.12/site-packages/airflow/example_dags/example_params_trigger_ui.py
[2024-08-16T13:44:07.127+0000] {logging_mixin.py:190} INFO - [2024-08-16T13:44:07.127+0000] {dag.py:3211} INFO - Sync 1 DAGs
[2024-08-16T13:44:07.144+0000] {logging_mixin.py:190} INFO - [2024-08-16T13:44:07.144+0000] {dag.py:4138} INFO - Setting next_dagrun for example_params_trigger_ui to None, run_after=None
[2024-08-16T13:44:07.167+0000] {processor.py:208} INFO - Processing /home/airflow/.local/lib/python3.12/site-packages/airflow/example_dags/example_params_trigger_ui.py took 0.112 seconds
[2024-08-16T13:44:37.595+0000] {processor.py:186} INFO - Started process (PID=14846) to work on /home/airflow/.local/lib/python3.12/site-packages/airflow/example_dags/example_params_trigger_ui.py
[2024-08-16T13:44:37.596+0000] {processor.py:914} INFO - Processing file /home/airflow/.local/lib/python3.12/site-packages/airflow/example_dags/example_params_trigger_ui.py for tasks to queue
[2024-08-16T13:44:37.599+0000] {logging_mixin.py:190} INFO - [2024-08-16T13:44:37.598+0000] {dagbag.py:587} INFO - Filling up the DagBag from /home/airflow/.local/lib/python3.12/site-packages/airflow/example_dags/example_params_trigger_ui.py
[2024-08-16T13:44:37.610+0000] {processor.py:925} INFO - DAG(s) 'example_params_trigger_ui' retrieved from /home/airflow/.local/lib/python3.12/site-packages/airflow/example_dags/example_params_trigger_ui.py
[2024-08-16T13:44:37.665+0000] {logging_mixin.py:190} INFO - [2024-08-16T13:44:37.665+0000] {dag.py:3211} INFO - Sync 1 DAGs
[2024-08-16T13:44:37.681+0000] {logging_mixin.py:190} INFO - [2024-08-16T13:44:37.681+0000] {dag.py:4138} INFO - Setting next_dagrun for example_params_trigger_ui to None, run_after=None
[2024-08-16T13:44:37.703+0000] {processor.py:208} INFO - Processing /home/airflow/.local/lib/python3.12/site-packages/airflow/example_dags/example_params_trigger_ui.py took 0.115 seconds
[2024-08-16T13:45:08.144+0000] {processor.py:186} INFO - Started process (PID=15132) to work on /home/airflow/.local/lib/python3.12/site-packages/airflow/example_dags/example_params_trigger_ui.py
[2024-08-16T13:45:08.145+0000] {processor.py:914} INFO - Processing file /home/airflow/.local/lib/python3.12/site-packages/airflow/example_dags/example_params_trigger_ui.py for tasks to queue
[2024-08-16T13:45:08.148+0000] {logging_mixin.py:190} INFO - [2024-08-16T13:45:08.148+0000] {dagbag.py:587} INFO - Filling up the DagBag from /home/airflow/.local/lib/python3.12/site-packages/airflow/example_dags/example_params_trigger_ui.py
[2024-08-16T13:45:08.164+0000] {processor.py:925} INFO - DAG(s) 'example_params_trigger_ui' retrieved from /home/airflow/.local/lib/python3.12/site-packages/airflow/example_dags/example_params_trigger_ui.py
[2024-08-16T13:45:08.215+0000] {logging_mixin.py:190} INFO - [2024-08-16T13:45:08.214+0000] {dag.py:3211} INFO - Sync 1 DAGs
[2024-08-16T13:45:08.230+0000] {logging_mixin.py:190} INFO - [2024-08-16T13:45:08.230+0000] {dag.py:4138} INFO - Setting next_dagrun for example_params_trigger_ui to None, run_after=None
[2024-08-16T13:45:08.249+0000] {processor.py:208} INFO - Processing /home/airflow/.local/lib/python3.12/site-packages/airflow/example_dags/example_params_trigger_ui.py took 0.114 seconds
[2024-08-16T13:45:38.981+0000] {processor.py:186} INFO - Started process (PID=15418) to work on /home/airflow/.local/lib/python3.12/site-packages/airflow/example_dags/example_params_trigger_ui.py
[2024-08-16T13:45:38.982+0000] {processor.py:914} INFO - Processing file /home/airflow/.local/lib/python3.12/site-packages/airflow/example_dags/example_params_trigger_ui.py for tasks to queue
[2024-08-16T13:45:38.984+0000] {logging_mixin.py:190} INFO - [2024-08-16T13:45:38.984+0000] {dagbag.py:587} INFO - Filling up the DagBag from /home/airflow/.local/lib/python3.12/site-packages/airflow/example_dags/example_params_trigger_ui.py
[2024-08-16T13:45:39.000+0000] {processor.py:925} INFO - DAG(s) 'example_params_trigger_ui' retrieved from /home/airflow/.local/lib/python3.12/site-packages/airflow/example_dags/example_params_trigger_ui.py
[2024-08-16T13:45:39.075+0000] {logging_mixin.py:190} INFO - [2024-08-16T13:45:39.075+0000] {dag.py:3211} INFO - Sync 1 DAGs
[2024-08-16T13:45:39.091+0000] {logging_mixin.py:190} INFO - [2024-08-16T13:45:39.091+0000] {dag.py:4138} INFO - Setting next_dagrun for example_params_trigger_ui to None, run_after=None
[2024-08-16T13:45:39.115+0000] {processor.py:208} INFO - Processing /home/airflow/.local/lib/python3.12/site-packages/airflow/example_dags/example_params_trigger_ui.py took 0.142 seconds
[2024-08-16T13:46:09.997+0000] {processor.py:186} INFO - Started process (PID=15704) to work on /home/airflow/.local/lib/python3.12/site-packages/airflow/example_dags/example_params_trigger_ui.py
[2024-08-16T13:46:09.998+0000] {processor.py:914} INFO - Processing file /home/airflow/.local/lib/python3.12/site-packages/airflow/example_dags/example_params_trigger_ui.py for tasks to queue
[2024-08-16T13:46:10.001+0000] {logging_mixin.py:190} INFO - [2024-08-16T13:46:10.001+0000] {dagbag.py:587} INFO - Filling up the DagBag from /home/airflow/.local/lib/python3.12/site-packages/airflow/example_dags/example_params_trigger_ui.py
[2024-08-16T13:46:10.013+0000] {processor.py:925} INFO - DAG(s) 'example_params_trigger_ui' retrieved from /home/airflow/.local/lib/python3.12/site-packages/airflow/example_dags/example_params_trigger_ui.py
[2024-08-16T13:46:10.066+0000] {logging_mixin.py:190} INFO - [2024-08-16T13:46:10.066+0000] {dag.py:3211} INFO - Sync 1 DAGs
[2024-08-16T13:46:10.083+0000] {logging_mixin.py:190} INFO - [2024-08-16T13:46:10.083+0000] {dag.py:4138} INFO - Setting next_dagrun for example_params_trigger_ui to None, run_after=None
[2024-08-16T13:46:10.105+0000] {processor.py:208} INFO - Processing /home/airflow/.local/lib/python3.12/site-packages/airflow/example_dags/example_params_trigger_ui.py took 0.114 seconds
[2024-08-16T13:46:40.846+0000] {processor.py:186} INFO - Started process (PID=15988) to work on /home/airflow/.local/lib/python3.12/site-packages/airflow/example_dags/example_params_trigger_ui.py
[2024-08-16T13:46:40.848+0000] {processor.py:914} INFO - Processing file /home/airflow/.local/lib/python3.12/site-packages/airflow/example_dags/example_params_trigger_ui.py for tasks to queue
[2024-08-16T13:46:40.851+0000] {logging_mixin.py:190} INFO - [2024-08-16T13:46:40.851+0000] {dagbag.py:587} INFO - Filling up the DagBag from /home/airflow/.local/lib/python3.12/site-packages/airflow/example_dags/example_params_trigger_ui.py
[2024-08-16T13:46:40.877+0000] {processor.py:925} INFO - DAG(s) 'example_params_trigger_ui' retrieved from /home/airflow/.local/lib/python3.12/site-packages/airflow/example_dags/example_params_trigger_ui.py
[2024-08-16T13:46:40.957+0000] {logging_mixin.py:190} INFO - [2024-08-16T13:46:40.957+0000] {dag.py:3211} INFO - Sync 1 DAGs
[2024-08-16T13:46:40.984+0000] {logging_mixin.py:190} INFO - [2024-08-16T13:46:40.984+0000] {dag.py:4138} INFO - Setting next_dagrun for example_params_trigger_ui to None, run_after=None
[2024-08-16T13:46:41.012+0000] {processor.py:208} INFO - Processing /home/airflow/.local/lib/python3.12/site-packages/airflow/example_dags/example_params_trigger_ui.py took 0.179 seconds
[2024-08-16T13:47:11.127+0000] {processor.py:186} INFO - Started process (PID=16276) to work on /home/airflow/.local/lib/python3.12/site-packages/airflow/example_dags/example_params_trigger_ui.py
[2024-08-16T13:47:11.128+0000] {processor.py:914} INFO - Processing file /home/airflow/.local/lib/python3.12/site-packages/airflow/example_dags/example_params_trigger_ui.py for tasks to queue
[2024-08-16T13:47:11.130+0000] {logging_mixin.py:190} INFO - [2024-08-16T13:47:11.130+0000] {dagbag.py:587} INFO - Filling up the DagBag from /home/airflow/.local/lib/python3.12/site-packages/airflow/example_dags/example_params_trigger_ui.py
[2024-08-16T13:47:11.143+0000] {processor.py:925} INFO - DAG(s) 'example_params_trigger_ui' retrieved from /home/airflow/.local/lib/python3.12/site-packages/airflow/example_dags/example_params_trigger_ui.py
[2024-08-16T13:47:11.195+0000] {logging_mixin.py:190} INFO - [2024-08-16T13:47:11.195+0000] {dag.py:3211} INFO - Sync 1 DAGs
[2024-08-16T13:47:11.213+0000] {logging_mixin.py:190} INFO - [2024-08-16T13:47:11.213+0000] {dag.py:4138} INFO - Setting next_dagrun for example_params_trigger_ui to None, run_after=None
[2024-08-16T13:47:11.236+0000] {processor.py:208} INFO - Processing /home/airflow/.local/lib/python3.12/site-packages/airflow/example_dags/example_params_trigger_ui.py took 0.115 seconds
[2024-08-16T13:47:41.657+0000] {processor.py:186} INFO - Started process (PID=16560) to work on /home/airflow/.local/lib/python3.12/site-packages/airflow/example_dags/example_params_trigger_ui.py
[2024-08-16T13:47:41.657+0000] {processor.py:914} INFO - Processing file /home/airflow/.local/lib/python3.12/site-packages/airflow/example_dags/example_params_trigger_ui.py for tasks to queue
[2024-08-16T13:47:41.660+0000] {logging_mixin.py:190} INFO - [2024-08-16T13:47:41.659+0000] {dagbag.py:587} INFO - Filling up the DagBag from /home/airflow/.local/lib/python3.12/site-packages/airflow/example_dags/example_params_trigger_ui.py
[2024-08-16T13:47:41.672+0000] {processor.py:925} INFO - DAG(s) 'example_params_trigger_ui' retrieved from /home/airflow/.local/lib/python3.12/site-packages/airflow/example_dags/example_params_trigger_ui.py
[2024-08-16T13:47:41.727+0000] {logging_mixin.py:190} INFO - [2024-08-16T13:47:41.727+0000] {dag.py:3211} INFO - Sync 1 DAGs
[2024-08-16T13:47:41.749+0000] {logging_mixin.py:190} INFO - [2024-08-16T13:47:41.749+0000] {dag.py:4138} INFO - Setting next_dagrun for example_params_trigger_ui to None, run_after=None
[2024-08-16T13:47:41.836+0000] {processor.py:208} INFO - Processing /home/airflow/.local/lib/python3.12/site-packages/airflow/example_dags/example_params_trigger_ui.py took 0.187 seconds
[2024-08-16T13:48:12.791+0000] {processor.py:186} INFO - Started process (PID=16847) to work on /home/airflow/.local/lib/python3.12/site-packages/airflow/example_dags/example_params_trigger_ui.py
[2024-08-16T13:48:12.793+0000] {processor.py:914} INFO - Processing file /home/airflow/.local/lib/python3.12/site-packages/airflow/example_dags/example_params_trigger_ui.py for tasks to queue
[2024-08-16T13:48:12.796+0000] {logging_mixin.py:190} INFO - [2024-08-16T13:48:12.796+0000] {dagbag.py:587} INFO - Filling up the DagBag from /home/airflow/.local/lib/python3.12/site-packages/airflow/example_dags/example_params_trigger_ui.py
[2024-08-16T13:48:12.812+0000] {processor.py:925} INFO - DAG(s) 'example_params_trigger_ui' retrieved from /home/airflow/.local/lib/python3.12/site-packages/airflow/example_dags/example_params_trigger_ui.py
[2024-08-16T13:48:12.865+0000] {logging_mixin.py:190} INFO - [2024-08-16T13:48:12.865+0000] {dag.py:3211} INFO - Sync 1 DAGs
[2024-08-16T13:48:12.885+0000] {logging_mixin.py:190} INFO - [2024-08-16T13:48:12.884+0000] {dag.py:4138} INFO - Setting next_dagrun for example_params_trigger_ui to None, run_after=None
[2024-08-16T13:48:12.921+0000] {processor.py:208} INFO - Processing /home/airflow/.local/lib/python3.12/site-packages/airflow/example_dags/example_params_trigger_ui.py took 0.138 seconds
[2024-08-16T13:48:43.785+0000] {processor.py:186} INFO - Started process (PID=17133) to work on /home/airflow/.local/lib/python3.12/site-packages/airflow/example_dags/example_params_trigger_ui.py
[2024-08-16T13:48:43.786+0000] {processor.py:914} INFO - Processing file /home/airflow/.local/lib/python3.12/site-packages/airflow/example_dags/example_params_trigger_ui.py for tasks to queue
[2024-08-16T13:48:43.789+0000] {logging_mixin.py:190} INFO - [2024-08-16T13:48:43.789+0000] {dagbag.py:587} INFO - Filling up the DagBag from /home/airflow/.local/lib/python3.12/site-packages/airflow/example_dags/example_params_trigger_ui.py
[2024-08-16T13:48:43.805+0000] {processor.py:925} INFO - DAG(s) 'example_params_trigger_ui' retrieved from /home/airflow/.local/lib/python3.12/site-packages/airflow/example_dags/example_params_trigger_ui.py
[2024-08-16T13:48:43.871+0000] {logging_mixin.py:190} INFO - [2024-08-16T13:48:43.871+0000] {dag.py:3211} INFO - Sync 1 DAGs
[2024-08-16T13:48:43.893+0000] {logging_mixin.py:190} INFO - [2024-08-16T13:48:43.893+0000] {dag.py:4138} INFO - Setting next_dagrun for example_params_trigger_ui to None, run_after=None
[2024-08-16T13:48:43.937+0000] {processor.py:208} INFO - Processing /home/airflow/.local/lib/python3.12/site-packages/airflow/example_dags/example_params_trigger_ui.py took 0.163 seconds
[2024-08-16T13:49:14.751+0000] {processor.py:186} INFO - Started process (PID=17419) to work on /home/airflow/.local/lib/python3.12/site-packages/airflow/example_dags/example_params_trigger_ui.py
[2024-08-16T13:49:14.752+0000] {processor.py:914} INFO - Processing file /home/airflow/.local/lib/python3.12/site-packages/airflow/example_dags/example_params_trigger_ui.py for tasks to queue
[2024-08-16T13:49:14.755+0000] {logging_mixin.py:190} INFO - [2024-08-16T13:49:14.755+0000] {dagbag.py:587} INFO - Filling up the DagBag from /home/airflow/.local/lib/python3.12/site-packages/airflow/example_dags/example_params_trigger_ui.py
[2024-08-16T13:49:14.772+0000] {processor.py:925} INFO - DAG(s) 'example_params_trigger_ui' retrieved from /home/airflow/.local/lib/python3.12/site-packages/airflow/example_dags/example_params_trigger_ui.py
[2024-08-16T13:49:14.855+0000] {logging_mixin.py:190} INFO - [2024-08-16T13:49:14.855+0000] {dag.py:3211} INFO - Sync 1 DAGs
[2024-08-16T13:49:14.880+0000] {logging_mixin.py:190} INFO - [2024-08-16T13:49:14.879+0000] {dag.py:4138} INFO - Setting next_dagrun for example_params_trigger_ui to None, run_after=None
[2024-08-16T13:49:14.911+0000] {processor.py:208} INFO - Processing /home/airflow/.local/lib/python3.12/site-packages/airflow/example_dags/example_params_trigger_ui.py took 0.172 seconds
[2024-08-16T13:49:46.231+0000] {processor.py:186} INFO - Started process (PID=17705) to work on /home/airflow/.local/lib/python3.12/site-packages/airflow/example_dags/example_params_trigger_ui.py
[2024-08-16T13:49:46.232+0000] {processor.py:914} INFO - Processing file /home/airflow/.local/lib/python3.12/site-packages/airflow/example_dags/example_params_trigger_ui.py for tasks to queue
[2024-08-16T13:49:46.235+0000] {logging_mixin.py:190} INFO - [2024-08-16T13:49:46.235+0000] {dagbag.py:587} INFO - Filling up the DagBag from /home/airflow/.local/lib/python3.12/site-packages/airflow/example_dags/example_params_trigger_ui.py
[2024-08-16T13:49:46.252+0000] {processor.py:925} INFO - DAG(s) 'example_params_trigger_ui' retrieved from /home/airflow/.local/lib/python3.12/site-packages/airflow/example_dags/example_params_trigger_ui.py
[2024-08-16T13:49:46.312+0000] {logging_mixin.py:190} INFO - [2024-08-16T13:49:46.311+0000] {dag.py:3211} INFO - Sync 1 DAGs
[2024-08-16T13:49:46.546+0000] {logging_mixin.py:190} INFO - [2024-08-16T13:49:46.545+0000] {dag.py:4138} INFO - Setting next_dagrun for example_params_trigger_ui to None, run_after=None
[2024-08-16T13:49:46.571+0000] {processor.py:208} INFO - Processing /home/airflow/.local/lib/python3.12/site-packages/airflow/example_dags/example_params_trigger_ui.py took 0.352 seconds
[2024-08-16T13:50:17.402+0000] {processor.py:186} INFO - Started process (PID=17991) to work on /home/airflow/.local/lib/python3.12/site-packages/airflow/example_dags/example_params_trigger_ui.py
[2024-08-16T13:50:17.403+0000] {processor.py:914} INFO - Processing file /home/airflow/.local/lib/python3.12/site-packages/airflow/example_dags/example_params_trigger_ui.py for tasks to queue
[2024-08-16T13:50:17.407+0000] {logging_mixin.py:190} INFO - [2024-08-16T13:50:17.406+0000] {dagbag.py:587} INFO - Filling up the DagBag from /home/airflow/.local/lib/python3.12/site-packages/airflow/example_dags/example_params_trigger_ui.py
[2024-08-16T13:50:17.419+0000] {processor.py:925} INFO - DAG(s) 'example_params_trigger_ui' retrieved from /home/airflow/.local/lib/python3.12/site-packages/airflow/example_dags/example_params_trigger_ui.py
[2024-08-16T13:50:17.485+0000] {logging_mixin.py:190} INFO - [2024-08-16T13:50:17.484+0000] {dag.py:3211} INFO - Sync 1 DAGs
[2024-08-16T13:50:17.503+0000] {logging_mixin.py:190} INFO - [2024-08-16T13:50:17.503+0000] {dag.py:4138} INFO - Setting next_dagrun for example_params_trigger_ui to None, run_after=None
[2024-08-16T13:50:17.706+0000] {processor.py:208} INFO - Processing /home/airflow/.local/lib/python3.12/site-packages/airflow/example_dags/example_params_trigger_ui.py took 0.312 seconds
