[2024-08-16T13:18:45.966+0000] {processor.py:186} INFO - Started process (PID=325) to work on /home/airflow/.local/lib/python3.12/site-packages/airflow/example_dags/example_nested_branch_dag.py
[2024-08-16T13:18:45.967+0000] {processor.py:914} INFO - Processing file /home/airflow/.local/lib/python3.12/site-packages/airflow/example_dags/example_nested_branch_dag.py for tasks to queue
[2024-08-16T13:18:45.972+0000] {logging_mixin.py:190} INFO - [2024-08-16T13:18:45.972+0000] {dagbag.py:587} INFO - Filling up the DagBag from /home/airflow/.local/lib/python3.12/site-packages/airflow/example_dags/example_nested_branch_dag.py
[2024-08-16T13:18:45.994+0000] {processor.py:925} INFO - DAG(s) 'example_nested_branch_dag' retrieved from /home/airflow/.local/lib/python3.12/site-packages/airflow/example_dags/example_nested_branch_dag.py
[2024-08-16T13:18:46.202+0000] {logging_mixin.py:190} INFO - [2024-08-16T13:18:46.201+0000] {override.py:1858} INFO - Created Permission View: can read on DAG:example_nested_branch_dag
[2024-08-16T13:18:46.228+0000] {logging_mixin.py:190} INFO - [2024-08-16T13:18:46.228+0000] {override.py:1858} INFO - Created Permission View: can edit on DAG:example_nested_branch_dag
[2024-08-16T13:18:46.237+0000] {logging_mixin.py:190} INFO - [2024-08-16T13:18:46.236+0000] {override.py:1858} INFO - Created Permission View: can delete on DAG:example_nested_branch_dag
[2024-08-16T13:18:46.237+0000] {logging_mixin.py:190} INFO - [2024-08-16T13:18:46.237+0000] {dag.py:3211} INFO - Sync 1 DAGs
[2024-08-16T13:18:46.252+0000] {logging_mixin.py:190} INFO - [2024-08-16T13:18:46.251+0000] {dag.py:3234} INFO - Creating ORM DAG for example_nested_branch_dag
[2024-08-16T13:18:46.265+0000] {logging_mixin.py:190} INFO - [2024-08-16T13:18:46.264+0000] {dag.py:4138} INFO - Setting next_dagrun for example_nested_branch_dag to 2024-08-15 00:00:00+00:00, run_after=2024-08-16 00:00:00+00:00
[2024-08-16T13:18:46.287+0000] {processor.py:208} INFO - Processing /home/airflow/.local/lib/python3.12/site-packages/airflow/example_dags/example_nested_branch_dag.py took 0.330 seconds
[2024-08-16T13:19:16.635+0000] {processor.py:186} INFO - Started process (PID=613) to work on /home/airflow/.local/lib/python3.12/site-packages/airflow/example_dags/example_nested_branch_dag.py
[2024-08-16T13:19:16.636+0000] {processor.py:914} INFO - Processing file /home/airflow/.local/lib/python3.12/site-packages/airflow/example_dags/example_nested_branch_dag.py for tasks to queue
[2024-08-16T13:19:16.639+0000] {logging_mixin.py:190} INFO - [2024-08-16T13:19:16.638+0000] {dagbag.py:587} INFO - Filling up the DagBag from /home/airflow/.local/lib/python3.12/site-packages/airflow/example_dags/example_nested_branch_dag.py
[2024-08-16T13:19:16.650+0000] {processor.py:925} INFO - DAG(s) 'example_nested_branch_dag' retrieved from /home/airflow/.local/lib/python3.12/site-packages/airflow/example_dags/example_nested_branch_dag.py
[2024-08-16T13:19:16.675+0000] {logging_mixin.py:190} INFO - [2024-08-16T13:19:16.675+0000] {dag.py:3211} INFO - Sync 1 DAGs
[2024-08-16T13:19:16.702+0000] {logging_mixin.py:190} INFO - [2024-08-16T13:19:16.702+0000] {dag.py:4138} INFO - Setting next_dagrun for example_nested_branch_dag to 2024-08-15 00:00:00+00:00, run_after=2024-08-16 00:00:00+00:00
[2024-08-16T13:19:16.729+0000] {processor.py:208} INFO - Processing /home/airflow/.local/lib/python3.12/site-packages/airflow/example_dags/example_nested_branch_dag.py took 0.100 seconds
[2024-08-16T13:19:47.153+0000] {processor.py:186} INFO - Started process (PID=899) to work on /home/airflow/.local/lib/python3.12/site-packages/airflow/example_dags/example_nested_branch_dag.py
[2024-08-16T13:19:47.154+0000] {processor.py:914} INFO - Processing file /home/airflow/.local/lib/python3.12/site-packages/airflow/example_dags/example_nested_branch_dag.py for tasks to queue
[2024-08-16T13:19:47.156+0000] {logging_mixin.py:190} INFO - [2024-08-16T13:19:47.156+0000] {dagbag.py:587} INFO - Filling up the DagBag from /home/airflow/.local/lib/python3.12/site-packages/airflow/example_dags/example_nested_branch_dag.py
[2024-08-16T13:19:47.170+0000] {processor.py:925} INFO - DAG(s) 'example_nested_branch_dag' retrieved from /home/airflow/.local/lib/python3.12/site-packages/airflow/example_dags/example_nested_branch_dag.py
[2024-08-16T13:19:47.196+0000] {logging_mixin.py:190} INFO - [2024-08-16T13:19:47.196+0000] {dag.py:3211} INFO - Sync 1 DAGs
[2024-08-16T13:19:47.223+0000] {logging_mixin.py:190} INFO - [2024-08-16T13:19:47.223+0000] {dag.py:4138} INFO - Setting next_dagrun for example_nested_branch_dag to 2024-08-15 00:00:00+00:00, run_after=2024-08-16 00:00:00+00:00
[2024-08-16T13:19:47.255+0000] {processor.py:208} INFO - Processing /home/airflow/.local/lib/python3.12/site-packages/airflow/example_dags/example_nested_branch_dag.py took 0.112 seconds
[2024-08-16T13:20:18.003+0000] {processor.py:186} INFO - Started process (PID=1185) to work on /home/airflow/.local/lib/python3.12/site-packages/airflow/example_dags/example_nested_branch_dag.py
[2024-08-16T13:20:18.004+0000] {processor.py:914} INFO - Processing file /home/airflow/.local/lib/python3.12/site-packages/airflow/example_dags/example_nested_branch_dag.py for tasks to queue
[2024-08-16T13:20:18.006+0000] {logging_mixin.py:190} INFO - [2024-08-16T13:20:18.006+0000] {dagbag.py:587} INFO - Filling up the DagBag from /home/airflow/.local/lib/python3.12/site-packages/airflow/example_dags/example_nested_branch_dag.py
[2024-08-16T13:20:18.019+0000] {processor.py:925} INFO - DAG(s) 'example_nested_branch_dag' retrieved from /home/airflow/.local/lib/python3.12/site-packages/airflow/example_dags/example_nested_branch_dag.py
[2024-08-16T13:20:18.042+0000] {logging_mixin.py:190} INFO - [2024-08-16T13:20:18.042+0000] {dag.py:3211} INFO - Sync 1 DAGs
[2024-08-16T13:20:18.067+0000] {logging_mixin.py:190} INFO - [2024-08-16T13:20:18.067+0000] {dag.py:4138} INFO - Setting next_dagrun for example_nested_branch_dag to 2024-08-15 00:00:00+00:00, run_after=2024-08-16 00:00:00+00:00
[2024-08-16T13:20:18.084+0000] {processor.py:208} INFO - Processing /home/airflow/.local/lib/python3.12/site-packages/airflow/example_dags/example_nested_branch_dag.py took 0.087 seconds
[2024-08-16T13:20:48.357+0000] {processor.py:186} INFO - Started process (PID=1471) to work on /home/airflow/.local/lib/python3.12/site-packages/airflow/example_dags/example_nested_branch_dag.py
[2024-08-16T13:20:48.359+0000] {processor.py:914} INFO - Processing file /home/airflow/.local/lib/python3.12/site-packages/airflow/example_dags/example_nested_branch_dag.py for tasks to queue
[2024-08-16T13:20:48.362+0000] {logging_mixin.py:190} INFO - [2024-08-16T13:20:48.362+0000] {dagbag.py:587} INFO - Filling up the DagBag from /home/airflow/.local/lib/python3.12/site-packages/airflow/example_dags/example_nested_branch_dag.py
[2024-08-16T13:20:48.374+0000] {processor.py:925} INFO - DAG(s) 'example_nested_branch_dag' retrieved from /home/airflow/.local/lib/python3.12/site-packages/airflow/example_dags/example_nested_branch_dag.py
[2024-08-16T13:20:48.398+0000] {logging_mixin.py:190} INFO - [2024-08-16T13:20:48.397+0000] {dag.py:3211} INFO - Sync 1 DAGs
[2024-08-16T13:20:48.425+0000] {logging_mixin.py:190} INFO - [2024-08-16T13:20:48.424+0000] {dag.py:4138} INFO - Setting next_dagrun for example_nested_branch_dag to 2024-08-15 00:00:00+00:00, run_after=2024-08-16 00:00:00+00:00
[2024-08-16T13:20:48.459+0000] {processor.py:208} INFO - Processing /home/airflow/.local/lib/python3.12/site-packages/airflow/example_dags/example_nested_branch_dag.py took 0.109 seconds
[2024-08-16T13:21:18.871+0000] {processor.py:186} INFO - Started process (PID=1757) to work on /home/airflow/.local/lib/python3.12/site-packages/airflow/example_dags/example_nested_branch_dag.py
[2024-08-16T13:21:18.872+0000] {processor.py:914} INFO - Processing file /home/airflow/.local/lib/python3.12/site-packages/airflow/example_dags/example_nested_branch_dag.py for tasks to queue
[2024-08-16T13:21:18.875+0000] {logging_mixin.py:190} INFO - [2024-08-16T13:21:18.875+0000] {dagbag.py:587} INFO - Filling up the DagBag from /home/airflow/.local/lib/python3.12/site-packages/airflow/example_dags/example_nested_branch_dag.py
[2024-08-16T13:21:18.887+0000] {processor.py:925} INFO - DAG(s) 'example_nested_branch_dag' retrieved from /home/airflow/.local/lib/python3.12/site-packages/airflow/example_dags/example_nested_branch_dag.py
[2024-08-16T13:21:18.912+0000] {logging_mixin.py:190} INFO - [2024-08-16T13:21:18.911+0000] {dag.py:3211} INFO - Sync 1 DAGs
[2024-08-16T13:21:18.936+0000] {logging_mixin.py:190} INFO - [2024-08-16T13:21:18.936+0000] {dag.py:4138} INFO - Setting next_dagrun for example_nested_branch_dag to 2024-08-15 00:00:00+00:00, run_after=2024-08-16 00:00:00+00:00
[2024-08-16T13:21:18.955+0000] {processor.py:208} INFO - Processing /home/airflow/.local/lib/python3.12/site-packages/airflow/example_dags/example_nested_branch_dag.py took 0.090 seconds
[2024-08-16T13:21:49.070+0000] {processor.py:186} INFO - Started process (PID=2043) to work on /home/airflow/.local/lib/python3.12/site-packages/airflow/example_dags/example_nested_branch_dag.py
[2024-08-16T13:21:49.072+0000] {processor.py:914} INFO - Processing file /home/airflow/.local/lib/python3.12/site-packages/airflow/example_dags/example_nested_branch_dag.py for tasks to queue
[2024-08-16T13:21:49.075+0000] {logging_mixin.py:190} INFO - [2024-08-16T13:21:49.074+0000] {dagbag.py:587} INFO - Filling up the DagBag from /home/airflow/.local/lib/python3.12/site-packages/airflow/example_dags/example_nested_branch_dag.py
[2024-08-16T13:21:49.086+0000] {processor.py:925} INFO - DAG(s) 'example_nested_branch_dag' retrieved from /home/airflow/.local/lib/python3.12/site-packages/airflow/example_dags/example_nested_branch_dag.py
[2024-08-16T13:21:49.110+0000] {logging_mixin.py:190} INFO - [2024-08-16T13:21:49.110+0000] {dag.py:3211} INFO - Sync 1 DAGs
[2024-08-16T13:21:49.135+0000] {logging_mixin.py:190} INFO - [2024-08-16T13:21:49.135+0000] {dag.py:4138} INFO - Setting next_dagrun for example_nested_branch_dag to 2024-08-15 00:00:00+00:00, run_after=2024-08-16 00:00:00+00:00
[2024-08-16T13:21:49.154+0000] {processor.py:208} INFO - Processing /home/airflow/.local/lib/python3.12/site-packages/airflow/example_dags/example_nested_branch_dag.py took 0.090 seconds
[2024-08-16T13:22:19.608+0000] {processor.py:186} INFO - Started process (PID=2329) to work on /home/airflow/.local/lib/python3.12/site-packages/airflow/example_dags/example_nested_branch_dag.py
[2024-08-16T13:22:19.609+0000] {processor.py:914} INFO - Processing file /home/airflow/.local/lib/python3.12/site-packages/airflow/example_dags/example_nested_branch_dag.py for tasks to queue
[2024-08-16T13:22:19.612+0000] {logging_mixin.py:190} INFO - [2024-08-16T13:22:19.611+0000] {dagbag.py:587} INFO - Filling up the DagBag from /home/airflow/.local/lib/python3.12/site-packages/airflow/example_dags/example_nested_branch_dag.py
[2024-08-16T13:22:19.623+0000] {processor.py:925} INFO - DAG(s) 'example_nested_branch_dag' retrieved from /home/airflow/.local/lib/python3.12/site-packages/airflow/example_dags/example_nested_branch_dag.py
[2024-08-16T13:22:19.647+0000] {logging_mixin.py:190} INFO - [2024-08-16T13:22:19.647+0000] {dag.py:3211} INFO - Sync 1 DAGs
[2024-08-16T13:22:19.673+0000] {logging_mixin.py:190} INFO - [2024-08-16T13:22:19.673+0000] {dag.py:4138} INFO - Setting next_dagrun for example_nested_branch_dag to 2024-08-15 00:00:00+00:00, run_after=2024-08-16 00:00:00+00:00
[2024-08-16T13:22:19.693+0000] {processor.py:208} INFO - Processing /home/airflow/.local/lib/python3.12/site-packages/airflow/example_dags/example_nested_branch_dag.py took 0.091 seconds
[2024-08-16T13:22:49.960+0000] {processor.py:186} INFO - Started process (PID=2615) to work on /home/airflow/.local/lib/python3.12/site-packages/airflow/example_dags/example_nested_branch_dag.py
[2024-08-16T13:22:49.961+0000] {processor.py:914} INFO - Processing file /home/airflow/.local/lib/python3.12/site-packages/airflow/example_dags/example_nested_branch_dag.py for tasks to queue
[2024-08-16T13:22:49.963+0000] {logging_mixin.py:190} INFO - [2024-08-16T13:22:49.963+0000] {dagbag.py:587} INFO - Filling up the DagBag from /home/airflow/.local/lib/python3.12/site-packages/airflow/example_dags/example_nested_branch_dag.py
[2024-08-16T13:22:49.976+0000] {processor.py:925} INFO - DAG(s) 'example_nested_branch_dag' retrieved from /home/airflow/.local/lib/python3.12/site-packages/airflow/example_dags/example_nested_branch_dag.py
[2024-08-16T13:22:50.004+0000] {logging_mixin.py:190} INFO - [2024-08-16T13:22:50.003+0000] {dag.py:3211} INFO - Sync 1 DAGs
[2024-08-16T13:22:50.031+0000] {logging_mixin.py:190} INFO - [2024-08-16T13:22:50.031+0000] {dag.py:4138} INFO - Setting next_dagrun for example_nested_branch_dag to 2024-08-15 00:00:00+00:00, run_after=2024-08-16 00:00:00+00:00
[2024-08-16T13:22:50.053+0000] {processor.py:208} INFO - Processing /home/airflow/.local/lib/python3.12/site-packages/airflow/example_dags/example_nested_branch_dag.py took 0.100 seconds
[2024-08-16T13:23:20.274+0000] {processor.py:186} INFO - Started process (PID=2901) to work on /home/airflow/.local/lib/python3.12/site-packages/airflow/example_dags/example_nested_branch_dag.py
[2024-08-16T13:23:20.275+0000] {processor.py:914} INFO - Processing file /home/airflow/.local/lib/python3.12/site-packages/airflow/example_dags/example_nested_branch_dag.py for tasks to queue
[2024-08-16T13:23:20.279+0000] {logging_mixin.py:190} INFO - [2024-08-16T13:23:20.278+0000] {dagbag.py:587} INFO - Filling up the DagBag from /home/airflow/.local/lib/python3.12/site-packages/airflow/example_dags/example_nested_branch_dag.py
[2024-08-16T13:23:20.294+0000] {processor.py:925} INFO - DAG(s) 'example_nested_branch_dag' retrieved from /home/airflow/.local/lib/python3.12/site-packages/airflow/example_dags/example_nested_branch_dag.py
[2024-08-16T13:23:20.318+0000] {logging_mixin.py:190} INFO - [2024-08-16T13:23:20.317+0000] {dag.py:3211} INFO - Sync 1 DAGs
[2024-08-16T13:23:20.343+0000] {logging_mixin.py:190} INFO - [2024-08-16T13:23:20.343+0000] {dag.py:4138} INFO - Setting next_dagrun for example_nested_branch_dag to 2024-08-15 00:00:00+00:00, run_after=2024-08-16 00:00:00+00:00
[2024-08-16T13:23:20.362+0000] {processor.py:208} INFO - Processing /home/airflow/.local/lib/python3.12/site-packages/airflow/example_dags/example_nested_branch_dag.py took 0.099 seconds
[2024-08-16T13:23:50.587+0000] {processor.py:186} INFO - Started process (PID=3187) to work on /home/airflow/.local/lib/python3.12/site-packages/airflow/example_dags/example_nested_branch_dag.py
[2024-08-16T13:23:50.588+0000] {processor.py:914} INFO - Processing file /home/airflow/.local/lib/python3.12/site-packages/airflow/example_dags/example_nested_branch_dag.py for tasks to queue
[2024-08-16T13:23:50.591+0000] {logging_mixin.py:190} INFO - [2024-08-16T13:23:50.590+0000] {dagbag.py:587} INFO - Filling up the DagBag from /home/airflow/.local/lib/python3.12/site-packages/airflow/example_dags/example_nested_branch_dag.py
[2024-08-16T13:23:50.605+0000] {processor.py:925} INFO - DAG(s) 'example_nested_branch_dag' retrieved from /home/airflow/.local/lib/python3.12/site-packages/airflow/example_dags/example_nested_branch_dag.py
[2024-08-16T13:23:50.629+0000] {logging_mixin.py:190} INFO - [2024-08-16T13:23:50.628+0000] {dag.py:3211} INFO - Sync 1 DAGs
[2024-08-16T13:23:50.656+0000] {logging_mixin.py:190} INFO - [2024-08-16T13:23:50.655+0000] {dag.py:4138} INFO - Setting next_dagrun for example_nested_branch_dag to 2024-08-15 00:00:00+00:00, run_after=2024-08-16 00:00:00+00:00
[2024-08-16T13:23:50.675+0000] {processor.py:208} INFO - Processing /home/airflow/.local/lib/python3.12/site-packages/airflow/example_dags/example_nested_branch_dag.py took 0.095 seconds
[2024-08-16T13:24:20.869+0000] {processor.py:186} INFO - Started process (PID=3473) to work on /home/airflow/.local/lib/python3.12/site-packages/airflow/example_dags/example_nested_branch_dag.py
[2024-08-16T13:24:20.871+0000] {processor.py:914} INFO - Processing file /home/airflow/.local/lib/python3.12/site-packages/airflow/example_dags/example_nested_branch_dag.py for tasks to queue
[2024-08-16T13:24:20.873+0000] {logging_mixin.py:190} INFO - [2024-08-16T13:24:20.873+0000] {dagbag.py:587} INFO - Filling up the DagBag from /home/airflow/.local/lib/python3.12/site-packages/airflow/example_dags/example_nested_branch_dag.py
[2024-08-16T13:24:20.885+0000] {processor.py:925} INFO - DAG(s) 'example_nested_branch_dag' retrieved from /home/airflow/.local/lib/python3.12/site-packages/airflow/example_dags/example_nested_branch_dag.py
[2024-08-16T13:24:20.909+0000] {logging_mixin.py:190} INFO - [2024-08-16T13:24:20.909+0000] {dag.py:3211} INFO - Sync 1 DAGs
[2024-08-16T13:24:20.935+0000] {logging_mixin.py:190} INFO - [2024-08-16T13:24:20.935+0000] {dag.py:4138} INFO - Setting next_dagrun for example_nested_branch_dag to 2024-08-15 00:00:00+00:00, run_after=2024-08-16 00:00:00+00:00
[2024-08-16T13:24:20.955+0000] {processor.py:208} INFO - Processing /home/airflow/.local/lib/python3.12/site-packages/airflow/example_dags/example_nested_branch_dag.py took 0.092 seconds
[2024-08-16T13:24:51.270+0000] {processor.py:186} INFO - Started process (PID=3759) to work on /home/airflow/.local/lib/python3.12/site-packages/airflow/example_dags/example_nested_branch_dag.py
[2024-08-16T13:24:51.271+0000] {processor.py:914} INFO - Processing file /home/airflow/.local/lib/python3.12/site-packages/airflow/example_dags/example_nested_branch_dag.py for tasks to queue
[2024-08-16T13:24:51.274+0000] {logging_mixin.py:190} INFO - [2024-08-16T13:24:51.274+0000] {dagbag.py:587} INFO - Filling up the DagBag from /home/airflow/.local/lib/python3.12/site-packages/airflow/example_dags/example_nested_branch_dag.py
[2024-08-16T13:24:51.286+0000] {processor.py:925} INFO - DAG(s) 'example_nested_branch_dag' retrieved from /home/airflow/.local/lib/python3.12/site-packages/airflow/example_dags/example_nested_branch_dag.py
[2024-08-16T13:24:51.309+0000] {logging_mixin.py:190} INFO - [2024-08-16T13:24:51.309+0000] {dag.py:3211} INFO - Sync 1 DAGs
[2024-08-16T13:24:51.334+0000] {logging_mixin.py:190} INFO - [2024-08-16T13:24:51.333+0000] {dag.py:4138} INFO - Setting next_dagrun for example_nested_branch_dag to 2024-08-15 00:00:00+00:00, run_after=2024-08-16 00:00:00+00:00
[2024-08-16T13:24:51.351+0000] {processor.py:208} INFO - Processing /home/airflow/.local/lib/python3.12/site-packages/airflow/example_dags/example_nested_branch_dag.py took 0.087 seconds
[2024-08-16T13:25:21.543+0000] {processor.py:186} INFO - Started process (PID=4045) to work on /home/airflow/.local/lib/python3.12/site-packages/airflow/example_dags/example_nested_branch_dag.py
[2024-08-16T13:25:21.545+0000] {processor.py:914} INFO - Processing file /home/airflow/.local/lib/python3.12/site-packages/airflow/example_dags/example_nested_branch_dag.py for tasks to queue
[2024-08-16T13:25:21.548+0000] {logging_mixin.py:190} INFO - [2024-08-16T13:25:21.547+0000] {dagbag.py:587} INFO - Filling up the DagBag from /home/airflow/.local/lib/python3.12/site-packages/airflow/example_dags/example_nested_branch_dag.py
[2024-08-16T13:25:21.562+0000] {processor.py:925} INFO - DAG(s) 'example_nested_branch_dag' retrieved from /home/airflow/.local/lib/python3.12/site-packages/airflow/example_dags/example_nested_branch_dag.py
[2024-08-16T13:25:21.586+0000] {logging_mixin.py:190} INFO - [2024-08-16T13:25:21.585+0000] {dag.py:3211} INFO - Sync 1 DAGs
[2024-08-16T13:25:21.611+0000] {logging_mixin.py:190} INFO - [2024-08-16T13:25:21.611+0000] {dag.py:4138} INFO - Setting next_dagrun for example_nested_branch_dag to 2024-08-15 00:00:00+00:00, run_after=2024-08-16 00:00:00+00:00
[2024-08-16T13:25:21.630+0000] {processor.py:208} INFO - Processing /home/airflow/.local/lib/python3.12/site-packages/airflow/example_dags/example_nested_branch_dag.py took 0.095 seconds
[2024-08-16T13:25:52.039+0000] {processor.py:186} INFO - Started process (PID=4331) to work on /home/airflow/.local/lib/python3.12/site-packages/airflow/example_dags/example_nested_branch_dag.py
[2024-08-16T13:25:52.040+0000] {processor.py:914} INFO - Processing file /home/airflow/.local/lib/python3.12/site-packages/airflow/example_dags/example_nested_branch_dag.py for tasks to queue
[2024-08-16T13:25:52.043+0000] {logging_mixin.py:190} INFO - [2024-08-16T13:25:52.043+0000] {dagbag.py:587} INFO - Filling up the DagBag from /home/airflow/.local/lib/python3.12/site-packages/airflow/example_dags/example_nested_branch_dag.py
[2024-08-16T13:25:52.057+0000] {processor.py:925} INFO - DAG(s) 'example_nested_branch_dag' retrieved from /home/airflow/.local/lib/python3.12/site-packages/airflow/example_dags/example_nested_branch_dag.py
[2024-08-16T13:25:52.080+0000] {logging_mixin.py:190} INFO - [2024-08-16T13:25:52.080+0000] {dag.py:3211} INFO - Sync 1 DAGs
[2024-08-16T13:25:52.105+0000] {logging_mixin.py:190} INFO - [2024-08-16T13:25:52.104+0000] {dag.py:4138} INFO - Setting next_dagrun for example_nested_branch_dag to 2024-08-15 00:00:00+00:00, run_after=2024-08-16 00:00:00+00:00
[2024-08-16T13:25:52.123+0000] {processor.py:208} INFO - Processing /home/airflow/.local/lib/python3.12/site-packages/airflow/example_dags/example_nested_branch_dag.py took 0.091 seconds
[2024-08-16T13:26:22.394+0000] {processor.py:186} INFO - Started process (PID=4617) to work on /home/airflow/.local/lib/python3.12/site-packages/airflow/example_dags/example_nested_branch_dag.py
[2024-08-16T13:26:22.395+0000] {processor.py:914} INFO - Processing file /home/airflow/.local/lib/python3.12/site-packages/airflow/example_dags/example_nested_branch_dag.py for tasks to queue
[2024-08-16T13:26:22.398+0000] {logging_mixin.py:190} INFO - [2024-08-16T13:26:22.397+0000] {dagbag.py:587} INFO - Filling up the DagBag from /home/airflow/.local/lib/python3.12/site-packages/airflow/example_dags/example_nested_branch_dag.py
[2024-08-16T13:26:22.410+0000] {processor.py:925} INFO - DAG(s) 'example_nested_branch_dag' retrieved from /home/airflow/.local/lib/python3.12/site-packages/airflow/example_dags/example_nested_branch_dag.py
[2024-08-16T13:26:22.434+0000] {logging_mixin.py:190} INFO - [2024-08-16T13:26:22.434+0000] {dag.py:3211} INFO - Sync 1 DAGs
[2024-08-16T13:26:22.461+0000] {logging_mixin.py:190} INFO - [2024-08-16T13:26:22.460+0000] {dag.py:4138} INFO - Setting next_dagrun for example_nested_branch_dag to 2024-08-15 00:00:00+00:00, run_after=2024-08-16 00:00:00+00:00
[2024-08-16T13:26:22.479+0000] {processor.py:208} INFO - Processing /home/airflow/.local/lib/python3.12/site-packages/airflow/example_dags/example_nested_branch_dag.py took 0.091 seconds
[2024-08-16T13:26:53.017+0000] {processor.py:186} INFO - Started process (PID=4903) to work on /home/airflow/.local/lib/python3.12/site-packages/airflow/example_dags/example_nested_branch_dag.py
[2024-08-16T13:26:53.018+0000] {processor.py:914} INFO - Processing file /home/airflow/.local/lib/python3.12/site-packages/airflow/example_dags/example_nested_branch_dag.py for tasks to queue
[2024-08-16T13:26:53.020+0000] {logging_mixin.py:190} INFO - [2024-08-16T13:26:53.020+0000] {dagbag.py:587} INFO - Filling up the DagBag from /home/airflow/.local/lib/python3.12/site-packages/airflow/example_dags/example_nested_branch_dag.py
[2024-08-16T13:26:53.032+0000] {processor.py:925} INFO - DAG(s) 'example_nested_branch_dag' retrieved from /home/airflow/.local/lib/python3.12/site-packages/airflow/example_dags/example_nested_branch_dag.py
[2024-08-16T13:26:53.057+0000] {logging_mixin.py:190} INFO - [2024-08-16T13:26:53.056+0000] {dag.py:3211} INFO - Sync 1 DAGs
[2024-08-16T13:26:53.082+0000] {logging_mixin.py:190} INFO - [2024-08-16T13:26:53.082+0000] {dag.py:4138} INFO - Setting next_dagrun for example_nested_branch_dag to 2024-08-15 00:00:00+00:00, run_after=2024-08-16 00:00:00+00:00
[2024-08-16T13:26:53.100+0000] {processor.py:208} INFO - Processing /home/airflow/.local/lib/python3.12/site-packages/airflow/example_dags/example_nested_branch_dag.py took 0.090 seconds
[2024-08-16T13:27:23.388+0000] {processor.py:186} INFO - Started process (PID=5188) to work on /home/airflow/.local/lib/python3.12/site-packages/airflow/example_dags/example_nested_branch_dag.py
[2024-08-16T13:27:23.389+0000] {processor.py:914} INFO - Processing file /home/airflow/.local/lib/python3.12/site-packages/airflow/example_dags/example_nested_branch_dag.py for tasks to queue
[2024-08-16T13:27:23.391+0000] {logging_mixin.py:190} INFO - [2024-08-16T13:27:23.391+0000] {dagbag.py:587} INFO - Filling up the DagBag from /home/airflow/.local/lib/python3.12/site-packages/airflow/example_dags/example_nested_branch_dag.py
[2024-08-16T13:27:23.403+0000] {processor.py:925} INFO - DAG(s) 'example_nested_branch_dag' retrieved from /home/airflow/.local/lib/python3.12/site-packages/airflow/example_dags/example_nested_branch_dag.py
[2024-08-16T13:27:23.426+0000] {logging_mixin.py:190} INFO - [2024-08-16T13:27:23.426+0000] {dag.py:3211} INFO - Sync 1 DAGs
[2024-08-16T13:27:23.454+0000] {logging_mixin.py:190} INFO - [2024-08-16T13:27:23.453+0000] {dag.py:4138} INFO - Setting next_dagrun for example_nested_branch_dag to 2024-08-15 00:00:00+00:00, run_after=2024-08-16 00:00:00+00:00
[2024-08-16T13:27:23.477+0000] {processor.py:208} INFO - Processing /home/airflow/.local/lib/python3.12/site-packages/airflow/example_dags/example_nested_branch_dag.py took 0.095 seconds
[2024-08-16T13:27:53.891+0000] {processor.py:186} INFO - Started process (PID=5476) to work on /home/airflow/.local/lib/python3.12/site-packages/airflow/example_dags/example_nested_branch_dag.py
[2024-08-16T13:27:53.892+0000] {processor.py:914} INFO - Processing file /home/airflow/.local/lib/python3.12/site-packages/airflow/example_dags/example_nested_branch_dag.py for tasks to queue
[2024-08-16T13:27:53.895+0000] {logging_mixin.py:190} INFO - [2024-08-16T13:27:53.895+0000] {dagbag.py:587} INFO - Filling up the DagBag from /home/airflow/.local/lib/python3.12/site-packages/airflow/example_dags/example_nested_branch_dag.py
[2024-08-16T13:27:53.907+0000] {processor.py:925} INFO - DAG(s) 'example_nested_branch_dag' retrieved from /home/airflow/.local/lib/python3.12/site-packages/airflow/example_dags/example_nested_branch_dag.py
[2024-08-16T13:27:53.932+0000] {logging_mixin.py:190} INFO - [2024-08-16T13:27:53.932+0000] {dag.py:3211} INFO - Sync 1 DAGs
[2024-08-16T13:27:53.958+0000] {logging_mixin.py:190} INFO - [2024-08-16T13:27:53.957+0000] {dag.py:4138} INFO - Setting next_dagrun for example_nested_branch_dag to 2024-08-15 00:00:00+00:00, run_after=2024-08-16 00:00:00+00:00
[2024-08-16T13:27:53.980+0000] {processor.py:208} INFO - Processing /home/airflow/.local/lib/python3.12/site-packages/airflow/example_dags/example_nested_branch_dag.py took 0.096 seconds
[2024-08-16T13:28:24.444+0000] {processor.py:186} INFO - Started process (PID=5762) to work on /home/airflow/.local/lib/python3.12/site-packages/airflow/example_dags/example_nested_branch_dag.py
[2024-08-16T13:28:24.445+0000] {processor.py:914} INFO - Processing file /home/airflow/.local/lib/python3.12/site-packages/airflow/example_dags/example_nested_branch_dag.py for tasks to queue
[2024-08-16T13:28:24.447+0000] {logging_mixin.py:190} INFO - [2024-08-16T13:28:24.447+0000] {dagbag.py:587} INFO - Filling up the DagBag from /home/airflow/.local/lib/python3.12/site-packages/airflow/example_dags/example_nested_branch_dag.py
[2024-08-16T13:28:24.460+0000] {processor.py:925} INFO - DAG(s) 'example_nested_branch_dag' retrieved from /home/airflow/.local/lib/python3.12/site-packages/airflow/example_dags/example_nested_branch_dag.py
[2024-08-16T13:28:24.484+0000] {logging_mixin.py:190} INFO - [2024-08-16T13:28:24.484+0000] {dag.py:3211} INFO - Sync 1 DAGs
[2024-08-16T13:28:24.509+0000] {logging_mixin.py:190} INFO - [2024-08-16T13:28:24.509+0000] {dag.py:4138} INFO - Setting next_dagrun for example_nested_branch_dag to 2024-08-15 00:00:00+00:00, run_after=2024-08-16 00:00:00+00:00
[2024-08-16T13:28:24.531+0000] {processor.py:208} INFO - Processing /home/airflow/.local/lib/python3.12/site-packages/airflow/example_dags/example_nested_branch_dag.py took 0.095 seconds
[2024-08-16T13:28:54.814+0000] {processor.py:186} INFO - Started process (PID=6046) to work on /home/airflow/.local/lib/python3.12/site-packages/airflow/example_dags/example_nested_branch_dag.py
[2024-08-16T13:28:54.815+0000] {processor.py:914} INFO - Processing file /home/airflow/.local/lib/python3.12/site-packages/airflow/example_dags/example_nested_branch_dag.py for tasks to queue
[2024-08-16T13:28:54.818+0000] {logging_mixin.py:190} INFO - [2024-08-16T13:28:54.817+0000] {dagbag.py:587} INFO - Filling up the DagBag from /home/airflow/.local/lib/python3.12/site-packages/airflow/example_dags/example_nested_branch_dag.py
[2024-08-16T13:28:54.830+0000] {processor.py:925} INFO - DAG(s) 'example_nested_branch_dag' retrieved from /home/airflow/.local/lib/python3.12/site-packages/airflow/example_dags/example_nested_branch_dag.py
[2024-08-16T13:28:54.856+0000] {logging_mixin.py:190} INFO - [2024-08-16T13:28:54.855+0000] {dag.py:3211} INFO - Sync 1 DAGs
[2024-08-16T13:28:54.883+0000] {logging_mixin.py:190} INFO - [2024-08-16T13:28:54.883+0000] {dag.py:4138} INFO - Setting next_dagrun for example_nested_branch_dag to 2024-08-15 00:00:00+00:00, run_after=2024-08-16 00:00:00+00:00
[2024-08-16T13:28:54.905+0000] {processor.py:208} INFO - Processing /home/airflow/.local/lib/python3.12/site-packages/airflow/example_dags/example_nested_branch_dag.py took 0.097 seconds
[2024-08-16T13:29:25.526+0000] {processor.py:186} INFO - Started process (PID=6334) to work on /home/airflow/.local/lib/python3.12/site-packages/airflow/example_dags/example_nested_branch_dag.py
[2024-08-16T13:29:25.527+0000] {processor.py:914} INFO - Processing file /home/airflow/.local/lib/python3.12/site-packages/airflow/example_dags/example_nested_branch_dag.py for tasks to queue
[2024-08-16T13:29:25.530+0000] {logging_mixin.py:190} INFO - [2024-08-16T13:29:25.529+0000] {dagbag.py:587} INFO - Filling up the DagBag from /home/airflow/.local/lib/python3.12/site-packages/airflow/example_dags/example_nested_branch_dag.py
[2024-08-16T13:29:25.543+0000] {processor.py:925} INFO - DAG(s) 'example_nested_branch_dag' retrieved from /home/airflow/.local/lib/python3.12/site-packages/airflow/example_dags/example_nested_branch_dag.py
[2024-08-16T13:29:25.569+0000] {logging_mixin.py:190} INFO - [2024-08-16T13:29:25.569+0000] {dag.py:3211} INFO - Sync 1 DAGs
[2024-08-16T13:29:25.596+0000] {logging_mixin.py:190} INFO - [2024-08-16T13:29:25.596+0000] {dag.py:4138} INFO - Setting next_dagrun for example_nested_branch_dag to 2024-08-15 00:00:00+00:00, run_after=2024-08-16 00:00:00+00:00
[2024-08-16T13:29:25.622+0000] {processor.py:208} INFO - Processing /home/airflow/.local/lib/python3.12/site-packages/airflow/example_dags/example_nested_branch_dag.py took 0.103 seconds
[2024-08-16T13:29:55.899+0000] {processor.py:186} INFO - Started process (PID=6618) to work on /home/airflow/.local/lib/python3.12/site-packages/airflow/example_dags/example_nested_branch_dag.py
[2024-08-16T13:29:55.900+0000] {processor.py:914} INFO - Processing file /home/airflow/.local/lib/python3.12/site-packages/airflow/example_dags/example_nested_branch_dag.py for tasks to queue
[2024-08-16T13:29:55.903+0000] {logging_mixin.py:190} INFO - [2024-08-16T13:29:55.902+0000] {dagbag.py:587} INFO - Filling up the DagBag from /home/airflow/.local/lib/python3.12/site-packages/airflow/example_dags/example_nested_branch_dag.py
[2024-08-16T13:29:55.918+0000] {processor.py:925} INFO - DAG(s) 'example_nested_branch_dag' retrieved from /home/airflow/.local/lib/python3.12/site-packages/airflow/example_dags/example_nested_branch_dag.py
[2024-08-16T13:29:55.946+0000] {logging_mixin.py:190} INFO - [2024-08-16T13:29:55.945+0000] {dag.py:3211} INFO - Sync 1 DAGs
[2024-08-16T13:29:55.980+0000] {logging_mixin.py:190} INFO - [2024-08-16T13:29:55.980+0000] {dag.py:4138} INFO - Setting next_dagrun for example_nested_branch_dag to 2024-08-15 00:00:00+00:00, run_after=2024-08-16 00:00:00+00:00
[2024-08-16T13:29:56.003+0000] {processor.py:208} INFO - Processing /home/airflow/.local/lib/python3.12/site-packages/airflow/example_dags/example_nested_branch_dag.py took 0.111 seconds
[2024-08-16T13:30:26.356+0000] {processor.py:186} INFO - Started process (PID=6905) to work on /home/airflow/.local/lib/python3.12/site-packages/airflow/example_dags/example_nested_branch_dag.py
[2024-08-16T13:30:26.357+0000] {processor.py:914} INFO - Processing file /home/airflow/.local/lib/python3.12/site-packages/airflow/example_dags/example_nested_branch_dag.py for tasks to queue
[2024-08-16T13:30:26.359+0000] {logging_mixin.py:190} INFO - [2024-08-16T13:30:26.359+0000] {dagbag.py:587} INFO - Filling up the DagBag from /home/airflow/.local/lib/python3.12/site-packages/airflow/example_dags/example_nested_branch_dag.py
[2024-08-16T13:30:26.371+0000] {processor.py:925} INFO - DAG(s) 'example_nested_branch_dag' retrieved from /home/airflow/.local/lib/python3.12/site-packages/airflow/example_dags/example_nested_branch_dag.py
[2024-08-16T13:30:26.394+0000] {logging_mixin.py:190} INFO - [2024-08-16T13:30:26.394+0000] {dag.py:3211} INFO - Sync 1 DAGs
[2024-08-16T13:30:26.423+0000] {logging_mixin.py:190} INFO - [2024-08-16T13:30:26.423+0000] {dag.py:4138} INFO - Setting next_dagrun for example_nested_branch_dag to 2024-08-15 00:00:00+00:00, run_after=2024-08-16 00:00:00+00:00
[2024-08-16T13:30:26.446+0000] {processor.py:208} INFO - Processing /home/airflow/.local/lib/python3.12/site-packages/airflow/example_dags/example_nested_branch_dag.py took 0.096 seconds
[2024-08-16T13:30:57.050+0000] {processor.py:186} INFO - Started process (PID=7191) to work on /home/airflow/.local/lib/python3.12/site-packages/airflow/example_dags/example_nested_branch_dag.py
[2024-08-16T13:30:57.051+0000] {processor.py:914} INFO - Processing file /home/airflow/.local/lib/python3.12/site-packages/airflow/example_dags/example_nested_branch_dag.py for tasks to queue
[2024-08-16T13:30:57.054+0000] {logging_mixin.py:190} INFO - [2024-08-16T13:30:57.053+0000] {dagbag.py:587} INFO - Filling up the DagBag from /home/airflow/.local/lib/python3.12/site-packages/airflow/example_dags/example_nested_branch_dag.py
[2024-08-16T13:30:57.068+0000] {processor.py:925} INFO - DAG(s) 'example_nested_branch_dag' retrieved from /home/airflow/.local/lib/python3.12/site-packages/airflow/example_dags/example_nested_branch_dag.py
[2024-08-16T13:30:57.093+0000] {logging_mixin.py:190} INFO - [2024-08-16T13:30:57.093+0000] {dag.py:3211} INFO - Sync 1 DAGs
[2024-08-16T13:30:57.120+0000] {logging_mixin.py:190} INFO - [2024-08-16T13:30:57.119+0000] {dag.py:4138} INFO - Setting next_dagrun for example_nested_branch_dag to 2024-08-15 00:00:00+00:00, run_after=2024-08-16 00:00:00+00:00
[2024-08-16T13:30:57.141+0000] {processor.py:208} INFO - Processing /home/airflow/.local/lib/python3.12/site-packages/airflow/example_dags/example_nested_branch_dag.py took 0.098 seconds
[2024-08-16T13:31:27.451+0000] {processor.py:186} INFO - Started process (PID=7477) to work on /home/airflow/.local/lib/python3.12/site-packages/airflow/example_dags/example_nested_branch_dag.py
[2024-08-16T13:31:27.452+0000] {processor.py:914} INFO - Processing file /home/airflow/.local/lib/python3.12/site-packages/airflow/example_dags/example_nested_branch_dag.py for tasks to queue
[2024-08-16T13:31:27.455+0000] {logging_mixin.py:190} INFO - [2024-08-16T13:31:27.454+0000] {dagbag.py:587} INFO - Filling up the DagBag from /home/airflow/.local/lib/python3.12/site-packages/airflow/example_dags/example_nested_branch_dag.py
[2024-08-16T13:31:27.468+0000] {processor.py:925} INFO - DAG(s) 'example_nested_branch_dag' retrieved from /home/airflow/.local/lib/python3.12/site-packages/airflow/example_dags/example_nested_branch_dag.py
[2024-08-16T13:31:27.492+0000] {logging_mixin.py:190} INFO - [2024-08-16T13:31:27.492+0000] {dag.py:3211} INFO - Sync 1 DAGs
[2024-08-16T13:31:27.520+0000] {logging_mixin.py:190} INFO - [2024-08-16T13:31:27.520+0000] {dag.py:4138} INFO - Setting next_dagrun for example_nested_branch_dag to 2024-08-15 00:00:00+00:00, run_after=2024-08-16 00:00:00+00:00
[2024-08-16T13:31:27.540+0000] {processor.py:208} INFO - Processing /home/airflow/.local/lib/python3.12/site-packages/airflow/example_dags/example_nested_branch_dag.py took 0.097 seconds
[2024-08-16T13:31:58.042+0000] {processor.py:186} INFO - Started process (PID=7763) to work on /home/airflow/.local/lib/python3.12/site-packages/airflow/example_dags/example_nested_branch_dag.py
[2024-08-16T13:31:58.043+0000] {processor.py:914} INFO - Processing file /home/airflow/.local/lib/python3.12/site-packages/airflow/example_dags/example_nested_branch_dag.py for tasks to queue
[2024-08-16T13:31:58.046+0000] {logging_mixin.py:190} INFO - [2024-08-16T13:31:58.046+0000] {dagbag.py:587} INFO - Filling up the DagBag from /home/airflow/.local/lib/python3.12/site-packages/airflow/example_dags/example_nested_branch_dag.py
[2024-08-16T13:31:58.060+0000] {processor.py:925} INFO - DAG(s) 'example_nested_branch_dag' retrieved from /home/airflow/.local/lib/python3.12/site-packages/airflow/example_dags/example_nested_branch_dag.py
[2024-08-16T13:31:58.088+0000] {logging_mixin.py:190} INFO - [2024-08-16T13:31:58.088+0000] {dag.py:3211} INFO - Sync 1 DAGs
[2024-08-16T13:31:58.115+0000] {logging_mixin.py:190} INFO - [2024-08-16T13:31:58.115+0000] {dag.py:4138} INFO - Setting next_dagrun for example_nested_branch_dag to 2024-08-15 00:00:00+00:00, run_after=2024-08-16 00:00:00+00:00
[2024-08-16T13:31:58.138+0000] {processor.py:208} INFO - Processing /home/airflow/.local/lib/python3.12/site-packages/airflow/example_dags/example_nested_branch_dag.py took 0.103 seconds
[2024-08-16T13:32:28.633+0000] {processor.py:186} INFO - Started process (PID=8049) to work on /home/airflow/.local/lib/python3.12/site-packages/airflow/example_dags/example_nested_branch_dag.py
[2024-08-16T13:32:28.634+0000] {processor.py:914} INFO - Processing file /home/airflow/.local/lib/python3.12/site-packages/airflow/example_dags/example_nested_branch_dag.py for tasks to queue
[2024-08-16T13:32:28.637+0000] {logging_mixin.py:190} INFO - [2024-08-16T13:32:28.636+0000] {dagbag.py:587} INFO - Filling up the DagBag from /home/airflow/.local/lib/python3.12/site-packages/airflow/example_dags/example_nested_branch_dag.py
[2024-08-16T13:32:28.649+0000] {processor.py:925} INFO - DAG(s) 'example_nested_branch_dag' retrieved from /home/airflow/.local/lib/python3.12/site-packages/airflow/example_dags/example_nested_branch_dag.py
[2024-08-16T13:32:28.674+0000] {logging_mixin.py:190} INFO - [2024-08-16T13:32:28.674+0000] {dag.py:3211} INFO - Sync 1 DAGs
[2024-08-16T13:32:28.702+0000] {logging_mixin.py:190} INFO - [2024-08-16T13:32:28.701+0000] {dag.py:4138} INFO - Setting next_dagrun for example_nested_branch_dag to 2024-08-15 00:00:00+00:00, run_after=2024-08-16 00:00:00+00:00
[2024-08-16T13:32:28.719+0000] {processor.py:208} INFO - Processing /home/airflow/.local/lib/python3.12/site-packages/airflow/example_dags/example_nested_branch_dag.py took 0.093 seconds
[2024-08-16T13:32:58.973+0000] {processor.py:186} INFO - Started process (PID=8335) to work on /home/airflow/.local/lib/python3.12/site-packages/airflow/example_dags/example_nested_branch_dag.py
[2024-08-16T13:32:58.975+0000] {processor.py:914} INFO - Processing file /home/airflow/.local/lib/python3.12/site-packages/airflow/example_dags/example_nested_branch_dag.py for tasks to queue
[2024-08-16T13:32:58.978+0000] {logging_mixin.py:190} INFO - [2024-08-16T13:32:58.977+0000] {dagbag.py:587} INFO - Filling up the DagBag from /home/airflow/.local/lib/python3.12/site-packages/airflow/example_dags/example_nested_branch_dag.py
[2024-08-16T13:32:58.995+0000] {processor.py:925} INFO - DAG(s) 'example_nested_branch_dag' retrieved from /home/airflow/.local/lib/python3.12/site-packages/airflow/example_dags/example_nested_branch_dag.py
[2024-08-16T13:32:59.046+0000] {logging_mixin.py:190} INFO - [2024-08-16T13:32:59.046+0000] {dag.py:3211} INFO - Sync 1 DAGs
[2024-08-16T13:32:59.083+0000] {logging_mixin.py:190} INFO - [2024-08-16T13:32:59.082+0000] {dag.py:4138} INFO - Setting next_dagrun for example_nested_branch_dag to 2024-08-15 00:00:00+00:00, run_after=2024-08-16 00:00:00+00:00
[2024-08-16T13:32:59.102+0000] {processor.py:208} INFO - Processing /home/airflow/.local/lib/python3.12/site-packages/airflow/example_dags/example_nested_branch_dag.py took 0.138 seconds
[2024-08-16T13:33:29.379+0000] {processor.py:186} INFO - Started process (PID=8621) to work on /home/airflow/.local/lib/python3.12/site-packages/airflow/example_dags/example_nested_branch_dag.py
[2024-08-16T13:33:29.380+0000] {processor.py:914} INFO - Processing file /home/airflow/.local/lib/python3.12/site-packages/airflow/example_dags/example_nested_branch_dag.py for tasks to queue
[2024-08-16T13:33:29.383+0000] {logging_mixin.py:190} INFO - [2024-08-16T13:33:29.382+0000] {dagbag.py:587} INFO - Filling up the DagBag from /home/airflow/.local/lib/python3.12/site-packages/airflow/example_dags/example_nested_branch_dag.py
[2024-08-16T13:33:29.397+0000] {processor.py:925} INFO - DAG(s) 'example_nested_branch_dag' retrieved from /home/airflow/.local/lib/python3.12/site-packages/airflow/example_dags/example_nested_branch_dag.py
[2024-08-16T13:33:29.421+0000] {logging_mixin.py:190} INFO - [2024-08-16T13:33:29.421+0000] {dag.py:3211} INFO - Sync 1 DAGs
[2024-08-16T13:33:29.450+0000] {logging_mixin.py:190} INFO - [2024-08-16T13:33:29.449+0000] {dag.py:4138} INFO - Setting next_dagrun for example_nested_branch_dag to 2024-08-15 00:00:00+00:00, run_after=2024-08-16 00:00:00+00:00
[2024-08-16T13:33:29.476+0000] {processor.py:208} INFO - Processing /home/airflow/.local/lib/python3.12/site-packages/airflow/example_dags/example_nested_branch_dag.py took 0.104 seconds
[2024-08-16T13:33:59.719+0000] {processor.py:186} INFO - Started process (PID=8907) to work on /home/airflow/.local/lib/python3.12/site-packages/airflow/example_dags/example_nested_branch_dag.py
[2024-08-16T13:33:59.720+0000] {processor.py:914} INFO - Processing file /home/airflow/.local/lib/python3.12/site-packages/airflow/example_dags/example_nested_branch_dag.py for tasks to queue
[2024-08-16T13:33:59.722+0000] {logging_mixin.py:190} INFO - [2024-08-16T13:33:59.722+0000] {dagbag.py:587} INFO - Filling up the DagBag from /home/airflow/.local/lib/python3.12/site-packages/airflow/example_dags/example_nested_branch_dag.py
[2024-08-16T13:33:59.736+0000] {processor.py:925} INFO - DAG(s) 'example_nested_branch_dag' retrieved from /home/airflow/.local/lib/python3.12/site-packages/airflow/example_dags/example_nested_branch_dag.py
[2024-08-16T13:33:59.761+0000] {logging_mixin.py:190} INFO - [2024-08-16T13:33:59.761+0000] {dag.py:3211} INFO - Sync 1 DAGs
[2024-08-16T13:33:59.792+0000] {logging_mixin.py:190} INFO - [2024-08-16T13:33:59.792+0000] {dag.py:4138} INFO - Setting next_dagrun for example_nested_branch_dag to 2024-08-15 00:00:00+00:00, run_after=2024-08-16 00:00:00+00:00
[2024-08-16T13:33:59.813+0000] {processor.py:208} INFO - Processing /home/airflow/.local/lib/python3.12/site-packages/airflow/example_dags/example_nested_branch_dag.py took 0.101 seconds
[2024-08-16T13:34:30.352+0000] {processor.py:186} INFO - Started process (PID=9193) to work on /home/airflow/.local/lib/python3.12/site-packages/airflow/example_dags/example_nested_branch_dag.py
[2024-08-16T13:34:30.353+0000] {processor.py:914} INFO - Processing file /home/airflow/.local/lib/python3.12/site-packages/airflow/example_dags/example_nested_branch_dag.py for tasks to queue
[2024-08-16T13:34:30.355+0000] {logging_mixin.py:190} INFO - [2024-08-16T13:34:30.355+0000] {dagbag.py:587} INFO - Filling up the DagBag from /home/airflow/.local/lib/python3.12/site-packages/airflow/example_dags/example_nested_branch_dag.py
[2024-08-16T13:34:30.371+0000] {processor.py:925} INFO - DAG(s) 'example_nested_branch_dag' retrieved from /home/airflow/.local/lib/python3.12/site-packages/airflow/example_dags/example_nested_branch_dag.py
[2024-08-16T13:34:30.396+0000] {logging_mixin.py:190} INFO - [2024-08-16T13:34:30.396+0000] {dag.py:3211} INFO - Sync 1 DAGs
[2024-08-16T13:34:30.424+0000] {logging_mixin.py:190} INFO - [2024-08-16T13:34:30.424+0000] {dag.py:4138} INFO - Setting next_dagrun for example_nested_branch_dag to 2024-08-15 00:00:00+00:00, run_after=2024-08-16 00:00:00+00:00
[2024-08-16T13:34:30.444+0000] {processor.py:208} INFO - Processing /home/airflow/.local/lib/python3.12/site-packages/airflow/example_dags/example_nested_branch_dag.py took 0.099 seconds
[2024-08-16T13:35:00.731+0000] {processor.py:186} INFO - Started process (PID=9479) to work on /home/airflow/.local/lib/python3.12/site-packages/airflow/example_dags/example_nested_branch_dag.py
[2024-08-16T13:35:00.732+0000] {processor.py:914} INFO - Processing file /home/airflow/.local/lib/python3.12/site-packages/airflow/example_dags/example_nested_branch_dag.py for tasks to queue
[2024-08-16T13:35:00.734+0000] {logging_mixin.py:190} INFO - [2024-08-16T13:35:00.734+0000] {dagbag.py:587} INFO - Filling up the DagBag from /home/airflow/.local/lib/python3.12/site-packages/airflow/example_dags/example_nested_branch_dag.py
[2024-08-16T13:35:00.748+0000] {processor.py:925} INFO - DAG(s) 'example_nested_branch_dag' retrieved from /home/airflow/.local/lib/python3.12/site-packages/airflow/example_dags/example_nested_branch_dag.py
[2024-08-16T13:35:00.774+0000] {logging_mixin.py:190} INFO - [2024-08-16T13:35:00.774+0000] {dag.py:3211} INFO - Sync 1 DAGs
[2024-08-16T13:35:00.805+0000] {logging_mixin.py:190} INFO - [2024-08-16T13:35:00.805+0000] {dag.py:4138} INFO - Setting next_dagrun for example_nested_branch_dag to 2024-08-15 00:00:00+00:00, run_after=2024-08-16 00:00:00+00:00
[2024-08-16T13:35:00.831+0000] {processor.py:208} INFO - Processing /home/airflow/.local/lib/python3.12/site-packages/airflow/example_dags/example_nested_branch_dag.py took 0.109 seconds
[2024-08-16T13:35:31.142+0000] {processor.py:186} INFO - Started process (PID=9765) to work on /home/airflow/.local/lib/python3.12/site-packages/airflow/example_dags/example_nested_branch_dag.py
[2024-08-16T13:35:31.144+0000] {processor.py:914} INFO - Processing file /home/airflow/.local/lib/python3.12/site-packages/airflow/example_dags/example_nested_branch_dag.py for tasks to queue
[2024-08-16T13:35:31.146+0000] {logging_mixin.py:190} INFO - [2024-08-16T13:35:31.146+0000] {dagbag.py:587} INFO - Filling up the DagBag from /home/airflow/.local/lib/python3.12/site-packages/airflow/example_dags/example_nested_branch_dag.py
[2024-08-16T13:35:31.160+0000] {processor.py:925} INFO - DAG(s) 'example_nested_branch_dag' retrieved from /home/airflow/.local/lib/python3.12/site-packages/airflow/example_dags/example_nested_branch_dag.py
[2024-08-16T13:35:31.186+0000] {logging_mixin.py:190} INFO - [2024-08-16T13:35:31.185+0000] {dag.py:3211} INFO - Sync 1 DAGs
[2024-08-16T13:35:31.216+0000] {logging_mixin.py:190} INFO - [2024-08-16T13:35:31.216+0000] {dag.py:4138} INFO - Setting next_dagrun for example_nested_branch_dag to 2024-08-15 00:00:00+00:00, run_after=2024-08-16 00:00:00+00:00
[2024-08-16T13:35:31.236+0000] {processor.py:208} INFO - Processing /home/airflow/.local/lib/python3.12/site-packages/airflow/example_dags/example_nested_branch_dag.py took 0.101 seconds
[2024-08-16T13:36:01.671+0000] {processor.py:186} INFO - Started process (PID=10051) to work on /home/airflow/.local/lib/python3.12/site-packages/airflow/example_dags/example_nested_branch_dag.py
[2024-08-16T13:36:01.672+0000] {processor.py:914} INFO - Processing file /home/airflow/.local/lib/python3.12/site-packages/airflow/example_dags/example_nested_branch_dag.py for tasks to queue
[2024-08-16T13:36:01.675+0000] {logging_mixin.py:190} INFO - [2024-08-16T13:36:01.674+0000] {dagbag.py:587} INFO - Filling up the DagBag from /home/airflow/.local/lib/python3.12/site-packages/airflow/example_dags/example_nested_branch_dag.py
[2024-08-16T13:36:01.688+0000] {processor.py:925} INFO - DAG(s) 'example_nested_branch_dag' retrieved from /home/airflow/.local/lib/python3.12/site-packages/airflow/example_dags/example_nested_branch_dag.py
[2024-08-16T13:36:01.712+0000] {logging_mixin.py:190} INFO - [2024-08-16T13:36:01.712+0000] {dag.py:3211} INFO - Sync 1 DAGs
[2024-08-16T13:36:01.741+0000] {logging_mixin.py:190} INFO - [2024-08-16T13:36:01.741+0000] {dag.py:4138} INFO - Setting next_dagrun for example_nested_branch_dag to 2024-08-15 00:00:00+00:00, run_after=2024-08-16 00:00:00+00:00
[2024-08-16T13:36:01.760+0000] {processor.py:208} INFO - Processing /home/airflow/.local/lib/python3.12/site-packages/airflow/example_dags/example_nested_branch_dag.py took 0.096 seconds
[2024-08-16T13:36:32.136+0000] {processor.py:186} INFO - Started process (PID=10337) to work on /home/airflow/.local/lib/python3.12/site-packages/airflow/example_dags/example_nested_branch_dag.py
[2024-08-16T13:36:32.137+0000] {processor.py:914} INFO - Processing file /home/airflow/.local/lib/python3.12/site-packages/airflow/example_dags/example_nested_branch_dag.py for tasks to queue
[2024-08-16T13:36:32.139+0000] {logging_mixin.py:190} INFO - [2024-08-16T13:36:32.139+0000] {dagbag.py:587} INFO - Filling up the DagBag from /home/airflow/.local/lib/python3.12/site-packages/airflow/example_dags/example_nested_branch_dag.py
[2024-08-16T13:36:32.153+0000] {processor.py:925} INFO - DAG(s) 'example_nested_branch_dag' retrieved from /home/airflow/.local/lib/python3.12/site-packages/airflow/example_dags/example_nested_branch_dag.py
[2024-08-16T13:36:32.179+0000] {logging_mixin.py:190} INFO - [2024-08-16T13:36:32.179+0000] {dag.py:3211} INFO - Sync 1 DAGs
[2024-08-16T13:36:32.210+0000] {logging_mixin.py:190} INFO - [2024-08-16T13:36:32.209+0000] {dag.py:4138} INFO - Setting next_dagrun for example_nested_branch_dag to 2024-08-15 00:00:00+00:00, run_after=2024-08-16 00:00:00+00:00
[2024-08-16T13:36:32.231+0000] {processor.py:208} INFO - Processing /home/airflow/.local/lib/python3.12/site-packages/airflow/example_dags/example_nested_branch_dag.py took 0.103 seconds
[2024-08-16T13:37:02.508+0000] {processor.py:186} INFO - Started process (PID=10623) to work on /home/airflow/.local/lib/python3.12/site-packages/airflow/example_dags/example_nested_branch_dag.py
[2024-08-16T13:37:02.509+0000] {processor.py:914} INFO - Processing file /home/airflow/.local/lib/python3.12/site-packages/airflow/example_dags/example_nested_branch_dag.py for tasks to queue
[2024-08-16T13:37:02.511+0000] {logging_mixin.py:190} INFO - [2024-08-16T13:37:02.511+0000] {dagbag.py:587} INFO - Filling up the DagBag from /home/airflow/.local/lib/python3.12/site-packages/airflow/example_dags/example_nested_branch_dag.py
[2024-08-16T13:37:02.526+0000] {processor.py:925} INFO - DAG(s) 'example_nested_branch_dag' retrieved from /home/airflow/.local/lib/python3.12/site-packages/airflow/example_dags/example_nested_branch_dag.py
[2024-08-16T13:37:02.553+0000] {logging_mixin.py:190} INFO - [2024-08-16T13:37:02.552+0000] {dag.py:3211} INFO - Sync 1 DAGs
[2024-08-16T13:37:02.585+0000] {logging_mixin.py:190} INFO - [2024-08-16T13:37:02.585+0000] {dag.py:4138} INFO - Setting next_dagrun for example_nested_branch_dag to 2024-08-15 00:00:00+00:00, run_after=2024-08-16 00:00:00+00:00
[2024-08-16T13:37:02.606+0000] {processor.py:208} INFO - Processing /home/airflow/.local/lib/python3.12/site-packages/airflow/example_dags/example_nested_branch_dag.py took 0.106 seconds
[2024-08-16T13:37:32.910+0000] {processor.py:186} INFO - Started process (PID=10910) to work on /home/airflow/.local/lib/python3.12/site-packages/airflow/example_dags/example_nested_branch_dag.py
[2024-08-16T13:37:32.911+0000] {processor.py:914} INFO - Processing file /home/airflow/.local/lib/python3.12/site-packages/airflow/example_dags/example_nested_branch_dag.py for tasks to queue
[2024-08-16T13:37:32.913+0000] {logging_mixin.py:190} INFO - [2024-08-16T13:37:32.913+0000] {dagbag.py:587} INFO - Filling up the DagBag from /home/airflow/.local/lib/python3.12/site-packages/airflow/example_dags/example_nested_branch_dag.py
[2024-08-16T13:37:32.925+0000] {processor.py:925} INFO - DAG(s) 'example_nested_branch_dag' retrieved from /home/airflow/.local/lib/python3.12/site-packages/airflow/example_dags/example_nested_branch_dag.py
[2024-08-16T13:37:32.950+0000] {logging_mixin.py:190} INFO - [2024-08-16T13:37:32.949+0000] {dag.py:3211} INFO - Sync 1 DAGs
[2024-08-16T13:37:32.975+0000] {logging_mixin.py:190} INFO - [2024-08-16T13:37:32.975+0000] {dag.py:4138} INFO - Setting next_dagrun for example_nested_branch_dag to 2024-08-15 00:00:00+00:00, run_after=2024-08-16 00:00:00+00:00
[2024-08-16T13:37:32.996+0000] {processor.py:208} INFO - Processing /home/airflow/.local/lib/python3.12/site-packages/airflow/example_dags/example_nested_branch_dag.py took 0.094 seconds
[2024-08-16T13:38:03.279+0000] {processor.py:186} INFO - Started process (PID=11198) to work on /home/airflow/.local/lib/python3.12/site-packages/airflow/example_dags/example_nested_branch_dag.py
[2024-08-16T13:38:03.280+0000] {processor.py:914} INFO - Processing file /home/airflow/.local/lib/python3.12/site-packages/airflow/example_dags/example_nested_branch_dag.py for tasks to queue
[2024-08-16T13:38:03.282+0000] {logging_mixin.py:190} INFO - [2024-08-16T13:38:03.282+0000] {dagbag.py:587} INFO - Filling up the DagBag from /home/airflow/.local/lib/python3.12/site-packages/airflow/example_dags/example_nested_branch_dag.py
[2024-08-16T13:38:03.294+0000] {processor.py:925} INFO - DAG(s) 'example_nested_branch_dag' retrieved from /home/airflow/.local/lib/python3.12/site-packages/airflow/example_dags/example_nested_branch_dag.py
[2024-08-16T13:38:03.317+0000] {logging_mixin.py:190} INFO - [2024-08-16T13:38:03.317+0000] {dag.py:3211} INFO - Sync 1 DAGs
[2024-08-16T13:38:03.344+0000] {logging_mixin.py:190} INFO - [2024-08-16T13:38:03.344+0000] {dag.py:4138} INFO - Setting next_dagrun for example_nested_branch_dag to 2024-08-15 00:00:00+00:00, run_after=2024-08-16 00:00:00+00:00
[2024-08-16T13:38:03.362+0000] {processor.py:208} INFO - Processing /home/airflow/.local/lib/python3.12/site-packages/airflow/example_dags/example_nested_branch_dag.py took 0.091 seconds
[2024-08-16T13:38:33.718+0000] {processor.py:186} INFO - Started process (PID=11482) to work on /home/airflow/.local/lib/python3.12/site-packages/airflow/example_dags/example_nested_branch_dag.py
[2024-08-16T13:38:33.719+0000] {processor.py:914} INFO - Processing file /home/airflow/.local/lib/python3.12/site-packages/airflow/example_dags/example_nested_branch_dag.py for tasks to queue
[2024-08-16T13:38:33.721+0000] {logging_mixin.py:190} INFO - [2024-08-16T13:38:33.721+0000] {dagbag.py:587} INFO - Filling up the DagBag from /home/airflow/.local/lib/python3.12/site-packages/airflow/example_dags/example_nested_branch_dag.py
[2024-08-16T13:38:33.735+0000] {processor.py:925} INFO - DAG(s) 'example_nested_branch_dag' retrieved from /home/airflow/.local/lib/python3.12/site-packages/airflow/example_dags/example_nested_branch_dag.py
[2024-08-16T13:38:33.761+0000] {logging_mixin.py:190} INFO - [2024-08-16T13:38:33.761+0000] {dag.py:3211} INFO - Sync 1 DAGs
[2024-08-16T13:38:33.789+0000] {logging_mixin.py:190} INFO - [2024-08-16T13:38:33.788+0000] {dag.py:4138} INFO - Setting next_dagrun for example_nested_branch_dag to 2024-08-15 00:00:00+00:00, run_after=2024-08-16 00:00:00+00:00
[2024-08-16T13:38:33.818+0000] {processor.py:208} INFO - Processing /home/airflow/.local/lib/python3.12/site-packages/airflow/example_dags/example_nested_branch_dag.py took 0.107 seconds
[2024-08-16T13:39:03.893+0000] {processor.py:186} INFO - Started process (PID=11765) to work on /home/airflow/.local/lib/python3.12/site-packages/airflow/example_dags/example_nested_branch_dag.py
[2024-08-16T13:39:03.894+0000] {processor.py:914} INFO - Processing file /home/airflow/.local/lib/python3.12/site-packages/airflow/example_dags/example_nested_branch_dag.py for tasks to queue
[2024-08-16T13:39:03.897+0000] {logging_mixin.py:190} INFO - [2024-08-16T13:39:03.896+0000] {dagbag.py:587} INFO - Filling up the DagBag from /home/airflow/.local/lib/python3.12/site-packages/airflow/example_dags/example_nested_branch_dag.py
[2024-08-16T13:39:03.908+0000] {processor.py:925} INFO - DAG(s) 'example_nested_branch_dag' retrieved from /home/airflow/.local/lib/python3.12/site-packages/airflow/example_dags/example_nested_branch_dag.py
[2024-08-16T13:39:03.931+0000] {logging_mixin.py:190} INFO - [2024-08-16T13:39:03.931+0000] {dag.py:3211} INFO - Sync 1 DAGs
[2024-08-16T13:39:03.956+0000] {logging_mixin.py:190} INFO - [2024-08-16T13:39:03.956+0000] {dag.py:4138} INFO - Setting next_dagrun for example_nested_branch_dag to 2024-08-15 00:00:00+00:00, run_after=2024-08-16 00:00:00+00:00
[2024-08-16T13:39:03.974+0000] {processor.py:208} INFO - Processing /home/airflow/.local/lib/python3.12/site-packages/airflow/example_dags/example_nested_branch_dag.py took 0.087 seconds
[2024-08-16T13:39:34.342+0000] {processor.py:186} INFO - Started process (PID=12051) to work on /home/airflow/.local/lib/python3.12/site-packages/airflow/example_dags/example_nested_branch_dag.py
[2024-08-16T13:39:34.343+0000] {processor.py:914} INFO - Processing file /home/airflow/.local/lib/python3.12/site-packages/airflow/example_dags/example_nested_branch_dag.py for tasks to queue
[2024-08-16T13:39:34.345+0000] {logging_mixin.py:190} INFO - [2024-08-16T13:39:34.345+0000] {dagbag.py:587} INFO - Filling up the DagBag from /home/airflow/.local/lib/python3.12/site-packages/airflow/example_dags/example_nested_branch_dag.py
[2024-08-16T13:39:34.358+0000] {processor.py:925} INFO - DAG(s) 'example_nested_branch_dag' retrieved from /home/airflow/.local/lib/python3.12/site-packages/airflow/example_dags/example_nested_branch_dag.py
[2024-08-16T13:39:34.383+0000] {logging_mixin.py:190} INFO - [2024-08-16T13:39:34.382+0000] {dag.py:3211} INFO - Sync 1 DAGs
[2024-08-16T13:39:34.408+0000] {logging_mixin.py:190} INFO - [2024-08-16T13:39:34.408+0000] {dag.py:4138} INFO - Setting next_dagrun for example_nested_branch_dag to 2024-08-15 00:00:00+00:00, run_after=2024-08-16 00:00:00+00:00
[2024-08-16T13:39:34.428+0000] {processor.py:208} INFO - Processing /home/airflow/.local/lib/python3.12/site-packages/airflow/example_dags/example_nested_branch_dag.py took 0.093 seconds
[2024-08-16T13:40:05.308+0000] {processor.py:186} INFO - Started process (PID=12337) to work on /home/airflow/.local/lib/python3.12/site-packages/airflow/example_dags/example_nested_branch_dag.py
[2024-08-16T13:40:05.309+0000] {processor.py:914} INFO - Processing file /home/airflow/.local/lib/python3.12/site-packages/airflow/example_dags/example_nested_branch_dag.py for tasks to queue
[2024-08-16T13:40:05.312+0000] {logging_mixin.py:190} INFO - [2024-08-16T13:40:05.311+0000] {dagbag.py:587} INFO - Filling up the DagBag from /home/airflow/.local/lib/python3.12/site-packages/airflow/example_dags/example_nested_branch_dag.py
[2024-08-16T13:40:05.324+0000] {processor.py:925} INFO - DAG(s) 'example_nested_branch_dag' retrieved from /home/airflow/.local/lib/python3.12/site-packages/airflow/example_dags/example_nested_branch_dag.py
[2024-08-16T13:40:05.350+0000] {logging_mixin.py:190} INFO - [2024-08-16T13:40:05.350+0000] {dag.py:3211} INFO - Sync 1 DAGs
[2024-08-16T13:40:05.376+0000] {logging_mixin.py:190} INFO - [2024-08-16T13:40:05.376+0000] {dag.py:4138} INFO - Setting next_dagrun for example_nested_branch_dag to 2024-08-15 00:00:00+00:00, run_after=2024-08-16 00:00:00+00:00
[2024-08-16T13:40:05.394+0000] {processor.py:208} INFO - Processing /home/airflow/.local/lib/python3.12/site-packages/airflow/example_dags/example_nested_branch_dag.py took 0.094 seconds
[2024-08-16T13:40:35.788+0000] {processor.py:186} INFO - Started process (PID=12621) to work on /home/airflow/.local/lib/python3.12/site-packages/airflow/example_dags/example_nested_branch_dag.py
[2024-08-16T13:40:35.789+0000] {processor.py:914} INFO - Processing file /home/airflow/.local/lib/python3.12/site-packages/airflow/example_dags/example_nested_branch_dag.py for tasks to queue
[2024-08-16T13:40:35.791+0000] {logging_mixin.py:190} INFO - [2024-08-16T13:40:35.791+0000] {dagbag.py:587} INFO - Filling up the DagBag from /home/airflow/.local/lib/python3.12/site-packages/airflow/example_dags/example_nested_branch_dag.py
[2024-08-16T13:40:35.803+0000] {processor.py:925} INFO - DAG(s) 'example_nested_branch_dag' retrieved from /home/airflow/.local/lib/python3.12/site-packages/airflow/example_dags/example_nested_branch_dag.py
[2024-08-16T13:40:35.826+0000] {logging_mixin.py:190} INFO - [2024-08-16T13:40:35.825+0000] {dag.py:3211} INFO - Sync 1 DAGs
[2024-08-16T13:40:35.853+0000] {logging_mixin.py:190} INFO - [2024-08-16T13:40:35.853+0000] {dag.py:4138} INFO - Setting next_dagrun for example_nested_branch_dag to 2024-08-15 00:00:00+00:00, run_after=2024-08-16 00:00:00+00:00
[2024-08-16T13:40:35.870+0000] {processor.py:208} INFO - Processing /home/airflow/.local/lib/python3.12/site-packages/airflow/example_dags/example_nested_branch_dag.py took 0.090 seconds
[2024-08-16T13:41:06.865+0000] {processor.py:186} INFO - Started process (PID=12909) to work on /home/airflow/.local/lib/python3.12/site-packages/airflow/example_dags/example_nested_branch_dag.py
[2024-08-16T13:41:06.866+0000] {processor.py:914} INFO - Processing file /home/airflow/.local/lib/python3.12/site-packages/airflow/example_dags/example_nested_branch_dag.py for tasks to queue
[2024-08-16T13:41:06.868+0000] {logging_mixin.py:190} INFO - [2024-08-16T13:41:06.868+0000] {dagbag.py:587} INFO - Filling up the DagBag from /home/airflow/.local/lib/python3.12/site-packages/airflow/example_dags/example_nested_branch_dag.py
[2024-08-16T13:41:06.880+0000] {processor.py:925} INFO - DAG(s) 'example_nested_branch_dag' retrieved from /home/airflow/.local/lib/python3.12/site-packages/airflow/example_dags/example_nested_branch_dag.py
[2024-08-16T13:41:06.910+0000] {logging_mixin.py:190} INFO - [2024-08-16T13:41:06.910+0000] {dag.py:3211} INFO - Sync 1 DAGs
[2024-08-16T13:41:06.939+0000] {logging_mixin.py:190} INFO - [2024-08-16T13:41:06.939+0000] {dag.py:4138} INFO - Setting next_dagrun for example_nested_branch_dag to 2024-08-15 00:00:00+00:00, run_after=2024-08-16 00:00:00+00:00
[2024-08-16T13:41:06.959+0000] {processor.py:208} INFO - Processing /home/airflow/.local/lib/python3.12/site-packages/airflow/example_dags/example_nested_branch_dag.py took 0.101 seconds
[2024-08-16T13:41:37.335+0000] {processor.py:186} INFO - Started process (PID=13195) to work on /home/airflow/.local/lib/python3.12/site-packages/airflow/example_dags/example_nested_branch_dag.py
[2024-08-16T13:41:37.336+0000] {processor.py:914} INFO - Processing file /home/airflow/.local/lib/python3.12/site-packages/airflow/example_dags/example_nested_branch_dag.py for tasks to queue
[2024-08-16T13:41:37.339+0000] {logging_mixin.py:190} INFO - [2024-08-16T13:41:37.339+0000] {dagbag.py:587} INFO - Filling up the DagBag from /home/airflow/.local/lib/python3.12/site-packages/airflow/example_dags/example_nested_branch_dag.py
[2024-08-16T13:41:37.355+0000] {processor.py:925} INFO - DAG(s) 'example_nested_branch_dag' retrieved from /home/airflow/.local/lib/python3.12/site-packages/airflow/example_dags/example_nested_branch_dag.py
[2024-08-16T13:41:37.385+0000] {logging_mixin.py:190} INFO - [2024-08-16T13:41:37.384+0000] {dag.py:3211} INFO - Sync 1 DAGs
[2024-08-16T13:41:37.413+0000] {logging_mixin.py:190} INFO - [2024-08-16T13:41:37.413+0000] {dag.py:4138} INFO - Setting next_dagrun for example_nested_branch_dag to 2024-08-15 00:00:00+00:00, run_after=2024-08-16 00:00:00+00:00
[2024-08-16T13:41:37.434+0000] {processor.py:208} INFO - Processing /home/airflow/.local/lib/python3.12/site-packages/airflow/example_dags/example_nested_branch_dag.py took 0.107 seconds
[2024-08-16T13:42:08.082+0000] {processor.py:186} INFO - Started process (PID=13481) to work on /home/airflow/.local/lib/python3.12/site-packages/airflow/example_dags/example_nested_branch_dag.py
[2024-08-16T13:42:08.083+0000] {processor.py:914} INFO - Processing file /home/airflow/.local/lib/python3.12/site-packages/airflow/example_dags/example_nested_branch_dag.py for tasks to queue
[2024-08-16T13:42:08.085+0000] {logging_mixin.py:190} INFO - [2024-08-16T13:42:08.085+0000] {dagbag.py:587} INFO - Filling up the DagBag from /home/airflow/.local/lib/python3.12/site-packages/airflow/example_dags/example_nested_branch_dag.py
[2024-08-16T13:42:08.098+0000] {processor.py:925} INFO - DAG(s) 'example_nested_branch_dag' retrieved from /home/airflow/.local/lib/python3.12/site-packages/airflow/example_dags/example_nested_branch_dag.py
[2024-08-16T13:42:08.122+0000] {logging_mixin.py:190} INFO - [2024-08-16T13:42:08.122+0000] {dag.py:3211} INFO - Sync 1 DAGs
[2024-08-16T13:42:08.155+0000] {logging_mixin.py:190} INFO - [2024-08-16T13:42:08.155+0000] {dag.py:4138} INFO - Setting next_dagrun for example_nested_branch_dag to 2024-08-15 00:00:00+00:00, run_after=2024-08-16 00:00:00+00:00
[2024-08-16T13:42:08.184+0000] {processor.py:208} INFO - Processing /home/airflow/.local/lib/python3.12/site-packages/airflow/example_dags/example_nested_branch_dag.py took 0.110 seconds
[2024-08-16T13:42:39.018+0000] {processor.py:186} INFO - Started process (PID=13767) to work on /home/airflow/.local/lib/python3.12/site-packages/airflow/example_dags/example_nested_branch_dag.py
[2024-08-16T13:42:39.019+0000] {processor.py:914} INFO - Processing file /home/airflow/.local/lib/python3.12/site-packages/airflow/example_dags/example_nested_branch_dag.py for tasks to queue
[2024-08-16T13:42:39.022+0000] {logging_mixin.py:190} INFO - [2024-08-16T13:42:39.021+0000] {dagbag.py:587} INFO - Filling up the DagBag from /home/airflow/.local/lib/python3.12/site-packages/airflow/example_dags/example_nested_branch_dag.py
[2024-08-16T13:42:39.035+0000] {processor.py:925} INFO - DAG(s) 'example_nested_branch_dag' retrieved from /home/airflow/.local/lib/python3.12/site-packages/airflow/example_dags/example_nested_branch_dag.py
[2024-08-16T13:42:39.060+0000] {logging_mixin.py:190} INFO - [2024-08-16T13:42:39.060+0000] {dag.py:3211} INFO - Sync 1 DAGs
[2024-08-16T13:42:39.087+0000] {logging_mixin.py:190} INFO - [2024-08-16T13:42:39.086+0000] {dag.py:4138} INFO - Setting next_dagrun for example_nested_branch_dag to 2024-08-15 00:00:00+00:00, run_after=2024-08-16 00:00:00+00:00
[2024-08-16T13:42:39.107+0000] {processor.py:208} INFO - Processing /home/airflow/.local/lib/python3.12/site-packages/airflow/example_dags/example_nested_branch_dag.py took 0.095 seconds
[2024-08-16T13:43:09.917+0000] {processor.py:186} INFO - Started process (PID=14053) to work on /home/airflow/.local/lib/python3.12/site-packages/airflow/example_dags/example_nested_branch_dag.py
[2024-08-16T13:43:09.918+0000] {processor.py:914} INFO - Processing file /home/airflow/.local/lib/python3.12/site-packages/airflow/example_dags/example_nested_branch_dag.py for tasks to queue
[2024-08-16T13:43:09.921+0000] {logging_mixin.py:190} INFO - [2024-08-16T13:43:09.920+0000] {dagbag.py:587} INFO - Filling up the DagBag from /home/airflow/.local/lib/python3.12/site-packages/airflow/example_dags/example_nested_branch_dag.py
[2024-08-16T13:43:09.935+0000] {processor.py:925} INFO - DAG(s) 'example_nested_branch_dag' retrieved from /home/airflow/.local/lib/python3.12/site-packages/airflow/example_dags/example_nested_branch_dag.py
[2024-08-16T13:43:09.961+0000] {logging_mixin.py:190} INFO - [2024-08-16T13:43:09.960+0000] {dag.py:3211} INFO - Sync 1 DAGs
[2024-08-16T13:43:09.988+0000] {logging_mixin.py:190} INFO - [2024-08-16T13:43:09.988+0000] {dag.py:4138} INFO - Setting next_dagrun for example_nested_branch_dag to 2024-08-15 00:00:00+00:00, run_after=2024-08-16 00:00:00+00:00
[2024-08-16T13:43:10.008+0000] {processor.py:208} INFO - Processing /home/airflow/.local/lib/python3.12/site-packages/airflow/example_dags/example_nested_branch_dag.py took 0.097 seconds
[2024-08-16T13:43:40.371+0000] {processor.py:186} INFO - Started process (PID=14339) to work on /home/airflow/.local/lib/python3.12/site-packages/airflow/example_dags/example_nested_branch_dag.py
[2024-08-16T13:43:40.372+0000] {processor.py:914} INFO - Processing file /home/airflow/.local/lib/python3.12/site-packages/airflow/example_dags/example_nested_branch_dag.py for tasks to queue
[2024-08-16T13:43:40.374+0000] {logging_mixin.py:190} INFO - [2024-08-16T13:43:40.374+0000] {dagbag.py:587} INFO - Filling up the DagBag from /home/airflow/.local/lib/python3.12/site-packages/airflow/example_dags/example_nested_branch_dag.py
[2024-08-16T13:43:40.386+0000] {processor.py:925} INFO - DAG(s) 'example_nested_branch_dag' retrieved from /home/airflow/.local/lib/python3.12/site-packages/airflow/example_dags/example_nested_branch_dag.py
[2024-08-16T13:43:40.411+0000] {logging_mixin.py:190} INFO - [2024-08-16T13:43:40.411+0000] {dag.py:3211} INFO - Sync 1 DAGs
[2024-08-16T13:43:40.439+0000] {logging_mixin.py:190} INFO - [2024-08-16T13:43:40.438+0000] {dag.py:4138} INFO - Setting next_dagrun for example_nested_branch_dag to 2024-08-15 00:00:00+00:00, run_after=2024-08-16 00:00:00+00:00
[2024-08-16T13:43:40.458+0000] {processor.py:208} INFO - Processing /home/airflow/.local/lib/python3.12/site-packages/airflow/example_dags/example_nested_branch_dag.py took 0.095 seconds
[2024-08-16T13:44:11.053+0000] {processor.py:186} INFO - Started process (PID=14625) to work on /home/airflow/.local/lib/python3.12/site-packages/airflow/example_dags/example_nested_branch_dag.py
[2024-08-16T13:44:11.054+0000] {processor.py:914} INFO - Processing file /home/airflow/.local/lib/python3.12/site-packages/airflow/example_dags/example_nested_branch_dag.py for tasks to queue
[2024-08-16T13:44:11.056+0000] {logging_mixin.py:190} INFO - [2024-08-16T13:44:11.056+0000] {dagbag.py:587} INFO - Filling up the DagBag from /home/airflow/.local/lib/python3.12/site-packages/airflow/example_dags/example_nested_branch_dag.py
[2024-08-16T13:44:11.068+0000] {processor.py:925} INFO - DAG(s) 'example_nested_branch_dag' retrieved from /home/airflow/.local/lib/python3.12/site-packages/airflow/example_dags/example_nested_branch_dag.py
[2024-08-16T13:44:11.091+0000] {logging_mixin.py:190} INFO - [2024-08-16T13:44:11.091+0000] {dag.py:3211} INFO - Sync 1 DAGs
[2024-08-16T13:44:11.116+0000] {logging_mixin.py:190} INFO - [2024-08-16T13:44:11.116+0000] {dag.py:4138} INFO - Setting next_dagrun for example_nested_branch_dag to 2024-08-15 00:00:00+00:00, run_after=2024-08-16 00:00:00+00:00
[2024-08-16T13:44:11.137+0000] {processor.py:208} INFO - Processing /home/airflow/.local/lib/python3.12/site-packages/airflow/example_dags/example_nested_branch_dag.py took 0.091 seconds
[2024-08-16T13:44:41.497+0000] {processor.py:186} INFO - Started process (PID=14911) to work on /home/airflow/.local/lib/python3.12/site-packages/airflow/example_dags/example_nested_branch_dag.py
[2024-08-16T13:44:41.499+0000] {processor.py:914} INFO - Processing file /home/airflow/.local/lib/python3.12/site-packages/airflow/example_dags/example_nested_branch_dag.py for tasks to queue
[2024-08-16T13:44:41.502+0000] {logging_mixin.py:190} INFO - [2024-08-16T13:44:41.501+0000] {dagbag.py:587} INFO - Filling up the DagBag from /home/airflow/.local/lib/python3.12/site-packages/airflow/example_dags/example_nested_branch_dag.py
[2024-08-16T13:44:41.518+0000] {processor.py:925} INFO - DAG(s) 'example_nested_branch_dag' retrieved from /home/airflow/.local/lib/python3.12/site-packages/airflow/example_dags/example_nested_branch_dag.py
[2024-08-16T13:44:41.543+0000] {logging_mixin.py:190} INFO - [2024-08-16T13:44:41.543+0000] {dag.py:3211} INFO - Sync 1 DAGs
[2024-08-16T13:44:41.570+0000] {logging_mixin.py:190} INFO - [2024-08-16T13:44:41.570+0000] {dag.py:4138} INFO - Setting next_dagrun for example_nested_branch_dag to 2024-08-15 00:00:00+00:00, run_after=2024-08-16 00:00:00+00:00
[2024-08-16T13:44:41.594+0000] {processor.py:208} INFO - Processing /home/airflow/.local/lib/python3.12/site-packages/airflow/example_dags/example_nested_branch_dag.py took 0.104 seconds
[2024-08-16T13:45:12.508+0000] {processor.py:186} INFO - Started process (PID=15197) to work on /home/airflow/.local/lib/python3.12/site-packages/airflow/example_dags/example_nested_branch_dag.py
[2024-08-16T13:45:12.509+0000] {processor.py:914} INFO - Processing file /home/airflow/.local/lib/python3.12/site-packages/airflow/example_dags/example_nested_branch_dag.py for tasks to queue
[2024-08-16T13:45:12.514+0000] {logging_mixin.py:190} INFO - [2024-08-16T13:45:12.512+0000] {dagbag.py:587} INFO - Filling up the DagBag from /home/airflow/.local/lib/python3.12/site-packages/airflow/example_dags/example_nested_branch_dag.py
[2024-08-16T13:45:12.535+0000] {processor.py:925} INFO - DAG(s) 'example_nested_branch_dag' retrieved from /home/airflow/.local/lib/python3.12/site-packages/airflow/example_dags/example_nested_branch_dag.py
[2024-08-16T13:45:12.562+0000] {logging_mixin.py:190} INFO - [2024-08-16T13:45:12.562+0000] {dag.py:3211} INFO - Sync 1 DAGs
[2024-08-16T13:45:12.598+0000] {logging_mixin.py:190} INFO - [2024-08-16T13:45:12.597+0000] {dag.py:4138} INFO - Setting next_dagrun for example_nested_branch_dag to 2024-08-15 00:00:00+00:00, run_after=2024-08-16 00:00:00+00:00
[2024-08-16T13:45:12.627+0000] {processor.py:208} INFO - Processing /home/airflow/.local/lib/python3.12/site-packages/airflow/example_dags/example_nested_branch_dag.py took 0.127 seconds
[2024-08-16T13:45:43.091+0000] {processor.py:186} INFO - Started process (PID=15483) to work on /home/airflow/.local/lib/python3.12/site-packages/airflow/example_dags/example_nested_branch_dag.py
[2024-08-16T13:45:43.092+0000] {processor.py:914} INFO - Processing file /home/airflow/.local/lib/python3.12/site-packages/airflow/example_dags/example_nested_branch_dag.py for tasks to queue
[2024-08-16T13:45:43.095+0000] {logging_mixin.py:190} INFO - [2024-08-16T13:45:43.094+0000] {dagbag.py:587} INFO - Filling up the DagBag from /home/airflow/.local/lib/python3.12/site-packages/airflow/example_dags/example_nested_branch_dag.py
[2024-08-16T13:45:43.109+0000] {processor.py:925} INFO - DAG(s) 'example_nested_branch_dag' retrieved from /home/airflow/.local/lib/python3.12/site-packages/airflow/example_dags/example_nested_branch_dag.py
[2024-08-16T13:45:43.143+0000] {logging_mixin.py:190} INFO - [2024-08-16T13:45:43.143+0000] {dag.py:3211} INFO - Sync 1 DAGs
[2024-08-16T13:45:43.195+0000] {logging_mixin.py:190} INFO - [2024-08-16T13:45:43.194+0000] {dag.py:4138} INFO - Setting next_dagrun for example_nested_branch_dag to 2024-08-15 00:00:00+00:00, run_after=2024-08-16 00:00:00+00:00
[2024-08-16T13:45:43.216+0000] {processor.py:208} INFO - Processing /home/airflow/.local/lib/python3.12/site-packages/airflow/example_dags/example_nested_branch_dag.py took 0.132 seconds
[2024-08-16T13:46:14.145+0000] {processor.py:186} INFO - Started process (PID=15767) to work on /home/airflow/.local/lib/python3.12/site-packages/airflow/example_dags/example_nested_branch_dag.py
[2024-08-16T13:46:14.146+0000] {processor.py:914} INFO - Processing file /home/airflow/.local/lib/python3.12/site-packages/airflow/example_dags/example_nested_branch_dag.py for tasks to queue
[2024-08-16T13:46:14.149+0000] {logging_mixin.py:190} INFO - [2024-08-16T13:46:14.149+0000] {dagbag.py:587} INFO - Filling up the DagBag from /home/airflow/.local/lib/python3.12/site-packages/airflow/example_dags/example_nested_branch_dag.py
[2024-08-16T13:46:14.162+0000] {processor.py:925} INFO - DAG(s) 'example_nested_branch_dag' retrieved from /home/airflow/.local/lib/python3.12/site-packages/airflow/example_dags/example_nested_branch_dag.py
[2024-08-16T13:46:14.188+0000] {logging_mixin.py:190} INFO - [2024-08-16T13:46:14.188+0000] {dag.py:3211} INFO - Sync 1 DAGs
[2024-08-16T13:46:14.217+0000] {logging_mixin.py:190} INFO - [2024-08-16T13:46:14.217+0000] {dag.py:4138} INFO - Setting next_dagrun for example_nested_branch_dag to 2024-08-15 00:00:00+00:00, run_after=2024-08-16 00:00:00+00:00
[2024-08-16T13:46:14.238+0000] {processor.py:208} INFO - Processing /home/airflow/.local/lib/python3.12/site-packages/airflow/example_dags/example_nested_branch_dag.py took 0.099 seconds
[2024-08-16T13:46:44.983+0000] {processor.py:186} INFO - Started process (PID=16055) to work on /home/airflow/.local/lib/python3.12/site-packages/airflow/example_dags/example_nested_branch_dag.py
[2024-08-16T13:46:44.985+0000] {processor.py:914} INFO - Processing file /home/airflow/.local/lib/python3.12/site-packages/airflow/example_dags/example_nested_branch_dag.py for tasks to queue
[2024-08-16T13:46:44.989+0000] {logging_mixin.py:190} INFO - [2024-08-16T13:46:44.989+0000] {dagbag.py:587} INFO - Filling up the DagBag from /home/airflow/.local/lib/python3.12/site-packages/airflow/example_dags/example_nested_branch_dag.py
[2024-08-16T13:46:45.012+0000] {processor.py:925} INFO - DAG(s) 'example_nested_branch_dag' retrieved from /home/airflow/.local/lib/python3.12/site-packages/airflow/example_dags/example_nested_branch_dag.py
[2024-08-16T13:46:45.050+0000] {logging_mixin.py:190} INFO - [2024-08-16T13:46:45.049+0000] {dag.py:3211} INFO - Sync 1 DAGs
[2024-08-16T13:46:45.085+0000] {logging_mixin.py:190} INFO - [2024-08-16T13:46:45.085+0000] {dag.py:4138} INFO - Setting next_dagrun for example_nested_branch_dag to 2024-08-15 00:00:00+00:00, run_after=2024-08-16 00:00:00+00:00
[2024-08-16T13:46:45.119+0000] {processor.py:208} INFO - Processing /home/airflow/.local/lib/python3.12/site-packages/airflow/example_dags/example_nested_branch_dag.py took 0.149 seconds
[2024-08-16T13:47:15.966+0000] {processor.py:186} INFO - Started process (PID=16341) to work on /home/airflow/.local/lib/python3.12/site-packages/airflow/example_dags/example_nested_branch_dag.py
[2024-08-16T13:47:15.968+0000] {processor.py:914} INFO - Processing file /home/airflow/.local/lib/python3.12/site-packages/airflow/example_dags/example_nested_branch_dag.py for tasks to queue
[2024-08-16T13:47:15.971+0000] {logging_mixin.py:190} INFO - [2024-08-16T13:47:15.971+0000] {dagbag.py:587} INFO - Filling up the DagBag from /home/airflow/.local/lib/python3.12/site-packages/airflow/example_dags/example_nested_branch_dag.py
[2024-08-16T13:47:15.985+0000] {processor.py:925} INFO - DAG(s) 'example_nested_branch_dag' retrieved from /home/airflow/.local/lib/python3.12/site-packages/airflow/example_dags/example_nested_branch_dag.py
[2024-08-16T13:47:16.014+0000] {logging_mixin.py:190} INFO - [2024-08-16T13:47:16.014+0000] {dag.py:3211} INFO - Sync 1 DAGs
[2024-08-16T13:47:16.059+0000] {logging_mixin.py:190} INFO - [2024-08-16T13:47:16.059+0000] {dag.py:4138} INFO - Setting next_dagrun for example_nested_branch_dag to 2024-08-15 00:00:00+00:00, run_after=2024-08-16 00:00:00+00:00
[2024-08-16T13:47:16.085+0000] {processor.py:208} INFO - Processing /home/airflow/.local/lib/python3.12/site-packages/airflow/example_dags/example_nested_branch_dag.py took 0.125 seconds
[2024-08-16T13:47:46.681+0000] {processor.py:186} INFO - Started process (PID=16627) to work on /home/airflow/.local/lib/python3.12/site-packages/airflow/example_dags/example_nested_branch_dag.py
[2024-08-16T13:47:46.682+0000] {processor.py:914} INFO - Processing file /home/airflow/.local/lib/python3.12/site-packages/airflow/example_dags/example_nested_branch_dag.py for tasks to queue
[2024-08-16T13:47:46.684+0000] {logging_mixin.py:190} INFO - [2024-08-16T13:47:46.684+0000] {dagbag.py:587} INFO - Filling up the DagBag from /home/airflow/.local/lib/python3.12/site-packages/airflow/example_dags/example_nested_branch_dag.py
[2024-08-16T13:47:46.700+0000] {processor.py:925} INFO - DAG(s) 'example_nested_branch_dag' retrieved from /home/airflow/.local/lib/python3.12/site-packages/airflow/example_dags/example_nested_branch_dag.py
[2024-08-16T13:47:46.729+0000] {logging_mixin.py:190} INFO - [2024-08-16T13:47:46.729+0000] {dag.py:3211} INFO - Sync 1 DAGs
[2024-08-16T13:47:46.759+0000] {logging_mixin.py:190} INFO - [2024-08-16T13:47:46.759+0000] {dag.py:4138} INFO - Setting next_dagrun for example_nested_branch_dag to 2024-08-15 00:00:00+00:00, run_after=2024-08-16 00:00:00+00:00
[2024-08-16T13:47:46.782+0000] {processor.py:208} INFO - Processing /home/airflow/.local/lib/python3.12/site-packages/airflow/example_dags/example_nested_branch_dag.py took 0.108 seconds
[2024-08-16T13:48:17.005+0000] {processor.py:186} INFO - Started process (PID=16914) to work on /home/airflow/.local/lib/python3.12/site-packages/airflow/example_dags/example_nested_branch_dag.py
[2024-08-16T13:48:17.007+0000] {processor.py:914} INFO - Processing file /home/airflow/.local/lib/python3.12/site-packages/airflow/example_dags/example_nested_branch_dag.py for tasks to queue
[2024-08-16T13:48:17.011+0000] {logging_mixin.py:190} INFO - [2024-08-16T13:48:17.011+0000] {dagbag.py:587} INFO - Filling up the DagBag from /home/airflow/.local/lib/python3.12/site-packages/airflow/example_dags/example_nested_branch_dag.py
[2024-08-16T13:48:17.030+0000] {processor.py:925} INFO - DAG(s) 'example_nested_branch_dag' retrieved from /home/airflow/.local/lib/python3.12/site-packages/airflow/example_dags/example_nested_branch_dag.py
[2024-08-16T13:48:17.071+0000] {logging_mixin.py:190} INFO - [2024-08-16T13:48:17.071+0000] {dag.py:3211} INFO - Sync 1 DAGs
[2024-08-16T13:48:17.102+0000] {logging_mixin.py:190} INFO - [2024-08-16T13:48:17.102+0000] {dag.py:4138} INFO - Setting next_dagrun for example_nested_branch_dag to 2024-08-15 00:00:00+00:00, run_after=2024-08-16 00:00:00+00:00
[2024-08-16T13:48:17.155+0000] {processor.py:208} INFO - Processing /home/airflow/.local/lib/python3.12/site-packages/airflow/example_dags/example_nested_branch_dag.py took 0.158 seconds
[2024-08-16T13:48:47.786+0000] {processor.py:186} INFO - Started process (PID=17206) to work on /home/airflow/.local/lib/python3.12/site-packages/airflow/example_dags/example_nested_branch_dag.py
[2024-08-16T13:48:47.787+0000] {processor.py:914} INFO - Processing file /home/airflow/.local/lib/python3.12/site-packages/airflow/example_dags/example_nested_branch_dag.py for tasks to queue
[2024-08-16T13:48:47.789+0000] {logging_mixin.py:190} INFO - [2024-08-16T13:48:47.789+0000] {dagbag.py:587} INFO - Filling up the DagBag from /home/airflow/.local/lib/python3.12/site-packages/airflow/example_dags/example_nested_branch_dag.py
[2024-08-16T13:48:47.801+0000] {processor.py:925} INFO - DAG(s) 'example_nested_branch_dag' retrieved from /home/airflow/.local/lib/python3.12/site-packages/airflow/example_dags/example_nested_branch_dag.py
[2024-08-16T13:48:47.827+0000] {logging_mixin.py:190} INFO - [2024-08-16T13:48:47.827+0000] {dag.py:3211} INFO - Sync 1 DAGs
[2024-08-16T13:48:47.853+0000] {logging_mixin.py:190} INFO - [2024-08-16T13:48:47.853+0000] {dag.py:4138} INFO - Setting next_dagrun for example_nested_branch_dag to 2024-08-15 00:00:00+00:00, run_after=2024-08-16 00:00:00+00:00
[2024-08-16T13:48:47.871+0000] {processor.py:208} INFO - Processing /home/airflow/.local/lib/python3.12/site-packages/airflow/example_dags/example_nested_branch_dag.py took 0.092 seconds
[2024-08-16T13:49:18.629+0000] {processor.py:186} INFO - Started process (PID=17492) to work on /home/airflow/.local/lib/python3.12/site-packages/airflow/example_dags/example_nested_branch_dag.py
[2024-08-16T13:49:18.633+0000] {processor.py:914} INFO - Processing file /home/airflow/.local/lib/python3.12/site-packages/airflow/example_dags/example_nested_branch_dag.py for tasks to queue
[2024-08-16T13:49:18.636+0000] {logging_mixin.py:190} INFO - [2024-08-16T13:49:18.635+0000] {dagbag.py:587} INFO - Filling up the DagBag from /home/airflow/.local/lib/python3.12/site-packages/airflow/example_dags/example_nested_branch_dag.py
[2024-08-16T13:49:18.651+0000] {processor.py:925} INFO - DAG(s) 'example_nested_branch_dag' retrieved from /home/airflow/.local/lib/python3.12/site-packages/airflow/example_dags/example_nested_branch_dag.py
[2024-08-16T13:49:18.684+0000] {logging_mixin.py:190} INFO - [2024-08-16T13:49:18.684+0000] {dag.py:3211} INFO - Sync 1 DAGs
[2024-08-16T13:49:18.716+0000] {logging_mixin.py:190} INFO - [2024-08-16T13:49:18.716+0000] {dag.py:4138} INFO - Setting next_dagrun for example_nested_branch_dag to 2024-08-15 00:00:00+00:00, run_after=2024-08-16 00:00:00+00:00
[2024-08-16T13:49:18.749+0000] {processor.py:208} INFO - Processing /home/airflow/.local/lib/python3.12/site-packages/airflow/example_dags/example_nested_branch_dag.py took 0.127 seconds
[2024-08-16T13:49:49.152+0000] {processor.py:186} INFO - Started process (PID=17778) to work on /home/airflow/.local/lib/python3.12/site-packages/airflow/example_dags/example_nested_branch_dag.py
[2024-08-16T13:49:49.153+0000] {processor.py:914} INFO - Processing file /home/airflow/.local/lib/python3.12/site-packages/airflow/example_dags/example_nested_branch_dag.py for tasks to queue
[2024-08-16T13:49:49.157+0000] {logging_mixin.py:190} INFO - [2024-08-16T13:49:49.156+0000] {dagbag.py:587} INFO - Filling up the DagBag from /home/airflow/.local/lib/python3.12/site-packages/airflow/example_dags/example_nested_branch_dag.py
[2024-08-16T13:49:49.180+0000] {processor.py:925} INFO - DAG(s) 'example_nested_branch_dag' retrieved from /home/airflow/.local/lib/python3.12/site-packages/airflow/example_dags/example_nested_branch_dag.py
[2024-08-16T13:49:49.207+0000] {logging_mixin.py:190} INFO - [2024-08-16T13:49:49.206+0000] {dag.py:3211} INFO - Sync 1 DAGs
[2024-08-16T13:49:49.237+0000] {logging_mixin.py:190} INFO - [2024-08-16T13:49:49.237+0000] {dag.py:4138} INFO - Setting next_dagrun for example_nested_branch_dag to 2024-08-15 00:00:00+00:00, run_after=2024-08-16 00:00:00+00:00
[2024-08-16T13:49:49.259+0000] {processor.py:208} INFO - Processing /home/airflow/.local/lib/python3.12/site-packages/airflow/example_dags/example_nested_branch_dag.py took 0.118 seconds
[2024-08-16T13:50:20.571+0000] {processor.py:186} INFO - Started process (PID=18062) to work on /home/airflow/.local/lib/python3.12/site-packages/airflow/example_dags/example_nested_branch_dag.py
[2024-08-16T13:50:20.572+0000] {processor.py:914} INFO - Processing file /home/airflow/.local/lib/python3.12/site-packages/airflow/example_dags/example_nested_branch_dag.py for tasks to queue
[2024-08-16T13:50:20.575+0000] {logging_mixin.py:190} INFO - [2024-08-16T13:50:20.574+0000] {dagbag.py:587} INFO - Filling up the DagBag from /home/airflow/.local/lib/python3.12/site-packages/airflow/example_dags/example_nested_branch_dag.py
[2024-08-16T13:50:20.590+0000] {processor.py:925} INFO - DAG(s) 'example_nested_branch_dag' retrieved from /home/airflow/.local/lib/python3.12/site-packages/airflow/example_dags/example_nested_branch_dag.py
[2024-08-16T13:50:20.614+0000] {logging_mixin.py:190} INFO - [2024-08-16T13:50:20.614+0000] {dag.py:3211} INFO - Sync 1 DAGs
[2024-08-16T13:50:20.825+0000] {logging_mixin.py:190} INFO - [2024-08-16T13:50:20.825+0000] {dag.py:4138} INFO - Setting next_dagrun for example_nested_branch_dag to 2024-08-15 00:00:00+00:00, run_after=2024-08-16 00:00:00+00:00
[2024-08-16T13:50:20.843+0000] {processor.py:208} INFO - Processing /home/airflow/.local/lib/python3.12/site-packages/airflow/example_dags/example_nested_branch_dag.py took 0.279 seconds
