[2024-08-16T13:18:46.993+0000] {processor.py:186} INFO - Started process (PID=355) to work on /home/airflow/.local/lib/python3.12/site-packages/airflow/example_dags/example_dynamic_task_mapping.py
[2024-08-16T13:18:46.995+0000] {processor.py:914} INFO - Processing file /home/airflow/.local/lib/python3.12/site-packages/airflow/example_dags/example_dynamic_task_mapping.py for tasks to queue
[2024-08-16T13:18:46.998+0000] {logging_mixin.py:190} INFO - [2024-08-16T13:18:46.998+0000] {dagbag.py:587} INFO - Filling up the DagBag from /home/airflow/.local/lib/python3.12/site-packages/airflow/example_dags/example_dynamic_task_mapping.py
[2024-08-16T13:18:47.010+0000] {processor.py:925} INFO - DAG(s) 'example_dynamic_task_mapping' retrieved from /home/airflow/.local/lib/python3.12/site-packages/airflow/example_dags/example_dynamic_task_mapping.py
[2024-08-16T13:18:47.185+0000] {logging_mixin.py:190} INFO - [2024-08-16T13:18:47.184+0000] {override.py:1858} INFO - Created Permission View: can read on DAG:example_dynamic_task_mapping
[2024-08-16T13:18:47.202+0000] {logging_mixin.py:190} INFO - [2024-08-16T13:18:47.201+0000] {override.py:1858} INFO - Created Permission View: can edit on DAG:example_dynamic_task_mapping
[2024-08-16T13:18:47.212+0000] {logging_mixin.py:190} INFO - [2024-08-16T13:18:47.212+0000] {override.py:1858} INFO - Created Permission View: can delete on DAG:example_dynamic_task_mapping
[2024-08-16T13:18:47.213+0000] {logging_mixin.py:190} INFO - [2024-08-16T13:18:47.213+0000] {dag.py:3211} INFO - Sync 1 DAGs
[2024-08-16T13:18:47.228+0000] {logging_mixin.py:190} INFO - [2024-08-16T13:18:47.227+0000] {dag.py:3234} INFO - Creating ORM DAG for example_dynamic_task_mapping
[2024-08-16T13:18:47.242+0000] {logging_mixin.py:190} INFO - [2024-08-16T13:18:47.242+0000] {dag.py:4138} INFO - Setting next_dagrun for example_dynamic_task_mapping to 2022-03-04 00:00:00+00:00, run_after=2022-03-05 00:00:00+00:00
[2024-08-16T13:18:47.274+0000] {processor.py:208} INFO - Processing /home/airflow/.local/lib/python3.12/site-packages/airflow/example_dags/example_dynamic_task_mapping.py took 0.290 seconds
[2024-08-16T13:19:18.056+0000] {processor.py:186} INFO - Started process (PID=641) to work on /home/airflow/.local/lib/python3.12/site-packages/airflow/example_dags/example_dynamic_task_mapping.py
[2024-08-16T13:19:18.057+0000] {processor.py:914} INFO - Processing file /home/airflow/.local/lib/python3.12/site-packages/airflow/example_dags/example_dynamic_task_mapping.py for tasks to queue
[2024-08-16T13:19:18.060+0000] {logging_mixin.py:190} INFO - [2024-08-16T13:19:18.059+0000] {dagbag.py:587} INFO - Filling up the DagBag from /home/airflow/.local/lib/python3.12/site-packages/airflow/example_dags/example_dynamic_task_mapping.py
[2024-08-16T13:19:18.068+0000] {processor.py:925} INFO - DAG(s) 'example_dynamic_task_mapping' retrieved from /home/airflow/.local/lib/python3.12/site-packages/airflow/example_dags/example_dynamic_task_mapping.py
[2024-08-16T13:19:18.092+0000] {logging_mixin.py:190} INFO - [2024-08-16T13:19:18.091+0000] {dag.py:3211} INFO - Sync 1 DAGs
[2024-08-16T13:19:18.118+0000] {logging_mixin.py:190} INFO - [2024-08-16T13:19:18.118+0000] {dag.py:4138} INFO - Setting next_dagrun for example_dynamic_task_mapping to 2022-03-04 00:00:00+00:00, run_after=2022-03-05 00:00:00+00:00
[2024-08-16T13:19:18.141+0000] {processor.py:208} INFO - Processing /home/airflow/.local/lib/python3.12/site-packages/airflow/example_dags/example_dynamic_task_mapping.py took 0.093 seconds
[2024-08-16T13:19:48.775+0000] {processor.py:186} INFO - Started process (PID=929) to work on /home/airflow/.local/lib/python3.12/site-packages/airflow/example_dags/example_dynamic_task_mapping.py
[2024-08-16T13:19:48.777+0000] {processor.py:914} INFO - Processing file /home/airflow/.local/lib/python3.12/site-packages/airflow/example_dags/example_dynamic_task_mapping.py for tasks to queue
[2024-08-16T13:19:48.780+0000] {logging_mixin.py:190} INFO - [2024-08-16T13:19:48.780+0000] {dagbag.py:587} INFO - Filling up the DagBag from /home/airflow/.local/lib/python3.12/site-packages/airflow/example_dags/example_dynamic_task_mapping.py
[2024-08-16T13:19:48.805+0000] {processor.py:925} INFO - DAG(s) 'example_dynamic_task_mapping' retrieved from /home/airflow/.local/lib/python3.12/site-packages/airflow/example_dags/example_dynamic_task_mapping.py
[2024-08-16T13:19:48.829+0000] {logging_mixin.py:190} INFO - [2024-08-16T13:19:48.828+0000] {dag.py:3211} INFO - Sync 1 DAGs
[2024-08-16T13:19:48.877+0000] {logging_mixin.py:190} INFO - [2024-08-16T13:19:48.869+0000] {dag.py:4138} INFO - Setting next_dagrun for example_dynamic_task_mapping to 2022-03-04 00:00:00+00:00, run_after=2022-03-05 00:00:00+00:00
[2024-08-16T13:19:48.947+0000] {processor.py:208} INFO - Processing /home/airflow/.local/lib/python3.12/site-packages/airflow/example_dags/example_dynamic_task_mapping.py took 0.190 seconds
[2024-08-16T13:20:19.536+0000] {processor.py:186} INFO - Started process (PID=1215) to work on /home/airflow/.local/lib/python3.12/site-packages/airflow/example_dags/example_dynamic_task_mapping.py
[2024-08-16T13:20:19.537+0000] {processor.py:914} INFO - Processing file /home/airflow/.local/lib/python3.12/site-packages/airflow/example_dags/example_dynamic_task_mapping.py for tasks to queue
[2024-08-16T13:20:19.540+0000] {logging_mixin.py:190} INFO - [2024-08-16T13:20:19.539+0000] {dagbag.py:587} INFO - Filling up the DagBag from /home/airflow/.local/lib/python3.12/site-packages/airflow/example_dags/example_dynamic_task_mapping.py
[2024-08-16T13:20:19.549+0000] {processor.py:925} INFO - DAG(s) 'example_dynamic_task_mapping' retrieved from /home/airflow/.local/lib/python3.12/site-packages/airflow/example_dags/example_dynamic_task_mapping.py
[2024-08-16T13:20:19.572+0000] {logging_mixin.py:190} INFO - [2024-08-16T13:20:19.572+0000] {dag.py:3211} INFO - Sync 1 DAGs
[2024-08-16T13:20:19.599+0000] {logging_mixin.py:190} INFO - [2024-08-16T13:20:19.599+0000] {dag.py:4138} INFO - Setting next_dagrun for example_dynamic_task_mapping to 2022-03-04 00:00:00+00:00, run_after=2022-03-05 00:00:00+00:00
[2024-08-16T13:20:19.619+0000] {processor.py:208} INFO - Processing /home/airflow/.local/lib/python3.12/site-packages/airflow/example_dags/example_dynamic_task_mapping.py took 0.090 seconds
[2024-08-16T13:20:49.906+0000] {processor.py:186} INFO - Started process (PID=1501) to work on /home/airflow/.local/lib/python3.12/site-packages/airflow/example_dags/example_dynamic_task_mapping.py
[2024-08-16T13:20:49.907+0000] {processor.py:914} INFO - Processing file /home/airflow/.local/lib/python3.12/site-packages/airflow/example_dags/example_dynamic_task_mapping.py for tasks to queue
[2024-08-16T13:20:49.910+0000] {logging_mixin.py:190} INFO - [2024-08-16T13:20:49.909+0000] {dagbag.py:587} INFO - Filling up the DagBag from /home/airflow/.local/lib/python3.12/site-packages/airflow/example_dags/example_dynamic_task_mapping.py
[2024-08-16T13:20:49.919+0000] {processor.py:925} INFO - DAG(s) 'example_dynamic_task_mapping' retrieved from /home/airflow/.local/lib/python3.12/site-packages/airflow/example_dags/example_dynamic_task_mapping.py
[2024-08-16T13:20:49.941+0000] {logging_mixin.py:190} INFO - [2024-08-16T13:20:49.941+0000] {dag.py:3211} INFO - Sync 1 DAGs
[2024-08-16T13:20:49.966+0000] {logging_mixin.py:190} INFO - [2024-08-16T13:20:49.966+0000] {dag.py:4138} INFO - Setting next_dagrun for example_dynamic_task_mapping to 2022-03-04 00:00:00+00:00, run_after=2022-03-05 00:00:00+00:00
[2024-08-16T13:20:49.986+0000] {processor.py:208} INFO - Processing /home/airflow/.local/lib/python3.12/site-packages/airflow/example_dags/example_dynamic_task_mapping.py took 0.086 seconds
[2024-08-16T13:21:20.447+0000] {processor.py:186} INFO - Started process (PID=1792) to work on /home/airflow/.local/lib/python3.12/site-packages/airflow/example_dags/example_dynamic_task_mapping.py
[2024-08-16T13:21:20.448+0000] {processor.py:914} INFO - Processing file /home/airflow/.local/lib/python3.12/site-packages/airflow/example_dags/example_dynamic_task_mapping.py for tasks to queue
[2024-08-16T13:21:20.451+0000] {logging_mixin.py:190} INFO - [2024-08-16T13:21:20.450+0000] {dagbag.py:587} INFO - Filling up the DagBag from /home/airflow/.local/lib/python3.12/site-packages/airflow/example_dags/example_dynamic_task_mapping.py
[2024-08-16T13:21:20.460+0000] {processor.py:925} INFO - DAG(s) 'example_dynamic_task_mapping' retrieved from /home/airflow/.local/lib/python3.12/site-packages/airflow/example_dags/example_dynamic_task_mapping.py
[2024-08-16T13:21:20.483+0000] {logging_mixin.py:190} INFO - [2024-08-16T13:21:20.483+0000] {dag.py:3211} INFO - Sync 1 DAGs
[2024-08-16T13:21:20.509+0000] {logging_mixin.py:190} INFO - [2024-08-16T13:21:20.508+0000] {dag.py:4138} INFO - Setting next_dagrun for example_dynamic_task_mapping to 2022-03-04 00:00:00+00:00, run_after=2022-03-05 00:00:00+00:00
[2024-08-16T13:21:20.530+0000] {processor.py:208} INFO - Processing /home/airflow/.local/lib/python3.12/site-packages/airflow/example_dags/example_dynamic_task_mapping.py took 0.090 seconds
[2024-08-16T13:21:50.642+0000] {processor.py:186} INFO - Started process (PID=2073) to work on /home/airflow/.local/lib/python3.12/site-packages/airflow/example_dags/example_dynamic_task_mapping.py
[2024-08-16T13:21:50.643+0000] {processor.py:914} INFO - Processing file /home/airflow/.local/lib/python3.12/site-packages/airflow/example_dags/example_dynamic_task_mapping.py for tasks to queue
[2024-08-16T13:21:50.645+0000] {logging_mixin.py:190} INFO - [2024-08-16T13:21:50.645+0000] {dagbag.py:587} INFO - Filling up the DagBag from /home/airflow/.local/lib/python3.12/site-packages/airflow/example_dags/example_dynamic_task_mapping.py
[2024-08-16T13:21:50.654+0000] {processor.py:925} INFO - DAG(s) 'example_dynamic_task_mapping' retrieved from /home/airflow/.local/lib/python3.12/site-packages/airflow/example_dags/example_dynamic_task_mapping.py
[2024-08-16T13:21:50.674+0000] {logging_mixin.py:190} INFO - [2024-08-16T13:21:50.674+0000] {dag.py:3211} INFO - Sync 1 DAGs
[2024-08-16T13:21:50.698+0000] {logging_mixin.py:190} INFO - [2024-08-16T13:21:50.698+0000] {dag.py:4138} INFO - Setting next_dagrun for example_dynamic_task_mapping to 2022-03-04 00:00:00+00:00, run_after=2022-03-05 00:00:00+00:00
[2024-08-16T13:21:50.720+0000] {processor.py:208} INFO - Processing /home/airflow/.local/lib/python3.12/site-packages/airflow/example_dags/example_dynamic_task_mapping.py took 0.085 seconds
[2024-08-16T13:22:21.161+0000] {processor.py:186} INFO - Started process (PID=2359) to work on /home/airflow/.local/lib/python3.12/site-packages/airflow/example_dags/example_dynamic_task_mapping.py
[2024-08-16T13:22:21.162+0000] {processor.py:914} INFO - Processing file /home/airflow/.local/lib/python3.12/site-packages/airflow/example_dags/example_dynamic_task_mapping.py for tasks to queue
[2024-08-16T13:22:21.164+0000] {logging_mixin.py:190} INFO - [2024-08-16T13:22:21.164+0000] {dagbag.py:587} INFO - Filling up the DagBag from /home/airflow/.local/lib/python3.12/site-packages/airflow/example_dags/example_dynamic_task_mapping.py
[2024-08-16T13:22:21.173+0000] {processor.py:925} INFO - DAG(s) 'example_dynamic_task_mapping' retrieved from /home/airflow/.local/lib/python3.12/site-packages/airflow/example_dags/example_dynamic_task_mapping.py
[2024-08-16T13:22:21.193+0000] {logging_mixin.py:190} INFO - [2024-08-16T13:22:21.193+0000] {dag.py:3211} INFO - Sync 1 DAGs
[2024-08-16T13:22:21.218+0000] {logging_mixin.py:190} INFO - [2024-08-16T13:22:21.217+0000] {dag.py:4138} INFO - Setting next_dagrun for example_dynamic_task_mapping to 2022-03-04 00:00:00+00:00, run_after=2022-03-05 00:00:00+00:00
[2024-08-16T13:22:21.238+0000] {processor.py:208} INFO - Processing /home/airflow/.local/lib/python3.12/site-packages/airflow/example_dags/example_dynamic_task_mapping.py took 0.083 seconds
[2024-08-16T13:22:51.515+0000] {processor.py:186} INFO - Started process (PID=2645) to work on /home/airflow/.local/lib/python3.12/site-packages/airflow/example_dags/example_dynamic_task_mapping.py
[2024-08-16T13:22:51.516+0000] {processor.py:914} INFO - Processing file /home/airflow/.local/lib/python3.12/site-packages/airflow/example_dags/example_dynamic_task_mapping.py for tasks to queue
[2024-08-16T13:22:51.519+0000] {logging_mixin.py:190} INFO - [2024-08-16T13:22:51.518+0000] {dagbag.py:587} INFO - Filling up the DagBag from /home/airflow/.local/lib/python3.12/site-packages/airflow/example_dags/example_dynamic_task_mapping.py
[2024-08-16T13:22:51.528+0000] {processor.py:925} INFO - DAG(s) 'example_dynamic_task_mapping' retrieved from /home/airflow/.local/lib/python3.12/site-packages/airflow/example_dags/example_dynamic_task_mapping.py
[2024-08-16T13:22:51.549+0000] {logging_mixin.py:190} INFO - [2024-08-16T13:22:51.549+0000] {dag.py:3211} INFO - Sync 1 DAGs
[2024-08-16T13:22:51.575+0000] {logging_mixin.py:190} INFO - [2024-08-16T13:22:51.574+0000] {dag.py:4138} INFO - Setting next_dagrun for example_dynamic_task_mapping to 2022-03-04 00:00:00+00:00, run_after=2022-03-05 00:00:00+00:00
[2024-08-16T13:22:51.594+0000] {processor.py:208} INFO - Processing /home/airflow/.local/lib/python3.12/site-packages/airflow/example_dags/example_dynamic_task_mapping.py took 0.085 seconds
[2024-08-16T13:23:21.820+0000] {processor.py:186} INFO - Started process (PID=2931) to work on /home/airflow/.local/lib/python3.12/site-packages/airflow/example_dags/example_dynamic_task_mapping.py
[2024-08-16T13:23:21.821+0000] {processor.py:914} INFO - Processing file /home/airflow/.local/lib/python3.12/site-packages/airflow/example_dags/example_dynamic_task_mapping.py for tasks to queue
[2024-08-16T13:23:21.824+0000] {logging_mixin.py:190} INFO - [2024-08-16T13:23:21.823+0000] {dagbag.py:587} INFO - Filling up the DagBag from /home/airflow/.local/lib/python3.12/site-packages/airflow/example_dags/example_dynamic_task_mapping.py
[2024-08-16T13:23:21.832+0000] {processor.py:925} INFO - DAG(s) 'example_dynamic_task_mapping' retrieved from /home/airflow/.local/lib/python3.12/site-packages/airflow/example_dags/example_dynamic_task_mapping.py
[2024-08-16T13:23:21.856+0000] {logging_mixin.py:190} INFO - [2024-08-16T13:23:21.856+0000] {dag.py:3211} INFO - Sync 1 DAGs
[2024-08-16T13:23:21.880+0000] {logging_mixin.py:190} INFO - [2024-08-16T13:23:21.880+0000] {dag.py:4138} INFO - Setting next_dagrun for example_dynamic_task_mapping to 2022-03-04 00:00:00+00:00, run_after=2022-03-05 00:00:00+00:00
[2024-08-16T13:23:21.901+0000] {processor.py:208} INFO - Processing /home/airflow/.local/lib/python3.12/site-packages/airflow/example_dags/example_dynamic_task_mapping.py took 0.087 seconds
[2024-08-16T13:23:52.115+0000] {processor.py:186} INFO - Started process (PID=3217) to work on /home/airflow/.local/lib/python3.12/site-packages/airflow/example_dags/example_dynamic_task_mapping.py
[2024-08-16T13:23:52.116+0000] {processor.py:914} INFO - Processing file /home/airflow/.local/lib/python3.12/site-packages/airflow/example_dags/example_dynamic_task_mapping.py for tasks to queue
[2024-08-16T13:23:52.119+0000] {logging_mixin.py:190} INFO - [2024-08-16T13:23:52.118+0000] {dagbag.py:587} INFO - Filling up the DagBag from /home/airflow/.local/lib/python3.12/site-packages/airflow/example_dags/example_dynamic_task_mapping.py
[2024-08-16T13:23:52.128+0000] {processor.py:925} INFO - DAG(s) 'example_dynamic_task_mapping' retrieved from /home/airflow/.local/lib/python3.12/site-packages/airflow/example_dags/example_dynamic_task_mapping.py
[2024-08-16T13:23:52.148+0000] {logging_mixin.py:190} INFO - [2024-08-16T13:23:52.148+0000] {dag.py:3211} INFO - Sync 1 DAGs
[2024-08-16T13:23:52.174+0000] {logging_mixin.py:190} INFO - [2024-08-16T13:23:52.173+0000] {dag.py:4138} INFO - Setting next_dagrun for example_dynamic_task_mapping to 2022-03-04 00:00:00+00:00, run_after=2022-03-05 00:00:00+00:00
[2024-08-16T13:23:52.195+0000] {processor.py:208} INFO - Processing /home/airflow/.local/lib/python3.12/site-packages/airflow/example_dags/example_dynamic_task_mapping.py took 0.086 seconds
[2024-08-16T13:24:22.438+0000] {processor.py:186} INFO - Started process (PID=3503) to work on /home/airflow/.local/lib/python3.12/site-packages/airflow/example_dags/example_dynamic_task_mapping.py
[2024-08-16T13:24:22.439+0000] {processor.py:914} INFO - Processing file /home/airflow/.local/lib/python3.12/site-packages/airflow/example_dags/example_dynamic_task_mapping.py for tasks to queue
[2024-08-16T13:24:22.442+0000] {logging_mixin.py:190} INFO - [2024-08-16T13:24:22.442+0000] {dagbag.py:587} INFO - Filling up the DagBag from /home/airflow/.local/lib/python3.12/site-packages/airflow/example_dags/example_dynamic_task_mapping.py
[2024-08-16T13:24:22.452+0000] {processor.py:925} INFO - DAG(s) 'example_dynamic_task_mapping' retrieved from /home/airflow/.local/lib/python3.12/site-packages/airflow/example_dags/example_dynamic_task_mapping.py
[2024-08-16T13:24:22.472+0000] {logging_mixin.py:190} INFO - [2024-08-16T13:24:22.471+0000] {dag.py:3211} INFO - Sync 1 DAGs
[2024-08-16T13:24:22.496+0000] {logging_mixin.py:190} INFO - [2024-08-16T13:24:22.496+0000] {dag.py:4138} INFO - Setting next_dagrun for example_dynamic_task_mapping to 2022-03-04 00:00:00+00:00, run_after=2022-03-05 00:00:00+00:00
[2024-08-16T13:24:22.517+0000] {processor.py:208} INFO - Processing /home/airflow/.local/lib/python3.12/site-packages/airflow/example_dags/example_dynamic_task_mapping.py took 0.086 seconds
[2024-08-16T13:24:52.814+0000] {processor.py:186} INFO - Started process (PID=3789) to work on /home/airflow/.local/lib/python3.12/site-packages/airflow/example_dags/example_dynamic_task_mapping.py
[2024-08-16T13:24:52.815+0000] {processor.py:914} INFO - Processing file /home/airflow/.local/lib/python3.12/site-packages/airflow/example_dags/example_dynamic_task_mapping.py for tasks to queue
[2024-08-16T13:24:52.818+0000] {logging_mixin.py:190} INFO - [2024-08-16T13:24:52.817+0000] {dagbag.py:587} INFO - Filling up the DagBag from /home/airflow/.local/lib/python3.12/site-packages/airflow/example_dags/example_dynamic_task_mapping.py
[2024-08-16T13:24:52.830+0000] {processor.py:925} INFO - DAG(s) 'example_dynamic_task_mapping' retrieved from /home/airflow/.local/lib/python3.12/site-packages/airflow/example_dags/example_dynamic_task_mapping.py
[2024-08-16T13:24:52.852+0000] {logging_mixin.py:190} INFO - [2024-08-16T13:24:52.851+0000] {dag.py:3211} INFO - Sync 1 DAGs
[2024-08-16T13:24:52.877+0000] {logging_mixin.py:190} INFO - [2024-08-16T13:24:52.877+0000] {dag.py:4138} INFO - Setting next_dagrun for example_dynamic_task_mapping to 2022-03-04 00:00:00+00:00, run_after=2022-03-05 00:00:00+00:00
[2024-08-16T13:24:52.899+0000] {processor.py:208} INFO - Processing /home/airflow/.local/lib/python3.12/site-packages/airflow/example_dags/example_dynamic_task_mapping.py took 0.092 seconds
[2024-08-16T13:25:23.089+0000] {processor.py:186} INFO - Started process (PID=4075) to work on /home/airflow/.local/lib/python3.12/site-packages/airflow/example_dags/example_dynamic_task_mapping.py
[2024-08-16T13:25:23.090+0000] {processor.py:914} INFO - Processing file /home/airflow/.local/lib/python3.12/site-packages/airflow/example_dags/example_dynamic_task_mapping.py for tasks to queue
[2024-08-16T13:25:23.092+0000] {logging_mixin.py:190} INFO - [2024-08-16T13:25:23.092+0000] {dagbag.py:587} INFO - Filling up the DagBag from /home/airflow/.local/lib/python3.12/site-packages/airflow/example_dags/example_dynamic_task_mapping.py
[2024-08-16T13:25:23.101+0000] {processor.py:925} INFO - DAG(s) 'example_dynamic_task_mapping' retrieved from /home/airflow/.local/lib/python3.12/site-packages/airflow/example_dags/example_dynamic_task_mapping.py
[2024-08-16T13:25:23.125+0000] {logging_mixin.py:190} INFO - [2024-08-16T13:25:23.124+0000] {dag.py:3211} INFO - Sync 1 DAGs
[2024-08-16T13:25:23.149+0000] {logging_mixin.py:190} INFO - [2024-08-16T13:25:23.148+0000] {dag.py:4138} INFO - Setting next_dagrun for example_dynamic_task_mapping to 2022-03-04 00:00:00+00:00, run_after=2022-03-05 00:00:00+00:00
[2024-08-16T13:25:23.169+0000] {processor.py:208} INFO - Processing /home/airflow/.local/lib/python3.12/site-packages/airflow/example_dags/example_dynamic_task_mapping.py took 0.087 seconds
[2024-08-16T13:25:53.576+0000] {processor.py:186} INFO - Started process (PID=4361) to work on /home/airflow/.local/lib/python3.12/site-packages/airflow/example_dags/example_dynamic_task_mapping.py
[2024-08-16T13:25:53.577+0000] {processor.py:914} INFO - Processing file /home/airflow/.local/lib/python3.12/site-packages/airflow/example_dags/example_dynamic_task_mapping.py for tasks to queue
[2024-08-16T13:25:53.580+0000] {logging_mixin.py:190} INFO - [2024-08-16T13:25:53.579+0000] {dagbag.py:587} INFO - Filling up the DagBag from /home/airflow/.local/lib/python3.12/site-packages/airflow/example_dags/example_dynamic_task_mapping.py
[2024-08-16T13:25:53.588+0000] {processor.py:925} INFO - DAG(s) 'example_dynamic_task_mapping' retrieved from /home/airflow/.local/lib/python3.12/site-packages/airflow/example_dags/example_dynamic_task_mapping.py
[2024-08-16T13:25:53.611+0000] {logging_mixin.py:190} INFO - [2024-08-16T13:25:53.610+0000] {dag.py:3211} INFO - Sync 1 DAGs
[2024-08-16T13:25:53.636+0000] {logging_mixin.py:190} INFO - [2024-08-16T13:25:53.636+0000] {dag.py:4138} INFO - Setting next_dagrun for example_dynamic_task_mapping to 2022-03-04 00:00:00+00:00, run_after=2022-03-05 00:00:00+00:00
[2024-08-16T13:25:53.662+0000] {processor.py:208} INFO - Processing /home/airflow/.local/lib/python3.12/site-packages/airflow/example_dags/example_dynamic_task_mapping.py took 0.093 seconds
[2024-08-16T13:26:23.927+0000] {processor.py:186} INFO - Started process (PID=4647) to work on /home/airflow/.local/lib/python3.12/site-packages/airflow/example_dags/example_dynamic_task_mapping.py
[2024-08-16T13:26:23.928+0000] {processor.py:914} INFO - Processing file /home/airflow/.local/lib/python3.12/site-packages/airflow/example_dags/example_dynamic_task_mapping.py for tasks to queue
[2024-08-16T13:26:23.931+0000] {logging_mixin.py:190} INFO - [2024-08-16T13:26:23.931+0000] {dagbag.py:587} INFO - Filling up the DagBag from /home/airflow/.local/lib/python3.12/site-packages/airflow/example_dags/example_dynamic_task_mapping.py
[2024-08-16T13:26:23.940+0000] {processor.py:925} INFO - DAG(s) 'example_dynamic_task_mapping' retrieved from /home/airflow/.local/lib/python3.12/site-packages/airflow/example_dags/example_dynamic_task_mapping.py
[2024-08-16T13:26:23.961+0000] {logging_mixin.py:190} INFO - [2024-08-16T13:26:23.961+0000] {dag.py:3211} INFO - Sync 1 DAGs
[2024-08-16T13:26:23.987+0000] {logging_mixin.py:190} INFO - [2024-08-16T13:26:23.986+0000] {dag.py:4138} INFO - Setting next_dagrun for example_dynamic_task_mapping to 2022-03-04 00:00:00+00:00, run_after=2022-03-05 00:00:00+00:00
[2024-08-16T13:26:24.006+0000] {processor.py:208} INFO - Processing /home/airflow/.local/lib/python3.12/site-packages/airflow/example_dags/example_dynamic_task_mapping.py took 0.086 seconds
[2024-08-16T13:26:54.548+0000] {processor.py:186} INFO - Started process (PID=4933) to work on /home/airflow/.local/lib/python3.12/site-packages/airflow/example_dags/example_dynamic_task_mapping.py
[2024-08-16T13:26:54.549+0000] {processor.py:914} INFO - Processing file /home/airflow/.local/lib/python3.12/site-packages/airflow/example_dags/example_dynamic_task_mapping.py for tasks to queue
[2024-08-16T13:26:54.552+0000] {logging_mixin.py:190} INFO - [2024-08-16T13:26:54.552+0000] {dagbag.py:587} INFO - Filling up the DagBag from /home/airflow/.local/lib/python3.12/site-packages/airflow/example_dags/example_dynamic_task_mapping.py
[2024-08-16T13:26:54.560+0000] {processor.py:925} INFO - DAG(s) 'example_dynamic_task_mapping' retrieved from /home/airflow/.local/lib/python3.12/site-packages/airflow/example_dags/example_dynamic_task_mapping.py
[2024-08-16T13:26:54.581+0000] {logging_mixin.py:190} INFO - [2024-08-16T13:26:54.580+0000] {dag.py:3211} INFO - Sync 1 DAGs
[2024-08-16T13:26:54.611+0000] {logging_mixin.py:190} INFO - [2024-08-16T13:26:54.611+0000] {dag.py:4138} INFO - Setting next_dagrun for example_dynamic_task_mapping to 2022-03-04 00:00:00+00:00, run_after=2022-03-05 00:00:00+00:00
[2024-08-16T13:26:54.631+0000] {processor.py:208} INFO - Processing /home/airflow/.local/lib/python3.12/site-packages/airflow/example_dags/example_dynamic_task_mapping.py took 0.090 seconds
[2024-08-16T13:27:24.932+0000] {processor.py:186} INFO - Started process (PID=5220) to work on /home/airflow/.local/lib/python3.12/site-packages/airflow/example_dags/example_dynamic_task_mapping.py
[2024-08-16T13:27:24.933+0000] {processor.py:914} INFO - Processing file /home/airflow/.local/lib/python3.12/site-packages/airflow/example_dags/example_dynamic_task_mapping.py for tasks to queue
[2024-08-16T13:27:24.936+0000] {logging_mixin.py:190} INFO - [2024-08-16T13:27:24.935+0000] {dagbag.py:587} INFO - Filling up the DagBag from /home/airflow/.local/lib/python3.12/site-packages/airflow/example_dags/example_dynamic_task_mapping.py
[2024-08-16T13:27:24.944+0000] {processor.py:925} INFO - DAG(s) 'example_dynamic_task_mapping' retrieved from /home/airflow/.local/lib/python3.12/site-packages/airflow/example_dags/example_dynamic_task_mapping.py
[2024-08-16T13:27:24.966+0000] {logging_mixin.py:190} INFO - [2024-08-16T13:27:24.966+0000] {dag.py:3211} INFO - Sync 1 DAGs
[2024-08-16T13:27:24.990+0000] {logging_mixin.py:190} INFO - [2024-08-16T13:27:24.990+0000] {dag.py:4138} INFO - Setting next_dagrun for example_dynamic_task_mapping to 2022-03-04 00:00:00+00:00, run_after=2022-03-05 00:00:00+00:00
[2024-08-16T13:27:25.010+0000] {processor.py:208} INFO - Processing /home/airflow/.local/lib/python3.12/site-packages/airflow/example_dags/example_dynamic_task_mapping.py took 0.085 seconds
[2024-08-16T13:27:55.320+0000] {processor.py:186} INFO - Started process (PID=5506) to work on /home/airflow/.local/lib/python3.12/site-packages/airflow/example_dags/example_dynamic_task_mapping.py
[2024-08-16T13:27:55.322+0000] {processor.py:914} INFO - Processing file /home/airflow/.local/lib/python3.12/site-packages/airflow/example_dags/example_dynamic_task_mapping.py for tasks to queue
[2024-08-16T13:27:55.324+0000] {logging_mixin.py:190} INFO - [2024-08-16T13:27:55.324+0000] {dagbag.py:587} INFO - Filling up the DagBag from /home/airflow/.local/lib/python3.12/site-packages/airflow/example_dags/example_dynamic_task_mapping.py
[2024-08-16T13:27:55.335+0000] {processor.py:925} INFO - DAG(s) 'example_dynamic_task_mapping' retrieved from /home/airflow/.local/lib/python3.12/site-packages/airflow/example_dags/example_dynamic_task_mapping.py
[2024-08-16T13:27:55.357+0000] {logging_mixin.py:190} INFO - [2024-08-16T13:27:55.357+0000] {dag.py:3211} INFO - Sync 1 DAGs
[2024-08-16T13:27:55.385+0000] {logging_mixin.py:190} INFO - [2024-08-16T13:27:55.385+0000] {dag.py:4138} INFO - Setting next_dagrun for example_dynamic_task_mapping to 2022-03-04 00:00:00+00:00, run_after=2022-03-05 00:00:00+00:00
[2024-08-16T13:27:55.408+0000] {processor.py:208} INFO - Processing /home/airflow/.local/lib/python3.12/site-packages/airflow/example_dags/example_dynamic_task_mapping.py took 0.094 seconds
[2024-08-16T13:28:26.018+0000] {processor.py:186} INFO - Started process (PID=5792) to work on /home/airflow/.local/lib/python3.12/site-packages/airflow/example_dags/example_dynamic_task_mapping.py
[2024-08-16T13:28:26.019+0000] {processor.py:914} INFO - Processing file /home/airflow/.local/lib/python3.12/site-packages/airflow/example_dags/example_dynamic_task_mapping.py for tasks to queue
[2024-08-16T13:28:26.022+0000] {logging_mixin.py:190} INFO - [2024-08-16T13:28:26.022+0000] {dagbag.py:587} INFO - Filling up the DagBag from /home/airflow/.local/lib/python3.12/site-packages/airflow/example_dags/example_dynamic_task_mapping.py
[2024-08-16T13:28:26.036+0000] {processor.py:925} INFO - DAG(s) 'example_dynamic_task_mapping' retrieved from /home/airflow/.local/lib/python3.12/site-packages/airflow/example_dags/example_dynamic_task_mapping.py
[2024-08-16T13:28:26.066+0000] {logging_mixin.py:190} INFO - [2024-08-16T13:28:26.066+0000] {dag.py:3211} INFO - Sync 1 DAGs
[2024-08-16T13:28:26.106+0000] {logging_mixin.py:190} INFO - [2024-08-16T13:28:26.105+0000] {dag.py:4138} INFO - Setting next_dagrun for example_dynamic_task_mapping to 2022-03-04 00:00:00+00:00, run_after=2022-03-05 00:00:00+00:00
[2024-08-16T13:28:26.140+0000] {processor.py:208} INFO - Processing /home/airflow/.local/lib/python3.12/site-packages/airflow/example_dags/example_dynamic_task_mapping.py took 0.129 seconds
[2024-08-16T13:28:56.385+0000] {processor.py:186} INFO - Started process (PID=6078) to work on /home/airflow/.local/lib/python3.12/site-packages/airflow/example_dags/example_dynamic_task_mapping.py
[2024-08-16T13:28:56.386+0000] {processor.py:914} INFO - Processing file /home/airflow/.local/lib/python3.12/site-packages/airflow/example_dags/example_dynamic_task_mapping.py for tasks to queue
[2024-08-16T13:28:56.389+0000] {logging_mixin.py:190} INFO - [2024-08-16T13:28:56.388+0000] {dagbag.py:587} INFO - Filling up the DagBag from /home/airflow/.local/lib/python3.12/site-packages/airflow/example_dags/example_dynamic_task_mapping.py
[2024-08-16T13:28:56.401+0000] {processor.py:925} INFO - DAG(s) 'example_dynamic_task_mapping' retrieved from /home/airflow/.local/lib/python3.12/site-packages/airflow/example_dags/example_dynamic_task_mapping.py
[2024-08-16T13:28:56.423+0000] {logging_mixin.py:190} INFO - [2024-08-16T13:28:56.423+0000] {dag.py:3211} INFO - Sync 1 DAGs
[2024-08-16T13:28:56.448+0000] {logging_mixin.py:190} INFO - [2024-08-16T13:28:56.447+0000] {dag.py:4138} INFO - Setting next_dagrun for example_dynamic_task_mapping to 2022-03-04 00:00:00+00:00, run_after=2022-03-05 00:00:00+00:00
[2024-08-16T13:28:56.468+0000] {processor.py:208} INFO - Processing /home/airflow/.local/lib/python3.12/site-packages/airflow/example_dags/example_dynamic_task_mapping.py took 0.089 seconds
[2024-08-16T13:29:26.972+0000] {processor.py:186} INFO - Started process (PID=6364) to work on /home/airflow/.local/lib/python3.12/site-packages/airflow/example_dags/example_dynamic_task_mapping.py
[2024-08-16T13:29:26.973+0000] {processor.py:914} INFO - Processing file /home/airflow/.local/lib/python3.12/site-packages/airflow/example_dags/example_dynamic_task_mapping.py for tasks to queue
[2024-08-16T13:29:26.975+0000] {logging_mixin.py:190} INFO - [2024-08-16T13:29:26.975+0000] {dagbag.py:587} INFO - Filling up the DagBag from /home/airflow/.local/lib/python3.12/site-packages/airflow/example_dags/example_dynamic_task_mapping.py
[2024-08-16T13:29:26.984+0000] {processor.py:925} INFO - DAG(s) 'example_dynamic_task_mapping' retrieved from /home/airflow/.local/lib/python3.12/site-packages/airflow/example_dags/example_dynamic_task_mapping.py
[2024-08-16T13:29:27.004+0000] {logging_mixin.py:190} INFO - [2024-08-16T13:29:27.004+0000] {dag.py:3211} INFO - Sync 1 DAGs
[2024-08-16T13:29:27.027+0000] {logging_mixin.py:190} INFO - [2024-08-16T13:29:27.027+0000] {dag.py:4138} INFO - Setting next_dagrun for example_dynamic_task_mapping to 2022-03-04 00:00:00+00:00, run_after=2022-03-05 00:00:00+00:00
[2024-08-16T13:29:27.046+0000] {processor.py:208} INFO - Processing /home/airflow/.local/lib/python3.12/site-packages/airflow/example_dags/example_dynamic_task_mapping.py took 0.082 seconds
[2024-08-16T13:29:57.276+0000] {processor.py:186} INFO - Started process (PID=6648) to work on /home/airflow/.local/lib/python3.12/site-packages/airflow/example_dags/example_dynamic_task_mapping.py
[2024-08-16T13:29:57.277+0000] {processor.py:914} INFO - Processing file /home/airflow/.local/lib/python3.12/site-packages/airflow/example_dags/example_dynamic_task_mapping.py for tasks to queue
[2024-08-16T13:29:57.280+0000] {logging_mixin.py:190} INFO - [2024-08-16T13:29:57.280+0000] {dagbag.py:587} INFO - Filling up the DagBag from /home/airflow/.local/lib/python3.12/site-packages/airflow/example_dags/example_dynamic_task_mapping.py
[2024-08-16T13:29:57.290+0000] {processor.py:925} INFO - DAG(s) 'example_dynamic_task_mapping' retrieved from /home/airflow/.local/lib/python3.12/site-packages/airflow/example_dags/example_dynamic_task_mapping.py
[2024-08-16T13:29:57.313+0000] {logging_mixin.py:190} INFO - [2024-08-16T13:29:57.313+0000] {dag.py:3211} INFO - Sync 1 DAGs
[2024-08-16T13:29:57.340+0000] {logging_mixin.py:190} INFO - [2024-08-16T13:29:57.340+0000] {dag.py:4138} INFO - Setting next_dagrun for example_dynamic_task_mapping to 2022-03-04 00:00:00+00:00, run_after=2022-03-05 00:00:00+00:00
[2024-08-16T13:29:57.358+0000] {processor.py:208} INFO - Processing /home/airflow/.local/lib/python3.12/site-packages/airflow/example_dags/example_dynamic_task_mapping.py took 0.088 seconds
[2024-08-16T13:30:27.862+0000] {processor.py:186} INFO - Started process (PID=6937) to work on /home/airflow/.local/lib/python3.12/site-packages/airflow/example_dags/example_dynamic_task_mapping.py
[2024-08-16T13:30:27.863+0000] {processor.py:914} INFO - Processing file /home/airflow/.local/lib/python3.12/site-packages/airflow/example_dags/example_dynamic_task_mapping.py for tasks to queue
[2024-08-16T13:30:27.866+0000] {logging_mixin.py:190} INFO - [2024-08-16T13:30:27.865+0000] {dagbag.py:587} INFO - Filling up the DagBag from /home/airflow/.local/lib/python3.12/site-packages/airflow/example_dags/example_dynamic_task_mapping.py
[2024-08-16T13:30:27.875+0000] {processor.py:925} INFO - DAG(s) 'example_dynamic_task_mapping' retrieved from /home/airflow/.local/lib/python3.12/site-packages/airflow/example_dags/example_dynamic_task_mapping.py
[2024-08-16T13:30:27.897+0000] {logging_mixin.py:190} INFO - [2024-08-16T13:30:27.896+0000] {dag.py:3211} INFO - Sync 1 DAGs
[2024-08-16T13:30:27.921+0000] {logging_mixin.py:190} INFO - [2024-08-16T13:30:27.921+0000] {dag.py:4138} INFO - Setting next_dagrun for example_dynamic_task_mapping to 2022-03-04 00:00:00+00:00, run_after=2022-03-05 00:00:00+00:00
[2024-08-16T13:30:27.942+0000] {processor.py:208} INFO - Processing /home/airflow/.local/lib/python3.12/site-packages/airflow/example_dags/example_dynamic_task_mapping.py took 0.086 seconds
[2024-08-16T13:30:58.592+0000] {processor.py:186} INFO - Started process (PID=7223) to work on /home/airflow/.local/lib/python3.12/site-packages/airflow/example_dags/example_dynamic_task_mapping.py
[2024-08-16T13:30:58.593+0000] {processor.py:914} INFO - Processing file /home/airflow/.local/lib/python3.12/site-packages/airflow/example_dags/example_dynamic_task_mapping.py for tasks to queue
[2024-08-16T13:30:58.596+0000] {logging_mixin.py:190} INFO - [2024-08-16T13:30:58.595+0000] {dagbag.py:587} INFO - Filling up the DagBag from /home/airflow/.local/lib/python3.12/site-packages/airflow/example_dags/example_dynamic_task_mapping.py
[2024-08-16T13:30:58.605+0000] {processor.py:925} INFO - DAG(s) 'example_dynamic_task_mapping' retrieved from /home/airflow/.local/lib/python3.12/site-packages/airflow/example_dags/example_dynamic_task_mapping.py
[2024-08-16T13:30:58.628+0000] {logging_mixin.py:190} INFO - [2024-08-16T13:30:58.627+0000] {dag.py:3211} INFO - Sync 1 DAGs
[2024-08-16T13:30:58.655+0000] {logging_mixin.py:190} INFO - [2024-08-16T13:30:58.654+0000] {dag.py:4138} INFO - Setting next_dagrun for example_dynamic_task_mapping to 2022-03-04 00:00:00+00:00, run_after=2022-03-05 00:00:00+00:00
[2024-08-16T13:30:58.677+0000] {processor.py:208} INFO - Processing /home/airflow/.local/lib/python3.12/site-packages/airflow/example_dags/example_dynamic_task_mapping.py took 0.091 seconds
[2024-08-16T13:31:29.000+0000] {processor.py:186} INFO - Started process (PID=7509) to work on /home/airflow/.local/lib/python3.12/site-packages/airflow/example_dags/example_dynamic_task_mapping.py
[2024-08-16T13:31:29.002+0000] {processor.py:914} INFO - Processing file /home/airflow/.local/lib/python3.12/site-packages/airflow/example_dags/example_dynamic_task_mapping.py for tasks to queue
[2024-08-16T13:31:29.004+0000] {logging_mixin.py:190} INFO - [2024-08-16T13:31:29.004+0000] {dagbag.py:587} INFO - Filling up the DagBag from /home/airflow/.local/lib/python3.12/site-packages/airflow/example_dags/example_dynamic_task_mapping.py
[2024-08-16T13:31:29.013+0000] {processor.py:925} INFO - DAG(s) 'example_dynamic_task_mapping' retrieved from /home/airflow/.local/lib/python3.12/site-packages/airflow/example_dags/example_dynamic_task_mapping.py
[2024-08-16T13:31:29.033+0000] {logging_mixin.py:190} INFO - [2024-08-16T13:31:29.033+0000] {dag.py:3211} INFO - Sync 1 DAGs
[2024-08-16T13:31:29.057+0000] {logging_mixin.py:190} INFO - [2024-08-16T13:31:29.057+0000] {dag.py:4138} INFO - Setting next_dagrun for example_dynamic_task_mapping to 2022-03-04 00:00:00+00:00, run_after=2022-03-05 00:00:00+00:00
[2024-08-16T13:31:29.077+0000] {processor.py:208} INFO - Processing /home/airflow/.local/lib/python3.12/site-packages/airflow/example_dags/example_dynamic_task_mapping.py took 0.083 seconds
[2024-08-16T13:31:59.539+0000] {processor.py:186} INFO - Started process (PID=7795) to work on /home/airflow/.local/lib/python3.12/site-packages/airflow/example_dags/example_dynamic_task_mapping.py
[2024-08-16T13:31:59.540+0000] {processor.py:914} INFO - Processing file /home/airflow/.local/lib/python3.12/site-packages/airflow/example_dags/example_dynamic_task_mapping.py for tasks to queue
[2024-08-16T13:31:59.544+0000] {logging_mixin.py:190} INFO - [2024-08-16T13:31:59.544+0000] {dagbag.py:587} INFO - Filling up the DagBag from /home/airflow/.local/lib/python3.12/site-packages/airflow/example_dags/example_dynamic_task_mapping.py
[2024-08-16T13:31:59.553+0000] {processor.py:925} INFO - DAG(s) 'example_dynamic_task_mapping' retrieved from /home/airflow/.local/lib/python3.12/site-packages/airflow/example_dags/example_dynamic_task_mapping.py
[2024-08-16T13:31:59.575+0000] {logging_mixin.py:190} INFO - [2024-08-16T13:31:59.575+0000] {dag.py:3211} INFO - Sync 1 DAGs
[2024-08-16T13:31:59.599+0000] {logging_mixin.py:190} INFO - [2024-08-16T13:31:59.599+0000] {dag.py:4138} INFO - Setting next_dagrun for example_dynamic_task_mapping to 2022-03-04 00:00:00+00:00, run_after=2022-03-05 00:00:00+00:00
[2024-08-16T13:31:59.619+0000] {processor.py:208} INFO - Processing /home/airflow/.local/lib/python3.12/site-packages/airflow/example_dags/example_dynamic_task_mapping.py took 0.087 seconds
[2024-08-16T13:32:30.129+0000] {processor.py:186} INFO - Started process (PID=8081) to work on /home/airflow/.local/lib/python3.12/site-packages/airflow/example_dags/example_dynamic_task_mapping.py
[2024-08-16T13:32:30.130+0000] {processor.py:914} INFO - Processing file /home/airflow/.local/lib/python3.12/site-packages/airflow/example_dags/example_dynamic_task_mapping.py for tasks to queue
[2024-08-16T13:32:30.133+0000] {logging_mixin.py:190} INFO - [2024-08-16T13:32:30.132+0000] {dagbag.py:587} INFO - Filling up the DagBag from /home/airflow/.local/lib/python3.12/site-packages/airflow/example_dags/example_dynamic_task_mapping.py
[2024-08-16T13:32:30.144+0000] {processor.py:925} INFO - DAG(s) 'example_dynamic_task_mapping' retrieved from /home/airflow/.local/lib/python3.12/site-packages/airflow/example_dags/example_dynamic_task_mapping.py
[2024-08-16T13:32:30.164+0000] {logging_mixin.py:190} INFO - [2024-08-16T13:32:30.164+0000] {dag.py:3211} INFO - Sync 1 DAGs
[2024-08-16T13:32:30.188+0000] {logging_mixin.py:190} INFO - [2024-08-16T13:32:30.187+0000] {dag.py:4138} INFO - Setting next_dagrun for example_dynamic_task_mapping to 2022-03-04 00:00:00+00:00, run_after=2022-03-05 00:00:00+00:00
[2024-08-16T13:32:30.208+0000] {processor.py:208} INFO - Processing /home/airflow/.local/lib/python3.12/site-packages/airflow/example_dags/example_dynamic_task_mapping.py took 0.085 seconds
[2024-08-16T13:33:00.524+0000] {processor.py:186} INFO - Started process (PID=8367) to work on /home/airflow/.local/lib/python3.12/site-packages/airflow/example_dags/example_dynamic_task_mapping.py
[2024-08-16T13:33:00.526+0000] {processor.py:914} INFO - Processing file /home/airflow/.local/lib/python3.12/site-packages/airflow/example_dags/example_dynamic_task_mapping.py for tasks to queue
[2024-08-16T13:33:00.529+0000] {logging_mixin.py:190} INFO - [2024-08-16T13:33:00.528+0000] {dagbag.py:587} INFO - Filling up the DagBag from /home/airflow/.local/lib/python3.12/site-packages/airflow/example_dags/example_dynamic_task_mapping.py
[2024-08-16T13:33:00.542+0000] {processor.py:925} INFO - DAG(s) 'example_dynamic_task_mapping' retrieved from /home/airflow/.local/lib/python3.12/site-packages/airflow/example_dags/example_dynamic_task_mapping.py
[2024-08-16T13:33:00.566+0000] {logging_mixin.py:190} INFO - [2024-08-16T13:33:00.566+0000] {dag.py:3211} INFO - Sync 1 DAGs
[2024-08-16T13:33:00.596+0000] {logging_mixin.py:190} INFO - [2024-08-16T13:33:00.596+0000] {dag.py:4138} INFO - Setting next_dagrun for example_dynamic_task_mapping to 2022-03-04 00:00:00+00:00, run_after=2022-03-05 00:00:00+00:00
[2024-08-16T13:33:00.617+0000] {processor.py:208} INFO - Processing /home/airflow/.local/lib/python3.12/site-packages/airflow/example_dags/example_dynamic_task_mapping.py took 0.100 seconds
[2024-08-16T13:33:30.911+0000] {processor.py:186} INFO - Started process (PID=8653) to work on /home/airflow/.local/lib/python3.12/site-packages/airflow/example_dags/example_dynamic_task_mapping.py
[2024-08-16T13:33:30.912+0000] {processor.py:914} INFO - Processing file /home/airflow/.local/lib/python3.12/site-packages/airflow/example_dags/example_dynamic_task_mapping.py for tasks to queue
[2024-08-16T13:33:30.915+0000] {logging_mixin.py:190} INFO - [2024-08-16T13:33:30.915+0000] {dagbag.py:587} INFO - Filling up the DagBag from /home/airflow/.local/lib/python3.12/site-packages/airflow/example_dags/example_dynamic_task_mapping.py
[2024-08-16T13:33:30.925+0000] {processor.py:925} INFO - DAG(s) 'example_dynamic_task_mapping' retrieved from /home/airflow/.local/lib/python3.12/site-packages/airflow/example_dags/example_dynamic_task_mapping.py
[2024-08-16T13:33:30.947+0000] {logging_mixin.py:190} INFO - [2024-08-16T13:33:30.947+0000] {dag.py:3211} INFO - Sync 1 DAGs
[2024-08-16T13:33:30.976+0000] {logging_mixin.py:190} INFO - [2024-08-16T13:33:30.976+0000] {dag.py:4138} INFO - Setting next_dagrun for example_dynamic_task_mapping to 2022-03-04 00:00:00+00:00, run_after=2022-03-05 00:00:00+00:00
[2024-08-16T13:33:30.998+0000] {processor.py:208} INFO - Processing /home/airflow/.local/lib/python3.12/site-packages/airflow/example_dags/example_dynamic_task_mapping.py took 0.093 seconds
[2024-08-16T13:34:01.171+0000] {processor.py:186} INFO - Started process (PID=8939) to work on /home/airflow/.local/lib/python3.12/site-packages/airflow/example_dags/example_dynamic_task_mapping.py
[2024-08-16T13:34:01.172+0000] {processor.py:914} INFO - Processing file /home/airflow/.local/lib/python3.12/site-packages/airflow/example_dags/example_dynamic_task_mapping.py for tasks to queue
[2024-08-16T13:34:01.174+0000] {logging_mixin.py:190} INFO - [2024-08-16T13:34:01.174+0000] {dagbag.py:587} INFO - Filling up the DagBag from /home/airflow/.local/lib/python3.12/site-packages/airflow/example_dags/example_dynamic_task_mapping.py
[2024-08-16T13:34:01.184+0000] {processor.py:925} INFO - DAG(s) 'example_dynamic_task_mapping' retrieved from /home/airflow/.local/lib/python3.12/site-packages/airflow/example_dags/example_dynamic_task_mapping.py
[2024-08-16T13:34:01.207+0000] {logging_mixin.py:190} INFO - [2024-08-16T13:34:01.206+0000] {dag.py:3211} INFO - Sync 1 DAGs
[2024-08-16T13:34:01.231+0000] {logging_mixin.py:190} INFO - [2024-08-16T13:34:01.231+0000] {dag.py:4138} INFO - Setting next_dagrun for example_dynamic_task_mapping to 2022-03-04 00:00:00+00:00, run_after=2022-03-05 00:00:00+00:00
[2024-08-16T13:34:01.255+0000] {processor.py:208} INFO - Processing /home/airflow/.local/lib/python3.12/site-packages/airflow/example_dags/example_dynamic_task_mapping.py took 0.091 seconds
[2024-08-16T13:34:31.866+0000] {processor.py:186} INFO - Started process (PID=9225) to work on /home/airflow/.local/lib/python3.12/site-packages/airflow/example_dags/example_dynamic_task_mapping.py
[2024-08-16T13:34:31.867+0000] {processor.py:914} INFO - Processing file /home/airflow/.local/lib/python3.12/site-packages/airflow/example_dags/example_dynamic_task_mapping.py for tasks to queue
[2024-08-16T13:34:31.869+0000] {logging_mixin.py:190} INFO - [2024-08-16T13:34:31.869+0000] {dagbag.py:587} INFO - Filling up the DagBag from /home/airflow/.local/lib/python3.12/site-packages/airflow/example_dags/example_dynamic_task_mapping.py
[2024-08-16T13:34:31.878+0000] {processor.py:925} INFO - DAG(s) 'example_dynamic_task_mapping' retrieved from /home/airflow/.local/lib/python3.12/site-packages/airflow/example_dags/example_dynamic_task_mapping.py
[2024-08-16T13:34:31.900+0000] {logging_mixin.py:190} INFO - [2024-08-16T13:34:31.900+0000] {dag.py:3211} INFO - Sync 1 DAGs
[2024-08-16T13:34:31.925+0000] {logging_mixin.py:190} INFO - [2024-08-16T13:34:31.924+0000] {dag.py:4138} INFO - Setting next_dagrun for example_dynamic_task_mapping to 2022-03-04 00:00:00+00:00, run_after=2022-03-05 00:00:00+00:00
[2024-08-16T13:34:31.950+0000] {processor.py:208} INFO - Processing /home/airflow/.local/lib/python3.12/site-packages/airflow/example_dags/example_dynamic_task_mapping.py took 0.091 seconds
[2024-08-16T13:35:02.261+0000] {processor.py:186} INFO - Started process (PID=9511) to work on /home/airflow/.local/lib/python3.12/site-packages/airflow/example_dags/example_dynamic_task_mapping.py
[2024-08-16T13:35:02.263+0000] {processor.py:914} INFO - Processing file /home/airflow/.local/lib/python3.12/site-packages/airflow/example_dags/example_dynamic_task_mapping.py for tasks to queue
[2024-08-16T13:35:02.265+0000] {logging_mixin.py:190} INFO - [2024-08-16T13:35:02.265+0000] {dagbag.py:587} INFO - Filling up the DagBag from /home/airflow/.local/lib/python3.12/site-packages/airflow/example_dags/example_dynamic_task_mapping.py
[2024-08-16T13:35:02.274+0000] {processor.py:925} INFO - DAG(s) 'example_dynamic_task_mapping' retrieved from /home/airflow/.local/lib/python3.12/site-packages/airflow/example_dags/example_dynamic_task_mapping.py
[2024-08-16T13:35:02.295+0000] {logging_mixin.py:190} INFO - [2024-08-16T13:35:02.295+0000] {dag.py:3211} INFO - Sync 1 DAGs
[2024-08-16T13:35:02.323+0000] {logging_mixin.py:190} INFO - [2024-08-16T13:35:02.323+0000] {dag.py:4138} INFO - Setting next_dagrun for example_dynamic_task_mapping to 2022-03-04 00:00:00+00:00, run_after=2022-03-05 00:00:00+00:00
[2024-08-16T13:35:02.344+0000] {processor.py:208} INFO - Processing /home/airflow/.local/lib/python3.12/site-packages/airflow/example_dags/example_dynamic_task_mapping.py took 0.090 seconds
[2024-08-16T13:35:32.837+0000] {processor.py:186} INFO - Started process (PID=9802) to work on /home/airflow/.local/lib/python3.12/site-packages/airflow/example_dags/example_dynamic_task_mapping.py
[2024-08-16T13:35:32.838+0000] {processor.py:914} INFO - Processing file /home/airflow/.local/lib/python3.12/site-packages/airflow/example_dags/example_dynamic_task_mapping.py for tasks to queue
[2024-08-16T13:35:32.841+0000] {logging_mixin.py:190} INFO - [2024-08-16T13:35:32.841+0000] {dagbag.py:587} INFO - Filling up the DagBag from /home/airflow/.local/lib/python3.12/site-packages/airflow/example_dags/example_dynamic_task_mapping.py
[2024-08-16T13:35:32.853+0000] {processor.py:925} INFO - DAG(s) 'example_dynamic_task_mapping' retrieved from /home/airflow/.local/lib/python3.12/site-packages/airflow/example_dags/example_dynamic_task_mapping.py
[2024-08-16T13:35:32.876+0000] {logging_mixin.py:190} INFO - [2024-08-16T13:35:32.876+0000] {dag.py:3211} INFO - Sync 1 DAGs
[2024-08-16T13:35:32.901+0000] {logging_mixin.py:190} INFO - [2024-08-16T13:35:32.901+0000] {dag.py:4138} INFO - Setting next_dagrun for example_dynamic_task_mapping to 2022-03-04 00:00:00+00:00, run_after=2022-03-05 00:00:00+00:00
[2024-08-16T13:35:32.920+0000] {processor.py:208} INFO - Processing /home/airflow/.local/lib/python3.12/site-packages/airflow/example_dags/example_dynamic_task_mapping.py took 0.090 seconds
[2024-08-16T13:36:03.298+0000] {processor.py:186} INFO - Started process (PID=10088) to work on /home/airflow/.local/lib/python3.12/site-packages/airflow/example_dags/example_dynamic_task_mapping.py
[2024-08-16T13:36:03.299+0000] {processor.py:914} INFO - Processing file /home/airflow/.local/lib/python3.12/site-packages/airflow/example_dags/example_dynamic_task_mapping.py for tasks to queue
[2024-08-16T13:36:03.301+0000] {logging_mixin.py:190} INFO - [2024-08-16T13:36:03.301+0000] {dagbag.py:587} INFO - Filling up the DagBag from /home/airflow/.local/lib/python3.12/site-packages/airflow/example_dags/example_dynamic_task_mapping.py
[2024-08-16T13:36:03.310+0000] {processor.py:925} INFO - DAG(s) 'example_dynamic_task_mapping' retrieved from /home/airflow/.local/lib/python3.12/site-packages/airflow/example_dags/example_dynamic_task_mapping.py
[2024-08-16T13:36:03.334+0000] {logging_mixin.py:190} INFO - [2024-08-16T13:36:03.333+0000] {dag.py:3211} INFO - Sync 1 DAGs
[2024-08-16T13:36:03.360+0000] {logging_mixin.py:190} INFO - [2024-08-16T13:36:03.360+0000] {dag.py:4138} INFO - Setting next_dagrun for example_dynamic_task_mapping to 2022-03-04 00:00:00+00:00, run_after=2022-03-05 00:00:00+00:00
[2024-08-16T13:36:03.380+0000] {processor.py:208} INFO - Processing /home/airflow/.local/lib/python3.12/site-packages/airflow/example_dags/example_dynamic_task_mapping.py took 0.088 seconds
[2024-08-16T13:36:33.773+0000] {processor.py:186} INFO - Started process (PID=10374) to work on /home/airflow/.local/lib/python3.12/site-packages/airflow/example_dags/example_dynamic_task_mapping.py
[2024-08-16T13:36:33.774+0000] {processor.py:914} INFO - Processing file /home/airflow/.local/lib/python3.12/site-packages/airflow/example_dags/example_dynamic_task_mapping.py for tasks to queue
[2024-08-16T13:36:33.777+0000] {logging_mixin.py:190} INFO - [2024-08-16T13:36:33.776+0000] {dagbag.py:587} INFO - Filling up the DagBag from /home/airflow/.local/lib/python3.12/site-packages/airflow/example_dags/example_dynamic_task_mapping.py
[2024-08-16T13:36:33.785+0000] {processor.py:925} INFO - DAG(s) 'example_dynamic_task_mapping' retrieved from /home/airflow/.local/lib/python3.12/site-packages/airflow/example_dags/example_dynamic_task_mapping.py
[2024-08-16T13:36:33.807+0000] {logging_mixin.py:190} INFO - [2024-08-16T13:36:33.807+0000] {dag.py:3211} INFO - Sync 1 DAGs
[2024-08-16T13:36:33.833+0000] {logging_mixin.py:190} INFO - [2024-08-16T13:36:33.833+0000] {dag.py:4138} INFO - Setting next_dagrun for example_dynamic_task_mapping to 2022-03-04 00:00:00+00:00, run_after=2022-03-05 00:00:00+00:00
[2024-08-16T13:36:33.853+0000] {processor.py:208} INFO - Processing /home/airflow/.local/lib/python3.12/site-packages/airflow/example_dags/example_dynamic_task_mapping.py took 0.087 seconds
[2024-08-16T13:37:04.024+0000] {processor.py:186} INFO - Started process (PID=10655) to work on /home/airflow/.local/lib/python3.12/site-packages/airflow/example_dags/example_dynamic_task_mapping.py
[2024-08-16T13:37:04.025+0000] {processor.py:914} INFO - Processing file /home/airflow/.local/lib/python3.12/site-packages/airflow/example_dags/example_dynamic_task_mapping.py for tasks to queue
[2024-08-16T13:37:04.027+0000] {logging_mixin.py:190} INFO - [2024-08-16T13:37:04.027+0000] {dagbag.py:587} INFO - Filling up the DagBag from /home/airflow/.local/lib/python3.12/site-packages/airflow/example_dags/example_dynamic_task_mapping.py
[2024-08-16T13:37:04.037+0000] {processor.py:925} INFO - DAG(s) 'example_dynamic_task_mapping' retrieved from /home/airflow/.local/lib/python3.12/site-packages/airflow/example_dags/example_dynamic_task_mapping.py
[2024-08-16T13:37:04.059+0000] {logging_mixin.py:190} INFO - [2024-08-16T13:37:04.059+0000] {dag.py:3211} INFO - Sync 1 DAGs
[2024-08-16T13:37:04.084+0000] {logging_mixin.py:190} INFO - [2024-08-16T13:37:04.083+0000] {dag.py:4138} INFO - Setting next_dagrun for example_dynamic_task_mapping to 2022-03-04 00:00:00+00:00, run_after=2022-03-05 00:00:00+00:00
[2024-08-16T13:37:04.104+0000] {processor.py:208} INFO - Processing /home/airflow/.local/lib/python3.12/site-packages/airflow/example_dags/example_dynamic_task_mapping.py took 0.087 seconds
[2024-08-16T13:37:34.378+0000] {processor.py:186} INFO - Started process (PID=10945) to work on /home/airflow/.local/lib/python3.12/site-packages/airflow/example_dags/example_dynamic_task_mapping.py
[2024-08-16T13:37:34.379+0000] {processor.py:914} INFO - Processing file /home/airflow/.local/lib/python3.12/site-packages/airflow/example_dags/example_dynamic_task_mapping.py for tasks to queue
[2024-08-16T13:37:34.382+0000] {logging_mixin.py:190} INFO - [2024-08-16T13:37:34.381+0000] {dagbag.py:587} INFO - Filling up the DagBag from /home/airflow/.local/lib/python3.12/site-packages/airflow/example_dags/example_dynamic_task_mapping.py
[2024-08-16T13:37:34.391+0000] {processor.py:925} INFO - DAG(s) 'example_dynamic_task_mapping' retrieved from /home/airflow/.local/lib/python3.12/site-packages/airflow/example_dags/example_dynamic_task_mapping.py
[2024-08-16T13:37:34.412+0000] {logging_mixin.py:190} INFO - [2024-08-16T13:37:34.411+0000] {dag.py:3211} INFO - Sync 1 DAGs
[2024-08-16T13:37:34.437+0000] {logging_mixin.py:190} INFO - [2024-08-16T13:37:34.437+0000] {dag.py:4138} INFO - Setting next_dagrun for example_dynamic_task_mapping to 2022-03-04 00:00:00+00:00, run_after=2022-03-05 00:00:00+00:00
[2024-08-16T13:37:34.457+0000] {processor.py:208} INFO - Processing /home/airflow/.local/lib/python3.12/site-packages/airflow/example_dags/example_dynamic_task_mapping.py took 0.086 seconds
[2024-08-16T13:38:04.815+0000] {processor.py:186} INFO - Started process (PID=11228) to work on /home/airflow/.local/lib/python3.12/site-packages/airflow/example_dags/example_dynamic_task_mapping.py
[2024-08-16T13:38:04.817+0000] {processor.py:914} INFO - Processing file /home/airflow/.local/lib/python3.12/site-packages/airflow/example_dags/example_dynamic_task_mapping.py for tasks to queue
[2024-08-16T13:38:04.819+0000] {logging_mixin.py:190} INFO - [2024-08-16T13:38:04.819+0000] {dagbag.py:587} INFO - Filling up the DagBag from /home/airflow/.local/lib/python3.12/site-packages/airflow/example_dags/example_dynamic_task_mapping.py
[2024-08-16T13:38:04.828+0000] {processor.py:925} INFO - DAG(s) 'example_dynamic_task_mapping' retrieved from /home/airflow/.local/lib/python3.12/site-packages/airflow/example_dags/example_dynamic_task_mapping.py
[2024-08-16T13:38:04.851+0000] {logging_mixin.py:190} INFO - [2024-08-16T13:38:04.850+0000] {dag.py:3211} INFO - Sync 1 DAGs
[2024-08-16T13:38:04.877+0000] {logging_mixin.py:190} INFO - [2024-08-16T13:38:04.876+0000] {dag.py:4138} INFO - Setting next_dagrun for example_dynamic_task_mapping to 2022-03-04 00:00:00+00:00, run_after=2022-03-05 00:00:00+00:00
[2024-08-16T13:38:04.899+0000] {processor.py:208} INFO - Processing /home/airflow/.local/lib/python3.12/site-packages/airflow/example_dags/example_dynamic_task_mapping.py took 0.091 seconds
[2024-08-16T13:38:35.321+0000] {processor.py:186} INFO - Started process (PID=11514) to work on /home/airflow/.local/lib/python3.12/site-packages/airflow/example_dags/example_dynamic_task_mapping.py
[2024-08-16T13:38:35.323+0000] {processor.py:914} INFO - Processing file /home/airflow/.local/lib/python3.12/site-packages/airflow/example_dags/example_dynamic_task_mapping.py for tasks to queue
[2024-08-16T13:38:35.325+0000] {logging_mixin.py:190} INFO - [2024-08-16T13:38:35.325+0000] {dagbag.py:587} INFO - Filling up the DagBag from /home/airflow/.local/lib/python3.12/site-packages/airflow/example_dags/example_dynamic_task_mapping.py
[2024-08-16T13:38:35.335+0000] {processor.py:925} INFO - DAG(s) 'example_dynamic_task_mapping' retrieved from /home/airflow/.local/lib/python3.12/site-packages/airflow/example_dags/example_dynamic_task_mapping.py
[2024-08-16T13:38:35.357+0000] {logging_mixin.py:190} INFO - [2024-08-16T13:38:35.356+0000] {dag.py:3211} INFO - Sync 1 DAGs
[2024-08-16T13:38:35.380+0000] {logging_mixin.py:190} INFO - [2024-08-16T13:38:35.380+0000] {dag.py:4138} INFO - Setting next_dagrun for example_dynamic_task_mapping to 2022-03-04 00:00:00+00:00, run_after=2022-03-05 00:00:00+00:00
[2024-08-16T13:38:35.401+0000] {processor.py:208} INFO - Processing /home/airflow/.local/lib/python3.12/site-packages/airflow/example_dags/example_dynamic_task_mapping.py took 0.086 seconds
[2024-08-16T13:39:05.578+0000] {processor.py:186} INFO - Started process (PID=11800) to work on /home/airflow/.local/lib/python3.12/site-packages/airflow/example_dags/example_dynamic_task_mapping.py
[2024-08-16T13:39:05.580+0000] {processor.py:914} INFO - Processing file /home/airflow/.local/lib/python3.12/site-packages/airflow/example_dags/example_dynamic_task_mapping.py for tasks to queue
[2024-08-16T13:39:05.582+0000] {logging_mixin.py:190} INFO - [2024-08-16T13:39:05.582+0000] {dagbag.py:587} INFO - Filling up the DagBag from /home/airflow/.local/lib/python3.12/site-packages/airflow/example_dags/example_dynamic_task_mapping.py
[2024-08-16T13:39:05.594+0000] {processor.py:925} INFO - DAG(s) 'example_dynamic_task_mapping' retrieved from /home/airflow/.local/lib/python3.12/site-packages/airflow/example_dags/example_dynamic_task_mapping.py
[2024-08-16T13:39:05.618+0000] {logging_mixin.py:190} INFO - [2024-08-16T13:39:05.617+0000] {dag.py:3211} INFO - Sync 1 DAGs
[2024-08-16T13:39:05.646+0000] {logging_mixin.py:190} INFO - [2024-08-16T13:39:05.646+0000] {dag.py:4138} INFO - Setting next_dagrun for example_dynamic_task_mapping to 2022-03-04 00:00:00+00:00, run_after=2022-03-05 00:00:00+00:00
[2024-08-16T13:39:05.666+0000] {processor.py:208} INFO - Processing /home/airflow/.local/lib/python3.12/site-packages/airflow/example_dags/example_dynamic_task_mapping.py took 0.095 seconds
[2024-08-16T13:39:35.854+0000] {processor.py:186} INFO - Started process (PID=12086) to work on /home/airflow/.local/lib/python3.12/site-packages/airflow/example_dags/example_dynamic_task_mapping.py
[2024-08-16T13:39:35.855+0000] {processor.py:914} INFO - Processing file /home/airflow/.local/lib/python3.12/site-packages/airflow/example_dags/example_dynamic_task_mapping.py for tasks to queue
[2024-08-16T13:39:35.857+0000] {logging_mixin.py:190} INFO - [2024-08-16T13:39:35.857+0000] {dagbag.py:587} INFO - Filling up the DagBag from /home/airflow/.local/lib/python3.12/site-packages/airflow/example_dags/example_dynamic_task_mapping.py
[2024-08-16T13:39:35.866+0000] {processor.py:925} INFO - DAG(s) 'example_dynamic_task_mapping' retrieved from /home/airflow/.local/lib/python3.12/site-packages/airflow/example_dags/example_dynamic_task_mapping.py
[2024-08-16T13:39:35.886+0000] {logging_mixin.py:190} INFO - [2024-08-16T13:39:35.886+0000] {dag.py:3211} INFO - Sync 1 DAGs
[2024-08-16T13:39:35.911+0000] {logging_mixin.py:190} INFO - [2024-08-16T13:39:35.911+0000] {dag.py:4138} INFO - Setting next_dagrun for example_dynamic_task_mapping to 2022-03-04 00:00:00+00:00, run_after=2022-03-05 00:00:00+00:00
[2024-08-16T13:39:35.930+0000] {processor.py:208} INFO - Processing /home/airflow/.local/lib/python3.12/site-packages/airflow/example_dags/example_dynamic_task_mapping.py took 0.083 seconds
[2024-08-16T13:40:06.861+0000] {processor.py:186} INFO - Started process (PID=12370) to work on /home/airflow/.local/lib/python3.12/site-packages/airflow/example_dags/example_dynamic_task_mapping.py
[2024-08-16T13:40:06.862+0000] {processor.py:914} INFO - Processing file /home/airflow/.local/lib/python3.12/site-packages/airflow/example_dags/example_dynamic_task_mapping.py for tasks to queue
[2024-08-16T13:40:06.864+0000] {logging_mixin.py:190} INFO - [2024-08-16T13:40:06.864+0000] {dagbag.py:587} INFO - Filling up the DagBag from /home/airflow/.local/lib/python3.12/site-packages/airflow/example_dags/example_dynamic_task_mapping.py
[2024-08-16T13:40:06.874+0000] {processor.py:925} INFO - DAG(s) 'example_dynamic_task_mapping' retrieved from /home/airflow/.local/lib/python3.12/site-packages/airflow/example_dags/example_dynamic_task_mapping.py
[2024-08-16T13:40:06.899+0000] {logging_mixin.py:190} INFO - [2024-08-16T13:40:06.898+0000] {dag.py:3211} INFO - Sync 1 DAGs
[2024-08-16T13:40:06.927+0000] {logging_mixin.py:190} INFO - [2024-08-16T13:40:06.927+0000] {dag.py:4138} INFO - Setting next_dagrun for example_dynamic_task_mapping to 2022-03-04 00:00:00+00:00, run_after=2022-03-05 00:00:00+00:00
[2024-08-16T13:40:06.948+0000] {processor.py:208} INFO - Processing /home/airflow/.local/lib/python3.12/site-packages/airflow/example_dags/example_dynamic_task_mapping.py took 0.094 seconds
[2024-08-16T13:40:37.563+0000] {processor.py:186} INFO - Started process (PID=12658) to work on /home/airflow/.local/lib/python3.12/site-packages/airflow/example_dags/example_dynamic_task_mapping.py
[2024-08-16T13:40:37.564+0000] {processor.py:914} INFO - Processing file /home/airflow/.local/lib/python3.12/site-packages/airflow/example_dags/example_dynamic_task_mapping.py for tasks to queue
[2024-08-16T13:40:37.566+0000] {logging_mixin.py:190} INFO - [2024-08-16T13:40:37.566+0000] {dagbag.py:587} INFO - Filling up the DagBag from /home/airflow/.local/lib/python3.12/site-packages/airflow/example_dags/example_dynamic_task_mapping.py
[2024-08-16T13:40:37.576+0000] {processor.py:925} INFO - DAG(s) 'example_dynamic_task_mapping' retrieved from /home/airflow/.local/lib/python3.12/site-packages/airflow/example_dags/example_dynamic_task_mapping.py
[2024-08-16T13:40:37.597+0000] {logging_mixin.py:190} INFO - [2024-08-16T13:40:37.597+0000] {dag.py:3211} INFO - Sync 1 DAGs
[2024-08-16T13:40:37.622+0000] {logging_mixin.py:190} INFO - [2024-08-16T13:40:37.622+0000] {dag.py:4138} INFO - Setting next_dagrun for example_dynamic_task_mapping to 2022-03-04 00:00:00+00:00, run_after=2022-03-05 00:00:00+00:00
[2024-08-16T13:40:37.641+0000] {processor.py:208} INFO - Processing /home/airflow/.local/lib/python3.12/site-packages/airflow/example_dags/example_dynamic_task_mapping.py took 0.087 seconds
[2024-08-16T13:41:08.643+0000] {processor.py:186} INFO - Started process (PID=12944) to work on /home/airflow/.local/lib/python3.12/site-packages/airflow/example_dags/example_dynamic_task_mapping.py
[2024-08-16T13:41:08.644+0000] {processor.py:914} INFO - Processing file /home/airflow/.local/lib/python3.12/site-packages/airflow/example_dags/example_dynamic_task_mapping.py for tasks to queue
[2024-08-16T13:41:08.646+0000] {logging_mixin.py:190} INFO - [2024-08-16T13:41:08.646+0000] {dagbag.py:587} INFO - Filling up the DagBag from /home/airflow/.local/lib/python3.12/site-packages/airflow/example_dags/example_dynamic_task_mapping.py
[2024-08-16T13:41:08.656+0000] {processor.py:925} INFO - DAG(s) 'example_dynamic_task_mapping' retrieved from /home/airflow/.local/lib/python3.12/site-packages/airflow/example_dags/example_dynamic_task_mapping.py
[2024-08-16T13:41:08.676+0000] {logging_mixin.py:190} INFO - [2024-08-16T13:41:08.675+0000] {dag.py:3211} INFO - Sync 1 DAGs
[2024-08-16T13:41:08.702+0000] {logging_mixin.py:190} INFO - [2024-08-16T13:41:08.702+0000] {dag.py:4138} INFO - Setting next_dagrun for example_dynamic_task_mapping to 2022-03-04 00:00:00+00:00, run_after=2022-03-05 00:00:00+00:00
[2024-08-16T13:41:08.722+0000] {processor.py:208} INFO - Processing /home/airflow/.local/lib/python3.12/site-packages/airflow/example_dags/example_dynamic_task_mapping.py took 0.089 seconds
[2024-08-16T13:41:38.902+0000] {processor.py:186} INFO - Started process (PID=13228) to work on /home/airflow/.local/lib/python3.12/site-packages/airflow/example_dags/example_dynamic_task_mapping.py
[2024-08-16T13:41:38.903+0000] {processor.py:914} INFO - Processing file /home/airflow/.local/lib/python3.12/site-packages/airflow/example_dags/example_dynamic_task_mapping.py for tasks to queue
[2024-08-16T13:41:38.906+0000] {logging_mixin.py:190} INFO - [2024-08-16T13:41:38.905+0000] {dagbag.py:587} INFO - Filling up the DagBag from /home/airflow/.local/lib/python3.12/site-packages/airflow/example_dags/example_dynamic_task_mapping.py
[2024-08-16T13:41:38.918+0000] {processor.py:925} INFO - DAG(s) 'example_dynamic_task_mapping' retrieved from /home/airflow/.local/lib/python3.12/site-packages/airflow/example_dags/example_dynamic_task_mapping.py
[2024-08-16T13:41:38.942+0000] {logging_mixin.py:190} INFO - [2024-08-16T13:41:38.942+0000] {dag.py:3211} INFO - Sync 1 DAGs
[2024-08-16T13:41:38.975+0000] {logging_mixin.py:190} INFO - [2024-08-16T13:41:38.975+0000] {dag.py:4138} INFO - Setting next_dagrun for example_dynamic_task_mapping to 2022-03-04 00:00:00+00:00, run_after=2022-03-05 00:00:00+00:00
[2024-08-16T13:41:38.999+0000] {processor.py:208} INFO - Processing /home/airflow/.local/lib/python3.12/site-packages/airflow/example_dags/example_dynamic_task_mapping.py took 0.106 seconds
[2024-08-16T13:42:09.542+0000] {processor.py:186} INFO - Started process (PID=13509) to work on /home/airflow/.local/lib/python3.12/site-packages/airflow/example_dags/example_dynamic_task_mapping.py
[2024-08-16T13:42:09.543+0000] {processor.py:914} INFO - Processing file /home/airflow/.local/lib/python3.12/site-packages/airflow/example_dags/example_dynamic_task_mapping.py for tasks to queue
[2024-08-16T13:42:09.546+0000] {logging_mixin.py:190} INFO - [2024-08-16T13:42:09.546+0000] {dagbag.py:587} INFO - Filling up the DagBag from /home/airflow/.local/lib/python3.12/site-packages/airflow/example_dags/example_dynamic_task_mapping.py
[2024-08-16T13:42:09.583+0000] {processor.py:925} INFO - DAG(s) 'example_dynamic_task_mapping' retrieved from /home/airflow/.local/lib/python3.12/site-packages/airflow/example_dags/example_dynamic_task_mapping.py
[2024-08-16T13:42:09.609+0000] {logging_mixin.py:190} INFO - [2024-08-16T13:42:09.609+0000] {dag.py:3211} INFO - Sync 1 DAGs
[2024-08-16T13:42:09.653+0000] {logging_mixin.py:190} INFO - [2024-08-16T13:42:09.653+0000] {dag.py:4138} INFO - Setting next_dagrun for example_dynamic_task_mapping to 2022-03-04 00:00:00+00:00, run_after=2022-03-05 00:00:00+00:00
[2024-08-16T13:42:09.673+0000] {processor.py:208} INFO - Processing /home/airflow/.local/lib/python3.12/site-packages/airflow/example_dags/example_dynamic_task_mapping.py took 0.143 seconds
[2024-08-16T13:42:40.323+0000] {processor.py:186} INFO - Started process (PID=13795) to work on /home/airflow/.local/lib/python3.12/site-packages/airflow/example_dags/example_dynamic_task_mapping.py
[2024-08-16T13:42:40.324+0000] {processor.py:914} INFO - Processing file /home/airflow/.local/lib/python3.12/site-packages/airflow/example_dags/example_dynamic_task_mapping.py for tasks to queue
[2024-08-16T13:42:40.327+0000] {logging_mixin.py:190} INFO - [2024-08-16T13:42:40.326+0000] {dagbag.py:587} INFO - Filling up the DagBag from /home/airflow/.local/lib/python3.12/site-packages/airflow/example_dags/example_dynamic_task_mapping.py
[2024-08-16T13:42:40.335+0000] {processor.py:925} INFO - DAG(s) 'example_dynamic_task_mapping' retrieved from /home/airflow/.local/lib/python3.12/site-packages/airflow/example_dags/example_dynamic_task_mapping.py
[2024-08-16T13:42:40.358+0000] {logging_mixin.py:190} INFO - [2024-08-16T13:42:40.358+0000] {dag.py:3211} INFO - Sync 1 DAGs
[2024-08-16T13:42:40.386+0000] {logging_mixin.py:190} INFO - [2024-08-16T13:42:40.386+0000] {dag.py:4138} INFO - Setting next_dagrun for example_dynamic_task_mapping to 2022-03-04 00:00:00+00:00, run_after=2022-03-05 00:00:00+00:00
[2024-08-16T13:42:40.409+0000] {processor.py:208} INFO - Processing /home/airflow/.local/lib/python3.12/site-packages/airflow/example_dags/example_dynamic_task_mapping.py took 0.094 seconds
[2024-08-16T13:43:11.220+0000] {processor.py:186} INFO - Started process (PID=14081) to work on /home/airflow/.local/lib/python3.12/site-packages/airflow/example_dags/example_dynamic_task_mapping.py
[2024-08-16T13:43:11.221+0000] {processor.py:914} INFO - Processing file /home/airflow/.local/lib/python3.12/site-packages/airflow/example_dags/example_dynamic_task_mapping.py for tasks to queue
[2024-08-16T13:43:11.224+0000] {logging_mixin.py:190} INFO - [2024-08-16T13:43:11.223+0000] {dagbag.py:587} INFO - Filling up the DagBag from /home/airflow/.local/lib/python3.12/site-packages/airflow/example_dags/example_dynamic_task_mapping.py
[2024-08-16T13:43:11.233+0000] {processor.py:925} INFO - DAG(s) 'example_dynamic_task_mapping' retrieved from /home/airflow/.local/lib/python3.12/site-packages/airflow/example_dags/example_dynamic_task_mapping.py
[2024-08-16T13:43:11.254+0000] {logging_mixin.py:190} INFO - [2024-08-16T13:43:11.254+0000] {dag.py:3211} INFO - Sync 1 DAGs
[2024-08-16T13:43:11.278+0000] {logging_mixin.py:190} INFO - [2024-08-16T13:43:11.278+0000] {dag.py:4138} INFO - Setting next_dagrun for example_dynamic_task_mapping to 2022-03-04 00:00:00+00:00, run_after=2022-03-05 00:00:00+00:00
[2024-08-16T13:43:11.300+0000] {processor.py:208} INFO - Processing /home/airflow/.local/lib/python3.12/site-packages/airflow/example_dags/example_dynamic_task_mapping.py took 0.088 seconds
[2024-08-16T13:43:41.680+0000] {processor.py:186} INFO - Started process (PID=14367) to work on /home/airflow/.local/lib/python3.12/site-packages/airflow/example_dags/example_dynamic_task_mapping.py
[2024-08-16T13:43:41.681+0000] {processor.py:914} INFO - Processing file /home/airflow/.local/lib/python3.12/site-packages/airflow/example_dags/example_dynamic_task_mapping.py for tasks to queue
[2024-08-16T13:43:41.684+0000] {logging_mixin.py:190} INFO - [2024-08-16T13:43:41.683+0000] {dagbag.py:587} INFO - Filling up the DagBag from /home/airflow/.local/lib/python3.12/site-packages/airflow/example_dags/example_dynamic_task_mapping.py
[2024-08-16T13:43:41.697+0000] {processor.py:925} INFO - DAG(s) 'example_dynamic_task_mapping' retrieved from /home/airflow/.local/lib/python3.12/site-packages/airflow/example_dags/example_dynamic_task_mapping.py
[2024-08-16T13:43:41.720+0000] {logging_mixin.py:190} INFO - [2024-08-16T13:43:41.719+0000] {dag.py:3211} INFO - Sync 1 DAGs
[2024-08-16T13:43:41.744+0000] {logging_mixin.py:190} INFO - [2024-08-16T13:43:41.744+0000] {dag.py:4138} INFO - Setting next_dagrun for example_dynamic_task_mapping to 2022-03-04 00:00:00+00:00, run_after=2022-03-05 00:00:00+00:00
[2024-08-16T13:43:41.764+0000] {processor.py:208} INFO - Processing /home/airflow/.local/lib/python3.12/site-packages/airflow/example_dags/example_dynamic_task_mapping.py took 0.093 seconds
[2024-08-16T13:44:12.343+0000] {processor.py:186} INFO - Started process (PID=14653) to work on /home/airflow/.local/lib/python3.12/site-packages/airflow/example_dags/example_dynamic_task_mapping.py
[2024-08-16T13:44:12.344+0000] {processor.py:914} INFO - Processing file /home/airflow/.local/lib/python3.12/site-packages/airflow/example_dags/example_dynamic_task_mapping.py for tasks to queue
[2024-08-16T13:44:12.346+0000] {logging_mixin.py:190} INFO - [2024-08-16T13:44:12.346+0000] {dagbag.py:587} INFO - Filling up the DagBag from /home/airflow/.local/lib/python3.12/site-packages/airflow/example_dags/example_dynamic_task_mapping.py
[2024-08-16T13:44:12.355+0000] {processor.py:925} INFO - DAG(s) 'example_dynamic_task_mapping' retrieved from /home/airflow/.local/lib/python3.12/site-packages/airflow/example_dags/example_dynamic_task_mapping.py
[2024-08-16T13:44:12.375+0000] {logging_mixin.py:190} INFO - [2024-08-16T13:44:12.375+0000] {dag.py:3211} INFO - Sync 1 DAGs
[2024-08-16T13:44:12.400+0000] {logging_mixin.py:190} INFO - [2024-08-16T13:44:12.400+0000] {dag.py:4138} INFO - Setting next_dagrun for example_dynamic_task_mapping to 2022-03-04 00:00:00+00:00, run_after=2022-03-05 00:00:00+00:00
[2024-08-16T13:44:12.426+0000] {processor.py:208} INFO - Processing /home/airflow/.local/lib/python3.12/site-packages/airflow/example_dags/example_dynamic_task_mapping.py took 0.089 seconds
[2024-08-16T13:44:42.810+0000] {processor.py:186} INFO - Started process (PID=14939) to work on /home/airflow/.local/lib/python3.12/site-packages/airflow/example_dags/example_dynamic_task_mapping.py
[2024-08-16T13:44:42.811+0000] {processor.py:914} INFO - Processing file /home/airflow/.local/lib/python3.12/site-packages/airflow/example_dags/example_dynamic_task_mapping.py for tasks to queue
[2024-08-16T13:44:42.815+0000] {logging_mixin.py:190} INFO - [2024-08-16T13:44:42.814+0000] {dagbag.py:587} INFO - Filling up the DagBag from /home/airflow/.local/lib/python3.12/site-packages/airflow/example_dags/example_dynamic_task_mapping.py
[2024-08-16T13:44:42.827+0000] {processor.py:925} INFO - DAG(s) 'example_dynamic_task_mapping' retrieved from /home/airflow/.local/lib/python3.12/site-packages/airflow/example_dags/example_dynamic_task_mapping.py
[2024-08-16T13:44:42.857+0000] {logging_mixin.py:190} INFO - [2024-08-16T13:44:42.857+0000] {dag.py:3211} INFO - Sync 1 DAGs
[2024-08-16T13:44:42.891+0000] {logging_mixin.py:190} INFO - [2024-08-16T13:44:42.890+0000] {dag.py:4138} INFO - Setting next_dagrun for example_dynamic_task_mapping to 2022-03-04 00:00:00+00:00, run_after=2022-03-05 00:00:00+00:00
[2024-08-16T13:44:42.914+0000] {processor.py:208} INFO - Processing /home/airflow/.local/lib/python3.12/site-packages/airflow/example_dags/example_dynamic_task_mapping.py took 0.112 seconds
[2024-08-16T13:45:13.075+0000] {processor.py:186} INFO - Started process (PID=15225) to work on /home/airflow/.local/lib/python3.12/site-packages/airflow/example_dags/example_dynamic_task_mapping.py
[2024-08-16T13:45:13.076+0000] {processor.py:914} INFO - Processing file /home/airflow/.local/lib/python3.12/site-packages/airflow/example_dags/example_dynamic_task_mapping.py for tasks to queue
[2024-08-16T13:45:13.079+0000] {logging_mixin.py:190} INFO - [2024-08-16T13:45:13.078+0000] {dagbag.py:587} INFO - Filling up the DagBag from /home/airflow/.local/lib/python3.12/site-packages/airflow/example_dags/example_dynamic_task_mapping.py
[2024-08-16T13:45:13.089+0000] {processor.py:925} INFO - DAG(s) 'example_dynamic_task_mapping' retrieved from /home/airflow/.local/lib/python3.12/site-packages/airflow/example_dags/example_dynamic_task_mapping.py
[2024-08-16T13:45:13.111+0000] {logging_mixin.py:190} INFO - [2024-08-16T13:45:13.110+0000] {dag.py:3211} INFO - Sync 1 DAGs
[2024-08-16T13:45:13.146+0000] {logging_mixin.py:190} INFO - [2024-08-16T13:45:13.145+0000] {dag.py:4138} INFO - Setting next_dagrun for example_dynamic_task_mapping to 2022-03-04 00:00:00+00:00, run_after=2022-03-05 00:00:00+00:00
[2024-08-16T13:45:13.172+0000] {processor.py:208} INFO - Processing /home/airflow/.local/lib/python3.12/site-packages/airflow/example_dags/example_dynamic_task_mapping.py took 0.105 seconds
[2024-08-16T13:45:43.627+0000] {processor.py:186} INFO - Started process (PID=15511) to work on /home/airflow/.local/lib/python3.12/site-packages/airflow/example_dags/example_dynamic_task_mapping.py
[2024-08-16T13:45:43.628+0000] {processor.py:914} INFO - Processing file /home/airflow/.local/lib/python3.12/site-packages/airflow/example_dags/example_dynamic_task_mapping.py for tasks to queue
[2024-08-16T13:45:43.632+0000] {logging_mixin.py:190} INFO - [2024-08-16T13:45:43.631+0000] {dagbag.py:587} INFO - Filling up the DagBag from /home/airflow/.local/lib/python3.12/site-packages/airflow/example_dags/example_dynamic_task_mapping.py
[2024-08-16T13:45:43.645+0000] {processor.py:925} INFO - DAG(s) 'example_dynamic_task_mapping' retrieved from /home/airflow/.local/lib/python3.12/site-packages/airflow/example_dags/example_dynamic_task_mapping.py
[2024-08-16T13:45:43.670+0000] {logging_mixin.py:190} INFO - [2024-08-16T13:45:43.670+0000] {dag.py:3211} INFO - Sync 1 DAGs
[2024-08-16T13:45:43.703+0000] {logging_mixin.py:190} INFO - [2024-08-16T13:45:43.702+0000] {dag.py:4138} INFO - Setting next_dagrun for example_dynamic_task_mapping to 2022-03-04 00:00:00+00:00, run_after=2022-03-05 00:00:00+00:00
[2024-08-16T13:45:43.726+0000] {processor.py:208} INFO - Processing /home/airflow/.local/lib/python3.12/site-packages/airflow/example_dags/example_dynamic_task_mapping.py took 0.108 seconds
[2024-08-16T13:46:14.826+0000] {processor.py:186} INFO - Started process (PID=15797) to work on /home/airflow/.local/lib/python3.12/site-packages/airflow/example_dags/example_dynamic_task_mapping.py
[2024-08-16T13:46:14.827+0000] {processor.py:914} INFO - Processing file /home/airflow/.local/lib/python3.12/site-packages/airflow/example_dags/example_dynamic_task_mapping.py for tasks to queue
[2024-08-16T13:46:14.832+0000] {logging_mixin.py:190} INFO - [2024-08-16T13:46:14.831+0000] {dagbag.py:587} INFO - Filling up the DagBag from /home/airflow/.local/lib/python3.12/site-packages/airflow/example_dags/example_dynamic_task_mapping.py
[2024-08-16T13:46:14.854+0000] {processor.py:925} INFO - DAG(s) 'example_dynamic_task_mapping' retrieved from /home/airflow/.local/lib/python3.12/site-packages/airflow/example_dags/example_dynamic_task_mapping.py
[2024-08-16T13:46:14.894+0000] {logging_mixin.py:190} INFO - [2024-08-16T13:46:14.894+0000] {dag.py:3211} INFO - Sync 1 DAGs
[2024-08-16T13:46:14.934+0000] {logging_mixin.py:190} INFO - [2024-08-16T13:46:14.934+0000] {dag.py:4138} INFO - Setting next_dagrun for example_dynamic_task_mapping to 2022-03-04 00:00:00+00:00, run_after=2022-03-05 00:00:00+00:00
[2024-08-16T13:46:14.964+0000] {processor.py:208} INFO - Processing /home/airflow/.local/lib/python3.12/site-packages/airflow/example_dags/example_dynamic_task_mapping.py took 0.145 seconds
[2024-08-16T13:46:45.564+0000] {processor.py:186} INFO - Started process (PID=16083) to work on /home/airflow/.local/lib/python3.12/site-packages/airflow/example_dags/example_dynamic_task_mapping.py
[2024-08-16T13:46:45.565+0000] {processor.py:914} INFO - Processing file /home/airflow/.local/lib/python3.12/site-packages/airflow/example_dags/example_dynamic_task_mapping.py for tasks to queue
[2024-08-16T13:46:45.568+0000] {logging_mixin.py:190} INFO - [2024-08-16T13:46:45.568+0000] {dagbag.py:587} INFO - Filling up the DagBag from /home/airflow/.local/lib/python3.12/site-packages/airflow/example_dags/example_dynamic_task_mapping.py
[2024-08-16T13:46:45.594+0000] {processor.py:925} INFO - DAG(s) 'example_dynamic_task_mapping' retrieved from /home/airflow/.local/lib/python3.12/site-packages/airflow/example_dags/example_dynamic_task_mapping.py
[2024-08-16T13:46:45.629+0000] {logging_mixin.py:190} INFO - [2024-08-16T13:46:45.629+0000] {dag.py:3211} INFO - Sync 1 DAGs
[2024-08-16T13:46:45.659+0000] {logging_mixin.py:190} INFO - [2024-08-16T13:46:45.659+0000] {dag.py:4138} INFO - Setting next_dagrun for example_dynamic_task_mapping to 2022-03-04 00:00:00+00:00, run_after=2022-03-05 00:00:00+00:00
[2024-08-16T13:46:45.683+0000] {processor.py:208} INFO - Processing /home/airflow/.local/lib/python3.12/site-packages/airflow/example_dags/example_dynamic_task_mapping.py took 0.127 seconds
[2024-08-16T13:47:16.391+0000] {processor.py:186} INFO - Started process (PID=16369) to work on /home/airflow/.local/lib/python3.12/site-packages/airflow/example_dags/example_dynamic_task_mapping.py
[2024-08-16T13:47:16.393+0000] {processor.py:914} INFO - Processing file /home/airflow/.local/lib/python3.12/site-packages/airflow/example_dags/example_dynamic_task_mapping.py for tasks to queue
[2024-08-16T13:47:16.395+0000] {logging_mixin.py:190} INFO - [2024-08-16T13:47:16.395+0000] {dagbag.py:587} INFO - Filling up the DagBag from /home/airflow/.local/lib/python3.12/site-packages/airflow/example_dags/example_dynamic_task_mapping.py
[2024-08-16T13:47:16.405+0000] {processor.py:925} INFO - DAG(s) 'example_dynamic_task_mapping' retrieved from /home/airflow/.local/lib/python3.12/site-packages/airflow/example_dags/example_dynamic_task_mapping.py
[2024-08-16T13:47:16.425+0000] {logging_mixin.py:190} INFO - [2024-08-16T13:47:16.425+0000] {dag.py:3211} INFO - Sync 1 DAGs
[2024-08-16T13:47:16.452+0000] {logging_mixin.py:190} INFO - [2024-08-16T13:47:16.452+0000] {dag.py:4138} INFO - Setting next_dagrun for example_dynamic_task_mapping to 2022-03-04 00:00:00+00:00, run_after=2022-03-05 00:00:00+00:00
[2024-08-16T13:47:16.486+0000] {processor.py:208} INFO - Processing /home/airflow/.local/lib/python3.12/site-packages/airflow/example_dags/example_dynamic_task_mapping.py took 0.102 seconds
[2024-08-16T13:47:47.139+0000] {processor.py:186} INFO - Started process (PID=16655) to work on /home/airflow/.local/lib/python3.12/site-packages/airflow/example_dags/example_dynamic_task_mapping.py
[2024-08-16T13:47:47.140+0000] {processor.py:914} INFO - Processing file /home/airflow/.local/lib/python3.12/site-packages/airflow/example_dags/example_dynamic_task_mapping.py for tasks to queue
[2024-08-16T13:47:47.143+0000] {logging_mixin.py:190} INFO - [2024-08-16T13:47:47.143+0000] {dagbag.py:587} INFO - Filling up the DagBag from /home/airflow/.local/lib/python3.12/site-packages/airflow/example_dags/example_dynamic_task_mapping.py
[2024-08-16T13:47:47.153+0000] {processor.py:925} INFO - DAG(s) 'example_dynamic_task_mapping' retrieved from /home/airflow/.local/lib/python3.12/site-packages/airflow/example_dags/example_dynamic_task_mapping.py
[2024-08-16T13:47:47.176+0000] {logging_mixin.py:190} INFO - [2024-08-16T13:47:47.176+0000] {dag.py:3211} INFO - Sync 1 DAGs
[2024-08-16T13:47:47.201+0000] {logging_mixin.py:190} INFO - [2024-08-16T13:47:47.201+0000] {dag.py:4138} INFO - Setting next_dagrun for example_dynamic_task_mapping to 2022-03-04 00:00:00+00:00, run_after=2022-03-05 00:00:00+00:00
[2024-08-16T13:47:47.221+0000] {processor.py:208} INFO - Processing /home/airflow/.local/lib/python3.12/site-packages/airflow/example_dags/example_dynamic_task_mapping.py took 0.090 seconds
[2024-08-16T13:48:17.809+0000] {processor.py:186} INFO - Started process (PID=16948) to work on /home/airflow/.local/lib/python3.12/site-packages/airflow/example_dags/example_dynamic_task_mapping.py
[2024-08-16T13:48:17.811+0000] {processor.py:914} INFO - Processing file /home/airflow/.local/lib/python3.12/site-packages/airflow/example_dags/example_dynamic_task_mapping.py for tasks to queue
[2024-08-16T13:48:17.814+0000] {logging_mixin.py:190} INFO - [2024-08-16T13:48:17.813+0000] {dagbag.py:587} INFO - Filling up the DagBag from /home/airflow/.local/lib/python3.12/site-packages/airflow/example_dags/example_dynamic_task_mapping.py
[2024-08-16T13:48:17.827+0000] {processor.py:925} INFO - DAG(s) 'example_dynamic_task_mapping' retrieved from /home/airflow/.local/lib/python3.12/site-packages/airflow/example_dags/example_dynamic_task_mapping.py
[2024-08-16T13:48:17.849+0000] {logging_mixin.py:190} INFO - [2024-08-16T13:48:17.849+0000] {dag.py:3211} INFO - Sync 1 DAGs
[2024-08-16T13:48:17.883+0000] {logging_mixin.py:190} INFO - [2024-08-16T13:48:17.883+0000] {dag.py:4138} INFO - Setting next_dagrun for example_dynamic_task_mapping to 2022-03-04 00:00:00+00:00, run_after=2022-03-05 00:00:00+00:00
[2024-08-16T13:48:17.930+0000] {processor.py:208} INFO - Processing /home/airflow/.local/lib/python3.12/site-packages/airflow/example_dags/example_dynamic_task_mapping.py took 0.131 seconds
[2024-08-16T13:48:48.295+0000] {processor.py:186} INFO - Started process (PID=17234) to work on /home/airflow/.local/lib/python3.12/site-packages/airflow/example_dags/example_dynamic_task_mapping.py
[2024-08-16T13:48:48.296+0000] {processor.py:914} INFO - Processing file /home/airflow/.local/lib/python3.12/site-packages/airflow/example_dags/example_dynamic_task_mapping.py for tasks to queue
[2024-08-16T13:48:48.299+0000] {logging_mixin.py:190} INFO - [2024-08-16T13:48:48.299+0000] {dagbag.py:587} INFO - Filling up the DagBag from /home/airflow/.local/lib/python3.12/site-packages/airflow/example_dags/example_dynamic_task_mapping.py
[2024-08-16T13:48:48.308+0000] {processor.py:925} INFO - DAG(s) 'example_dynamic_task_mapping' retrieved from /home/airflow/.local/lib/python3.12/site-packages/airflow/example_dags/example_dynamic_task_mapping.py
[2024-08-16T13:48:48.332+0000] {logging_mixin.py:190} INFO - [2024-08-16T13:48:48.331+0000] {dag.py:3211} INFO - Sync 1 DAGs
[2024-08-16T13:48:48.361+0000] {logging_mixin.py:190} INFO - [2024-08-16T13:48:48.361+0000] {dag.py:4138} INFO - Setting next_dagrun for example_dynamic_task_mapping to 2022-03-04 00:00:00+00:00, run_after=2022-03-05 00:00:00+00:00
[2024-08-16T13:48:48.568+0000] {processor.py:208} INFO - Processing /home/airflow/.local/lib/python3.12/site-packages/airflow/example_dags/example_dynamic_task_mapping.py took 0.281 seconds
[2024-08-16T13:49:19.104+0000] {processor.py:186} INFO - Started process (PID=17520) to work on /home/airflow/.local/lib/python3.12/site-packages/airflow/example_dags/example_dynamic_task_mapping.py
[2024-08-16T13:49:19.105+0000] {processor.py:914} INFO - Processing file /home/airflow/.local/lib/python3.12/site-packages/airflow/example_dags/example_dynamic_task_mapping.py for tasks to queue
[2024-08-16T13:49:19.108+0000] {logging_mixin.py:190} INFO - [2024-08-16T13:49:19.107+0000] {dagbag.py:587} INFO - Filling up the DagBag from /home/airflow/.local/lib/python3.12/site-packages/airflow/example_dags/example_dynamic_task_mapping.py
[2024-08-16T13:49:19.124+0000] {processor.py:925} INFO - DAG(s) 'example_dynamic_task_mapping' retrieved from /home/airflow/.local/lib/python3.12/site-packages/airflow/example_dags/example_dynamic_task_mapping.py
[2024-08-16T13:49:19.157+0000] {logging_mixin.py:190} INFO - [2024-08-16T13:49:19.156+0000] {dag.py:3211} INFO - Sync 1 DAGs
[2024-08-16T13:49:19.200+0000] {logging_mixin.py:190} INFO - [2024-08-16T13:49:19.200+0000] {dag.py:4138} INFO - Setting next_dagrun for example_dynamic_task_mapping to 2022-03-04 00:00:00+00:00, run_after=2022-03-05 00:00:00+00:00
[2024-08-16T13:49:19.223+0000] {processor.py:208} INFO - Processing /home/airflow/.local/lib/python3.12/site-packages/airflow/example_dags/example_dynamic_task_mapping.py took 0.129 seconds
[2024-08-16T13:49:49.619+0000] {processor.py:186} INFO - Started process (PID=17806) to work on /home/airflow/.local/lib/python3.12/site-packages/airflow/example_dags/example_dynamic_task_mapping.py
[2024-08-16T13:49:49.620+0000] {processor.py:914} INFO - Processing file /home/airflow/.local/lib/python3.12/site-packages/airflow/example_dags/example_dynamic_task_mapping.py for tasks to queue
[2024-08-16T13:49:49.623+0000] {logging_mixin.py:190} INFO - [2024-08-16T13:49:49.623+0000] {dagbag.py:587} INFO - Filling up the DagBag from /home/airflow/.local/lib/python3.12/site-packages/airflow/example_dags/example_dynamic_task_mapping.py
[2024-08-16T13:49:49.640+0000] {processor.py:925} INFO - DAG(s) 'example_dynamic_task_mapping' retrieved from /home/airflow/.local/lib/python3.12/site-packages/airflow/example_dags/example_dynamic_task_mapping.py
[2024-08-16T13:49:49.683+0000] {logging_mixin.py:190} INFO - [2024-08-16T13:49:49.682+0000] {dag.py:3211} INFO - Sync 1 DAGs
[2024-08-16T13:49:49.741+0000] {logging_mixin.py:190} INFO - [2024-08-16T13:49:49.741+0000] {dag.py:4138} INFO - Setting next_dagrun for example_dynamic_task_mapping to 2022-03-04 00:00:00+00:00, run_after=2022-03-05 00:00:00+00:00
[2024-08-16T13:49:49.769+0000] {processor.py:208} INFO - Processing /home/airflow/.local/lib/python3.12/site-packages/airflow/example_dags/example_dynamic_task_mapping.py took 0.162 seconds
[2024-08-16T13:50:21.762+0000] {processor.py:186} INFO - Started process (PID=18093) to work on /home/airflow/.local/lib/python3.12/site-packages/airflow/example_dags/example_dynamic_task_mapping.py
[2024-08-16T13:50:21.765+0000] {processor.py:914} INFO - Processing file /home/airflow/.local/lib/python3.12/site-packages/airflow/example_dags/example_dynamic_task_mapping.py for tasks to queue
[2024-08-16T13:50:21.770+0000] {logging_mixin.py:190} INFO - [2024-08-16T13:50:21.769+0000] {dagbag.py:587} INFO - Filling up the DagBag from /home/airflow/.local/lib/python3.12/site-packages/airflow/example_dags/example_dynamic_task_mapping.py
[2024-08-16T13:50:21.792+0000] {processor.py:925} INFO - DAG(s) 'example_dynamic_task_mapping' retrieved from /home/airflow/.local/lib/python3.12/site-packages/airflow/example_dags/example_dynamic_task_mapping.py
[2024-08-16T13:50:21.831+0000] {logging_mixin.py:190} INFO - [2024-08-16T13:50:21.831+0000] {dag.py:3211} INFO - Sync 1 DAGs
[2024-08-16T13:50:22.483+0000] {logging_mixin.py:190} INFO - [2024-08-16T13:50:22.482+0000] {dag.py:4138} INFO - Setting next_dagrun for example_dynamic_task_mapping to 2022-03-04 00:00:00+00:00, run_after=2022-03-05 00:00:00+00:00
[2024-08-16T13:50:23.166+0000] {logging_mixin.py:190} INFO - [2024-08-16T13:50:23.165+0000] {process_utils.py:266} INFO - Waiting up to 5 seconds for processes to exit...
