[2024-08-16T13:18:47.596+0000] {processor.py:186} INFO - Started process (PID=370) to work on /home/airflow/.local/lib/python3.12/site-packages/airflow/example_dags/example_sensors.py
[2024-08-16T13:18:47.597+0000] {processor.py:914} INFO - Processing file /home/airflow/.local/lib/python3.12/site-packages/airflow/example_dags/example_sensors.py for tasks to queue
[2024-08-16T13:18:47.600+0000] {logging_mixin.py:190} INFO - [2024-08-16T13:18:47.599+0000] {dagbag.py:587} INFO - Filling up the DagBag from /home/airflow/.local/lib/python3.12/site-packages/airflow/example_dags/example_sensors.py
[2024-08-16T13:18:47.613+0000] {processor.py:925} INFO - DAG(s) 'example_sensors' retrieved from /home/airflow/.local/lib/python3.12/site-packages/airflow/example_dags/example_sensors.py
[2024-08-16T13:18:47.788+0000] {logging_mixin.py:190} INFO - [2024-08-16T13:18:47.788+0000] {override.py:1858} INFO - Created Permission View: can read on DAG:example_sensors
[2024-08-16T13:18:47.800+0000] {logging_mixin.py:190} INFO - [2024-08-16T13:18:47.799+0000] {override.py:1858} INFO - Created Permission View: can edit on DAG:example_sensors
[2024-08-16T13:18:47.807+0000] {logging_mixin.py:190} INFO - [2024-08-16T13:18:47.807+0000] {override.py:1858} INFO - Created Permission View: can delete on DAG:example_sensors
[2024-08-16T13:18:47.808+0000] {logging_mixin.py:190} INFO - [2024-08-16T13:18:47.808+0000] {dag.py:3211} INFO - Sync 1 DAGs
[2024-08-16T13:18:47.827+0000] {logging_mixin.py:190} INFO - [2024-08-16T13:18:47.827+0000] {dag.py:3234} INFO - Creating ORM DAG for example_sensors
[2024-08-16T13:18:47.828+0000] {logging_mixin.py:190} INFO - [2024-08-16T13:18:47.828+0000] {dag.py:4138} INFO - Setting next_dagrun for example_sensors to None, run_after=None
[2024-08-16T13:18:47.851+0000] {processor.py:208} INFO - Processing /home/airflow/.local/lib/python3.12/site-packages/airflow/example_dags/example_sensors.py took 0.262 seconds
[2024-08-16T13:19:18.211+0000] {processor.py:186} INFO - Started process (PID=651) to work on /home/airflow/.local/lib/python3.12/site-packages/airflow/example_dags/example_sensors.py
[2024-08-16T13:19:18.212+0000] {processor.py:914} INFO - Processing file /home/airflow/.local/lib/python3.12/site-packages/airflow/example_dags/example_sensors.py for tasks to queue
[2024-08-16T13:19:18.215+0000] {logging_mixin.py:190} INFO - [2024-08-16T13:19:18.214+0000] {dagbag.py:587} INFO - Filling up the DagBag from /home/airflow/.local/lib/python3.12/site-packages/airflow/example_dags/example_sensors.py
[2024-08-16T13:19:18.227+0000] {processor.py:925} INFO - DAG(s) 'example_sensors' retrieved from /home/airflow/.local/lib/python3.12/site-packages/airflow/example_dags/example_sensors.py
[2024-08-16T13:19:18.257+0000] {logging_mixin.py:190} INFO - [2024-08-16T13:19:18.257+0000] {dag.py:3211} INFO - Sync 1 DAGs
[2024-08-16T13:19:18.279+0000] {logging_mixin.py:190} INFO - [2024-08-16T13:19:18.278+0000] {dag.py:4138} INFO - Setting next_dagrun for example_sensors to None, run_after=None
[2024-08-16T13:19:18.306+0000] {processor.py:208} INFO - Processing /home/airflow/.local/lib/python3.12/site-packages/airflow/example_dags/example_sensors.py took 0.103 seconds
[2024-08-16T13:19:48.976+0000] {processor.py:186} INFO - Started process (PID=937) to work on /home/airflow/.local/lib/python3.12/site-packages/airflow/example_dags/example_sensors.py
[2024-08-16T13:19:48.977+0000] {processor.py:914} INFO - Processing file /home/airflow/.local/lib/python3.12/site-packages/airflow/example_dags/example_sensors.py for tasks to queue
[2024-08-16T13:19:48.984+0000] {logging_mixin.py:190} INFO - [2024-08-16T13:19:48.983+0000] {dagbag.py:587} INFO - Filling up the DagBag from /home/airflow/.local/lib/python3.12/site-packages/airflow/example_dags/example_sensors.py
[2024-08-16T13:19:49.008+0000] {processor.py:925} INFO - DAG(s) 'example_sensors' retrieved from /home/airflow/.local/lib/python3.12/site-packages/airflow/example_dags/example_sensors.py
[2024-08-16T13:19:49.037+0000] {logging_mixin.py:190} INFO - [2024-08-16T13:19:49.036+0000] {dag.py:3211} INFO - Sync 1 DAGs
[2024-08-16T13:19:49.052+0000] {logging_mixin.py:190} INFO - [2024-08-16T13:19:49.052+0000] {dag.py:4138} INFO - Setting next_dagrun for example_sensors to None, run_after=None
[2024-08-16T13:19:49.075+0000] {processor.py:208} INFO - Processing /home/airflow/.local/lib/python3.12/site-packages/airflow/example_dags/example_sensors.py took 0.109 seconds
[2024-08-16T13:20:19.662+0000] {processor.py:186} INFO - Started process (PID=1225) to work on /home/airflow/.local/lib/python3.12/site-packages/airflow/example_dags/example_sensors.py
[2024-08-16T13:20:19.663+0000] {processor.py:914} INFO - Processing file /home/airflow/.local/lib/python3.12/site-packages/airflow/example_dags/example_sensors.py for tasks to queue
[2024-08-16T13:20:19.667+0000] {logging_mixin.py:190} INFO - [2024-08-16T13:20:19.666+0000] {dagbag.py:587} INFO - Filling up the DagBag from /home/airflow/.local/lib/python3.12/site-packages/airflow/example_dags/example_sensors.py
[2024-08-16T13:20:19.678+0000] {processor.py:925} INFO - DAG(s) 'example_sensors' retrieved from /home/airflow/.local/lib/python3.12/site-packages/airflow/example_dags/example_sensors.py
[2024-08-16T13:20:19.709+0000] {logging_mixin.py:190} INFO - [2024-08-16T13:20:19.709+0000] {dag.py:3211} INFO - Sync 1 DAGs
[2024-08-16T13:20:19.724+0000] {logging_mixin.py:190} INFO - [2024-08-16T13:20:19.724+0000] {dag.py:4138} INFO - Setting next_dagrun for example_sensors to None, run_after=None
[2024-08-16T13:20:19.742+0000] {processor.py:208} INFO - Processing /home/airflow/.local/lib/python3.12/site-packages/airflow/example_dags/example_sensors.py took 0.086 seconds
[2024-08-16T13:20:50.027+0000] {processor.py:186} INFO - Started process (PID=1511) to work on /home/airflow/.local/lib/python3.12/site-packages/airflow/example_dags/example_sensors.py
[2024-08-16T13:20:50.029+0000] {processor.py:914} INFO - Processing file /home/airflow/.local/lib/python3.12/site-packages/airflow/example_dags/example_sensors.py for tasks to queue
[2024-08-16T13:20:50.031+0000] {logging_mixin.py:190} INFO - [2024-08-16T13:20:50.031+0000] {dagbag.py:587} INFO - Filling up the DagBag from /home/airflow/.local/lib/python3.12/site-packages/airflow/example_dags/example_sensors.py
[2024-08-16T13:20:50.042+0000] {processor.py:925} INFO - DAG(s) 'example_sensors' retrieved from /home/airflow/.local/lib/python3.12/site-packages/airflow/example_dags/example_sensors.py
[2024-08-16T13:20:50.071+0000] {logging_mixin.py:190} INFO - [2024-08-16T13:20:50.070+0000] {dag.py:3211} INFO - Sync 1 DAGs
[2024-08-16T13:20:50.086+0000] {logging_mixin.py:190} INFO - [2024-08-16T13:20:50.086+0000] {dag.py:4138} INFO - Setting next_dagrun for example_sensors to None, run_after=None
[2024-08-16T13:20:50.106+0000] {processor.py:208} INFO - Processing /home/airflow/.local/lib/python3.12/site-packages/airflow/example_dags/example_sensors.py took 0.084 seconds
[2024-08-16T13:21:20.447+0000] {processor.py:186} INFO - Started process (PID=1795) to work on /home/airflow/.local/lib/python3.12/site-packages/airflow/example_dags/example_sensors.py
[2024-08-16T13:21:20.448+0000] {processor.py:914} INFO - Processing file /home/airflow/.local/lib/python3.12/site-packages/airflow/example_dags/example_sensors.py for tasks to queue
[2024-08-16T13:21:20.451+0000] {logging_mixin.py:190} INFO - [2024-08-16T13:21:20.450+0000] {dagbag.py:587} INFO - Filling up the DagBag from /home/airflow/.local/lib/python3.12/site-packages/airflow/example_dags/example_sensors.py
[2024-08-16T13:21:20.463+0000] {processor.py:925} INFO - DAG(s) 'example_sensors' retrieved from /home/airflow/.local/lib/python3.12/site-packages/airflow/example_dags/example_sensors.py
[2024-08-16T13:21:20.493+0000] {logging_mixin.py:190} INFO - [2024-08-16T13:21:20.492+0000] {dag.py:3211} INFO - Sync 1 DAGs
[2024-08-16T13:21:20.508+0000] {logging_mixin.py:190} INFO - [2024-08-16T13:21:20.508+0000] {dag.py:4138} INFO - Setting next_dagrun for example_sensors to None, run_after=None
[2024-08-16T13:21:20.531+0000] {processor.py:208} INFO - Processing /home/airflow/.local/lib/python3.12/site-packages/airflow/example_dags/example_sensors.py took 0.091 seconds
[2024-08-16T13:21:50.761+0000] {processor.py:186} INFO - Started process (PID=2083) to work on /home/airflow/.local/lib/python3.12/site-packages/airflow/example_dags/example_sensors.py
[2024-08-16T13:21:50.762+0000] {processor.py:914} INFO - Processing file /home/airflow/.local/lib/python3.12/site-packages/airflow/example_dags/example_sensors.py for tasks to queue
[2024-08-16T13:21:50.764+0000] {logging_mixin.py:190} INFO - [2024-08-16T13:21:50.764+0000] {dagbag.py:587} INFO - Filling up the DagBag from /home/airflow/.local/lib/python3.12/site-packages/airflow/example_dags/example_sensors.py
[2024-08-16T13:21:50.776+0000] {processor.py:925} INFO - DAG(s) 'example_sensors' retrieved from /home/airflow/.local/lib/python3.12/site-packages/airflow/example_dags/example_sensors.py
[2024-08-16T13:21:50.805+0000] {logging_mixin.py:190} INFO - [2024-08-16T13:21:50.805+0000] {dag.py:3211} INFO - Sync 1 DAGs
[2024-08-16T13:21:50.821+0000] {logging_mixin.py:190} INFO - [2024-08-16T13:21:50.821+0000] {dag.py:4138} INFO - Setting next_dagrun for example_sensors to None, run_after=None
[2024-08-16T13:21:50.841+0000] {processor.py:208} INFO - Processing /home/airflow/.local/lib/python3.12/site-packages/airflow/example_dags/example_sensors.py took 0.085 seconds
[2024-08-16T13:22:21.284+0000] {processor.py:186} INFO - Started process (PID=2369) to work on /home/airflow/.local/lib/python3.12/site-packages/airflow/example_dags/example_sensors.py
[2024-08-16T13:22:21.286+0000] {processor.py:914} INFO - Processing file /home/airflow/.local/lib/python3.12/site-packages/airflow/example_dags/example_sensors.py for tasks to queue
[2024-08-16T13:22:21.288+0000] {logging_mixin.py:190} INFO - [2024-08-16T13:22:21.288+0000] {dagbag.py:587} INFO - Filling up the DagBag from /home/airflow/.local/lib/python3.12/site-packages/airflow/example_dags/example_sensors.py
[2024-08-16T13:22:21.299+0000] {processor.py:925} INFO - DAG(s) 'example_sensors' retrieved from /home/airflow/.local/lib/python3.12/site-packages/airflow/example_dags/example_sensors.py
[2024-08-16T13:22:21.328+0000] {logging_mixin.py:190} INFO - [2024-08-16T13:22:21.328+0000] {dag.py:3211} INFO - Sync 1 DAGs
[2024-08-16T13:22:21.343+0000] {logging_mixin.py:190} INFO - [2024-08-16T13:22:21.342+0000] {dag.py:4138} INFO - Setting next_dagrun for example_sensors to None, run_after=None
[2024-08-16T13:22:21.362+0000] {processor.py:208} INFO - Processing /home/airflow/.local/lib/python3.12/site-packages/airflow/example_dags/example_sensors.py took 0.084 seconds
[2024-08-16T13:22:51.635+0000] {processor.py:186} INFO - Started process (PID=2655) to work on /home/airflow/.local/lib/python3.12/site-packages/airflow/example_dags/example_sensors.py
[2024-08-16T13:22:51.636+0000] {processor.py:914} INFO - Processing file /home/airflow/.local/lib/python3.12/site-packages/airflow/example_dags/example_sensors.py for tasks to queue
[2024-08-16T13:22:51.639+0000] {logging_mixin.py:190} INFO - [2024-08-16T13:22:51.638+0000] {dagbag.py:587} INFO - Filling up the DagBag from /home/airflow/.local/lib/python3.12/site-packages/airflow/example_dags/example_sensors.py
[2024-08-16T13:22:51.650+0000] {processor.py:925} INFO - DAG(s) 'example_sensors' retrieved from /home/airflow/.local/lib/python3.12/site-packages/airflow/example_dags/example_sensors.py
[2024-08-16T13:22:51.677+0000] {logging_mixin.py:190} INFO - [2024-08-16T13:22:51.677+0000] {dag.py:3211} INFO - Sync 1 DAGs
[2024-08-16T13:22:51.693+0000] {logging_mixin.py:190} INFO - [2024-08-16T13:22:51.693+0000] {dag.py:4138} INFO - Setting next_dagrun for example_sensors to None, run_after=None
[2024-08-16T13:22:51.712+0000] {processor.py:208} INFO - Processing /home/airflow/.local/lib/python3.12/site-packages/airflow/example_dags/example_sensors.py took 0.084 seconds
[2024-08-16T13:23:21.942+0000] {processor.py:186} INFO - Started process (PID=2941) to work on /home/airflow/.local/lib/python3.12/site-packages/airflow/example_dags/example_sensors.py
[2024-08-16T13:23:21.943+0000] {processor.py:914} INFO - Processing file /home/airflow/.local/lib/python3.12/site-packages/airflow/example_dags/example_sensors.py for tasks to queue
[2024-08-16T13:23:21.945+0000] {logging_mixin.py:190} INFO - [2024-08-16T13:23:21.945+0000] {dagbag.py:587} INFO - Filling up the DagBag from /home/airflow/.local/lib/python3.12/site-packages/airflow/example_dags/example_sensors.py
[2024-08-16T13:23:21.957+0000] {processor.py:925} INFO - DAG(s) 'example_sensors' retrieved from /home/airflow/.local/lib/python3.12/site-packages/airflow/example_dags/example_sensors.py
[2024-08-16T13:23:21.986+0000] {logging_mixin.py:190} INFO - [2024-08-16T13:23:21.986+0000] {dag.py:3211} INFO - Sync 1 DAGs
[2024-08-16T13:23:22.001+0000] {logging_mixin.py:190} INFO - [2024-08-16T13:23:22.001+0000] {dag.py:4138} INFO - Setting next_dagrun for example_sensors to None, run_after=None
[2024-08-16T13:23:22.021+0000] {processor.py:208} INFO - Processing /home/airflow/.local/lib/python3.12/site-packages/airflow/example_dags/example_sensors.py took 0.085 seconds
[2024-08-16T13:23:52.238+0000] {processor.py:186} INFO - Started process (PID=3227) to work on /home/airflow/.local/lib/python3.12/site-packages/airflow/example_dags/example_sensors.py
[2024-08-16T13:23:52.240+0000] {processor.py:914} INFO - Processing file /home/airflow/.local/lib/python3.12/site-packages/airflow/example_dags/example_sensors.py for tasks to queue
[2024-08-16T13:23:52.242+0000] {logging_mixin.py:190} INFO - [2024-08-16T13:23:52.242+0000] {dagbag.py:587} INFO - Filling up the DagBag from /home/airflow/.local/lib/python3.12/site-packages/airflow/example_dags/example_sensors.py
[2024-08-16T13:23:52.253+0000] {processor.py:925} INFO - DAG(s) 'example_sensors' retrieved from /home/airflow/.local/lib/python3.12/site-packages/airflow/example_dags/example_sensors.py
[2024-08-16T13:23:52.282+0000] {logging_mixin.py:190} INFO - [2024-08-16T13:23:52.281+0000] {dag.py:3211} INFO - Sync 1 DAGs
[2024-08-16T13:23:52.297+0000] {logging_mixin.py:190} INFO - [2024-08-16T13:23:52.296+0000] {dag.py:4138} INFO - Setting next_dagrun for example_sensors to None, run_after=None
[2024-08-16T13:23:52.316+0000] {processor.py:208} INFO - Processing /home/airflow/.local/lib/python3.12/site-packages/airflow/example_dags/example_sensors.py took 0.085 seconds
[2024-08-16T13:24:22.555+0000] {processor.py:186} INFO - Started process (PID=3513) to work on /home/airflow/.local/lib/python3.12/site-packages/airflow/example_dags/example_sensors.py
[2024-08-16T13:24:22.557+0000] {processor.py:914} INFO - Processing file /home/airflow/.local/lib/python3.12/site-packages/airflow/example_dags/example_sensors.py for tasks to queue
[2024-08-16T13:24:22.559+0000] {logging_mixin.py:190} INFO - [2024-08-16T13:24:22.559+0000] {dagbag.py:587} INFO - Filling up the DagBag from /home/airflow/.local/lib/python3.12/site-packages/airflow/example_dags/example_sensors.py
[2024-08-16T13:24:22.572+0000] {processor.py:925} INFO - DAG(s) 'example_sensors' retrieved from /home/airflow/.local/lib/python3.12/site-packages/airflow/example_dags/example_sensors.py
[2024-08-16T13:24:22.601+0000] {logging_mixin.py:190} INFO - [2024-08-16T13:24:22.600+0000] {dag.py:3211} INFO - Sync 1 DAGs
[2024-08-16T13:24:22.616+0000] {logging_mixin.py:190} INFO - [2024-08-16T13:24:22.615+0000] {dag.py:4138} INFO - Setting next_dagrun for example_sensors to None, run_after=None
[2024-08-16T13:24:22.635+0000] {processor.py:208} INFO - Processing /home/airflow/.local/lib/python3.12/site-packages/airflow/example_dags/example_sensors.py took 0.087 seconds
[2024-08-16T13:24:52.949+0000] {processor.py:186} INFO - Started process (PID=3799) to work on /home/airflow/.local/lib/python3.12/site-packages/airflow/example_dags/example_sensors.py
[2024-08-16T13:24:52.951+0000] {processor.py:914} INFO - Processing file /home/airflow/.local/lib/python3.12/site-packages/airflow/example_dags/example_sensors.py for tasks to queue
[2024-08-16T13:24:52.953+0000] {logging_mixin.py:190} INFO - [2024-08-16T13:24:52.953+0000] {dagbag.py:587} INFO - Filling up the DagBag from /home/airflow/.local/lib/python3.12/site-packages/airflow/example_dags/example_sensors.py
[2024-08-16T13:24:52.966+0000] {processor.py:925} INFO - DAG(s) 'example_sensors' retrieved from /home/airflow/.local/lib/python3.12/site-packages/airflow/example_dags/example_sensors.py
[2024-08-16T13:24:52.994+0000] {logging_mixin.py:190} INFO - [2024-08-16T13:24:52.994+0000] {dag.py:3211} INFO - Sync 1 DAGs
[2024-08-16T13:24:53.010+0000] {logging_mixin.py:190} INFO - [2024-08-16T13:24:53.010+0000] {dag.py:4138} INFO - Setting next_dagrun for example_sensors to None, run_after=None
[2024-08-16T13:24:53.031+0000] {processor.py:208} INFO - Processing /home/airflow/.local/lib/python3.12/site-packages/airflow/example_dags/example_sensors.py took 0.088 seconds
[2024-08-16T13:25:23.211+0000] {processor.py:186} INFO - Started process (PID=4085) to work on /home/airflow/.local/lib/python3.12/site-packages/airflow/example_dags/example_sensors.py
[2024-08-16T13:25:23.212+0000] {processor.py:914} INFO - Processing file /home/airflow/.local/lib/python3.12/site-packages/airflow/example_dags/example_sensors.py for tasks to queue
[2024-08-16T13:25:23.215+0000] {logging_mixin.py:190} INFO - [2024-08-16T13:25:23.215+0000] {dagbag.py:587} INFO - Filling up the DagBag from /home/airflow/.local/lib/python3.12/site-packages/airflow/example_dags/example_sensors.py
[2024-08-16T13:25:23.226+0000] {processor.py:925} INFO - DAG(s) 'example_sensors' retrieved from /home/airflow/.local/lib/python3.12/site-packages/airflow/example_dags/example_sensors.py
[2024-08-16T13:25:23.256+0000] {logging_mixin.py:190} INFO - [2024-08-16T13:25:23.255+0000] {dag.py:3211} INFO - Sync 1 DAGs
[2024-08-16T13:25:23.270+0000] {logging_mixin.py:190} INFO - [2024-08-16T13:25:23.270+0000] {dag.py:4138} INFO - Setting next_dagrun for example_sensors to None, run_after=None
[2024-08-16T13:25:23.289+0000] {processor.py:208} INFO - Processing /home/airflow/.local/lib/python3.12/site-packages/airflow/example_dags/example_sensors.py took 0.085 seconds
[2024-08-16T13:25:53.709+0000] {processor.py:186} INFO - Started process (PID=4371) to work on /home/airflow/.local/lib/python3.12/site-packages/airflow/example_dags/example_sensors.py
[2024-08-16T13:25:53.710+0000] {processor.py:914} INFO - Processing file /home/airflow/.local/lib/python3.12/site-packages/airflow/example_dags/example_sensors.py for tasks to queue
[2024-08-16T13:25:53.712+0000] {logging_mixin.py:190} INFO - [2024-08-16T13:25:53.712+0000] {dagbag.py:587} INFO - Filling up the DagBag from /home/airflow/.local/lib/python3.12/site-packages/airflow/example_dags/example_sensors.py
[2024-08-16T13:25:53.724+0000] {processor.py:925} INFO - DAG(s) 'example_sensors' retrieved from /home/airflow/.local/lib/python3.12/site-packages/airflow/example_dags/example_sensors.py
[2024-08-16T13:25:53.757+0000] {logging_mixin.py:190} INFO - [2024-08-16T13:25:53.757+0000] {dag.py:3211} INFO - Sync 1 DAGs
[2024-08-16T13:25:53.772+0000] {logging_mixin.py:190} INFO - [2024-08-16T13:25:53.772+0000] {dag.py:4138} INFO - Setting next_dagrun for example_sensors to None, run_after=None
[2024-08-16T13:25:53.793+0000] {processor.py:208} INFO - Processing /home/airflow/.local/lib/python3.12/site-packages/airflow/example_dags/example_sensors.py took 0.095 seconds
[2024-08-16T13:26:24.052+0000] {processor.py:186} INFO - Started process (PID=4657) to work on /home/airflow/.local/lib/python3.12/site-packages/airflow/example_dags/example_sensors.py
[2024-08-16T13:26:24.053+0000] {processor.py:914} INFO - Processing file /home/airflow/.local/lib/python3.12/site-packages/airflow/example_dags/example_sensors.py for tasks to queue
[2024-08-16T13:26:24.056+0000] {logging_mixin.py:190} INFO - [2024-08-16T13:26:24.055+0000] {dagbag.py:587} INFO - Filling up the DagBag from /home/airflow/.local/lib/python3.12/site-packages/airflow/example_dags/example_sensors.py
[2024-08-16T13:26:24.067+0000] {processor.py:925} INFO - DAG(s) 'example_sensors' retrieved from /home/airflow/.local/lib/python3.12/site-packages/airflow/example_dags/example_sensors.py
[2024-08-16T13:26:24.095+0000] {logging_mixin.py:190} INFO - [2024-08-16T13:26:24.095+0000] {dag.py:3211} INFO - Sync 1 DAGs
[2024-08-16T13:26:24.111+0000] {logging_mixin.py:190} INFO - [2024-08-16T13:26:24.111+0000] {dag.py:4138} INFO - Setting next_dagrun for example_sensors to None, run_after=None
[2024-08-16T13:26:24.128+0000] {processor.py:208} INFO - Processing /home/airflow/.local/lib/python3.12/site-packages/airflow/example_dags/example_sensors.py took 0.083 seconds
[2024-08-16T13:26:54.670+0000] {processor.py:186} INFO - Started process (PID=4943) to work on /home/airflow/.local/lib/python3.12/site-packages/airflow/example_dags/example_sensors.py
[2024-08-16T13:26:54.671+0000] {processor.py:914} INFO - Processing file /home/airflow/.local/lib/python3.12/site-packages/airflow/example_dags/example_sensors.py for tasks to queue
[2024-08-16T13:26:54.673+0000] {logging_mixin.py:190} INFO - [2024-08-16T13:26:54.673+0000] {dagbag.py:587} INFO - Filling up the DagBag from /home/airflow/.local/lib/python3.12/site-packages/airflow/example_dags/example_sensors.py
[2024-08-16T13:26:54.686+0000] {processor.py:925} INFO - DAG(s) 'example_sensors' retrieved from /home/airflow/.local/lib/python3.12/site-packages/airflow/example_dags/example_sensors.py
[2024-08-16T13:26:54.722+0000] {logging_mixin.py:190} INFO - [2024-08-16T13:26:54.722+0000] {dag.py:3211} INFO - Sync 1 DAGs
[2024-08-16T13:26:54.741+0000] {logging_mixin.py:190} INFO - [2024-08-16T13:26:54.740+0000] {dag.py:4138} INFO - Setting next_dagrun for example_sensors to None, run_after=None
[2024-08-16T13:26:54.766+0000] {processor.py:208} INFO - Processing /home/airflow/.local/lib/python3.12/site-packages/airflow/example_dags/example_sensors.py took 0.103 seconds
[2024-08-16T13:27:25.050+0000] {processor.py:186} INFO - Started process (PID=5230) to work on /home/airflow/.local/lib/python3.12/site-packages/airflow/example_dags/example_sensors.py
[2024-08-16T13:27:25.051+0000] {processor.py:914} INFO - Processing file /home/airflow/.local/lib/python3.12/site-packages/airflow/example_dags/example_sensors.py for tasks to queue
[2024-08-16T13:27:25.053+0000] {logging_mixin.py:190} INFO - [2024-08-16T13:27:25.053+0000] {dagbag.py:587} INFO - Filling up the DagBag from /home/airflow/.local/lib/python3.12/site-packages/airflow/example_dags/example_sensors.py
[2024-08-16T13:27:25.064+0000] {processor.py:925} INFO - DAG(s) 'example_sensors' retrieved from /home/airflow/.local/lib/python3.12/site-packages/airflow/example_dags/example_sensors.py
[2024-08-16T13:27:25.092+0000] {logging_mixin.py:190} INFO - [2024-08-16T13:27:25.092+0000] {dag.py:3211} INFO - Sync 1 DAGs
[2024-08-16T13:27:25.108+0000] {logging_mixin.py:190} INFO - [2024-08-16T13:27:25.107+0000] {dag.py:4138} INFO - Setting next_dagrun for example_sensors to None, run_after=None
[2024-08-16T13:27:25.129+0000] {processor.py:208} INFO - Processing /home/airflow/.local/lib/python3.12/site-packages/airflow/example_dags/example_sensors.py took 0.086 seconds
[2024-08-16T13:27:55.451+0000] {processor.py:186} INFO - Started process (PID=5516) to work on /home/airflow/.local/lib/python3.12/site-packages/airflow/example_dags/example_sensors.py
[2024-08-16T13:27:55.452+0000] {processor.py:914} INFO - Processing file /home/airflow/.local/lib/python3.12/site-packages/airflow/example_dags/example_sensors.py for tasks to queue
[2024-08-16T13:27:55.455+0000] {logging_mixin.py:190} INFO - [2024-08-16T13:27:55.454+0000] {dagbag.py:587} INFO - Filling up the DagBag from /home/airflow/.local/lib/python3.12/site-packages/airflow/example_dags/example_sensors.py
[2024-08-16T13:27:55.467+0000] {processor.py:925} INFO - DAG(s) 'example_sensors' retrieved from /home/airflow/.local/lib/python3.12/site-packages/airflow/example_dags/example_sensors.py
[2024-08-16T13:27:55.496+0000] {logging_mixin.py:190} INFO - [2024-08-16T13:27:55.496+0000] {dag.py:3211} INFO - Sync 1 DAGs
[2024-08-16T13:27:55.512+0000] {logging_mixin.py:190} INFO - [2024-08-16T13:27:55.512+0000] {dag.py:4138} INFO - Setting next_dagrun for example_sensors to None, run_after=None
[2024-08-16T13:27:55.538+0000] {processor.py:208} INFO - Processing /home/airflow/.local/lib/python3.12/site-packages/airflow/example_dags/example_sensors.py took 0.093 seconds
[2024-08-16T13:28:26.185+0000] {processor.py:186} INFO - Started process (PID=5802) to work on /home/airflow/.local/lib/python3.12/site-packages/airflow/example_dags/example_sensors.py
[2024-08-16T13:28:26.187+0000] {processor.py:914} INFO - Processing file /home/airflow/.local/lib/python3.12/site-packages/airflow/example_dags/example_sensors.py for tasks to queue
[2024-08-16T13:28:26.189+0000] {logging_mixin.py:190} INFO - [2024-08-16T13:28:26.189+0000] {dagbag.py:587} INFO - Filling up the DagBag from /home/airflow/.local/lib/python3.12/site-packages/airflow/example_dags/example_sensors.py
[2024-08-16T13:28:26.200+0000] {processor.py:925} INFO - DAG(s) 'example_sensors' retrieved from /home/airflow/.local/lib/python3.12/site-packages/airflow/example_dags/example_sensors.py
[2024-08-16T13:28:26.228+0000] {logging_mixin.py:190} INFO - [2024-08-16T13:28:26.228+0000] {dag.py:3211} INFO - Sync 1 DAGs
[2024-08-16T13:28:26.243+0000] {logging_mixin.py:190} INFO - [2024-08-16T13:28:26.243+0000] {dag.py:4138} INFO - Setting next_dagrun for example_sensors to None, run_after=None
[2024-08-16T13:28:26.271+0000] {processor.py:208} INFO - Processing /home/airflow/.local/lib/python3.12/site-packages/airflow/example_dags/example_sensors.py took 0.094 seconds
[2024-08-16T13:28:56.510+0000] {processor.py:186} INFO - Started process (PID=6088) to work on /home/airflow/.local/lib/python3.12/site-packages/airflow/example_dags/example_sensors.py
[2024-08-16T13:28:56.511+0000] {processor.py:914} INFO - Processing file /home/airflow/.local/lib/python3.12/site-packages/airflow/example_dags/example_sensors.py for tasks to queue
[2024-08-16T13:28:56.514+0000] {logging_mixin.py:190} INFO - [2024-08-16T13:28:56.513+0000] {dagbag.py:587} INFO - Filling up the DagBag from /home/airflow/.local/lib/python3.12/site-packages/airflow/example_dags/example_sensors.py
[2024-08-16T13:28:56.526+0000] {processor.py:925} INFO - DAG(s) 'example_sensors' retrieved from /home/airflow/.local/lib/python3.12/site-packages/airflow/example_dags/example_sensors.py
[2024-08-16T13:28:56.554+0000] {logging_mixin.py:190} INFO - [2024-08-16T13:28:56.554+0000] {dag.py:3211} INFO - Sync 1 DAGs
[2024-08-16T13:28:56.571+0000] {logging_mixin.py:190} INFO - [2024-08-16T13:28:56.570+0000] {dag.py:4138} INFO - Setting next_dagrun for example_sensors to None, run_after=None
[2024-08-16T13:28:56.590+0000] {processor.py:208} INFO - Processing /home/airflow/.local/lib/python3.12/site-packages/airflow/example_dags/example_sensors.py took 0.087 seconds
[2024-08-16T13:29:27.092+0000] {processor.py:186} INFO - Started process (PID=6374) to work on /home/airflow/.local/lib/python3.12/site-packages/airflow/example_dags/example_sensors.py
[2024-08-16T13:29:27.093+0000] {processor.py:914} INFO - Processing file /home/airflow/.local/lib/python3.12/site-packages/airflow/example_dags/example_sensors.py for tasks to queue
[2024-08-16T13:29:27.096+0000] {logging_mixin.py:190} INFO - [2024-08-16T13:29:27.095+0000] {dagbag.py:587} INFO - Filling up the DagBag from /home/airflow/.local/lib/python3.12/site-packages/airflow/example_dags/example_sensors.py
[2024-08-16T13:29:27.108+0000] {processor.py:925} INFO - DAG(s) 'example_sensors' retrieved from /home/airflow/.local/lib/python3.12/site-packages/airflow/example_dags/example_sensors.py
[2024-08-16T13:29:27.139+0000] {logging_mixin.py:190} INFO - [2024-08-16T13:29:27.138+0000] {dag.py:3211} INFO - Sync 1 DAGs
[2024-08-16T13:29:27.154+0000] {logging_mixin.py:190} INFO - [2024-08-16T13:29:27.154+0000] {dag.py:4138} INFO - Setting next_dagrun for example_sensors to None, run_after=None
[2024-08-16T13:29:27.181+0000] {processor.py:208} INFO - Processing /home/airflow/.local/lib/python3.12/site-packages/airflow/example_dags/example_sensors.py took 0.095 seconds
[2024-08-16T13:29:57.423+0000] {processor.py:186} INFO - Started process (PID=6658) to work on /home/airflow/.local/lib/python3.12/site-packages/airflow/example_dags/example_sensors.py
[2024-08-16T13:29:57.424+0000] {processor.py:914} INFO - Processing file /home/airflow/.local/lib/python3.12/site-packages/airflow/example_dags/example_sensors.py for tasks to queue
[2024-08-16T13:29:57.426+0000] {logging_mixin.py:190} INFO - [2024-08-16T13:29:57.426+0000] {dagbag.py:587} INFO - Filling up the DagBag from /home/airflow/.local/lib/python3.12/site-packages/airflow/example_dags/example_sensors.py
[2024-08-16T13:29:57.441+0000] {processor.py:925} INFO - DAG(s) 'example_sensors' retrieved from /home/airflow/.local/lib/python3.12/site-packages/airflow/example_dags/example_sensors.py
[2024-08-16T13:29:57.477+0000] {logging_mixin.py:190} INFO - [2024-08-16T13:29:57.477+0000] {dag.py:3211} INFO - Sync 1 DAGs
[2024-08-16T13:29:57.497+0000] {logging_mixin.py:190} INFO - [2024-08-16T13:29:57.497+0000] {dag.py:4138} INFO - Setting next_dagrun for example_sensors to None, run_after=None
[2024-08-16T13:29:57.519+0000] {processor.py:208} INFO - Processing /home/airflow/.local/lib/python3.12/site-packages/airflow/example_dags/example_sensors.py took 0.102 seconds
[2024-08-16T13:30:27.982+0000] {processor.py:186} INFO - Started process (PID=6947) to work on /home/airflow/.local/lib/python3.12/site-packages/airflow/example_dags/example_sensors.py
[2024-08-16T13:30:27.984+0000] {processor.py:914} INFO - Processing file /home/airflow/.local/lib/python3.12/site-packages/airflow/example_dags/example_sensors.py for tasks to queue
[2024-08-16T13:30:27.986+0000] {logging_mixin.py:190} INFO - [2024-08-16T13:30:27.986+0000] {dagbag.py:587} INFO - Filling up the DagBag from /home/airflow/.local/lib/python3.12/site-packages/airflow/example_dags/example_sensors.py
[2024-08-16T13:30:27.997+0000] {processor.py:925} INFO - DAG(s) 'example_sensors' retrieved from /home/airflow/.local/lib/python3.12/site-packages/airflow/example_dags/example_sensors.py
[2024-08-16T13:30:28.028+0000] {logging_mixin.py:190} INFO - [2024-08-16T13:30:28.028+0000] {dag.py:3211} INFO - Sync 1 DAGs
[2024-08-16T13:30:28.043+0000] {logging_mixin.py:190} INFO - [2024-08-16T13:30:28.043+0000] {dag.py:4138} INFO - Setting next_dagrun for example_sensors to None, run_after=None
[2024-08-16T13:30:28.061+0000] {processor.py:208} INFO - Processing /home/airflow/.local/lib/python3.12/site-packages/airflow/example_dags/example_sensors.py took 0.085 seconds
[2024-08-16T13:30:58.714+0000] {processor.py:186} INFO - Started process (PID=7233) to work on /home/airflow/.local/lib/python3.12/site-packages/airflow/example_dags/example_sensors.py
[2024-08-16T13:30:58.715+0000] {processor.py:914} INFO - Processing file /home/airflow/.local/lib/python3.12/site-packages/airflow/example_dags/example_sensors.py for tasks to queue
[2024-08-16T13:30:58.717+0000] {logging_mixin.py:190} INFO - [2024-08-16T13:30:58.717+0000] {dagbag.py:587} INFO - Filling up the DagBag from /home/airflow/.local/lib/python3.12/site-packages/airflow/example_dags/example_sensors.py
[2024-08-16T13:30:58.729+0000] {processor.py:925} INFO - DAG(s) 'example_sensors' retrieved from /home/airflow/.local/lib/python3.12/site-packages/airflow/example_dags/example_sensors.py
[2024-08-16T13:30:58.757+0000] {logging_mixin.py:190} INFO - [2024-08-16T13:30:58.757+0000] {dag.py:3211} INFO - Sync 1 DAGs
[2024-08-16T13:30:58.775+0000] {logging_mixin.py:190} INFO - [2024-08-16T13:30:58.775+0000] {dag.py:4138} INFO - Setting next_dagrun for example_sensors to None, run_after=None
[2024-08-16T13:30:58.803+0000] {processor.py:208} INFO - Processing /home/airflow/.local/lib/python3.12/site-packages/airflow/example_dags/example_sensors.py took 0.095 seconds
[2024-08-16T13:31:29.121+0000] {processor.py:186} INFO - Started process (PID=7519) to work on /home/airflow/.local/lib/python3.12/site-packages/airflow/example_dags/example_sensors.py
[2024-08-16T13:31:29.122+0000] {processor.py:914} INFO - Processing file /home/airflow/.local/lib/python3.12/site-packages/airflow/example_dags/example_sensors.py for tasks to queue
[2024-08-16T13:31:29.124+0000] {logging_mixin.py:190} INFO - [2024-08-16T13:31:29.124+0000] {dagbag.py:587} INFO - Filling up the DagBag from /home/airflow/.local/lib/python3.12/site-packages/airflow/example_dags/example_sensors.py
[2024-08-16T13:31:29.139+0000] {processor.py:925} INFO - DAG(s) 'example_sensors' retrieved from /home/airflow/.local/lib/python3.12/site-packages/airflow/example_dags/example_sensors.py
[2024-08-16T13:31:29.168+0000] {logging_mixin.py:190} INFO - [2024-08-16T13:31:29.168+0000] {dag.py:3211} INFO - Sync 1 DAGs
[2024-08-16T13:31:29.184+0000] {logging_mixin.py:190} INFO - [2024-08-16T13:31:29.184+0000] {dag.py:4138} INFO - Setting next_dagrun for example_sensors to None, run_after=None
[2024-08-16T13:31:29.203+0000] {processor.py:208} INFO - Processing /home/airflow/.local/lib/python3.12/site-packages/airflow/example_dags/example_sensors.py took 0.088 seconds
[2024-08-16T13:31:59.659+0000] {processor.py:186} INFO - Started process (PID=7805) to work on /home/airflow/.local/lib/python3.12/site-packages/airflow/example_dags/example_sensors.py
[2024-08-16T13:31:59.660+0000] {processor.py:914} INFO - Processing file /home/airflow/.local/lib/python3.12/site-packages/airflow/example_dags/example_sensors.py for tasks to queue
[2024-08-16T13:31:59.663+0000] {logging_mixin.py:190} INFO - [2024-08-16T13:31:59.662+0000] {dagbag.py:587} INFO - Filling up the DagBag from /home/airflow/.local/lib/python3.12/site-packages/airflow/example_dags/example_sensors.py
[2024-08-16T13:31:59.673+0000] {processor.py:925} INFO - DAG(s) 'example_sensors' retrieved from /home/airflow/.local/lib/python3.12/site-packages/airflow/example_dags/example_sensors.py
[2024-08-16T13:31:59.703+0000] {logging_mixin.py:190} INFO - [2024-08-16T13:31:59.703+0000] {dag.py:3211} INFO - Sync 1 DAGs
[2024-08-16T13:31:59.717+0000] {logging_mixin.py:190} INFO - [2024-08-16T13:31:59.717+0000] {dag.py:4138} INFO - Setting next_dagrun for example_sensors to None, run_after=None
[2024-08-16T13:31:59.736+0000] {processor.py:208} INFO - Processing /home/airflow/.local/lib/python3.12/site-packages/airflow/example_dags/example_sensors.py took 0.084 seconds
[2024-08-16T13:32:30.250+0000] {processor.py:186} INFO - Started process (PID=8091) to work on /home/airflow/.local/lib/python3.12/site-packages/airflow/example_dags/example_sensors.py
[2024-08-16T13:32:30.251+0000] {processor.py:914} INFO - Processing file /home/airflow/.local/lib/python3.12/site-packages/airflow/example_dags/example_sensors.py for tasks to queue
[2024-08-16T13:32:30.254+0000] {logging_mixin.py:190} INFO - [2024-08-16T13:32:30.254+0000] {dagbag.py:587} INFO - Filling up the DagBag from /home/airflow/.local/lib/python3.12/site-packages/airflow/example_dags/example_sensors.py
[2024-08-16T13:32:30.266+0000] {processor.py:925} INFO - DAG(s) 'example_sensors' retrieved from /home/airflow/.local/lib/python3.12/site-packages/airflow/example_dags/example_sensors.py
[2024-08-16T13:32:30.295+0000] {logging_mixin.py:190} INFO - [2024-08-16T13:32:30.295+0000] {dag.py:3211} INFO - Sync 1 DAGs
[2024-08-16T13:32:30.313+0000] {logging_mixin.py:190} INFO - [2024-08-16T13:32:30.312+0000] {dag.py:4138} INFO - Setting next_dagrun for example_sensors to None, run_after=None
[2024-08-16T13:32:30.335+0000] {processor.py:208} INFO - Processing /home/airflow/.local/lib/python3.12/site-packages/airflow/example_dags/example_sensors.py took 0.092 seconds
[2024-08-16T13:33:00.660+0000] {processor.py:186} INFO - Started process (PID=8377) to work on /home/airflow/.local/lib/python3.12/site-packages/airflow/example_dags/example_sensors.py
[2024-08-16T13:33:00.661+0000] {processor.py:914} INFO - Processing file /home/airflow/.local/lib/python3.12/site-packages/airflow/example_dags/example_sensors.py for tasks to queue
[2024-08-16T13:33:00.663+0000] {logging_mixin.py:190} INFO - [2024-08-16T13:33:00.663+0000] {dagbag.py:587} INFO - Filling up the DagBag from /home/airflow/.local/lib/python3.12/site-packages/airflow/example_dags/example_sensors.py
[2024-08-16T13:33:00.677+0000] {processor.py:925} INFO - DAG(s) 'example_sensors' retrieved from /home/airflow/.local/lib/python3.12/site-packages/airflow/example_dags/example_sensors.py
[2024-08-16T13:33:00.709+0000] {logging_mixin.py:190} INFO - [2024-08-16T13:33:00.708+0000] {dag.py:3211} INFO - Sync 1 DAGs
[2024-08-16T13:33:00.727+0000] {logging_mixin.py:190} INFO - [2024-08-16T13:33:00.726+0000] {dag.py:4138} INFO - Setting next_dagrun for example_sensors to None, run_after=None
[2024-08-16T13:33:00.754+0000] {processor.py:208} INFO - Processing /home/airflow/.local/lib/python3.12/site-packages/airflow/example_dags/example_sensors.py took 0.102 seconds
[2024-08-16T13:33:31.041+0000] {processor.py:186} INFO - Started process (PID=8663) to work on /home/airflow/.local/lib/python3.12/site-packages/airflow/example_dags/example_sensors.py
[2024-08-16T13:33:31.042+0000] {processor.py:914} INFO - Processing file /home/airflow/.local/lib/python3.12/site-packages/airflow/example_dags/example_sensors.py for tasks to queue
[2024-08-16T13:33:31.045+0000] {logging_mixin.py:190} INFO - [2024-08-16T13:33:31.044+0000] {dagbag.py:587} INFO - Filling up the DagBag from /home/airflow/.local/lib/python3.12/site-packages/airflow/example_dags/example_sensors.py
[2024-08-16T13:33:31.057+0000] {processor.py:925} INFO - DAG(s) 'example_sensors' retrieved from /home/airflow/.local/lib/python3.12/site-packages/airflow/example_dags/example_sensors.py
[2024-08-16T13:33:31.086+0000] {logging_mixin.py:190} INFO - [2024-08-16T13:33:31.086+0000] {dag.py:3211} INFO - Sync 1 DAGs
[2024-08-16T13:33:31.103+0000] {logging_mixin.py:190} INFO - [2024-08-16T13:33:31.103+0000] {dag.py:4138} INFO - Setting next_dagrun for example_sensors to None, run_after=None
[2024-08-16T13:33:31.123+0000] {processor.py:208} INFO - Processing /home/airflow/.local/lib/python3.12/site-packages/airflow/example_dags/example_sensors.py took 0.088 seconds
[2024-08-16T13:34:01.294+0000] {processor.py:186} INFO - Started process (PID=8949) to work on /home/airflow/.local/lib/python3.12/site-packages/airflow/example_dags/example_sensors.py
[2024-08-16T13:34:01.295+0000] {processor.py:914} INFO - Processing file /home/airflow/.local/lib/python3.12/site-packages/airflow/example_dags/example_sensors.py for tasks to queue
[2024-08-16T13:34:01.297+0000] {logging_mixin.py:190} INFO - [2024-08-16T13:34:01.297+0000] {dagbag.py:587} INFO - Filling up the DagBag from /home/airflow/.local/lib/python3.12/site-packages/airflow/example_dags/example_sensors.py
[2024-08-16T13:34:01.308+0000] {processor.py:925} INFO - DAG(s) 'example_sensors' retrieved from /home/airflow/.local/lib/python3.12/site-packages/airflow/example_dags/example_sensors.py
[2024-08-16T13:34:01.338+0000] {logging_mixin.py:190} INFO - [2024-08-16T13:34:01.338+0000] {dag.py:3211} INFO - Sync 1 DAGs
[2024-08-16T13:34:01.354+0000] {logging_mixin.py:190} INFO - [2024-08-16T13:34:01.353+0000] {dag.py:4138} INFO - Setting next_dagrun for example_sensors to None, run_after=None
[2024-08-16T13:34:01.375+0000] {processor.py:208} INFO - Processing /home/airflow/.local/lib/python3.12/site-packages/airflow/example_dags/example_sensors.py took 0.088 seconds
[2024-08-16T13:34:31.992+0000] {processor.py:186} INFO - Started process (PID=9235) to work on /home/airflow/.local/lib/python3.12/site-packages/airflow/example_dags/example_sensors.py
[2024-08-16T13:34:31.993+0000] {processor.py:914} INFO - Processing file /home/airflow/.local/lib/python3.12/site-packages/airflow/example_dags/example_sensors.py for tasks to queue
[2024-08-16T13:34:31.996+0000] {logging_mixin.py:190} INFO - [2024-08-16T13:34:31.995+0000] {dagbag.py:587} INFO - Filling up the DagBag from /home/airflow/.local/lib/python3.12/site-packages/airflow/example_dags/example_sensors.py
[2024-08-16T13:34:32.008+0000] {processor.py:925} INFO - DAG(s) 'example_sensors' retrieved from /home/airflow/.local/lib/python3.12/site-packages/airflow/example_dags/example_sensors.py
[2024-08-16T13:34:32.038+0000] {logging_mixin.py:190} INFO - [2024-08-16T13:34:32.038+0000] {dag.py:3211} INFO - Sync 1 DAGs
[2024-08-16T13:34:32.055+0000] {logging_mixin.py:190} INFO - [2024-08-16T13:34:32.054+0000] {dag.py:4138} INFO - Setting next_dagrun for example_sensors to None, run_after=None
[2024-08-16T13:34:32.074+0000] {processor.py:208} INFO - Processing /home/airflow/.local/lib/python3.12/site-packages/airflow/example_dags/example_sensors.py took 0.088 seconds
[2024-08-16T13:35:02.386+0000] {processor.py:186} INFO - Started process (PID=9521) to work on /home/airflow/.local/lib/python3.12/site-packages/airflow/example_dags/example_sensors.py
[2024-08-16T13:35:02.387+0000] {processor.py:914} INFO - Processing file /home/airflow/.local/lib/python3.12/site-packages/airflow/example_dags/example_sensors.py for tasks to queue
[2024-08-16T13:35:02.389+0000] {logging_mixin.py:190} INFO - [2024-08-16T13:35:02.389+0000] {dagbag.py:587} INFO - Filling up the DagBag from /home/airflow/.local/lib/python3.12/site-packages/airflow/example_dags/example_sensors.py
[2024-08-16T13:35:02.403+0000] {processor.py:925} INFO - DAG(s) 'example_sensors' retrieved from /home/airflow/.local/lib/python3.12/site-packages/airflow/example_dags/example_sensors.py
[2024-08-16T13:35:02.435+0000] {logging_mixin.py:190} INFO - [2024-08-16T13:35:02.435+0000] {dag.py:3211} INFO - Sync 1 DAGs
[2024-08-16T13:35:02.455+0000] {logging_mixin.py:190} INFO - [2024-08-16T13:35:02.454+0000] {dag.py:4138} INFO - Setting next_dagrun for example_sensors to None, run_after=None
[2024-08-16T13:35:02.475+0000] {processor.py:208} INFO - Processing /home/airflow/.local/lib/python3.12/site-packages/airflow/example_dags/example_sensors.py took 0.095 seconds
[2024-08-16T13:35:32.840+0000] {processor.py:186} INFO - Started process (PID=9805) to work on /home/airflow/.local/lib/python3.12/site-packages/airflow/example_dags/example_sensors.py
[2024-08-16T13:35:32.841+0000] {processor.py:914} INFO - Processing file /home/airflow/.local/lib/python3.12/site-packages/airflow/example_dags/example_sensors.py for tasks to queue
[2024-08-16T13:35:32.843+0000] {logging_mixin.py:190} INFO - [2024-08-16T13:35:32.843+0000] {dagbag.py:587} INFO - Filling up the DagBag from /home/airflow/.local/lib/python3.12/site-packages/airflow/example_dags/example_sensors.py
[2024-08-16T13:35:32.854+0000] {processor.py:925} INFO - DAG(s) 'example_sensors' retrieved from /home/airflow/.local/lib/python3.12/site-packages/airflow/example_dags/example_sensors.py
[2024-08-16T13:35:32.888+0000] {logging_mixin.py:190} INFO - [2024-08-16T13:35:32.887+0000] {dag.py:3211} INFO - Sync 1 DAGs
[2024-08-16T13:35:32.903+0000] {logging_mixin.py:190} INFO - [2024-08-16T13:35:32.903+0000] {dag.py:4138} INFO - Setting next_dagrun for example_sensors to None, run_after=None
[2024-08-16T13:35:32.923+0000] {processor.py:208} INFO - Processing /home/airflow/.local/lib/python3.12/site-packages/airflow/example_dags/example_sensors.py took 0.093 seconds
[2024-08-16T13:36:03.298+0000] {processor.py:186} INFO - Started process (PID=10091) to work on /home/airflow/.local/lib/python3.12/site-packages/airflow/example_dags/example_sensors.py
[2024-08-16T13:36:03.299+0000] {processor.py:914} INFO - Processing file /home/airflow/.local/lib/python3.12/site-packages/airflow/example_dags/example_sensors.py for tasks to queue
[2024-08-16T13:36:03.301+0000] {logging_mixin.py:190} INFO - [2024-08-16T13:36:03.301+0000] {dagbag.py:587} INFO - Filling up the DagBag from /home/airflow/.local/lib/python3.12/site-packages/airflow/example_dags/example_sensors.py
[2024-08-16T13:36:03.313+0000] {processor.py:925} INFO - DAG(s) 'example_sensors' retrieved from /home/airflow/.local/lib/python3.12/site-packages/airflow/example_dags/example_sensors.py
[2024-08-16T13:36:03.344+0000] {logging_mixin.py:190} INFO - [2024-08-16T13:36:03.343+0000] {dag.py:3211} INFO - Sync 1 DAGs
[2024-08-16T13:36:03.359+0000] {logging_mixin.py:190} INFO - [2024-08-16T13:36:03.359+0000] {dag.py:4138} INFO - Setting next_dagrun for example_sensors to None, run_after=None
[2024-08-16T13:36:03.380+0000] {processor.py:208} INFO - Processing /home/airflow/.local/lib/python3.12/site-packages/airflow/example_dags/example_sensors.py took 0.088 seconds
[2024-08-16T13:36:33.773+0000] {processor.py:186} INFO - Started process (PID=10377) to work on /home/airflow/.local/lib/python3.12/site-packages/airflow/example_dags/example_sensors.py
[2024-08-16T13:36:33.774+0000] {processor.py:914} INFO - Processing file /home/airflow/.local/lib/python3.12/site-packages/airflow/example_dags/example_sensors.py for tasks to queue
[2024-08-16T13:36:33.777+0000] {logging_mixin.py:190} INFO - [2024-08-16T13:36:33.776+0000] {dagbag.py:587} INFO - Filling up the DagBag from /home/airflow/.local/lib/python3.12/site-packages/airflow/example_dags/example_sensors.py
[2024-08-16T13:36:33.788+0000] {processor.py:925} INFO - DAG(s) 'example_sensors' retrieved from /home/airflow/.local/lib/python3.12/site-packages/airflow/example_dags/example_sensors.py
[2024-08-16T13:36:33.817+0000] {logging_mixin.py:190} INFO - [2024-08-16T13:36:33.817+0000] {dag.py:3211} INFO - Sync 1 DAGs
[2024-08-16T13:36:33.834+0000] {logging_mixin.py:190} INFO - [2024-08-16T13:36:33.833+0000] {dag.py:4138} INFO - Setting next_dagrun for example_sensors to None, run_after=None
[2024-08-16T13:36:33.855+0000] {processor.py:208} INFO - Processing /home/airflow/.local/lib/python3.12/site-packages/airflow/example_dags/example_sensors.py took 0.089 seconds
[2024-08-16T13:37:04.141+0000] {processor.py:186} INFO - Started process (PID=10665) to work on /home/airflow/.local/lib/python3.12/site-packages/airflow/example_dags/example_sensors.py
[2024-08-16T13:37:04.142+0000] {processor.py:914} INFO - Processing file /home/airflow/.local/lib/python3.12/site-packages/airflow/example_dags/example_sensors.py for tasks to queue
[2024-08-16T13:37:04.145+0000] {logging_mixin.py:190} INFO - [2024-08-16T13:37:04.144+0000] {dagbag.py:587} INFO - Filling up the DagBag from /home/airflow/.local/lib/python3.12/site-packages/airflow/example_dags/example_sensors.py
[2024-08-16T13:37:04.158+0000] {processor.py:925} INFO - DAG(s) 'example_sensors' retrieved from /home/airflow/.local/lib/python3.12/site-packages/airflow/example_dags/example_sensors.py
[2024-08-16T13:37:04.186+0000] {logging_mixin.py:190} INFO - [2024-08-16T13:37:04.186+0000] {dag.py:3211} INFO - Sync 1 DAGs
[2024-08-16T13:37:04.201+0000] {logging_mixin.py:190} INFO - [2024-08-16T13:37:04.201+0000] {dag.py:4138} INFO - Setting next_dagrun for example_sensors to None, run_after=None
[2024-08-16T13:37:04.221+0000] {processor.py:208} INFO - Processing /home/airflow/.local/lib/python3.12/site-packages/airflow/example_dags/example_sensors.py took 0.088 seconds
[2024-08-16T13:37:34.411+0000] {processor.py:186} INFO - Started process (PID=10950) to work on /home/airflow/.local/lib/python3.12/site-packages/airflow/example_dags/example_sensors.py
[2024-08-16T13:37:34.412+0000] {processor.py:914} INFO - Processing file /home/airflow/.local/lib/python3.12/site-packages/airflow/example_dags/example_sensors.py for tasks to queue
[2024-08-16T13:37:34.415+0000] {logging_mixin.py:190} INFO - [2024-08-16T13:37:34.414+0000] {dagbag.py:587} INFO - Filling up the DagBag from /home/airflow/.local/lib/python3.12/site-packages/airflow/example_dags/example_sensors.py
[2024-08-16T13:37:34.426+0000] {processor.py:925} INFO - DAG(s) 'example_sensors' retrieved from /home/airflow/.local/lib/python3.12/site-packages/airflow/example_dags/example_sensors.py
[2024-08-16T13:37:34.456+0000] {logging_mixin.py:190} INFO - [2024-08-16T13:37:34.456+0000] {dag.py:3211} INFO - Sync 1 DAGs
[2024-08-16T13:37:34.473+0000] {logging_mixin.py:190} INFO - [2024-08-16T13:37:34.472+0000] {dag.py:4138} INFO - Setting next_dagrun for example_sensors to None, run_after=None
[2024-08-16T13:37:34.494+0000] {processor.py:208} INFO - Processing /home/airflow/.local/lib/python3.12/site-packages/airflow/example_dags/example_sensors.py took 0.089 seconds
[2024-08-16T13:38:04.940+0000] {processor.py:186} INFO - Started process (PID=11238) to work on /home/airflow/.local/lib/python3.12/site-packages/airflow/example_dags/example_sensors.py
[2024-08-16T13:38:04.941+0000] {processor.py:914} INFO - Processing file /home/airflow/.local/lib/python3.12/site-packages/airflow/example_dags/example_sensors.py for tasks to queue
[2024-08-16T13:38:04.943+0000] {logging_mixin.py:190} INFO - [2024-08-16T13:38:04.943+0000] {dagbag.py:587} INFO - Filling up the DagBag from /home/airflow/.local/lib/python3.12/site-packages/airflow/example_dags/example_sensors.py
[2024-08-16T13:38:04.955+0000] {processor.py:925} INFO - DAG(s) 'example_sensors' retrieved from /home/airflow/.local/lib/python3.12/site-packages/airflow/example_dags/example_sensors.py
[2024-08-16T13:38:04.983+0000] {logging_mixin.py:190} INFO - [2024-08-16T13:38:04.983+0000] {dag.py:3211} INFO - Sync 1 DAGs
[2024-08-16T13:38:04.998+0000] {logging_mixin.py:190} INFO - [2024-08-16T13:38:04.997+0000] {dag.py:4138} INFO - Setting next_dagrun for example_sensors to None, run_after=None
[2024-08-16T13:38:05.017+0000] {processor.py:208} INFO - Processing /home/airflow/.local/lib/python3.12/site-packages/airflow/example_dags/example_sensors.py took 0.083 seconds
[2024-08-16T13:38:35.444+0000] {processor.py:186} INFO - Started process (PID=11524) to work on /home/airflow/.local/lib/python3.12/site-packages/airflow/example_dags/example_sensors.py
[2024-08-16T13:38:35.445+0000] {processor.py:914} INFO - Processing file /home/airflow/.local/lib/python3.12/site-packages/airflow/example_dags/example_sensors.py for tasks to queue
[2024-08-16T13:38:35.447+0000] {logging_mixin.py:190} INFO - [2024-08-16T13:38:35.447+0000] {dagbag.py:587} INFO - Filling up the DagBag from /home/airflow/.local/lib/python3.12/site-packages/airflow/example_dags/example_sensors.py
[2024-08-16T13:38:35.458+0000] {processor.py:925} INFO - DAG(s) 'example_sensors' retrieved from /home/airflow/.local/lib/python3.12/site-packages/airflow/example_dags/example_sensors.py
[2024-08-16T13:38:35.488+0000] {logging_mixin.py:190} INFO - [2024-08-16T13:38:35.488+0000] {dag.py:3211} INFO - Sync 1 DAGs
[2024-08-16T13:38:35.503+0000] {logging_mixin.py:190} INFO - [2024-08-16T13:38:35.503+0000] {dag.py:4138} INFO - Setting next_dagrun for example_sensors to None, run_after=None
[2024-08-16T13:38:35.521+0000] {processor.py:208} INFO - Processing /home/airflow/.local/lib/python3.12/site-packages/airflow/example_dags/example_sensors.py took 0.084 seconds
[2024-08-16T13:39:05.701+0000] {processor.py:186} INFO - Started process (PID=11810) to work on /home/airflow/.local/lib/python3.12/site-packages/airflow/example_dags/example_sensors.py
[2024-08-16T13:39:05.702+0000] {processor.py:914} INFO - Processing file /home/airflow/.local/lib/python3.12/site-packages/airflow/example_dags/example_sensors.py for tasks to queue
[2024-08-16T13:39:05.704+0000] {logging_mixin.py:190} INFO - [2024-08-16T13:39:05.704+0000] {dagbag.py:587} INFO - Filling up the DagBag from /home/airflow/.local/lib/python3.12/site-packages/airflow/example_dags/example_sensors.py
[2024-08-16T13:39:05.716+0000] {processor.py:925} INFO - DAG(s) 'example_sensors' retrieved from /home/airflow/.local/lib/python3.12/site-packages/airflow/example_dags/example_sensors.py
[2024-08-16T13:39:05.744+0000] {logging_mixin.py:190} INFO - [2024-08-16T13:39:05.743+0000] {dag.py:3211} INFO - Sync 1 DAGs
[2024-08-16T13:39:05.758+0000] {logging_mixin.py:190} INFO - [2024-08-16T13:39:05.758+0000] {dag.py:4138} INFO - Setting next_dagrun for example_sensors to None, run_after=None
[2024-08-16T13:39:05.779+0000] {processor.py:208} INFO - Processing /home/airflow/.local/lib/python3.12/site-packages/airflow/example_dags/example_sensors.py took 0.084 seconds
[2024-08-16T13:39:35.977+0000] {processor.py:186} INFO - Started process (PID=12096) to work on /home/airflow/.local/lib/python3.12/site-packages/airflow/example_dags/example_sensors.py
[2024-08-16T13:39:35.978+0000] {processor.py:914} INFO - Processing file /home/airflow/.local/lib/python3.12/site-packages/airflow/example_dags/example_sensors.py for tasks to queue
[2024-08-16T13:39:35.980+0000] {logging_mixin.py:190} INFO - [2024-08-16T13:39:35.980+0000] {dagbag.py:587} INFO - Filling up the DagBag from /home/airflow/.local/lib/python3.12/site-packages/airflow/example_dags/example_sensors.py
[2024-08-16T13:39:35.992+0000] {processor.py:925} INFO - DAG(s) 'example_sensors' retrieved from /home/airflow/.local/lib/python3.12/site-packages/airflow/example_dags/example_sensors.py
[2024-08-16T13:39:36.020+0000] {logging_mixin.py:190} INFO - [2024-08-16T13:39:36.020+0000] {dag.py:3211} INFO - Sync 1 DAGs
[2024-08-16T13:39:36.036+0000] {logging_mixin.py:190} INFO - [2024-08-16T13:39:36.036+0000] {dag.py:4138} INFO - Setting next_dagrun for example_sensors to None, run_after=None
[2024-08-16T13:39:36.055+0000] {processor.py:208} INFO - Processing /home/airflow/.local/lib/python3.12/site-packages/airflow/example_dags/example_sensors.py took 0.084 seconds
[2024-08-16T13:40:06.994+0000] {processor.py:186} INFO - Started process (PID=12380) to work on /home/airflow/.local/lib/python3.12/site-packages/airflow/example_dags/example_sensors.py
[2024-08-16T13:40:06.995+0000] {processor.py:914} INFO - Processing file /home/airflow/.local/lib/python3.12/site-packages/airflow/example_dags/example_sensors.py for tasks to queue
[2024-08-16T13:40:06.998+0000] {logging_mixin.py:190} INFO - [2024-08-16T13:40:06.997+0000] {dagbag.py:587} INFO - Filling up the DagBag from /home/airflow/.local/lib/python3.12/site-packages/airflow/example_dags/example_sensors.py
[2024-08-16T13:40:07.011+0000] {processor.py:925} INFO - DAG(s) 'example_sensors' retrieved from /home/airflow/.local/lib/python3.12/site-packages/airflow/example_dags/example_sensors.py
[2024-08-16T13:40:07.043+0000] {logging_mixin.py:190} INFO - [2024-08-16T13:40:07.043+0000] {dag.py:3211} INFO - Sync 1 DAGs
[2024-08-16T13:40:07.062+0000] {logging_mixin.py:190} INFO - [2024-08-16T13:40:07.062+0000] {dag.py:4138} INFO - Setting next_dagrun for example_sensors to None, run_after=None
[2024-08-16T13:40:07.082+0000] {processor.py:208} INFO - Processing /home/airflow/.local/lib/python3.12/site-packages/airflow/example_dags/example_sensors.py took 0.096 seconds
[2024-08-16T13:40:37.688+0000] {processor.py:186} INFO - Started process (PID=12668) to work on /home/airflow/.local/lib/python3.12/site-packages/airflow/example_dags/example_sensors.py
[2024-08-16T13:40:37.689+0000] {processor.py:914} INFO - Processing file /home/airflow/.local/lib/python3.12/site-packages/airflow/example_dags/example_sensors.py for tasks to queue
[2024-08-16T13:40:37.692+0000] {logging_mixin.py:190} INFO - [2024-08-16T13:40:37.691+0000] {dagbag.py:587} INFO - Filling up the DagBag from /home/airflow/.local/lib/python3.12/site-packages/airflow/example_dags/example_sensors.py
[2024-08-16T13:40:37.704+0000] {processor.py:925} INFO - DAG(s) 'example_sensors' retrieved from /home/airflow/.local/lib/python3.12/site-packages/airflow/example_dags/example_sensors.py
[2024-08-16T13:40:37.741+0000] {logging_mixin.py:190} INFO - [2024-08-16T13:40:37.740+0000] {dag.py:3211} INFO - Sync 1 DAGs
[2024-08-16T13:40:37.756+0000] {logging_mixin.py:190} INFO - [2024-08-16T13:40:37.756+0000] {dag.py:4138} INFO - Setting next_dagrun for example_sensors to None, run_after=None
[2024-08-16T13:40:37.776+0000] {processor.py:208} INFO - Processing /home/airflow/.local/lib/python3.12/site-packages/airflow/example_dags/example_sensors.py took 0.096 seconds
[2024-08-16T13:41:08.763+0000] {processor.py:186} INFO - Started process (PID=12954) to work on /home/airflow/.local/lib/python3.12/site-packages/airflow/example_dags/example_sensors.py
[2024-08-16T13:41:08.766+0000] {processor.py:914} INFO - Processing file /home/airflow/.local/lib/python3.12/site-packages/airflow/example_dags/example_sensors.py for tasks to queue
[2024-08-16T13:41:08.772+0000] {logging_mixin.py:190} INFO - [2024-08-16T13:41:08.771+0000] {dagbag.py:587} INFO - Filling up the DagBag from /home/airflow/.local/lib/python3.12/site-packages/airflow/example_dags/example_sensors.py
[2024-08-16T13:41:08.788+0000] {processor.py:925} INFO - DAG(s) 'example_sensors' retrieved from /home/airflow/.local/lib/python3.12/site-packages/airflow/example_dags/example_sensors.py
[2024-08-16T13:41:08.818+0000] {logging_mixin.py:190} INFO - [2024-08-16T13:41:08.817+0000] {dag.py:3211} INFO - Sync 1 DAGs
[2024-08-16T13:41:08.833+0000] {logging_mixin.py:190} INFO - [2024-08-16T13:41:08.832+0000] {dag.py:4138} INFO - Setting next_dagrun for example_sensors to None, run_after=None
[2024-08-16T13:41:08.857+0000] {processor.py:208} INFO - Processing /home/airflow/.local/lib/python3.12/site-packages/airflow/example_dags/example_sensors.py took 0.102 seconds
[2024-08-16T13:41:39.110+0000] {processor.py:186} INFO - Started process (PID=13238) to work on /home/airflow/.local/lib/python3.12/site-packages/airflow/example_dags/example_sensors.py
[2024-08-16T13:41:39.111+0000] {processor.py:914} INFO - Processing file /home/airflow/.local/lib/python3.12/site-packages/airflow/example_dags/example_sensors.py for tasks to queue
[2024-08-16T13:41:39.114+0000] {logging_mixin.py:190} INFO - [2024-08-16T13:41:39.113+0000] {dagbag.py:587} INFO - Filling up the DagBag from /home/airflow/.local/lib/python3.12/site-packages/airflow/example_dags/example_sensors.py
[2024-08-16T13:41:39.130+0000] {processor.py:925} INFO - DAG(s) 'example_sensors' retrieved from /home/airflow/.local/lib/python3.12/site-packages/airflow/example_dags/example_sensors.py
[2024-08-16T13:41:39.172+0000] {logging_mixin.py:190} INFO - [2024-08-16T13:41:39.172+0000] {dag.py:3211} INFO - Sync 1 DAGs
[2024-08-16T13:41:39.198+0000] {logging_mixin.py:190} INFO - [2024-08-16T13:41:39.197+0000] {dag.py:4138} INFO - Setting next_dagrun for example_sensors to None, run_after=None
[2024-08-16T13:41:39.221+0000] {processor.py:208} INFO - Processing /home/airflow/.local/lib/python3.12/site-packages/airflow/example_dags/example_sensors.py took 0.119 seconds
[2024-08-16T13:42:09.849+0000] {processor.py:186} INFO - Started process (PID=13524) to work on /home/airflow/.local/lib/python3.12/site-packages/airflow/example_dags/example_sensors.py
[2024-08-16T13:42:09.850+0000] {processor.py:914} INFO - Processing file /home/airflow/.local/lib/python3.12/site-packages/airflow/example_dags/example_sensors.py for tasks to queue
[2024-08-16T13:42:09.853+0000] {logging_mixin.py:190} INFO - [2024-08-16T13:42:09.852+0000] {dagbag.py:587} INFO - Filling up the DagBag from /home/airflow/.local/lib/python3.12/site-packages/airflow/example_dags/example_sensors.py
[2024-08-16T13:42:09.869+0000] {processor.py:925} INFO - DAG(s) 'example_sensors' retrieved from /home/airflow/.local/lib/python3.12/site-packages/airflow/example_dags/example_sensors.py
[2024-08-16T13:42:09.905+0000] {logging_mixin.py:190} INFO - [2024-08-16T13:42:09.905+0000] {dag.py:3211} INFO - Sync 1 DAGs
[2024-08-16T13:42:09.927+0000] {logging_mixin.py:190} INFO - [2024-08-16T13:42:09.927+0000] {dag.py:4138} INFO - Setting next_dagrun for example_sensors to None, run_after=None
[2024-08-16T13:42:09.952+0000] {processor.py:208} INFO - Processing /home/airflow/.local/lib/python3.12/site-packages/airflow/example_dags/example_sensors.py took 0.112 seconds
[2024-08-16T13:42:40.457+0000] {processor.py:186} INFO - Started process (PID=13805) to work on /home/airflow/.local/lib/python3.12/site-packages/airflow/example_dags/example_sensors.py
[2024-08-16T13:42:40.458+0000] {processor.py:914} INFO - Processing file /home/airflow/.local/lib/python3.12/site-packages/airflow/example_dags/example_sensors.py for tasks to queue
[2024-08-16T13:42:40.461+0000] {logging_mixin.py:190} INFO - [2024-08-16T13:42:40.461+0000] {dagbag.py:587} INFO - Filling up the DagBag from /home/airflow/.local/lib/python3.12/site-packages/airflow/example_dags/example_sensors.py
[2024-08-16T13:42:40.473+0000] {processor.py:925} INFO - DAG(s) 'example_sensors' retrieved from /home/airflow/.local/lib/python3.12/site-packages/airflow/example_dags/example_sensors.py
[2024-08-16T13:42:40.505+0000] {logging_mixin.py:190} INFO - [2024-08-16T13:42:40.504+0000] {dag.py:3211} INFO - Sync 1 DAGs
[2024-08-16T13:42:40.523+0000] {logging_mixin.py:190} INFO - [2024-08-16T13:42:40.523+0000] {dag.py:4138} INFO - Setting next_dagrun for example_sensors to None, run_after=None
[2024-08-16T13:42:40.545+0000] {processor.py:208} INFO - Processing /home/airflow/.local/lib/python3.12/site-packages/airflow/example_dags/example_sensors.py took 0.095 seconds
[2024-08-16T13:43:11.345+0000] {processor.py:186} INFO - Started process (PID=14091) to work on /home/airflow/.local/lib/python3.12/site-packages/airflow/example_dags/example_sensors.py
[2024-08-16T13:43:11.346+0000] {processor.py:914} INFO - Processing file /home/airflow/.local/lib/python3.12/site-packages/airflow/example_dags/example_sensors.py for tasks to queue
[2024-08-16T13:43:11.349+0000] {logging_mixin.py:190} INFO - [2024-08-16T13:43:11.349+0000] {dagbag.py:587} INFO - Filling up the DagBag from /home/airflow/.local/lib/python3.12/site-packages/airflow/example_dags/example_sensors.py
[2024-08-16T13:43:11.360+0000] {processor.py:925} INFO - DAG(s) 'example_sensors' retrieved from /home/airflow/.local/lib/python3.12/site-packages/airflow/example_dags/example_sensors.py
[2024-08-16T13:43:11.391+0000] {logging_mixin.py:190} INFO - [2024-08-16T13:43:11.391+0000] {dag.py:3211} INFO - Sync 1 DAGs
[2024-08-16T13:43:11.408+0000] {logging_mixin.py:190} INFO - [2024-08-16T13:43:11.407+0000] {dag.py:4138} INFO - Setting next_dagrun for example_sensors to None, run_after=None
[2024-08-16T13:43:11.428+0000] {processor.py:208} INFO - Processing /home/airflow/.local/lib/python3.12/site-packages/airflow/example_dags/example_sensors.py took 0.090 seconds
[2024-08-16T13:43:41.804+0000] {processor.py:186} INFO - Started process (PID=14377) to work on /home/airflow/.local/lib/python3.12/site-packages/airflow/example_dags/example_sensors.py
[2024-08-16T13:43:41.806+0000] {processor.py:914} INFO - Processing file /home/airflow/.local/lib/python3.12/site-packages/airflow/example_dags/example_sensors.py for tasks to queue
[2024-08-16T13:43:41.808+0000] {logging_mixin.py:190} INFO - [2024-08-16T13:43:41.808+0000] {dagbag.py:587} INFO - Filling up the DagBag from /home/airflow/.local/lib/python3.12/site-packages/airflow/example_dags/example_sensors.py
[2024-08-16T13:43:41.819+0000] {processor.py:925} INFO - DAG(s) 'example_sensors' retrieved from /home/airflow/.local/lib/python3.12/site-packages/airflow/example_dags/example_sensors.py
[2024-08-16T13:43:41.848+0000] {logging_mixin.py:190} INFO - [2024-08-16T13:43:41.848+0000] {dag.py:3211} INFO - Sync 1 DAGs
[2024-08-16T13:43:41.872+0000] {logging_mixin.py:190} INFO - [2024-08-16T13:43:41.872+0000] {dag.py:4138} INFO - Setting next_dagrun for example_sensors to None, run_after=None
[2024-08-16T13:43:41.894+0000] {processor.py:208} INFO - Processing /home/airflow/.local/lib/python3.12/site-packages/airflow/example_dags/example_sensors.py took 0.096 seconds
[2024-08-16T13:44:12.470+0000] {processor.py:186} INFO - Started process (PID=14663) to work on /home/airflow/.local/lib/python3.12/site-packages/airflow/example_dags/example_sensors.py
[2024-08-16T13:44:12.471+0000] {processor.py:914} INFO - Processing file /home/airflow/.local/lib/python3.12/site-packages/airflow/example_dags/example_sensors.py for tasks to queue
[2024-08-16T13:44:12.473+0000] {logging_mixin.py:190} INFO - [2024-08-16T13:44:12.473+0000] {dagbag.py:587} INFO - Filling up the DagBag from /home/airflow/.local/lib/python3.12/site-packages/airflow/example_dags/example_sensors.py
[2024-08-16T13:44:12.489+0000] {processor.py:925} INFO - DAG(s) 'example_sensors' retrieved from /home/airflow/.local/lib/python3.12/site-packages/airflow/example_dags/example_sensors.py
[2024-08-16T13:44:12.520+0000] {logging_mixin.py:190} INFO - [2024-08-16T13:44:12.520+0000] {dag.py:3211} INFO - Sync 1 DAGs
[2024-08-16T13:44:12.538+0000] {logging_mixin.py:190} INFO - [2024-08-16T13:44:12.538+0000] {dag.py:4138} INFO - Setting next_dagrun for example_sensors to None, run_after=None
[2024-08-16T13:44:12.560+0000] {processor.py:208} INFO - Processing /home/airflow/.local/lib/python3.12/site-packages/airflow/example_dags/example_sensors.py took 0.096 seconds
[2024-08-16T13:44:42.960+0000] {processor.py:186} INFO - Started process (PID=14949) to work on /home/airflow/.local/lib/python3.12/site-packages/airflow/example_dags/example_sensors.py
[2024-08-16T13:44:42.961+0000] {processor.py:914} INFO - Processing file /home/airflow/.local/lib/python3.12/site-packages/airflow/example_dags/example_sensors.py for tasks to queue
[2024-08-16T13:44:42.964+0000] {logging_mixin.py:190} INFO - [2024-08-16T13:44:42.964+0000] {dagbag.py:587} INFO - Filling up the DagBag from /home/airflow/.local/lib/python3.12/site-packages/airflow/example_dags/example_sensors.py
[2024-08-16T13:44:42.979+0000] {processor.py:925} INFO - DAG(s) 'example_sensors' retrieved from /home/airflow/.local/lib/python3.12/site-packages/airflow/example_dags/example_sensors.py
[2024-08-16T13:44:43.011+0000] {logging_mixin.py:190} INFO - [2024-08-16T13:44:43.011+0000] {dag.py:3211} INFO - Sync 1 DAGs
[2024-08-16T13:44:43.028+0000] {logging_mixin.py:190} INFO - [2024-08-16T13:44:43.027+0000] {dag.py:4138} INFO - Setting next_dagrun for example_sensors to None, run_after=None
[2024-08-16T13:44:43.046+0000] {processor.py:208} INFO - Processing /home/airflow/.local/lib/python3.12/site-packages/airflow/example_dags/example_sensors.py took 0.092 seconds
[2024-08-16T13:45:13.224+0000] {processor.py:186} INFO - Started process (PID=15235) to work on /home/airflow/.local/lib/python3.12/site-packages/airflow/example_dags/example_sensors.py
[2024-08-16T13:45:13.225+0000] {processor.py:914} INFO - Processing file /home/airflow/.local/lib/python3.12/site-packages/airflow/example_dags/example_sensors.py for tasks to queue
[2024-08-16T13:45:13.229+0000] {logging_mixin.py:190} INFO - [2024-08-16T13:45:13.228+0000] {dagbag.py:587} INFO - Filling up the DagBag from /home/airflow/.local/lib/python3.12/site-packages/airflow/example_dags/example_sensors.py
[2024-08-16T13:45:13.245+0000] {processor.py:925} INFO - DAG(s) 'example_sensors' retrieved from /home/airflow/.local/lib/python3.12/site-packages/airflow/example_dags/example_sensors.py
[2024-08-16T13:45:13.281+0000] {logging_mixin.py:190} INFO - [2024-08-16T13:45:13.281+0000] {dag.py:3211} INFO - Sync 1 DAGs
[2024-08-16T13:45:13.328+0000] {logging_mixin.py:190} INFO - [2024-08-16T13:45:13.320+0000] {dag.py:4138} INFO - Setting next_dagrun for example_sensors to None, run_after=None
[2024-08-16T13:45:13.421+0000] {processor.py:208} INFO - Processing /home/airflow/.local/lib/python3.12/site-packages/airflow/example_dags/example_sensors.py took 0.204 seconds
[2024-08-16T13:45:43.773+0000] {processor.py:186} INFO - Started process (PID=15521) to work on /home/airflow/.local/lib/python3.12/site-packages/airflow/example_dags/example_sensors.py
[2024-08-16T13:45:43.774+0000] {processor.py:914} INFO - Processing file /home/airflow/.local/lib/python3.12/site-packages/airflow/example_dags/example_sensors.py for tasks to queue
[2024-08-16T13:45:43.777+0000] {logging_mixin.py:190} INFO - [2024-08-16T13:45:43.776+0000] {dagbag.py:587} INFO - Filling up the DagBag from /home/airflow/.local/lib/python3.12/site-packages/airflow/example_dags/example_sensors.py
[2024-08-16T13:45:43.793+0000] {processor.py:925} INFO - DAG(s) 'example_sensors' retrieved from /home/airflow/.local/lib/python3.12/site-packages/airflow/example_dags/example_sensors.py
[2024-08-16T13:45:43.825+0000] {logging_mixin.py:190} INFO - [2024-08-16T13:45:43.825+0000] {dag.py:3211} INFO - Sync 1 DAGs
[2024-08-16T13:45:43.846+0000] {logging_mixin.py:190} INFO - [2024-08-16T13:45:43.846+0000] {dag.py:4138} INFO - Setting next_dagrun for example_sensors to None, run_after=None
[2024-08-16T13:45:43.874+0000] {processor.py:208} INFO - Processing /home/airflow/.local/lib/python3.12/site-packages/airflow/example_dags/example_sensors.py took 0.108 seconds
[2024-08-16T13:46:15.070+0000] {processor.py:186} INFO - Started process (PID=15807) to work on /home/airflow/.local/lib/python3.12/site-packages/airflow/example_dags/example_sensors.py
[2024-08-16T13:46:15.072+0000] {processor.py:914} INFO - Processing file /home/airflow/.local/lib/python3.12/site-packages/airflow/example_dags/example_sensors.py for tasks to queue
[2024-08-16T13:46:15.076+0000] {logging_mixin.py:190} INFO - [2024-08-16T13:46:15.075+0000] {dagbag.py:587} INFO - Filling up the DagBag from /home/airflow/.local/lib/python3.12/site-packages/airflow/example_dags/example_sensors.py
[2024-08-16T13:46:15.106+0000] {processor.py:925} INFO - DAG(s) 'example_sensors' retrieved from /home/airflow/.local/lib/python3.12/site-packages/airflow/example_dags/example_sensors.py
[2024-08-16T13:46:15.164+0000] {logging_mixin.py:190} INFO - [2024-08-16T13:46:15.163+0000] {dag.py:3211} INFO - Sync 1 DAGs
[2024-08-16T13:46:15.193+0000] {logging_mixin.py:190} INFO - [2024-08-16T13:46:15.192+0000] {dag.py:4138} INFO - Setting next_dagrun for example_sensors to None, run_after=None
[2024-08-16T13:46:15.234+0000] {processor.py:208} INFO - Processing /home/airflow/.local/lib/python3.12/site-packages/airflow/example_dags/example_sensors.py took 0.174 seconds
[2024-08-16T13:46:45.941+0000] {processor.py:186} INFO - Started process (PID=16095) to work on /home/airflow/.local/lib/python3.12/site-packages/airflow/example_dags/example_sensors.py
[2024-08-16T13:46:45.950+0000] {processor.py:914} INFO - Processing file /home/airflow/.local/lib/python3.12/site-packages/airflow/example_dags/example_sensors.py for tasks to queue
[2024-08-16T13:46:45.954+0000] {logging_mixin.py:190} INFO - [2024-08-16T13:46:45.954+0000] {dagbag.py:587} INFO - Filling up the DagBag from /home/airflow/.local/lib/python3.12/site-packages/airflow/example_dags/example_sensors.py
[2024-08-16T13:46:45.970+0000] {processor.py:925} INFO - DAG(s) 'example_sensors' retrieved from /home/airflow/.local/lib/python3.12/site-packages/airflow/example_dags/example_sensors.py
[2024-08-16T13:46:46.022+0000] {logging_mixin.py:190} INFO - [2024-08-16T13:46:46.022+0000] {dag.py:3211} INFO - Sync 1 DAGs
[2024-08-16T13:46:46.052+0000] {logging_mixin.py:190} INFO - [2024-08-16T13:46:46.051+0000] {dag.py:4138} INFO - Setting next_dagrun for example_sensors to None, run_after=None
[2024-08-16T13:46:46.089+0000] {processor.py:208} INFO - Processing /home/airflow/.local/lib/python3.12/site-packages/airflow/example_dags/example_sensors.py took 0.159 seconds
[2024-08-16T13:47:16.538+0000] {processor.py:186} INFO - Started process (PID=16381) to work on /home/airflow/.local/lib/python3.12/site-packages/airflow/example_dags/example_sensors.py
[2024-08-16T13:47:16.539+0000] {processor.py:914} INFO - Processing file /home/airflow/.local/lib/python3.12/site-packages/airflow/example_dags/example_sensors.py for tasks to queue
[2024-08-16T13:47:16.542+0000] {logging_mixin.py:190} INFO - [2024-08-16T13:47:16.542+0000] {dagbag.py:587} INFO - Filling up the DagBag from /home/airflow/.local/lib/python3.12/site-packages/airflow/example_dags/example_sensors.py
[2024-08-16T13:47:16.556+0000] {processor.py:925} INFO - DAG(s) 'example_sensors' retrieved from /home/airflow/.local/lib/python3.12/site-packages/airflow/example_dags/example_sensors.py
[2024-08-16T13:47:16.586+0000] {logging_mixin.py:190} INFO - [2024-08-16T13:47:16.586+0000] {dag.py:3211} INFO - Sync 1 DAGs
[2024-08-16T13:47:16.601+0000] {logging_mixin.py:190} INFO - [2024-08-16T13:47:16.601+0000] {dag.py:4138} INFO - Setting next_dagrun for example_sensors to None, run_after=None
[2024-08-16T13:47:16.619+0000] {processor.py:208} INFO - Processing /home/airflow/.local/lib/python3.12/site-packages/airflow/example_dags/example_sensors.py took 0.087 seconds
[2024-08-16T13:47:47.266+0000] {processor.py:186} INFO - Started process (PID=16665) to work on /home/airflow/.local/lib/python3.12/site-packages/airflow/example_dags/example_sensors.py
[2024-08-16T13:47:47.267+0000] {processor.py:914} INFO - Processing file /home/airflow/.local/lib/python3.12/site-packages/airflow/example_dags/example_sensors.py for tasks to queue
[2024-08-16T13:47:47.270+0000] {logging_mixin.py:190} INFO - [2024-08-16T13:47:47.269+0000] {dagbag.py:587} INFO - Filling up the DagBag from /home/airflow/.local/lib/python3.12/site-packages/airflow/example_dags/example_sensors.py
[2024-08-16T13:47:47.282+0000] {processor.py:925} INFO - DAG(s) 'example_sensors' retrieved from /home/airflow/.local/lib/python3.12/site-packages/airflow/example_dags/example_sensors.py
[2024-08-16T13:47:47.314+0000] {logging_mixin.py:190} INFO - [2024-08-16T13:47:47.314+0000] {dag.py:3211} INFO - Sync 1 DAGs
[2024-08-16T13:47:47.330+0000] {logging_mixin.py:190} INFO - [2024-08-16T13:47:47.330+0000] {dag.py:4138} INFO - Setting next_dagrun for example_sensors to None, run_after=None
[2024-08-16T13:47:47.351+0000] {processor.py:208} INFO - Processing /home/airflow/.local/lib/python3.12/site-packages/airflow/example_dags/example_sensors.py took 0.093 seconds
[2024-08-16T13:48:18.157+0000] {processor.py:186} INFO - Started process (PID=16960) to work on /home/airflow/.local/lib/python3.12/site-packages/airflow/example_dags/example_sensors.py
[2024-08-16T13:48:18.158+0000] {processor.py:914} INFO - Processing file /home/airflow/.local/lib/python3.12/site-packages/airflow/example_dags/example_sensors.py for tasks to queue
[2024-08-16T13:48:18.161+0000] {logging_mixin.py:190} INFO - [2024-08-16T13:48:18.160+0000] {dagbag.py:587} INFO - Filling up the DagBag from /home/airflow/.local/lib/python3.12/site-packages/airflow/example_dags/example_sensors.py
[2024-08-16T13:48:18.174+0000] {processor.py:925} INFO - DAG(s) 'example_sensors' retrieved from /home/airflow/.local/lib/python3.12/site-packages/airflow/example_dags/example_sensors.py
[2024-08-16T13:48:18.207+0000] {logging_mixin.py:190} INFO - [2024-08-16T13:48:18.207+0000] {dag.py:3211} INFO - Sync 1 DAGs
[2024-08-16T13:48:18.227+0000] {logging_mixin.py:190} INFO - [2024-08-16T13:48:18.227+0000] {dag.py:4138} INFO - Setting next_dagrun for example_sensors to None, run_after=None
[2024-08-16T13:48:18.275+0000] {processor.py:208} INFO - Processing /home/airflow/.local/lib/python3.12/site-packages/airflow/example_dags/example_sensors.py took 0.131 seconds
[2024-08-16T13:48:48.622+0000] {processor.py:186} INFO - Started process (PID=17244) to work on /home/airflow/.local/lib/python3.12/site-packages/airflow/example_dags/example_sensors.py
[2024-08-16T13:48:48.624+0000] {processor.py:914} INFO - Processing file /home/airflow/.local/lib/python3.12/site-packages/airflow/example_dags/example_sensors.py for tasks to queue
[2024-08-16T13:48:48.627+0000] {logging_mixin.py:190} INFO - [2024-08-16T13:48:48.626+0000] {dagbag.py:587} INFO - Filling up the DagBag from /home/airflow/.local/lib/python3.12/site-packages/airflow/example_dags/example_sensors.py
[2024-08-16T13:48:48.647+0000] {processor.py:925} INFO - DAG(s) 'example_sensors' retrieved from /home/airflow/.local/lib/python3.12/site-packages/airflow/example_dags/example_sensors.py
[2024-08-16T13:48:48.680+0000] {logging_mixin.py:190} INFO - [2024-08-16T13:48:48.680+0000] {dag.py:3211} INFO - Sync 1 DAGs
[2024-08-16T13:48:48.700+0000] {logging_mixin.py:190} INFO - [2024-08-16T13:48:48.700+0000] {dag.py:4138} INFO - Setting next_dagrun for example_sensors to None, run_after=None
[2024-08-16T13:48:48.727+0000] {processor.py:208} INFO - Processing /home/airflow/.local/lib/python3.12/site-packages/airflow/example_dags/example_sensors.py took 0.114 seconds
[2024-08-16T13:49:19.301+0000] {processor.py:186} INFO - Started process (PID=17530) to work on /home/airflow/.local/lib/python3.12/site-packages/airflow/example_dags/example_sensors.py
[2024-08-16T13:49:19.302+0000] {processor.py:914} INFO - Processing file /home/airflow/.local/lib/python3.12/site-packages/airflow/example_dags/example_sensors.py for tasks to queue
[2024-08-16T13:49:19.306+0000] {logging_mixin.py:190} INFO - [2024-08-16T13:49:19.305+0000] {dagbag.py:587} INFO - Filling up the DagBag from /home/airflow/.local/lib/python3.12/site-packages/airflow/example_dags/example_sensors.py
[2024-08-16T13:49:19.323+0000] {processor.py:925} INFO - DAG(s) 'example_sensors' retrieved from /home/airflow/.local/lib/python3.12/site-packages/airflow/example_dags/example_sensors.py
[2024-08-16T13:49:19.359+0000] {logging_mixin.py:190} INFO - [2024-08-16T13:49:19.359+0000] {dag.py:3211} INFO - Sync 1 DAGs
[2024-08-16T13:49:19.392+0000] {logging_mixin.py:190} INFO - [2024-08-16T13:49:19.392+0000] {dag.py:4138} INFO - Setting next_dagrun for example_sensors to None, run_after=None
[2024-08-16T13:49:19.424+0000] {processor.py:208} INFO - Processing /home/airflow/.local/lib/python3.12/site-packages/airflow/example_dags/example_sensors.py took 0.135 seconds
[2024-08-16T13:49:49.822+0000] {processor.py:186} INFO - Started process (PID=17816) to work on /home/airflow/.local/lib/python3.12/site-packages/airflow/example_dags/example_sensors.py
[2024-08-16T13:49:49.824+0000] {processor.py:914} INFO - Processing file /home/airflow/.local/lib/python3.12/site-packages/airflow/example_dags/example_sensors.py for tasks to queue
[2024-08-16T13:49:49.826+0000] {logging_mixin.py:190} INFO - [2024-08-16T13:49:49.826+0000] {dagbag.py:587} INFO - Filling up the DagBag from /home/airflow/.local/lib/python3.12/site-packages/airflow/example_dags/example_sensors.py
[2024-08-16T13:49:49.844+0000] {processor.py:925} INFO - DAG(s) 'example_sensors' retrieved from /home/airflow/.local/lib/python3.12/site-packages/airflow/example_dags/example_sensors.py
[2024-08-16T13:49:49.910+0000] {logging_mixin.py:190} INFO - [2024-08-16T13:49:49.909+0000] {dag.py:3211} INFO - Sync 1 DAGs
[2024-08-16T13:49:49.943+0000] {logging_mixin.py:190} INFO - [2024-08-16T13:49:49.942+0000] {dag.py:4138} INFO - Setting next_dagrun for example_sensors to None, run_after=None
[2024-08-16T13:49:49.975+0000] {processor.py:208} INFO - Processing /home/airflow/.local/lib/python3.12/site-packages/airflow/example_dags/example_sensors.py took 0.160 seconds
