[2024-08-16T13:18:37.167+0000] {processor.py:186} INFO - Started process (PID=194) to work on /home/airflow/.local/lib/python3.12/site-packages/airflow/example_dags/example_bash_decorator.py
[2024-08-16T13:18:37.168+0000] {processor.py:914} INFO - Processing file /home/airflow/.local/lib/python3.12/site-packages/airflow/example_dags/example_bash_decorator.py for tasks to queue
[2024-08-16T13:18:37.170+0000] {logging_mixin.py:190} INFO - [2024-08-16T13:18:37.170+0000] {dagbag.py:587} INFO - Filling up the DagBag from /home/airflow/.local/lib/python3.12/site-packages/airflow/example_dags/example_bash_decorator.py
[2024-08-16T13:18:37.186+0000] {processor.py:925} INFO - DAG(s) 'example_bash_decorator' retrieved from /home/airflow/.local/lib/python3.12/site-packages/airflow/example_dags/example_bash_decorator.py
[2024-08-16T13:18:37.324+0000] {logging_mixin.py:190} INFO - [2024-08-16T13:18:37.323+0000] {override.py:1858} INFO - Created Permission View: can read on DAG:example_bash_decorator
[2024-08-16T13:18:37.341+0000] {logging_mixin.py:190} INFO - [2024-08-16T13:18:37.340+0000] {override.py:1858} INFO - Created Permission View: can edit on DAG:example_bash_decorator
[2024-08-16T13:18:37.350+0000] {logging_mixin.py:190} INFO - [2024-08-16T13:18:37.350+0000] {override.py:1858} INFO - Created Permission View: can delete on DAG:example_bash_decorator
[2024-08-16T13:18:37.351+0000] {logging_mixin.py:190} INFO - [2024-08-16T13:18:37.350+0000] {dag.py:3211} INFO - Sync 1 DAGs
[2024-08-16T13:18:37.366+0000] {logging_mixin.py:190} INFO - [2024-08-16T13:18:37.366+0000] {dag.py:3234} INFO - Creating ORM DAG for example_bash_decorator
[2024-08-16T13:18:37.367+0000] {logging_mixin.py:190} INFO - [2024-08-16T13:18:37.367+0000] {dag.py:4138} INFO - Setting next_dagrun for example_bash_decorator to None, run_after=None
[2024-08-16T13:18:37.384+0000] {processor.py:208} INFO - Processing /home/airflow/.local/lib/python3.12/site-packages/airflow/example_dags/example_bash_decorator.py took 0.224 seconds
[2024-08-16T13:19:08.281+0000] {processor.py:186} INFO - Started process (PID=480) to work on /home/airflow/.local/lib/python3.12/site-packages/airflow/example_dags/example_bash_decorator.py
[2024-08-16T13:19:08.282+0000] {processor.py:914} INFO - Processing file /home/airflow/.local/lib/python3.12/site-packages/airflow/example_dags/example_bash_decorator.py for tasks to queue
[2024-08-16T13:19:08.285+0000] {logging_mixin.py:190} INFO - [2024-08-16T13:19:08.285+0000] {dagbag.py:587} INFO - Filling up the DagBag from /home/airflow/.local/lib/python3.12/site-packages/airflow/example_dags/example_bash_decorator.py
[2024-08-16T13:19:08.302+0000] {processor.py:925} INFO - DAG(s) 'example_bash_decorator' retrieved from /home/airflow/.local/lib/python3.12/site-packages/airflow/example_dags/example_bash_decorator.py
[2024-08-16T13:19:08.330+0000] {logging_mixin.py:190} INFO - [2024-08-16T13:19:08.330+0000] {dag.py:3211} INFO - Sync 1 DAGs
[2024-08-16T13:19:08.347+0000] {logging_mixin.py:190} INFO - [2024-08-16T13:19:08.347+0000] {dag.py:4138} INFO - Setting next_dagrun for example_bash_decorator to None, run_after=None
[2024-08-16T13:19:08.377+0000] {processor.py:208} INFO - Processing /home/airflow/.local/lib/python3.12/site-packages/airflow/example_dags/example_bash_decorator.py took 0.103 seconds
[2024-08-16T13:19:38.700+0000] {processor.py:186} INFO - Started process (PID=766) to work on /home/airflow/.local/lib/python3.12/site-packages/airflow/example_dags/example_bash_decorator.py
[2024-08-16T13:19:38.701+0000] {processor.py:914} INFO - Processing file /home/airflow/.local/lib/python3.12/site-packages/airflow/example_dags/example_bash_decorator.py for tasks to queue
[2024-08-16T13:19:38.704+0000] {logging_mixin.py:190} INFO - [2024-08-16T13:19:38.703+0000] {dagbag.py:587} INFO - Filling up the DagBag from /home/airflow/.local/lib/python3.12/site-packages/airflow/example_dags/example_bash_decorator.py
[2024-08-16T13:19:38.722+0000] {processor.py:925} INFO - DAG(s) 'example_bash_decorator' retrieved from /home/airflow/.local/lib/python3.12/site-packages/airflow/example_dags/example_bash_decorator.py
[2024-08-16T13:19:38.750+0000] {logging_mixin.py:190} INFO - [2024-08-16T13:19:38.750+0000] {dag.py:3211} INFO - Sync 1 DAGs
[2024-08-16T13:19:38.767+0000] {logging_mixin.py:190} INFO - [2024-08-16T13:19:38.767+0000] {dag.py:4138} INFO - Setting next_dagrun for example_bash_decorator to None, run_after=None
[2024-08-16T13:19:38.794+0000] {processor.py:208} INFO - Processing /home/airflow/.local/lib/python3.12/site-packages/airflow/example_dags/example_bash_decorator.py took 0.102 seconds
[2024-08-16T13:20:09.619+0000] {processor.py:186} INFO - Started process (PID=1052) to work on /home/airflow/.local/lib/python3.12/site-packages/airflow/example_dags/example_bash_decorator.py
[2024-08-16T13:20:09.620+0000] {processor.py:914} INFO - Processing file /home/airflow/.local/lib/python3.12/site-packages/airflow/example_dags/example_bash_decorator.py for tasks to queue
[2024-08-16T13:20:09.622+0000] {logging_mixin.py:190} INFO - [2024-08-16T13:20:09.622+0000] {dagbag.py:587} INFO - Filling up the DagBag from /home/airflow/.local/lib/python3.12/site-packages/airflow/example_dags/example_bash_decorator.py
[2024-08-16T13:20:09.637+0000] {processor.py:925} INFO - DAG(s) 'example_bash_decorator' retrieved from /home/airflow/.local/lib/python3.12/site-packages/airflow/example_dags/example_bash_decorator.py
[2024-08-16T13:20:09.663+0000] {logging_mixin.py:190} INFO - [2024-08-16T13:20:09.662+0000] {dag.py:3211} INFO - Sync 1 DAGs
[2024-08-16T13:20:09.678+0000] {logging_mixin.py:190} INFO - [2024-08-16T13:20:09.678+0000] {dag.py:4138} INFO - Setting next_dagrun for example_bash_decorator to None, run_after=None
[2024-08-16T13:20:09.696+0000] {processor.py:208} INFO - Processing /home/airflow/.local/lib/python3.12/site-packages/airflow/example_dags/example_bash_decorator.py took 0.084 seconds
[2024-08-16T13:20:40.243+0000] {processor.py:186} INFO - Started process (PID=1338) to work on /home/airflow/.local/lib/python3.12/site-packages/airflow/example_dags/example_bash_decorator.py
[2024-08-16T13:20:40.245+0000] {processor.py:914} INFO - Processing file /home/airflow/.local/lib/python3.12/site-packages/airflow/example_dags/example_bash_decorator.py for tasks to queue
[2024-08-16T13:20:40.247+0000] {logging_mixin.py:190} INFO - [2024-08-16T13:20:40.247+0000] {dagbag.py:587} INFO - Filling up the DagBag from /home/airflow/.local/lib/python3.12/site-packages/airflow/example_dags/example_bash_decorator.py
[2024-08-16T13:20:40.263+0000] {processor.py:925} INFO - DAG(s) 'example_bash_decorator' retrieved from /home/airflow/.local/lib/python3.12/site-packages/airflow/example_dags/example_bash_decorator.py
[2024-08-16T13:20:40.290+0000] {logging_mixin.py:190} INFO - [2024-08-16T13:20:40.290+0000] {dag.py:3211} INFO - Sync 1 DAGs
[2024-08-16T13:20:40.305+0000] {logging_mixin.py:190} INFO - [2024-08-16T13:20:40.304+0000] {dag.py:4138} INFO - Setting next_dagrun for example_bash_decorator to None, run_after=None
[2024-08-16T13:20:40.324+0000] {processor.py:208} INFO - Processing /home/airflow/.local/lib/python3.12/site-packages/airflow/example_dags/example_bash_decorator.py took 0.091 seconds
[2024-08-16T13:21:10.497+0000] {processor.py:186} INFO - Started process (PID=1621) to work on /home/airflow/.local/lib/python3.12/site-packages/airflow/example_dags/example_bash_decorator.py
[2024-08-16T13:21:10.498+0000] {processor.py:914} INFO - Processing file /home/airflow/.local/lib/python3.12/site-packages/airflow/example_dags/example_bash_decorator.py for tasks to queue
[2024-08-16T13:21:10.501+0000] {logging_mixin.py:190} INFO - [2024-08-16T13:21:10.500+0000] {dagbag.py:587} INFO - Filling up the DagBag from /home/airflow/.local/lib/python3.12/site-packages/airflow/example_dags/example_bash_decorator.py
[2024-08-16T13:21:10.516+0000] {processor.py:925} INFO - DAG(s) 'example_bash_decorator' retrieved from /home/airflow/.local/lib/python3.12/site-packages/airflow/example_dags/example_bash_decorator.py
[2024-08-16T13:21:10.542+0000] {logging_mixin.py:190} INFO - [2024-08-16T13:21:10.542+0000] {dag.py:3211} INFO - Sync 1 DAGs
[2024-08-16T13:21:10.557+0000] {logging_mixin.py:190} INFO - [2024-08-16T13:21:10.557+0000] {dag.py:4138} INFO - Setting next_dagrun for example_bash_decorator to None, run_after=None
[2024-08-16T13:21:10.577+0000] {processor.py:208} INFO - Processing /home/airflow/.local/lib/python3.12/site-packages/airflow/example_dags/example_bash_decorator.py took 0.086 seconds
[2024-08-16T13:21:41.052+0000] {processor.py:186} INFO - Started process (PID=1910) to work on /home/airflow/.local/lib/python3.12/site-packages/airflow/example_dags/example_bash_decorator.py
[2024-08-16T13:21:41.054+0000] {processor.py:914} INFO - Processing file /home/airflow/.local/lib/python3.12/site-packages/airflow/example_dags/example_bash_decorator.py for tasks to queue
[2024-08-16T13:21:41.056+0000] {logging_mixin.py:190} INFO - [2024-08-16T13:21:41.056+0000] {dagbag.py:587} INFO - Filling up the DagBag from /home/airflow/.local/lib/python3.12/site-packages/airflow/example_dags/example_bash_decorator.py
[2024-08-16T13:21:41.078+0000] {processor.py:925} INFO - DAG(s) 'example_bash_decorator' retrieved from /home/airflow/.local/lib/python3.12/site-packages/airflow/example_dags/example_bash_decorator.py
[2024-08-16T13:21:41.108+0000] {logging_mixin.py:190} INFO - [2024-08-16T13:21:41.107+0000] {dag.py:3211} INFO - Sync 1 DAGs
[2024-08-16T13:21:41.123+0000] {logging_mixin.py:190} INFO - [2024-08-16T13:21:41.123+0000] {dag.py:4138} INFO - Setting next_dagrun for example_bash_decorator to None, run_after=None
[2024-08-16T13:21:41.143+0000] {processor.py:208} INFO - Processing /home/airflow/.local/lib/python3.12/site-packages/airflow/example_dags/example_bash_decorator.py took 0.098 seconds
[2024-08-16T13:22:11.460+0000] {processor.py:186} INFO - Started process (PID=2196) to work on /home/airflow/.local/lib/python3.12/site-packages/airflow/example_dags/example_bash_decorator.py
[2024-08-16T13:22:11.461+0000] {processor.py:914} INFO - Processing file /home/airflow/.local/lib/python3.12/site-packages/airflow/example_dags/example_bash_decorator.py for tasks to queue
[2024-08-16T13:22:11.463+0000] {logging_mixin.py:190} INFO - [2024-08-16T13:22:11.463+0000] {dagbag.py:587} INFO - Filling up the DagBag from /home/airflow/.local/lib/python3.12/site-packages/airflow/example_dags/example_bash_decorator.py
[2024-08-16T13:22:11.479+0000] {processor.py:925} INFO - DAG(s) 'example_bash_decorator' retrieved from /home/airflow/.local/lib/python3.12/site-packages/airflow/example_dags/example_bash_decorator.py
[2024-08-16T13:22:11.506+0000] {logging_mixin.py:190} INFO - [2024-08-16T13:22:11.505+0000] {dag.py:3211} INFO - Sync 1 DAGs
[2024-08-16T13:22:11.522+0000] {logging_mixin.py:190} INFO - [2024-08-16T13:22:11.522+0000] {dag.py:4138} INFO - Setting next_dagrun for example_bash_decorator to None, run_after=None
[2024-08-16T13:22:11.540+0000] {processor.py:208} INFO - Processing /home/airflow/.local/lib/python3.12/site-packages/airflow/example_dags/example_bash_decorator.py took 0.086 seconds
[2024-08-16T13:22:41.628+0000] {processor.py:186} INFO - Started process (PID=2479) to work on /home/airflow/.local/lib/python3.12/site-packages/airflow/example_dags/example_bash_decorator.py
[2024-08-16T13:22:41.629+0000] {processor.py:914} INFO - Processing file /home/airflow/.local/lib/python3.12/site-packages/airflow/example_dags/example_bash_decorator.py for tasks to queue
[2024-08-16T13:22:41.632+0000] {logging_mixin.py:190} INFO - [2024-08-16T13:22:41.631+0000] {dagbag.py:587} INFO - Filling up the DagBag from /home/airflow/.local/lib/python3.12/site-packages/airflow/example_dags/example_bash_decorator.py
[2024-08-16T13:22:41.649+0000] {processor.py:925} INFO - DAG(s) 'example_bash_decorator' retrieved from /home/airflow/.local/lib/python3.12/site-packages/airflow/example_dags/example_bash_decorator.py
[2024-08-16T13:22:41.677+0000] {logging_mixin.py:190} INFO - [2024-08-16T13:22:41.677+0000] {dag.py:3211} INFO - Sync 1 DAGs
[2024-08-16T13:22:41.695+0000] {logging_mixin.py:190} INFO - [2024-08-16T13:22:41.695+0000] {dag.py:4138} INFO - Setting next_dagrun for example_bash_decorator to None, run_after=None
[2024-08-16T13:22:41.716+0000] {processor.py:208} INFO - Processing /home/airflow/.local/lib/python3.12/site-packages/airflow/example_dags/example_bash_decorator.py took 0.095 seconds
[2024-08-16T13:23:12.061+0000] {processor.py:186} INFO - Started process (PID=2768) to work on /home/airflow/.local/lib/python3.12/site-packages/airflow/example_dags/example_bash_decorator.py
[2024-08-16T13:23:12.062+0000] {processor.py:914} INFO - Processing file /home/airflow/.local/lib/python3.12/site-packages/airflow/example_dags/example_bash_decorator.py for tasks to queue
[2024-08-16T13:23:12.065+0000] {logging_mixin.py:190} INFO - [2024-08-16T13:23:12.064+0000] {dagbag.py:587} INFO - Filling up the DagBag from /home/airflow/.local/lib/python3.12/site-packages/airflow/example_dags/example_bash_decorator.py
[2024-08-16T13:23:12.080+0000] {processor.py:925} INFO - DAG(s) 'example_bash_decorator' retrieved from /home/airflow/.local/lib/python3.12/site-packages/airflow/example_dags/example_bash_decorator.py
[2024-08-16T13:23:12.106+0000] {logging_mixin.py:190} INFO - [2024-08-16T13:23:12.105+0000] {dag.py:3211} INFO - Sync 1 DAGs
[2024-08-16T13:23:12.126+0000] {logging_mixin.py:190} INFO - [2024-08-16T13:23:12.126+0000] {dag.py:4138} INFO - Setting next_dagrun for example_bash_decorator to None, run_after=None
[2024-08-16T13:23:12.145+0000] {processor.py:208} INFO - Processing /home/airflow/.local/lib/python3.12/site-packages/airflow/example_dags/example_bash_decorator.py took 0.090 seconds
[2024-08-16T13:23:42.554+0000] {processor.py:186} INFO - Started process (PID=3054) to work on /home/airflow/.local/lib/python3.12/site-packages/airflow/example_dags/example_bash_decorator.py
[2024-08-16T13:23:42.555+0000] {processor.py:914} INFO - Processing file /home/airflow/.local/lib/python3.12/site-packages/airflow/example_dags/example_bash_decorator.py for tasks to queue
[2024-08-16T13:23:42.559+0000] {logging_mixin.py:190} INFO - [2024-08-16T13:23:42.558+0000] {dagbag.py:587} INFO - Filling up the DagBag from /home/airflow/.local/lib/python3.12/site-packages/airflow/example_dags/example_bash_decorator.py
[2024-08-16T13:23:42.575+0000] {processor.py:925} INFO - DAG(s) 'example_bash_decorator' retrieved from /home/airflow/.local/lib/python3.12/site-packages/airflow/example_dags/example_bash_decorator.py
[2024-08-16T13:23:42.602+0000] {logging_mixin.py:190} INFO - [2024-08-16T13:23:42.602+0000] {dag.py:3211} INFO - Sync 1 DAGs
[2024-08-16T13:23:42.618+0000] {logging_mixin.py:190} INFO - [2024-08-16T13:23:42.618+0000] {dag.py:4138} INFO - Setting next_dagrun for example_bash_decorator to None, run_after=None
[2024-08-16T13:23:42.637+0000] {processor.py:208} INFO - Processing /home/airflow/.local/lib/python3.12/site-packages/airflow/example_dags/example_bash_decorator.py took 0.089 seconds
[2024-08-16T13:24:12.710+0000] {processor.py:186} INFO - Started process (PID=3337) to work on /home/airflow/.local/lib/python3.12/site-packages/airflow/example_dags/example_bash_decorator.py
[2024-08-16T13:24:12.711+0000] {processor.py:914} INFO - Processing file /home/airflow/.local/lib/python3.12/site-packages/airflow/example_dags/example_bash_decorator.py for tasks to queue
[2024-08-16T13:24:12.713+0000] {logging_mixin.py:190} INFO - [2024-08-16T13:24:12.713+0000] {dagbag.py:587} INFO - Filling up the DagBag from /home/airflow/.local/lib/python3.12/site-packages/airflow/example_dags/example_bash_decorator.py
[2024-08-16T13:24:12.729+0000] {processor.py:925} INFO - DAG(s) 'example_bash_decorator' retrieved from /home/airflow/.local/lib/python3.12/site-packages/airflow/example_dags/example_bash_decorator.py
[2024-08-16T13:24:12.759+0000] {logging_mixin.py:190} INFO - [2024-08-16T13:24:12.759+0000] {dag.py:3211} INFO - Sync 1 DAGs
[2024-08-16T13:24:12.775+0000] {logging_mixin.py:190} INFO - [2024-08-16T13:24:12.774+0000] {dag.py:4138} INFO - Setting next_dagrun for example_bash_decorator to None, run_after=None
[2024-08-16T13:24:12.794+0000] {processor.py:208} INFO - Processing /home/airflow/.local/lib/python3.12/site-packages/airflow/example_dags/example_bash_decorator.py took 0.091 seconds
[2024-08-16T13:24:42.959+0000] {processor.py:186} INFO - Started process (PID=3623) to work on /home/airflow/.local/lib/python3.12/site-packages/airflow/example_dags/example_bash_decorator.py
[2024-08-16T13:24:42.960+0000] {processor.py:914} INFO - Processing file /home/airflow/.local/lib/python3.12/site-packages/airflow/example_dags/example_bash_decorator.py for tasks to queue
[2024-08-16T13:24:42.963+0000] {logging_mixin.py:190} INFO - [2024-08-16T13:24:42.962+0000] {dagbag.py:587} INFO - Filling up the DagBag from /home/airflow/.local/lib/python3.12/site-packages/airflow/example_dags/example_bash_decorator.py
[2024-08-16T13:24:42.978+0000] {processor.py:925} INFO - DAG(s) 'example_bash_decorator' retrieved from /home/airflow/.local/lib/python3.12/site-packages/airflow/example_dags/example_bash_decorator.py
[2024-08-16T13:24:43.005+0000] {logging_mixin.py:190} INFO - [2024-08-16T13:24:43.004+0000] {dag.py:3211} INFO - Sync 1 DAGs
[2024-08-16T13:24:43.020+0000] {logging_mixin.py:190} INFO - [2024-08-16T13:24:43.019+0000] {dag.py:4138} INFO - Setting next_dagrun for example_bash_decorator to None, run_after=None
[2024-08-16T13:24:43.041+0000] {processor.py:208} INFO - Processing /home/airflow/.local/lib/python3.12/site-packages/airflow/example_dags/example_bash_decorator.py took 0.088 seconds
[2024-08-16T13:25:13.371+0000] {processor.py:186} INFO - Started process (PID=3912) to work on /home/airflow/.local/lib/python3.12/site-packages/airflow/example_dags/example_bash_decorator.py
[2024-08-16T13:25:13.372+0000] {processor.py:914} INFO - Processing file /home/airflow/.local/lib/python3.12/site-packages/airflow/example_dags/example_bash_decorator.py for tasks to queue
[2024-08-16T13:25:13.375+0000] {logging_mixin.py:190} INFO - [2024-08-16T13:25:13.374+0000] {dagbag.py:587} INFO - Filling up the DagBag from /home/airflow/.local/lib/python3.12/site-packages/airflow/example_dags/example_bash_decorator.py
[2024-08-16T13:25:13.394+0000] {processor.py:925} INFO - DAG(s) 'example_bash_decorator' retrieved from /home/airflow/.local/lib/python3.12/site-packages/airflow/example_dags/example_bash_decorator.py
[2024-08-16T13:25:13.423+0000] {logging_mixin.py:190} INFO - [2024-08-16T13:25:13.423+0000] {dag.py:3211} INFO - Sync 1 DAGs
[2024-08-16T13:25:13.441+0000] {logging_mixin.py:190} INFO - [2024-08-16T13:25:13.441+0000] {dag.py:4138} INFO - Setting next_dagrun for example_bash_decorator to None, run_after=None
[2024-08-16T13:25:13.462+0000] {processor.py:208} INFO - Processing /home/airflow/.local/lib/python3.12/site-packages/airflow/example_dags/example_bash_decorator.py took 0.097 seconds
[2024-08-16T13:25:43.538+0000] {processor.py:186} INFO - Started process (PID=4195) to work on /home/airflow/.local/lib/python3.12/site-packages/airflow/example_dags/example_bash_decorator.py
[2024-08-16T13:25:43.539+0000] {processor.py:914} INFO - Processing file /home/airflow/.local/lib/python3.12/site-packages/airflow/example_dags/example_bash_decorator.py for tasks to queue
[2024-08-16T13:25:43.541+0000] {logging_mixin.py:190} INFO - [2024-08-16T13:25:43.541+0000] {dagbag.py:587} INFO - Filling up the DagBag from /home/airflow/.local/lib/python3.12/site-packages/airflow/example_dags/example_bash_decorator.py
[2024-08-16T13:25:43.556+0000] {processor.py:925} INFO - DAG(s) 'example_bash_decorator' retrieved from /home/airflow/.local/lib/python3.12/site-packages/airflow/example_dags/example_bash_decorator.py
[2024-08-16T13:25:43.587+0000] {logging_mixin.py:190} INFO - [2024-08-16T13:25:43.587+0000] {dag.py:3211} INFO - Sync 1 DAGs
[2024-08-16T13:25:43.604+0000] {logging_mixin.py:190} INFO - [2024-08-16T13:25:43.603+0000] {dag.py:4138} INFO - Setting next_dagrun for example_bash_decorator to None, run_after=None
[2024-08-16T13:25:43.624+0000] {processor.py:208} INFO - Processing /home/airflow/.local/lib/python3.12/site-packages/airflow/example_dags/example_bash_decorator.py took 0.093 seconds
[2024-08-16T13:26:14.170+0000] {processor.py:186} INFO - Started process (PID=4484) to work on /home/airflow/.local/lib/python3.12/site-packages/airflow/example_dags/example_bash_decorator.py
[2024-08-16T13:26:14.171+0000] {processor.py:914} INFO - Processing file /home/airflow/.local/lib/python3.12/site-packages/airflow/example_dags/example_bash_decorator.py for tasks to queue
[2024-08-16T13:26:14.174+0000] {logging_mixin.py:190} INFO - [2024-08-16T13:26:14.174+0000] {dagbag.py:587} INFO - Filling up the DagBag from /home/airflow/.local/lib/python3.12/site-packages/airflow/example_dags/example_bash_decorator.py
[2024-08-16T13:26:14.190+0000] {processor.py:925} INFO - DAG(s) 'example_bash_decorator' retrieved from /home/airflow/.local/lib/python3.12/site-packages/airflow/example_dags/example_bash_decorator.py
[2024-08-16T13:26:14.217+0000] {logging_mixin.py:190} INFO - [2024-08-16T13:26:14.217+0000] {dag.py:3211} INFO - Sync 1 DAGs
[2024-08-16T13:26:14.233+0000] {logging_mixin.py:190} INFO - [2024-08-16T13:26:14.233+0000] {dag.py:4138} INFO - Setting next_dagrun for example_bash_decorator to None, run_after=None
[2024-08-16T13:26:14.254+0000] {processor.py:208} INFO - Processing /home/airflow/.local/lib/python3.12/site-packages/airflow/example_dags/example_bash_decorator.py took 0.091 seconds
[2024-08-16T13:26:44.796+0000] {processor.py:186} INFO - Started process (PID=4770) to work on /home/airflow/.local/lib/python3.12/site-packages/airflow/example_dags/example_bash_decorator.py
[2024-08-16T13:26:44.797+0000] {processor.py:914} INFO - Processing file /home/airflow/.local/lib/python3.12/site-packages/airflow/example_dags/example_bash_decorator.py for tasks to queue
[2024-08-16T13:26:44.799+0000] {logging_mixin.py:190} INFO - [2024-08-16T13:26:44.799+0000] {dagbag.py:587} INFO - Filling up the DagBag from /home/airflow/.local/lib/python3.12/site-packages/airflow/example_dags/example_bash_decorator.py
[2024-08-16T13:26:44.814+0000] {processor.py:925} INFO - DAG(s) 'example_bash_decorator' retrieved from /home/airflow/.local/lib/python3.12/site-packages/airflow/example_dags/example_bash_decorator.py
[2024-08-16T13:26:44.841+0000] {logging_mixin.py:190} INFO - [2024-08-16T13:26:44.841+0000] {dag.py:3211} INFO - Sync 1 DAGs
[2024-08-16T13:26:44.856+0000] {logging_mixin.py:190} INFO - [2024-08-16T13:26:44.856+0000] {dag.py:4138} INFO - Setting next_dagrun for example_bash_decorator to None, run_after=None
[2024-08-16T13:26:44.875+0000] {processor.py:208} INFO - Processing /home/airflow/.local/lib/python3.12/site-packages/airflow/example_dags/example_bash_decorator.py took 0.085 seconds
[2024-08-16T13:27:15.123+0000] {processor.py:186} INFO - Started process (PID=5056) to work on /home/airflow/.local/lib/python3.12/site-packages/airflow/example_dags/example_bash_decorator.py
[2024-08-16T13:27:15.124+0000] {processor.py:914} INFO - Processing file /home/airflow/.local/lib/python3.12/site-packages/airflow/example_dags/example_bash_decorator.py for tasks to queue
[2024-08-16T13:27:15.126+0000] {logging_mixin.py:190} INFO - [2024-08-16T13:27:15.126+0000] {dagbag.py:587} INFO - Filling up the DagBag from /home/airflow/.local/lib/python3.12/site-packages/airflow/example_dags/example_bash_decorator.py
[2024-08-16T13:27:15.150+0000] {processor.py:925} INFO - DAG(s) 'example_bash_decorator' retrieved from /home/airflow/.local/lib/python3.12/site-packages/airflow/example_dags/example_bash_decorator.py
[2024-08-16T13:27:15.176+0000] {logging_mixin.py:190} INFO - [2024-08-16T13:27:15.176+0000] {dag.py:3211} INFO - Sync 1 DAGs
[2024-08-16T13:27:15.193+0000] {logging_mixin.py:190} INFO - [2024-08-16T13:27:15.192+0000] {dag.py:4138} INFO - Setting next_dagrun for example_bash_decorator to None, run_after=None
[2024-08-16T13:27:15.213+0000] {processor.py:208} INFO - Processing /home/airflow/.local/lib/python3.12/site-packages/airflow/example_dags/example_bash_decorator.py took 0.096 seconds
[2024-08-16T13:27:45.653+0000] {processor.py:186} INFO - Started process (PID=5343) to work on /home/airflow/.local/lib/python3.12/site-packages/airflow/example_dags/example_bash_decorator.py
[2024-08-16T13:27:45.654+0000] {processor.py:914} INFO - Processing file /home/airflow/.local/lib/python3.12/site-packages/airflow/example_dags/example_bash_decorator.py for tasks to queue
[2024-08-16T13:27:45.657+0000] {logging_mixin.py:190} INFO - [2024-08-16T13:27:45.656+0000] {dagbag.py:587} INFO - Filling up the DagBag from /home/airflow/.local/lib/python3.12/site-packages/airflow/example_dags/example_bash_decorator.py
[2024-08-16T13:27:45.674+0000] {processor.py:925} INFO - DAG(s) 'example_bash_decorator' retrieved from /home/airflow/.local/lib/python3.12/site-packages/airflow/example_dags/example_bash_decorator.py
[2024-08-16T13:27:45.703+0000] {logging_mixin.py:190} INFO - [2024-08-16T13:27:45.703+0000] {dag.py:3211} INFO - Sync 1 DAGs
[2024-08-16T13:27:45.718+0000] {logging_mixin.py:190} INFO - [2024-08-16T13:27:45.718+0000] {dag.py:4138} INFO - Setting next_dagrun for example_bash_decorator to None, run_after=None
[2024-08-16T13:27:45.739+0000] {processor.py:208} INFO - Processing /home/airflow/.local/lib/python3.12/site-packages/airflow/example_dags/example_bash_decorator.py took 0.093 seconds
[2024-08-16T13:28:15.963+0000] {processor.py:186} INFO - Started process (PID=5629) to work on /home/airflow/.local/lib/python3.12/site-packages/airflow/example_dags/example_bash_decorator.py
[2024-08-16T13:28:15.964+0000] {processor.py:914} INFO - Processing file /home/airflow/.local/lib/python3.12/site-packages/airflow/example_dags/example_bash_decorator.py for tasks to queue
[2024-08-16T13:28:15.967+0000] {logging_mixin.py:190} INFO - [2024-08-16T13:28:15.967+0000] {dagbag.py:587} INFO - Filling up the DagBag from /home/airflow/.local/lib/python3.12/site-packages/airflow/example_dags/example_bash_decorator.py
[2024-08-16T13:28:15.984+0000] {processor.py:925} INFO - DAG(s) 'example_bash_decorator' retrieved from /home/airflow/.local/lib/python3.12/site-packages/airflow/example_dags/example_bash_decorator.py
[2024-08-16T13:28:16.012+0000] {logging_mixin.py:190} INFO - [2024-08-16T13:28:16.012+0000] {dag.py:3211} INFO - Sync 1 DAGs
[2024-08-16T13:28:16.037+0000] {logging_mixin.py:190} INFO - [2024-08-16T13:28:16.037+0000] {dag.py:4138} INFO - Setting next_dagrun for example_bash_decorator to None, run_after=None
[2024-08-16T13:28:16.079+0000] {processor.py:208} INFO - Processing /home/airflow/.local/lib/python3.12/site-packages/airflow/example_dags/example_bash_decorator.py took 0.122 seconds
[2024-08-16T13:28:46.661+0000] {processor.py:186} INFO - Started process (PID=5921) to work on /home/airflow/.local/lib/python3.12/site-packages/airflow/example_dags/example_bash_decorator.py
[2024-08-16T13:28:46.663+0000] {processor.py:914} INFO - Processing file /home/airflow/.local/lib/python3.12/site-packages/airflow/example_dags/example_bash_decorator.py for tasks to queue
[2024-08-16T13:28:46.666+0000] {logging_mixin.py:190} INFO - [2024-08-16T13:28:46.666+0000] {dagbag.py:587} INFO - Filling up the DagBag from /home/airflow/.local/lib/python3.12/site-packages/airflow/example_dags/example_bash_decorator.py
[2024-08-16T13:28:46.685+0000] {processor.py:925} INFO - DAG(s) 'example_bash_decorator' retrieved from /home/airflow/.local/lib/python3.12/site-packages/airflow/example_dags/example_bash_decorator.py
[2024-08-16T13:28:46.715+0000] {logging_mixin.py:190} INFO - [2024-08-16T13:28:46.714+0000] {dag.py:3211} INFO - Sync 1 DAGs
[2024-08-16T13:28:46.730+0000] {logging_mixin.py:190} INFO - [2024-08-16T13:28:46.729+0000] {dag.py:4138} INFO - Setting next_dagrun for example_bash_decorator to None, run_after=None
[2024-08-16T13:28:46.751+0000] {processor.py:208} INFO - Processing /home/airflow/.local/lib/python3.12/site-packages/airflow/example_dags/example_bash_decorator.py took 0.101 seconds
[2024-08-16T13:29:17.054+0000] {processor.py:186} INFO - Started process (PID=6207) to work on /home/airflow/.local/lib/python3.12/site-packages/airflow/example_dags/example_bash_decorator.py
[2024-08-16T13:29:17.055+0000] {processor.py:914} INFO - Processing file /home/airflow/.local/lib/python3.12/site-packages/airflow/example_dags/example_bash_decorator.py for tasks to queue
[2024-08-16T13:29:17.058+0000] {logging_mixin.py:190} INFO - [2024-08-16T13:29:17.058+0000] {dagbag.py:587} INFO - Filling up the DagBag from /home/airflow/.local/lib/python3.12/site-packages/airflow/example_dags/example_bash_decorator.py
[2024-08-16T13:29:17.075+0000] {processor.py:925} INFO - DAG(s) 'example_bash_decorator' retrieved from /home/airflow/.local/lib/python3.12/site-packages/airflow/example_dags/example_bash_decorator.py
[2024-08-16T13:29:17.101+0000] {logging_mixin.py:190} INFO - [2024-08-16T13:29:17.101+0000] {dag.py:3211} INFO - Sync 1 DAGs
[2024-08-16T13:29:17.117+0000] {logging_mixin.py:190} INFO - [2024-08-16T13:29:17.117+0000] {dag.py:4138} INFO - Setting next_dagrun for example_bash_decorator to None, run_after=None
[2024-08-16T13:29:17.137+0000] {processor.py:208} INFO - Processing /home/airflow/.local/lib/python3.12/site-packages/airflow/example_dags/example_bash_decorator.py took 0.088 seconds
[2024-08-16T13:29:47.721+0000] {processor.py:186} INFO - Started process (PID=6493) to work on /home/airflow/.local/lib/python3.12/site-packages/airflow/example_dags/example_bash_decorator.py
[2024-08-16T13:29:47.722+0000] {processor.py:914} INFO - Processing file /home/airflow/.local/lib/python3.12/site-packages/airflow/example_dags/example_bash_decorator.py for tasks to queue
[2024-08-16T13:29:47.725+0000] {logging_mixin.py:190} INFO - [2024-08-16T13:29:47.725+0000] {dagbag.py:587} INFO - Filling up the DagBag from /home/airflow/.local/lib/python3.12/site-packages/airflow/example_dags/example_bash_decorator.py
[2024-08-16T13:29:47.744+0000] {processor.py:925} INFO - DAG(s) 'example_bash_decorator' retrieved from /home/airflow/.local/lib/python3.12/site-packages/airflow/example_dags/example_bash_decorator.py
[2024-08-16T13:29:47.776+0000] {logging_mixin.py:190} INFO - [2024-08-16T13:29:47.776+0000] {dag.py:3211} INFO - Sync 1 DAGs
[2024-08-16T13:29:47.794+0000] {logging_mixin.py:190} INFO - [2024-08-16T13:29:47.794+0000] {dag.py:4138} INFO - Setting next_dagrun for example_bash_decorator to None, run_after=None
[2024-08-16T13:29:47.815+0000] {processor.py:208} INFO - Processing /home/airflow/.local/lib/python3.12/site-packages/airflow/example_dags/example_bash_decorator.py took 0.102 seconds
[2024-08-16T13:30:18.112+0000] {processor.py:186} INFO - Started process (PID=6780) to work on /home/airflow/.local/lib/python3.12/site-packages/airflow/example_dags/example_bash_decorator.py
[2024-08-16T13:30:18.113+0000] {processor.py:914} INFO - Processing file /home/airflow/.local/lib/python3.12/site-packages/airflow/example_dags/example_bash_decorator.py for tasks to queue
[2024-08-16T13:30:18.115+0000] {logging_mixin.py:190} INFO - [2024-08-16T13:30:18.115+0000] {dagbag.py:587} INFO - Filling up the DagBag from /home/airflow/.local/lib/python3.12/site-packages/airflow/example_dags/example_bash_decorator.py
[2024-08-16T13:30:18.132+0000] {processor.py:925} INFO - DAG(s) 'example_bash_decorator' retrieved from /home/airflow/.local/lib/python3.12/site-packages/airflow/example_dags/example_bash_decorator.py
[2024-08-16T13:30:18.160+0000] {logging_mixin.py:190} INFO - [2024-08-16T13:30:18.160+0000] {dag.py:3211} INFO - Sync 1 DAGs
[2024-08-16T13:30:18.175+0000] {logging_mixin.py:190} INFO - [2024-08-16T13:30:18.175+0000] {dag.py:4138} INFO - Setting next_dagrun for example_bash_decorator to None, run_after=None
[2024-08-16T13:30:18.195+0000] {processor.py:208} INFO - Processing /home/airflow/.local/lib/python3.12/site-packages/airflow/example_dags/example_bash_decorator.py took 0.089 seconds
[2024-08-16T13:30:48.591+0000] {processor.py:186} INFO - Started process (PID=7066) to work on /home/airflow/.local/lib/python3.12/site-packages/airflow/example_dags/example_bash_decorator.py
[2024-08-16T13:30:48.592+0000] {processor.py:914} INFO - Processing file /home/airflow/.local/lib/python3.12/site-packages/airflow/example_dags/example_bash_decorator.py for tasks to queue
[2024-08-16T13:30:48.595+0000] {logging_mixin.py:190} INFO - [2024-08-16T13:30:48.594+0000] {dagbag.py:587} INFO - Filling up the DagBag from /home/airflow/.local/lib/python3.12/site-packages/airflow/example_dags/example_bash_decorator.py
[2024-08-16T13:30:48.612+0000] {processor.py:925} INFO - DAG(s) 'example_bash_decorator' retrieved from /home/airflow/.local/lib/python3.12/site-packages/airflow/example_dags/example_bash_decorator.py
[2024-08-16T13:30:48.640+0000] {logging_mixin.py:190} INFO - [2024-08-16T13:30:48.639+0000] {dag.py:3211} INFO - Sync 1 DAGs
[2024-08-16T13:30:48.656+0000] {logging_mixin.py:190} INFO - [2024-08-16T13:30:48.656+0000] {dag.py:4138} INFO - Setting next_dagrun for example_bash_decorator to None, run_after=None
[2024-08-16T13:30:48.677+0000] {processor.py:208} INFO - Processing /home/airflow/.local/lib/python3.12/site-packages/airflow/example_dags/example_bash_decorator.py took 0.093 seconds
[2024-08-16T13:31:19.330+0000] {processor.py:186} INFO - Started process (PID=7352) to work on /home/airflow/.local/lib/python3.12/site-packages/airflow/example_dags/example_bash_decorator.py
[2024-08-16T13:31:19.331+0000] {processor.py:914} INFO - Processing file /home/airflow/.local/lib/python3.12/site-packages/airflow/example_dags/example_bash_decorator.py for tasks to queue
[2024-08-16T13:31:19.334+0000] {logging_mixin.py:190} INFO - [2024-08-16T13:31:19.334+0000] {dagbag.py:587} INFO - Filling up the DagBag from /home/airflow/.local/lib/python3.12/site-packages/airflow/example_dags/example_bash_decorator.py
[2024-08-16T13:31:19.350+0000] {processor.py:925} INFO - DAG(s) 'example_bash_decorator' retrieved from /home/airflow/.local/lib/python3.12/site-packages/airflow/example_dags/example_bash_decorator.py
[2024-08-16T13:31:19.381+0000] {logging_mixin.py:190} INFO - [2024-08-16T13:31:19.380+0000] {dag.py:3211} INFO - Sync 1 DAGs
[2024-08-16T13:31:19.398+0000] {logging_mixin.py:190} INFO - [2024-08-16T13:31:19.398+0000] {dag.py:4138} INFO - Setting next_dagrun for example_bash_decorator to None, run_after=None
[2024-08-16T13:31:19.420+0000] {processor.py:208} INFO - Processing /home/airflow/.local/lib/python3.12/site-packages/airflow/example_dags/example_bash_decorator.py took 0.096 seconds
[2024-08-16T13:31:49.867+0000] {processor.py:186} INFO - Started process (PID=7638) to work on /home/airflow/.local/lib/python3.12/site-packages/airflow/example_dags/example_bash_decorator.py
[2024-08-16T13:31:49.868+0000] {processor.py:914} INFO - Processing file /home/airflow/.local/lib/python3.12/site-packages/airflow/example_dags/example_bash_decorator.py for tasks to queue
[2024-08-16T13:31:49.870+0000] {logging_mixin.py:190} INFO - [2024-08-16T13:31:49.870+0000] {dagbag.py:587} INFO - Filling up the DagBag from /home/airflow/.local/lib/python3.12/site-packages/airflow/example_dags/example_bash_decorator.py
[2024-08-16T13:31:49.886+0000] {processor.py:925} INFO - DAG(s) 'example_bash_decorator' retrieved from /home/airflow/.local/lib/python3.12/site-packages/airflow/example_dags/example_bash_decorator.py
[2024-08-16T13:31:49.915+0000] {logging_mixin.py:190} INFO - [2024-08-16T13:31:49.914+0000] {dag.py:3211} INFO - Sync 1 DAGs
[2024-08-16T13:31:49.937+0000] {logging_mixin.py:190} INFO - [2024-08-16T13:31:49.936+0000] {dag.py:4138} INFO - Setting next_dagrun for example_bash_decorator to None, run_after=None
[2024-08-16T13:31:49.962+0000] {processor.py:208} INFO - Processing /home/airflow/.local/lib/python3.12/site-packages/airflow/example_dags/example_bash_decorator.py took 0.102 seconds
[2024-08-16T13:32:20.354+0000] {processor.py:186} INFO - Started process (PID=7924) to work on /home/airflow/.local/lib/python3.12/site-packages/airflow/example_dags/example_bash_decorator.py
[2024-08-16T13:32:20.355+0000] {processor.py:914} INFO - Processing file /home/airflow/.local/lib/python3.12/site-packages/airflow/example_dags/example_bash_decorator.py for tasks to queue
[2024-08-16T13:32:20.357+0000] {logging_mixin.py:190} INFO - [2024-08-16T13:32:20.357+0000] {dagbag.py:587} INFO - Filling up the DagBag from /home/airflow/.local/lib/python3.12/site-packages/airflow/example_dags/example_bash_decorator.py
[2024-08-16T13:32:20.374+0000] {processor.py:925} INFO - DAG(s) 'example_bash_decorator' retrieved from /home/airflow/.local/lib/python3.12/site-packages/airflow/example_dags/example_bash_decorator.py
[2024-08-16T13:32:20.401+0000] {logging_mixin.py:190} INFO - [2024-08-16T13:32:20.401+0000] {dag.py:3211} INFO - Sync 1 DAGs
[2024-08-16T13:32:20.419+0000] {logging_mixin.py:190} INFO - [2024-08-16T13:32:20.419+0000] {dag.py:4138} INFO - Setting next_dagrun for example_bash_decorator to None, run_after=None
[2024-08-16T13:32:20.439+0000] {processor.py:208} INFO - Processing /home/airflow/.local/lib/python3.12/site-packages/airflow/example_dags/example_bash_decorator.py took 0.091 seconds
[2024-08-16T13:32:50.726+0000] {processor.py:186} INFO - Started process (PID=8210) to work on /home/airflow/.local/lib/python3.12/site-packages/airflow/example_dags/example_bash_decorator.py
[2024-08-16T13:32:50.728+0000] {processor.py:914} INFO - Processing file /home/airflow/.local/lib/python3.12/site-packages/airflow/example_dags/example_bash_decorator.py for tasks to queue
[2024-08-16T13:32:50.730+0000] {logging_mixin.py:190} INFO - [2024-08-16T13:32:50.730+0000] {dagbag.py:587} INFO - Filling up the DagBag from /home/airflow/.local/lib/python3.12/site-packages/airflow/example_dags/example_bash_decorator.py
[2024-08-16T13:32:50.747+0000] {processor.py:925} INFO - DAG(s) 'example_bash_decorator' retrieved from /home/airflow/.local/lib/python3.12/site-packages/airflow/example_dags/example_bash_decorator.py
[2024-08-16T13:32:50.772+0000] {logging_mixin.py:190} INFO - [2024-08-16T13:32:50.772+0000] {dag.py:3211} INFO - Sync 1 DAGs
[2024-08-16T13:32:50.789+0000] {logging_mixin.py:190} INFO - [2024-08-16T13:32:50.788+0000] {dag.py:4138} INFO - Setting next_dagrun for example_bash_decorator to None, run_after=None
[2024-08-16T13:32:50.807+0000] {processor.py:208} INFO - Processing /home/airflow/.local/lib/python3.12/site-packages/airflow/example_dags/example_bash_decorator.py took 0.088 seconds
[2024-08-16T13:33:21.117+0000] {processor.py:186} INFO - Started process (PID=8496) to work on /home/airflow/.local/lib/python3.12/site-packages/airflow/example_dags/example_bash_decorator.py
[2024-08-16T13:33:21.118+0000] {processor.py:914} INFO - Processing file /home/airflow/.local/lib/python3.12/site-packages/airflow/example_dags/example_bash_decorator.py for tasks to queue
[2024-08-16T13:33:21.120+0000] {logging_mixin.py:190} INFO - [2024-08-16T13:33:21.120+0000] {dagbag.py:587} INFO - Filling up the DagBag from /home/airflow/.local/lib/python3.12/site-packages/airflow/example_dags/example_bash_decorator.py
[2024-08-16T13:33:21.137+0000] {processor.py:925} INFO - DAG(s) 'example_bash_decorator' retrieved from /home/airflow/.local/lib/python3.12/site-packages/airflow/example_dags/example_bash_decorator.py
[2024-08-16T13:33:21.166+0000] {logging_mixin.py:190} INFO - [2024-08-16T13:33:21.165+0000] {dag.py:3211} INFO - Sync 1 DAGs
[2024-08-16T13:33:21.183+0000] {logging_mixin.py:190} INFO - [2024-08-16T13:33:21.183+0000] {dag.py:4138} INFO - Setting next_dagrun for example_bash_decorator to None, run_after=None
[2024-08-16T13:33:21.204+0000] {processor.py:208} INFO - Processing /home/airflow/.local/lib/python3.12/site-packages/airflow/example_dags/example_bash_decorator.py took 0.093 seconds
[2024-08-16T13:33:51.537+0000] {processor.py:186} INFO - Started process (PID=8782) to work on /home/airflow/.local/lib/python3.12/site-packages/airflow/example_dags/example_bash_decorator.py
[2024-08-16T13:33:51.539+0000] {processor.py:914} INFO - Processing file /home/airflow/.local/lib/python3.12/site-packages/airflow/example_dags/example_bash_decorator.py for tasks to queue
[2024-08-16T13:33:51.542+0000] {logging_mixin.py:190} INFO - [2024-08-16T13:33:51.542+0000] {dagbag.py:587} INFO - Filling up the DagBag from /home/airflow/.local/lib/python3.12/site-packages/airflow/example_dags/example_bash_decorator.py
[2024-08-16T13:33:51.561+0000] {processor.py:925} INFO - DAG(s) 'example_bash_decorator' retrieved from /home/airflow/.local/lib/python3.12/site-packages/airflow/example_dags/example_bash_decorator.py
[2024-08-16T13:33:51.590+0000] {logging_mixin.py:190} INFO - [2024-08-16T13:33:51.590+0000] {dag.py:3211} INFO - Sync 1 DAGs
[2024-08-16T13:33:51.609+0000] {logging_mixin.py:190} INFO - [2024-08-16T13:33:51.608+0000] {dag.py:4138} INFO - Setting next_dagrun for example_bash_decorator to None, run_after=None
[2024-08-16T13:33:51.633+0000] {processor.py:208} INFO - Processing /home/airflow/.local/lib/python3.12/site-packages/airflow/example_dags/example_bash_decorator.py took 0.104 seconds
[2024-08-16T13:34:21.912+0000] {processor.py:186} INFO - Started process (PID=9068) to work on /home/airflow/.local/lib/python3.12/site-packages/airflow/example_dags/example_bash_decorator.py
[2024-08-16T13:34:21.913+0000] {processor.py:914} INFO - Processing file /home/airflow/.local/lib/python3.12/site-packages/airflow/example_dags/example_bash_decorator.py for tasks to queue
[2024-08-16T13:34:21.915+0000] {logging_mixin.py:190} INFO - [2024-08-16T13:34:21.915+0000] {dagbag.py:587} INFO - Filling up the DagBag from /home/airflow/.local/lib/python3.12/site-packages/airflow/example_dags/example_bash_decorator.py
[2024-08-16T13:34:21.931+0000] {processor.py:925} INFO - DAG(s) 'example_bash_decorator' retrieved from /home/airflow/.local/lib/python3.12/site-packages/airflow/example_dags/example_bash_decorator.py
[2024-08-16T13:34:21.958+0000] {logging_mixin.py:190} INFO - [2024-08-16T13:34:21.958+0000] {dag.py:3211} INFO - Sync 1 DAGs
[2024-08-16T13:34:21.979+0000] {logging_mixin.py:190} INFO - [2024-08-16T13:34:21.979+0000] {dag.py:4138} INFO - Setting next_dagrun for example_bash_decorator to None, run_after=None
[2024-08-16T13:34:21.996+0000] {processor.py:208} INFO - Processing /home/airflow/.local/lib/python3.12/site-packages/airflow/example_dags/example_bash_decorator.py took 0.090 seconds
[2024-08-16T13:34:52.394+0000] {processor.py:186} INFO - Started process (PID=9354) to work on /home/airflow/.local/lib/python3.12/site-packages/airflow/example_dags/example_bash_decorator.py
[2024-08-16T13:34:52.396+0000] {processor.py:914} INFO - Processing file /home/airflow/.local/lib/python3.12/site-packages/airflow/example_dags/example_bash_decorator.py for tasks to queue
[2024-08-16T13:34:52.399+0000] {logging_mixin.py:190} INFO - [2024-08-16T13:34:52.398+0000] {dagbag.py:587} INFO - Filling up the DagBag from /home/airflow/.local/lib/python3.12/site-packages/airflow/example_dags/example_bash_decorator.py
[2024-08-16T13:34:52.427+0000] {processor.py:925} INFO - DAG(s) 'example_bash_decorator' retrieved from /home/airflow/.local/lib/python3.12/site-packages/airflow/example_dags/example_bash_decorator.py
[2024-08-16T13:34:52.457+0000] {logging_mixin.py:190} INFO - [2024-08-16T13:34:52.457+0000] {dag.py:3211} INFO - Sync 1 DAGs
[2024-08-16T13:34:52.475+0000] {logging_mixin.py:190} INFO - [2024-08-16T13:34:52.475+0000] {dag.py:4138} INFO - Setting next_dagrun for example_bash_decorator to None, run_after=None
[2024-08-16T13:34:52.498+0000] {processor.py:208} INFO - Processing /home/airflow/.local/lib/python3.12/site-packages/airflow/example_dags/example_bash_decorator.py took 0.111 seconds
[2024-08-16T13:35:22.878+0000] {processor.py:186} INFO - Started process (PID=9640) to work on /home/airflow/.local/lib/python3.12/site-packages/airflow/example_dags/example_bash_decorator.py
[2024-08-16T13:35:22.879+0000] {processor.py:914} INFO - Processing file /home/airflow/.local/lib/python3.12/site-packages/airflow/example_dags/example_bash_decorator.py for tasks to queue
[2024-08-16T13:35:22.882+0000] {logging_mixin.py:190} INFO - [2024-08-16T13:35:22.882+0000] {dagbag.py:587} INFO - Filling up the DagBag from /home/airflow/.local/lib/python3.12/site-packages/airflow/example_dags/example_bash_decorator.py
[2024-08-16T13:35:22.898+0000] {processor.py:925} INFO - DAG(s) 'example_bash_decorator' retrieved from /home/airflow/.local/lib/python3.12/site-packages/airflow/example_dags/example_bash_decorator.py
[2024-08-16T13:35:22.926+0000] {logging_mixin.py:190} INFO - [2024-08-16T13:35:22.925+0000] {dag.py:3211} INFO - Sync 1 DAGs
[2024-08-16T13:35:22.941+0000] {logging_mixin.py:190} INFO - [2024-08-16T13:35:22.941+0000] {dag.py:4138} INFO - Setting next_dagrun for example_bash_decorator to None, run_after=None
[2024-08-16T13:35:22.961+0000] {processor.py:208} INFO - Processing /home/airflow/.local/lib/python3.12/site-packages/airflow/example_dags/example_bash_decorator.py took 0.089 seconds
[2024-08-16T13:35:53.471+0000] {processor.py:186} INFO - Started process (PID=9926) to work on /home/airflow/.local/lib/python3.12/site-packages/airflow/example_dags/example_bash_decorator.py
[2024-08-16T13:35:53.472+0000] {processor.py:914} INFO - Processing file /home/airflow/.local/lib/python3.12/site-packages/airflow/example_dags/example_bash_decorator.py for tasks to queue
[2024-08-16T13:35:53.474+0000] {logging_mixin.py:190} INFO - [2024-08-16T13:35:53.474+0000] {dagbag.py:587} INFO - Filling up the DagBag from /home/airflow/.local/lib/python3.12/site-packages/airflow/example_dags/example_bash_decorator.py
[2024-08-16T13:35:53.490+0000] {processor.py:925} INFO - DAG(s) 'example_bash_decorator' retrieved from /home/airflow/.local/lib/python3.12/site-packages/airflow/example_dags/example_bash_decorator.py
[2024-08-16T13:35:53.521+0000] {logging_mixin.py:190} INFO - [2024-08-16T13:35:53.521+0000] {dag.py:3211} INFO - Sync 1 DAGs
[2024-08-16T13:35:53.538+0000] {logging_mixin.py:190} INFO - [2024-08-16T13:35:53.537+0000] {dag.py:4138} INFO - Setting next_dagrun for example_bash_decorator to None, run_after=None
[2024-08-16T13:35:53.557+0000] {processor.py:208} INFO - Processing /home/airflow/.local/lib/python3.12/site-packages/airflow/example_dags/example_bash_decorator.py took 0.092 seconds
[2024-08-16T13:36:23.716+0000] {processor.py:186} INFO - Started process (PID=10209) to work on /home/airflow/.local/lib/python3.12/site-packages/airflow/example_dags/example_bash_decorator.py
[2024-08-16T13:36:23.717+0000] {processor.py:914} INFO - Processing file /home/airflow/.local/lib/python3.12/site-packages/airflow/example_dags/example_bash_decorator.py for tasks to queue
[2024-08-16T13:36:23.719+0000] {logging_mixin.py:190} INFO - [2024-08-16T13:36:23.719+0000] {dagbag.py:587} INFO - Filling up the DagBag from /home/airflow/.local/lib/python3.12/site-packages/airflow/example_dags/example_bash_decorator.py
[2024-08-16T13:36:23.734+0000] {processor.py:925} INFO - DAG(s) 'example_bash_decorator' retrieved from /home/airflow/.local/lib/python3.12/site-packages/airflow/example_dags/example_bash_decorator.py
[2024-08-16T13:36:23.760+0000] {logging_mixin.py:190} INFO - [2024-08-16T13:36:23.759+0000] {dag.py:3211} INFO - Sync 1 DAGs
[2024-08-16T13:36:23.774+0000] {logging_mixin.py:190} INFO - [2024-08-16T13:36:23.774+0000] {dag.py:4138} INFO - Setting next_dagrun for example_bash_decorator to None, run_after=None
[2024-08-16T13:36:23.794+0000] {processor.py:208} INFO - Processing /home/airflow/.local/lib/python3.12/site-packages/airflow/example_dags/example_bash_decorator.py took 0.085 seconds
[2024-08-16T13:36:54.225+0000] {processor.py:186} INFO - Started process (PID=10498) to work on /home/airflow/.local/lib/python3.12/site-packages/airflow/example_dags/example_bash_decorator.py
[2024-08-16T13:36:54.227+0000] {processor.py:914} INFO - Processing file /home/airflow/.local/lib/python3.12/site-packages/airflow/example_dags/example_bash_decorator.py for tasks to queue
[2024-08-16T13:36:54.230+0000] {logging_mixin.py:190} INFO - [2024-08-16T13:36:54.229+0000] {dagbag.py:587} INFO - Filling up the DagBag from /home/airflow/.local/lib/python3.12/site-packages/airflow/example_dags/example_bash_decorator.py
[2024-08-16T13:36:54.249+0000] {processor.py:925} INFO - DAG(s) 'example_bash_decorator' retrieved from /home/airflow/.local/lib/python3.12/site-packages/airflow/example_dags/example_bash_decorator.py
[2024-08-16T13:36:54.275+0000] {logging_mixin.py:190} INFO - [2024-08-16T13:36:54.275+0000] {dag.py:3211} INFO - Sync 1 DAGs
[2024-08-16T13:36:54.291+0000] {logging_mixin.py:190} INFO - [2024-08-16T13:36:54.290+0000] {dag.py:4138} INFO - Setting next_dagrun for example_bash_decorator to None, run_after=None
[2024-08-16T13:36:54.310+0000] {processor.py:208} INFO - Processing /home/airflow/.local/lib/python3.12/site-packages/airflow/example_dags/example_bash_decorator.py took 0.094 seconds
[2024-08-16T13:37:24.700+0000] {processor.py:186} INFO - Started process (PID=10785) to work on /home/airflow/.local/lib/python3.12/site-packages/airflow/example_dags/example_bash_decorator.py
[2024-08-16T13:37:24.701+0000] {processor.py:914} INFO - Processing file /home/airflow/.local/lib/python3.12/site-packages/airflow/example_dags/example_bash_decorator.py for tasks to queue
[2024-08-16T13:37:24.704+0000] {logging_mixin.py:190} INFO - [2024-08-16T13:37:24.704+0000] {dagbag.py:587} INFO - Filling up the DagBag from /home/airflow/.local/lib/python3.12/site-packages/airflow/example_dags/example_bash_decorator.py
[2024-08-16T13:37:24.719+0000] {processor.py:925} INFO - DAG(s) 'example_bash_decorator' retrieved from /home/airflow/.local/lib/python3.12/site-packages/airflow/example_dags/example_bash_decorator.py
[2024-08-16T13:37:24.746+0000] {logging_mixin.py:190} INFO - [2024-08-16T13:37:24.746+0000] {dag.py:3211} INFO - Sync 1 DAGs
[2024-08-16T13:37:24.761+0000] {logging_mixin.py:190} INFO - [2024-08-16T13:37:24.760+0000] {dag.py:4138} INFO - Setting next_dagrun for example_bash_decorator to None, run_after=None
[2024-08-16T13:37:24.780+0000] {processor.py:208} INFO - Processing /home/airflow/.local/lib/python3.12/site-packages/airflow/example_dags/example_bash_decorator.py took 0.086 seconds
[2024-08-16T13:37:55.138+0000] {processor.py:186} INFO - Started process (PID=11071) to work on /home/airflow/.local/lib/python3.12/site-packages/airflow/example_dags/example_bash_decorator.py
[2024-08-16T13:37:55.139+0000] {processor.py:914} INFO - Processing file /home/airflow/.local/lib/python3.12/site-packages/airflow/example_dags/example_bash_decorator.py for tasks to queue
[2024-08-16T13:37:55.142+0000] {logging_mixin.py:190} INFO - [2024-08-16T13:37:55.141+0000] {dagbag.py:587} INFO - Filling up the DagBag from /home/airflow/.local/lib/python3.12/site-packages/airflow/example_dags/example_bash_decorator.py
[2024-08-16T13:37:55.157+0000] {processor.py:925} INFO - DAG(s) 'example_bash_decorator' retrieved from /home/airflow/.local/lib/python3.12/site-packages/airflow/example_dags/example_bash_decorator.py
[2024-08-16T13:37:55.185+0000] {logging_mixin.py:190} INFO - [2024-08-16T13:37:55.185+0000] {dag.py:3211} INFO - Sync 1 DAGs
[2024-08-16T13:37:55.201+0000] {logging_mixin.py:190} INFO - [2024-08-16T13:37:55.201+0000] {dag.py:4138} INFO - Setting next_dagrun for example_bash_decorator to None, run_after=None
[2024-08-16T13:37:55.223+0000] {processor.py:208} INFO - Processing /home/airflow/.local/lib/python3.12/site-packages/airflow/example_dags/example_bash_decorator.py took 0.091 seconds
[2024-08-16T13:38:25.421+0000] {processor.py:186} INFO - Started process (PID=11357) to work on /home/airflow/.local/lib/python3.12/site-packages/airflow/example_dags/example_bash_decorator.py
[2024-08-16T13:38:25.422+0000] {processor.py:914} INFO - Processing file /home/airflow/.local/lib/python3.12/site-packages/airflow/example_dags/example_bash_decorator.py for tasks to queue
[2024-08-16T13:38:25.424+0000] {logging_mixin.py:190} INFO - [2024-08-16T13:38:25.424+0000] {dagbag.py:587} INFO - Filling up the DagBag from /home/airflow/.local/lib/python3.12/site-packages/airflow/example_dags/example_bash_decorator.py
[2024-08-16T13:38:25.440+0000] {processor.py:925} INFO - DAG(s) 'example_bash_decorator' retrieved from /home/airflow/.local/lib/python3.12/site-packages/airflow/example_dags/example_bash_decorator.py
[2024-08-16T13:38:25.469+0000] {logging_mixin.py:190} INFO - [2024-08-16T13:38:25.469+0000] {dag.py:3211} INFO - Sync 1 DAGs
[2024-08-16T13:38:25.486+0000] {logging_mixin.py:190} INFO - [2024-08-16T13:38:25.486+0000] {dag.py:4138} INFO - Setting next_dagrun for example_bash_decorator to None, run_after=None
[2024-08-16T13:38:25.509+0000] {processor.py:208} INFO - Processing /home/airflow/.local/lib/python3.12/site-packages/airflow/example_dags/example_bash_decorator.py took 0.095 seconds
[2024-08-16T13:38:55.931+0000] {processor.py:186} INFO - Started process (PID=11643) to work on /home/airflow/.local/lib/python3.12/site-packages/airflow/example_dags/example_bash_decorator.py
[2024-08-16T13:38:55.932+0000] {processor.py:914} INFO - Processing file /home/airflow/.local/lib/python3.12/site-packages/airflow/example_dags/example_bash_decorator.py for tasks to queue
[2024-08-16T13:38:55.935+0000] {logging_mixin.py:190} INFO - [2024-08-16T13:38:55.934+0000] {dagbag.py:587} INFO - Filling up the DagBag from /home/airflow/.local/lib/python3.12/site-packages/airflow/example_dags/example_bash_decorator.py
[2024-08-16T13:38:55.951+0000] {processor.py:925} INFO - DAG(s) 'example_bash_decorator' retrieved from /home/airflow/.local/lib/python3.12/site-packages/airflow/example_dags/example_bash_decorator.py
[2024-08-16T13:38:55.979+0000] {logging_mixin.py:190} INFO - [2024-08-16T13:38:55.978+0000] {dag.py:3211} INFO - Sync 1 DAGs
[2024-08-16T13:38:55.995+0000] {logging_mixin.py:190} INFO - [2024-08-16T13:38:55.995+0000] {dag.py:4138} INFO - Setting next_dagrun for example_bash_decorator to None, run_after=None
[2024-08-16T13:38:56.017+0000] {processor.py:208} INFO - Processing /home/airflow/.local/lib/python3.12/site-packages/airflow/example_dags/example_bash_decorator.py took 0.092 seconds
[2024-08-16T13:39:26.264+0000] {processor.py:186} INFO - Started process (PID=11929) to work on /home/airflow/.local/lib/python3.12/site-packages/airflow/example_dags/example_bash_decorator.py
[2024-08-16T13:39:26.266+0000] {processor.py:914} INFO - Processing file /home/airflow/.local/lib/python3.12/site-packages/airflow/example_dags/example_bash_decorator.py for tasks to queue
[2024-08-16T13:39:26.269+0000] {logging_mixin.py:190} INFO - [2024-08-16T13:39:26.269+0000] {dagbag.py:587} INFO - Filling up the DagBag from /home/airflow/.local/lib/python3.12/site-packages/airflow/example_dags/example_bash_decorator.py
[2024-08-16T13:39:26.285+0000] {processor.py:925} INFO - DAG(s) 'example_bash_decorator' retrieved from /home/airflow/.local/lib/python3.12/site-packages/airflow/example_dags/example_bash_decorator.py
[2024-08-16T13:39:26.314+0000] {logging_mixin.py:190} INFO - [2024-08-16T13:39:26.314+0000] {dag.py:3211} INFO - Sync 1 DAGs
[2024-08-16T13:39:26.332+0000] {logging_mixin.py:190} INFO - [2024-08-16T13:39:26.331+0000] {dag.py:4138} INFO - Setting next_dagrun for example_bash_decorator to None, run_after=None
[2024-08-16T13:39:26.352+0000] {processor.py:208} INFO - Processing /home/airflow/.local/lib/python3.12/site-packages/airflow/example_dags/example_bash_decorator.py took 0.097 seconds
[2024-08-16T13:39:56.490+0000] {processor.py:186} INFO - Started process (PID=12212) to work on /home/airflow/.local/lib/python3.12/site-packages/airflow/example_dags/example_bash_decorator.py
[2024-08-16T13:39:56.492+0000] {processor.py:914} INFO - Processing file /home/airflow/.local/lib/python3.12/site-packages/airflow/example_dags/example_bash_decorator.py for tasks to queue
[2024-08-16T13:39:56.494+0000] {logging_mixin.py:190} INFO - [2024-08-16T13:39:56.494+0000] {dagbag.py:587} INFO - Filling up the DagBag from /home/airflow/.local/lib/python3.12/site-packages/airflow/example_dags/example_bash_decorator.py
[2024-08-16T13:39:56.510+0000] {processor.py:925} INFO - DAG(s) 'example_bash_decorator' retrieved from /home/airflow/.local/lib/python3.12/site-packages/airflow/example_dags/example_bash_decorator.py
[2024-08-16T13:39:56.536+0000] {logging_mixin.py:190} INFO - [2024-08-16T13:39:56.536+0000] {dag.py:3211} INFO - Sync 1 DAGs
[2024-08-16T13:39:56.552+0000] {logging_mixin.py:190} INFO - [2024-08-16T13:39:56.552+0000] {dag.py:4138} INFO - Setting next_dagrun for example_bash_decorator to None, run_after=None
[2024-08-16T13:39:56.581+0000] {processor.py:208} INFO - Processing /home/airflow/.local/lib/python3.12/site-packages/airflow/example_dags/example_bash_decorator.py took 0.096 seconds
[2024-08-16T13:40:26.703+0000] {processor.py:186} INFO - Started process (PID=12498) to work on /home/airflow/.local/lib/python3.12/site-packages/airflow/example_dags/example_bash_decorator.py
[2024-08-16T13:40:26.706+0000] {processor.py:914} INFO - Processing file /home/airflow/.local/lib/python3.12/site-packages/airflow/example_dags/example_bash_decorator.py for tasks to queue
[2024-08-16T13:40:26.709+0000] {logging_mixin.py:190} INFO - [2024-08-16T13:40:26.709+0000] {dagbag.py:587} INFO - Filling up the DagBag from /home/airflow/.local/lib/python3.12/site-packages/airflow/example_dags/example_bash_decorator.py
[2024-08-16T13:40:26.725+0000] {processor.py:925} INFO - DAG(s) 'example_bash_decorator' retrieved from /home/airflow/.local/lib/python3.12/site-packages/airflow/example_dags/example_bash_decorator.py
[2024-08-16T13:40:26.756+0000] {logging_mixin.py:190} INFO - [2024-08-16T13:40:26.756+0000] {dag.py:3211} INFO - Sync 1 DAGs
[2024-08-16T13:40:26.774+0000] {logging_mixin.py:190} INFO - [2024-08-16T13:40:26.773+0000] {dag.py:4138} INFO - Setting next_dagrun for example_bash_decorator to None, run_after=None
[2024-08-16T13:40:26.794+0000] {processor.py:208} INFO - Processing /home/airflow/.local/lib/python3.12/site-packages/airflow/example_dags/example_bash_decorator.py took 0.102 seconds
[2024-08-16T13:40:57.417+0000] {processor.py:186} INFO - Started process (PID=12784) to work on /home/airflow/.local/lib/python3.12/site-packages/airflow/example_dags/example_bash_decorator.py
[2024-08-16T13:40:57.419+0000] {processor.py:914} INFO - Processing file /home/airflow/.local/lib/python3.12/site-packages/airflow/example_dags/example_bash_decorator.py for tasks to queue
[2024-08-16T13:40:57.423+0000] {logging_mixin.py:190} INFO - [2024-08-16T13:40:57.422+0000] {dagbag.py:587} INFO - Filling up the DagBag from /home/airflow/.local/lib/python3.12/site-packages/airflow/example_dags/example_bash_decorator.py
[2024-08-16T13:40:57.465+0000] {processor.py:925} INFO - DAG(s) 'example_bash_decorator' retrieved from /home/airflow/.local/lib/python3.12/site-packages/airflow/example_dags/example_bash_decorator.py
[2024-08-16T13:40:57.528+0000] {logging_mixin.py:190} INFO - [2024-08-16T13:40:57.528+0000] {dag.py:3211} INFO - Sync 1 DAGs
[2024-08-16T13:40:57.571+0000] {logging_mixin.py:190} INFO - [2024-08-16T13:40:57.571+0000] {dag.py:4138} INFO - Setting next_dagrun for example_bash_decorator to None, run_after=None
[2024-08-16T13:40:57.609+0000] {processor.py:208} INFO - Processing /home/airflow/.local/lib/python3.12/site-packages/airflow/example_dags/example_bash_decorator.py took 0.213 seconds
[2024-08-16T13:41:27.697+0000] {processor.py:186} INFO - Started process (PID=13070) to work on /home/airflow/.local/lib/python3.12/site-packages/airflow/example_dags/example_bash_decorator.py
[2024-08-16T13:41:27.698+0000] {processor.py:914} INFO - Processing file /home/airflow/.local/lib/python3.12/site-packages/airflow/example_dags/example_bash_decorator.py for tasks to queue
[2024-08-16T13:41:27.700+0000] {logging_mixin.py:190} INFO - [2024-08-16T13:41:27.700+0000] {dagbag.py:587} INFO - Filling up the DagBag from /home/airflow/.local/lib/python3.12/site-packages/airflow/example_dags/example_bash_decorator.py
[2024-08-16T13:41:27.716+0000] {processor.py:925} INFO - DAG(s) 'example_bash_decorator' retrieved from /home/airflow/.local/lib/python3.12/site-packages/airflow/example_dags/example_bash_decorator.py
[2024-08-16T13:41:27.743+0000] {logging_mixin.py:190} INFO - [2024-08-16T13:41:27.742+0000] {dag.py:3211} INFO - Sync 1 DAGs
[2024-08-16T13:41:27.757+0000] {logging_mixin.py:190} INFO - [2024-08-16T13:41:27.757+0000] {dag.py:4138} INFO - Setting next_dagrun for example_bash_decorator to None, run_after=None
[2024-08-16T13:41:27.775+0000] {processor.py:208} INFO - Processing /home/airflow/.local/lib/python3.12/site-packages/airflow/example_dags/example_bash_decorator.py took 0.085 seconds
[2024-08-16T13:41:58.126+0000] {processor.py:186} INFO - Started process (PID=13356) to work on /home/airflow/.local/lib/python3.12/site-packages/airflow/example_dags/example_bash_decorator.py
[2024-08-16T13:41:58.128+0000] {processor.py:914} INFO - Processing file /home/airflow/.local/lib/python3.12/site-packages/airflow/example_dags/example_bash_decorator.py for tasks to queue
[2024-08-16T13:41:58.130+0000] {logging_mixin.py:190} INFO - [2024-08-16T13:41:58.130+0000] {dagbag.py:587} INFO - Filling up the DagBag from /home/airflow/.local/lib/python3.12/site-packages/airflow/example_dags/example_bash_decorator.py
[2024-08-16T13:41:58.148+0000] {processor.py:925} INFO - DAG(s) 'example_bash_decorator' retrieved from /home/airflow/.local/lib/python3.12/site-packages/airflow/example_dags/example_bash_decorator.py
[2024-08-16T13:41:58.174+0000] {logging_mixin.py:190} INFO - [2024-08-16T13:41:58.174+0000] {dag.py:3211} INFO - Sync 1 DAGs
[2024-08-16T13:41:58.189+0000] {logging_mixin.py:190} INFO - [2024-08-16T13:41:58.189+0000] {dag.py:4138} INFO - Setting next_dagrun for example_bash_decorator to None, run_after=None
[2024-08-16T13:41:58.209+0000] {processor.py:208} INFO - Processing /home/airflow/.local/lib/python3.12/site-packages/airflow/example_dags/example_bash_decorator.py took 0.091 seconds
[2024-08-16T13:42:28.536+0000] {processor.py:186} INFO - Started process (PID=13642) to work on /home/airflow/.local/lib/python3.12/site-packages/airflow/example_dags/example_bash_decorator.py
[2024-08-16T13:42:28.537+0000] {processor.py:914} INFO - Processing file /home/airflow/.local/lib/python3.12/site-packages/airflow/example_dags/example_bash_decorator.py for tasks to queue
[2024-08-16T13:42:28.540+0000] {logging_mixin.py:190} INFO - [2024-08-16T13:42:28.539+0000] {dagbag.py:587} INFO - Filling up the DagBag from /home/airflow/.local/lib/python3.12/site-packages/airflow/example_dags/example_bash_decorator.py
[2024-08-16T13:42:28.555+0000] {processor.py:925} INFO - DAG(s) 'example_bash_decorator' retrieved from /home/airflow/.local/lib/python3.12/site-packages/airflow/example_dags/example_bash_decorator.py
[2024-08-16T13:42:28.583+0000] {logging_mixin.py:190} INFO - [2024-08-16T13:42:28.582+0000] {dag.py:3211} INFO - Sync 1 DAGs
[2024-08-16T13:42:28.599+0000] {logging_mixin.py:190} INFO - [2024-08-16T13:42:28.599+0000] {dag.py:4138} INFO - Setting next_dagrun for example_bash_decorator to None, run_after=None
[2024-08-16T13:42:28.620+0000] {processor.py:208} INFO - Processing /home/airflow/.local/lib/python3.12/site-packages/airflow/example_dags/example_bash_decorator.py took 0.090 seconds
[2024-08-16T13:42:59.484+0000] {processor.py:186} INFO - Started process (PID=13928) to work on /home/airflow/.local/lib/python3.12/site-packages/airflow/example_dags/example_bash_decorator.py
[2024-08-16T13:42:59.486+0000] {processor.py:914} INFO - Processing file /home/airflow/.local/lib/python3.12/site-packages/airflow/example_dags/example_bash_decorator.py for tasks to queue
[2024-08-16T13:42:59.488+0000] {logging_mixin.py:190} INFO - [2024-08-16T13:42:59.488+0000] {dagbag.py:587} INFO - Filling up the DagBag from /home/airflow/.local/lib/python3.12/site-packages/airflow/example_dags/example_bash_decorator.py
[2024-08-16T13:42:59.508+0000] {processor.py:925} INFO - DAG(s) 'example_bash_decorator' retrieved from /home/airflow/.local/lib/python3.12/site-packages/airflow/example_dags/example_bash_decorator.py
[2024-08-16T13:42:59.541+0000] {logging_mixin.py:190} INFO - [2024-08-16T13:42:59.541+0000] {dag.py:3211} INFO - Sync 1 DAGs
[2024-08-16T13:42:59.558+0000] {logging_mixin.py:190} INFO - [2024-08-16T13:42:59.558+0000] {dag.py:4138} INFO - Setting next_dagrun for example_bash_decorator to None, run_after=None
[2024-08-16T13:42:59.581+0000] {processor.py:208} INFO - Processing /home/airflow/.local/lib/python3.12/site-packages/airflow/example_dags/example_bash_decorator.py took 0.111 seconds
[2024-08-16T13:43:30.182+0000] {processor.py:186} INFO - Started process (PID=14214) to work on /home/airflow/.local/lib/python3.12/site-packages/airflow/example_dags/example_bash_decorator.py
[2024-08-16T13:43:30.183+0000] {processor.py:914} INFO - Processing file /home/airflow/.local/lib/python3.12/site-packages/airflow/example_dags/example_bash_decorator.py for tasks to queue
[2024-08-16T13:43:30.185+0000] {logging_mixin.py:190} INFO - [2024-08-16T13:43:30.185+0000] {dagbag.py:587} INFO - Filling up the DagBag from /home/airflow/.local/lib/python3.12/site-packages/airflow/example_dags/example_bash_decorator.py
[2024-08-16T13:43:30.201+0000] {processor.py:925} INFO - DAG(s) 'example_bash_decorator' retrieved from /home/airflow/.local/lib/python3.12/site-packages/airflow/example_dags/example_bash_decorator.py
[2024-08-16T13:43:30.227+0000] {logging_mixin.py:190} INFO - [2024-08-16T13:43:30.227+0000] {dag.py:3211} INFO - Sync 1 DAGs
[2024-08-16T13:43:30.241+0000] {logging_mixin.py:190} INFO - [2024-08-16T13:43:30.241+0000] {dag.py:4138} INFO - Setting next_dagrun for example_bash_decorator to None, run_after=None
[2024-08-16T13:43:30.261+0000] {processor.py:208} INFO - Processing /home/airflow/.local/lib/python3.12/site-packages/airflow/example_dags/example_bash_decorator.py took 0.086 seconds
[2024-08-16T13:44:00.652+0000] {processor.py:186} INFO - Started process (PID=14500) to work on /home/airflow/.local/lib/python3.12/site-packages/airflow/example_dags/example_bash_decorator.py
[2024-08-16T13:44:00.653+0000] {processor.py:914} INFO - Processing file /home/airflow/.local/lib/python3.12/site-packages/airflow/example_dags/example_bash_decorator.py for tasks to queue
[2024-08-16T13:44:00.656+0000] {logging_mixin.py:190} INFO - [2024-08-16T13:44:00.656+0000] {dagbag.py:587} INFO - Filling up the DagBag from /home/airflow/.local/lib/python3.12/site-packages/airflow/example_dags/example_bash_decorator.py
[2024-08-16T13:44:00.674+0000] {processor.py:925} INFO - DAG(s) 'example_bash_decorator' retrieved from /home/airflow/.local/lib/python3.12/site-packages/airflow/example_dags/example_bash_decorator.py
[2024-08-16T13:44:00.699+0000] {logging_mixin.py:190} INFO - [2024-08-16T13:44:00.699+0000] {dag.py:3211} INFO - Sync 1 DAGs
[2024-08-16T13:44:00.713+0000] {logging_mixin.py:190} INFO - [2024-08-16T13:44:00.713+0000] {dag.py:4138} INFO - Setting next_dagrun for example_bash_decorator to None, run_after=None
[2024-08-16T13:44:00.737+0000] {processor.py:208} INFO - Processing /home/airflow/.local/lib/python3.12/site-packages/airflow/example_dags/example_bash_decorator.py took 0.092 seconds
[2024-08-16T13:44:31.327+0000] {processor.py:186} INFO - Started process (PID=14786) to work on /home/airflow/.local/lib/python3.12/site-packages/airflow/example_dags/example_bash_decorator.py
[2024-08-16T13:44:31.328+0000] {processor.py:914} INFO - Processing file /home/airflow/.local/lib/python3.12/site-packages/airflow/example_dags/example_bash_decorator.py for tasks to queue
[2024-08-16T13:44:31.330+0000] {logging_mixin.py:190} INFO - [2024-08-16T13:44:31.330+0000] {dagbag.py:587} INFO - Filling up the DagBag from /home/airflow/.local/lib/python3.12/site-packages/airflow/example_dags/example_bash_decorator.py
[2024-08-16T13:44:31.345+0000] {processor.py:925} INFO - DAG(s) 'example_bash_decorator' retrieved from /home/airflow/.local/lib/python3.12/site-packages/airflow/example_dags/example_bash_decorator.py
[2024-08-16T13:44:31.371+0000] {logging_mixin.py:190} INFO - [2024-08-16T13:44:31.370+0000] {dag.py:3211} INFO - Sync 1 DAGs
[2024-08-16T13:44:31.386+0000] {logging_mixin.py:190} INFO - [2024-08-16T13:44:31.386+0000] {dag.py:4138} INFO - Setting next_dagrun for example_bash_decorator to None, run_after=None
[2024-08-16T13:44:31.405+0000] {processor.py:208} INFO - Processing /home/airflow/.local/lib/python3.12/site-packages/airflow/example_dags/example_bash_decorator.py took 0.086 seconds
[2024-08-16T13:45:01.785+0000] {processor.py:186} INFO - Started process (PID=15072) to work on /home/airflow/.local/lib/python3.12/site-packages/airflow/example_dags/example_bash_decorator.py
[2024-08-16T13:45:01.786+0000] {processor.py:914} INFO - Processing file /home/airflow/.local/lib/python3.12/site-packages/airflow/example_dags/example_bash_decorator.py for tasks to queue
[2024-08-16T13:45:01.790+0000] {logging_mixin.py:190} INFO - [2024-08-16T13:45:01.790+0000] {dagbag.py:587} INFO - Filling up the DagBag from /home/airflow/.local/lib/python3.12/site-packages/airflow/example_dags/example_bash_decorator.py
[2024-08-16T13:45:01.815+0000] {processor.py:925} INFO - DAG(s) 'example_bash_decorator' retrieved from /home/airflow/.local/lib/python3.12/site-packages/airflow/example_dags/example_bash_decorator.py
[2024-08-16T13:45:01.848+0000] {logging_mixin.py:190} INFO - [2024-08-16T13:45:01.848+0000] {dag.py:3211} INFO - Sync 1 DAGs
[2024-08-16T13:45:01.867+0000] {logging_mixin.py:190} INFO - [2024-08-16T13:45:01.866+0000] {dag.py:4138} INFO - Setting next_dagrun for example_bash_decorator to None, run_after=None
[2024-08-16T13:45:01.884+0000] {processor.py:208} INFO - Processing /home/airflow/.local/lib/python3.12/site-packages/airflow/example_dags/example_bash_decorator.py took 0.106 seconds
[2024-08-16T13:45:32.332+0000] {processor.py:186} INFO - Started process (PID=15358) to work on /home/airflow/.local/lib/python3.12/site-packages/airflow/example_dags/example_bash_decorator.py
[2024-08-16T13:45:32.336+0000] {processor.py:914} INFO - Processing file /home/airflow/.local/lib/python3.12/site-packages/airflow/example_dags/example_bash_decorator.py for tasks to queue
[2024-08-16T13:45:32.339+0000] {logging_mixin.py:190} INFO - [2024-08-16T13:45:32.338+0000] {dagbag.py:587} INFO - Filling up the DagBag from /home/airflow/.local/lib/python3.12/site-packages/airflow/example_dags/example_bash_decorator.py
[2024-08-16T13:45:32.359+0000] {processor.py:925} INFO - DAG(s) 'example_bash_decorator' retrieved from /home/airflow/.local/lib/python3.12/site-packages/airflow/example_dags/example_bash_decorator.py
[2024-08-16T13:45:32.392+0000] {logging_mixin.py:190} INFO - [2024-08-16T13:45:32.392+0000] {dag.py:3211} INFO - Sync 1 DAGs
[2024-08-16T13:45:32.412+0000] {logging_mixin.py:190} INFO - [2024-08-16T13:45:32.412+0000] {dag.py:4138} INFO - Setting next_dagrun for example_bash_decorator to None, run_after=None
[2024-08-16T13:45:32.432+0000] {processor.py:208} INFO - Processing /home/airflow/.local/lib/python3.12/site-packages/airflow/example_dags/example_bash_decorator.py took 0.108 seconds
[2024-08-16T13:46:02.997+0000] {processor.py:186} INFO - Started process (PID=15644) to work on /home/airflow/.local/lib/python3.12/site-packages/airflow/example_dags/example_bash_decorator.py
[2024-08-16T13:46:02.998+0000] {processor.py:914} INFO - Processing file /home/airflow/.local/lib/python3.12/site-packages/airflow/example_dags/example_bash_decorator.py for tasks to queue
[2024-08-16T13:46:03.001+0000] {logging_mixin.py:190} INFO - [2024-08-16T13:46:03.001+0000] {dagbag.py:587} INFO - Filling up the DagBag from /home/airflow/.local/lib/python3.12/site-packages/airflow/example_dags/example_bash_decorator.py
[2024-08-16T13:46:03.018+0000] {processor.py:925} INFO - DAG(s) 'example_bash_decorator' retrieved from /home/airflow/.local/lib/python3.12/site-packages/airflow/example_dags/example_bash_decorator.py
[2024-08-16T13:46:03.048+0000] {logging_mixin.py:190} INFO - [2024-08-16T13:46:03.048+0000] {dag.py:3211} INFO - Sync 1 DAGs
[2024-08-16T13:46:03.064+0000] {logging_mixin.py:190} INFO - [2024-08-16T13:46:03.064+0000] {dag.py:4138} INFO - Setting next_dagrun for example_bash_decorator to None, run_after=None
[2024-08-16T13:46:03.088+0000] {processor.py:208} INFO - Processing /home/airflow/.local/lib/python3.12/site-packages/airflow/example_dags/example_bash_decorator.py took 0.098 seconds
[2024-08-16T13:46:33.491+0000] {processor.py:186} INFO - Started process (PID=15928) to work on /home/airflow/.local/lib/python3.12/site-packages/airflow/example_dags/example_bash_decorator.py
[2024-08-16T13:46:33.492+0000] {processor.py:914} INFO - Processing file /home/airflow/.local/lib/python3.12/site-packages/airflow/example_dags/example_bash_decorator.py for tasks to queue
[2024-08-16T13:46:33.496+0000] {logging_mixin.py:190} INFO - [2024-08-16T13:46:33.495+0000] {dagbag.py:587} INFO - Filling up the DagBag from /home/airflow/.local/lib/python3.12/site-packages/airflow/example_dags/example_bash_decorator.py
[2024-08-16T13:46:33.517+0000] {processor.py:925} INFO - DAG(s) 'example_bash_decorator' retrieved from /home/airflow/.local/lib/python3.12/site-packages/airflow/example_dags/example_bash_decorator.py
[2024-08-16T13:46:33.572+0000] {logging_mixin.py:190} INFO - [2024-08-16T13:46:33.571+0000] {dag.py:3211} INFO - Sync 1 DAGs
[2024-08-16T13:46:33.593+0000] {logging_mixin.py:190} INFO - [2024-08-16T13:46:33.592+0000] {dag.py:4138} INFO - Setting next_dagrun for example_bash_decorator to None, run_after=None
[2024-08-16T13:46:33.617+0000] {processor.py:208} INFO - Processing /home/airflow/.local/lib/python3.12/site-packages/airflow/example_dags/example_bash_decorator.py took 0.134 seconds
[2024-08-16T13:47:04.456+0000] {processor.py:186} INFO - Started process (PID=16214) to work on /home/airflow/.local/lib/python3.12/site-packages/airflow/example_dags/example_bash_decorator.py
[2024-08-16T13:47:04.458+0000] {processor.py:914} INFO - Processing file /home/airflow/.local/lib/python3.12/site-packages/airflow/example_dags/example_bash_decorator.py for tasks to queue
[2024-08-16T13:47:04.462+0000] {logging_mixin.py:190} INFO - [2024-08-16T13:47:04.462+0000] {dagbag.py:587} INFO - Filling up the DagBag from /home/airflow/.local/lib/python3.12/site-packages/airflow/example_dags/example_bash_decorator.py
[2024-08-16T13:47:04.479+0000] {processor.py:925} INFO - DAG(s) 'example_bash_decorator' retrieved from /home/airflow/.local/lib/python3.12/site-packages/airflow/example_dags/example_bash_decorator.py
[2024-08-16T13:47:04.507+0000] {logging_mixin.py:190} INFO - [2024-08-16T13:47:04.507+0000] {dag.py:3211} INFO - Sync 1 DAGs
[2024-08-16T13:47:04.526+0000] {logging_mixin.py:190} INFO - [2024-08-16T13:47:04.526+0000] {dag.py:4138} INFO - Setting next_dagrun for example_bash_decorator to None, run_after=None
[2024-08-16T13:47:04.554+0000] {processor.py:208} INFO - Processing /home/airflow/.local/lib/python3.12/site-packages/airflow/example_dags/example_bash_decorator.py took 0.104 seconds
[2024-08-16T13:47:34.790+0000] {processor.py:186} INFO - Started process (PID=16502) to work on /home/airflow/.local/lib/python3.12/site-packages/airflow/example_dags/example_bash_decorator.py
[2024-08-16T13:47:34.791+0000] {processor.py:914} INFO - Processing file /home/airflow/.local/lib/python3.12/site-packages/airflow/example_dags/example_bash_decorator.py for tasks to queue
[2024-08-16T13:47:34.795+0000] {logging_mixin.py:190} INFO - [2024-08-16T13:47:34.794+0000] {dagbag.py:587} INFO - Filling up the DagBag from /home/airflow/.local/lib/python3.12/site-packages/airflow/example_dags/example_bash_decorator.py
[2024-08-16T13:47:34.812+0000] {processor.py:925} INFO - DAG(s) 'example_bash_decorator' retrieved from /home/airflow/.local/lib/python3.12/site-packages/airflow/example_dags/example_bash_decorator.py
[2024-08-16T13:47:34.846+0000] {logging_mixin.py:190} INFO - [2024-08-16T13:47:34.845+0000] {dag.py:3211} INFO - Sync 1 DAGs
[2024-08-16T13:47:34.865+0000] {logging_mixin.py:190} INFO - [2024-08-16T13:47:34.865+0000] {dag.py:4138} INFO - Setting next_dagrun for example_bash_decorator to None, run_after=None
[2024-08-16T13:47:34.887+0000] {processor.py:208} INFO - Processing /home/airflow/.local/lib/python3.12/site-packages/airflow/example_dags/example_bash_decorator.py took 0.105 seconds
[2024-08-16T13:48:05.342+0000] {processor.py:186} INFO - Started process (PID=16789) to work on /home/airflow/.local/lib/python3.12/site-packages/airflow/example_dags/example_bash_decorator.py
[2024-08-16T13:48:05.343+0000] {processor.py:914} INFO - Processing file /home/airflow/.local/lib/python3.12/site-packages/airflow/example_dags/example_bash_decorator.py for tasks to queue
[2024-08-16T13:48:05.346+0000] {logging_mixin.py:190} INFO - [2024-08-16T13:48:05.345+0000] {dagbag.py:587} INFO - Filling up the DagBag from /home/airflow/.local/lib/python3.12/site-packages/airflow/example_dags/example_bash_decorator.py
[2024-08-16T13:48:05.367+0000] {processor.py:925} INFO - DAG(s) 'example_bash_decorator' retrieved from /home/airflow/.local/lib/python3.12/site-packages/airflow/example_dags/example_bash_decorator.py
[2024-08-16T13:48:05.396+0000] {logging_mixin.py:190} INFO - [2024-08-16T13:48:05.396+0000] {dag.py:3211} INFO - Sync 1 DAGs
[2024-08-16T13:48:05.414+0000] {logging_mixin.py:190} INFO - [2024-08-16T13:48:05.413+0000] {dag.py:4138} INFO - Setting next_dagrun for example_bash_decorator to None, run_after=None
[2024-08-16T13:48:05.443+0000] {processor.py:208} INFO - Processing /home/airflow/.local/lib/python3.12/site-packages/airflow/example_dags/example_bash_decorator.py took 0.108 seconds
[2024-08-16T13:48:35.813+0000] {processor.py:186} INFO - Started process (PID=17073) to work on /home/airflow/.local/lib/python3.12/site-packages/airflow/example_dags/example_bash_decorator.py
[2024-08-16T13:48:35.814+0000] {processor.py:914} INFO - Processing file /home/airflow/.local/lib/python3.12/site-packages/airflow/example_dags/example_bash_decorator.py for tasks to queue
[2024-08-16T13:48:35.818+0000] {logging_mixin.py:190} INFO - [2024-08-16T13:48:35.817+0000] {dagbag.py:587} INFO - Filling up the DagBag from /home/airflow/.local/lib/python3.12/site-packages/airflow/example_dags/example_bash_decorator.py
[2024-08-16T13:48:35.840+0000] {processor.py:925} INFO - DAG(s) 'example_bash_decorator' retrieved from /home/airflow/.local/lib/python3.12/site-packages/airflow/example_dags/example_bash_decorator.py
[2024-08-16T13:48:35.874+0000] {logging_mixin.py:190} INFO - [2024-08-16T13:48:35.873+0000] {dag.py:3211} INFO - Sync 1 DAGs
[2024-08-16T13:48:35.897+0000] {logging_mixin.py:190} INFO - [2024-08-16T13:48:35.896+0000] {dag.py:4138} INFO - Setting next_dagrun for example_bash_decorator to None, run_after=None
[2024-08-16T13:48:35.925+0000] {processor.py:208} INFO - Processing /home/airflow/.local/lib/python3.12/site-packages/airflow/example_dags/example_bash_decorator.py took 0.123 seconds
[2024-08-16T13:49:06.121+0000] {processor.py:186} INFO - Started process (PID=17359) to work on /home/airflow/.local/lib/python3.12/site-packages/airflow/example_dags/example_bash_decorator.py
[2024-08-16T13:49:06.122+0000] {processor.py:914} INFO - Processing file /home/airflow/.local/lib/python3.12/site-packages/airflow/example_dags/example_bash_decorator.py for tasks to queue
[2024-08-16T13:49:06.126+0000] {logging_mixin.py:190} INFO - [2024-08-16T13:49:06.125+0000] {dagbag.py:587} INFO - Filling up the DagBag from /home/airflow/.local/lib/python3.12/site-packages/airflow/example_dags/example_bash_decorator.py
[2024-08-16T13:49:06.156+0000] {processor.py:925} INFO - DAG(s) 'example_bash_decorator' retrieved from /home/airflow/.local/lib/python3.12/site-packages/airflow/example_dags/example_bash_decorator.py
[2024-08-16T13:49:06.209+0000] {logging_mixin.py:190} INFO - [2024-08-16T13:49:06.208+0000] {dag.py:3211} INFO - Sync 1 DAGs
[2024-08-16T13:49:06.235+0000] {logging_mixin.py:190} INFO - [2024-08-16T13:49:06.235+0000] {dag.py:4138} INFO - Setting next_dagrun for example_bash_decorator to None, run_after=None
[2024-08-16T13:49:06.275+0000] {processor.py:208} INFO - Processing /home/airflow/.local/lib/python3.12/site-packages/airflow/example_dags/example_bash_decorator.py took 0.163 seconds
[2024-08-16T13:49:37.404+0000] {processor.py:186} INFO - Started process (PID=17647) to work on /home/airflow/.local/lib/python3.12/site-packages/airflow/example_dags/example_bash_decorator.py
[2024-08-16T13:49:37.405+0000] {processor.py:914} INFO - Processing file /home/airflow/.local/lib/python3.12/site-packages/airflow/example_dags/example_bash_decorator.py for tasks to queue
[2024-08-16T13:49:37.408+0000] {logging_mixin.py:190} INFO - [2024-08-16T13:49:37.407+0000] {dagbag.py:587} INFO - Filling up the DagBag from /home/airflow/.local/lib/python3.12/site-packages/airflow/example_dags/example_bash_decorator.py
[2024-08-16T13:49:37.428+0000] {processor.py:925} INFO - DAG(s) 'example_bash_decorator' retrieved from /home/airflow/.local/lib/python3.12/site-packages/airflow/example_dags/example_bash_decorator.py
[2024-08-16T13:49:37.460+0000] {logging_mixin.py:190} INFO - [2024-08-16T13:49:37.460+0000] {dag.py:3211} INFO - Sync 1 DAGs
[2024-08-16T13:49:37.478+0000] {logging_mixin.py:190} INFO - [2024-08-16T13:49:37.477+0000] {dag.py:4138} INFO - Setting next_dagrun for example_bash_decorator to None, run_after=None
[2024-08-16T13:49:37.730+0000] {processor.py:208} INFO - Processing /home/airflow/.local/lib/python3.12/site-packages/airflow/example_dags/example_bash_decorator.py took 0.336 seconds
[2024-08-16T13:50:08.165+0000] {processor.py:186} INFO - Started process (PID=17933) to work on /home/airflow/.local/lib/python3.12/site-packages/airflow/example_dags/example_bash_decorator.py
[2024-08-16T13:50:08.166+0000] {processor.py:914} INFO - Processing file /home/airflow/.local/lib/python3.12/site-packages/airflow/example_dags/example_bash_decorator.py for tasks to queue
[2024-08-16T13:50:08.168+0000] {logging_mixin.py:190} INFO - [2024-08-16T13:50:08.168+0000] {dagbag.py:587} INFO - Filling up the DagBag from /home/airflow/.local/lib/python3.12/site-packages/airflow/example_dags/example_bash_decorator.py
[2024-08-16T13:50:08.184+0000] {processor.py:925} INFO - DAG(s) 'example_bash_decorator' retrieved from /home/airflow/.local/lib/python3.12/site-packages/airflow/example_dags/example_bash_decorator.py
[2024-08-16T13:50:08.211+0000] {logging_mixin.py:190} INFO - [2024-08-16T13:50:08.211+0000] {dag.py:3211} INFO - Sync 1 DAGs
[2024-08-16T13:50:08.228+0000] {logging_mixin.py:190} INFO - [2024-08-16T13:50:08.228+0000] {dag.py:4138} INFO - Setting next_dagrun for example_bash_decorator to None, run_after=None
[2024-08-16T13:50:08.274+0000] {processor.py:208} INFO - Processing /home/airflow/.local/lib/python3.12/site-packages/airflow/example_dags/example_bash_decorator.py took 0.117 seconds
