[2024-08-16T13:18:49.132+0000] {processor.py:186} INFO - Started process (PID=410) to work on /home/airflow/.local/lib/python3.12/site-packages/airflow/example_dags/example_branch_python_dop_operator_3.py
[2024-08-16T13:18:49.134+0000] {processor.py:914} INFO - Processing file /home/airflow/.local/lib/python3.12/site-packages/airflow/example_dags/example_branch_python_dop_operator_3.py for tasks to queue
[2024-08-16T13:18:49.139+0000] {logging_mixin.py:190} INFO - [2024-08-16T13:18:49.138+0000] {dagbag.py:587} INFO - Filling up the DagBag from /home/airflow/.local/lib/python3.12/site-packages/airflow/example_dags/example_branch_python_dop_operator_3.py
[2024-08-16T13:18:49.155+0000] {processor.py:925} INFO - DAG(s) 'example_branch_dop_operator_v3' retrieved from /home/airflow/.local/lib/python3.12/site-packages/airflow/example_dags/example_branch_python_dop_operator_3.py
[2024-08-16T13:18:49.283+0000] {logging_mixin.py:190} INFO - [2024-08-16T13:18:49.282+0000] {override.py:1858} INFO - Created Permission View: can read on DAG:example_branch_dop_operator_v3
[2024-08-16T13:18:49.294+0000] {logging_mixin.py:190} INFO - [2024-08-16T13:18:49.294+0000] {override.py:1858} INFO - Created Permission View: can edit on DAG:example_branch_dop_operator_v3
[2024-08-16T13:18:49.301+0000] {logging_mixin.py:190} INFO - [2024-08-16T13:18:49.301+0000] {override.py:1858} INFO - Created Permission View: can delete on DAG:example_branch_dop_operator_v3
[2024-08-16T13:18:49.302+0000] {logging_mixin.py:190} INFO - [2024-08-16T13:18:49.302+0000] {dag.py:3211} INFO - Sync 1 DAGs
[2024-08-16T13:18:49.317+0000] {logging_mixin.py:190} INFO - [2024-08-16T13:18:49.317+0000] {dag.py:3234} INFO - Creating ORM DAG for example_branch_dop_operator_v3
[2024-08-16T13:18:49.336+0000] {logging_mixin.py:190} INFO - [2024-08-16T13:18:49.335+0000] {dag.py:4138} INFO - Setting next_dagrun for example_branch_dop_operator_v3 to 2024-08-16 13:17:00+00:00, run_after=2024-08-16 13:18:00+00:00
[2024-08-16T13:18:49.357+0000] {processor.py:208} INFO - Processing /home/airflow/.local/lib/python3.12/site-packages/airflow/example_dags/example_branch_python_dop_operator_3.py took 0.234 seconds
[2024-08-16T13:19:19.895+0000] {processor.py:186} INFO - Started process (PID=696) to work on /home/airflow/.local/lib/python3.12/site-packages/airflow/example_dags/example_branch_python_dop_operator_3.py
[2024-08-16T13:19:19.896+0000] {processor.py:914} INFO - Processing file /home/airflow/.local/lib/python3.12/site-packages/airflow/example_dags/example_branch_python_dop_operator_3.py for tasks to queue
[2024-08-16T13:19:19.899+0000] {logging_mixin.py:190} INFO - [2024-08-16T13:19:19.899+0000] {dagbag.py:587} INFO - Filling up the DagBag from /home/airflow/.local/lib/python3.12/site-packages/airflow/example_dags/example_branch_python_dop_operator_3.py
[2024-08-16T13:19:19.912+0000] {processor.py:925} INFO - DAG(s) 'example_branch_dop_operator_v3' retrieved from /home/airflow/.local/lib/python3.12/site-packages/airflow/example_dags/example_branch_python_dop_operator_3.py
[2024-08-16T13:19:19.941+0000] {logging_mixin.py:190} INFO - [2024-08-16T13:19:19.940+0000] {dag.py:3211} INFO - Sync 1 DAGs
[2024-08-16T13:19:19.976+0000] {logging_mixin.py:190} INFO - [2024-08-16T13:19:19.976+0000] {dag.py:4138} INFO - Setting next_dagrun for example_branch_dop_operator_v3 to 2024-08-16 13:18:00+00:00, run_after=2024-08-16 13:19:00+00:00
[2024-08-16T13:19:20.003+0000] {processor.py:208} INFO - Processing /home/airflow/.local/lib/python3.12/site-packages/airflow/example_dags/example_branch_python_dop_operator_3.py took 0.116 seconds
[2024-08-16T13:19:50.723+0000] {processor.py:186} INFO - Started process (PID=984) to work on /home/airflow/.local/lib/python3.12/site-packages/airflow/example_dags/example_branch_python_dop_operator_3.py
[2024-08-16T13:19:50.724+0000] {processor.py:914} INFO - Processing file /home/airflow/.local/lib/python3.12/site-packages/airflow/example_dags/example_branch_python_dop_operator_3.py for tasks to queue
[2024-08-16T13:19:50.727+0000] {logging_mixin.py:190} INFO - [2024-08-16T13:19:50.727+0000] {dagbag.py:587} INFO - Filling up the DagBag from /home/airflow/.local/lib/python3.12/site-packages/airflow/example_dags/example_branch_python_dop_operator_3.py
[2024-08-16T13:19:50.738+0000] {processor.py:925} INFO - DAG(s) 'example_branch_dop_operator_v3' retrieved from /home/airflow/.local/lib/python3.12/site-packages/airflow/example_dags/example_branch_python_dop_operator_3.py
[2024-08-16T13:19:50.758+0000] {logging_mixin.py:190} INFO - [2024-08-16T13:19:50.758+0000] {dag.py:3211} INFO - Sync 1 DAGs
[2024-08-16T13:19:50.786+0000] {logging_mixin.py:190} INFO - [2024-08-16T13:19:50.785+0000] {dag.py:4138} INFO - Setting next_dagrun for example_branch_dop_operator_v3 to 2024-08-16 13:18:00+00:00, run_after=2024-08-16 13:19:00+00:00
[2024-08-16T13:19:50.807+0000] {processor.py:208} INFO - Processing /home/airflow/.local/lib/python3.12/site-packages/airflow/example_dags/example_branch_python_dop_operator_3.py took 0.090 seconds
[2024-08-16T13:20:21.466+0000] {processor.py:186} INFO - Started process (PID=1270) to work on /home/airflow/.local/lib/python3.12/site-packages/airflow/example_dags/example_branch_python_dop_operator_3.py
[2024-08-16T13:20:21.467+0000] {processor.py:914} INFO - Processing file /home/airflow/.local/lib/python3.12/site-packages/airflow/example_dags/example_branch_python_dop_operator_3.py for tasks to queue
[2024-08-16T13:20:21.470+0000] {logging_mixin.py:190} INFO - [2024-08-16T13:20:21.469+0000] {dagbag.py:587} INFO - Filling up the DagBag from /home/airflow/.local/lib/python3.12/site-packages/airflow/example_dags/example_branch_python_dop_operator_3.py
[2024-08-16T13:20:21.480+0000] {processor.py:925} INFO - DAG(s) 'example_branch_dop_operator_v3' retrieved from /home/airflow/.local/lib/python3.12/site-packages/airflow/example_dags/example_branch_python_dop_operator_3.py
[2024-08-16T13:20:21.502+0000] {logging_mixin.py:190} INFO - [2024-08-16T13:20:21.502+0000] {dag.py:3211} INFO - Sync 1 DAGs
[2024-08-16T13:20:21.531+0000] {logging_mixin.py:190} INFO - [2024-08-16T13:20:21.531+0000] {dag.py:4138} INFO - Setting next_dagrun for example_branch_dop_operator_v3 to 2024-08-16 13:19:00+00:00, run_after=2024-08-16 13:20:00+00:00
[2024-08-16T13:20:21.552+0000] {processor.py:208} INFO - Processing /home/airflow/.local/lib/python3.12/site-packages/airflow/example_dags/example_branch_python_dop_operator_3.py took 0.092 seconds
[2024-08-16T13:20:51.703+0000] {processor.py:186} INFO - Started process (PID=1556) to work on /home/airflow/.local/lib/python3.12/site-packages/airflow/example_dags/example_branch_python_dop_operator_3.py
[2024-08-16T13:20:51.704+0000] {processor.py:914} INFO - Processing file /home/airflow/.local/lib/python3.12/site-packages/airflow/example_dags/example_branch_python_dop_operator_3.py for tasks to queue
[2024-08-16T13:20:51.706+0000] {logging_mixin.py:190} INFO - [2024-08-16T13:20:51.706+0000] {dagbag.py:587} INFO - Filling up the DagBag from /home/airflow/.local/lib/python3.12/site-packages/airflow/example_dags/example_branch_python_dop_operator_3.py
[2024-08-16T13:20:51.717+0000] {processor.py:925} INFO - DAG(s) 'example_branch_dop_operator_v3' retrieved from /home/airflow/.local/lib/python3.12/site-packages/airflow/example_dags/example_branch_python_dop_operator_3.py
[2024-08-16T13:20:51.738+0000] {logging_mixin.py:190} INFO - [2024-08-16T13:20:51.738+0000] {dag.py:3211} INFO - Sync 1 DAGs
[2024-08-16T13:20:51.766+0000] {logging_mixin.py:190} INFO - [2024-08-16T13:20:51.765+0000] {dag.py:4138} INFO - Setting next_dagrun for example_branch_dop_operator_v3 to 2024-08-16 13:19:00+00:00, run_after=2024-08-16 13:20:00+00:00
[2024-08-16T13:20:51.786+0000] {processor.py:208} INFO - Processing /home/airflow/.local/lib/python3.12/site-packages/airflow/example_dags/example_branch_python_dop_operator_3.py took 0.090 seconds
[2024-08-16T13:21:22.274+0000] {processor.py:186} INFO - Started process (PID=1842) to work on /home/airflow/.local/lib/python3.12/site-packages/airflow/example_dags/example_branch_python_dop_operator_3.py
[2024-08-16T13:21:22.275+0000] {processor.py:914} INFO - Processing file /home/airflow/.local/lib/python3.12/site-packages/airflow/example_dags/example_branch_python_dop_operator_3.py for tasks to queue
[2024-08-16T13:21:22.278+0000] {logging_mixin.py:190} INFO - [2024-08-16T13:21:22.278+0000] {dagbag.py:587} INFO - Filling up the DagBag from /home/airflow/.local/lib/python3.12/site-packages/airflow/example_dags/example_branch_python_dop_operator_3.py
[2024-08-16T13:21:22.288+0000] {processor.py:925} INFO - DAG(s) 'example_branch_dop_operator_v3' retrieved from /home/airflow/.local/lib/python3.12/site-packages/airflow/example_dags/example_branch_python_dop_operator_3.py
[2024-08-16T13:21:22.311+0000] {logging_mixin.py:190} INFO - [2024-08-16T13:21:22.310+0000] {dag.py:3211} INFO - Sync 1 DAGs
[2024-08-16T13:21:22.340+0000] {logging_mixin.py:190} INFO - [2024-08-16T13:21:22.339+0000] {dag.py:4138} INFO - Setting next_dagrun for example_branch_dop_operator_v3 to 2024-08-16 13:20:00+00:00, run_after=2024-08-16 13:21:00+00:00
[2024-08-16T13:21:22.357+0000] {processor.py:208} INFO - Processing /home/airflow/.local/lib/python3.12/site-packages/airflow/example_dags/example_branch_python_dop_operator_3.py took 0.089 seconds
[2024-08-16T13:21:52.560+0000] {processor.py:186} INFO - Started process (PID=2128) to work on /home/airflow/.local/lib/python3.12/site-packages/airflow/example_dags/example_branch_python_dop_operator_3.py
[2024-08-16T13:21:52.561+0000] {processor.py:914} INFO - Processing file /home/airflow/.local/lib/python3.12/site-packages/airflow/example_dags/example_branch_python_dop_operator_3.py for tasks to queue
[2024-08-16T13:21:52.563+0000] {logging_mixin.py:190} INFO - [2024-08-16T13:21:52.563+0000] {dagbag.py:587} INFO - Filling up the DagBag from /home/airflow/.local/lib/python3.12/site-packages/airflow/example_dags/example_branch_python_dop_operator_3.py
[2024-08-16T13:21:52.576+0000] {processor.py:925} INFO - DAG(s) 'example_branch_dop_operator_v3' retrieved from /home/airflow/.local/lib/python3.12/site-packages/airflow/example_dags/example_branch_python_dop_operator_3.py
[2024-08-16T13:21:52.598+0000] {logging_mixin.py:190} INFO - [2024-08-16T13:21:52.598+0000] {dag.py:3211} INFO - Sync 1 DAGs
[2024-08-16T13:21:52.626+0000] {logging_mixin.py:190} INFO - [2024-08-16T13:21:52.625+0000] {dag.py:4138} INFO - Setting next_dagrun for example_branch_dop_operator_v3 to 2024-08-16 13:20:00+00:00, run_after=2024-08-16 13:21:00+00:00
[2024-08-16T13:21:52.645+0000] {processor.py:208} INFO - Processing /home/airflow/.local/lib/python3.12/site-packages/airflow/example_dags/example_branch_python_dop_operator_3.py took 0.091 seconds
[2024-08-16T13:22:22.845+0000] {processor.py:186} INFO - Started process (PID=2412) to work on /home/airflow/.local/lib/python3.12/site-packages/airflow/example_dags/example_branch_python_dop_operator_3.py
[2024-08-16T13:22:22.847+0000] {processor.py:914} INFO - Processing file /home/airflow/.local/lib/python3.12/site-packages/airflow/example_dags/example_branch_python_dop_operator_3.py for tasks to queue
[2024-08-16T13:22:22.850+0000] {logging_mixin.py:190} INFO - [2024-08-16T13:22:22.849+0000] {dagbag.py:587} INFO - Filling up the DagBag from /home/airflow/.local/lib/python3.12/site-packages/airflow/example_dags/example_branch_python_dop_operator_3.py
[2024-08-16T13:22:22.860+0000] {processor.py:925} INFO - DAG(s) 'example_branch_dop_operator_v3' retrieved from /home/airflow/.local/lib/python3.12/site-packages/airflow/example_dags/example_branch_python_dop_operator_3.py
[2024-08-16T13:22:22.882+0000] {logging_mixin.py:190} INFO - [2024-08-16T13:22:22.882+0000] {dag.py:3211} INFO - Sync 1 DAGs
[2024-08-16T13:22:22.912+0000] {logging_mixin.py:190} INFO - [2024-08-16T13:22:22.912+0000] {dag.py:4138} INFO - Setting next_dagrun for example_branch_dop_operator_v3 to 2024-08-16 13:21:00+00:00, run_after=2024-08-16 13:22:00+00:00
[2024-08-16T13:22:22.934+0000] {processor.py:208} INFO - Processing /home/airflow/.local/lib/python3.12/site-packages/airflow/example_dags/example_branch_python_dop_operator_3.py took 0.094 seconds
[2024-08-16T13:22:53.303+0000] {processor.py:186} INFO - Started process (PID=2700) to work on /home/airflow/.local/lib/python3.12/site-packages/airflow/example_dags/example_branch_python_dop_operator_3.py
[2024-08-16T13:22:53.304+0000] {processor.py:914} INFO - Processing file /home/airflow/.local/lib/python3.12/site-packages/airflow/example_dags/example_branch_python_dop_operator_3.py for tasks to queue
[2024-08-16T13:22:53.307+0000] {logging_mixin.py:190} INFO - [2024-08-16T13:22:53.307+0000] {dagbag.py:587} INFO - Filling up the DagBag from /home/airflow/.local/lib/python3.12/site-packages/airflow/example_dags/example_branch_python_dop_operator_3.py
[2024-08-16T13:22:53.317+0000] {processor.py:925} INFO - DAG(s) 'example_branch_dop_operator_v3' retrieved from /home/airflow/.local/lib/python3.12/site-packages/airflow/example_dags/example_branch_python_dop_operator_3.py
[2024-08-16T13:22:53.341+0000] {logging_mixin.py:190} INFO - [2024-08-16T13:22:53.340+0000] {dag.py:3211} INFO - Sync 1 DAGs
[2024-08-16T13:22:53.368+0000] {logging_mixin.py:190} INFO - [2024-08-16T13:22:53.368+0000] {dag.py:4138} INFO - Setting next_dagrun for example_branch_dop_operator_v3 to 2024-08-16 13:21:00+00:00, run_after=2024-08-16 13:22:00+00:00
[2024-08-16T13:22:53.388+0000] {processor.py:208} INFO - Processing /home/airflow/.local/lib/python3.12/site-packages/airflow/example_dags/example_branch_python_dop_operator_3.py took 0.091 seconds
[2024-08-16T13:23:23.757+0000] {processor.py:186} INFO - Started process (PID=2986) to work on /home/airflow/.local/lib/python3.12/site-packages/airflow/example_dags/example_branch_python_dop_operator_3.py
[2024-08-16T13:23:23.758+0000] {processor.py:914} INFO - Processing file /home/airflow/.local/lib/python3.12/site-packages/airflow/example_dags/example_branch_python_dop_operator_3.py for tasks to queue
[2024-08-16T13:23:23.761+0000] {logging_mixin.py:190} INFO - [2024-08-16T13:23:23.761+0000] {dagbag.py:587} INFO - Filling up the DagBag from /home/airflow/.local/lib/python3.12/site-packages/airflow/example_dags/example_branch_python_dop_operator_3.py
[2024-08-16T13:23:23.772+0000] {processor.py:925} INFO - DAG(s) 'example_branch_dop_operator_v3' retrieved from /home/airflow/.local/lib/python3.12/site-packages/airflow/example_dags/example_branch_python_dop_operator_3.py
[2024-08-16T13:23:23.794+0000] {logging_mixin.py:190} INFO - [2024-08-16T13:23:23.794+0000] {dag.py:3211} INFO - Sync 1 DAGs
[2024-08-16T13:23:23.821+0000] {logging_mixin.py:190} INFO - [2024-08-16T13:23:23.821+0000] {dag.py:4138} INFO - Setting next_dagrun for example_branch_dop_operator_v3 to 2024-08-16 13:22:00+00:00, run_after=2024-08-16 13:23:00+00:00
[2024-08-16T13:23:23.840+0000] {processor.py:208} INFO - Processing /home/airflow/.local/lib/python3.12/site-packages/airflow/example_dags/example_branch_python_dop_operator_3.py took 0.089 seconds
[2024-08-16T13:23:53.900+0000] {processor.py:186} INFO - Started process (PID=3270) to work on /home/airflow/.local/lib/python3.12/site-packages/airflow/example_dags/example_branch_python_dop_operator_3.py
[2024-08-16T13:23:53.901+0000] {processor.py:914} INFO - Processing file /home/airflow/.local/lib/python3.12/site-packages/airflow/example_dags/example_branch_python_dop_operator_3.py for tasks to queue
[2024-08-16T13:23:53.904+0000] {logging_mixin.py:190} INFO - [2024-08-16T13:23:53.903+0000] {dagbag.py:587} INFO - Filling up the DagBag from /home/airflow/.local/lib/python3.12/site-packages/airflow/example_dags/example_branch_python_dop_operator_3.py
[2024-08-16T13:23:53.914+0000] {processor.py:925} INFO - DAG(s) 'example_branch_dop_operator_v3' retrieved from /home/airflow/.local/lib/python3.12/site-packages/airflow/example_dags/example_branch_python_dop_operator_3.py
[2024-08-16T13:23:53.935+0000] {logging_mixin.py:190} INFO - [2024-08-16T13:23:53.935+0000] {dag.py:3211} INFO - Sync 1 DAGs
[2024-08-16T13:23:53.962+0000] {logging_mixin.py:190} INFO - [2024-08-16T13:23:53.961+0000] {dag.py:4138} INFO - Setting next_dagrun for example_branch_dop_operator_v3 to 2024-08-16 13:22:00+00:00, run_after=2024-08-16 13:23:00+00:00
[2024-08-16T13:23:53.980+0000] {processor.py:208} INFO - Processing /home/airflow/.local/lib/python3.12/site-packages/airflow/example_dags/example_branch_python_dop_operator_3.py took 0.087 seconds
[2024-08-16T13:24:24.141+0000] {processor.py:186} INFO - Started process (PID=3556) to work on /home/airflow/.local/lib/python3.12/site-packages/airflow/example_dags/example_branch_python_dop_operator_3.py
[2024-08-16T13:24:24.142+0000] {processor.py:914} INFO - Processing file /home/airflow/.local/lib/python3.12/site-packages/airflow/example_dags/example_branch_python_dop_operator_3.py for tasks to queue
[2024-08-16T13:24:24.145+0000] {logging_mixin.py:190} INFO - [2024-08-16T13:24:24.145+0000] {dagbag.py:587} INFO - Filling up the DagBag from /home/airflow/.local/lib/python3.12/site-packages/airflow/example_dags/example_branch_python_dop_operator_3.py
[2024-08-16T13:24:24.155+0000] {processor.py:925} INFO - DAG(s) 'example_branch_dop_operator_v3' retrieved from /home/airflow/.local/lib/python3.12/site-packages/airflow/example_dags/example_branch_python_dop_operator_3.py
[2024-08-16T13:24:24.177+0000] {logging_mixin.py:190} INFO - [2024-08-16T13:24:24.176+0000] {dag.py:3211} INFO - Sync 1 DAGs
[2024-08-16T13:24:24.219+0000] {logging_mixin.py:190} INFO - [2024-08-16T13:24:24.219+0000] {dag.py:4138} INFO - Setting next_dagrun for example_branch_dop_operator_v3 to 2024-08-16 13:23:00+00:00, run_after=2024-08-16 13:24:00+00:00
[2024-08-16T13:24:24.241+0000] {processor.py:208} INFO - Processing /home/airflow/.local/lib/python3.12/site-packages/airflow/example_dags/example_branch_python_dop_operator_3.py took 0.108 seconds
[2024-08-16T13:24:54.513+0000] {processor.py:186} INFO - Started process (PID=3842) to work on /home/airflow/.local/lib/python3.12/site-packages/airflow/example_dags/example_branch_python_dop_operator_3.py
[2024-08-16T13:24:54.514+0000] {processor.py:914} INFO - Processing file /home/airflow/.local/lib/python3.12/site-packages/airflow/example_dags/example_branch_python_dop_operator_3.py for tasks to queue
[2024-08-16T13:24:54.518+0000] {logging_mixin.py:190} INFO - [2024-08-16T13:24:54.517+0000] {dagbag.py:587} INFO - Filling up the DagBag from /home/airflow/.local/lib/python3.12/site-packages/airflow/example_dags/example_branch_python_dop_operator_3.py
[2024-08-16T13:24:54.532+0000] {processor.py:925} INFO - DAG(s) 'example_branch_dop_operator_v3' retrieved from /home/airflow/.local/lib/python3.12/site-packages/airflow/example_dags/example_branch_python_dop_operator_3.py
[2024-08-16T13:24:54.553+0000] {logging_mixin.py:190} INFO - [2024-08-16T13:24:54.552+0000] {dag.py:3211} INFO - Sync 1 DAGs
[2024-08-16T13:24:54.585+0000] {logging_mixin.py:190} INFO - [2024-08-16T13:24:54.585+0000] {dag.py:4138} INFO - Setting next_dagrun for example_branch_dop_operator_v3 to 2024-08-16 13:23:00+00:00, run_after=2024-08-16 13:24:00+00:00
[2024-08-16T13:24:54.607+0000] {processor.py:208} INFO - Processing /home/airflow/.local/lib/python3.12/site-packages/airflow/example_dags/example_branch_python_dop_operator_3.py took 0.102 seconds
[2024-08-16T13:25:24.763+0000] {processor.py:186} INFO - Started process (PID=4128) to work on /home/airflow/.local/lib/python3.12/site-packages/airflow/example_dags/example_branch_python_dop_operator_3.py
[2024-08-16T13:25:24.764+0000] {processor.py:914} INFO - Processing file /home/airflow/.local/lib/python3.12/site-packages/airflow/example_dags/example_branch_python_dop_operator_3.py for tasks to queue
[2024-08-16T13:25:24.768+0000] {logging_mixin.py:190} INFO - [2024-08-16T13:25:24.767+0000] {dagbag.py:587} INFO - Filling up the DagBag from /home/airflow/.local/lib/python3.12/site-packages/airflow/example_dags/example_branch_python_dop_operator_3.py
[2024-08-16T13:25:24.779+0000] {processor.py:925} INFO - DAG(s) 'example_branch_dop_operator_v3' retrieved from /home/airflow/.local/lib/python3.12/site-packages/airflow/example_dags/example_branch_python_dop_operator_3.py
[2024-08-16T13:25:24.800+0000] {logging_mixin.py:190} INFO - [2024-08-16T13:25:24.800+0000] {dag.py:3211} INFO - Sync 1 DAGs
[2024-08-16T13:25:24.829+0000] {logging_mixin.py:190} INFO - [2024-08-16T13:25:24.829+0000] {dag.py:4138} INFO - Setting next_dagrun for example_branch_dop_operator_v3 to 2024-08-16 13:24:00+00:00, run_after=2024-08-16 13:25:00+00:00
[2024-08-16T13:25:24.851+0000] {processor.py:208} INFO - Processing /home/airflow/.local/lib/python3.12/site-packages/airflow/example_dags/example_branch_python_dop_operator_3.py took 0.094 seconds
[2024-08-16T13:25:55.390+0000] {processor.py:186} INFO - Started process (PID=4416) to work on /home/airflow/.local/lib/python3.12/site-packages/airflow/example_dags/example_branch_python_dop_operator_3.py
[2024-08-16T13:25:55.391+0000] {processor.py:914} INFO - Processing file /home/airflow/.local/lib/python3.12/site-packages/airflow/example_dags/example_branch_python_dop_operator_3.py for tasks to queue
[2024-08-16T13:25:55.394+0000] {logging_mixin.py:190} INFO - [2024-08-16T13:25:55.394+0000] {dagbag.py:587} INFO - Filling up the DagBag from /home/airflow/.local/lib/python3.12/site-packages/airflow/example_dags/example_branch_python_dop_operator_3.py
[2024-08-16T13:25:55.404+0000] {processor.py:925} INFO - DAG(s) 'example_branch_dop_operator_v3' retrieved from /home/airflow/.local/lib/python3.12/site-packages/airflow/example_dags/example_branch_python_dop_operator_3.py
[2024-08-16T13:25:55.427+0000] {logging_mixin.py:190} INFO - [2024-08-16T13:25:55.426+0000] {dag.py:3211} INFO - Sync 1 DAGs
[2024-08-16T13:25:55.456+0000] {logging_mixin.py:190} INFO - [2024-08-16T13:25:55.456+0000] {dag.py:4138} INFO - Setting next_dagrun for example_branch_dop_operator_v3 to 2024-08-16 13:24:00+00:00, run_after=2024-08-16 13:25:00+00:00
[2024-08-16T13:25:55.476+0000] {processor.py:208} INFO - Processing /home/airflow/.local/lib/python3.12/site-packages/airflow/example_dags/example_branch_python_dop_operator_3.py took 0.092 seconds
[2024-08-16T13:26:25.884+0000] {processor.py:186} INFO - Started process (PID=4700) to work on /home/airflow/.local/lib/python3.12/site-packages/airflow/example_dags/example_branch_python_dop_operator_3.py
[2024-08-16T13:26:25.885+0000] {processor.py:914} INFO - Processing file /home/airflow/.local/lib/python3.12/site-packages/airflow/example_dags/example_branch_python_dop_operator_3.py for tasks to queue
[2024-08-16T13:26:25.888+0000] {logging_mixin.py:190} INFO - [2024-08-16T13:26:25.887+0000] {dagbag.py:587} INFO - Filling up the DagBag from /home/airflow/.local/lib/python3.12/site-packages/airflow/example_dags/example_branch_python_dop_operator_3.py
[2024-08-16T13:26:25.899+0000] {processor.py:925} INFO - DAG(s) 'example_branch_dop_operator_v3' retrieved from /home/airflow/.local/lib/python3.12/site-packages/airflow/example_dags/example_branch_python_dop_operator_3.py
[2024-08-16T13:26:25.923+0000] {logging_mixin.py:190} INFO - [2024-08-16T13:26:25.923+0000] {dag.py:3211} INFO - Sync 1 DAGs
[2024-08-16T13:26:25.966+0000] {logging_mixin.py:190} INFO - [2024-08-16T13:26:25.966+0000] {dag.py:4138} INFO - Setting next_dagrun for example_branch_dop_operator_v3 to 2024-08-16 13:25:00+00:00, run_after=2024-08-16 13:26:00+00:00
[2024-08-16T13:26:25.996+0000] {processor.py:208} INFO - Processing /home/airflow/.local/lib/python3.12/site-packages/airflow/example_dags/example_branch_python_dop_operator_3.py took 0.119 seconds
[2024-08-16T13:26:56.285+0000] {processor.py:186} INFO - Started process (PID=4986) to work on /home/airflow/.local/lib/python3.12/site-packages/airflow/example_dags/example_branch_python_dop_operator_3.py
[2024-08-16T13:26:56.287+0000] {processor.py:914} INFO - Processing file /home/airflow/.local/lib/python3.12/site-packages/airflow/example_dags/example_branch_python_dop_operator_3.py for tasks to queue
[2024-08-16T13:26:56.290+0000] {logging_mixin.py:190} INFO - [2024-08-16T13:26:56.289+0000] {dagbag.py:587} INFO - Filling up the DagBag from /home/airflow/.local/lib/python3.12/site-packages/airflow/example_dags/example_branch_python_dop_operator_3.py
[2024-08-16T13:26:56.302+0000] {processor.py:925} INFO - DAG(s) 'example_branch_dop_operator_v3' retrieved from /home/airflow/.local/lib/python3.12/site-packages/airflow/example_dags/example_branch_python_dop_operator_3.py
[2024-08-16T13:26:56.324+0000] {logging_mixin.py:190} INFO - [2024-08-16T13:26:56.323+0000] {dag.py:3211} INFO - Sync 1 DAGs
[2024-08-16T13:26:56.354+0000] {logging_mixin.py:190} INFO - [2024-08-16T13:26:56.354+0000] {dag.py:4138} INFO - Setting next_dagrun for example_branch_dop_operator_v3 to 2024-08-16 13:25:00+00:00, run_after=2024-08-16 13:26:00+00:00
[2024-08-16T13:26:56.374+0000] {processor.py:208} INFO - Processing /home/airflow/.local/lib/python3.12/site-packages/airflow/example_dags/example_branch_python_dop_operator_3.py took 0.096 seconds
[2024-08-16T13:27:26.770+0000] {processor.py:186} INFO - Started process (PID=5275) to work on /home/airflow/.local/lib/python3.12/site-packages/airflow/example_dags/example_branch_python_dop_operator_3.py
[2024-08-16T13:27:26.771+0000] {processor.py:914} INFO - Processing file /home/airflow/.local/lib/python3.12/site-packages/airflow/example_dags/example_branch_python_dop_operator_3.py for tasks to queue
[2024-08-16T13:27:26.773+0000] {logging_mixin.py:190} INFO - [2024-08-16T13:27:26.773+0000] {dagbag.py:587} INFO - Filling up the DagBag from /home/airflow/.local/lib/python3.12/site-packages/airflow/example_dags/example_branch_python_dop_operator_3.py
[2024-08-16T13:27:26.784+0000] {processor.py:925} INFO - DAG(s) 'example_branch_dop_operator_v3' retrieved from /home/airflow/.local/lib/python3.12/site-packages/airflow/example_dags/example_branch_python_dop_operator_3.py
[2024-08-16T13:27:26.805+0000] {logging_mixin.py:190} INFO - [2024-08-16T13:27:26.805+0000] {dag.py:3211} INFO - Sync 1 DAGs
[2024-08-16T13:27:26.832+0000] {logging_mixin.py:190} INFO - [2024-08-16T13:27:26.832+0000] {dag.py:4138} INFO - Setting next_dagrun for example_branch_dop_operator_v3 to 2024-08-16 13:26:00+00:00, run_after=2024-08-16 13:27:00+00:00
[2024-08-16T13:27:26.852+0000] {processor.py:208} INFO - Processing /home/airflow/.local/lib/python3.12/site-packages/airflow/example_dags/example_branch_python_dop_operator_3.py took 0.089 seconds
[2024-08-16T13:27:57.165+0000] {processor.py:186} INFO - Started process (PID=5561) to work on /home/airflow/.local/lib/python3.12/site-packages/airflow/example_dags/example_branch_python_dop_operator_3.py
[2024-08-16T13:27:57.166+0000] {processor.py:914} INFO - Processing file /home/airflow/.local/lib/python3.12/site-packages/airflow/example_dags/example_branch_python_dop_operator_3.py for tasks to queue
[2024-08-16T13:27:57.169+0000] {logging_mixin.py:190} INFO - [2024-08-16T13:27:57.168+0000] {dagbag.py:587} INFO - Filling up the DagBag from /home/airflow/.local/lib/python3.12/site-packages/airflow/example_dags/example_branch_python_dop_operator_3.py
[2024-08-16T13:27:57.180+0000] {processor.py:925} INFO - DAG(s) 'example_branch_dop_operator_v3' retrieved from /home/airflow/.local/lib/python3.12/site-packages/airflow/example_dags/example_branch_python_dop_operator_3.py
[2024-08-16T13:27:57.203+0000] {logging_mixin.py:190} INFO - [2024-08-16T13:27:57.202+0000] {dag.py:3211} INFO - Sync 1 DAGs
[2024-08-16T13:27:57.232+0000] {logging_mixin.py:190} INFO - [2024-08-16T13:27:57.231+0000] {dag.py:4138} INFO - Setting next_dagrun for example_branch_dop_operator_v3 to 2024-08-16 13:26:00+00:00, run_after=2024-08-16 13:27:00+00:00
[2024-08-16T13:27:57.253+0000] {processor.py:208} INFO - Processing /home/airflow/.local/lib/python3.12/site-packages/airflow/example_dags/example_branch_python_dop_operator_3.py took 0.095 seconds
[2024-08-16T13:28:27.893+0000] {processor.py:186} INFO - Started process (PID=5847) to work on /home/airflow/.local/lib/python3.12/site-packages/airflow/example_dags/example_branch_python_dop_operator_3.py
[2024-08-16T13:28:27.894+0000] {processor.py:914} INFO - Processing file /home/airflow/.local/lib/python3.12/site-packages/airflow/example_dags/example_branch_python_dop_operator_3.py for tasks to queue
[2024-08-16T13:28:27.897+0000] {logging_mixin.py:190} INFO - [2024-08-16T13:28:27.897+0000] {dagbag.py:587} INFO - Filling up the DagBag from /home/airflow/.local/lib/python3.12/site-packages/airflow/example_dags/example_branch_python_dop_operator_3.py
[2024-08-16T13:28:27.907+0000] {processor.py:925} INFO - DAG(s) 'example_branch_dop_operator_v3' retrieved from /home/airflow/.local/lib/python3.12/site-packages/airflow/example_dags/example_branch_python_dop_operator_3.py
[2024-08-16T13:28:27.930+0000] {logging_mixin.py:190} INFO - [2024-08-16T13:28:27.929+0000] {dag.py:3211} INFO - Sync 1 DAGs
[2024-08-16T13:28:27.957+0000] {logging_mixin.py:190} INFO - [2024-08-16T13:28:27.956+0000] {dag.py:4138} INFO - Setting next_dagrun for example_branch_dop_operator_v3 to 2024-08-16 13:27:00+00:00, run_after=2024-08-16 13:28:00+00:00
[2024-08-16T13:28:27.984+0000] {processor.py:208} INFO - Processing /home/airflow/.local/lib/python3.12/site-packages/airflow/example_dags/example_branch_python_dop_operator_3.py took 0.097 seconds
[2024-08-16T13:28:58.310+0000] {processor.py:186} INFO - Started process (PID=6131) to work on /home/airflow/.local/lib/python3.12/site-packages/airflow/example_dags/example_branch_python_dop_operator_3.py
[2024-08-16T13:28:58.312+0000] {processor.py:914} INFO - Processing file /home/airflow/.local/lib/python3.12/site-packages/airflow/example_dags/example_branch_python_dop_operator_3.py for tasks to queue
[2024-08-16T13:28:58.314+0000] {logging_mixin.py:190} INFO - [2024-08-16T13:28:58.314+0000] {dagbag.py:587} INFO - Filling up the DagBag from /home/airflow/.local/lib/python3.12/site-packages/airflow/example_dags/example_branch_python_dop_operator_3.py
[2024-08-16T13:28:58.327+0000] {processor.py:925} INFO - DAG(s) 'example_branch_dop_operator_v3' retrieved from /home/airflow/.local/lib/python3.12/site-packages/airflow/example_dags/example_branch_python_dop_operator_3.py
[2024-08-16T13:28:58.349+0000] {logging_mixin.py:190} INFO - [2024-08-16T13:28:58.349+0000] {dag.py:3211} INFO - Sync 1 DAGs
[2024-08-16T13:28:58.379+0000] {logging_mixin.py:190} INFO - [2024-08-16T13:28:58.379+0000] {dag.py:4138} INFO - Setting next_dagrun for example_branch_dop_operator_v3 to 2024-08-16 13:27:00+00:00, run_after=2024-08-16 13:28:00+00:00
[2024-08-16T13:28:58.398+0000] {processor.py:208} INFO - Processing /home/airflow/.local/lib/python3.12/site-packages/airflow/example_dags/example_branch_python_dop_operator_3.py took 0.095 seconds
[2024-08-16T13:29:28.951+0000] {processor.py:186} INFO - Started process (PID=6419) to work on /home/airflow/.local/lib/python3.12/site-packages/airflow/example_dags/example_branch_python_dop_operator_3.py
[2024-08-16T13:29:28.953+0000] {processor.py:914} INFO - Processing file /home/airflow/.local/lib/python3.12/site-packages/airflow/example_dags/example_branch_python_dop_operator_3.py for tasks to queue
[2024-08-16T13:29:28.955+0000] {logging_mixin.py:190} INFO - [2024-08-16T13:29:28.955+0000] {dagbag.py:587} INFO - Filling up the DagBag from /home/airflow/.local/lib/python3.12/site-packages/airflow/example_dags/example_branch_python_dop_operator_3.py
[2024-08-16T13:29:28.968+0000] {processor.py:925} INFO - DAG(s) 'example_branch_dop_operator_v3' retrieved from /home/airflow/.local/lib/python3.12/site-packages/airflow/example_dags/example_branch_python_dop_operator_3.py
[2024-08-16T13:29:28.990+0000] {logging_mixin.py:190} INFO - [2024-08-16T13:29:28.990+0000] {dag.py:3211} INFO - Sync 1 DAGs
[2024-08-16T13:29:29.017+0000] {logging_mixin.py:190} INFO - [2024-08-16T13:29:29.016+0000] {dag.py:4138} INFO - Setting next_dagrun for example_branch_dop_operator_v3 to 2024-08-16 13:28:00+00:00, run_after=2024-08-16 13:29:00+00:00
[2024-08-16T13:29:29.036+0000] {processor.py:208} INFO - Processing /home/airflow/.local/lib/python3.12/site-packages/airflow/example_dags/example_branch_python_dop_operator_3.py took 0.094 seconds
[2024-08-16T13:29:59.383+0000] {processor.py:186} INFO - Started process (PID=6710) to work on /home/airflow/.local/lib/python3.12/site-packages/airflow/example_dags/example_branch_python_dop_operator_3.py
[2024-08-16T13:29:59.384+0000] {processor.py:914} INFO - Processing file /home/airflow/.local/lib/python3.12/site-packages/airflow/example_dags/example_branch_python_dop_operator_3.py for tasks to queue
[2024-08-16T13:29:59.386+0000] {logging_mixin.py:190} INFO - [2024-08-16T13:29:59.386+0000] {dagbag.py:587} INFO - Filling up the DagBag from /home/airflow/.local/lib/python3.12/site-packages/airflow/example_dags/example_branch_python_dop_operator_3.py
[2024-08-16T13:29:59.396+0000] {processor.py:925} INFO - DAG(s) 'example_branch_dop_operator_v3' retrieved from /home/airflow/.local/lib/python3.12/site-packages/airflow/example_dags/example_branch_python_dop_operator_3.py
[2024-08-16T13:29:59.418+0000] {logging_mixin.py:190} INFO - [2024-08-16T13:29:59.418+0000] {dag.py:3211} INFO - Sync 1 DAGs
[2024-08-16T13:29:59.447+0000] {logging_mixin.py:190} INFO - [2024-08-16T13:29:59.447+0000] {dag.py:4138} INFO - Setting next_dagrun for example_branch_dop_operator_v3 to 2024-08-16 13:28:00+00:00, run_after=2024-08-16 13:29:00+00:00
[2024-08-16T13:29:59.466+0000] {processor.py:208} INFO - Processing /home/airflow/.local/lib/python3.12/site-packages/airflow/example_dags/example_branch_python_dop_operator_3.py took 0.090 seconds
[2024-08-16T13:30:29.806+0000] {processor.py:186} INFO - Started process (PID=6992) to work on /home/airflow/.local/lib/python3.12/site-packages/airflow/example_dags/example_branch_python_dop_operator_3.py
[2024-08-16T13:30:29.808+0000] {processor.py:914} INFO - Processing file /home/airflow/.local/lib/python3.12/site-packages/airflow/example_dags/example_branch_python_dop_operator_3.py for tasks to queue
[2024-08-16T13:30:29.811+0000] {logging_mixin.py:190} INFO - [2024-08-16T13:30:29.810+0000] {dagbag.py:587} INFO - Filling up the DagBag from /home/airflow/.local/lib/python3.12/site-packages/airflow/example_dags/example_branch_python_dop_operator_3.py
[2024-08-16T13:30:29.823+0000] {processor.py:925} INFO - DAG(s) 'example_branch_dop_operator_v3' retrieved from /home/airflow/.local/lib/python3.12/site-packages/airflow/example_dags/example_branch_python_dop_operator_3.py
[2024-08-16T13:30:29.848+0000] {logging_mixin.py:190} INFO - [2024-08-16T13:30:29.848+0000] {dag.py:3211} INFO - Sync 1 DAGs
[2024-08-16T13:30:29.879+0000] {logging_mixin.py:190} INFO - [2024-08-16T13:30:29.879+0000] {dag.py:4138} INFO - Setting next_dagrun for example_branch_dop_operator_v3 to 2024-08-16 13:29:00+00:00, run_after=2024-08-16 13:30:00+00:00
[2024-08-16T13:30:29.900+0000] {processor.py:208} INFO - Processing /home/airflow/.local/lib/python3.12/site-packages/airflow/example_dags/example_branch_python_dop_operator_3.py took 0.103 seconds
[2024-08-16T13:31:00.411+0000] {processor.py:186} INFO - Started process (PID=7278) to work on /home/airflow/.local/lib/python3.12/site-packages/airflow/example_dags/example_branch_python_dop_operator_3.py
[2024-08-16T13:31:00.412+0000] {processor.py:914} INFO - Processing file /home/airflow/.local/lib/python3.12/site-packages/airflow/example_dags/example_branch_python_dop_operator_3.py for tasks to queue
[2024-08-16T13:31:00.415+0000] {logging_mixin.py:190} INFO - [2024-08-16T13:31:00.415+0000] {dagbag.py:587} INFO - Filling up the DagBag from /home/airflow/.local/lib/python3.12/site-packages/airflow/example_dags/example_branch_python_dop_operator_3.py
[2024-08-16T13:31:00.425+0000] {processor.py:925} INFO - DAG(s) 'example_branch_dop_operator_v3' retrieved from /home/airflow/.local/lib/python3.12/site-packages/airflow/example_dags/example_branch_python_dop_operator_3.py
[2024-08-16T13:31:00.447+0000] {logging_mixin.py:190} INFO - [2024-08-16T13:31:00.447+0000] {dag.py:3211} INFO - Sync 1 DAGs
[2024-08-16T13:31:00.476+0000] {logging_mixin.py:190} INFO - [2024-08-16T13:31:00.476+0000] {dag.py:4138} INFO - Setting next_dagrun for example_branch_dop_operator_v3 to 2024-08-16 13:30:00+00:00, run_after=2024-08-16 13:31:00+00:00
[2024-08-16T13:31:00.497+0000] {processor.py:208} INFO - Processing /home/airflow/.local/lib/python3.12/site-packages/airflow/example_dags/example_branch_python_dop_operator_3.py took 0.092 seconds
[2024-08-16T13:31:30.966+0000] {processor.py:186} INFO - Started process (PID=7564) to work on /home/airflow/.local/lib/python3.12/site-packages/airflow/example_dags/example_branch_python_dop_operator_3.py
[2024-08-16T13:31:30.968+0000] {processor.py:914} INFO - Processing file /home/airflow/.local/lib/python3.12/site-packages/airflow/example_dags/example_branch_python_dop_operator_3.py for tasks to queue
[2024-08-16T13:31:30.970+0000] {logging_mixin.py:190} INFO - [2024-08-16T13:31:30.970+0000] {dagbag.py:587} INFO - Filling up the DagBag from /home/airflow/.local/lib/python3.12/site-packages/airflow/example_dags/example_branch_python_dop_operator_3.py
[2024-08-16T13:31:30.982+0000] {processor.py:925} INFO - DAG(s) 'example_branch_dop_operator_v3' retrieved from /home/airflow/.local/lib/python3.12/site-packages/airflow/example_dags/example_branch_python_dop_operator_3.py
[2024-08-16T13:31:31.003+0000] {logging_mixin.py:190} INFO - [2024-08-16T13:31:31.003+0000] {dag.py:3211} INFO - Sync 1 DAGs
[2024-08-16T13:31:31.036+0000] {logging_mixin.py:190} INFO - [2024-08-16T13:31:31.036+0000] {dag.py:4138} INFO - Setting next_dagrun for example_branch_dop_operator_v3 to 2024-08-16 13:30:00+00:00, run_after=2024-08-16 13:31:00+00:00
[2024-08-16T13:31:31.056+0000] {processor.py:208} INFO - Processing /home/airflow/.local/lib/python3.12/site-packages/airflow/example_dags/example_branch_python_dop_operator_3.py took 0.098 seconds
[2024-08-16T13:32:01.373+0000] {processor.py:186} INFO - Started process (PID=7850) to work on /home/airflow/.local/lib/python3.12/site-packages/airflow/example_dags/example_branch_python_dop_operator_3.py
[2024-08-16T13:32:01.375+0000] {processor.py:914} INFO - Processing file /home/airflow/.local/lib/python3.12/site-packages/airflow/example_dags/example_branch_python_dop_operator_3.py for tasks to queue
[2024-08-16T13:32:01.378+0000] {logging_mixin.py:190} INFO - [2024-08-16T13:32:01.378+0000] {dagbag.py:587} INFO - Filling up the DagBag from /home/airflow/.local/lib/python3.12/site-packages/airflow/example_dags/example_branch_python_dop_operator_3.py
[2024-08-16T13:32:01.389+0000] {processor.py:925} INFO - DAG(s) 'example_branch_dop_operator_v3' retrieved from /home/airflow/.local/lib/python3.12/site-packages/airflow/example_dags/example_branch_python_dop_operator_3.py
[2024-08-16T13:32:01.417+0000] {logging_mixin.py:190} INFO - [2024-08-16T13:32:01.417+0000] {dag.py:3211} INFO - Sync 1 DAGs
[2024-08-16T13:32:01.447+0000] {logging_mixin.py:190} INFO - [2024-08-16T13:32:01.447+0000] {dag.py:4138} INFO - Setting next_dagrun for example_branch_dop_operator_v3 to 2024-08-16 13:31:00+00:00, run_after=2024-08-16 13:32:00+00:00
[2024-08-16T13:32:01.470+0000] {processor.py:208} INFO - Processing /home/airflow/.local/lib/python3.12/site-packages/airflow/example_dags/example_branch_python_dop_operator_3.py took 0.103 seconds
[2024-08-16T13:32:31.846+0000] {processor.py:186} INFO - Started process (PID=8134) to work on /home/airflow/.local/lib/python3.12/site-packages/airflow/example_dags/example_branch_python_dop_operator_3.py
[2024-08-16T13:32:31.847+0000] {processor.py:914} INFO - Processing file /home/airflow/.local/lib/python3.12/site-packages/airflow/example_dags/example_branch_python_dop_operator_3.py for tasks to queue
[2024-08-16T13:32:31.850+0000] {logging_mixin.py:190} INFO - [2024-08-16T13:32:31.849+0000] {dagbag.py:587} INFO - Filling up the DagBag from /home/airflow/.local/lib/python3.12/site-packages/airflow/example_dags/example_branch_python_dop_operator_3.py
[2024-08-16T13:32:31.862+0000] {processor.py:925} INFO - DAG(s) 'example_branch_dop_operator_v3' retrieved from /home/airflow/.local/lib/python3.12/site-packages/airflow/example_dags/example_branch_python_dop_operator_3.py
[2024-08-16T13:32:31.885+0000] {logging_mixin.py:190} INFO - [2024-08-16T13:32:31.885+0000] {dag.py:3211} INFO - Sync 1 DAGs
[2024-08-16T13:32:31.916+0000] {logging_mixin.py:190} INFO - [2024-08-16T13:32:31.916+0000] {dag.py:4138} INFO - Setting next_dagrun for example_branch_dop_operator_v3 to 2024-08-16 13:31:00+00:00, run_after=2024-08-16 13:32:00+00:00
[2024-08-16T13:32:31.937+0000] {processor.py:208} INFO - Processing /home/airflow/.local/lib/python3.12/site-packages/airflow/example_dags/example_branch_python_dop_operator_3.py took 0.099 seconds
[2024-08-16T13:33:02.383+0000] {processor.py:186} INFO - Started process (PID=8422) to work on /home/airflow/.local/lib/python3.12/site-packages/airflow/example_dags/example_branch_python_dop_operator_3.py
[2024-08-16T13:33:02.384+0000] {processor.py:914} INFO - Processing file /home/airflow/.local/lib/python3.12/site-packages/airflow/example_dags/example_branch_python_dop_operator_3.py for tasks to queue
[2024-08-16T13:33:02.386+0000] {logging_mixin.py:190} INFO - [2024-08-16T13:33:02.386+0000] {dagbag.py:587} INFO - Filling up the DagBag from /home/airflow/.local/lib/python3.12/site-packages/airflow/example_dags/example_branch_python_dop_operator_3.py
[2024-08-16T13:33:02.398+0000] {processor.py:925} INFO - DAG(s) 'example_branch_dop_operator_v3' retrieved from /home/airflow/.local/lib/python3.12/site-packages/airflow/example_dags/example_branch_python_dop_operator_3.py
[2024-08-16T13:33:02.419+0000] {logging_mixin.py:190} INFO - [2024-08-16T13:33:02.419+0000] {dag.py:3211} INFO - Sync 1 DAGs
[2024-08-16T13:33:02.450+0000] {logging_mixin.py:190} INFO - [2024-08-16T13:33:02.450+0000] {dag.py:4138} INFO - Setting next_dagrun for example_branch_dop_operator_v3 to 2024-08-16 13:32:00+00:00, run_after=2024-08-16 13:33:00+00:00
[2024-08-16T13:33:02.473+0000] {processor.py:208} INFO - Processing /home/airflow/.local/lib/python3.12/site-packages/airflow/example_dags/example_branch_python_dop_operator_3.py took 0.097 seconds
[2024-08-16T13:33:32.766+0000] {processor.py:186} INFO - Started process (PID=8708) to work on /home/airflow/.local/lib/python3.12/site-packages/airflow/example_dags/example_branch_python_dop_operator_3.py
[2024-08-16T13:33:32.767+0000] {processor.py:914} INFO - Processing file /home/airflow/.local/lib/python3.12/site-packages/airflow/example_dags/example_branch_python_dop_operator_3.py for tasks to queue
[2024-08-16T13:33:32.769+0000] {logging_mixin.py:190} INFO - [2024-08-16T13:33:32.769+0000] {dagbag.py:587} INFO - Filling up the DagBag from /home/airflow/.local/lib/python3.12/site-packages/airflow/example_dags/example_branch_python_dop_operator_3.py
[2024-08-16T13:33:32.781+0000] {processor.py:925} INFO - DAG(s) 'example_branch_dop_operator_v3' retrieved from /home/airflow/.local/lib/python3.12/site-packages/airflow/example_dags/example_branch_python_dop_operator_3.py
[2024-08-16T13:33:32.803+0000] {logging_mixin.py:190} INFO - [2024-08-16T13:33:32.803+0000] {dag.py:3211} INFO - Sync 1 DAGs
[2024-08-16T13:33:32.835+0000] {logging_mixin.py:190} INFO - [2024-08-16T13:33:32.835+0000] {dag.py:4138} INFO - Setting next_dagrun for example_branch_dop_operator_v3 to 2024-08-16 13:32:00+00:00, run_after=2024-08-16 13:33:00+00:00
[2024-08-16T13:33:32.854+0000] {processor.py:208} INFO - Processing /home/airflow/.local/lib/python3.12/site-packages/airflow/example_dags/example_branch_python_dop_operator_3.py took 0.095 seconds
[2024-08-16T13:34:02.990+0000] {processor.py:186} INFO - Started process (PID=8994) to work on /home/airflow/.local/lib/python3.12/site-packages/airflow/example_dags/example_branch_python_dop_operator_3.py
[2024-08-16T13:34:02.991+0000] {processor.py:914} INFO - Processing file /home/airflow/.local/lib/python3.12/site-packages/airflow/example_dags/example_branch_python_dop_operator_3.py for tasks to queue
[2024-08-16T13:34:02.994+0000] {logging_mixin.py:190} INFO - [2024-08-16T13:34:02.994+0000] {dagbag.py:587} INFO - Filling up the DagBag from /home/airflow/.local/lib/python3.12/site-packages/airflow/example_dags/example_branch_python_dop_operator_3.py
[2024-08-16T13:34:03.004+0000] {processor.py:925} INFO - DAG(s) 'example_branch_dop_operator_v3' retrieved from /home/airflow/.local/lib/python3.12/site-packages/airflow/example_dags/example_branch_python_dop_operator_3.py
[2024-08-16T13:34:03.026+0000] {logging_mixin.py:190} INFO - [2024-08-16T13:34:03.026+0000] {dag.py:3211} INFO - Sync 1 DAGs
[2024-08-16T13:34:03.056+0000] {logging_mixin.py:190} INFO - [2024-08-16T13:34:03.055+0000] {dag.py:4138} INFO - Setting next_dagrun for example_branch_dop_operator_v3 to 2024-08-16 13:33:00+00:00, run_after=2024-08-16 13:34:00+00:00
[2024-08-16T13:34:03.074+0000] {processor.py:208} INFO - Processing /home/airflow/.local/lib/python3.12/site-packages/airflow/example_dags/example_branch_python_dop_operator_3.py took 0.090 seconds
[2024-08-16T13:34:33.667+0000] {processor.py:186} INFO - Started process (PID=9279) to work on /home/airflow/.local/lib/python3.12/site-packages/airflow/example_dags/example_branch_python_dop_operator_3.py
[2024-08-16T13:34:33.668+0000] {processor.py:914} INFO - Processing file /home/airflow/.local/lib/python3.12/site-packages/airflow/example_dags/example_branch_python_dop_operator_3.py for tasks to queue
[2024-08-16T13:34:33.670+0000] {logging_mixin.py:190} INFO - [2024-08-16T13:34:33.670+0000] {dagbag.py:587} INFO - Filling up the DagBag from /home/airflow/.local/lib/python3.12/site-packages/airflow/example_dags/example_branch_python_dop_operator_3.py
[2024-08-16T13:34:33.681+0000] {processor.py:925} INFO - DAG(s) 'example_branch_dop_operator_v3' retrieved from /home/airflow/.local/lib/python3.12/site-packages/airflow/example_dags/example_branch_python_dop_operator_3.py
[2024-08-16T13:34:33.703+0000] {logging_mixin.py:190} INFO - [2024-08-16T13:34:33.703+0000] {dag.py:3211} INFO - Sync 1 DAGs
[2024-08-16T13:34:33.734+0000] {logging_mixin.py:190} INFO - [2024-08-16T13:34:33.733+0000] {dag.py:4138} INFO - Setting next_dagrun for example_branch_dop_operator_v3 to 2024-08-16 13:33:00+00:00, run_after=2024-08-16 13:34:00+00:00
[2024-08-16T13:34:33.751+0000] {processor.py:208} INFO - Processing /home/airflow/.local/lib/python3.12/site-packages/airflow/example_dags/example_branch_python_dop_operator_3.py took 0.092 seconds
[2024-08-16T13:35:04.088+0000] {processor.py:186} INFO - Started process (PID=9566) to work on /home/airflow/.local/lib/python3.12/site-packages/airflow/example_dags/example_branch_python_dop_operator_3.py
[2024-08-16T13:35:04.089+0000] {processor.py:914} INFO - Processing file /home/airflow/.local/lib/python3.12/site-packages/airflow/example_dags/example_branch_python_dop_operator_3.py for tasks to queue
[2024-08-16T13:35:04.091+0000] {logging_mixin.py:190} INFO - [2024-08-16T13:35:04.091+0000] {dagbag.py:587} INFO - Filling up the DagBag from /home/airflow/.local/lib/python3.12/site-packages/airflow/example_dags/example_branch_python_dop_operator_3.py
[2024-08-16T13:35:04.102+0000] {processor.py:925} INFO - DAG(s) 'example_branch_dop_operator_v3' retrieved from /home/airflow/.local/lib/python3.12/site-packages/airflow/example_dags/example_branch_python_dop_operator_3.py
[2024-08-16T13:35:04.124+0000] {logging_mixin.py:190} INFO - [2024-08-16T13:35:04.123+0000] {dag.py:3211} INFO - Sync 1 DAGs
[2024-08-16T13:35:04.152+0000] {logging_mixin.py:190} INFO - [2024-08-16T13:35:04.152+0000] {dag.py:4138} INFO - Setting next_dagrun for example_branch_dop_operator_v3 to 2024-08-16 13:34:00+00:00, run_after=2024-08-16 13:35:00+00:00
[2024-08-16T13:35:04.172+0000] {processor.py:208} INFO - Processing /home/airflow/.local/lib/python3.12/site-packages/airflow/example_dags/example_branch_python_dop_operator_3.py took 0.091 seconds
[2024-08-16T13:35:34.513+0000] {processor.py:186} INFO - Started process (PID=9852) to work on /home/airflow/.local/lib/python3.12/site-packages/airflow/example_dags/example_branch_python_dop_operator_3.py
[2024-08-16T13:35:34.514+0000] {processor.py:914} INFO - Processing file /home/airflow/.local/lib/python3.12/site-packages/airflow/example_dags/example_branch_python_dop_operator_3.py for tasks to queue
[2024-08-16T13:35:34.516+0000] {logging_mixin.py:190} INFO - [2024-08-16T13:35:34.516+0000] {dagbag.py:587} INFO - Filling up the DagBag from /home/airflow/.local/lib/python3.12/site-packages/airflow/example_dags/example_branch_python_dop_operator_3.py
[2024-08-16T13:35:34.526+0000] {processor.py:925} INFO - DAG(s) 'example_branch_dop_operator_v3' retrieved from /home/airflow/.local/lib/python3.12/site-packages/airflow/example_dags/example_branch_python_dop_operator_3.py
[2024-08-16T13:35:34.548+0000] {logging_mixin.py:190} INFO - [2024-08-16T13:35:34.548+0000] {dag.py:3211} INFO - Sync 1 DAGs
[2024-08-16T13:35:34.575+0000] {logging_mixin.py:190} INFO - [2024-08-16T13:35:34.575+0000] {dag.py:4138} INFO - Setting next_dagrun for example_branch_dop_operator_v3 to 2024-08-16 13:34:00+00:00, run_after=2024-08-16 13:35:00+00:00
[2024-08-16T13:35:34.593+0000] {processor.py:208} INFO - Processing /home/airflow/.local/lib/python3.12/site-packages/airflow/example_dags/example_branch_python_dop_operator_3.py took 0.087 seconds
[2024-08-16T13:36:04.857+0000] {processor.py:186} INFO - Started process (PID=10136) to work on /home/airflow/.local/lib/python3.12/site-packages/airflow/example_dags/example_branch_python_dop_operator_3.py
[2024-08-16T13:36:04.859+0000] {processor.py:914} INFO - Processing file /home/airflow/.local/lib/python3.12/site-packages/airflow/example_dags/example_branch_python_dop_operator_3.py for tasks to queue
[2024-08-16T13:36:04.861+0000] {logging_mixin.py:190} INFO - [2024-08-16T13:36:04.861+0000] {dagbag.py:587} INFO - Filling up the DagBag from /home/airflow/.local/lib/python3.12/site-packages/airflow/example_dags/example_branch_python_dop_operator_3.py
[2024-08-16T13:36:04.874+0000] {processor.py:925} INFO - DAG(s) 'example_branch_dop_operator_v3' retrieved from /home/airflow/.local/lib/python3.12/site-packages/airflow/example_dags/example_branch_python_dop_operator_3.py
[2024-08-16T13:36:04.898+0000] {logging_mixin.py:190} INFO - [2024-08-16T13:36:04.898+0000] {dag.py:3211} INFO - Sync 1 DAGs
[2024-08-16T13:36:04.931+0000] {logging_mixin.py:190} INFO - [2024-08-16T13:36:04.930+0000] {dag.py:4138} INFO - Setting next_dagrun for example_branch_dop_operator_v3 to 2024-08-16 13:35:00+00:00, run_after=2024-08-16 13:36:00+00:00
[2024-08-16T13:36:04.954+0000] {processor.py:208} INFO - Processing /home/airflow/.local/lib/python3.12/site-packages/airflow/example_dags/example_branch_python_dop_operator_3.py took 0.105 seconds
[2024-08-16T13:36:35.466+0000] {processor.py:186} INFO - Started process (PID=10422) to work on /home/airflow/.local/lib/python3.12/site-packages/airflow/example_dags/example_branch_python_dop_operator_3.py
[2024-08-16T13:36:35.467+0000] {processor.py:914} INFO - Processing file /home/airflow/.local/lib/python3.12/site-packages/airflow/example_dags/example_branch_python_dop_operator_3.py for tasks to queue
[2024-08-16T13:36:35.470+0000] {logging_mixin.py:190} INFO - [2024-08-16T13:36:35.469+0000] {dagbag.py:587} INFO - Filling up the DagBag from /home/airflow/.local/lib/python3.12/site-packages/airflow/example_dags/example_branch_python_dop_operator_3.py
[2024-08-16T13:36:35.480+0000] {processor.py:925} INFO - DAG(s) 'example_branch_dop_operator_v3' retrieved from /home/airflow/.local/lib/python3.12/site-packages/airflow/example_dags/example_branch_python_dop_operator_3.py
[2024-08-16T13:36:35.501+0000] {logging_mixin.py:190} INFO - [2024-08-16T13:36:35.500+0000] {dag.py:3211} INFO - Sync 1 DAGs
[2024-08-16T13:36:35.531+0000] {logging_mixin.py:190} INFO - [2024-08-16T13:36:35.531+0000] {dag.py:4138} INFO - Setting next_dagrun for example_branch_dop_operator_v3 to 2024-08-16 13:35:00+00:00, run_after=2024-08-16 13:36:00+00:00
[2024-08-16T13:36:35.552+0000] {processor.py:208} INFO - Processing /home/airflow/.local/lib/python3.12/site-packages/airflow/example_dags/example_branch_python_dop_operator_3.py took 0.093 seconds
[2024-08-16T13:37:05.827+0000] {processor.py:186} INFO - Started process (PID=10708) to work on /home/airflow/.local/lib/python3.12/site-packages/airflow/example_dags/example_branch_python_dop_operator_3.py
[2024-08-16T13:37:05.828+0000] {processor.py:914} INFO - Processing file /home/airflow/.local/lib/python3.12/site-packages/airflow/example_dags/example_branch_python_dop_operator_3.py for tasks to queue
[2024-08-16T13:37:05.830+0000] {logging_mixin.py:190} INFO - [2024-08-16T13:37:05.830+0000] {dagbag.py:587} INFO - Filling up the DagBag from /home/airflow/.local/lib/python3.12/site-packages/airflow/example_dags/example_branch_python_dop_operator_3.py
[2024-08-16T13:37:05.842+0000] {processor.py:925} INFO - DAG(s) 'example_branch_dop_operator_v3' retrieved from /home/airflow/.local/lib/python3.12/site-packages/airflow/example_dags/example_branch_python_dop_operator_3.py
[2024-08-16T13:37:05.863+0000] {logging_mixin.py:190} INFO - [2024-08-16T13:37:05.863+0000] {dag.py:3211} INFO - Sync 1 DAGs
[2024-08-16T13:37:05.893+0000] {logging_mixin.py:190} INFO - [2024-08-16T13:37:05.892+0000] {dag.py:4138} INFO - Setting next_dagrun for example_branch_dop_operator_v3 to 2024-08-16 13:36:00+00:00, run_after=2024-08-16 13:37:00+00:00
[2024-08-16T13:37:05.914+0000] {processor.py:208} INFO - Processing /home/airflow/.local/lib/python3.12/site-packages/airflow/example_dags/example_branch_python_dop_operator_3.py took 0.094 seconds
[2024-08-16T13:37:36.309+0000] {processor.py:186} INFO - Started process (PID=10997) to work on /home/airflow/.local/lib/python3.12/site-packages/airflow/example_dags/example_branch_python_dop_operator_3.py
[2024-08-16T13:37:36.310+0000] {processor.py:914} INFO - Processing file /home/airflow/.local/lib/python3.12/site-packages/airflow/example_dags/example_branch_python_dop_operator_3.py for tasks to queue
[2024-08-16T13:37:36.312+0000] {logging_mixin.py:190} INFO - [2024-08-16T13:37:36.312+0000] {dagbag.py:587} INFO - Filling up the DagBag from /home/airflow/.local/lib/python3.12/site-packages/airflow/example_dags/example_branch_python_dop_operator_3.py
[2024-08-16T13:37:36.323+0000] {processor.py:925} INFO - DAG(s) 'example_branch_dop_operator_v3' retrieved from /home/airflow/.local/lib/python3.12/site-packages/airflow/example_dags/example_branch_python_dop_operator_3.py
[2024-08-16T13:37:36.345+0000] {logging_mixin.py:190} INFO - [2024-08-16T13:37:36.345+0000] {dag.py:3211} INFO - Sync 1 DAGs
[2024-08-16T13:37:36.373+0000] {logging_mixin.py:190} INFO - [2024-08-16T13:37:36.373+0000] {dag.py:4138} INFO - Setting next_dagrun for example_branch_dop_operator_v3 to 2024-08-16 13:36:00+00:00, run_after=2024-08-16 13:37:00+00:00
[2024-08-16T13:37:36.392+0000] {processor.py:208} INFO - Processing /home/airflow/.local/lib/python3.12/site-packages/airflow/example_dags/example_branch_python_dop_operator_3.py took 0.090 seconds
[2024-08-16T13:38:06.508+0000] {processor.py:186} INFO - Started process (PID=11281) to work on /home/airflow/.local/lib/python3.12/site-packages/airflow/example_dags/example_branch_python_dop_operator_3.py
[2024-08-16T13:38:06.510+0000] {processor.py:914} INFO - Processing file /home/airflow/.local/lib/python3.12/site-packages/airflow/example_dags/example_branch_python_dop_operator_3.py for tasks to queue
[2024-08-16T13:38:06.514+0000] {logging_mixin.py:190} INFO - [2024-08-16T13:38:06.513+0000] {dagbag.py:587} INFO - Filling up the DagBag from /home/airflow/.local/lib/python3.12/site-packages/airflow/example_dags/example_branch_python_dop_operator_3.py
[2024-08-16T13:38:06.532+0000] {processor.py:925} INFO - DAG(s) 'example_branch_dop_operator_v3' retrieved from /home/airflow/.local/lib/python3.12/site-packages/airflow/example_dags/example_branch_python_dop_operator_3.py
[2024-08-16T13:38:06.571+0000] {logging_mixin.py:190} INFO - [2024-08-16T13:38:06.571+0000] {dag.py:3211} INFO - Sync 1 DAGs
[2024-08-16T13:38:06.634+0000] {logging_mixin.py:190} INFO - [2024-08-16T13:38:06.633+0000] {dag.py:4138} INFO - Setting next_dagrun for example_branch_dop_operator_v3 to 2024-08-16 13:37:00+00:00, run_after=2024-08-16 13:38:00+00:00
[2024-08-16T13:38:06.660+0000] {processor.py:208} INFO - Processing /home/airflow/.local/lib/python3.12/site-packages/airflow/example_dags/example_branch_python_dop_operator_3.py took 0.165 seconds
[2024-08-16T13:38:37.032+0000] {processor.py:186} INFO - Started process (PID=11567) to work on /home/airflow/.local/lib/python3.12/site-packages/airflow/example_dags/example_branch_python_dop_operator_3.py
[2024-08-16T13:38:37.033+0000] {processor.py:914} INFO - Processing file /home/airflow/.local/lib/python3.12/site-packages/airflow/example_dags/example_branch_python_dop_operator_3.py for tasks to queue
[2024-08-16T13:38:37.036+0000] {logging_mixin.py:190} INFO - [2024-08-16T13:38:37.035+0000] {dagbag.py:587} INFO - Filling up the DagBag from /home/airflow/.local/lib/python3.12/site-packages/airflow/example_dags/example_branch_python_dop_operator_3.py
[2024-08-16T13:38:37.047+0000] {processor.py:925} INFO - DAG(s) 'example_branch_dop_operator_v3' retrieved from /home/airflow/.local/lib/python3.12/site-packages/airflow/example_dags/example_branch_python_dop_operator_3.py
[2024-08-16T13:38:37.068+0000] {logging_mixin.py:190} INFO - [2024-08-16T13:38:37.067+0000] {dag.py:3211} INFO - Sync 1 DAGs
[2024-08-16T13:38:37.096+0000] {logging_mixin.py:190} INFO - [2024-08-16T13:38:37.096+0000] {dag.py:4138} INFO - Setting next_dagrun for example_branch_dop_operator_v3 to 2024-08-16 13:37:00+00:00, run_after=2024-08-16 13:38:00+00:00
[2024-08-16T13:38:37.116+0000] {processor.py:208} INFO - Processing /home/airflow/.local/lib/python3.12/site-packages/airflow/example_dags/example_branch_python_dop_operator_3.py took 0.091 seconds
[2024-08-16T13:39:07.377+0000] {processor.py:186} INFO - Started process (PID=11853) to work on /home/airflow/.local/lib/python3.12/site-packages/airflow/example_dags/example_branch_python_dop_operator_3.py
[2024-08-16T13:39:07.379+0000] {processor.py:914} INFO - Processing file /home/airflow/.local/lib/python3.12/site-packages/airflow/example_dags/example_branch_python_dop_operator_3.py for tasks to queue
[2024-08-16T13:39:07.381+0000] {logging_mixin.py:190} INFO - [2024-08-16T13:39:07.381+0000] {dagbag.py:587} INFO - Filling up the DagBag from /home/airflow/.local/lib/python3.12/site-packages/airflow/example_dags/example_branch_python_dop_operator_3.py
[2024-08-16T13:39:07.394+0000] {processor.py:925} INFO - DAG(s) 'example_branch_dop_operator_v3' retrieved from /home/airflow/.local/lib/python3.12/site-packages/airflow/example_dags/example_branch_python_dop_operator_3.py
[2024-08-16T13:39:07.418+0000] {logging_mixin.py:190} INFO - [2024-08-16T13:39:07.418+0000] {dag.py:3211} INFO - Sync 1 DAGs
[2024-08-16T13:39:07.450+0000] {logging_mixin.py:190} INFO - [2024-08-16T13:39:07.450+0000] {dag.py:4138} INFO - Setting next_dagrun for example_branch_dop_operator_v3 to 2024-08-16 13:38:00+00:00, run_after=2024-08-16 13:39:00+00:00
[2024-08-16T13:39:07.471+0000] {processor.py:208} INFO - Processing /home/airflow/.local/lib/python3.12/site-packages/airflow/example_dags/example_branch_python_dop_operator_3.py took 0.102 seconds
[2024-08-16T13:39:37.584+0000] {processor.py:186} INFO - Started process (PID=12139) to work on /home/airflow/.local/lib/python3.12/site-packages/airflow/example_dags/example_branch_python_dop_operator_3.py
[2024-08-16T13:39:37.585+0000] {processor.py:914} INFO - Processing file /home/airflow/.local/lib/python3.12/site-packages/airflow/example_dags/example_branch_python_dop_operator_3.py for tasks to queue
[2024-08-16T13:39:37.588+0000] {logging_mixin.py:190} INFO - [2024-08-16T13:39:37.588+0000] {dagbag.py:587} INFO - Filling up the DagBag from /home/airflow/.local/lib/python3.12/site-packages/airflow/example_dags/example_branch_python_dop_operator_3.py
[2024-08-16T13:39:37.601+0000] {processor.py:925} INFO - DAG(s) 'example_branch_dop_operator_v3' retrieved from /home/airflow/.local/lib/python3.12/site-packages/airflow/example_dags/example_branch_python_dop_operator_3.py
[2024-08-16T13:39:37.622+0000] {logging_mixin.py:190} INFO - [2024-08-16T13:39:37.621+0000] {dag.py:3211} INFO - Sync 1 DAGs
[2024-08-16T13:39:37.659+0000] {logging_mixin.py:190} INFO - [2024-08-16T13:39:37.659+0000] {dag.py:4138} INFO - Setting next_dagrun for example_branch_dop_operator_v3 to 2024-08-16 13:38:00+00:00, run_after=2024-08-16 13:39:00+00:00
[2024-08-16T13:39:37.681+0000] {processor.py:208} INFO - Processing /home/airflow/.local/lib/python3.12/site-packages/airflow/example_dags/example_branch_python_dop_operator_3.py took 0.104 seconds
[2024-08-16T13:40:08.765+0000] {processor.py:186} INFO - Started process (PID=12427) to work on /home/airflow/.local/lib/python3.12/site-packages/airflow/example_dags/example_branch_python_dop_operator_3.py
[2024-08-16T13:40:08.766+0000] {processor.py:914} INFO - Processing file /home/airflow/.local/lib/python3.12/site-packages/airflow/example_dags/example_branch_python_dop_operator_3.py for tasks to queue
[2024-08-16T13:40:08.770+0000] {logging_mixin.py:190} INFO - [2024-08-16T13:40:08.769+0000] {dagbag.py:587} INFO - Filling up the DagBag from /home/airflow/.local/lib/python3.12/site-packages/airflow/example_dags/example_branch_python_dop_operator_3.py
[2024-08-16T13:40:08.784+0000] {processor.py:925} INFO - DAG(s) 'example_branch_dop_operator_v3' retrieved from /home/airflow/.local/lib/python3.12/site-packages/airflow/example_dags/example_branch_python_dop_operator_3.py
[2024-08-16T13:40:08.809+0000] {logging_mixin.py:190} INFO - [2024-08-16T13:40:08.808+0000] {dag.py:3211} INFO - Sync 1 DAGs
[2024-08-16T13:40:08.842+0000] {logging_mixin.py:190} INFO - [2024-08-16T13:40:08.842+0000] {dag.py:4138} INFO - Setting next_dagrun for example_branch_dop_operator_v3 to 2024-08-16 13:39:00+00:00, run_after=2024-08-16 13:40:00+00:00
[2024-08-16T13:40:08.870+0000] {processor.py:208} INFO - Processing /home/airflow/.local/lib/python3.12/site-packages/airflow/example_dags/example_branch_python_dop_operator_3.py took 0.112 seconds
[2024-08-16T13:40:39.407+0000] {processor.py:186} INFO - Started process (PID=12711) to work on /home/airflow/.local/lib/python3.12/site-packages/airflow/example_dags/example_branch_python_dop_operator_3.py
[2024-08-16T13:40:39.409+0000] {processor.py:914} INFO - Processing file /home/airflow/.local/lib/python3.12/site-packages/airflow/example_dags/example_branch_python_dop_operator_3.py for tasks to queue
[2024-08-16T13:40:39.411+0000] {logging_mixin.py:190} INFO - [2024-08-16T13:40:39.411+0000] {dagbag.py:587} INFO - Filling up the DagBag from /home/airflow/.local/lib/python3.12/site-packages/airflow/example_dags/example_branch_python_dop_operator_3.py
[2024-08-16T13:40:39.423+0000] {processor.py:925} INFO - DAG(s) 'example_branch_dop_operator_v3' retrieved from /home/airflow/.local/lib/python3.12/site-packages/airflow/example_dags/example_branch_python_dop_operator_3.py
[2024-08-16T13:40:39.452+0000] {logging_mixin.py:190} INFO - [2024-08-16T13:40:39.451+0000] {dag.py:3211} INFO - Sync 1 DAGs
[2024-08-16T13:40:39.484+0000] {logging_mixin.py:190} INFO - [2024-08-16T13:40:39.483+0000] {dag.py:4138} INFO - Setting next_dagrun for example_branch_dop_operator_v3 to 2024-08-16 13:39:00+00:00, run_after=2024-08-16 13:40:00+00:00
[2024-08-16T13:40:39.503+0000] {processor.py:208} INFO - Processing /home/airflow/.local/lib/python3.12/site-packages/airflow/example_dags/example_branch_python_dop_operator_3.py took 0.111 seconds
[2024-08-16T13:41:09.742+0000] {processor.py:186} INFO - Started process (PID=12997) to work on /home/airflow/.local/lib/python3.12/site-packages/airflow/example_dags/example_branch_python_dop_operator_3.py
[2024-08-16T13:41:09.743+0000] {processor.py:914} INFO - Processing file /home/airflow/.local/lib/python3.12/site-packages/airflow/example_dags/example_branch_python_dop_operator_3.py for tasks to queue
[2024-08-16T13:41:09.745+0000] {logging_mixin.py:190} INFO - [2024-08-16T13:41:09.745+0000] {dagbag.py:587} INFO - Filling up the DagBag from /home/airflow/.local/lib/python3.12/site-packages/airflow/example_dags/example_branch_python_dop_operator_3.py
[2024-08-16T13:41:09.757+0000] {processor.py:925} INFO - DAG(s) 'example_branch_dop_operator_v3' retrieved from /home/airflow/.local/lib/python3.12/site-packages/airflow/example_dags/example_branch_python_dop_operator_3.py
[2024-08-16T13:41:09.779+0000] {logging_mixin.py:190} INFO - [2024-08-16T13:41:09.778+0000] {dag.py:3211} INFO - Sync 1 DAGs
[2024-08-16T13:41:09.807+0000] {logging_mixin.py:190} INFO - [2024-08-16T13:41:09.807+0000] {dag.py:4138} INFO - Setting next_dagrun for example_branch_dop_operator_v3 to 2024-08-16 13:40:00+00:00, run_after=2024-08-16 13:41:00+00:00
[2024-08-16T13:41:09.828+0000] {processor.py:208} INFO - Processing /home/airflow/.local/lib/python3.12/site-packages/airflow/example_dags/example_branch_python_dop_operator_3.py took 0.094 seconds
[2024-08-16T13:41:40.063+0000] {processor.py:186} INFO - Started process (PID=13283) to work on /home/airflow/.local/lib/python3.12/site-packages/airflow/example_dags/example_branch_python_dop_operator_3.py
[2024-08-16T13:41:40.065+0000] {processor.py:914} INFO - Processing file /home/airflow/.local/lib/python3.12/site-packages/airflow/example_dags/example_branch_python_dop_operator_3.py for tasks to queue
[2024-08-16T13:41:40.069+0000] {logging_mixin.py:190} INFO - [2024-08-16T13:41:40.068+0000] {dagbag.py:587} INFO - Filling up the DagBag from /home/airflow/.local/lib/python3.12/site-packages/airflow/example_dags/example_branch_python_dop_operator_3.py
[2024-08-16T13:41:40.081+0000] {processor.py:925} INFO - DAG(s) 'example_branch_dop_operator_v3' retrieved from /home/airflow/.local/lib/python3.12/site-packages/airflow/example_dags/example_branch_python_dop_operator_3.py
[2024-08-16T13:41:40.112+0000] {logging_mixin.py:190} INFO - [2024-08-16T13:41:40.111+0000] {dag.py:3211} INFO - Sync 1 DAGs
[2024-08-16T13:41:40.159+0000] {logging_mixin.py:190} INFO - [2024-08-16T13:41:40.158+0000] {dag.py:4138} INFO - Setting next_dagrun for example_branch_dop_operator_v3 to 2024-08-16 13:40:00+00:00, run_after=2024-08-16 13:41:00+00:00
[2024-08-16T13:41:40.187+0000] {processor.py:208} INFO - Processing /home/airflow/.local/lib/python3.12/site-packages/airflow/example_dags/example_branch_python_dop_operator_3.py took 0.134 seconds
[2024-08-16T13:42:10.566+0000] {processor.py:186} INFO - Started process (PID=13569) to work on /home/airflow/.local/lib/python3.12/site-packages/airflow/example_dags/example_branch_python_dop_operator_3.py
[2024-08-16T13:42:10.567+0000] {processor.py:914} INFO - Processing file /home/airflow/.local/lib/python3.12/site-packages/airflow/example_dags/example_branch_python_dop_operator_3.py for tasks to queue
[2024-08-16T13:42:10.570+0000] {logging_mixin.py:190} INFO - [2024-08-16T13:42:10.569+0000] {dagbag.py:587} INFO - Filling up the DagBag from /home/airflow/.local/lib/python3.12/site-packages/airflow/example_dags/example_branch_python_dop_operator_3.py
[2024-08-16T13:42:10.582+0000] {processor.py:925} INFO - DAG(s) 'example_branch_dop_operator_v3' retrieved from /home/airflow/.local/lib/python3.12/site-packages/airflow/example_dags/example_branch_python_dop_operator_3.py
[2024-08-16T13:42:10.603+0000] {logging_mixin.py:190} INFO - [2024-08-16T13:42:10.603+0000] {dag.py:3211} INFO - Sync 1 DAGs
[2024-08-16T13:42:10.635+0000] {logging_mixin.py:190} INFO - [2024-08-16T13:42:10.635+0000] {dag.py:4138} INFO - Setting next_dagrun for example_branch_dop_operator_v3 to 2024-08-16 13:41:00+00:00, run_after=2024-08-16 13:42:00+00:00
[2024-08-16T13:42:10.654+0000] {processor.py:208} INFO - Processing /home/airflow/.local/lib/python3.12/site-packages/airflow/example_dags/example_branch_python_dop_operator_3.py took 0.095 seconds
[2024-08-16T13:42:41.661+0000] {processor.py:186} INFO - Started process (PID=13855) to work on /home/airflow/.local/lib/python3.12/site-packages/airflow/example_dags/example_branch_python_dop_operator_3.py
[2024-08-16T13:42:41.663+0000] {processor.py:914} INFO - Processing file /home/airflow/.local/lib/python3.12/site-packages/airflow/example_dags/example_branch_python_dop_operator_3.py for tasks to queue
[2024-08-16T13:42:41.665+0000] {logging_mixin.py:190} INFO - [2024-08-16T13:42:41.665+0000] {dagbag.py:587} INFO - Filling up the DagBag from /home/airflow/.local/lib/python3.12/site-packages/airflow/example_dags/example_branch_python_dop_operator_3.py
[2024-08-16T13:42:41.678+0000] {processor.py:925} INFO - DAG(s) 'example_branch_dop_operator_v3' retrieved from /home/airflow/.local/lib/python3.12/site-packages/airflow/example_dags/example_branch_python_dop_operator_3.py
[2024-08-16T13:42:41.699+0000] {logging_mixin.py:190} INFO - [2024-08-16T13:42:41.699+0000] {dag.py:3211} INFO - Sync 1 DAGs
[2024-08-16T13:42:41.726+0000] {logging_mixin.py:190} INFO - [2024-08-16T13:42:41.726+0000] {dag.py:4138} INFO - Setting next_dagrun for example_branch_dop_operator_v3 to 2024-08-16 13:41:00+00:00, run_after=2024-08-16 13:42:00+00:00
[2024-08-16T13:42:41.748+0000] {processor.py:208} INFO - Processing /home/airflow/.local/lib/python3.12/site-packages/airflow/example_dags/example_branch_python_dop_operator_3.py took 0.094 seconds
[2024-08-16T13:43:12.254+0000] {processor.py:186} INFO - Started process (PID=14141) to work on /home/airflow/.local/lib/python3.12/site-packages/airflow/example_dags/example_branch_python_dop_operator_3.py
[2024-08-16T13:43:12.255+0000] {processor.py:914} INFO - Processing file /home/airflow/.local/lib/python3.12/site-packages/airflow/example_dags/example_branch_python_dop_operator_3.py for tasks to queue
[2024-08-16T13:43:12.257+0000] {logging_mixin.py:190} INFO - [2024-08-16T13:43:12.257+0000] {dagbag.py:587} INFO - Filling up the DagBag from /home/airflow/.local/lib/python3.12/site-packages/airflow/example_dags/example_branch_python_dop_operator_3.py
[2024-08-16T13:43:12.268+0000] {processor.py:925} INFO - DAG(s) 'example_branch_dop_operator_v3' retrieved from /home/airflow/.local/lib/python3.12/site-packages/airflow/example_dags/example_branch_python_dop_operator_3.py
[2024-08-16T13:43:12.290+0000] {logging_mixin.py:190} INFO - [2024-08-16T13:43:12.290+0000] {dag.py:3211} INFO - Sync 1 DAGs
[2024-08-16T13:43:12.321+0000] {logging_mixin.py:190} INFO - [2024-08-16T13:43:12.321+0000] {dag.py:4138} INFO - Setting next_dagrun for example_branch_dop_operator_v3 to 2024-08-16 13:42:00+00:00, run_after=2024-08-16 13:43:00+00:00
[2024-08-16T13:43:12.346+0000] {processor.py:208} INFO - Processing /home/airflow/.local/lib/python3.12/site-packages/airflow/example_dags/example_branch_python_dop_operator_3.py took 0.099 seconds
[2024-08-16T13:43:42.595+0000] {processor.py:186} INFO - Started process (PID=14422) to work on /home/airflow/.local/lib/python3.12/site-packages/airflow/example_dags/example_branch_python_dop_operator_3.py
[2024-08-16T13:43:42.596+0000] {processor.py:914} INFO - Processing file /home/airflow/.local/lib/python3.12/site-packages/airflow/example_dags/example_branch_python_dop_operator_3.py for tasks to queue
[2024-08-16T13:43:42.599+0000] {logging_mixin.py:190} INFO - [2024-08-16T13:43:42.598+0000] {dagbag.py:587} INFO - Filling up the DagBag from /home/airflow/.local/lib/python3.12/site-packages/airflow/example_dags/example_branch_python_dop_operator_3.py
[2024-08-16T13:43:42.610+0000] {processor.py:925} INFO - DAG(s) 'example_branch_dop_operator_v3' retrieved from /home/airflow/.local/lib/python3.12/site-packages/airflow/example_dags/example_branch_python_dop_operator_3.py
[2024-08-16T13:43:42.632+0000] {logging_mixin.py:190} INFO - [2024-08-16T13:43:42.632+0000] {dag.py:3211} INFO - Sync 1 DAGs
[2024-08-16T13:43:42.665+0000] {logging_mixin.py:190} INFO - [2024-08-16T13:43:42.664+0000] {dag.py:4138} INFO - Setting next_dagrun for example_branch_dop_operator_v3 to 2024-08-16 13:42:00+00:00, run_after=2024-08-16 13:43:00+00:00
[2024-08-16T13:43:42.688+0000] {processor.py:208} INFO - Processing /home/airflow/.local/lib/python3.12/site-packages/airflow/example_dags/example_branch_python_dop_operator_3.py took 0.099 seconds
[2024-08-16T13:44:13.383+0000] {processor.py:186} INFO - Started process (PID=14713) to work on /home/airflow/.local/lib/python3.12/site-packages/airflow/example_dags/example_branch_python_dop_operator_3.py
[2024-08-16T13:44:13.384+0000] {processor.py:914} INFO - Processing file /home/airflow/.local/lib/python3.12/site-packages/airflow/example_dags/example_branch_python_dop_operator_3.py for tasks to queue
[2024-08-16T13:44:13.387+0000] {logging_mixin.py:190} INFO - [2024-08-16T13:44:13.386+0000] {dagbag.py:587} INFO - Filling up the DagBag from /home/airflow/.local/lib/python3.12/site-packages/airflow/example_dags/example_branch_python_dop_operator_3.py
[2024-08-16T13:44:13.398+0000] {processor.py:925} INFO - DAG(s) 'example_branch_dop_operator_v3' retrieved from /home/airflow/.local/lib/python3.12/site-packages/airflow/example_dags/example_branch_python_dop_operator_3.py
[2024-08-16T13:44:13.419+0000] {logging_mixin.py:190} INFO - [2024-08-16T13:44:13.419+0000] {dag.py:3211} INFO - Sync 1 DAGs
[2024-08-16T13:44:13.449+0000] {logging_mixin.py:190} INFO - [2024-08-16T13:44:13.448+0000] {dag.py:4138} INFO - Setting next_dagrun for example_branch_dop_operator_v3 to 2024-08-16 13:43:00+00:00, run_after=2024-08-16 13:44:00+00:00
[2024-08-16T13:44:13.470+0000] {processor.py:208} INFO - Processing /home/airflow/.local/lib/python3.12/site-packages/airflow/example_dags/example_branch_python_dop_operator_3.py took 0.093 seconds
[2024-08-16T13:44:43.809+0000] {processor.py:186} INFO - Started process (PID=14999) to work on /home/airflow/.local/lib/python3.12/site-packages/airflow/example_dags/example_branch_python_dop_operator_3.py
[2024-08-16T13:44:43.810+0000] {processor.py:914} INFO - Processing file /home/airflow/.local/lib/python3.12/site-packages/airflow/example_dags/example_branch_python_dop_operator_3.py for tasks to queue
[2024-08-16T13:44:43.812+0000] {logging_mixin.py:190} INFO - [2024-08-16T13:44:43.812+0000] {dagbag.py:587} INFO - Filling up the DagBag from /home/airflow/.local/lib/python3.12/site-packages/airflow/example_dags/example_branch_python_dop_operator_3.py
[2024-08-16T13:44:43.823+0000] {processor.py:925} INFO - DAG(s) 'example_branch_dop_operator_v3' retrieved from /home/airflow/.local/lib/python3.12/site-packages/airflow/example_dags/example_branch_python_dop_operator_3.py
[2024-08-16T13:44:43.848+0000] {logging_mixin.py:190} INFO - [2024-08-16T13:44:43.847+0000] {dag.py:3211} INFO - Sync 1 DAGs
[2024-08-16T13:44:43.881+0000] {logging_mixin.py:190} INFO - [2024-08-16T13:44:43.881+0000] {dag.py:4138} INFO - Setting next_dagrun for example_branch_dop_operator_v3 to 2024-08-16 13:43:00+00:00, run_after=2024-08-16 13:44:00+00:00
[2024-08-16T13:44:43.903+0000] {processor.py:208} INFO - Processing /home/airflow/.local/lib/python3.12/site-packages/airflow/example_dags/example_branch_python_dop_operator_3.py took 0.101 seconds
[2024-08-16T13:45:14.205+0000] {processor.py:186} INFO - Started process (PID=15280) to work on /home/airflow/.local/lib/python3.12/site-packages/airflow/example_dags/example_branch_python_dop_operator_3.py
[2024-08-16T13:45:14.206+0000] {processor.py:914} INFO - Processing file /home/airflow/.local/lib/python3.12/site-packages/airflow/example_dags/example_branch_python_dop_operator_3.py for tasks to queue
[2024-08-16T13:45:14.209+0000] {logging_mixin.py:190} INFO - [2024-08-16T13:45:14.208+0000] {dagbag.py:587} INFO - Filling up the DagBag from /home/airflow/.local/lib/python3.12/site-packages/airflow/example_dags/example_branch_python_dop_operator_3.py
[2024-08-16T13:45:14.222+0000] {processor.py:925} INFO - DAG(s) 'example_branch_dop_operator_v3' retrieved from /home/airflow/.local/lib/python3.12/site-packages/airflow/example_dags/example_branch_python_dop_operator_3.py
[2024-08-16T13:45:14.247+0000] {logging_mixin.py:190} INFO - [2024-08-16T13:45:14.246+0000] {dag.py:3211} INFO - Sync 1 DAGs
[2024-08-16T13:45:14.280+0000] {logging_mixin.py:190} INFO - [2024-08-16T13:45:14.279+0000] {dag.py:4138} INFO - Setting next_dagrun for example_branch_dop_operator_v3 to 2024-08-16 13:44:00+00:00, run_after=2024-08-16 13:45:00+00:00
[2024-08-16T13:45:14.303+0000] {processor.py:208} INFO - Processing /home/airflow/.local/lib/python3.12/site-packages/airflow/example_dags/example_branch_python_dop_operator_3.py took 0.105 seconds
[2024-08-16T13:45:44.600+0000] {processor.py:186} INFO - Started process (PID=15566) to work on /home/airflow/.local/lib/python3.12/site-packages/airflow/example_dags/example_branch_python_dop_operator_3.py
[2024-08-16T13:45:44.601+0000] {processor.py:914} INFO - Processing file /home/airflow/.local/lib/python3.12/site-packages/airflow/example_dags/example_branch_python_dop_operator_3.py for tasks to queue
[2024-08-16T13:45:44.605+0000] {logging_mixin.py:190} INFO - [2024-08-16T13:45:44.604+0000] {dagbag.py:587} INFO - Filling up the DagBag from /home/airflow/.local/lib/python3.12/site-packages/airflow/example_dags/example_branch_python_dop_operator_3.py
[2024-08-16T13:45:44.620+0000] {processor.py:925} INFO - DAG(s) 'example_branch_dop_operator_v3' retrieved from /home/airflow/.local/lib/python3.12/site-packages/airflow/example_dags/example_branch_python_dop_operator_3.py
[2024-08-16T13:45:44.649+0000] {logging_mixin.py:190} INFO - [2024-08-16T13:45:44.649+0000] {dag.py:3211} INFO - Sync 1 DAGs
[2024-08-16T13:45:44.705+0000] {logging_mixin.py:190} INFO - [2024-08-16T13:45:44.704+0000] {dag.py:4138} INFO - Setting next_dagrun for example_branch_dop_operator_v3 to 2024-08-16 13:44:00+00:00, run_after=2024-08-16 13:45:00+00:00
[2024-08-16T13:45:44.748+0000] {processor.py:208} INFO - Processing /home/airflow/.local/lib/python3.12/site-packages/airflow/example_dags/example_branch_python_dop_operator_3.py took 0.157 seconds
[2024-08-16T13:46:17.107+0000] {processor.py:186} INFO - Started process (PID=15857) to work on /home/airflow/.local/lib/python3.12/site-packages/airflow/example_dags/example_branch_python_dop_operator_3.py
[2024-08-16T13:46:17.115+0000] {processor.py:914} INFO - Processing file /home/airflow/.local/lib/python3.12/site-packages/airflow/example_dags/example_branch_python_dop_operator_3.py for tasks to queue
[2024-08-16T13:46:17.120+0000] {logging_mixin.py:190} INFO - [2024-08-16T13:46:17.119+0000] {dagbag.py:587} INFO - Filling up the DagBag from /home/airflow/.local/lib/python3.12/site-packages/airflow/example_dags/example_branch_python_dop_operator_3.py
[2024-08-16T13:46:17.148+0000] {processor.py:925} INFO - DAG(s) 'example_branch_dop_operator_v3' retrieved from /home/airflow/.local/lib/python3.12/site-packages/airflow/example_dags/example_branch_python_dop_operator_3.py
[2024-08-16T13:46:17.193+0000] {logging_mixin.py:190} INFO - [2024-08-16T13:46:17.193+0000] {dag.py:3211} INFO - Sync 1 DAGs
[2024-08-16T13:46:17.242+0000] {logging_mixin.py:190} INFO - [2024-08-16T13:46:17.242+0000] {dag.py:4138} INFO - Setting next_dagrun for example_branch_dop_operator_v3 to 2024-08-16 13:45:00+00:00, run_after=2024-08-16 13:46:00+00:00
[2024-08-16T13:46:17.266+0000] {processor.py:208} INFO - Processing /home/airflow/.local/lib/python3.12/site-packages/airflow/example_dags/example_branch_python_dop_operator_3.py took 0.169 seconds
[2024-08-16T13:46:48.606+0000] {processor.py:186} INFO - Started process (PID=16149) to work on /home/airflow/.local/lib/python3.12/site-packages/airflow/example_dags/example_branch_python_dop_operator_3.py
[2024-08-16T13:46:48.607+0000] {processor.py:914} INFO - Processing file /home/airflow/.local/lib/python3.12/site-packages/airflow/example_dags/example_branch_python_dop_operator_3.py for tasks to queue
[2024-08-16T13:46:48.610+0000] {logging_mixin.py:190} INFO - [2024-08-16T13:46:48.610+0000] {dagbag.py:587} INFO - Filling up the DagBag from /home/airflow/.local/lib/python3.12/site-packages/airflow/example_dags/example_branch_python_dop_operator_3.py
[2024-08-16T13:46:48.624+0000] {processor.py:925} INFO - DAG(s) 'example_branch_dop_operator_v3' retrieved from /home/airflow/.local/lib/python3.12/site-packages/airflow/example_dags/example_branch_python_dop_operator_3.py
[2024-08-16T13:46:48.647+0000] {logging_mixin.py:190} INFO - [2024-08-16T13:46:48.646+0000] {dag.py:3211} INFO - Sync 1 DAGs
[2024-08-16T13:46:48.698+0000] {logging_mixin.py:190} INFO - [2024-08-16T13:46:48.697+0000] {dag.py:4138} INFO - Setting next_dagrun for example_branch_dop_operator_v3 to 2024-08-16 13:45:00+00:00, run_after=2024-08-16 13:46:00+00:00
[2024-08-16T13:46:48.717+0000] {processor.py:208} INFO - Processing /home/airflow/.local/lib/python3.12/site-packages/airflow/example_dags/example_branch_python_dop_operator_3.py took 0.118 seconds
[2024-08-16T13:47:19.808+0000] {processor.py:186} INFO - Started process (PID=16435) to work on /home/airflow/.local/lib/python3.12/site-packages/airflow/example_dags/example_branch_python_dop_operator_3.py
[2024-08-16T13:47:19.810+0000] {processor.py:914} INFO - Processing file /home/airflow/.local/lib/python3.12/site-packages/airflow/example_dags/example_branch_python_dop_operator_3.py for tasks to queue
[2024-08-16T13:47:19.813+0000] {logging_mixin.py:190} INFO - [2024-08-16T13:47:19.813+0000] {dagbag.py:587} INFO - Filling up the DagBag from /home/airflow/.local/lib/python3.12/site-packages/airflow/example_dags/example_branch_python_dop_operator_3.py
[2024-08-16T13:47:19.824+0000] {processor.py:925} INFO - DAG(s) 'example_branch_dop_operator_v3' retrieved from /home/airflow/.local/lib/python3.12/site-packages/airflow/example_dags/example_branch_python_dop_operator_3.py
[2024-08-16T13:47:19.845+0000] {logging_mixin.py:190} INFO - [2024-08-16T13:47:19.845+0000] {dag.py:3211} INFO - Sync 1 DAGs
[2024-08-16T13:47:19.878+0000] {logging_mixin.py:190} INFO - [2024-08-16T13:47:19.878+0000] {dag.py:4138} INFO - Setting next_dagrun for example_branch_dop_operator_v3 to 2024-08-16 13:46:00+00:00, run_after=2024-08-16 13:47:00+00:00
[2024-08-16T13:47:19.904+0000] {processor.py:208} INFO - Processing /home/airflow/.local/lib/python3.12/site-packages/airflow/example_dags/example_branch_python_dop_operator_3.py took 0.102 seconds
[2024-08-16T13:47:50.348+0000] {processor.py:186} INFO - Started process (PID=16722) to work on /home/airflow/.local/lib/python3.12/site-packages/airflow/example_dags/example_branch_python_dop_operator_3.py
[2024-08-16T13:47:50.349+0000] {processor.py:914} INFO - Processing file /home/airflow/.local/lib/python3.12/site-packages/airflow/example_dags/example_branch_python_dop_operator_3.py for tasks to queue
[2024-08-16T13:47:50.353+0000] {logging_mixin.py:190} INFO - [2024-08-16T13:47:50.352+0000] {dagbag.py:587} INFO - Filling up the DagBag from /home/airflow/.local/lib/python3.12/site-packages/airflow/example_dags/example_branch_python_dop_operator_3.py
[2024-08-16T13:47:50.366+0000] {processor.py:925} INFO - DAG(s) 'example_branch_dop_operator_v3' retrieved from /home/airflow/.local/lib/python3.12/site-packages/airflow/example_dags/example_branch_python_dop_operator_3.py
[2024-08-16T13:47:50.392+0000] {logging_mixin.py:190} INFO - [2024-08-16T13:47:50.391+0000] {dag.py:3211} INFO - Sync 1 DAGs
[2024-08-16T13:47:50.438+0000] {logging_mixin.py:190} INFO - [2024-08-16T13:47:50.437+0000] {dag.py:4138} INFO - Setting next_dagrun for example_branch_dop_operator_v3 to 2024-08-16 13:46:00+00:00, run_after=2024-08-16 13:47:00+00:00
[2024-08-16T13:47:50.462+0000] {processor.py:208} INFO - Processing /home/airflow/.local/lib/python3.12/site-packages/airflow/example_dags/example_branch_python_dop_operator_3.py took 0.123 seconds
[2024-08-16T13:48:22.012+0000] {processor.py:186} INFO - Started process (PID=17008) to work on /home/airflow/.local/lib/python3.12/site-packages/airflow/example_dags/example_branch_python_dop_operator_3.py
[2024-08-16T13:48:22.014+0000] {processor.py:914} INFO - Processing file /home/airflow/.local/lib/python3.12/site-packages/airflow/example_dags/example_branch_python_dop_operator_3.py for tasks to queue
[2024-08-16T13:48:22.016+0000] {logging_mixin.py:190} INFO - [2024-08-16T13:48:22.016+0000] {dagbag.py:587} INFO - Filling up the DagBag from /home/airflow/.local/lib/python3.12/site-packages/airflow/example_dags/example_branch_python_dop_operator_3.py
[2024-08-16T13:48:22.028+0000] {processor.py:925} INFO - DAG(s) 'example_branch_dop_operator_v3' retrieved from /home/airflow/.local/lib/python3.12/site-packages/airflow/example_dags/example_branch_python_dop_operator_3.py
[2024-08-16T13:48:22.051+0000] {logging_mixin.py:190} INFO - [2024-08-16T13:48:22.051+0000] {dag.py:3211} INFO - Sync 1 DAGs
[2024-08-16T13:48:22.083+0000] {logging_mixin.py:190} INFO - [2024-08-16T13:48:22.082+0000] {dag.py:4138} INFO - Setting next_dagrun for example_branch_dop_operator_v3 to 2024-08-16 13:47:00+00:00, run_after=2024-08-16 13:48:00+00:00
[2024-08-16T13:48:22.681+0000] {processor.py:208} INFO - Processing /home/airflow/.local/lib/python3.12/site-packages/airflow/example_dags/example_branch_python_dop_operator_3.py took 0.677 seconds
[2024-08-16T13:48:52.994+0000] {processor.py:186} INFO - Started process (PID=17294) to work on /home/airflow/.local/lib/python3.12/site-packages/airflow/example_dags/example_branch_python_dop_operator_3.py
[2024-08-16T13:48:52.995+0000] {processor.py:914} INFO - Processing file /home/airflow/.local/lib/python3.12/site-packages/airflow/example_dags/example_branch_python_dop_operator_3.py for tasks to queue
[2024-08-16T13:48:52.998+0000] {logging_mixin.py:190} INFO - [2024-08-16T13:48:52.997+0000] {dagbag.py:587} INFO - Filling up the DagBag from /home/airflow/.local/lib/python3.12/site-packages/airflow/example_dags/example_branch_python_dop_operator_3.py
[2024-08-16T13:48:53.012+0000] {processor.py:925} INFO - DAG(s) 'example_branch_dop_operator_v3' retrieved from /home/airflow/.local/lib/python3.12/site-packages/airflow/example_dags/example_branch_python_dop_operator_3.py
[2024-08-16T13:48:53.039+0000] {logging_mixin.py:190} INFO - [2024-08-16T13:48:53.038+0000] {dag.py:3211} INFO - Sync 1 DAGs
[2024-08-16T13:48:53.076+0000] {logging_mixin.py:190} INFO - [2024-08-16T13:48:53.076+0000] {dag.py:4138} INFO - Setting next_dagrun for example_branch_dop_operator_v3 to 2024-08-16 13:47:00+00:00, run_after=2024-08-16 13:48:00+00:00
[2024-08-16T13:48:53.308+0000] {processor.py:208} INFO - Processing /home/airflow/.local/lib/python3.12/site-packages/airflow/example_dags/example_branch_python_dop_operator_3.py took 0.324 seconds
[2024-08-16T13:49:23.814+0000] {processor.py:186} INFO - Started process (PID=17580) to work on /home/airflow/.local/lib/python3.12/site-packages/airflow/example_dags/example_branch_python_dop_operator_3.py
[2024-08-16T13:49:23.815+0000] {processor.py:914} INFO - Processing file /home/airflow/.local/lib/python3.12/site-packages/airflow/example_dags/example_branch_python_dop_operator_3.py for tasks to queue
[2024-08-16T13:49:23.820+0000] {logging_mixin.py:190} INFO - [2024-08-16T13:49:23.819+0000] {dagbag.py:587} INFO - Filling up the DagBag from /home/airflow/.local/lib/python3.12/site-packages/airflow/example_dags/example_branch_python_dop_operator_3.py
[2024-08-16T13:49:23.831+0000] {processor.py:925} INFO - DAG(s) 'example_branch_dop_operator_v3' retrieved from /home/airflow/.local/lib/python3.12/site-packages/airflow/example_dags/example_branch_python_dop_operator_3.py
[2024-08-16T13:49:23.858+0000] {logging_mixin.py:190} INFO - [2024-08-16T13:49:23.858+0000] {dag.py:3211} INFO - Sync 1 DAGs
[2024-08-16T13:49:23.894+0000] {logging_mixin.py:190} INFO - [2024-08-16T13:49:23.894+0000] {dag.py:4138} INFO - Setting next_dagrun for example_branch_dop_operator_v3 to 2024-08-16 13:48:00+00:00, run_after=2024-08-16 13:49:00+00:00
[2024-08-16T13:49:23.921+0000] {processor.py:208} INFO - Processing /home/airflow/.local/lib/python3.12/site-packages/airflow/example_dags/example_branch_python_dop_operator_3.py took 0.114 seconds
[2024-08-16T13:49:55.009+0000] {processor.py:186} INFO - Started process (PID=17866) to work on /home/airflow/.local/lib/python3.12/site-packages/airflow/example_dags/example_branch_python_dop_operator_3.py
[2024-08-16T13:49:55.010+0000] {processor.py:914} INFO - Processing file /home/airflow/.local/lib/python3.12/site-packages/airflow/example_dags/example_branch_python_dop_operator_3.py for tasks to queue
[2024-08-16T13:49:55.013+0000] {logging_mixin.py:190} INFO - [2024-08-16T13:49:55.013+0000] {dagbag.py:587} INFO - Filling up the DagBag from /home/airflow/.local/lib/python3.12/site-packages/airflow/example_dags/example_branch_python_dop_operator_3.py
[2024-08-16T13:49:55.028+0000] {processor.py:925} INFO - DAG(s) 'example_branch_dop_operator_v3' retrieved from /home/airflow/.local/lib/python3.12/site-packages/airflow/example_dags/example_branch_python_dop_operator_3.py
[2024-08-16T13:49:55.053+0000] {logging_mixin.py:190} INFO - [2024-08-16T13:49:55.053+0000] {dag.py:3211} INFO - Sync 1 DAGs
[2024-08-16T13:49:55.088+0000] {logging_mixin.py:190} INFO - [2024-08-16T13:49:55.088+0000] {dag.py:4138} INFO - Setting next_dagrun for example_branch_dop_operator_v3 to 2024-08-16 13:48:00+00:00, run_after=2024-08-16 13:49:00+00:00
[2024-08-16T13:49:55.110+0000] {processor.py:208} INFO - Processing /home/airflow/.local/lib/python3.12/site-packages/airflow/example_dags/example_branch_python_dop_operator_3.py took 0.107 seconds
