[2024-08-16T13:18:47.905+0000] {processor.py:186} INFO - Started process (PID=375) to work on /home/airflow/.local/lib/python3.12/site-packages/airflow/example_dags/example_skip_dag.py
[2024-08-16T13:18:47.907+0000] {processor.py:914} INFO - Processing file /home/airflow/.local/lib/python3.12/site-packages/airflow/example_dags/example_skip_dag.py for tasks to queue
[2024-08-16T13:18:47.910+0000] {logging_mixin.py:190} INFO - [2024-08-16T13:18:47.909+0000] {dagbag.py:587} INFO - Filling up the DagBag from /home/airflow/.local/lib/python3.12/site-packages/airflow/example_dags/example_skip_dag.py
[2024-08-16T13:18:47.921+0000] {processor.py:925} INFO - DAG(s) 'example_skip_dag' retrieved from /home/airflow/.local/lib/python3.12/site-packages/airflow/example_dags/example_skip_dag.py
[2024-08-16T13:18:48.089+0000] {logging_mixin.py:190} INFO - [2024-08-16T13:18:48.088+0000] {override.py:1858} INFO - Created Permission View: can read on DAG:example_skip_dag
[2024-08-16T13:18:48.106+0000] {logging_mixin.py:190} INFO - [2024-08-16T13:18:48.105+0000] {override.py:1858} INFO - Created Permission View: can edit on DAG:example_skip_dag
[2024-08-16T13:18:48.117+0000] {logging_mixin.py:190} INFO - [2024-08-16T13:18:48.117+0000] {override.py:1858} INFO - Created Permission View: can delete on DAG:example_skip_dag
[2024-08-16T13:18:48.119+0000] {logging_mixin.py:190} INFO - [2024-08-16T13:18:48.118+0000] {dag.py:3211} INFO - Sync 1 DAGs
[2024-08-16T13:18:48.139+0000] {logging_mixin.py:190} INFO - [2024-08-16T13:18:48.138+0000] {dag.py:3234} INFO - Creating ORM DAG for example_skip_dag
[2024-08-16T13:18:48.158+0000] {logging_mixin.py:190} INFO - [2024-08-16T13:18:48.158+0000] {dag.py:4138} INFO - Setting next_dagrun for example_skip_dag to 2024-08-15 00:00:00+00:00, run_after=2024-08-16 00:00:00+00:00
[2024-08-16T13:18:48.184+0000] {processor.py:208} INFO - Processing /home/airflow/.local/lib/python3.12/site-packages/airflow/example_dags/example_skip_dag.py took 0.287 seconds
[2024-08-16T13:19:18.348+0000] {processor.py:186} INFO - Started process (PID=661) to work on /home/airflow/.local/lib/python3.12/site-packages/airflow/example_dags/example_skip_dag.py
[2024-08-16T13:19:18.349+0000] {processor.py:914} INFO - Processing file /home/airflow/.local/lib/python3.12/site-packages/airflow/example_dags/example_skip_dag.py for tasks to queue
[2024-08-16T13:19:18.353+0000] {logging_mixin.py:190} INFO - [2024-08-16T13:19:18.352+0000] {dagbag.py:587} INFO - Filling up the DagBag from /home/airflow/.local/lib/python3.12/site-packages/airflow/example_dags/example_skip_dag.py
[2024-08-16T13:19:18.361+0000] {processor.py:925} INFO - DAG(s) 'example_skip_dag' retrieved from /home/airflow/.local/lib/python3.12/site-packages/airflow/example_dags/example_skip_dag.py
[2024-08-16T13:19:18.385+0000] {logging_mixin.py:190} INFO - [2024-08-16T13:19:18.384+0000] {dag.py:3211} INFO - Sync 1 DAGs
[2024-08-16T13:19:18.411+0000] {logging_mixin.py:190} INFO - [2024-08-16T13:19:18.411+0000] {dag.py:4138} INFO - Setting next_dagrun for example_skip_dag to 2024-08-15 00:00:00+00:00, run_after=2024-08-16 00:00:00+00:00
[2024-08-16T13:19:18.434+0000] {processor.py:208} INFO - Processing /home/airflow/.local/lib/python3.12/site-packages/airflow/example_dags/example_skip_dag.py took 0.092 seconds
[2024-08-16T13:19:49.117+0000] {processor.py:186} INFO - Started process (PID=947) to work on /home/airflow/.local/lib/python3.12/site-packages/airflow/example_dags/example_skip_dag.py
[2024-08-16T13:19:49.119+0000] {processor.py:914} INFO - Processing file /home/airflow/.local/lib/python3.12/site-packages/airflow/example_dags/example_skip_dag.py for tasks to queue
[2024-08-16T13:19:49.121+0000] {logging_mixin.py:190} INFO - [2024-08-16T13:19:49.121+0000] {dagbag.py:587} INFO - Filling up the DagBag from /home/airflow/.local/lib/python3.12/site-packages/airflow/example_dags/example_skip_dag.py
[2024-08-16T13:19:49.129+0000] {processor.py:925} INFO - DAG(s) 'example_skip_dag' retrieved from /home/airflow/.local/lib/python3.12/site-packages/airflow/example_dags/example_skip_dag.py
[2024-08-16T13:19:49.152+0000] {logging_mixin.py:190} INFO - [2024-08-16T13:19:49.152+0000] {dag.py:3211} INFO - Sync 1 DAGs
[2024-08-16T13:19:49.177+0000] {logging_mixin.py:190} INFO - [2024-08-16T13:19:49.177+0000] {dag.py:4138} INFO - Setting next_dagrun for example_skip_dag to 2024-08-15 00:00:00+00:00, run_after=2024-08-16 00:00:00+00:00
[2024-08-16T13:19:49.209+0000] {processor.py:208} INFO - Processing /home/airflow/.local/lib/python3.12/site-packages/airflow/example_dags/example_skip_dag.py took 0.099 seconds
[2024-08-16T13:20:19.789+0000] {processor.py:186} INFO - Started process (PID=1230) to work on /home/airflow/.local/lib/python3.12/site-packages/airflow/example_dags/example_skip_dag.py
[2024-08-16T13:20:19.790+0000] {processor.py:914} INFO - Processing file /home/airflow/.local/lib/python3.12/site-packages/airflow/example_dags/example_skip_dag.py for tasks to queue
[2024-08-16T13:20:19.792+0000] {logging_mixin.py:190} INFO - [2024-08-16T13:20:19.792+0000] {dagbag.py:587} INFO - Filling up the DagBag from /home/airflow/.local/lib/python3.12/site-packages/airflow/example_dags/example_skip_dag.py
[2024-08-16T13:20:19.801+0000] {processor.py:925} INFO - DAG(s) 'example_skip_dag' retrieved from /home/airflow/.local/lib/python3.12/site-packages/airflow/example_dags/example_skip_dag.py
[2024-08-16T13:20:19.823+0000] {logging_mixin.py:190} INFO - [2024-08-16T13:20:19.823+0000] {dag.py:3211} INFO - Sync 1 DAGs
[2024-08-16T13:20:19.846+0000] {logging_mixin.py:190} INFO - [2024-08-16T13:20:19.846+0000] {dag.py:4138} INFO - Setting next_dagrun for example_skip_dag to 2024-08-15 00:00:00+00:00, run_after=2024-08-16 00:00:00+00:00
[2024-08-16T13:20:19.866+0000] {processor.py:208} INFO - Processing /home/airflow/.local/lib/python3.12/site-packages/airflow/example_dags/example_skip_dag.py took 0.083 seconds
[2024-08-16T13:20:50.160+0000] {processor.py:186} INFO - Started process (PID=1516) to work on /home/airflow/.local/lib/python3.12/site-packages/airflow/example_dags/example_skip_dag.py
[2024-08-16T13:20:50.162+0000] {processor.py:914} INFO - Processing file /home/airflow/.local/lib/python3.12/site-packages/airflow/example_dags/example_skip_dag.py for tasks to queue
[2024-08-16T13:20:50.165+0000] {logging_mixin.py:190} INFO - [2024-08-16T13:20:50.165+0000] {dagbag.py:587} INFO - Filling up the DagBag from /home/airflow/.local/lib/python3.12/site-packages/airflow/example_dags/example_skip_dag.py
[2024-08-16T13:20:50.175+0000] {processor.py:925} INFO - DAG(s) 'example_skip_dag' retrieved from /home/airflow/.local/lib/python3.12/site-packages/airflow/example_dags/example_skip_dag.py
[2024-08-16T13:20:50.200+0000] {logging_mixin.py:190} INFO - [2024-08-16T13:20:50.200+0000] {dag.py:3211} INFO - Sync 1 DAGs
[2024-08-16T13:20:50.225+0000] {logging_mixin.py:190} INFO - [2024-08-16T13:20:50.225+0000] {dag.py:4138} INFO - Setting next_dagrun for example_skip_dag to 2024-08-15 00:00:00+00:00, run_after=2024-08-16 00:00:00+00:00
[2024-08-16T13:20:50.243+0000] {processor.py:208} INFO - Processing /home/airflow/.local/lib/python3.12/site-packages/airflow/example_dags/example_skip_dag.py took 0.089 seconds
[2024-08-16T13:21:20.584+0000] {processor.py:186} INFO - Started process (PID=1802) to work on /home/airflow/.local/lib/python3.12/site-packages/airflow/example_dags/example_skip_dag.py
[2024-08-16T13:21:20.586+0000] {processor.py:914} INFO - Processing file /home/airflow/.local/lib/python3.12/site-packages/airflow/example_dags/example_skip_dag.py for tasks to queue
[2024-08-16T13:21:20.588+0000] {logging_mixin.py:190} INFO - [2024-08-16T13:21:20.588+0000] {dagbag.py:587} INFO - Filling up the DagBag from /home/airflow/.local/lib/python3.12/site-packages/airflow/example_dags/example_skip_dag.py
[2024-08-16T13:21:20.597+0000] {processor.py:925} INFO - DAG(s) 'example_skip_dag' retrieved from /home/airflow/.local/lib/python3.12/site-packages/airflow/example_dags/example_skip_dag.py
[2024-08-16T13:21:20.620+0000] {logging_mixin.py:190} INFO - [2024-08-16T13:21:20.620+0000] {dag.py:3211} INFO - Sync 1 DAGs
[2024-08-16T13:21:20.646+0000] {logging_mixin.py:190} INFO - [2024-08-16T13:21:20.646+0000] {dag.py:4138} INFO - Setting next_dagrun for example_skip_dag to 2024-08-15 00:00:00+00:00, run_after=2024-08-16 00:00:00+00:00
[2024-08-16T13:21:20.664+0000] {processor.py:208} INFO - Processing /home/airflow/.local/lib/python3.12/site-packages/airflow/example_dags/example_skip_dag.py took 0.086 seconds
[2024-08-16T13:21:50.890+0000] {processor.py:186} INFO - Started process (PID=2088) to work on /home/airflow/.local/lib/python3.12/site-packages/airflow/example_dags/example_skip_dag.py
[2024-08-16T13:21:50.891+0000] {processor.py:914} INFO - Processing file /home/airflow/.local/lib/python3.12/site-packages/airflow/example_dags/example_skip_dag.py for tasks to queue
[2024-08-16T13:21:50.894+0000] {logging_mixin.py:190} INFO - [2024-08-16T13:21:50.893+0000] {dagbag.py:587} INFO - Filling up the DagBag from /home/airflow/.local/lib/python3.12/site-packages/airflow/example_dags/example_skip_dag.py
[2024-08-16T13:21:50.903+0000] {processor.py:925} INFO - DAG(s) 'example_skip_dag' retrieved from /home/airflow/.local/lib/python3.12/site-packages/airflow/example_dags/example_skip_dag.py
[2024-08-16T13:21:50.928+0000] {logging_mixin.py:190} INFO - [2024-08-16T13:21:50.927+0000] {dag.py:3211} INFO - Sync 1 DAGs
[2024-08-16T13:21:50.952+0000] {logging_mixin.py:190} INFO - [2024-08-16T13:21:50.951+0000] {dag.py:4138} INFO - Setting next_dagrun for example_skip_dag to 2024-08-15 00:00:00+00:00, run_after=2024-08-16 00:00:00+00:00
[2024-08-16T13:21:50.971+0000] {processor.py:208} INFO - Processing /home/airflow/.local/lib/python3.12/site-packages/airflow/example_dags/example_skip_dag.py took 0.088 seconds
[2024-08-16T13:22:21.410+0000] {processor.py:186} INFO - Started process (PID=2374) to work on /home/airflow/.local/lib/python3.12/site-packages/airflow/example_dags/example_skip_dag.py
[2024-08-16T13:22:21.411+0000] {processor.py:914} INFO - Processing file /home/airflow/.local/lib/python3.12/site-packages/airflow/example_dags/example_skip_dag.py for tasks to queue
[2024-08-16T13:22:21.413+0000] {logging_mixin.py:190} INFO - [2024-08-16T13:22:21.413+0000] {dagbag.py:587} INFO - Filling up the DagBag from /home/airflow/.local/lib/python3.12/site-packages/airflow/example_dags/example_skip_dag.py
[2024-08-16T13:22:21.421+0000] {processor.py:925} INFO - DAG(s) 'example_skip_dag' retrieved from /home/airflow/.local/lib/python3.12/site-packages/airflow/example_dags/example_skip_dag.py
[2024-08-16T13:22:21.446+0000] {logging_mixin.py:190} INFO - [2024-08-16T13:22:21.445+0000] {dag.py:3211} INFO - Sync 1 DAGs
[2024-08-16T13:22:21.471+0000] {logging_mixin.py:190} INFO - [2024-08-16T13:22:21.471+0000] {dag.py:4138} INFO - Setting next_dagrun for example_skip_dag to 2024-08-15 00:00:00+00:00, run_after=2024-08-16 00:00:00+00:00
[2024-08-16T13:22:21.493+0000] {processor.py:208} INFO - Processing /home/airflow/.local/lib/python3.12/site-packages/airflow/example_dags/example_skip_dag.py took 0.090 seconds
[2024-08-16T13:22:51.640+0000] {processor.py:186} INFO - Started process (PID=2658) to work on /home/airflow/.local/lib/python3.12/site-packages/airflow/example_dags/example_skip_dag.py
[2024-08-16T13:22:51.641+0000] {processor.py:914} INFO - Processing file /home/airflow/.local/lib/python3.12/site-packages/airflow/example_dags/example_skip_dag.py for tasks to queue
[2024-08-16T13:22:51.643+0000] {logging_mixin.py:190} INFO - [2024-08-16T13:22:51.643+0000] {dagbag.py:587} INFO - Filling up the DagBag from /home/airflow/.local/lib/python3.12/site-packages/airflow/example_dags/example_skip_dag.py
[2024-08-16T13:22:51.651+0000] {processor.py:925} INFO - DAG(s) 'example_skip_dag' retrieved from /home/airflow/.local/lib/python3.12/site-packages/airflow/example_dags/example_skip_dag.py
[2024-08-16T13:22:51.675+0000] {logging_mixin.py:190} INFO - [2024-08-16T13:22:51.674+0000] {dag.py:3211} INFO - Sync 1 DAGs
[2024-08-16T13:22:51.701+0000] {logging_mixin.py:190} INFO - [2024-08-16T13:22:51.701+0000] {dag.py:4138} INFO - Setting next_dagrun for example_skip_dag to 2024-08-15 00:00:00+00:00, run_after=2024-08-16 00:00:00+00:00
[2024-08-16T13:22:51.720+0000] {processor.py:208} INFO - Processing /home/airflow/.local/lib/python3.12/site-packages/airflow/example_dags/example_skip_dag.py took 0.087 seconds
[2024-08-16T13:23:22.072+0000] {processor.py:186} INFO - Started process (PID=2946) to work on /home/airflow/.local/lib/python3.12/site-packages/airflow/example_dags/example_skip_dag.py
[2024-08-16T13:23:22.073+0000] {processor.py:914} INFO - Processing file /home/airflow/.local/lib/python3.12/site-packages/airflow/example_dags/example_skip_dag.py for tasks to queue
[2024-08-16T13:23:22.076+0000] {logging_mixin.py:190} INFO - [2024-08-16T13:23:22.075+0000] {dagbag.py:587} INFO - Filling up the DagBag from /home/airflow/.local/lib/python3.12/site-packages/airflow/example_dags/example_skip_dag.py
[2024-08-16T13:23:22.085+0000] {processor.py:925} INFO - DAG(s) 'example_skip_dag' retrieved from /home/airflow/.local/lib/python3.12/site-packages/airflow/example_dags/example_skip_dag.py
[2024-08-16T13:23:22.108+0000] {logging_mixin.py:190} INFO - [2024-08-16T13:23:22.107+0000] {dag.py:3211} INFO - Sync 1 DAGs
[2024-08-16T13:23:22.138+0000] {logging_mixin.py:190} INFO - [2024-08-16T13:23:22.138+0000] {dag.py:4138} INFO - Setting next_dagrun for example_skip_dag to 2024-08-15 00:00:00+00:00, run_after=2024-08-16 00:00:00+00:00
[2024-08-16T13:23:22.160+0000] {processor.py:208} INFO - Processing /home/airflow/.local/lib/python3.12/site-packages/airflow/example_dags/example_skip_dag.py took 0.095 seconds
[2024-08-16T13:23:52.366+0000] {processor.py:186} INFO - Started process (PID=3232) to work on /home/airflow/.local/lib/python3.12/site-packages/airflow/example_dags/example_skip_dag.py
[2024-08-16T13:23:52.368+0000] {processor.py:914} INFO - Processing file /home/airflow/.local/lib/python3.12/site-packages/airflow/example_dags/example_skip_dag.py for tasks to queue
[2024-08-16T13:23:52.370+0000] {logging_mixin.py:190} INFO - [2024-08-16T13:23:52.370+0000] {dagbag.py:587} INFO - Filling up the DagBag from /home/airflow/.local/lib/python3.12/site-packages/airflow/example_dags/example_skip_dag.py
[2024-08-16T13:23:52.378+0000] {processor.py:925} INFO - DAG(s) 'example_skip_dag' retrieved from /home/airflow/.local/lib/python3.12/site-packages/airflow/example_dags/example_skip_dag.py
[2024-08-16T13:23:52.401+0000] {logging_mixin.py:190} INFO - [2024-08-16T13:23:52.400+0000] {dag.py:3211} INFO - Sync 1 DAGs
[2024-08-16T13:23:52.425+0000] {logging_mixin.py:190} INFO - [2024-08-16T13:23:52.425+0000] {dag.py:4138} INFO - Setting next_dagrun for example_skip_dag to 2024-08-15 00:00:00+00:00, run_after=2024-08-16 00:00:00+00:00
[2024-08-16T13:23:52.446+0000] {processor.py:208} INFO - Processing /home/airflow/.local/lib/python3.12/site-packages/airflow/example_dags/example_skip_dag.py took 0.086 seconds
[2024-08-16T13:24:22.563+0000] {processor.py:186} INFO - Started process (PID=3516) to work on /home/airflow/.local/lib/python3.12/site-packages/airflow/example_dags/example_skip_dag.py
[2024-08-16T13:24:22.564+0000] {processor.py:914} INFO - Processing file /home/airflow/.local/lib/python3.12/site-packages/airflow/example_dags/example_skip_dag.py for tasks to queue
[2024-08-16T13:24:22.566+0000] {logging_mixin.py:190} INFO - [2024-08-16T13:24:22.566+0000] {dagbag.py:587} INFO - Filling up the DagBag from /home/airflow/.local/lib/python3.12/site-packages/airflow/example_dags/example_skip_dag.py
[2024-08-16T13:24:22.575+0000] {processor.py:925} INFO - DAG(s) 'example_skip_dag' retrieved from /home/airflow/.local/lib/python3.12/site-packages/airflow/example_dags/example_skip_dag.py
[2024-08-16T13:24:22.598+0000] {logging_mixin.py:190} INFO - [2024-08-16T13:24:22.597+0000] {dag.py:3211} INFO - Sync 1 DAGs
[2024-08-16T13:24:22.623+0000] {logging_mixin.py:190} INFO - [2024-08-16T13:24:22.623+0000] {dag.py:4138} INFO - Setting next_dagrun for example_skip_dag to 2024-08-15 00:00:00+00:00, run_after=2024-08-16 00:00:00+00:00
[2024-08-16T13:24:22.644+0000] {processor.py:208} INFO - Processing /home/airflow/.local/lib/python3.12/site-packages/airflow/example_dags/example_skip_dag.py took 0.089 seconds
[2024-08-16T13:24:53.080+0000] {processor.py:186} INFO - Started process (PID=3804) to work on /home/airflow/.local/lib/python3.12/site-packages/airflow/example_dags/example_skip_dag.py
[2024-08-16T13:24:53.082+0000] {processor.py:914} INFO - Processing file /home/airflow/.local/lib/python3.12/site-packages/airflow/example_dags/example_skip_dag.py for tasks to queue
[2024-08-16T13:24:53.084+0000] {logging_mixin.py:190} INFO - [2024-08-16T13:24:53.084+0000] {dagbag.py:587} INFO - Filling up the DagBag from /home/airflow/.local/lib/python3.12/site-packages/airflow/example_dags/example_skip_dag.py
[2024-08-16T13:24:53.092+0000] {processor.py:925} INFO - DAG(s) 'example_skip_dag' retrieved from /home/airflow/.local/lib/python3.12/site-packages/airflow/example_dags/example_skip_dag.py
[2024-08-16T13:24:53.116+0000] {logging_mixin.py:190} INFO - [2024-08-16T13:24:53.116+0000] {dag.py:3211} INFO - Sync 1 DAGs
[2024-08-16T13:24:53.142+0000] {logging_mixin.py:190} INFO - [2024-08-16T13:24:53.142+0000] {dag.py:4138} INFO - Setting next_dagrun for example_skip_dag to 2024-08-15 00:00:00+00:00, run_after=2024-08-16 00:00:00+00:00
[2024-08-16T13:24:53.162+0000] {processor.py:208} INFO - Processing /home/airflow/.local/lib/python3.12/site-packages/airflow/example_dags/example_skip_dag.py took 0.088 seconds
[2024-08-16T13:25:23.341+0000] {processor.py:186} INFO - Started process (PID=4090) to work on /home/airflow/.local/lib/python3.12/site-packages/airflow/example_dags/example_skip_dag.py
[2024-08-16T13:25:23.342+0000] {processor.py:914} INFO - Processing file /home/airflow/.local/lib/python3.12/site-packages/airflow/example_dags/example_skip_dag.py for tasks to queue
[2024-08-16T13:25:23.345+0000] {logging_mixin.py:190} INFO - [2024-08-16T13:25:23.344+0000] {dagbag.py:587} INFO - Filling up the DagBag from /home/airflow/.local/lib/python3.12/site-packages/airflow/example_dags/example_skip_dag.py
[2024-08-16T13:25:23.353+0000] {processor.py:925} INFO - DAG(s) 'example_skip_dag' retrieved from /home/airflow/.local/lib/python3.12/site-packages/airflow/example_dags/example_skip_dag.py
[2024-08-16T13:25:23.377+0000] {logging_mixin.py:190} INFO - [2024-08-16T13:25:23.377+0000] {dag.py:3211} INFO - Sync 1 DAGs
[2024-08-16T13:25:23.401+0000] {logging_mixin.py:190} INFO - [2024-08-16T13:25:23.401+0000] {dag.py:4138} INFO - Setting next_dagrun for example_skip_dag to 2024-08-15 00:00:00+00:00, run_after=2024-08-16 00:00:00+00:00
[2024-08-16T13:25:23.420+0000] {processor.py:208} INFO - Processing /home/airflow/.local/lib/python3.12/site-packages/airflow/example_dags/example_skip_dag.py took 0.086 seconds
[2024-08-16T13:25:53.715+0000] {processor.py:186} INFO - Started process (PID=4374) to work on /home/airflow/.local/lib/python3.12/site-packages/airflow/example_dags/example_skip_dag.py
[2024-08-16T13:25:53.717+0000] {processor.py:914} INFO - Processing file /home/airflow/.local/lib/python3.12/site-packages/airflow/example_dags/example_skip_dag.py for tasks to queue
[2024-08-16T13:25:53.719+0000] {logging_mixin.py:190} INFO - [2024-08-16T13:25:53.719+0000] {dagbag.py:587} INFO - Filling up the DagBag from /home/airflow/.local/lib/python3.12/site-packages/airflow/example_dags/example_skip_dag.py
[2024-08-16T13:25:53.729+0000] {processor.py:925} INFO - DAG(s) 'example_skip_dag' retrieved from /home/airflow/.local/lib/python3.12/site-packages/airflow/example_dags/example_skip_dag.py
[2024-08-16T13:25:53.756+0000] {logging_mixin.py:190} INFO - [2024-08-16T13:25:53.756+0000] {dag.py:3211} INFO - Sync 1 DAGs
[2024-08-16T13:25:53.786+0000] {logging_mixin.py:190} INFO - [2024-08-16T13:25:53.786+0000] {dag.py:4138} INFO - Setting next_dagrun for example_skip_dag to 2024-08-15 00:00:00+00:00, run_after=2024-08-16 00:00:00+00:00
[2024-08-16T13:25:53.808+0000] {processor.py:208} INFO - Processing /home/airflow/.local/lib/python3.12/site-packages/airflow/example_dags/example_skip_dag.py took 0.100 seconds
[2024-08-16T13:26:24.178+0000] {processor.py:186} INFO - Started process (PID=4662) to work on /home/airflow/.local/lib/python3.12/site-packages/airflow/example_dags/example_skip_dag.py
[2024-08-16T13:26:24.179+0000] {processor.py:914} INFO - Processing file /home/airflow/.local/lib/python3.12/site-packages/airflow/example_dags/example_skip_dag.py for tasks to queue
[2024-08-16T13:26:24.181+0000] {logging_mixin.py:190} INFO - [2024-08-16T13:26:24.181+0000] {dagbag.py:587} INFO - Filling up the DagBag from /home/airflow/.local/lib/python3.12/site-packages/airflow/example_dags/example_skip_dag.py
[2024-08-16T13:26:24.189+0000] {processor.py:925} INFO - DAG(s) 'example_skip_dag' retrieved from /home/airflow/.local/lib/python3.12/site-packages/airflow/example_dags/example_skip_dag.py
[2024-08-16T13:26:24.211+0000] {logging_mixin.py:190} INFO - [2024-08-16T13:26:24.211+0000] {dag.py:3211} INFO - Sync 1 DAGs
[2024-08-16T13:26:24.237+0000] {logging_mixin.py:190} INFO - [2024-08-16T13:26:24.236+0000] {dag.py:4138} INFO - Setting next_dagrun for example_skip_dag to 2024-08-15 00:00:00+00:00, run_after=2024-08-16 00:00:00+00:00
[2024-08-16T13:26:24.261+0000] {processor.py:208} INFO - Processing /home/airflow/.local/lib/python3.12/site-packages/airflow/example_dags/example_skip_dag.py took 0.090 seconds
[2024-08-16T13:26:54.817+0000] {processor.py:186} INFO - Started process (PID=4948) to work on /home/airflow/.local/lib/python3.12/site-packages/airflow/example_dags/example_skip_dag.py
[2024-08-16T13:26:54.818+0000] {processor.py:914} INFO - Processing file /home/airflow/.local/lib/python3.12/site-packages/airflow/example_dags/example_skip_dag.py for tasks to queue
[2024-08-16T13:26:54.820+0000] {logging_mixin.py:190} INFO - [2024-08-16T13:26:54.820+0000] {dagbag.py:587} INFO - Filling up the DagBag from /home/airflow/.local/lib/python3.12/site-packages/airflow/example_dags/example_skip_dag.py
[2024-08-16T13:26:54.829+0000] {processor.py:925} INFO - DAG(s) 'example_skip_dag' retrieved from /home/airflow/.local/lib/python3.12/site-packages/airflow/example_dags/example_skip_dag.py
[2024-08-16T13:26:54.853+0000] {logging_mixin.py:190} INFO - [2024-08-16T13:26:54.853+0000] {dag.py:3211} INFO - Sync 1 DAGs
[2024-08-16T13:26:54.879+0000] {logging_mixin.py:190} INFO - [2024-08-16T13:26:54.879+0000] {dag.py:4138} INFO - Setting next_dagrun for example_skip_dag to 2024-08-15 00:00:00+00:00, run_after=2024-08-16 00:00:00+00:00
[2024-08-16T13:26:54.899+0000] {processor.py:208} INFO - Processing /home/airflow/.local/lib/python3.12/site-packages/airflow/example_dags/example_skip_dag.py took 0.089 seconds
[2024-08-16T13:27:25.175+0000] {processor.py:186} INFO - Started process (PID=5235) to work on /home/airflow/.local/lib/python3.12/site-packages/airflow/example_dags/example_skip_dag.py
[2024-08-16T13:27:25.176+0000] {processor.py:914} INFO - Processing file /home/airflow/.local/lib/python3.12/site-packages/airflow/example_dags/example_skip_dag.py for tasks to queue
[2024-08-16T13:27:25.180+0000] {logging_mixin.py:190} INFO - [2024-08-16T13:27:25.179+0000] {dagbag.py:587} INFO - Filling up the DagBag from /home/airflow/.local/lib/python3.12/site-packages/airflow/example_dags/example_skip_dag.py
[2024-08-16T13:27:25.190+0000] {processor.py:925} INFO - DAG(s) 'example_skip_dag' retrieved from /home/airflow/.local/lib/python3.12/site-packages/airflow/example_dags/example_skip_dag.py
[2024-08-16T13:27:25.214+0000] {logging_mixin.py:190} INFO - [2024-08-16T13:27:25.213+0000] {dag.py:3211} INFO - Sync 1 DAGs
[2024-08-16T13:27:25.238+0000] {logging_mixin.py:190} INFO - [2024-08-16T13:27:25.238+0000] {dag.py:4138} INFO - Setting next_dagrun for example_skip_dag to 2024-08-15 00:00:00+00:00, run_after=2024-08-16 00:00:00+00:00
[2024-08-16T13:27:25.257+0000] {processor.py:208} INFO - Processing /home/airflow/.local/lib/python3.12/site-packages/airflow/example_dags/example_skip_dag.py took 0.088 seconds
[2024-08-16T13:27:55.590+0000] {processor.py:186} INFO - Started process (PID=5521) to work on /home/airflow/.local/lib/python3.12/site-packages/airflow/example_dags/example_skip_dag.py
[2024-08-16T13:27:55.592+0000] {processor.py:914} INFO - Processing file /home/airflow/.local/lib/python3.12/site-packages/airflow/example_dags/example_skip_dag.py for tasks to queue
[2024-08-16T13:27:55.595+0000] {logging_mixin.py:190} INFO - [2024-08-16T13:27:55.594+0000] {dagbag.py:587} INFO - Filling up the DagBag from /home/airflow/.local/lib/python3.12/site-packages/airflow/example_dags/example_skip_dag.py
[2024-08-16T13:27:55.603+0000] {processor.py:925} INFO - DAG(s) 'example_skip_dag' retrieved from /home/airflow/.local/lib/python3.12/site-packages/airflow/example_dags/example_skip_dag.py
[2024-08-16T13:27:55.628+0000] {logging_mixin.py:190} INFO - [2024-08-16T13:27:55.628+0000] {dag.py:3211} INFO - Sync 1 DAGs
[2024-08-16T13:27:55.657+0000] {logging_mixin.py:190} INFO - [2024-08-16T13:27:55.656+0000] {dag.py:4138} INFO - Setting next_dagrun for example_skip_dag to 2024-08-15 00:00:00+00:00, run_after=2024-08-16 00:00:00+00:00
[2024-08-16T13:27:55.683+0000] {processor.py:208} INFO - Processing /home/airflow/.local/lib/python3.12/site-packages/airflow/example_dags/example_skip_dag.py took 0.098 seconds
[2024-08-16T13:28:26.193+0000] {processor.py:186} INFO - Started process (PID=5805) to work on /home/airflow/.local/lib/python3.12/site-packages/airflow/example_dags/example_skip_dag.py
[2024-08-16T13:28:26.195+0000] {processor.py:914} INFO - Processing file /home/airflow/.local/lib/python3.12/site-packages/airflow/example_dags/example_skip_dag.py for tasks to queue
[2024-08-16T13:28:26.197+0000] {logging_mixin.py:190} INFO - [2024-08-16T13:28:26.197+0000] {dagbag.py:587} INFO - Filling up the DagBag from /home/airflow/.local/lib/python3.12/site-packages/airflow/example_dags/example_skip_dag.py
[2024-08-16T13:28:26.205+0000] {processor.py:925} INFO - DAG(s) 'example_skip_dag' retrieved from /home/airflow/.local/lib/python3.12/site-packages/airflow/example_dags/example_skip_dag.py
[2024-08-16T13:28:26.228+0000] {logging_mixin.py:190} INFO - [2024-08-16T13:28:26.228+0000] {dag.py:3211} INFO - Sync 1 DAGs
[2024-08-16T13:28:26.252+0000] {logging_mixin.py:190} INFO - [2024-08-16T13:28:26.252+0000] {dag.py:4138} INFO - Setting next_dagrun for example_skip_dag to 2024-08-15 00:00:00+00:00, run_after=2024-08-16 00:00:00+00:00
[2024-08-16T13:28:26.272+0000] {processor.py:208} INFO - Processing /home/airflow/.local/lib/python3.12/site-packages/airflow/example_dags/example_skip_dag.py took 0.086 seconds
[2024-08-16T13:28:56.641+0000] {processor.py:186} INFO - Started process (PID=6093) to work on /home/airflow/.local/lib/python3.12/site-packages/airflow/example_dags/example_skip_dag.py
[2024-08-16T13:28:56.642+0000] {processor.py:914} INFO - Processing file /home/airflow/.local/lib/python3.12/site-packages/airflow/example_dags/example_skip_dag.py for tasks to queue
[2024-08-16T13:28:56.645+0000] {logging_mixin.py:190} INFO - [2024-08-16T13:28:56.644+0000] {dagbag.py:587} INFO - Filling up the DagBag from /home/airflow/.local/lib/python3.12/site-packages/airflow/example_dags/example_skip_dag.py
[2024-08-16T13:28:56.652+0000] {processor.py:925} INFO - DAG(s) 'example_skip_dag' retrieved from /home/airflow/.local/lib/python3.12/site-packages/airflow/example_dags/example_skip_dag.py
[2024-08-16T13:28:56.675+0000] {logging_mixin.py:190} INFO - [2024-08-16T13:28:56.675+0000] {dag.py:3211} INFO - Sync 1 DAGs
[2024-08-16T13:28:56.699+0000] {logging_mixin.py:190} INFO - [2024-08-16T13:28:56.699+0000] {dag.py:4138} INFO - Setting next_dagrun for example_skip_dag to 2024-08-15 00:00:00+00:00, run_after=2024-08-16 00:00:00+00:00
[2024-08-16T13:28:56.721+0000] {processor.py:208} INFO - Processing /home/airflow/.local/lib/python3.12/site-packages/airflow/example_dags/example_skip_dag.py took 0.088 seconds
[2024-08-16T13:29:27.230+0000] {processor.py:186} INFO - Started process (PID=6379) to work on /home/airflow/.local/lib/python3.12/site-packages/airflow/example_dags/example_skip_dag.py
[2024-08-16T13:29:27.231+0000] {processor.py:914} INFO - Processing file /home/airflow/.local/lib/python3.12/site-packages/airflow/example_dags/example_skip_dag.py for tasks to queue
[2024-08-16T13:29:27.233+0000] {logging_mixin.py:190} INFO - [2024-08-16T13:29:27.233+0000] {dagbag.py:587} INFO - Filling up the DagBag from /home/airflow/.local/lib/python3.12/site-packages/airflow/example_dags/example_skip_dag.py
[2024-08-16T13:29:27.243+0000] {processor.py:925} INFO - DAG(s) 'example_skip_dag' retrieved from /home/airflow/.local/lib/python3.12/site-packages/airflow/example_dags/example_skip_dag.py
[2024-08-16T13:29:27.268+0000] {logging_mixin.py:190} INFO - [2024-08-16T13:29:27.268+0000] {dag.py:3211} INFO - Sync 1 DAGs
[2024-08-16T13:29:27.293+0000] {logging_mixin.py:190} INFO - [2024-08-16T13:29:27.292+0000] {dag.py:4138} INFO - Setting next_dagrun for example_skip_dag to 2024-08-15 00:00:00+00:00, run_after=2024-08-16 00:00:00+00:00
[2024-08-16T13:29:27.316+0000] {processor.py:208} INFO - Processing /home/airflow/.local/lib/python3.12/site-packages/airflow/example_dags/example_skip_dag.py took 0.093 seconds
[2024-08-16T13:29:57.510+0000] {processor.py:186} INFO - Started process (PID=6663) to work on /home/airflow/.local/lib/python3.12/site-packages/airflow/example_dags/example_skip_dag.py
[2024-08-16T13:29:57.511+0000] {processor.py:914} INFO - Processing file /home/airflow/.local/lib/python3.12/site-packages/airflow/example_dags/example_skip_dag.py for tasks to queue
[2024-08-16T13:29:57.514+0000] {logging_mixin.py:190} INFO - [2024-08-16T13:29:57.513+0000] {dagbag.py:587} INFO - Filling up the DagBag from /home/airflow/.local/lib/python3.12/site-packages/airflow/example_dags/example_skip_dag.py
[2024-08-16T13:29:57.523+0000] {processor.py:925} INFO - DAG(s) 'example_skip_dag' retrieved from /home/airflow/.local/lib/python3.12/site-packages/airflow/example_dags/example_skip_dag.py
[2024-08-16T13:29:57.549+0000] {logging_mixin.py:190} INFO - [2024-08-16T13:29:57.549+0000] {dag.py:3211} INFO - Sync 1 DAGs
[2024-08-16T13:29:57.577+0000] {logging_mixin.py:190} INFO - [2024-08-16T13:29:57.577+0000] {dag.py:4138} INFO - Setting next_dagrun for example_skip_dag to 2024-08-15 00:00:00+00:00, run_after=2024-08-16 00:00:00+00:00
[2024-08-16T13:29:57.597+0000] {processor.py:208} INFO - Processing /home/airflow/.local/lib/python3.12/site-packages/airflow/example_dags/example_skip_dag.py took 0.093 seconds
[2024-08-16T13:30:28.110+0000] {processor.py:186} INFO - Started process (PID=6952) to work on /home/airflow/.local/lib/python3.12/site-packages/airflow/example_dags/example_skip_dag.py
[2024-08-16T13:30:28.111+0000] {processor.py:914} INFO - Processing file /home/airflow/.local/lib/python3.12/site-packages/airflow/example_dags/example_skip_dag.py for tasks to queue
[2024-08-16T13:30:28.113+0000] {logging_mixin.py:190} INFO - [2024-08-16T13:30:28.113+0000] {dagbag.py:587} INFO - Filling up the DagBag from /home/airflow/.local/lib/python3.12/site-packages/airflow/example_dags/example_skip_dag.py
[2024-08-16T13:30:28.121+0000] {processor.py:925} INFO - DAG(s) 'example_skip_dag' retrieved from /home/airflow/.local/lib/python3.12/site-packages/airflow/example_dags/example_skip_dag.py
[2024-08-16T13:30:28.145+0000] {logging_mixin.py:190} INFO - [2024-08-16T13:30:28.145+0000] {dag.py:3211} INFO - Sync 1 DAGs
[2024-08-16T13:30:28.174+0000] {logging_mixin.py:190} INFO - [2024-08-16T13:30:28.174+0000] {dag.py:4138} INFO - Setting next_dagrun for example_skip_dag to 2024-08-15 00:00:00+00:00, run_after=2024-08-16 00:00:00+00:00
[2024-08-16T13:30:28.194+0000] {processor.py:208} INFO - Processing /home/airflow/.local/lib/python3.12/site-packages/airflow/example_dags/example_skip_dag.py took 0.090 seconds
[2024-08-16T13:30:58.720+0000] {processor.py:186} INFO - Started process (PID=7236) to work on /home/airflow/.local/lib/python3.12/site-packages/airflow/example_dags/example_skip_dag.py
[2024-08-16T13:30:58.722+0000] {processor.py:914} INFO - Processing file /home/airflow/.local/lib/python3.12/site-packages/airflow/example_dags/example_skip_dag.py for tasks to queue
[2024-08-16T13:30:58.724+0000] {logging_mixin.py:190} INFO - [2024-08-16T13:30:58.724+0000] {dagbag.py:587} INFO - Filling up the DagBag from /home/airflow/.local/lib/python3.12/site-packages/airflow/example_dags/example_skip_dag.py
[2024-08-16T13:30:58.733+0000] {processor.py:925} INFO - DAG(s) 'example_skip_dag' retrieved from /home/airflow/.local/lib/python3.12/site-packages/airflow/example_dags/example_skip_dag.py
[2024-08-16T13:30:58.756+0000] {logging_mixin.py:190} INFO - [2024-08-16T13:30:58.756+0000] {dag.py:3211} INFO - Sync 1 DAGs
[2024-08-16T13:30:58.787+0000] {logging_mixin.py:190} INFO - [2024-08-16T13:30:58.785+0000] {dag.py:4138} INFO - Setting next_dagrun for example_skip_dag to 2024-08-15 00:00:00+00:00, run_after=2024-08-16 00:00:00+00:00
[2024-08-16T13:30:58.817+0000] {processor.py:208} INFO - Processing /home/airflow/.local/lib/python3.12/site-packages/airflow/example_dags/example_skip_dag.py took 0.103 seconds
[2024-08-16T13:31:29.257+0000] {processor.py:186} INFO - Started process (PID=7524) to work on /home/airflow/.local/lib/python3.12/site-packages/airflow/example_dags/example_skip_dag.py
[2024-08-16T13:31:29.258+0000] {processor.py:914} INFO - Processing file /home/airflow/.local/lib/python3.12/site-packages/airflow/example_dags/example_skip_dag.py for tasks to queue
[2024-08-16T13:31:29.261+0000] {logging_mixin.py:190} INFO - [2024-08-16T13:31:29.260+0000] {dagbag.py:587} INFO - Filling up the DagBag from /home/airflow/.local/lib/python3.12/site-packages/airflow/example_dags/example_skip_dag.py
[2024-08-16T13:31:29.269+0000] {processor.py:925} INFO - DAG(s) 'example_skip_dag' retrieved from /home/airflow/.local/lib/python3.12/site-packages/airflow/example_dags/example_skip_dag.py
[2024-08-16T13:31:29.294+0000] {logging_mixin.py:190} INFO - [2024-08-16T13:31:29.293+0000] {dag.py:3211} INFO - Sync 1 DAGs
[2024-08-16T13:31:29.319+0000] {logging_mixin.py:190} INFO - [2024-08-16T13:31:29.319+0000] {dag.py:4138} INFO - Setting next_dagrun for example_skip_dag to 2024-08-15 00:00:00+00:00, run_after=2024-08-16 00:00:00+00:00
[2024-08-16T13:31:29.339+0000] {processor.py:208} INFO - Processing /home/airflow/.local/lib/python3.12/site-packages/airflow/example_dags/example_skip_dag.py took 0.089 seconds
[2024-08-16T13:31:59.783+0000] {processor.py:186} INFO - Started process (PID=7810) to work on /home/airflow/.local/lib/python3.12/site-packages/airflow/example_dags/example_skip_dag.py
[2024-08-16T13:31:59.784+0000] {processor.py:914} INFO - Processing file /home/airflow/.local/lib/python3.12/site-packages/airflow/example_dags/example_skip_dag.py for tasks to queue
[2024-08-16T13:31:59.787+0000] {logging_mixin.py:190} INFO - [2024-08-16T13:31:59.787+0000] {dagbag.py:587} INFO - Filling up the DagBag from /home/airflow/.local/lib/python3.12/site-packages/airflow/example_dags/example_skip_dag.py
[2024-08-16T13:31:59.795+0000] {processor.py:925} INFO - DAG(s) 'example_skip_dag' retrieved from /home/airflow/.local/lib/python3.12/site-packages/airflow/example_dags/example_skip_dag.py
[2024-08-16T13:31:59.819+0000] {logging_mixin.py:190} INFO - [2024-08-16T13:31:59.819+0000] {dag.py:3211} INFO - Sync 1 DAGs
[2024-08-16T13:31:59.844+0000] {logging_mixin.py:190} INFO - [2024-08-16T13:31:59.844+0000] {dag.py:4138} INFO - Setting next_dagrun for example_skip_dag to 2024-08-15 00:00:00+00:00, run_after=2024-08-16 00:00:00+00:00
[2024-08-16T13:31:59.864+0000] {processor.py:208} INFO - Processing /home/airflow/.local/lib/python3.12/site-packages/airflow/example_dags/example_skip_dag.py took 0.087 seconds
[2024-08-16T13:32:30.383+0000] {processor.py:186} INFO - Started process (PID=8096) to work on /home/airflow/.local/lib/python3.12/site-packages/airflow/example_dags/example_skip_dag.py
[2024-08-16T13:32:30.384+0000] {processor.py:914} INFO - Processing file /home/airflow/.local/lib/python3.12/site-packages/airflow/example_dags/example_skip_dag.py for tasks to queue
[2024-08-16T13:32:30.387+0000] {logging_mixin.py:190} INFO - [2024-08-16T13:32:30.386+0000] {dagbag.py:587} INFO - Filling up the DagBag from /home/airflow/.local/lib/python3.12/site-packages/airflow/example_dags/example_skip_dag.py
[2024-08-16T13:32:30.395+0000] {processor.py:925} INFO - DAG(s) 'example_skip_dag' retrieved from /home/airflow/.local/lib/python3.12/site-packages/airflow/example_dags/example_skip_dag.py
[2024-08-16T13:32:30.418+0000] {logging_mixin.py:190} INFO - [2024-08-16T13:32:30.418+0000] {dag.py:3211} INFO - Sync 1 DAGs
[2024-08-16T13:32:30.445+0000] {logging_mixin.py:190} INFO - [2024-08-16T13:32:30.444+0000] {dag.py:4138} INFO - Setting next_dagrun for example_skip_dag to 2024-08-15 00:00:00+00:00, run_after=2024-08-16 00:00:00+00:00
[2024-08-16T13:32:30.464+0000] {processor.py:208} INFO - Processing /home/airflow/.local/lib/python3.12/site-packages/airflow/example_dags/example_skip_dag.py took 0.087 seconds
[2024-08-16T13:33:00.810+0000] {processor.py:186} INFO - Started process (PID=8382) to work on /home/airflow/.local/lib/python3.12/site-packages/airflow/example_dags/example_skip_dag.py
[2024-08-16T13:33:00.811+0000] {processor.py:914} INFO - Processing file /home/airflow/.local/lib/python3.12/site-packages/airflow/example_dags/example_skip_dag.py for tasks to queue
[2024-08-16T13:33:00.813+0000] {logging_mixin.py:190} INFO - [2024-08-16T13:33:00.813+0000] {dagbag.py:587} INFO - Filling up the DagBag from /home/airflow/.local/lib/python3.12/site-packages/airflow/example_dags/example_skip_dag.py
[2024-08-16T13:33:00.823+0000] {processor.py:925} INFO - DAG(s) 'example_skip_dag' retrieved from /home/airflow/.local/lib/python3.12/site-packages/airflow/example_dags/example_skip_dag.py
[2024-08-16T13:33:00.850+0000] {logging_mixin.py:190} INFO - [2024-08-16T13:33:00.849+0000] {dag.py:3211} INFO - Sync 1 DAGs
[2024-08-16T13:33:00.880+0000] {logging_mixin.py:190} INFO - [2024-08-16T13:33:00.880+0000] {dag.py:4138} INFO - Setting next_dagrun for example_skip_dag to 2024-08-15 00:00:00+00:00, run_after=2024-08-16 00:00:00+00:00
[2024-08-16T13:33:00.902+0000] {processor.py:208} INFO - Processing /home/airflow/.local/lib/python3.12/site-packages/airflow/example_dags/example_skip_dag.py took 0.099 seconds
[2024-08-16T13:33:31.177+0000] {processor.py:186} INFO - Started process (PID=8668) to work on /home/airflow/.local/lib/python3.12/site-packages/airflow/example_dags/example_skip_dag.py
[2024-08-16T13:33:31.178+0000] {processor.py:914} INFO - Processing file /home/airflow/.local/lib/python3.12/site-packages/airflow/example_dags/example_skip_dag.py for tasks to queue
[2024-08-16T13:33:31.181+0000] {logging_mixin.py:190} INFO - [2024-08-16T13:33:31.181+0000] {dagbag.py:587} INFO - Filling up the DagBag from /home/airflow/.local/lib/python3.12/site-packages/airflow/example_dags/example_skip_dag.py
[2024-08-16T13:33:31.190+0000] {processor.py:925} INFO - DAG(s) 'example_skip_dag' retrieved from /home/airflow/.local/lib/python3.12/site-packages/airflow/example_dags/example_skip_dag.py
[2024-08-16T13:33:31.213+0000] {logging_mixin.py:190} INFO - [2024-08-16T13:33:31.213+0000] {dag.py:3211} INFO - Sync 1 DAGs
[2024-08-16T13:33:31.240+0000] {logging_mixin.py:190} INFO - [2024-08-16T13:33:31.240+0000] {dag.py:4138} INFO - Setting next_dagrun for example_skip_dag to 2024-08-15 00:00:00+00:00, run_after=2024-08-16 00:00:00+00:00
[2024-08-16T13:33:31.261+0000] {processor.py:208} INFO - Processing /home/airflow/.local/lib/python3.12/site-packages/airflow/example_dags/example_skip_dag.py took 0.091 seconds
[2024-08-16T13:34:01.429+0000] {processor.py:186} INFO - Started process (PID=8954) to work on /home/airflow/.local/lib/python3.12/site-packages/airflow/example_dags/example_skip_dag.py
[2024-08-16T13:34:01.430+0000] {processor.py:914} INFO - Processing file /home/airflow/.local/lib/python3.12/site-packages/airflow/example_dags/example_skip_dag.py for tasks to queue
[2024-08-16T13:34:01.433+0000] {logging_mixin.py:190} INFO - [2024-08-16T13:34:01.433+0000] {dagbag.py:587} INFO - Filling up the DagBag from /home/airflow/.local/lib/python3.12/site-packages/airflow/example_dags/example_skip_dag.py
[2024-08-16T13:34:01.442+0000] {processor.py:925} INFO - DAG(s) 'example_skip_dag' retrieved from /home/airflow/.local/lib/python3.12/site-packages/airflow/example_dags/example_skip_dag.py
[2024-08-16T13:34:01.467+0000] {logging_mixin.py:190} INFO - [2024-08-16T13:34:01.467+0000] {dag.py:3211} INFO - Sync 1 DAGs
[2024-08-16T13:34:01.493+0000] {logging_mixin.py:190} INFO - [2024-08-16T13:34:01.493+0000] {dag.py:4138} INFO - Setting next_dagrun for example_skip_dag to 2024-08-15 00:00:00+00:00, run_after=2024-08-16 00:00:00+00:00
[2024-08-16T13:34:01.513+0000] {processor.py:208} INFO - Processing /home/airflow/.local/lib/python3.12/site-packages/airflow/example_dags/example_skip_dag.py took 0.091 seconds
[2024-08-16T13:34:31.999+0000] {processor.py:186} INFO - Started process (PID=9238) to work on /home/airflow/.local/lib/python3.12/site-packages/airflow/example_dags/example_skip_dag.py
[2024-08-16T13:34:32.000+0000] {processor.py:914} INFO - Processing file /home/airflow/.local/lib/python3.12/site-packages/airflow/example_dags/example_skip_dag.py for tasks to queue
[2024-08-16T13:34:32.002+0000] {logging_mixin.py:190} INFO - [2024-08-16T13:34:32.002+0000] {dagbag.py:587} INFO - Filling up the DagBag from /home/airflow/.local/lib/python3.12/site-packages/airflow/example_dags/example_skip_dag.py
[2024-08-16T13:34:32.011+0000] {processor.py:925} INFO - DAG(s) 'example_skip_dag' retrieved from /home/airflow/.local/lib/python3.12/site-packages/airflow/example_dags/example_skip_dag.py
[2024-08-16T13:34:32.035+0000] {logging_mixin.py:190} INFO - [2024-08-16T13:34:32.034+0000] {dag.py:3211} INFO - Sync 1 DAGs
[2024-08-16T13:34:32.061+0000] {logging_mixin.py:190} INFO - [2024-08-16T13:34:32.060+0000] {dag.py:4138} INFO - Setting next_dagrun for example_skip_dag to 2024-08-15 00:00:00+00:00, run_after=2024-08-16 00:00:00+00:00
[2024-08-16T13:34:32.081+0000] {processor.py:208} INFO - Processing /home/airflow/.local/lib/python3.12/site-packages/airflow/example_dags/example_skip_dag.py took 0.090 seconds
[2024-08-16T13:35:02.393+0000] {processor.py:186} INFO - Started process (PID=9524) to work on /home/airflow/.local/lib/python3.12/site-packages/airflow/example_dags/example_skip_dag.py
[2024-08-16T13:35:02.394+0000] {processor.py:914} INFO - Processing file /home/airflow/.local/lib/python3.12/site-packages/airflow/example_dags/example_skip_dag.py for tasks to queue
[2024-08-16T13:35:02.397+0000] {logging_mixin.py:190} INFO - [2024-08-16T13:35:02.397+0000] {dagbag.py:587} INFO - Filling up the DagBag from /home/airflow/.local/lib/python3.12/site-packages/airflow/example_dags/example_skip_dag.py
[2024-08-16T13:35:02.406+0000] {processor.py:925} INFO - DAG(s) 'example_skip_dag' retrieved from /home/airflow/.local/lib/python3.12/site-packages/airflow/example_dags/example_skip_dag.py
[2024-08-16T13:35:02.431+0000] {logging_mixin.py:190} INFO - [2024-08-16T13:35:02.431+0000] {dag.py:3211} INFO - Sync 1 DAGs
[2024-08-16T13:35:02.460+0000] {logging_mixin.py:190} INFO - [2024-08-16T13:35:02.459+0000] {dag.py:4138} INFO - Setting next_dagrun for example_skip_dag to 2024-08-15 00:00:00+00:00, run_after=2024-08-16 00:00:00+00:00
[2024-08-16T13:35:02.480+0000] {processor.py:208} INFO - Processing /home/airflow/.local/lib/python3.12/site-packages/airflow/example_dags/example_skip_dag.py took 0.095 seconds
[2024-08-16T13:35:32.970+0000] {processor.py:186} INFO - Started process (PID=9812) to work on /home/airflow/.local/lib/python3.12/site-packages/airflow/example_dags/example_skip_dag.py
[2024-08-16T13:35:32.971+0000] {processor.py:914} INFO - Processing file /home/airflow/.local/lib/python3.12/site-packages/airflow/example_dags/example_skip_dag.py for tasks to queue
[2024-08-16T13:35:32.973+0000] {logging_mixin.py:190} INFO - [2024-08-16T13:35:32.973+0000] {dagbag.py:587} INFO - Filling up the DagBag from /home/airflow/.local/lib/python3.12/site-packages/airflow/example_dags/example_skip_dag.py
[2024-08-16T13:35:32.981+0000] {processor.py:925} INFO - DAG(s) 'example_skip_dag' retrieved from /home/airflow/.local/lib/python3.12/site-packages/airflow/example_dags/example_skip_dag.py
[2024-08-16T13:35:33.005+0000] {logging_mixin.py:190} INFO - [2024-08-16T13:35:33.005+0000] {dag.py:3211} INFO - Sync 1 DAGs
[2024-08-16T13:35:33.031+0000] {logging_mixin.py:190} INFO - [2024-08-16T13:35:33.031+0000] {dag.py:4138} INFO - Setting next_dagrun for example_skip_dag to 2024-08-15 00:00:00+00:00, run_after=2024-08-16 00:00:00+00:00
[2024-08-16T13:35:33.051+0000] {processor.py:208} INFO - Processing /home/airflow/.local/lib/python3.12/site-packages/airflow/example_dags/example_skip_dag.py took 0.087 seconds
[2024-08-16T13:36:03.428+0000] {processor.py:186} INFO - Started process (PID=10098) to work on /home/airflow/.local/lib/python3.12/site-packages/airflow/example_dags/example_skip_dag.py
[2024-08-16T13:36:03.429+0000] {processor.py:914} INFO - Processing file /home/airflow/.local/lib/python3.12/site-packages/airflow/example_dags/example_skip_dag.py for tasks to queue
[2024-08-16T13:36:03.431+0000] {logging_mixin.py:190} INFO - [2024-08-16T13:36:03.431+0000] {dagbag.py:587} INFO - Filling up the DagBag from /home/airflow/.local/lib/python3.12/site-packages/airflow/example_dags/example_skip_dag.py
[2024-08-16T13:36:03.440+0000] {processor.py:925} INFO - DAG(s) 'example_skip_dag' retrieved from /home/airflow/.local/lib/python3.12/site-packages/airflow/example_dags/example_skip_dag.py
[2024-08-16T13:36:03.464+0000] {logging_mixin.py:190} INFO - [2024-08-16T13:36:03.464+0000] {dag.py:3211} INFO - Sync 1 DAGs
[2024-08-16T13:36:03.490+0000] {logging_mixin.py:190} INFO - [2024-08-16T13:36:03.490+0000] {dag.py:4138} INFO - Setting next_dagrun for example_skip_dag to 2024-08-15 00:00:00+00:00, run_after=2024-08-16 00:00:00+00:00
[2024-08-16T13:36:03.516+0000] {processor.py:208} INFO - Processing /home/airflow/.local/lib/python3.12/site-packages/airflow/example_dags/example_skip_dag.py took 0.095 seconds
[2024-08-16T13:36:33.907+0000] {processor.py:186} INFO - Started process (PID=10384) to work on /home/airflow/.local/lib/python3.12/site-packages/airflow/example_dags/example_skip_dag.py
[2024-08-16T13:36:33.908+0000] {processor.py:914} INFO - Processing file /home/airflow/.local/lib/python3.12/site-packages/airflow/example_dags/example_skip_dag.py for tasks to queue
[2024-08-16T13:36:33.911+0000] {logging_mixin.py:190} INFO - [2024-08-16T13:36:33.910+0000] {dagbag.py:587} INFO - Filling up the DagBag from /home/airflow/.local/lib/python3.12/site-packages/airflow/example_dags/example_skip_dag.py
[2024-08-16T13:36:33.920+0000] {processor.py:925} INFO - DAG(s) 'example_skip_dag' retrieved from /home/airflow/.local/lib/python3.12/site-packages/airflow/example_dags/example_skip_dag.py
[2024-08-16T13:36:33.946+0000] {logging_mixin.py:190} INFO - [2024-08-16T13:36:33.946+0000] {dag.py:3211} INFO - Sync 1 DAGs
[2024-08-16T13:36:33.974+0000] {logging_mixin.py:190} INFO - [2024-08-16T13:36:33.974+0000] {dag.py:4138} INFO - Setting next_dagrun for example_skip_dag to 2024-08-15 00:00:00+00:00, run_after=2024-08-16 00:00:00+00:00
[2024-08-16T13:36:33.992+0000] {processor.py:208} INFO - Processing /home/airflow/.local/lib/python3.12/site-packages/airflow/example_dags/example_skip_dag.py took 0.093 seconds
[2024-08-16T13:37:04.151+0000] {processor.py:186} INFO - Started process (PID=10668) to work on /home/airflow/.local/lib/python3.12/site-packages/airflow/example_dags/example_skip_dag.py
[2024-08-16T13:37:04.153+0000] {processor.py:914} INFO - Processing file /home/airflow/.local/lib/python3.12/site-packages/airflow/example_dags/example_skip_dag.py for tasks to queue
[2024-08-16T13:37:04.155+0000] {logging_mixin.py:190} INFO - [2024-08-16T13:37:04.155+0000] {dagbag.py:587} INFO - Filling up the DagBag from /home/airflow/.local/lib/python3.12/site-packages/airflow/example_dags/example_skip_dag.py
[2024-08-16T13:37:04.163+0000] {processor.py:925} INFO - DAG(s) 'example_skip_dag' retrieved from /home/airflow/.local/lib/python3.12/site-packages/airflow/example_dags/example_skip_dag.py
[2024-08-16T13:37:04.186+0000] {logging_mixin.py:190} INFO - [2024-08-16T13:37:04.186+0000] {dag.py:3211} INFO - Sync 1 DAGs
[2024-08-16T13:37:04.210+0000] {logging_mixin.py:190} INFO - [2024-08-16T13:37:04.210+0000] {dag.py:4138} INFO - Setting next_dagrun for example_skip_dag to 2024-08-15 00:00:00+00:00, run_after=2024-08-16 00:00:00+00:00
[2024-08-16T13:37:04.230+0000] {processor.py:208} INFO - Processing /home/airflow/.local/lib/python3.12/site-packages/airflow/example_dags/example_skip_dag.py took 0.086 seconds
[2024-08-16T13:37:34.498+0000] {processor.py:186} INFO - Started process (PID=10955) to work on /home/airflow/.local/lib/python3.12/site-packages/airflow/example_dags/example_skip_dag.py
[2024-08-16T13:37:34.500+0000] {processor.py:914} INFO - Processing file /home/airflow/.local/lib/python3.12/site-packages/airflow/example_dags/example_skip_dag.py for tasks to queue
[2024-08-16T13:37:34.502+0000] {logging_mixin.py:190} INFO - [2024-08-16T13:37:34.502+0000] {dagbag.py:587} INFO - Filling up the DagBag from /home/airflow/.local/lib/python3.12/site-packages/airflow/example_dags/example_skip_dag.py
[2024-08-16T13:37:34.512+0000] {processor.py:925} INFO - DAG(s) 'example_skip_dag' retrieved from /home/airflow/.local/lib/python3.12/site-packages/airflow/example_dags/example_skip_dag.py
[2024-08-16T13:37:34.536+0000] {logging_mixin.py:190} INFO - [2024-08-16T13:37:34.536+0000] {dag.py:3211} INFO - Sync 1 DAGs
[2024-08-16T13:37:34.563+0000] {logging_mixin.py:190} INFO - [2024-08-16T13:37:34.563+0000] {dag.py:4138} INFO - Setting next_dagrun for example_skip_dag to 2024-08-15 00:00:00+00:00, run_after=2024-08-16 00:00:00+00:00
[2024-08-16T13:37:34.586+0000] {processor.py:208} INFO - Processing /home/airflow/.local/lib/python3.12/site-packages/airflow/example_dags/example_skip_dag.py took 0.095 seconds
[2024-08-16T13:38:04.946+0000] {processor.py:186} INFO - Started process (PID=11241) to work on /home/airflow/.local/lib/python3.12/site-packages/airflow/example_dags/example_skip_dag.py
[2024-08-16T13:38:04.948+0000] {processor.py:914} INFO - Processing file /home/airflow/.local/lib/python3.12/site-packages/airflow/example_dags/example_skip_dag.py for tasks to queue
[2024-08-16T13:38:04.950+0000] {logging_mixin.py:190} INFO - [2024-08-16T13:38:04.950+0000] {dagbag.py:587} INFO - Filling up the DagBag from /home/airflow/.local/lib/python3.12/site-packages/airflow/example_dags/example_skip_dag.py
[2024-08-16T13:38:04.958+0000] {processor.py:925} INFO - DAG(s) 'example_skip_dag' retrieved from /home/airflow/.local/lib/python3.12/site-packages/airflow/example_dags/example_skip_dag.py
[2024-08-16T13:38:04.982+0000] {logging_mixin.py:190} INFO - [2024-08-16T13:38:04.981+0000] {dag.py:3211} INFO - Sync 1 DAGs
[2024-08-16T13:38:05.005+0000] {logging_mixin.py:190} INFO - [2024-08-16T13:38:05.005+0000] {dag.py:4138} INFO - Setting next_dagrun for example_skip_dag to 2024-08-15 00:00:00+00:00, run_after=2024-08-16 00:00:00+00:00
[2024-08-16T13:38:05.027+0000] {processor.py:208} INFO - Processing /home/airflow/.local/lib/python3.12/site-packages/airflow/example_dags/example_skip_dag.py took 0.088 seconds
[2024-08-16T13:38:35.578+0000] {processor.py:186} INFO - Started process (PID=11529) to work on /home/airflow/.local/lib/python3.12/site-packages/airflow/example_dags/example_skip_dag.py
[2024-08-16T13:38:35.580+0000] {processor.py:914} INFO - Processing file /home/airflow/.local/lib/python3.12/site-packages/airflow/example_dags/example_skip_dag.py for tasks to queue
[2024-08-16T13:38:35.582+0000] {logging_mixin.py:190} INFO - [2024-08-16T13:38:35.582+0000] {dagbag.py:587} INFO - Filling up the DagBag from /home/airflow/.local/lib/python3.12/site-packages/airflow/example_dags/example_skip_dag.py
[2024-08-16T13:38:35.590+0000] {processor.py:925} INFO - DAG(s) 'example_skip_dag' retrieved from /home/airflow/.local/lib/python3.12/site-packages/airflow/example_dags/example_skip_dag.py
[2024-08-16T13:38:35.615+0000] {logging_mixin.py:190} INFO - [2024-08-16T13:38:35.614+0000] {dag.py:3211} INFO - Sync 1 DAGs
[2024-08-16T13:38:35.639+0000] {logging_mixin.py:190} INFO - [2024-08-16T13:38:35.639+0000] {dag.py:4138} INFO - Setting next_dagrun for example_skip_dag to 2024-08-15 00:00:00+00:00, run_after=2024-08-16 00:00:00+00:00
[2024-08-16T13:38:35.660+0000] {processor.py:208} INFO - Processing /home/airflow/.local/lib/python3.12/site-packages/airflow/example_dags/example_skip_dag.py took 0.092 seconds
[2024-08-16T13:39:05.830+0000] {processor.py:186} INFO - Started process (PID=11815) to work on /home/airflow/.local/lib/python3.12/site-packages/airflow/example_dags/example_skip_dag.py
[2024-08-16T13:39:05.832+0000] {processor.py:914} INFO - Processing file /home/airflow/.local/lib/python3.12/site-packages/airflow/example_dags/example_skip_dag.py for tasks to queue
[2024-08-16T13:39:05.834+0000] {logging_mixin.py:190} INFO - [2024-08-16T13:39:05.834+0000] {dagbag.py:587} INFO - Filling up the DagBag from /home/airflow/.local/lib/python3.12/site-packages/airflow/example_dags/example_skip_dag.py
[2024-08-16T13:39:05.843+0000] {processor.py:925} INFO - DAG(s) 'example_skip_dag' retrieved from /home/airflow/.local/lib/python3.12/site-packages/airflow/example_dags/example_skip_dag.py
[2024-08-16T13:39:05.866+0000] {logging_mixin.py:190} INFO - [2024-08-16T13:39:05.866+0000] {dag.py:3211} INFO - Sync 1 DAGs
[2024-08-16T13:39:05.890+0000] {logging_mixin.py:190} INFO - [2024-08-16T13:39:05.890+0000] {dag.py:4138} INFO - Setting next_dagrun for example_skip_dag to 2024-08-15 00:00:00+00:00, run_after=2024-08-16 00:00:00+00:00
[2024-08-16T13:39:05.911+0000] {processor.py:208} INFO - Processing /home/airflow/.local/lib/python3.12/site-packages/airflow/example_dags/example_skip_dag.py took 0.088 seconds
[2024-08-16T13:39:36.109+0000] {processor.py:186} INFO - Started process (PID=12101) to work on /home/airflow/.local/lib/python3.12/site-packages/airflow/example_dags/example_skip_dag.py
[2024-08-16T13:39:36.110+0000] {processor.py:914} INFO - Processing file /home/airflow/.local/lib/python3.12/site-packages/airflow/example_dags/example_skip_dag.py for tasks to queue
[2024-08-16T13:39:36.113+0000] {logging_mixin.py:190} INFO - [2024-08-16T13:39:36.112+0000] {dagbag.py:587} INFO - Filling up the DagBag from /home/airflow/.local/lib/python3.12/site-packages/airflow/example_dags/example_skip_dag.py
[2024-08-16T13:39:36.125+0000] {processor.py:925} INFO - DAG(s) 'example_skip_dag' retrieved from /home/airflow/.local/lib/python3.12/site-packages/airflow/example_dags/example_skip_dag.py
[2024-08-16T13:39:36.152+0000] {logging_mixin.py:190} INFO - [2024-08-16T13:39:36.152+0000] {dag.py:3211} INFO - Sync 1 DAGs
[2024-08-16T13:39:36.177+0000] {logging_mixin.py:190} INFO - [2024-08-16T13:39:36.177+0000] {dag.py:4138} INFO - Setting next_dagrun for example_skip_dag to 2024-08-15 00:00:00+00:00, run_after=2024-08-16 00:00:00+00:00
[2024-08-16T13:39:36.197+0000] {processor.py:208} INFO - Processing /home/airflow/.local/lib/python3.12/site-packages/airflow/example_dags/example_skip_dag.py took 0.098 seconds
[2024-08-16T13:40:07.037+0000] {processor.py:186} INFO - Started process (PID=12385) to work on /home/airflow/.local/lib/python3.12/site-packages/airflow/example_dags/example_skip_dag.py
[2024-08-16T13:40:07.038+0000] {processor.py:914} INFO - Processing file /home/airflow/.local/lib/python3.12/site-packages/airflow/example_dags/example_skip_dag.py for tasks to queue
[2024-08-16T13:40:07.041+0000] {logging_mixin.py:190} INFO - [2024-08-16T13:40:07.040+0000] {dagbag.py:587} INFO - Filling up the DagBag from /home/airflow/.local/lib/python3.12/site-packages/airflow/example_dags/example_skip_dag.py
[2024-08-16T13:40:07.050+0000] {processor.py:925} INFO - DAG(s) 'example_skip_dag' retrieved from /home/airflow/.local/lib/python3.12/site-packages/airflow/example_dags/example_skip_dag.py
[2024-08-16T13:40:07.074+0000] {logging_mixin.py:190} INFO - [2024-08-16T13:40:07.074+0000] {dag.py:3211} INFO - Sync 1 DAGs
[2024-08-16T13:40:07.101+0000] {logging_mixin.py:190} INFO - [2024-08-16T13:40:07.101+0000] {dag.py:4138} INFO - Setting next_dagrun for example_skip_dag to 2024-08-15 00:00:00+00:00, run_after=2024-08-16 00:00:00+00:00
[2024-08-16T13:40:07.124+0000] {processor.py:208} INFO - Processing /home/airflow/.local/lib/python3.12/site-packages/airflow/example_dags/example_skip_dag.py took 0.094 seconds
[2024-08-16T13:40:37.825+0000] {processor.py:186} INFO - Started process (PID=12673) to work on /home/airflow/.local/lib/python3.12/site-packages/airflow/example_dags/example_skip_dag.py
[2024-08-16T13:40:37.826+0000] {processor.py:914} INFO - Processing file /home/airflow/.local/lib/python3.12/site-packages/airflow/example_dags/example_skip_dag.py for tasks to queue
[2024-08-16T13:40:37.829+0000] {logging_mixin.py:190} INFO - [2024-08-16T13:40:37.828+0000] {dagbag.py:587} INFO - Filling up the DagBag from /home/airflow/.local/lib/python3.12/site-packages/airflow/example_dags/example_skip_dag.py
[2024-08-16T13:40:37.838+0000] {processor.py:925} INFO - DAG(s) 'example_skip_dag' retrieved from /home/airflow/.local/lib/python3.12/site-packages/airflow/example_dags/example_skip_dag.py
[2024-08-16T13:40:37.863+0000] {logging_mixin.py:190} INFO - [2024-08-16T13:40:37.862+0000] {dag.py:3211} INFO - Sync 1 DAGs
[2024-08-16T13:40:37.889+0000] {logging_mixin.py:190} INFO - [2024-08-16T13:40:37.889+0000] {dag.py:4138} INFO - Setting next_dagrun for example_skip_dag to 2024-08-15 00:00:00+00:00, run_after=2024-08-16 00:00:00+00:00
[2024-08-16T13:40:37.909+0000] {processor.py:208} INFO - Processing /home/airflow/.local/lib/python3.12/site-packages/airflow/example_dags/example_skip_dag.py took 0.092 seconds
[2024-08-16T13:41:08.908+0000] {processor.py:186} INFO - Started process (PID=12959) to work on /home/airflow/.local/lib/python3.12/site-packages/airflow/example_dags/example_skip_dag.py
[2024-08-16T13:41:08.909+0000] {processor.py:914} INFO - Processing file /home/airflow/.local/lib/python3.12/site-packages/airflow/example_dags/example_skip_dag.py for tasks to queue
[2024-08-16T13:41:08.911+0000] {logging_mixin.py:190} INFO - [2024-08-16T13:41:08.911+0000] {dagbag.py:587} INFO - Filling up the DagBag from /home/airflow/.local/lib/python3.12/site-packages/airflow/example_dags/example_skip_dag.py
[2024-08-16T13:41:08.919+0000] {processor.py:925} INFO - DAG(s) 'example_skip_dag' retrieved from /home/airflow/.local/lib/python3.12/site-packages/airflow/example_dags/example_skip_dag.py
[2024-08-16T13:41:08.943+0000] {logging_mixin.py:190} INFO - [2024-08-16T13:41:08.943+0000] {dag.py:3211} INFO - Sync 1 DAGs
[2024-08-16T13:41:08.971+0000] {logging_mixin.py:190} INFO - [2024-08-16T13:41:08.970+0000] {dag.py:4138} INFO - Setting next_dagrun for example_skip_dag to 2024-08-15 00:00:00+00:00, run_after=2024-08-16 00:00:00+00:00
[2024-08-16T13:41:08.991+0000] {processor.py:208} INFO - Processing /home/airflow/.local/lib/python3.12/site-packages/airflow/example_dags/example_skip_dag.py took 0.090 seconds
[2024-08-16T13:41:39.183+0000] {processor.py:186} INFO - Started process (PID=13243) to work on /home/airflow/.local/lib/python3.12/site-packages/airflow/example_dags/example_skip_dag.py
[2024-08-16T13:41:39.184+0000] {processor.py:914} INFO - Processing file /home/airflow/.local/lib/python3.12/site-packages/airflow/example_dags/example_skip_dag.py for tasks to queue
[2024-08-16T13:41:39.186+0000] {logging_mixin.py:190} INFO - [2024-08-16T13:41:39.186+0000] {dagbag.py:587} INFO - Filling up the DagBag from /home/airflow/.local/lib/python3.12/site-packages/airflow/example_dags/example_skip_dag.py
[2024-08-16T13:41:39.196+0000] {processor.py:925} INFO - DAG(s) 'example_skip_dag' retrieved from /home/airflow/.local/lib/python3.12/site-packages/airflow/example_dags/example_skip_dag.py
[2024-08-16T13:41:39.223+0000] {logging_mixin.py:190} INFO - [2024-08-16T13:41:39.223+0000] {dag.py:3211} INFO - Sync 1 DAGs
[2024-08-16T13:41:39.261+0000] {logging_mixin.py:190} INFO - [2024-08-16T13:41:39.261+0000] {dag.py:4138} INFO - Setting next_dagrun for example_skip_dag to 2024-08-15 00:00:00+00:00, run_after=2024-08-16 00:00:00+00:00
[2024-08-16T13:41:39.286+0000] {processor.py:208} INFO - Processing /home/airflow/.local/lib/python3.12/site-packages/airflow/example_dags/example_skip_dag.py took 0.112 seconds
[2024-08-16T13:42:10.000+0000] {processor.py:186} INFO - Started process (PID=13529) to work on /home/airflow/.local/lib/python3.12/site-packages/airflow/example_dags/example_skip_dag.py
[2024-08-16T13:42:10.001+0000] {processor.py:914} INFO - Processing file /home/airflow/.local/lib/python3.12/site-packages/airflow/example_dags/example_skip_dag.py for tasks to queue
[2024-08-16T13:42:10.003+0000] {logging_mixin.py:190} INFO - [2024-08-16T13:42:10.003+0000] {dagbag.py:587} INFO - Filling up the DagBag from /home/airflow/.local/lib/python3.12/site-packages/airflow/example_dags/example_skip_dag.py
[2024-08-16T13:42:10.013+0000] {processor.py:925} INFO - DAG(s) 'example_skip_dag' retrieved from /home/airflow/.local/lib/python3.12/site-packages/airflow/example_dags/example_skip_dag.py
[2024-08-16T13:42:10.039+0000] {logging_mixin.py:190} INFO - [2024-08-16T13:42:10.039+0000] {dag.py:3211} INFO - Sync 1 DAGs
[2024-08-16T13:42:10.072+0000] {logging_mixin.py:190} INFO - [2024-08-16T13:42:10.071+0000] {dag.py:4138} INFO - Setting next_dagrun for example_skip_dag to 2024-08-15 00:00:00+00:00, run_after=2024-08-16 00:00:00+00:00
[2024-08-16T13:42:10.093+0000] {processor.py:208} INFO - Processing /home/airflow/.local/lib/python3.12/site-packages/airflow/example_dags/example_skip_dag.py took 0.100 seconds
[2024-08-16T13:42:40.590+0000] {processor.py:186} INFO - Started process (PID=13815) to work on /home/airflow/.local/lib/python3.12/site-packages/airflow/example_dags/example_skip_dag.py
[2024-08-16T13:42:40.592+0000] {processor.py:914} INFO - Processing file /home/airflow/.local/lib/python3.12/site-packages/airflow/example_dags/example_skip_dag.py for tasks to queue
[2024-08-16T13:42:40.594+0000] {logging_mixin.py:190} INFO - [2024-08-16T13:42:40.594+0000] {dagbag.py:587} INFO - Filling up the DagBag from /home/airflow/.local/lib/python3.12/site-packages/airflow/example_dags/example_skip_dag.py
[2024-08-16T13:42:40.606+0000] {processor.py:925} INFO - DAG(s) 'example_skip_dag' retrieved from /home/airflow/.local/lib/python3.12/site-packages/airflow/example_dags/example_skip_dag.py
[2024-08-16T13:42:40.637+0000] {logging_mixin.py:190} INFO - [2024-08-16T13:42:40.637+0000] {dag.py:3211} INFO - Sync 1 DAGs
[2024-08-16T13:42:40.663+0000] {logging_mixin.py:190} INFO - [2024-08-16T13:42:40.662+0000] {dag.py:4138} INFO - Setting next_dagrun for example_skip_dag to 2024-08-15 00:00:00+00:00, run_after=2024-08-16 00:00:00+00:00
[2024-08-16T13:42:40.681+0000] {processor.py:208} INFO - Processing /home/airflow/.local/lib/python3.12/site-packages/airflow/example_dags/example_skip_dag.py took 0.097 seconds
[2024-08-16T13:43:11.421+0000] {processor.py:186} INFO - Started process (PID=14096) to work on /home/airflow/.local/lib/python3.12/site-packages/airflow/example_dags/example_skip_dag.py
[2024-08-16T13:43:11.422+0000] {processor.py:914} INFO - Processing file /home/airflow/.local/lib/python3.12/site-packages/airflow/example_dags/example_skip_dag.py for tasks to queue
[2024-08-16T13:43:11.425+0000] {logging_mixin.py:190} INFO - [2024-08-16T13:43:11.425+0000] {dagbag.py:587} INFO - Filling up the DagBag from /home/airflow/.local/lib/python3.12/site-packages/airflow/example_dags/example_skip_dag.py
[2024-08-16T13:43:11.434+0000] {processor.py:925} INFO - DAG(s) 'example_skip_dag' retrieved from /home/airflow/.local/lib/python3.12/site-packages/airflow/example_dags/example_skip_dag.py
[2024-08-16T13:43:11.465+0000] {logging_mixin.py:190} INFO - [2024-08-16T13:43:11.465+0000] {dag.py:3211} INFO - Sync 1 DAGs
[2024-08-16T13:43:11.491+0000] {logging_mixin.py:190} INFO - [2024-08-16T13:43:11.491+0000] {dag.py:4138} INFO - Setting next_dagrun for example_skip_dag to 2024-08-15 00:00:00+00:00, run_after=2024-08-16 00:00:00+00:00
[2024-08-16T13:43:11.510+0000] {processor.py:208} INFO - Processing /home/airflow/.local/lib/python3.12/site-packages/airflow/example_dags/example_skip_dag.py took 0.095 seconds
[2024-08-16T13:43:41.888+0000] {processor.py:186} INFO - Started process (PID=14382) to work on /home/airflow/.local/lib/python3.12/site-packages/airflow/example_dags/example_skip_dag.py
[2024-08-16T13:43:41.889+0000] {processor.py:914} INFO - Processing file /home/airflow/.local/lib/python3.12/site-packages/airflow/example_dags/example_skip_dag.py for tasks to queue
[2024-08-16T13:43:41.892+0000] {logging_mixin.py:190} INFO - [2024-08-16T13:43:41.892+0000] {dagbag.py:587} INFO - Filling up the DagBag from /home/airflow/.local/lib/python3.12/site-packages/airflow/example_dags/example_skip_dag.py
[2024-08-16T13:43:41.901+0000] {processor.py:925} INFO - DAG(s) 'example_skip_dag' retrieved from /home/airflow/.local/lib/python3.12/site-packages/airflow/example_dags/example_skip_dag.py
[2024-08-16T13:43:41.928+0000] {logging_mixin.py:190} INFO - [2024-08-16T13:43:41.928+0000] {dag.py:3211} INFO - Sync 1 DAGs
[2024-08-16T13:43:41.955+0000] {logging_mixin.py:190} INFO - [2024-08-16T13:43:41.955+0000] {dag.py:4138} INFO - Setting next_dagrun for example_skip_dag to 2024-08-15 00:00:00+00:00, run_after=2024-08-16 00:00:00+00:00
[2024-08-16T13:43:41.974+0000] {processor.py:208} INFO - Processing /home/airflow/.local/lib/python3.12/site-packages/airflow/example_dags/example_skip_dag.py took 0.093 seconds
[2024-08-16T13:44:12.555+0000] {processor.py:186} INFO - Started process (PID=14668) to work on /home/airflow/.local/lib/python3.12/site-packages/airflow/example_dags/example_skip_dag.py
[2024-08-16T13:44:12.556+0000] {processor.py:914} INFO - Processing file /home/airflow/.local/lib/python3.12/site-packages/airflow/example_dags/example_skip_dag.py for tasks to queue
[2024-08-16T13:44:12.559+0000] {logging_mixin.py:190} INFO - [2024-08-16T13:44:12.558+0000] {dagbag.py:587} INFO - Filling up the DagBag from /home/airflow/.local/lib/python3.12/site-packages/airflow/example_dags/example_skip_dag.py
[2024-08-16T13:44:12.569+0000] {processor.py:925} INFO - DAG(s) 'example_skip_dag' retrieved from /home/airflow/.local/lib/python3.12/site-packages/airflow/example_dags/example_skip_dag.py
[2024-08-16T13:44:12.596+0000] {logging_mixin.py:190} INFO - [2024-08-16T13:44:12.595+0000] {dag.py:3211} INFO - Sync 1 DAGs
[2024-08-16T13:44:12.622+0000] {logging_mixin.py:190} INFO - [2024-08-16T13:44:12.622+0000] {dag.py:4138} INFO - Setting next_dagrun for example_skip_dag to 2024-08-15 00:00:00+00:00, run_after=2024-08-16 00:00:00+00:00
[2024-08-16T13:44:12.642+0000] {processor.py:208} INFO - Processing /home/airflow/.local/lib/python3.12/site-packages/airflow/example_dags/example_skip_dag.py took 0.094 seconds
[2024-08-16T13:44:43.032+0000] {processor.py:186} INFO - Started process (PID=14954) to work on /home/airflow/.local/lib/python3.12/site-packages/airflow/example_dags/example_skip_dag.py
[2024-08-16T13:44:43.033+0000] {processor.py:914} INFO - Processing file /home/airflow/.local/lib/python3.12/site-packages/airflow/example_dags/example_skip_dag.py for tasks to queue
[2024-08-16T13:44:43.036+0000] {logging_mixin.py:190} INFO - [2024-08-16T13:44:43.035+0000] {dagbag.py:587} INFO - Filling up the DagBag from /home/airflow/.local/lib/python3.12/site-packages/airflow/example_dags/example_skip_dag.py
[2024-08-16T13:44:43.044+0000] {processor.py:925} INFO - DAG(s) 'example_skip_dag' retrieved from /home/airflow/.local/lib/python3.12/site-packages/airflow/example_dags/example_skip_dag.py
[2024-08-16T13:44:43.071+0000] {logging_mixin.py:190} INFO - [2024-08-16T13:44:43.070+0000] {dag.py:3211} INFO - Sync 1 DAGs
[2024-08-16T13:44:43.098+0000] {logging_mixin.py:190} INFO - [2024-08-16T13:44:43.098+0000] {dag.py:4138} INFO - Setting next_dagrun for example_skip_dag to 2024-08-15 00:00:00+00:00, run_after=2024-08-16 00:00:00+00:00
[2024-08-16T13:44:43.119+0000] {processor.py:208} INFO - Processing /home/airflow/.local/lib/python3.12/site-packages/airflow/example_dags/example_skip_dag.py took 0.094 seconds
[2024-08-16T13:45:13.386+0000] {processor.py:186} INFO - Started process (PID=15240) to work on /home/airflow/.local/lib/python3.12/site-packages/airflow/example_dags/example_skip_dag.py
[2024-08-16T13:45:13.388+0000] {processor.py:914} INFO - Processing file /home/airflow/.local/lib/python3.12/site-packages/airflow/example_dags/example_skip_dag.py for tasks to queue
[2024-08-16T13:45:13.405+0000] {logging_mixin.py:190} INFO - [2024-08-16T13:45:13.405+0000] {dagbag.py:587} INFO - Filling up the DagBag from /home/airflow/.local/lib/python3.12/site-packages/airflow/example_dags/example_skip_dag.py
[2024-08-16T13:45:13.443+0000] {processor.py:925} INFO - DAG(s) 'example_skip_dag' retrieved from /home/airflow/.local/lib/python3.12/site-packages/airflow/example_dags/example_skip_dag.py
[2024-08-16T13:45:13.471+0000] {logging_mixin.py:190} INFO - [2024-08-16T13:45:13.471+0000] {dag.py:3211} INFO - Sync 1 DAGs
[2024-08-16T13:45:13.500+0000] {logging_mixin.py:190} INFO - [2024-08-16T13:45:13.500+0000] {dag.py:4138} INFO - Setting next_dagrun for example_skip_dag to 2024-08-15 00:00:00+00:00, run_after=2024-08-16 00:00:00+00:00
[2024-08-16T13:45:13.522+0000] {processor.py:208} INFO - Processing /home/airflow/.local/lib/python3.12/site-packages/airflow/example_dags/example_skip_dag.py took 0.147 seconds
[2024-08-16T13:45:43.852+0000] {processor.py:186} INFO - Started process (PID=15526) to work on /home/airflow/.local/lib/python3.12/site-packages/airflow/example_dags/example_skip_dag.py
[2024-08-16T13:45:43.853+0000] {processor.py:914} INFO - Processing file /home/airflow/.local/lib/python3.12/site-packages/airflow/example_dags/example_skip_dag.py for tasks to queue
[2024-08-16T13:45:43.856+0000] {logging_mixin.py:190} INFO - [2024-08-16T13:45:43.855+0000] {dagbag.py:587} INFO - Filling up the DagBag from /home/airflow/.local/lib/python3.12/site-packages/airflow/example_dags/example_skip_dag.py
[2024-08-16T13:45:43.865+0000] {processor.py:925} INFO - DAG(s) 'example_skip_dag' retrieved from /home/airflow/.local/lib/python3.12/site-packages/airflow/example_dags/example_skip_dag.py
[2024-08-16T13:45:43.900+0000] {logging_mixin.py:190} INFO - [2024-08-16T13:45:43.900+0000] {dag.py:3211} INFO - Sync 1 DAGs
[2024-08-16T13:45:43.931+0000] {logging_mixin.py:190} INFO - [2024-08-16T13:45:43.930+0000] {dag.py:4138} INFO - Setting next_dagrun for example_skip_dag to 2024-08-15 00:00:00+00:00, run_after=2024-08-16 00:00:00+00:00
[2024-08-16T13:45:43.959+0000] {processor.py:208} INFO - Processing /home/airflow/.local/lib/python3.12/site-packages/airflow/example_dags/example_skip_dag.py took 0.116 seconds
[2024-08-16T13:46:15.237+0000] {processor.py:186} INFO - Started process (PID=15812) to work on /home/airflow/.local/lib/python3.12/site-packages/airflow/example_dags/example_skip_dag.py
[2024-08-16T13:46:15.239+0000] {processor.py:914} INFO - Processing file /home/airflow/.local/lib/python3.12/site-packages/airflow/example_dags/example_skip_dag.py for tasks to queue
[2024-08-16T13:46:15.242+0000] {logging_mixin.py:190} INFO - [2024-08-16T13:46:15.241+0000] {dagbag.py:587} INFO - Filling up the DagBag from /home/airflow/.local/lib/python3.12/site-packages/airflow/example_dags/example_skip_dag.py
[2024-08-16T13:46:15.257+0000] {processor.py:925} INFO - DAG(s) 'example_skip_dag' retrieved from /home/airflow/.local/lib/python3.12/site-packages/airflow/example_dags/example_skip_dag.py
[2024-08-16T13:46:15.291+0000] {logging_mixin.py:190} INFO - [2024-08-16T13:46:15.291+0000] {dag.py:3211} INFO - Sync 1 DAGs
[2024-08-16T13:46:15.341+0000] {logging_mixin.py:190} INFO - [2024-08-16T13:46:15.341+0000] {dag.py:4138} INFO - Setting next_dagrun for example_skip_dag to 2024-08-15 00:00:00+00:00, run_after=2024-08-16 00:00:00+00:00
[2024-08-16T13:46:15.372+0000] {processor.py:208} INFO - Processing /home/airflow/.local/lib/python3.12/site-packages/airflow/example_dags/example_skip_dag.py took 0.144 seconds
[2024-08-16T13:46:45.950+0000] {processor.py:186} INFO - Started process (PID=16098) to work on /home/airflow/.local/lib/python3.12/site-packages/airflow/example_dags/example_skip_dag.py
[2024-08-16T13:46:45.952+0000] {processor.py:914} INFO - Processing file /home/airflow/.local/lib/python3.12/site-packages/airflow/example_dags/example_skip_dag.py for tasks to queue
[2024-08-16T13:46:45.955+0000] {logging_mixin.py:190} INFO - [2024-08-16T13:46:45.955+0000] {dagbag.py:587} INFO - Filling up the DagBag from /home/airflow/.local/lib/python3.12/site-packages/airflow/example_dags/example_skip_dag.py
[2024-08-16T13:46:45.966+0000] {processor.py:925} INFO - DAG(s) 'example_skip_dag' retrieved from /home/airflow/.local/lib/python3.12/site-packages/airflow/example_dags/example_skip_dag.py
[2024-08-16T13:46:46.001+0000] {logging_mixin.py:190} INFO - [2024-08-16T13:46:46.001+0000] {dag.py:3211} INFO - Sync 1 DAGs
[2024-08-16T13:46:46.046+0000] {logging_mixin.py:190} INFO - [2024-08-16T13:46:46.046+0000] {dag.py:4138} INFO - Setting next_dagrun for example_skip_dag to 2024-08-15 00:00:00+00:00, run_after=2024-08-16 00:00:00+00:00
[2024-08-16T13:46:46.086+0000] {processor.py:208} INFO - Processing /home/airflow/.local/lib/python3.12/site-packages/airflow/example_dags/example_skip_dag.py took 0.156 seconds
[2024-08-16T13:47:16.671+0000] {processor.py:186} INFO - Started process (PID=16386) to work on /home/airflow/.local/lib/python3.12/site-packages/airflow/example_dags/example_skip_dag.py
[2024-08-16T13:47:16.672+0000] {processor.py:914} INFO - Processing file /home/airflow/.local/lib/python3.12/site-packages/airflow/example_dags/example_skip_dag.py for tasks to queue
[2024-08-16T13:47:16.675+0000] {logging_mixin.py:190} INFO - [2024-08-16T13:47:16.674+0000] {dagbag.py:587} INFO - Filling up the DagBag from /home/airflow/.local/lib/python3.12/site-packages/airflow/example_dags/example_skip_dag.py
[2024-08-16T13:47:16.683+0000] {processor.py:925} INFO - DAG(s) 'example_skip_dag' retrieved from /home/airflow/.local/lib/python3.12/site-packages/airflow/example_dags/example_skip_dag.py
[2024-08-16T13:47:16.709+0000] {logging_mixin.py:190} INFO - [2024-08-16T13:47:16.708+0000] {dag.py:3211} INFO - Sync 1 DAGs
[2024-08-16T13:47:16.737+0000] {logging_mixin.py:190} INFO - [2024-08-16T13:47:16.736+0000] {dag.py:4138} INFO - Setting next_dagrun for example_skip_dag to 2024-08-15 00:00:00+00:00, run_after=2024-08-16 00:00:00+00:00
[2024-08-16T13:47:16.757+0000] {processor.py:208} INFO - Processing /home/airflow/.local/lib/python3.12/site-packages/airflow/example_dags/example_skip_dag.py took 0.096 seconds
[2024-08-16T13:47:47.307+0000] {processor.py:186} INFO - Started process (PID=16670) to work on /home/airflow/.local/lib/python3.12/site-packages/airflow/example_dags/example_skip_dag.py
[2024-08-16T13:47:47.308+0000] {processor.py:914} INFO - Processing file /home/airflow/.local/lib/python3.12/site-packages/airflow/example_dags/example_skip_dag.py for tasks to queue
[2024-08-16T13:47:47.311+0000] {logging_mixin.py:190} INFO - [2024-08-16T13:47:47.311+0000] {dagbag.py:587} INFO - Filling up the DagBag from /home/airflow/.local/lib/python3.12/site-packages/airflow/example_dags/example_skip_dag.py
[2024-08-16T13:47:47.321+0000] {processor.py:925} INFO - DAG(s) 'example_skip_dag' retrieved from /home/airflow/.local/lib/python3.12/site-packages/airflow/example_dags/example_skip_dag.py
[2024-08-16T13:47:47.346+0000] {logging_mixin.py:190} INFO - [2024-08-16T13:47:47.346+0000] {dag.py:3211} INFO - Sync 1 DAGs
[2024-08-16T13:47:47.377+0000] {logging_mixin.py:190} INFO - [2024-08-16T13:47:47.377+0000] {dag.py:4138} INFO - Setting next_dagrun for example_skip_dag to 2024-08-15 00:00:00+00:00, run_after=2024-08-16 00:00:00+00:00
[2024-08-16T13:47:47.399+0000] {processor.py:208} INFO - Processing /home/airflow/.local/lib/python3.12/site-packages/airflow/example_dags/example_skip_dag.py took 0.099 seconds
[2024-08-16T13:48:18.157+0000] {processor.py:186} INFO - Started process (PID=16963) to work on /home/airflow/.local/lib/python3.12/site-packages/airflow/example_dags/example_skip_dag.py
[2024-08-16T13:48:18.158+0000] {processor.py:914} INFO - Processing file /home/airflow/.local/lib/python3.12/site-packages/airflow/example_dags/example_skip_dag.py for tasks to queue
[2024-08-16T13:48:18.161+0000] {logging_mixin.py:190} INFO - [2024-08-16T13:48:18.160+0000] {dagbag.py:587} INFO - Filling up the DagBag from /home/airflow/.local/lib/python3.12/site-packages/airflow/example_dags/example_skip_dag.py
[2024-08-16T13:48:18.171+0000] {processor.py:925} INFO - DAG(s) 'example_skip_dag' retrieved from /home/airflow/.local/lib/python3.12/site-packages/airflow/example_dags/example_skip_dag.py
[2024-08-16T13:48:18.195+0000] {logging_mixin.py:190} INFO - [2024-08-16T13:48:18.195+0000] {dag.py:3211} INFO - Sync 1 DAGs
[2024-08-16T13:48:18.226+0000] {logging_mixin.py:190} INFO - [2024-08-16T13:48:18.226+0000] {dag.py:4138} INFO - Setting next_dagrun for example_skip_dag to 2024-08-15 00:00:00+00:00, run_after=2024-08-16 00:00:00+00:00
[2024-08-16T13:48:18.261+0000] {processor.py:208} INFO - Processing /home/airflow/.local/lib/python3.12/site-packages/airflow/example_dags/example_skip_dag.py took 0.116 seconds
[2024-08-16T13:48:48.669+0000] {processor.py:186} INFO - Started process (PID=17249) to work on /home/airflow/.local/lib/python3.12/site-packages/airflow/example_dags/example_skip_dag.py
[2024-08-16T13:48:48.670+0000] {processor.py:914} INFO - Processing file /home/airflow/.local/lib/python3.12/site-packages/airflow/example_dags/example_skip_dag.py for tasks to queue
[2024-08-16T13:48:48.673+0000] {logging_mixin.py:190} INFO - [2024-08-16T13:48:48.673+0000] {dagbag.py:587} INFO - Filling up the DagBag from /home/airflow/.local/lib/python3.12/site-packages/airflow/example_dags/example_skip_dag.py
[2024-08-16T13:48:48.683+0000] {processor.py:925} INFO - DAG(s) 'example_skip_dag' retrieved from /home/airflow/.local/lib/python3.12/site-packages/airflow/example_dags/example_skip_dag.py
[2024-08-16T13:48:48.711+0000] {logging_mixin.py:190} INFO - [2024-08-16T13:48:48.711+0000] {dag.py:3211} INFO - Sync 1 DAGs
[2024-08-16T13:48:48.746+0000] {logging_mixin.py:190} INFO - [2024-08-16T13:48:48.745+0000] {dag.py:4138} INFO - Setting next_dagrun for example_skip_dag to 2024-08-15 00:00:00+00:00, run_after=2024-08-16 00:00:00+00:00
[2024-08-16T13:48:48.774+0000] {processor.py:208} INFO - Processing /home/airflow/.local/lib/python3.12/site-packages/airflow/example_dags/example_skip_dag.py took 0.112 seconds
[2024-08-16T13:49:19.351+0000] {processor.py:186} INFO - Started process (PID=17535) to work on /home/airflow/.local/lib/python3.12/site-packages/airflow/example_dags/example_skip_dag.py
[2024-08-16T13:49:19.353+0000] {processor.py:914} INFO - Processing file /home/airflow/.local/lib/python3.12/site-packages/airflow/example_dags/example_skip_dag.py for tasks to queue
[2024-08-16T13:49:19.355+0000] {logging_mixin.py:190} INFO - [2024-08-16T13:49:19.355+0000] {dagbag.py:587} INFO - Filling up the DagBag from /home/airflow/.local/lib/python3.12/site-packages/airflow/example_dags/example_skip_dag.py
[2024-08-16T13:49:19.371+0000] {processor.py:925} INFO - DAG(s) 'example_skip_dag' retrieved from /home/airflow/.local/lib/python3.12/site-packages/airflow/example_dags/example_skip_dag.py
[2024-08-16T13:49:19.407+0000] {logging_mixin.py:190} INFO - [2024-08-16T13:49:19.407+0000] {dag.py:3211} INFO - Sync 1 DAGs
[2024-08-16T13:49:19.453+0000] {logging_mixin.py:190} INFO - [2024-08-16T13:49:19.453+0000] {dag.py:4138} INFO - Setting next_dagrun for example_skip_dag to 2024-08-15 00:00:00+00:00, run_after=2024-08-16 00:00:00+00:00
[2024-08-16T13:49:19.486+0000] {processor.py:208} INFO - Processing /home/airflow/.local/lib/python3.12/site-packages/airflow/example_dags/example_skip_dag.py took 0.144 seconds
[2024-08-16T13:49:49.905+0000] {processor.py:186} INFO - Started process (PID=17821) to work on /home/airflow/.local/lib/python3.12/site-packages/airflow/example_dags/example_skip_dag.py
[2024-08-16T13:49:49.906+0000] {processor.py:914} INFO - Processing file /home/airflow/.local/lib/python3.12/site-packages/airflow/example_dags/example_skip_dag.py for tasks to queue
[2024-08-16T13:49:49.909+0000] {logging_mixin.py:190} INFO - [2024-08-16T13:49:49.909+0000] {dagbag.py:587} INFO - Filling up the DagBag from /home/airflow/.local/lib/python3.12/site-packages/airflow/example_dags/example_skip_dag.py
[2024-08-16T13:49:49.928+0000] {processor.py:925} INFO - DAG(s) 'example_skip_dag' retrieved from /home/airflow/.local/lib/python3.12/site-packages/airflow/example_dags/example_skip_dag.py
[2024-08-16T13:49:49.966+0000] {logging_mixin.py:190} INFO - [2024-08-16T13:49:49.966+0000] {dag.py:3211} INFO - Sync 1 DAGs
[2024-08-16T13:49:50.000+0000] {logging_mixin.py:190} INFO - [2024-08-16T13:49:50.000+0000] {dag.py:4138} INFO - Setting next_dagrun for example_skip_dag to 2024-08-15 00:00:00+00:00, run_after=2024-08-16 00:00:00+00:00
[2024-08-16T13:49:50.022+0000] {processor.py:208} INFO - Processing /home/airflow/.local/lib/python3.12/site-packages/airflow/example_dags/example_skip_dag.py took 0.127 seconds
