[2024-08-16T13:18:48.603+0000] {processor.py:186} INFO - Started process (PID=395) to work on /home/airflow/.local/lib/python3.12/site-packages/airflow/example_dags/example_task_group_decorator.py
[2024-08-16T13:18:48.604+0000] {processor.py:914} INFO - Processing file /home/airflow/.local/lib/python3.12/site-packages/airflow/example_dags/example_task_group_decorator.py for tasks to queue
[2024-08-16T13:18:48.608+0000] {logging_mixin.py:190} INFO - [2024-08-16T13:18:48.607+0000] {dagbag.py:587} INFO - Filling up the DagBag from /home/airflow/.local/lib/python3.12/site-packages/airflow/example_dags/example_task_group_decorator.py
[2024-08-16T13:18:48.628+0000] {processor.py:925} INFO - DAG(s) 'example_task_group_decorator' retrieved from /home/airflow/.local/lib/python3.12/site-packages/airflow/example_dags/example_task_group_decorator.py
[2024-08-16T13:18:48.784+0000] {logging_mixin.py:190} INFO - [2024-08-16T13:18:48.783+0000] {override.py:1858} INFO - Created Permission View: can read on DAG:example_task_group_decorator
[2024-08-16T13:18:48.797+0000] {logging_mixin.py:190} INFO - [2024-08-16T13:18:48.797+0000] {override.py:1858} INFO - Created Permission View: can edit on DAG:example_task_group_decorator
[2024-08-16T13:18:48.808+0000] {logging_mixin.py:190} INFO - [2024-08-16T13:18:48.808+0000] {override.py:1858} INFO - Created Permission View: can delete on DAG:example_task_group_decorator
[2024-08-16T13:18:48.809+0000] {logging_mixin.py:190} INFO - [2024-08-16T13:18:48.809+0000] {dag.py:3211} INFO - Sync 1 DAGs
[2024-08-16T13:18:48.832+0000] {logging_mixin.py:190} INFO - [2024-08-16T13:18:48.832+0000] {dag.py:3234} INFO - Creating ORM DAG for example_task_group_decorator
[2024-08-16T13:18:48.846+0000] {logging_mixin.py:190} INFO - [2024-08-16T13:18:48.845+0000] {dag.py:4138} INFO - Setting next_dagrun for example_task_group_decorator to 2024-08-15 00:00:00+00:00, run_after=2024-08-16 00:00:00+00:00
[2024-08-16T13:18:48.866+0000] {processor.py:208} INFO - Processing /home/airflow/.local/lib/python3.12/site-packages/airflow/example_dags/example_task_group_decorator.py took 0.269 seconds
[2024-08-16T13:19:19.744+0000] {processor.py:186} INFO - Started process (PID=683) to work on /home/airflow/.local/lib/python3.12/site-packages/airflow/example_dags/example_task_group_decorator.py
[2024-08-16T13:19:19.745+0000] {processor.py:914} INFO - Processing file /home/airflow/.local/lib/python3.12/site-packages/airflow/example_dags/example_task_group_decorator.py for tasks to queue
[2024-08-16T13:19:19.748+0000] {logging_mixin.py:190} INFO - [2024-08-16T13:19:19.747+0000] {dagbag.py:587} INFO - Filling up the DagBag from /home/airflow/.local/lib/python3.12/site-packages/airflow/example_dags/example_task_group_decorator.py
[2024-08-16T13:19:19.767+0000] {processor.py:925} INFO - DAG(s) 'example_task_group_decorator' retrieved from /home/airflow/.local/lib/python3.12/site-packages/airflow/example_dags/example_task_group_decorator.py
[2024-08-16T13:19:19.798+0000] {logging_mixin.py:190} INFO - [2024-08-16T13:19:19.798+0000] {dag.py:3211} INFO - Sync 1 DAGs
[2024-08-16T13:19:19.824+0000] {logging_mixin.py:190} INFO - [2024-08-16T13:19:19.824+0000] {dag.py:4138} INFO - Setting next_dagrun for example_task_group_decorator to 2024-08-15 00:00:00+00:00, run_after=2024-08-16 00:00:00+00:00
[2024-08-16T13:19:19.847+0000] {processor.py:208} INFO - Processing /home/airflow/.local/lib/python3.12/site-packages/airflow/example_dags/example_task_group_decorator.py took 0.111 seconds
[2024-08-16T13:19:50.444+0000] {processor.py:186} INFO - Started process (PID=969) to work on /home/airflow/.local/lib/python3.12/site-packages/airflow/example_dags/example_task_group_decorator.py
[2024-08-16T13:19:50.445+0000] {processor.py:914} INFO - Processing file /home/airflow/.local/lib/python3.12/site-packages/airflow/example_dags/example_task_group_decorator.py for tasks to queue
[2024-08-16T13:19:50.448+0000] {logging_mixin.py:190} INFO - [2024-08-16T13:19:50.447+0000] {dagbag.py:587} INFO - Filling up the DagBag from /home/airflow/.local/lib/python3.12/site-packages/airflow/example_dags/example_task_group_decorator.py
[2024-08-16T13:19:50.465+0000] {processor.py:925} INFO - DAG(s) 'example_task_group_decorator' retrieved from /home/airflow/.local/lib/python3.12/site-packages/airflow/example_dags/example_task_group_decorator.py
[2024-08-16T13:19:50.494+0000] {logging_mixin.py:190} INFO - [2024-08-16T13:19:50.494+0000] {dag.py:3211} INFO - Sync 1 DAGs
[2024-08-16T13:19:50.518+0000] {logging_mixin.py:190} INFO - [2024-08-16T13:19:50.518+0000] {dag.py:4138} INFO - Setting next_dagrun for example_task_group_decorator to 2024-08-15 00:00:00+00:00, run_after=2024-08-16 00:00:00+00:00
[2024-08-16T13:19:50.538+0000] {processor.py:208} INFO - Processing /home/airflow/.local/lib/python3.12/site-packages/airflow/example_dags/example_task_group_decorator.py took 0.100 seconds
[2024-08-16T13:20:21.195+0000] {processor.py:186} INFO - Started process (PID=1255) to work on /home/airflow/.local/lib/python3.12/site-packages/airflow/example_dags/example_task_group_decorator.py
[2024-08-16T13:20:21.196+0000] {processor.py:914} INFO - Processing file /home/airflow/.local/lib/python3.12/site-packages/airflow/example_dags/example_task_group_decorator.py for tasks to queue
[2024-08-16T13:20:21.198+0000] {logging_mixin.py:190} INFO - [2024-08-16T13:20:21.198+0000] {dagbag.py:587} INFO - Filling up the DagBag from /home/airflow/.local/lib/python3.12/site-packages/airflow/example_dags/example_task_group_decorator.py
[2024-08-16T13:20:21.215+0000] {processor.py:925} INFO - DAG(s) 'example_task_group_decorator' retrieved from /home/airflow/.local/lib/python3.12/site-packages/airflow/example_dags/example_task_group_decorator.py
[2024-08-16T13:20:21.244+0000] {logging_mixin.py:190} INFO - [2024-08-16T13:20:21.244+0000] {dag.py:3211} INFO - Sync 1 DAGs
[2024-08-16T13:20:21.271+0000] {logging_mixin.py:190} INFO - [2024-08-16T13:20:21.271+0000] {dag.py:4138} INFO - Setting next_dagrun for example_task_group_decorator to 2024-08-15 00:00:00+00:00, run_after=2024-08-16 00:00:00+00:00
[2024-08-16T13:20:21.288+0000] {processor.py:208} INFO - Processing /home/airflow/.local/lib/python3.12/site-packages/airflow/example_dags/example_task_group_decorator.py took 0.100 seconds
[2024-08-16T13:20:51.428+0000] {processor.py:186} INFO - Started process (PID=1541) to work on /home/airflow/.local/lib/python3.12/site-packages/airflow/example_dags/example_task_group_decorator.py
[2024-08-16T13:20:51.429+0000] {processor.py:914} INFO - Processing file /home/airflow/.local/lib/python3.12/site-packages/airflow/example_dags/example_task_group_decorator.py for tasks to queue
[2024-08-16T13:20:51.432+0000] {logging_mixin.py:190} INFO - [2024-08-16T13:20:51.432+0000] {dagbag.py:587} INFO - Filling up the DagBag from /home/airflow/.local/lib/python3.12/site-packages/airflow/example_dags/example_task_group_decorator.py
[2024-08-16T13:20:51.450+0000] {processor.py:925} INFO - DAG(s) 'example_task_group_decorator' retrieved from /home/airflow/.local/lib/python3.12/site-packages/airflow/example_dags/example_task_group_decorator.py
[2024-08-16T13:20:51.478+0000] {logging_mixin.py:190} INFO - [2024-08-16T13:20:51.477+0000] {dag.py:3211} INFO - Sync 1 DAGs
[2024-08-16T13:20:51.502+0000] {logging_mixin.py:190} INFO - [2024-08-16T13:20:51.502+0000] {dag.py:4138} INFO - Setting next_dagrun for example_task_group_decorator to 2024-08-15 00:00:00+00:00, run_after=2024-08-16 00:00:00+00:00
[2024-08-16T13:20:51.522+0000] {processor.py:208} INFO - Processing /home/airflow/.local/lib/python3.12/site-packages/airflow/example_dags/example_task_group_decorator.py took 0.100 seconds
[2024-08-16T13:21:21.986+0000] {processor.py:186} INFO - Started process (PID=1827) to work on /home/airflow/.local/lib/python3.12/site-packages/airflow/example_dags/example_task_group_decorator.py
[2024-08-16T13:21:21.987+0000] {processor.py:914} INFO - Processing file /home/airflow/.local/lib/python3.12/site-packages/airflow/example_dags/example_task_group_decorator.py for tasks to queue
[2024-08-16T13:21:21.989+0000] {logging_mixin.py:190} INFO - [2024-08-16T13:21:21.989+0000] {dagbag.py:587} INFO - Filling up the DagBag from /home/airflow/.local/lib/python3.12/site-packages/airflow/example_dags/example_task_group_decorator.py
[2024-08-16T13:21:22.006+0000] {processor.py:925} INFO - DAG(s) 'example_task_group_decorator' retrieved from /home/airflow/.local/lib/python3.12/site-packages/airflow/example_dags/example_task_group_decorator.py
[2024-08-16T13:21:22.034+0000] {logging_mixin.py:190} INFO - [2024-08-16T13:21:22.034+0000] {dag.py:3211} INFO - Sync 1 DAGs
[2024-08-16T13:21:22.061+0000] {logging_mixin.py:190} INFO - [2024-08-16T13:21:22.061+0000] {dag.py:4138} INFO - Setting next_dagrun for example_task_group_decorator to 2024-08-15 00:00:00+00:00, run_after=2024-08-16 00:00:00+00:00
[2024-08-16T13:21:22.087+0000] {processor.py:208} INFO - Processing /home/airflow/.local/lib/python3.12/site-packages/airflow/example_dags/example_task_group_decorator.py took 0.107 seconds
[2024-08-16T13:21:52.285+0000] {processor.py:186} INFO - Started process (PID=2113) to work on /home/airflow/.local/lib/python3.12/site-packages/airflow/example_dags/example_task_group_decorator.py
[2024-08-16T13:21:52.286+0000] {processor.py:914} INFO - Processing file /home/airflow/.local/lib/python3.12/site-packages/airflow/example_dags/example_task_group_decorator.py for tasks to queue
[2024-08-16T13:21:52.289+0000] {logging_mixin.py:190} INFO - [2024-08-16T13:21:52.288+0000] {dagbag.py:587} INFO - Filling up the DagBag from /home/airflow/.local/lib/python3.12/site-packages/airflow/example_dags/example_task_group_decorator.py
[2024-08-16T13:21:52.305+0000] {processor.py:925} INFO - DAG(s) 'example_task_group_decorator' retrieved from /home/airflow/.local/lib/python3.12/site-packages/airflow/example_dags/example_task_group_decorator.py
[2024-08-16T13:21:52.336+0000] {logging_mixin.py:190} INFO - [2024-08-16T13:21:52.336+0000] {dag.py:3211} INFO - Sync 1 DAGs
[2024-08-16T13:21:52.361+0000] {logging_mixin.py:190} INFO - [2024-08-16T13:21:52.361+0000] {dag.py:4138} INFO - Setting next_dagrun for example_task_group_decorator to 2024-08-15 00:00:00+00:00, run_after=2024-08-16 00:00:00+00:00
[2024-08-16T13:21:52.383+0000] {processor.py:208} INFO - Processing /home/airflow/.local/lib/python3.12/site-packages/airflow/example_dags/example_task_group_decorator.py took 0.104 seconds
[2024-08-16T13:22:22.705+0000] {processor.py:186} INFO - Started process (PID=2402) to work on /home/airflow/.local/lib/python3.12/site-packages/airflow/example_dags/example_task_group_decorator.py
[2024-08-16T13:22:22.706+0000] {processor.py:914} INFO - Processing file /home/airflow/.local/lib/python3.12/site-packages/airflow/example_dags/example_task_group_decorator.py for tasks to queue
[2024-08-16T13:22:22.708+0000] {logging_mixin.py:190} INFO - [2024-08-16T13:22:22.708+0000] {dagbag.py:587} INFO - Filling up the DagBag from /home/airflow/.local/lib/python3.12/site-packages/airflow/example_dags/example_task_group_decorator.py
[2024-08-16T13:22:22.726+0000] {processor.py:925} INFO - DAG(s) 'example_task_group_decorator' retrieved from /home/airflow/.local/lib/python3.12/site-packages/airflow/example_dags/example_task_group_decorator.py
[2024-08-16T13:22:22.756+0000] {logging_mixin.py:190} INFO - [2024-08-16T13:22:22.756+0000] {dag.py:3211} INFO - Sync 1 DAGs
[2024-08-16T13:22:22.784+0000] {logging_mixin.py:190} INFO - [2024-08-16T13:22:22.783+0000] {dag.py:4138} INFO - Setting next_dagrun for example_task_group_decorator to 2024-08-15 00:00:00+00:00, run_after=2024-08-16 00:00:00+00:00
[2024-08-16T13:22:22.804+0000] {processor.py:208} INFO - Processing /home/airflow/.local/lib/python3.12/site-packages/airflow/example_dags/example_task_group_decorator.py took 0.106 seconds
[2024-08-16T13:22:53.021+0000] {processor.py:186} INFO - Started process (PID=2685) to work on /home/airflow/.local/lib/python3.12/site-packages/airflow/example_dags/example_task_group_decorator.py
[2024-08-16T13:22:53.022+0000] {processor.py:914} INFO - Processing file /home/airflow/.local/lib/python3.12/site-packages/airflow/example_dags/example_task_group_decorator.py for tasks to queue
[2024-08-16T13:22:53.025+0000] {logging_mixin.py:190} INFO - [2024-08-16T13:22:53.025+0000] {dagbag.py:587} INFO - Filling up the DagBag from /home/airflow/.local/lib/python3.12/site-packages/airflow/example_dags/example_task_group_decorator.py
[2024-08-16T13:22:53.043+0000] {processor.py:925} INFO - DAG(s) 'example_task_group_decorator' retrieved from /home/airflow/.local/lib/python3.12/site-packages/airflow/example_dags/example_task_group_decorator.py
[2024-08-16T13:22:53.071+0000] {logging_mixin.py:190} INFO - [2024-08-16T13:22:53.071+0000] {dag.py:3211} INFO - Sync 1 DAGs
[2024-08-16T13:22:53.098+0000] {logging_mixin.py:190} INFO - [2024-08-16T13:22:53.098+0000] {dag.py:4138} INFO - Setting next_dagrun for example_task_group_decorator to 2024-08-15 00:00:00+00:00, run_after=2024-08-16 00:00:00+00:00
[2024-08-16T13:22:53.117+0000] {processor.py:208} INFO - Processing /home/airflow/.local/lib/python3.12/site-packages/airflow/example_dags/example_task_group_decorator.py took 0.103 seconds
[2024-08-16T13:23:23.488+0000] {processor.py:186} INFO - Started process (PID=2971) to work on /home/airflow/.local/lib/python3.12/site-packages/airflow/example_dags/example_task_group_decorator.py
[2024-08-16T13:23:23.489+0000] {processor.py:914} INFO - Processing file /home/airflow/.local/lib/python3.12/site-packages/airflow/example_dags/example_task_group_decorator.py for tasks to queue
[2024-08-16T13:23:23.492+0000] {logging_mixin.py:190} INFO - [2024-08-16T13:23:23.492+0000] {dagbag.py:587} INFO - Filling up the DagBag from /home/airflow/.local/lib/python3.12/site-packages/airflow/example_dags/example_task_group_decorator.py
[2024-08-16T13:23:23.513+0000] {processor.py:925} INFO - DAG(s) 'example_task_group_decorator' retrieved from /home/airflow/.local/lib/python3.12/site-packages/airflow/example_dags/example_task_group_decorator.py
[2024-08-16T13:23:23.541+0000] {logging_mixin.py:190} INFO - [2024-08-16T13:23:23.540+0000] {dag.py:3211} INFO - Sync 1 DAGs
[2024-08-16T13:23:23.566+0000] {logging_mixin.py:190} INFO - [2024-08-16T13:23:23.565+0000] {dag.py:4138} INFO - Setting next_dagrun for example_task_group_decorator to 2024-08-15 00:00:00+00:00, run_after=2024-08-16 00:00:00+00:00
[2024-08-16T13:23:23.588+0000] {processor.py:208} INFO - Processing /home/airflow/.local/lib/python3.12/site-packages/airflow/example_dags/example_task_group_decorator.py took 0.107 seconds
[2024-08-16T13:23:53.649+0000] {processor.py:186} INFO - Started process (PID=3255) to work on /home/airflow/.local/lib/python3.12/site-packages/airflow/example_dags/example_task_group_decorator.py
[2024-08-16T13:23:53.650+0000] {processor.py:914} INFO - Processing file /home/airflow/.local/lib/python3.12/site-packages/airflow/example_dags/example_task_group_decorator.py for tasks to queue
[2024-08-16T13:23:53.653+0000] {logging_mixin.py:190} INFO - [2024-08-16T13:23:53.653+0000] {dagbag.py:587} INFO - Filling up the DagBag from /home/airflow/.local/lib/python3.12/site-packages/airflow/example_dags/example_task_group_decorator.py
[2024-08-16T13:23:53.674+0000] {processor.py:925} INFO - DAG(s) 'example_task_group_decorator' retrieved from /home/airflow/.local/lib/python3.12/site-packages/airflow/example_dags/example_task_group_decorator.py
[2024-08-16T13:23:53.707+0000] {logging_mixin.py:190} INFO - [2024-08-16T13:23:53.707+0000] {dag.py:3211} INFO - Sync 1 DAGs
[2024-08-16T13:23:53.738+0000] {logging_mixin.py:190} INFO - [2024-08-16T13:23:53.738+0000] {dag.py:4138} INFO - Setting next_dagrun for example_task_group_decorator to 2024-08-15 00:00:00+00:00, run_after=2024-08-16 00:00:00+00:00
[2024-08-16T13:23:53.759+0000] {processor.py:208} INFO - Processing /home/airflow/.local/lib/python3.12/site-packages/airflow/example_dags/example_task_group_decorator.py took 0.117 seconds
[2024-08-16T13:24:23.849+0000] {processor.py:186} INFO - Started process (PID=3541) to work on /home/airflow/.local/lib/python3.12/site-packages/airflow/example_dags/example_task_group_decorator.py
[2024-08-16T13:24:23.850+0000] {processor.py:914} INFO - Processing file /home/airflow/.local/lib/python3.12/site-packages/airflow/example_dags/example_task_group_decorator.py for tasks to queue
[2024-08-16T13:24:23.853+0000] {logging_mixin.py:190} INFO - [2024-08-16T13:24:23.852+0000] {dagbag.py:587} INFO - Filling up the DagBag from /home/airflow/.local/lib/python3.12/site-packages/airflow/example_dags/example_task_group_decorator.py
[2024-08-16T13:24:23.873+0000] {processor.py:925} INFO - DAG(s) 'example_task_group_decorator' retrieved from /home/airflow/.local/lib/python3.12/site-packages/airflow/example_dags/example_task_group_decorator.py
[2024-08-16T13:24:23.905+0000] {logging_mixin.py:190} INFO - [2024-08-16T13:24:23.905+0000] {dag.py:3211} INFO - Sync 1 DAGs
[2024-08-16T13:24:23.935+0000] {logging_mixin.py:190} INFO - [2024-08-16T13:24:23.935+0000] {dag.py:4138} INFO - Setting next_dagrun for example_task_group_decorator to 2024-08-15 00:00:00+00:00, run_after=2024-08-16 00:00:00+00:00
[2024-08-16T13:24:23.957+0000] {processor.py:208} INFO - Processing /home/airflow/.local/lib/python3.12/site-packages/airflow/example_dags/example_task_group_decorator.py took 0.115 seconds
[2024-08-16T13:24:54.354+0000] {processor.py:186} INFO - Started process (PID=3829) to work on /home/airflow/.local/lib/python3.12/site-packages/airflow/example_dags/example_task_group_decorator.py
[2024-08-16T13:24:54.355+0000] {processor.py:914} INFO - Processing file /home/airflow/.local/lib/python3.12/site-packages/airflow/example_dags/example_task_group_decorator.py for tasks to queue
[2024-08-16T13:24:54.358+0000] {logging_mixin.py:190} INFO - [2024-08-16T13:24:54.357+0000] {dagbag.py:587} INFO - Filling up the DagBag from /home/airflow/.local/lib/python3.12/site-packages/airflow/example_dags/example_task_group_decorator.py
[2024-08-16T13:24:54.377+0000] {processor.py:925} INFO - DAG(s) 'example_task_group_decorator' retrieved from /home/airflow/.local/lib/python3.12/site-packages/airflow/example_dags/example_task_group_decorator.py
[2024-08-16T13:24:54.405+0000] {logging_mixin.py:190} INFO - [2024-08-16T13:24:54.405+0000] {dag.py:3211} INFO - Sync 1 DAGs
[2024-08-16T13:24:54.433+0000] {logging_mixin.py:190} INFO - [2024-08-16T13:24:54.433+0000] {dag.py:4138} INFO - Setting next_dagrun for example_task_group_decorator to 2024-08-15 00:00:00+00:00, run_after=2024-08-16 00:00:00+00:00
[2024-08-16T13:24:54.454+0000] {processor.py:208} INFO - Processing /home/airflow/.local/lib/python3.12/site-packages/airflow/example_dags/example_task_group_decorator.py took 0.107 seconds
[2024-08-16T13:25:24.493+0000] {processor.py:186} INFO - Started process (PID=4113) to work on /home/airflow/.local/lib/python3.12/site-packages/airflow/example_dags/example_task_group_decorator.py
[2024-08-16T13:25:24.494+0000] {processor.py:914} INFO - Processing file /home/airflow/.local/lib/python3.12/site-packages/airflow/example_dags/example_task_group_decorator.py for tasks to queue
[2024-08-16T13:25:24.496+0000] {logging_mixin.py:190} INFO - [2024-08-16T13:25:24.496+0000] {dagbag.py:587} INFO - Filling up the DagBag from /home/airflow/.local/lib/python3.12/site-packages/airflow/example_dags/example_task_group_decorator.py
[2024-08-16T13:25:24.514+0000] {processor.py:925} INFO - DAG(s) 'example_task_group_decorator' retrieved from /home/airflow/.local/lib/python3.12/site-packages/airflow/example_dags/example_task_group_decorator.py
[2024-08-16T13:25:24.543+0000] {logging_mixin.py:190} INFO - [2024-08-16T13:25:24.543+0000] {dag.py:3211} INFO - Sync 1 DAGs
[2024-08-16T13:25:24.573+0000] {logging_mixin.py:190} INFO - [2024-08-16T13:25:24.573+0000] {dag.py:4138} INFO - Setting next_dagrun for example_task_group_decorator to 2024-08-15 00:00:00+00:00, run_after=2024-08-16 00:00:00+00:00
[2024-08-16T13:25:24.593+0000] {processor.py:208} INFO - Processing /home/airflow/.local/lib/python3.12/site-packages/airflow/example_dags/example_task_group_decorator.py took 0.107 seconds
[2024-08-16T13:25:55.114+0000] {processor.py:186} INFO - Started process (PID=4401) to work on /home/airflow/.local/lib/python3.12/site-packages/airflow/example_dags/example_task_group_decorator.py
[2024-08-16T13:25:55.115+0000] {processor.py:914} INFO - Processing file /home/airflow/.local/lib/python3.12/site-packages/airflow/example_dags/example_task_group_decorator.py for tasks to queue
[2024-08-16T13:25:55.117+0000] {logging_mixin.py:190} INFO - [2024-08-16T13:25:55.117+0000] {dagbag.py:587} INFO - Filling up the DagBag from /home/airflow/.local/lib/python3.12/site-packages/airflow/example_dags/example_task_group_decorator.py
[2024-08-16T13:25:55.134+0000] {processor.py:925} INFO - DAG(s) 'example_task_group_decorator' retrieved from /home/airflow/.local/lib/python3.12/site-packages/airflow/example_dags/example_task_group_decorator.py
[2024-08-16T13:25:55.163+0000] {logging_mixin.py:190} INFO - [2024-08-16T13:25:55.163+0000] {dag.py:3211} INFO - Sync 1 DAGs
[2024-08-16T13:25:55.189+0000] {logging_mixin.py:190} INFO - [2024-08-16T13:25:55.188+0000] {dag.py:4138} INFO - Setting next_dagrun for example_task_group_decorator to 2024-08-15 00:00:00+00:00, run_after=2024-08-16 00:00:00+00:00
[2024-08-16T13:25:55.207+0000] {processor.py:208} INFO - Processing /home/airflow/.local/lib/python3.12/site-packages/airflow/example_dags/example_task_group_decorator.py took 0.100 seconds
[2024-08-16T13:26:25.589+0000] {processor.py:186} INFO - Started process (PID=4687) to work on /home/airflow/.local/lib/python3.12/site-packages/airflow/example_dags/example_task_group_decorator.py
[2024-08-16T13:26:25.590+0000] {processor.py:914} INFO - Processing file /home/airflow/.local/lib/python3.12/site-packages/airflow/example_dags/example_task_group_decorator.py for tasks to queue
[2024-08-16T13:26:25.592+0000] {logging_mixin.py:190} INFO - [2024-08-16T13:26:25.592+0000] {dagbag.py:587} INFO - Filling up the DagBag from /home/airflow/.local/lib/python3.12/site-packages/airflow/example_dags/example_task_group_decorator.py
[2024-08-16T13:26:25.612+0000] {processor.py:925} INFO - DAG(s) 'example_task_group_decorator' retrieved from /home/airflow/.local/lib/python3.12/site-packages/airflow/example_dags/example_task_group_decorator.py
[2024-08-16T13:26:25.643+0000] {logging_mixin.py:190} INFO - [2024-08-16T13:26:25.642+0000] {dag.py:3211} INFO - Sync 1 DAGs
[2024-08-16T13:26:25.668+0000] {logging_mixin.py:190} INFO - [2024-08-16T13:26:25.668+0000] {dag.py:4138} INFO - Setting next_dagrun for example_task_group_decorator to 2024-08-15 00:00:00+00:00, run_after=2024-08-16 00:00:00+00:00
[2024-08-16T13:26:25.689+0000] {processor.py:208} INFO - Processing /home/airflow/.local/lib/python3.12/site-packages/airflow/example_dags/example_task_group_decorator.py took 0.107 seconds
[2024-08-16T13:26:56.127+0000] {processor.py:186} INFO - Started process (PID=4973) to work on /home/airflow/.local/lib/python3.12/site-packages/airflow/example_dags/example_task_group_decorator.py
[2024-08-16T13:26:56.128+0000] {processor.py:914} INFO - Processing file /home/airflow/.local/lib/python3.12/site-packages/airflow/example_dags/example_task_group_decorator.py for tasks to queue
[2024-08-16T13:26:56.130+0000] {logging_mixin.py:190} INFO - [2024-08-16T13:26:56.130+0000] {dagbag.py:587} INFO - Filling up the DagBag from /home/airflow/.local/lib/python3.12/site-packages/airflow/example_dags/example_task_group_decorator.py
[2024-08-16T13:26:56.147+0000] {processor.py:925} INFO - DAG(s) 'example_task_group_decorator' retrieved from /home/airflow/.local/lib/python3.12/site-packages/airflow/example_dags/example_task_group_decorator.py
[2024-08-16T13:26:56.176+0000] {logging_mixin.py:190} INFO - [2024-08-16T13:26:56.176+0000] {dag.py:3211} INFO - Sync 1 DAGs
[2024-08-16T13:26:56.200+0000] {logging_mixin.py:190} INFO - [2024-08-16T13:26:56.199+0000] {dag.py:4138} INFO - Setting next_dagrun for example_task_group_decorator to 2024-08-15 00:00:00+00:00, run_after=2024-08-16 00:00:00+00:00
[2024-08-16T13:26:56.222+0000] {processor.py:208} INFO - Processing /home/airflow/.local/lib/python3.12/site-packages/airflow/example_dags/example_task_group_decorator.py took 0.102 seconds
[2024-08-16T13:27:26.471+0000] {processor.py:186} INFO - Started process (PID=5260) to work on /home/airflow/.local/lib/python3.12/site-packages/airflow/example_dags/example_task_group_decorator.py
[2024-08-16T13:27:26.472+0000] {processor.py:914} INFO - Processing file /home/airflow/.local/lib/python3.12/site-packages/airflow/example_dags/example_task_group_decorator.py for tasks to queue
[2024-08-16T13:27:26.475+0000] {logging_mixin.py:190} INFO - [2024-08-16T13:27:26.474+0000] {dagbag.py:587} INFO - Filling up the DagBag from /home/airflow/.local/lib/python3.12/site-packages/airflow/example_dags/example_task_group_decorator.py
[2024-08-16T13:27:26.495+0000] {processor.py:925} INFO - DAG(s) 'example_task_group_decorator' retrieved from /home/airflow/.local/lib/python3.12/site-packages/airflow/example_dags/example_task_group_decorator.py
[2024-08-16T13:27:26.531+0000] {logging_mixin.py:190} INFO - [2024-08-16T13:27:26.530+0000] {dag.py:3211} INFO - Sync 1 DAGs
[2024-08-16T13:27:26.560+0000] {logging_mixin.py:190} INFO - [2024-08-16T13:27:26.559+0000] {dag.py:4138} INFO - Setting next_dagrun for example_task_group_decorator to 2024-08-15 00:00:00+00:00, run_after=2024-08-16 00:00:00+00:00
[2024-08-16T13:27:26.584+0000] {processor.py:208} INFO - Processing /home/airflow/.local/lib/python3.12/site-packages/airflow/example_dags/example_task_group_decorator.py took 0.120 seconds
[2024-08-16T13:27:56.874+0000] {processor.py:186} INFO - Started process (PID=5546) to work on /home/airflow/.local/lib/python3.12/site-packages/airflow/example_dags/example_task_group_decorator.py
[2024-08-16T13:27:56.875+0000] {processor.py:914} INFO - Processing file /home/airflow/.local/lib/python3.12/site-packages/airflow/example_dags/example_task_group_decorator.py for tasks to queue
[2024-08-16T13:27:56.878+0000] {logging_mixin.py:190} INFO - [2024-08-16T13:27:56.877+0000] {dagbag.py:587} INFO - Filling up the DagBag from /home/airflow/.local/lib/python3.12/site-packages/airflow/example_dags/example_task_group_decorator.py
[2024-08-16T13:27:56.897+0000] {processor.py:925} INFO - DAG(s) 'example_task_group_decorator' retrieved from /home/airflow/.local/lib/python3.12/site-packages/airflow/example_dags/example_task_group_decorator.py
[2024-08-16T13:27:56.929+0000] {logging_mixin.py:190} INFO - [2024-08-16T13:27:56.928+0000] {dag.py:3211} INFO - Sync 1 DAGs
[2024-08-16T13:27:56.955+0000] {logging_mixin.py:190} INFO - [2024-08-16T13:27:56.955+0000] {dag.py:4138} INFO - Setting next_dagrun for example_task_group_decorator to 2024-08-15 00:00:00+00:00, run_after=2024-08-16 00:00:00+00:00
[2024-08-16T13:27:56.977+0000] {processor.py:208} INFO - Processing /home/airflow/.local/lib/python3.12/site-packages/airflow/example_dags/example_task_group_decorator.py took 0.110 seconds
[2024-08-16T13:28:27.603+0000] {processor.py:186} INFO - Started process (PID=5832) to work on /home/airflow/.local/lib/python3.12/site-packages/airflow/example_dags/example_task_group_decorator.py
[2024-08-16T13:28:27.604+0000] {processor.py:914} INFO - Processing file /home/airflow/.local/lib/python3.12/site-packages/airflow/example_dags/example_task_group_decorator.py for tasks to queue
[2024-08-16T13:28:27.607+0000] {logging_mixin.py:190} INFO - [2024-08-16T13:28:27.606+0000] {dagbag.py:587} INFO - Filling up the DagBag from /home/airflow/.local/lib/python3.12/site-packages/airflow/example_dags/example_task_group_decorator.py
[2024-08-16T13:28:27.623+0000] {processor.py:925} INFO - DAG(s) 'example_task_group_decorator' retrieved from /home/airflow/.local/lib/python3.12/site-packages/airflow/example_dags/example_task_group_decorator.py
[2024-08-16T13:28:27.652+0000] {logging_mixin.py:190} INFO - [2024-08-16T13:28:27.652+0000] {dag.py:3211} INFO - Sync 1 DAGs
[2024-08-16T13:28:27.676+0000] {logging_mixin.py:190} INFO - [2024-08-16T13:28:27.676+0000] {dag.py:4138} INFO - Setting next_dagrun for example_task_group_decorator to 2024-08-15 00:00:00+00:00, run_after=2024-08-16 00:00:00+00:00
[2024-08-16T13:28:27.702+0000] {processor.py:208} INFO - Processing /home/airflow/.local/lib/python3.12/site-packages/airflow/example_dags/example_task_group_decorator.py took 0.105 seconds
[2024-08-16T13:28:58.043+0000] {processor.py:186} INFO - Started process (PID=6116) to work on /home/airflow/.local/lib/python3.12/site-packages/airflow/example_dags/example_task_group_decorator.py
[2024-08-16T13:28:58.044+0000] {processor.py:914} INFO - Processing file /home/airflow/.local/lib/python3.12/site-packages/airflow/example_dags/example_task_group_decorator.py for tasks to queue
[2024-08-16T13:28:58.046+0000] {logging_mixin.py:190} INFO - [2024-08-16T13:28:58.046+0000] {dagbag.py:587} INFO - Filling up the DagBag from /home/airflow/.local/lib/python3.12/site-packages/airflow/example_dags/example_task_group_decorator.py
[2024-08-16T13:28:58.065+0000] {processor.py:925} INFO - DAG(s) 'example_task_group_decorator' retrieved from /home/airflow/.local/lib/python3.12/site-packages/airflow/example_dags/example_task_group_decorator.py
[2024-08-16T13:28:58.098+0000] {logging_mixin.py:190} INFO - [2024-08-16T13:28:58.097+0000] {dag.py:3211} INFO - Sync 1 DAGs
[2024-08-16T13:28:58.125+0000] {logging_mixin.py:190} INFO - [2024-08-16T13:28:58.125+0000] {dag.py:4138} INFO - Setting next_dagrun for example_task_group_decorator to 2024-08-15 00:00:00+00:00, run_after=2024-08-16 00:00:00+00:00
[2024-08-16T13:28:58.147+0000] {processor.py:208} INFO - Processing /home/airflow/.local/lib/python3.12/site-packages/airflow/example_dags/example_task_group_decorator.py took 0.112 seconds
[2024-08-16T13:29:28.641+0000] {processor.py:186} INFO - Started process (PID=6404) to work on /home/airflow/.local/lib/python3.12/site-packages/airflow/example_dags/example_task_group_decorator.py
[2024-08-16T13:29:28.642+0000] {processor.py:914} INFO - Processing file /home/airflow/.local/lib/python3.12/site-packages/airflow/example_dags/example_task_group_decorator.py for tasks to queue
[2024-08-16T13:29:28.644+0000] {logging_mixin.py:190} INFO - [2024-08-16T13:29:28.644+0000] {dagbag.py:587} INFO - Filling up the DagBag from /home/airflow/.local/lib/python3.12/site-packages/airflow/example_dags/example_task_group_decorator.py
[2024-08-16T13:29:28.662+0000] {processor.py:925} INFO - DAG(s) 'example_task_group_decorator' retrieved from /home/airflow/.local/lib/python3.12/site-packages/airflow/example_dags/example_task_group_decorator.py
[2024-08-16T13:29:28.690+0000] {logging_mixin.py:190} INFO - [2024-08-16T13:29:28.690+0000] {dag.py:3211} INFO - Sync 1 DAGs
[2024-08-16T13:29:28.728+0000] {logging_mixin.py:190} INFO - [2024-08-16T13:29:28.728+0000] {dag.py:4138} INFO - Setting next_dagrun for example_task_group_decorator to 2024-08-15 00:00:00+00:00, run_after=2024-08-16 00:00:00+00:00
[2024-08-16T13:29:28.748+0000] {processor.py:208} INFO - Processing /home/airflow/.local/lib/python3.12/site-packages/airflow/example_dags/example_task_group_decorator.py took 0.114 seconds
[2024-08-16T13:29:59.086+0000] {processor.py:186} INFO - Started process (PID=6690) to work on /home/airflow/.local/lib/python3.12/site-packages/airflow/example_dags/example_task_group_decorator.py
[2024-08-16T13:29:59.088+0000] {processor.py:914} INFO - Processing file /home/airflow/.local/lib/python3.12/site-packages/airflow/example_dags/example_task_group_decorator.py for tasks to queue
[2024-08-16T13:29:59.090+0000] {logging_mixin.py:190} INFO - [2024-08-16T13:29:59.090+0000] {dagbag.py:587} INFO - Filling up the DagBag from /home/airflow/.local/lib/python3.12/site-packages/airflow/example_dags/example_task_group_decorator.py
[2024-08-16T13:29:59.107+0000] {processor.py:925} INFO - DAG(s) 'example_task_group_decorator' retrieved from /home/airflow/.local/lib/python3.12/site-packages/airflow/example_dags/example_task_group_decorator.py
[2024-08-16T13:29:59.136+0000] {logging_mixin.py:190} INFO - [2024-08-16T13:29:59.136+0000] {dag.py:3211} INFO - Sync 1 DAGs
[2024-08-16T13:29:59.162+0000] {logging_mixin.py:190} INFO - [2024-08-16T13:29:59.162+0000] {dag.py:4138} INFO - Setting next_dagrun for example_task_group_decorator to 2024-08-15 00:00:00+00:00, run_after=2024-08-16 00:00:00+00:00
[2024-08-16T13:29:59.182+0000] {processor.py:208} INFO - Processing /home/airflow/.local/lib/python3.12/site-packages/airflow/example_dags/example_task_group_decorator.py took 0.103 seconds
[2024-08-16T13:30:29.522+0000] {processor.py:186} INFO - Started process (PID=6975) to work on /home/airflow/.local/lib/python3.12/site-packages/airflow/example_dags/example_task_group_decorator.py
[2024-08-16T13:30:29.523+0000] {processor.py:914} INFO - Processing file /home/airflow/.local/lib/python3.12/site-packages/airflow/example_dags/example_task_group_decorator.py for tasks to queue
[2024-08-16T13:30:29.526+0000] {logging_mixin.py:190} INFO - [2024-08-16T13:30:29.525+0000] {dagbag.py:587} INFO - Filling up the DagBag from /home/airflow/.local/lib/python3.12/site-packages/airflow/example_dags/example_task_group_decorator.py
[2024-08-16T13:30:29.545+0000] {processor.py:925} INFO - DAG(s) 'example_task_group_decorator' retrieved from /home/airflow/.local/lib/python3.12/site-packages/airflow/example_dags/example_task_group_decorator.py
[2024-08-16T13:30:29.579+0000] {logging_mixin.py:190} INFO - [2024-08-16T13:30:29.579+0000] {dag.py:3211} INFO - Sync 1 DAGs
[2024-08-16T13:30:29.605+0000] {logging_mixin.py:190} INFO - [2024-08-16T13:30:29.605+0000] {dag.py:4138} INFO - Setting next_dagrun for example_task_group_decorator to 2024-08-15 00:00:00+00:00, run_after=2024-08-16 00:00:00+00:00
[2024-08-16T13:30:29.625+0000] {processor.py:208} INFO - Processing /home/airflow/.local/lib/python3.12/site-packages/airflow/example_dags/example_task_group_decorator.py took 0.109 seconds
[2024-08-16T13:31:00.126+0000] {processor.py:186} INFO - Started process (PID=7263) to work on /home/airflow/.local/lib/python3.12/site-packages/airflow/example_dags/example_task_group_decorator.py
[2024-08-16T13:31:00.127+0000] {processor.py:914} INFO - Processing file /home/airflow/.local/lib/python3.12/site-packages/airflow/example_dags/example_task_group_decorator.py for tasks to queue
[2024-08-16T13:31:00.129+0000] {logging_mixin.py:190} INFO - [2024-08-16T13:31:00.129+0000] {dagbag.py:587} INFO - Filling up the DagBag from /home/airflow/.local/lib/python3.12/site-packages/airflow/example_dags/example_task_group_decorator.py
[2024-08-16T13:31:00.148+0000] {processor.py:925} INFO - DAG(s) 'example_task_group_decorator' retrieved from /home/airflow/.local/lib/python3.12/site-packages/airflow/example_dags/example_task_group_decorator.py
[2024-08-16T13:31:00.182+0000] {logging_mixin.py:190} INFO - [2024-08-16T13:31:00.181+0000] {dag.py:3211} INFO - Sync 1 DAGs
[2024-08-16T13:31:00.205+0000] {logging_mixin.py:190} INFO - [2024-08-16T13:31:00.205+0000] {dag.py:4138} INFO - Setting next_dagrun for example_task_group_decorator to 2024-08-15 00:00:00+00:00, run_after=2024-08-16 00:00:00+00:00
[2024-08-16T13:31:00.225+0000] {processor.py:208} INFO - Processing /home/airflow/.local/lib/python3.12/site-packages/airflow/example_dags/example_task_group_decorator.py took 0.105 seconds
[2024-08-16T13:31:30.689+0000] {processor.py:186} INFO - Started process (PID=7547) to work on /home/airflow/.local/lib/python3.12/site-packages/airflow/example_dags/example_task_group_decorator.py
[2024-08-16T13:31:30.690+0000] {processor.py:914} INFO - Processing file /home/airflow/.local/lib/python3.12/site-packages/airflow/example_dags/example_task_group_decorator.py for tasks to queue
[2024-08-16T13:31:30.692+0000] {logging_mixin.py:190} INFO - [2024-08-16T13:31:30.692+0000] {dagbag.py:587} INFO - Filling up the DagBag from /home/airflow/.local/lib/python3.12/site-packages/airflow/example_dags/example_task_group_decorator.py
[2024-08-16T13:31:30.711+0000] {processor.py:925} INFO - DAG(s) 'example_task_group_decorator' retrieved from /home/airflow/.local/lib/python3.12/site-packages/airflow/example_dags/example_task_group_decorator.py
[2024-08-16T13:31:30.743+0000] {logging_mixin.py:190} INFO - [2024-08-16T13:31:30.742+0000] {dag.py:3211} INFO - Sync 1 DAGs
[2024-08-16T13:31:30.769+0000] {logging_mixin.py:190} INFO - [2024-08-16T13:31:30.769+0000] {dag.py:4138} INFO - Setting next_dagrun for example_task_group_decorator to 2024-08-15 00:00:00+00:00, run_after=2024-08-16 00:00:00+00:00
[2024-08-16T13:31:30.791+0000] {processor.py:208} INFO - Processing /home/airflow/.local/lib/python3.12/site-packages/airflow/example_dags/example_task_group_decorator.py took 0.109 seconds
[2024-08-16T13:32:01.075+0000] {processor.py:186} INFO - Started process (PID=7835) to work on /home/airflow/.local/lib/python3.12/site-packages/airflow/example_dags/example_task_group_decorator.py
[2024-08-16T13:32:01.076+0000] {processor.py:914} INFO - Processing file /home/airflow/.local/lib/python3.12/site-packages/airflow/example_dags/example_task_group_decorator.py for tasks to queue
[2024-08-16T13:32:01.079+0000] {logging_mixin.py:190} INFO - [2024-08-16T13:32:01.079+0000] {dagbag.py:587} INFO - Filling up the DagBag from /home/airflow/.local/lib/python3.12/site-packages/airflow/example_dags/example_task_group_decorator.py
[2024-08-16T13:32:01.101+0000] {processor.py:925} INFO - DAG(s) 'example_task_group_decorator' retrieved from /home/airflow/.local/lib/python3.12/site-packages/airflow/example_dags/example_task_group_decorator.py
[2024-08-16T13:32:01.131+0000] {logging_mixin.py:190} INFO - [2024-08-16T13:32:01.130+0000] {dag.py:3211} INFO - Sync 1 DAGs
[2024-08-16T13:32:01.158+0000] {logging_mixin.py:190} INFO - [2024-08-16T13:32:01.157+0000] {dag.py:4138} INFO - Setting next_dagrun for example_task_group_decorator to 2024-08-15 00:00:00+00:00, run_after=2024-08-16 00:00:00+00:00
[2024-08-16T13:32:01.178+0000] {processor.py:208} INFO - Processing /home/airflow/.local/lib/python3.12/site-packages/airflow/example_dags/example_task_group_decorator.py took 0.109 seconds
[2024-08-16T13:32:31.683+0000] {processor.py:186} INFO - Started process (PID=8119) to work on /home/airflow/.local/lib/python3.12/site-packages/airflow/example_dags/example_task_group_decorator.py
[2024-08-16T13:32:31.684+0000] {processor.py:914} INFO - Processing file /home/airflow/.local/lib/python3.12/site-packages/airflow/example_dags/example_task_group_decorator.py for tasks to queue
[2024-08-16T13:32:31.687+0000] {logging_mixin.py:190} INFO - [2024-08-16T13:32:31.686+0000] {dagbag.py:587} INFO - Filling up the DagBag from /home/airflow/.local/lib/python3.12/site-packages/airflow/example_dags/example_task_group_decorator.py
[2024-08-16T13:32:31.705+0000] {processor.py:925} INFO - DAG(s) 'example_task_group_decorator' retrieved from /home/airflow/.local/lib/python3.12/site-packages/airflow/example_dags/example_task_group_decorator.py
[2024-08-16T13:32:31.735+0000] {logging_mixin.py:190} INFO - [2024-08-16T13:32:31.735+0000] {dag.py:3211} INFO - Sync 1 DAGs
[2024-08-16T13:32:31.764+0000] {logging_mixin.py:190} INFO - [2024-08-16T13:32:31.764+0000] {dag.py:4138} INFO - Setting next_dagrun for example_task_group_decorator to 2024-08-15 00:00:00+00:00, run_after=2024-08-16 00:00:00+00:00
[2024-08-16T13:32:31.783+0000] {processor.py:208} INFO - Processing /home/airflow/.local/lib/python3.12/site-packages/airflow/example_dags/example_task_group_decorator.py took 0.106 seconds
[2024-08-16T13:33:02.093+0000] {processor.py:186} INFO - Started process (PID=8407) to work on /home/airflow/.local/lib/python3.12/site-packages/airflow/example_dags/example_task_group_decorator.py
[2024-08-16T13:33:02.094+0000] {processor.py:914} INFO - Processing file /home/airflow/.local/lib/python3.12/site-packages/airflow/example_dags/example_task_group_decorator.py for tasks to queue
[2024-08-16T13:33:02.096+0000] {logging_mixin.py:190} INFO - [2024-08-16T13:33:02.096+0000] {dagbag.py:587} INFO - Filling up the DagBag from /home/airflow/.local/lib/python3.12/site-packages/airflow/example_dags/example_task_group_decorator.py
[2024-08-16T13:33:02.114+0000] {processor.py:925} INFO - DAG(s) 'example_task_group_decorator' retrieved from /home/airflow/.local/lib/python3.12/site-packages/airflow/example_dags/example_task_group_decorator.py
[2024-08-16T13:33:02.146+0000] {logging_mixin.py:190} INFO - [2024-08-16T13:33:02.145+0000] {dag.py:3211} INFO - Sync 1 DAGs
[2024-08-16T13:33:02.171+0000] {logging_mixin.py:190} INFO - [2024-08-16T13:33:02.171+0000] {dag.py:4138} INFO - Setting next_dagrun for example_task_group_decorator to 2024-08-15 00:00:00+00:00, run_after=2024-08-16 00:00:00+00:00
[2024-08-16T13:33:02.193+0000] {processor.py:208} INFO - Processing /home/airflow/.local/lib/python3.12/site-packages/airflow/example_dags/example_task_group_decorator.py took 0.106 seconds
[2024-08-16T13:33:32.461+0000] {processor.py:186} INFO - Started process (PID=8693) to work on /home/airflow/.local/lib/python3.12/site-packages/airflow/example_dags/example_task_group_decorator.py
[2024-08-16T13:33:32.462+0000] {processor.py:914} INFO - Processing file /home/airflow/.local/lib/python3.12/site-packages/airflow/example_dags/example_task_group_decorator.py for tasks to queue
[2024-08-16T13:33:32.464+0000] {logging_mixin.py:190} INFO - [2024-08-16T13:33:32.464+0000] {dagbag.py:587} INFO - Filling up the DagBag from /home/airflow/.local/lib/python3.12/site-packages/airflow/example_dags/example_task_group_decorator.py
[2024-08-16T13:33:32.482+0000] {processor.py:925} INFO - DAG(s) 'example_task_group_decorator' retrieved from /home/airflow/.local/lib/python3.12/site-packages/airflow/example_dags/example_task_group_decorator.py
[2024-08-16T13:33:32.511+0000] {logging_mixin.py:190} INFO - [2024-08-16T13:33:32.511+0000] {dag.py:3211} INFO - Sync 1 DAGs
[2024-08-16T13:33:32.537+0000] {logging_mixin.py:190} INFO - [2024-08-16T13:33:32.537+0000] {dag.py:4138} INFO - Setting next_dagrun for example_task_group_decorator to 2024-08-15 00:00:00+00:00, run_after=2024-08-16 00:00:00+00:00
[2024-08-16T13:33:32.557+0000] {processor.py:208} INFO - Processing /home/airflow/.local/lib/python3.12/site-packages/airflow/example_dags/example_task_group_decorator.py took 0.103 seconds
[2024-08-16T13:34:02.713+0000] {processor.py:186} INFO - Started process (PID=8977) to work on /home/airflow/.local/lib/python3.12/site-packages/airflow/example_dags/example_task_group_decorator.py
[2024-08-16T13:34:02.715+0000] {processor.py:914} INFO - Processing file /home/airflow/.local/lib/python3.12/site-packages/airflow/example_dags/example_task_group_decorator.py for tasks to queue
[2024-08-16T13:34:02.717+0000] {logging_mixin.py:190} INFO - [2024-08-16T13:34:02.717+0000] {dagbag.py:587} INFO - Filling up the DagBag from /home/airflow/.local/lib/python3.12/site-packages/airflow/example_dags/example_task_group_decorator.py
[2024-08-16T13:34:02.736+0000] {processor.py:925} INFO - DAG(s) 'example_task_group_decorator' retrieved from /home/airflow/.local/lib/python3.12/site-packages/airflow/example_dags/example_task_group_decorator.py
[2024-08-16T13:34:02.765+0000] {logging_mixin.py:190} INFO - [2024-08-16T13:34:02.764+0000] {dag.py:3211} INFO - Sync 1 DAGs
[2024-08-16T13:34:02.791+0000] {logging_mixin.py:190} INFO - [2024-08-16T13:34:02.791+0000] {dag.py:4138} INFO - Setting next_dagrun for example_task_group_decorator to 2024-08-15 00:00:00+00:00, run_after=2024-08-16 00:00:00+00:00
[2024-08-16T13:34:02.811+0000] {processor.py:208} INFO - Processing /home/airflow/.local/lib/python3.12/site-packages/airflow/example_dags/example_task_group_decorator.py took 0.105 seconds
[2024-08-16T13:34:33.406+0000] {processor.py:186} INFO - Started process (PID=9263) to work on /home/airflow/.local/lib/python3.12/site-packages/airflow/example_dags/example_task_group_decorator.py
[2024-08-16T13:34:33.407+0000] {processor.py:914} INFO - Processing file /home/airflow/.local/lib/python3.12/site-packages/airflow/example_dags/example_task_group_decorator.py for tasks to queue
[2024-08-16T13:34:33.410+0000] {logging_mixin.py:190} INFO - [2024-08-16T13:34:33.409+0000] {dagbag.py:587} INFO - Filling up the DagBag from /home/airflow/.local/lib/python3.12/site-packages/airflow/example_dags/example_task_group_decorator.py
[2024-08-16T13:34:33.428+0000] {processor.py:925} INFO - DAG(s) 'example_task_group_decorator' retrieved from /home/airflow/.local/lib/python3.12/site-packages/airflow/example_dags/example_task_group_decorator.py
[2024-08-16T13:34:33.458+0000] {logging_mixin.py:190} INFO - [2024-08-16T13:34:33.458+0000] {dag.py:3211} INFO - Sync 1 DAGs
[2024-08-16T13:34:33.486+0000] {logging_mixin.py:190} INFO - [2024-08-16T13:34:33.486+0000] {dag.py:4138} INFO - Setting next_dagrun for example_task_group_decorator to 2024-08-15 00:00:00+00:00, run_after=2024-08-16 00:00:00+00:00
[2024-08-16T13:34:33.511+0000] {processor.py:208} INFO - Processing /home/airflow/.local/lib/python3.12/site-packages/airflow/example_dags/example_task_group_decorator.py took 0.114 seconds
[2024-08-16T13:35:03.806+0000] {processor.py:186} INFO - Started process (PID=9551) to work on /home/airflow/.local/lib/python3.12/site-packages/airflow/example_dags/example_task_group_decorator.py
[2024-08-16T13:35:03.807+0000] {processor.py:914} INFO - Processing file /home/airflow/.local/lib/python3.12/site-packages/airflow/example_dags/example_task_group_decorator.py for tasks to queue
[2024-08-16T13:35:03.810+0000] {logging_mixin.py:190} INFO - [2024-08-16T13:35:03.809+0000] {dagbag.py:587} INFO - Filling up the DagBag from /home/airflow/.local/lib/python3.12/site-packages/airflow/example_dags/example_task_group_decorator.py
[2024-08-16T13:35:03.826+0000] {processor.py:925} INFO - DAG(s) 'example_task_group_decorator' retrieved from /home/airflow/.local/lib/python3.12/site-packages/airflow/example_dags/example_task_group_decorator.py
[2024-08-16T13:35:03.856+0000] {logging_mixin.py:190} INFO - [2024-08-16T13:35:03.856+0000] {dag.py:3211} INFO - Sync 1 DAGs
[2024-08-16T13:35:03.880+0000] {logging_mixin.py:190} INFO - [2024-08-16T13:35:03.879+0000] {dag.py:4138} INFO - Setting next_dagrun for example_task_group_decorator to 2024-08-15 00:00:00+00:00, run_after=2024-08-16 00:00:00+00:00
[2024-08-16T13:35:03.899+0000] {processor.py:208} INFO - Processing /home/airflow/.local/lib/python3.12/site-packages/airflow/example_dags/example_task_group_decorator.py took 0.100 seconds
[2024-08-16T13:35:34.239+0000] {processor.py:186} INFO - Started process (PID=9837) to work on /home/airflow/.local/lib/python3.12/site-packages/airflow/example_dags/example_task_group_decorator.py
[2024-08-16T13:35:34.240+0000] {processor.py:914} INFO - Processing file /home/airflow/.local/lib/python3.12/site-packages/airflow/example_dags/example_task_group_decorator.py for tasks to queue
[2024-08-16T13:35:34.242+0000] {logging_mixin.py:190} INFO - [2024-08-16T13:35:34.242+0000] {dagbag.py:587} INFO - Filling up the DagBag from /home/airflow/.local/lib/python3.12/site-packages/airflow/example_dags/example_task_group_decorator.py
[2024-08-16T13:35:34.265+0000] {processor.py:925} INFO - DAG(s) 'example_task_group_decorator' retrieved from /home/airflow/.local/lib/python3.12/site-packages/airflow/example_dags/example_task_group_decorator.py
[2024-08-16T13:35:34.291+0000] {logging_mixin.py:190} INFO - [2024-08-16T13:35:34.291+0000] {dag.py:3211} INFO - Sync 1 DAGs
[2024-08-16T13:35:34.315+0000] {logging_mixin.py:190} INFO - [2024-08-16T13:35:34.314+0000] {dag.py:4138} INFO - Setting next_dagrun for example_task_group_decorator to 2024-08-15 00:00:00+00:00, run_after=2024-08-16 00:00:00+00:00
[2024-08-16T13:35:34.333+0000] {processor.py:208} INFO - Processing /home/airflow/.local/lib/python3.12/site-packages/airflow/example_dags/example_task_group_decorator.py took 0.100 seconds
[2024-08-16T13:36:04.694+0000] {processor.py:186} INFO - Started process (PID=10123) to work on /home/airflow/.local/lib/python3.12/site-packages/airflow/example_dags/example_task_group_decorator.py
[2024-08-16T13:36:04.695+0000] {processor.py:914} INFO - Processing file /home/airflow/.local/lib/python3.12/site-packages/airflow/example_dags/example_task_group_decorator.py for tasks to queue
[2024-08-16T13:36:04.698+0000] {logging_mixin.py:190} INFO - [2024-08-16T13:36:04.697+0000] {dagbag.py:587} INFO - Filling up the DagBag from /home/airflow/.local/lib/python3.12/site-packages/airflow/example_dags/example_task_group_decorator.py
[2024-08-16T13:36:04.716+0000] {processor.py:925} INFO - DAG(s) 'example_task_group_decorator' retrieved from /home/airflow/.local/lib/python3.12/site-packages/airflow/example_dags/example_task_group_decorator.py
[2024-08-16T13:36:04.747+0000] {logging_mixin.py:190} INFO - [2024-08-16T13:36:04.747+0000] {dag.py:3211} INFO - Sync 1 DAGs
[2024-08-16T13:36:04.770+0000] {logging_mixin.py:190} INFO - [2024-08-16T13:36:04.770+0000] {dag.py:4138} INFO - Setting next_dagrun for example_task_group_decorator to 2024-08-15 00:00:00+00:00, run_after=2024-08-16 00:00:00+00:00
[2024-08-16T13:36:04.793+0000] {processor.py:208} INFO - Processing /home/airflow/.local/lib/python3.12/site-packages/airflow/example_dags/example_task_group_decorator.py took 0.105 seconds
[2024-08-16T13:36:35.300+0000] {processor.py:186} INFO - Started process (PID=10407) to work on /home/airflow/.local/lib/python3.12/site-packages/airflow/example_dags/example_task_group_decorator.py
[2024-08-16T13:36:35.301+0000] {processor.py:914} INFO - Processing file /home/airflow/.local/lib/python3.12/site-packages/airflow/example_dags/example_task_group_decorator.py for tasks to queue
[2024-08-16T13:36:35.304+0000] {logging_mixin.py:190} INFO - [2024-08-16T13:36:35.304+0000] {dagbag.py:587} INFO - Filling up the DagBag from /home/airflow/.local/lib/python3.12/site-packages/airflow/example_dags/example_task_group_decorator.py
[2024-08-16T13:36:35.322+0000] {processor.py:925} INFO - DAG(s) 'example_task_group_decorator' retrieved from /home/airflow/.local/lib/python3.12/site-packages/airflow/example_dags/example_task_group_decorator.py
[2024-08-16T13:36:35.351+0000] {logging_mixin.py:190} INFO - [2024-08-16T13:36:35.351+0000] {dag.py:3211} INFO - Sync 1 DAGs
[2024-08-16T13:36:35.377+0000] {logging_mixin.py:190} INFO - [2024-08-16T13:36:35.377+0000] {dag.py:4138} INFO - Setting next_dagrun for example_task_group_decorator to 2024-08-15 00:00:00+00:00, run_after=2024-08-16 00:00:00+00:00
[2024-08-16T13:36:35.397+0000] {processor.py:208} INFO - Processing /home/airflow/.local/lib/python3.12/site-packages/airflow/example_dags/example_task_group_decorator.py took 0.104 seconds
[2024-08-16T13:37:05.547+0000] {processor.py:186} INFO - Started process (PID=10693) to work on /home/airflow/.local/lib/python3.12/site-packages/airflow/example_dags/example_task_group_decorator.py
[2024-08-16T13:37:05.548+0000] {processor.py:914} INFO - Processing file /home/airflow/.local/lib/python3.12/site-packages/airflow/example_dags/example_task_group_decorator.py for tasks to queue
[2024-08-16T13:37:05.551+0000] {logging_mixin.py:190} INFO - [2024-08-16T13:37:05.550+0000] {dagbag.py:587} INFO - Filling up the DagBag from /home/airflow/.local/lib/python3.12/site-packages/airflow/example_dags/example_task_group_decorator.py
[2024-08-16T13:37:05.570+0000] {processor.py:925} INFO - DAG(s) 'example_task_group_decorator' retrieved from /home/airflow/.local/lib/python3.12/site-packages/airflow/example_dags/example_task_group_decorator.py
[2024-08-16T13:37:05.598+0000] {logging_mixin.py:190} INFO - [2024-08-16T13:37:05.597+0000] {dag.py:3211} INFO - Sync 1 DAGs
[2024-08-16T13:37:05.625+0000] {logging_mixin.py:190} INFO - [2024-08-16T13:37:05.625+0000] {dag.py:4138} INFO - Setting next_dagrun for example_task_group_decorator to 2024-08-15 00:00:00+00:00, run_after=2024-08-16 00:00:00+00:00
[2024-08-16T13:37:05.645+0000] {processor.py:208} INFO - Processing /home/airflow/.local/lib/python3.12/site-packages/airflow/example_dags/example_task_group_decorator.py took 0.104 seconds
[2024-08-16T13:37:36.027+0000] {processor.py:186} INFO - Started process (PID=10982) to work on /home/airflow/.local/lib/python3.12/site-packages/airflow/example_dags/example_task_group_decorator.py
[2024-08-16T13:37:36.028+0000] {processor.py:914} INFO - Processing file /home/airflow/.local/lib/python3.12/site-packages/airflow/example_dags/example_task_group_decorator.py for tasks to queue
[2024-08-16T13:37:36.031+0000] {logging_mixin.py:190} INFO - [2024-08-16T13:37:36.030+0000] {dagbag.py:587} INFO - Filling up the DagBag from /home/airflow/.local/lib/python3.12/site-packages/airflow/example_dags/example_task_group_decorator.py
[2024-08-16T13:37:36.049+0000] {processor.py:925} INFO - DAG(s) 'example_task_group_decorator' retrieved from /home/airflow/.local/lib/python3.12/site-packages/airflow/example_dags/example_task_group_decorator.py
[2024-08-16T13:37:36.077+0000] {logging_mixin.py:190} INFO - [2024-08-16T13:37:36.077+0000] {dag.py:3211} INFO - Sync 1 DAGs
[2024-08-16T13:37:36.103+0000] {logging_mixin.py:190} INFO - [2024-08-16T13:37:36.103+0000] {dag.py:4138} INFO - Setting next_dagrun for example_task_group_decorator to 2024-08-15 00:00:00+00:00, run_after=2024-08-16 00:00:00+00:00
[2024-08-16T13:37:36.124+0000] {processor.py:208} INFO - Processing /home/airflow/.local/lib/python3.12/site-packages/airflow/example_dags/example_task_group_decorator.py took 0.103 seconds
[2024-08-16T13:38:06.335+0000] {processor.py:186} INFO - Started process (PID=11268) to work on /home/airflow/.local/lib/python3.12/site-packages/airflow/example_dags/example_task_group_decorator.py
[2024-08-16T13:38:06.336+0000] {processor.py:914} INFO - Processing file /home/airflow/.local/lib/python3.12/site-packages/airflow/example_dags/example_task_group_decorator.py for tasks to queue
[2024-08-16T13:38:06.339+0000] {logging_mixin.py:190} INFO - [2024-08-16T13:38:06.339+0000] {dagbag.py:587} INFO - Filling up the DagBag from /home/airflow/.local/lib/python3.12/site-packages/airflow/example_dags/example_task_group_decorator.py
[2024-08-16T13:38:06.357+0000] {processor.py:925} INFO - DAG(s) 'example_task_group_decorator' retrieved from /home/airflow/.local/lib/python3.12/site-packages/airflow/example_dags/example_task_group_decorator.py
[2024-08-16T13:38:06.389+0000] {logging_mixin.py:190} INFO - [2024-08-16T13:38:06.389+0000] {dag.py:3211} INFO - Sync 1 DAGs
[2024-08-16T13:38:06.412+0000] {logging_mixin.py:190} INFO - [2024-08-16T13:38:06.412+0000] {dag.py:4138} INFO - Setting next_dagrun for example_task_group_decorator to 2024-08-15 00:00:00+00:00, run_after=2024-08-16 00:00:00+00:00
[2024-08-16T13:38:06.431+0000] {processor.py:208} INFO - Processing /home/airflow/.local/lib/python3.12/site-packages/airflow/example_dags/example_task_group_decorator.py took 0.103 seconds
[2024-08-16T13:38:36.876+0000] {processor.py:186} INFO - Started process (PID=11552) to work on /home/airflow/.local/lib/python3.12/site-packages/airflow/example_dags/example_task_group_decorator.py
[2024-08-16T13:38:36.877+0000] {processor.py:914} INFO - Processing file /home/airflow/.local/lib/python3.12/site-packages/airflow/example_dags/example_task_group_decorator.py for tasks to queue
[2024-08-16T13:38:36.880+0000] {logging_mixin.py:190} INFO - [2024-08-16T13:38:36.880+0000] {dagbag.py:587} INFO - Filling up the DagBag from /home/airflow/.local/lib/python3.12/site-packages/airflow/example_dags/example_task_group_decorator.py
[2024-08-16T13:38:36.898+0000] {processor.py:925} INFO - DAG(s) 'example_task_group_decorator' retrieved from /home/airflow/.local/lib/python3.12/site-packages/airflow/example_dags/example_task_group_decorator.py
[2024-08-16T13:38:36.926+0000] {logging_mixin.py:190} INFO - [2024-08-16T13:38:36.925+0000] {dag.py:3211} INFO - Sync 1 DAGs
[2024-08-16T13:38:36.950+0000] {logging_mixin.py:190} INFO - [2024-08-16T13:38:36.950+0000] {dag.py:4138} INFO - Setting next_dagrun for example_task_group_decorator to 2024-08-15 00:00:00+00:00, run_after=2024-08-16 00:00:00+00:00
[2024-08-16T13:38:36.969+0000] {processor.py:208} INFO - Processing /home/airflow/.local/lib/python3.12/site-packages/airflow/example_dags/example_task_group_decorator.py took 0.100 seconds
[2024-08-16T13:39:07.120+0000] {processor.py:186} INFO - Started process (PID=11838) to work on /home/airflow/.local/lib/python3.12/site-packages/airflow/example_dags/example_task_group_decorator.py
[2024-08-16T13:39:07.121+0000] {processor.py:914} INFO - Processing file /home/airflow/.local/lib/python3.12/site-packages/airflow/example_dags/example_task_group_decorator.py for tasks to queue
[2024-08-16T13:39:07.124+0000] {logging_mixin.py:190} INFO - [2024-08-16T13:39:07.123+0000] {dagbag.py:587} INFO - Filling up the DagBag from /home/airflow/.local/lib/python3.12/site-packages/airflow/example_dags/example_task_group_decorator.py
[2024-08-16T13:39:07.143+0000] {processor.py:925} INFO - DAG(s) 'example_task_group_decorator' retrieved from /home/airflow/.local/lib/python3.12/site-packages/airflow/example_dags/example_task_group_decorator.py
[2024-08-16T13:39:07.172+0000] {logging_mixin.py:190} INFO - [2024-08-16T13:39:07.172+0000] {dag.py:3211} INFO - Sync 1 DAGs
[2024-08-16T13:39:07.202+0000] {logging_mixin.py:190} INFO - [2024-08-16T13:39:07.202+0000] {dag.py:4138} INFO - Setting next_dagrun for example_task_group_decorator to 2024-08-15 00:00:00+00:00, run_after=2024-08-16 00:00:00+00:00
[2024-08-16T13:39:07.225+0000] {processor.py:208} INFO - Processing /home/airflow/.local/lib/python3.12/site-packages/airflow/example_dags/example_task_group_decorator.py took 0.112 seconds
[2024-08-16T13:39:37.299+0000] {processor.py:186} INFO - Started process (PID=12124) to work on /home/airflow/.local/lib/python3.12/site-packages/airflow/example_dags/example_task_group_decorator.py
[2024-08-16T13:39:37.300+0000] {processor.py:914} INFO - Processing file /home/airflow/.local/lib/python3.12/site-packages/airflow/example_dags/example_task_group_decorator.py for tasks to queue
[2024-08-16T13:39:37.302+0000] {logging_mixin.py:190} INFO - [2024-08-16T13:39:37.302+0000] {dagbag.py:587} INFO - Filling up the DagBag from /home/airflow/.local/lib/python3.12/site-packages/airflow/example_dags/example_task_group_decorator.py
[2024-08-16T13:39:37.323+0000] {processor.py:925} INFO - DAG(s) 'example_task_group_decorator' retrieved from /home/airflow/.local/lib/python3.12/site-packages/airflow/example_dags/example_task_group_decorator.py
[2024-08-16T13:39:37.353+0000] {logging_mixin.py:190} INFO - [2024-08-16T13:39:37.353+0000] {dag.py:3211} INFO - Sync 1 DAGs
[2024-08-16T13:39:37.380+0000] {logging_mixin.py:190} INFO - [2024-08-16T13:39:37.380+0000] {dag.py:4138} INFO - Setting next_dagrun for example_task_group_decorator to 2024-08-15 00:00:00+00:00, run_after=2024-08-16 00:00:00+00:00
[2024-08-16T13:39:37.401+0000] {processor.py:208} INFO - Processing /home/airflow/.local/lib/python3.12/site-packages/airflow/example_dags/example_task_group_decorator.py took 0.110 seconds
[2024-08-16T13:40:08.466+0000] {processor.py:186} INFO - Started process (PID=12412) to work on /home/airflow/.local/lib/python3.12/site-packages/airflow/example_dags/example_task_group_decorator.py
[2024-08-16T13:40:08.467+0000] {processor.py:914} INFO - Processing file /home/airflow/.local/lib/python3.12/site-packages/airflow/example_dags/example_task_group_decorator.py for tasks to queue
[2024-08-16T13:40:08.469+0000] {logging_mixin.py:190} INFO - [2024-08-16T13:40:08.468+0000] {dagbag.py:587} INFO - Filling up the DagBag from /home/airflow/.local/lib/python3.12/site-packages/airflow/example_dags/example_task_group_decorator.py
[2024-08-16T13:40:08.486+0000] {processor.py:925} INFO - DAG(s) 'example_task_group_decorator' retrieved from /home/airflow/.local/lib/python3.12/site-packages/airflow/example_dags/example_task_group_decorator.py
[2024-08-16T13:40:08.515+0000] {logging_mixin.py:190} INFO - [2024-08-16T13:40:08.515+0000] {dag.py:3211} INFO - Sync 1 DAGs
[2024-08-16T13:40:08.539+0000] {logging_mixin.py:190} INFO - [2024-08-16T13:40:08.539+0000] {dag.py:4138} INFO - Setting next_dagrun for example_task_group_decorator to 2024-08-15 00:00:00+00:00, run_after=2024-08-16 00:00:00+00:00
[2024-08-16T13:40:08.563+0000] {processor.py:208} INFO - Processing /home/airflow/.local/lib/python3.12/site-packages/airflow/example_dags/example_task_group_decorator.py took 0.104 seconds
[2024-08-16T13:40:39.099+0000] {processor.py:186} INFO - Started process (PID=12696) to work on /home/airflow/.local/lib/python3.12/site-packages/airflow/example_dags/example_task_group_decorator.py
[2024-08-16T13:40:39.100+0000] {processor.py:914} INFO - Processing file /home/airflow/.local/lib/python3.12/site-packages/airflow/example_dags/example_task_group_decorator.py for tasks to queue
[2024-08-16T13:40:39.102+0000] {logging_mixin.py:190} INFO - [2024-08-16T13:40:39.102+0000] {dagbag.py:587} INFO - Filling up the DagBag from /home/airflow/.local/lib/python3.12/site-packages/airflow/example_dags/example_task_group_decorator.py
[2024-08-16T13:40:39.125+0000] {processor.py:925} INFO - DAG(s) 'example_task_group_decorator' retrieved from /home/airflow/.local/lib/python3.12/site-packages/airflow/example_dags/example_task_group_decorator.py
[2024-08-16T13:40:39.156+0000] {logging_mixin.py:190} INFO - [2024-08-16T13:40:39.156+0000] {dag.py:3211} INFO - Sync 1 DAGs
[2024-08-16T13:40:39.181+0000] {logging_mixin.py:190} INFO - [2024-08-16T13:40:39.181+0000] {dag.py:4138} INFO - Setting next_dagrun for example_task_group_decorator to 2024-08-15 00:00:00+00:00, run_after=2024-08-16 00:00:00+00:00
[2024-08-16T13:40:39.202+0000] {processor.py:208} INFO - Processing /home/airflow/.local/lib/python3.12/site-packages/airflow/example_dags/example_task_group_decorator.py took 0.111 seconds
[2024-08-16T13:41:09.311+0000] {processor.py:186} INFO - Started process (PID=12979) to work on /home/airflow/.local/lib/python3.12/site-packages/airflow/example_dags/example_task_group_decorator.py
[2024-08-16T13:41:09.312+0000] {processor.py:914} INFO - Processing file /home/airflow/.local/lib/python3.12/site-packages/airflow/example_dags/example_task_group_decorator.py for tasks to queue
[2024-08-16T13:41:09.315+0000] {logging_mixin.py:190} INFO - [2024-08-16T13:41:09.315+0000] {dagbag.py:587} INFO - Filling up the DagBag from /home/airflow/.local/lib/python3.12/site-packages/airflow/example_dags/example_task_group_decorator.py
[2024-08-16T13:41:09.339+0000] {processor.py:925} INFO - DAG(s) 'example_task_group_decorator' retrieved from /home/airflow/.local/lib/python3.12/site-packages/airflow/example_dags/example_task_group_decorator.py
[2024-08-16T13:41:09.367+0000] {logging_mixin.py:190} INFO - [2024-08-16T13:41:09.367+0000] {dag.py:3211} INFO - Sync 1 DAGs
[2024-08-16T13:41:09.398+0000] {logging_mixin.py:190} INFO - [2024-08-16T13:41:09.398+0000] {dag.py:4138} INFO - Setting next_dagrun for example_task_group_decorator to 2024-08-15 00:00:00+00:00, run_after=2024-08-16 00:00:00+00:00
[2024-08-16T13:41:09.431+0000] {processor.py:208} INFO - Processing /home/airflow/.local/lib/python3.12/site-packages/airflow/example_dags/example_task_group_decorator.py took 0.128 seconds
[2024-08-16T13:41:39.602+0000] {processor.py:186} INFO - Started process (PID=13263) to work on /home/airflow/.local/lib/python3.12/site-packages/airflow/example_dags/example_task_group_decorator.py
[2024-08-16T13:41:39.603+0000] {processor.py:914} INFO - Processing file /home/airflow/.local/lib/python3.12/site-packages/airflow/example_dags/example_task_group_decorator.py for tasks to queue
[2024-08-16T13:41:39.607+0000] {logging_mixin.py:190} INFO - [2024-08-16T13:41:39.606+0000] {dagbag.py:587} INFO - Filling up the DagBag from /home/airflow/.local/lib/python3.12/site-packages/airflow/example_dags/example_task_group_decorator.py
[2024-08-16T13:41:39.665+0000] {processor.py:925} INFO - DAG(s) 'example_task_group_decorator' retrieved from /home/airflow/.local/lib/python3.12/site-packages/airflow/example_dags/example_task_group_decorator.py
[2024-08-16T13:41:39.756+0000] {logging_mixin.py:190} INFO - [2024-08-16T13:41:39.756+0000] {dag.py:3211} INFO - Sync 1 DAGs
[2024-08-16T13:41:39.794+0000] {logging_mixin.py:190} INFO - [2024-08-16T13:41:39.794+0000] {dag.py:4138} INFO - Setting next_dagrun for example_task_group_decorator to 2024-08-15 00:00:00+00:00, run_after=2024-08-16 00:00:00+00:00
[2024-08-16T13:41:39.817+0000] {processor.py:208} INFO - Processing /home/airflow/.local/lib/python3.12/site-packages/airflow/example_dags/example_task_group_decorator.py took 0.224 seconds
[2024-08-16T13:42:10.274+0000] {processor.py:186} INFO - Started process (PID=13549) to work on /home/airflow/.local/lib/python3.12/site-packages/airflow/example_dags/example_task_group_decorator.py
[2024-08-16T13:42:10.275+0000] {processor.py:914} INFO - Processing file /home/airflow/.local/lib/python3.12/site-packages/airflow/example_dags/example_task_group_decorator.py for tasks to queue
[2024-08-16T13:42:10.278+0000] {logging_mixin.py:190} INFO - [2024-08-16T13:42:10.277+0000] {dagbag.py:587} INFO - Filling up the DagBag from /home/airflow/.local/lib/python3.12/site-packages/airflow/example_dags/example_task_group_decorator.py
[2024-08-16T13:42:10.300+0000] {processor.py:925} INFO - DAG(s) 'example_task_group_decorator' retrieved from /home/airflow/.local/lib/python3.12/site-packages/airflow/example_dags/example_task_group_decorator.py
[2024-08-16T13:42:10.337+0000] {logging_mixin.py:190} INFO - [2024-08-16T13:42:10.337+0000] {dag.py:3211} INFO - Sync 1 DAGs
[2024-08-16T13:42:10.368+0000] {logging_mixin.py:190} INFO - [2024-08-16T13:42:10.367+0000] {dag.py:4138} INFO - Setting next_dagrun for example_task_group_decorator to 2024-08-15 00:00:00+00:00, run_after=2024-08-16 00:00:00+00:00
[2024-08-16T13:42:10.387+0000] {processor.py:208} INFO - Processing /home/airflow/.local/lib/python3.12/site-packages/airflow/example_dags/example_task_group_decorator.py took 0.120 seconds
[2024-08-16T13:42:41.068+0000] {processor.py:186} INFO - Started process (PID=13835) to work on /home/airflow/.local/lib/python3.12/site-packages/airflow/example_dags/example_task_group_decorator.py
[2024-08-16T13:42:41.070+0000] {processor.py:914} INFO - Processing file /home/airflow/.local/lib/python3.12/site-packages/airflow/example_dags/example_task_group_decorator.py for tasks to queue
[2024-08-16T13:42:41.072+0000] {logging_mixin.py:190} INFO - [2024-08-16T13:42:41.072+0000] {dagbag.py:587} INFO - Filling up the DagBag from /home/airflow/.local/lib/python3.12/site-packages/airflow/example_dags/example_task_group_decorator.py
[2024-08-16T13:42:41.090+0000] {processor.py:925} INFO - DAG(s) 'example_task_group_decorator' retrieved from /home/airflow/.local/lib/python3.12/site-packages/airflow/example_dags/example_task_group_decorator.py
[2024-08-16T13:42:41.127+0000] {logging_mixin.py:190} INFO - [2024-08-16T13:42:41.126+0000] {dag.py:3211} INFO - Sync 1 DAGs
[2024-08-16T13:42:41.153+0000] {logging_mixin.py:190} INFO - [2024-08-16T13:42:41.153+0000] {dag.py:4138} INFO - Setting next_dagrun for example_task_group_decorator to 2024-08-15 00:00:00+00:00, run_after=2024-08-16 00:00:00+00:00
[2024-08-16T13:42:41.175+0000] {processor.py:208} INFO - Processing /home/airflow/.local/lib/python3.12/site-packages/airflow/example_dags/example_task_group_decorator.py took 0.114 seconds
[2024-08-16T13:43:11.845+0000] {processor.py:186} INFO - Started process (PID=14121) to work on /home/airflow/.local/lib/python3.12/site-packages/airflow/example_dags/example_task_group_decorator.py
[2024-08-16T13:43:11.846+0000] {processor.py:914} INFO - Processing file /home/airflow/.local/lib/python3.12/site-packages/airflow/example_dags/example_task_group_decorator.py for tasks to queue
[2024-08-16T13:43:11.849+0000] {logging_mixin.py:190} INFO - [2024-08-16T13:43:11.848+0000] {dagbag.py:587} INFO - Filling up the DagBag from /home/airflow/.local/lib/python3.12/site-packages/airflow/example_dags/example_task_group_decorator.py
[2024-08-16T13:43:11.868+0000] {processor.py:925} INFO - DAG(s) 'example_task_group_decorator' retrieved from /home/airflow/.local/lib/python3.12/site-packages/airflow/example_dags/example_task_group_decorator.py
[2024-08-16T13:43:11.896+0000] {logging_mixin.py:190} INFO - [2024-08-16T13:43:11.896+0000] {dag.py:3211} INFO - Sync 1 DAGs
[2024-08-16T13:43:11.920+0000] {logging_mixin.py:190} INFO - [2024-08-16T13:43:11.920+0000] {dag.py:4138} INFO - Setting next_dagrun for example_task_group_decorator to 2024-08-15 00:00:00+00:00, run_after=2024-08-16 00:00:00+00:00
[2024-08-16T13:43:11.938+0000] {processor.py:208} INFO - Processing /home/airflow/.local/lib/python3.12/site-packages/airflow/example_dags/example_task_group_decorator.py took 0.101 seconds
[2024-08-16T13:43:42.265+0000] {processor.py:186} INFO - Started process (PID=14407) to work on /home/airflow/.local/lib/python3.12/site-packages/airflow/example_dags/example_task_group_decorator.py
[2024-08-16T13:43:42.266+0000] {processor.py:914} INFO - Processing file /home/airflow/.local/lib/python3.12/site-packages/airflow/example_dags/example_task_group_decorator.py for tasks to queue
[2024-08-16T13:43:42.269+0000] {logging_mixin.py:190} INFO - [2024-08-16T13:43:42.268+0000] {dagbag.py:587} INFO - Filling up the DagBag from /home/airflow/.local/lib/python3.12/site-packages/airflow/example_dags/example_task_group_decorator.py
[2024-08-16T13:43:42.289+0000] {processor.py:925} INFO - DAG(s) 'example_task_group_decorator' retrieved from /home/airflow/.local/lib/python3.12/site-packages/airflow/example_dags/example_task_group_decorator.py
[2024-08-16T13:43:42.327+0000] {logging_mixin.py:190} INFO - [2024-08-16T13:43:42.327+0000] {dag.py:3211} INFO - Sync 1 DAGs
[2024-08-16T13:43:42.352+0000] {logging_mixin.py:190} INFO - [2024-08-16T13:43:42.352+0000] {dag.py:4138} INFO - Setting next_dagrun for example_task_group_decorator to 2024-08-15 00:00:00+00:00, run_after=2024-08-16 00:00:00+00:00
[2024-08-16T13:43:42.372+0000] {processor.py:208} INFO - Processing /home/airflow/.local/lib/python3.12/site-packages/airflow/example_dags/example_task_group_decorator.py took 0.115 seconds
[2024-08-16T13:44:13.050+0000] {processor.py:186} INFO - Started process (PID=14693) to work on /home/airflow/.local/lib/python3.12/site-packages/airflow/example_dags/example_task_group_decorator.py
[2024-08-16T13:44:13.051+0000] {processor.py:914} INFO - Processing file /home/airflow/.local/lib/python3.12/site-packages/airflow/example_dags/example_task_group_decorator.py for tasks to queue
[2024-08-16T13:44:13.054+0000] {logging_mixin.py:190} INFO - [2024-08-16T13:44:13.054+0000] {dagbag.py:587} INFO - Filling up the DagBag from /home/airflow/.local/lib/python3.12/site-packages/airflow/example_dags/example_task_group_decorator.py
[2024-08-16T13:44:13.075+0000] {processor.py:925} INFO - DAG(s) 'example_task_group_decorator' retrieved from /home/airflow/.local/lib/python3.12/site-packages/airflow/example_dags/example_task_group_decorator.py
[2024-08-16T13:44:13.108+0000] {logging_mixin.py:190} INFO - [2024-08-16T13:44:13.107+0000] {dag.py:3211} INFO - Sync 1 DAGs
[2024-08-16T13:44:13.132+0000] {logging_mixin.py:190} INFO - [2024-08-16T13:44:13.132+0000] {dag.py:4138} INFO - Setting next_dagrun for example_task_group_decorator to 2024-08-15 00:00:00+00:00, run_after=2024-08-16 00:00:00+00:00
[2024-08-16T13:44:13.151+0000] {processor.py:208} INFO - Processing /home/airflow/.local/lib/python3.12/site-packages/airflow/example_dags/example_task_group_decorator.py took 0.107 seconds
[2024-08-16T13:44:43.470+0000] {processor.py:186} INFO - Started process (PID=14979) to work on /home/airflow/.local/lib/python3.12/site-packages/airflow/example_dags/example_task_group_decorator.py
[2024-08-16T13:44:43.471+0000] {processor.py:914} INFO - Processing file /home/airflow/.local/lib/python3.12/site-packages/airflow/example_dags/example_task_group_decorator.py for tasks to queue
[2024-08-16T13:44:43.474+0000] {logging_mixin.py:190} INFO - [2024-08-16T13:44:43.474+0000] {dagbag.py:587} INFO - Filling up the DagBag from /home/airflow/.local/lib/python3.12/site-packages/airflow/example_dags/example_task_group_decorator.py
[2024-08-16T13:44:43.493+0000] {processor.py:925} INFO - DAG(s) 'example_task_group_decorator' retrieved from /home/airflow/.local/lib/python3.12/site-packages/airflow/example_dags/example_task_group_decorator.py
[2024-08-16T13:44:43.522+0000] {logging_mixin.py:190} INFO - [2024-08-16T13:44:43.522+0000] {dag.py:3211} INFO - Sync 1 DAGs
[2024-08-16T13:44:43.546+0000] {logging_mixin.py:190} INFO - [2024-08-16T13:44:43.546+0000] {dag.py:4138} INFO - Setting next_dagrun for example_task_group_decorator to 2024-08-15 00:00:00+00:00, run_after=2024-08-16 00:00:00+00:00
[2024-08-16T13:44:43.565+0000] {processor.py:208} INFO - Processing /home/airflow/.local/lib/python3.12/site-packages/airflow/example_dags/example_task_group_decorator.py took 0.104 seconds
[2024-08-16T13:45:13.760+0000] {processor.py:186} INFO - Started process (PID=15265) to work on /home/airflow/.local/lib/python3.12/site-packages/airflow/example_dags/example_task_group_decorator.py
[2024-08-16T13:45:13.761+0000] {processor.py:914} INFO - Processing file /home/airflow/.local/lib/python3.12/site-packages/airflow/example_dags/example_task_group_decorator.py for tasks to queue
[2024-08-16T13:45:13.764+0000] {logging_mixin.py:190} INFO - [2024-08-16T13:45:13.763+0000] {dagbag.py:587} INFO - Filling up the DagBag from /home/airflow/.local/lib/python3.12/site-packages/airflow/example_dags/example_task_group_decorator.py
[2024-08-16T13:45:13.785+0000] {processor.py:925} INFO - DAG(s) 'example_task_group_decorator' retrieved from /home/airflow/.local/lib/python3.12/site-packages/airflow/example_dags/example_task_group_decorator.py
[2024-08-16T13:45:13.820+0000] {logging_mixin.py:190} INFO - [2024-08-16T13:45:13.819+0000] {dag.py:3211} INFO - Sync 1 DAGs
[2024-08-16T13:45:13.853+0000] {logging_mixin.py:190} INFO - [2024-08-16T13:45:13.853+0000] {dag.py:4138} INFO - Setting next_dagrun for example_task_group_decorator to 2024-08-15 00:00:00+00:00, run_after=2024-08-16 00:00:00+00:00
[2024-08-16T13:45:13.882+0000] {processor.py:208} INFO - Processing /home/airflow/.local/lib/python3.12/site-packages/airflow/example_dags/example_task_group_decorator.py took 0.128 seconds
[2024-08-16T13:45:44.181+0000] {processor.py:186} INFO - Started process (PID=15546) to work on /home/airflow/.local/lib/python3.12/site-packages/airflow/example_dags/example_task_group_decorator.py
[2024-08-16T13:45:44.184+0000] {processor.py:914} INFO - Processing file /home/airflow/.local/lib/python3.12/site-packages/airflow/example_dags/example_task_group_decorator.py for tasks to queue
[2024-08-16T13:45:44.190+0000] {logging_mixin.py:190} INFO - [2024-08-16T13:45:44.189+0000] {dagbag.py:587} INFO - Filling up the DagBag from /home/airflow/.local/lib/python3.12/site-packages/airflow/example_dags/example_task_group_decorator.py
[2024-08-16T13:45:44.223+0000] {processor.py:925} INFO - DAG(s) 'example_task_group_decorator' retrieved from /home/airflow/.local/lib/python3.12/site-packages/airflow/example_dags/example_task_group_decorator.py
[2024-08-16T13:45:44.264+0000] {logging_mixin.py:190} INFO - [2024-08-16T13:45:44.264+0000] {dag.py:3211} INFO - Sync 1 DAGs
[2024-08-16T13:45:44.303+0000] {logging_mixin.py:190} INFO - [2024-08-16T13:45:44.303+0000] {dag.py:4138} INFO - Setting next_dagrun for example_task_group_decorator to 2024-08-15 00:00:00+00:00, run_after=2024-08-16 00:00:00+00:00
[2024-08-16T13:45:44.330+0000] {processor.py:208} INFO - Processing /home/airflow/.local/lib/python3.12/site-packages/airflow/example_dags/example_task_group_decorator.py took 0.160 seconds
[2024-08-16T13:46:15.607+0000] {processor.py:186} INFO - Started process (PID=15832) to work on /home/airflow/.local/lib/python3.12/site-packages/airflow/example_dags/example_task_group_decorator.py
[2024-08-16T13:46:15.608+0000] {processor.py:914} INFO - Processing file /home/airflow/.local/lib/python3.12/site-packages/airflow/example_dags/example_task_group_decorator.py for tasks to queue
[2024-08-16T13:46:15.612+0000] {logging_mixin.py:190} INFO - [2024-08-16T13:46:15.611+0000] {dagbag.py:587} INFO - Filling up the DagBag from /home/airflow/.local/lib/python3.12/site-packages/airflow/example_dags/example_task_group_decorator.py
[2024-08-16T13:46:15.636+0000] {processor.py:925} INFO - DAG(s) 'example_task_group_decorator' retrieved from /home/airflow/.local/lib/python3.12/site-packages/airflow/example_dags/example_task_group_decorator.py
[2024-08-16T13:46:15.673+0000] {logging_mixin.py:190} INFO - [2024-08-16T13:46:15.673+0000] {dag.py:3211} INFO - Sync 1 DAGs
[2024-08-16T13:46:15.707+0000] {logging_mixin.py:190} INFO - [2024-08-16T13:46:15.706+0000] {dag.py:4138} INFO - Setting next_dagrun for example_task_group_decorator to 2024-08-15 00:00:00+00:00, run_after=2024-08-16 00:00:00+00:00
[2024-08-16T13:46:15.732+0000] {processor.py:208} INFO - Processing /home/airflow/.local/lib/python3.12/site-packages/airflow/example_dags/example_task_group_decorator.py took 0.135 seconds
[2024-08-16T13:46:46.456+0000] {processor.py:186} INFO - Started process (PID=16118) to work on /home/airflow/.local/lib/python3.12/site-packages/airflow/example_dags/example_task_group_decorator.py
[2024-08-16T13:46:46.458+0000] {processor.py:914} INFO - Processing file /home/airflow/.local/lib/python3.12/site-packages/airflow/example_dags/example_task_group_decorator.py for tasks to queue
[2024-08-16T13:46:46.468+0000] {logging_mixin.py:190} INFO - [2024-08-16T13:46:46.467+0000] {dagbag.py:587} INFO - Filling up the DagBag from /home/airflow/.local/lib/python3.12/site-packages/airflow/example_dags/example_task_group_decorator.py
[2024-08-16T13:46:46.567+0000] {processor.py:925} INFO - DAG(s) 'example_task_group_decorator' retrieved from /home/airflow/.local/lib/python3.12/site-packages/airflow/example_dags/example_task_group_decorator.py
[2024-08-16T13:46:46.625+0000] {logging_mixin.py:190} INFO - [2024-08-16T13:46:46.624+0000] {dag.py:3211} INFO - Sync 1 DAGs
[2024-08-16T13:46:46.674+0000] {logging_mixin.py:190} INFO - [2024-08-16T13:46:46.674+0000] {dag.py:4138} INFO - Setting next_dagrun for example_task_group_decorator to 2024-08-15 00:00:00+00:00, run_after=2024-08-16 00:00:00+00:00
[2024-08-16T13:46:46.707+0000] {processor.py:208} INFO - Processing /home/airflow/.local/lib/python3.12/site-packages/airflow/example_dags/example_task_group_decorator.py took 0.266 seconds
[2024-08-16T13:47:16.952+0000] {processor.py:186} INFO - Started process (PID=16404) to work on /home/airflow/.local/lib/python3.12/site-packages/airflow/example_dags/example_task_group_decorator.py
[2024-08-16T13:47:16.953+0000] {processor.py:914} INFO - Processing file /home/airflow/.local/lib/python3.12/site-packages/airflow/example_dags/example_task_group_decorator.py for tasks to queue
[2024-08-16T13:47:16.956+0000] {logging_mixin.py:190} INFO - [2024-08-16T13:47:16.956+0000] {dagbag.py:587} INFO - Filling up the DagBag from /home/airflow/.local/lib/python3.12/site-packages/airflow/example_dags/example_task_group_decorator.py
[2024-08-16T13:47:16.989+0000] {processor.py:925} INFO - DAG(s) 'example_task_group_decorator' retrieved from /home/airflow/.local/lib/python3.12/site-packages/airflow/example_dags/example_task_group_decorator.py
[2024-08-16T13:47:17.030+0000] {logging_mixin.py:190} INFO - [2024-08-16T13:47:17.030+0000] {dag.py:3211} INFO - Sync 1 DAGs
[2024-08-16T13:47:17.060+0000] {logging_mixin.py:190} INFO - [2024-08-16T13:47:17.059+0000] {dag.py:4138} INFO - Setting next_dagrun for example_task_group_decorator to 2024-08-15 00:00:00+00:00, run_after=2024-08-16 00:00:00+00:00
[2024-08-16T13:47:17.089+0000] {processor.py:208} INFO - Processing /home/airflow/.local/lib/python3.12/site-packages/airflow/example_dags/example_task_group_decorator.py took 0.146 seconds
[2024-08-16T13:47:47.603+0000] {processor.py:186} INFO - Started process (PID=16690) to work on /home/airflow/.local/lib/python3.12/site-packages/airflow/example_dags/example_task_group_decorator.py
[2024-08-16T13:47:47.605+0000] {processor.py:914} INFO - Processing file /home/airflow/.local/lib/python3.12/site-packages/airflow/example_dags/example_task_group_decorator.py for tasks to queue
[2024-08-16T13:47:47.609+0000] {logging_mixin.py:190} INFO - [2024-08-16T13:47:47.608+0000] {dagbag.py:587} INFO - Filling up the DagBag from /home/airflow/.local/lib/python3.12/site-packages/airflow/example_dags/example_task_group_decorator.py
[2024-08-16T13:47:47.634+0000] {processor.py:925} INFO - DAG(s) 'example_task_group_decorator' retrieved from /home/airflow/.local/lib/python3.12/site-packages/airflow/example_dags/example_task_group_decorator.py
[2024-08-16T13:47:47.668+0000] {logging_mixin.py:190} INFO - [2024-08-16T13:47:47.667+0000] {dag.py:3211} INFO - Sync 1 DAGs
[2024-08-16T13:47:47.701+0000] {logging_mixin.py:190} INFO - [2024-08-16T13:47:47.701+0000] {dag.py:4138} INFO - Setting next_dagrun for example_task_group_decorator to 2024-08-15 00:00:00+00:00, run_after=2024-08-16 00:00:00+00:00
[2024-08-16T13:47:47.720+0000] {processor.py:208} INFO - Processing /home/airflow/.local/lib/python3.12/site-packages/airflow/example_dags/example_task_group_decorator.py took 0.128 seconds
[2024-08-16T13:48:18.647+0000] {processor.py:186} INFO - Started process (PID=16985) to work on /home/airflow/.local/lib/python3.12/site-packages/airflow/example_dags/example_task_group_decorator.py
[2024-08-16T13:48:18.649+0000] {processor.py:914} INFO - Processing file /home/airflow/.local/lib/python3.12/site-packages/airflow/example_dags/example_task_group_decorator.py for tasks to queue
[2024-08-16T13:48:18.652+0000] {logging_mixin.py:190} INFO - [2024-08-16T13:48:18.651+0000] {dagbag.py:587} INFO - Filling up the DagBag from /home/airflow/.local/lib/python3.12/site-packages/airflow/example_dags/example_task_group_decorator.py
[2024-08-16T13:48:18.674+0000] {processor.py:925} INFO - DAG(s) 'example_task_group_decorator' retrieved from /home/airflow/.local/lib/python3.12/site-packages/airflow/example_dags/example_task_group_decorator.py
[2024-08-16T13:48:18.708+0000] {logging_mixin.py:190} INFO - [2024-08-16T13:48:18.708+0000] {dag.py:3211} INFO - Sync 1 DAGs
[2024-08-16T13:48:18.740+0000] {logging_mixin.py:190} INFO - [2024-08-16T13:48:18.740+0000] {dag.py:4138} INFO - Setting next_dagrun for example_task_group_decorator to 2024-08-15 00:00:00+00:00, run_after=2024-08-16 00:00:00+00:00
[2024-08-16T13:48:18.775+0000] {processor.py:208} INFO - Processing /home/airflow/.local/lib/python3.12/site-packages/airflow/example_dags/example_task_group_decorator.py took 0.135 seconds
[2024-08-16T13:48:48.956+0000] {processor.py:186} INFO - Started process (PID=17269) to work on /home/airflow/.local/lib/python3.12/site-packages/airflow/example_dags/example_task_group_decorator.py
[2024-08-16T13:48:48.957+0000] {processor.py:914} INFO - Processing file /home/airflow/.local/lib/python3.12/site-packages/airflow/example_dags/example_task_group_decorator.py for tasks to queue
[2024-08-16T13:48:48.960+0000] {logging_mixin.py:190} INFO - [2024-08-16T13:48:48.959+0000] {dagbag.py:587} INFO - Filling up the DagBag from /home/airflow/.local/lib/python3.12/site-packages/airflow/example_dags/example_task_group_decorator.py
[2024-08-16T13:48:48.978+0000] {processor.py:925} INFO - DAG(s) 'example_task_group_decorator' retrieved from /home/airflow/.local/lib/python3.12/site-packages/airflow/example_dags/example_task_group_decorator.py
[2024-08-16T13:48:49.009+0000] {logging_mixin.py:190} INFO - [2024-08-16T13:48:49.009+0000] {dag.py:3211} INFO - Sync 1 DAGs
[2024-08-16T13:48:49.036+0000] {logging_mixin.py:190} INFO - [2024-08-16T13:48:49.035+0000] {dag.py:4138} INFO - Setting next_dagrun for example_task_group_decorator to 2024-08-15 00:00:00+00:00, run_after=2024-08-16 00:00:00+00:00
[2024-08-16T13:48:49.264+0000] {processor.py:208} INFO - Processing /home/airflow/.local/lib/python3.12/site-packages/airflow/example_dags/example_task_group_decorator.py took 0.315 seconds
[2024-08-16T13:49:19.874+0000] {processor.py:186} INFO - Started process (PID=17555) to work on /home/airflow/.local/lib/python3.12/site-packages/airflow/example_dags/example_task_group_decorator.py
[2024-08-16T13:49:19.875+0000] {processor.py:914} INFO - Processing file /home/airflow/.local/lib/python3.12/site-packages/airflow/example_dags/example_task_group_decorator.py for tasks to queue
[2024-08-16T13:49:19.878+0000] {logging_mixin.py:190} INFO - [2024-08-16T13:49:19.878+0000] {dagbag.py:587} INFO - Filling up the DagBag from /home/airflow/.local/lib/python3.12/site-packages/airflow/example_dags/example_task_group_decorator.py
[2024-08-16T13:49:19.926+0000] {processor.py:925} INFO - DAG(s) 'example_task_group_decorator' retrieved from /home/airflow/.local/lib/python3.12/site-packages/airflow/example_dags/example_task_group_decorator.py
[2024-08-16T13:49:19.972+0000] {logging_mixin.py:190} INFO - [2024-08-16T13:49:19.971+0000] {dag.py:3211} INFO - Sync 1 DAGs
[2024-08-16T13:49:20.027+0000] {logging_mixin.py:190} INFO - [2024-08-16T13:49:20.026+0000] {dag.py:4138} INFO - Setting next_dagrun for example_task_group_decorator to 2024-08-15 00:00:00+00:00, run_after=2024-08-16 00:00:00+00:00
[2024-08-16T13:49:20.074+0000] {processor.py:208} INFO - Processing /home/airflow/.local/lib/python3.12/site-packages/airflow/example_dags/example_task_group_decorator.py took 0.209 seconds
[2024-08-16T13:49:50.225+0000] {processor.py:186} INFO - Started process (PID=17841) to work on /home/airflow/.local/lib/python3.12/site-packages/airflow/example_dags/example_task_group_decorator.py
[2024-08-16T13:49:50.226+0000] {processor.py:914} INFO - Processing file /home/airflow/.local/lib/python3.12/site-packages/airflow/example_dags/example_task_group_decorator.py for tasks to queue
[2024-08-16T13:49:50.230+0000] {logging_mixin.py:190} INFO - [2024-08-16T13:49:50.228+0000] {dagbag.py:587} INFO - Filling up the DagBag from /home/airflow/.local/lib/python3.12/site-packages/airflow/example_dags/example_task_group_decorator.py
[2024-08-16T13:49:50.250+0000] {processor.py:925} INFO - DAG(s) 'example_task_group_decorator' retrieved from /home/airflow/.local/lib/python3.12/site-packages/airflow/example_dags/example_task_group_decorator.py
[2024-08-16T13:49:50.284+0000] {logging_mixin.py:190} INFO - [2024-08-16T13:49:50.284+0000] {dag.py:3211} INFO - Sync 1 DAGs
[2024-08-16T13:49:50.319+0000] {logging_mixin.py:190} INFO - [2024-08-16T13:49:50.319+0000] {dag.py:4138} INFO - Setting next_dagrun for example_task_group_decorator to 2024-08-15 00:00:00+00:00, run_after=2024-08-16 00:00:00+00:00
[2024-08-16T13:49:50.341+0000] {processor.py:208} INFO - Processing /home/airflow/.local/lib/python3.12/site-packages/airflow/example_dags/example_task_group_decorator.py took 0.123 seconds
