[2024-08-16T13:18:35.966+0000] {processor.py:186} INFO - Started process (PID=169) to work on /home/airflow/.local/lib/python3.12/site-packages/airflow/example_dags/example_python_decorator.py
[2024-08-16T13:18:35.967+0000] {processor.py:914} INFO - Processing file /home/airflow/.local/lib/python3.12/site-packages/airflow/example_dags/example_python_decorator.py for tasks to queue
[2024-08-16T13:18:35.970+0000] {logging_mixin.py:190} INFO - [2024-08-16T13:18:35.969+0000] {dagbag.py:587} INFO - Filling up the DagBag from /home/airflow/.local/lib/python3.12/site-packages/airflow/example_dags/example_python_decorator.py
[2024-08-16T13:18:36.008+0000] {processor.py:925} INFO - DAG(s) 'example_python_decorator' retrieved from /home/airflow/.local/lib/python3.12/site-packages/airflow/example_dags/example_python_decorator.py
[2024-08-16T13:18:36.223+0000] {logging_mixin.py:190} INFO - [2024-08-16T13:18:36.222+0000] {override.py:1858} INFO - Created Permission View: can read on DAG:example_python_decorator
[2024-08-16T13:18:36.234+0000] {logging_mixin.py:190} INFO - [2024-08-16T13:18:36.234+0000] {override.py:1858} INFO - Created Permission View: can edit on DAG:example_python_decorator
[2024-08-16T13:18:36.243+0000] {logging_mixin.py:190} INFO - [2024-08-16T13:18:36.243+0000] {override.py:1858} INFO - Created Permission View: can delete on DAG:example_python_decorator
[2024-08-16T13:18:36.244+0000] {logging_mixin.py:190} INFO - [2024-08-16T13:18:36.244+0000] {dag.py:3211} INFO - Sync 1 DAGs
[2024-08-16T13:18:36.284+0000] {logging_mixin.py:190} INFO - [2024-08-16T13:18:36.284+0000] {dag.py:3234} INFO - Creating ORM DAG for example_python_decorator
[2024-08-16T13:18:36.286+0000] {logging_mixin.py:190} INFO - [2024-08-16T13:18:36.286+0000] {dag.py:4138} INFO - Setting next_dagrun for example_python_decorator to None, run_after=None
[2024-08-16T13:18:36.308+0000] {processor.py:208} INFO - Processing /home/airflow/.local/lib/python3.12/site-packages/airflow/example_dags/example_python_decorator.py took 0.349 seconds
[2024-08-16T13:19:06.846+0000] {processor.py:186} INFO - Started process (PID=455) to work on /home/airflow/.local/lib/python3.12/site-packages/airflow/example_dags/example_python_decorator.py
[2024-08-16T13:19:06.847+0000] {processor.py:914} INFO - Processing file /home/airflow/.local/lib/python3.12/site-packages/airflow/example_dags/example_python_decorator.py for tasks to queue
[2024-08-16T13:19:06.850+0000] {logging_mixin.py:190} INFO - [2024-08-16T13:19:06.850+0000] {dagbag.py:587} INFO - Filling up the DagBag from /home/airflow/.local/lib/python3.12/site-packages/airflow/example_dags/example_python_decorator.py
[2024-08-16T13:19:06.867+0000] {processor.py:925} INFO - DAG(s) 'example_python_decorator' retrieved from /home/airflow/.local/lib/python3.12/site-packages/airflow/example_dags/example_python_decorator.py
[2024-08-16T13:19:06.891+0000] {logging_mixin.py:190} INFO - [2024-08-16T13:19:06.891+0000] {dag.py:3211} INFO - Sync 1 DAGs
[2024-08-16T13:19:06.911+0000] {logging_mixin.py:190} INFO - [2024-08-16T13:19:06.910+0000] {dag.py:4138} INFO - Setting next_dagrun for example_python_decorator to None, run_after=None
[2024-08-16T13:19:06.933+0000] {processor.py:208} INFO - Processing /home/airflow/.local/lib/python3.12/site-packages/airflow/example_dags/example_python_decorator.py took 0.094 seconds
[2024-08-16T13:19:37.421+0000] {processor.py:186} INFO - Started process (PID=741) to work on /home/airflow/.local/lib/python3.12/site-packages/airflow/example_dags/example_python_decorator.py
[2024-08-16T13:19:37.421+0000] {processor.py:914} INFO - Processing file /home/airflow/.local/lib/python3.12/site-packages/airflow/example_dags/example_python_decorator.py for tasks to queue
[2024-08-16T13:19:37.424+0000] {logging_mixin.py:190} INFO - [2024-08-16T13:19:37.424+0000] {dagbag.py:587} INFO - Filling up the DagBag from /home/airflow/.local/lib/python3.12/site-packages/airflow/example_dags/example_python_decorator.py
[2024-08-16T13:19:37.440+0000] {processor.py:925} INFO - DAG(s) 'example_python_decorator' retrieved from /home/airflow/.local/lib/python3.12/site-packages/airflow/example_dags/example_python_decorator.py
[2024-08-16T13:19:37.465+0000] {logging_mixin.py:190} INFO - [2024-08-16T13:19:37.465+0000] {dag.py:3211} INFO - Sync 1 DAGs
[2024-08-16T13:19:37.481+0000] {logging_mixin.py:190} INFO - [2024-08-16T13:19:37.480+0000] {dag.py:4138} INFO - Setting next_dagrun for example_python_decorator to None, run_after=None
[2024-08-16T13:19:37.503+0000] {processor.py:208} INFO - Processing /home/airflow/.local/lib/python3.12/site-packages/airflow/example_dags/example_python_decorator.py took 0.089 seconds
[2024-08-16T13:20:08.307+0000] {processor.py:186} INFO - Started process (PID=1027) to work on /home/airflow/.local/lib/python3.12/site-packages/airflow/example_dags/example_python_decorator.py
[2024-08-16T13:20:08.309+0000] {processor.py:914} INFO - Processing file /home/airflow/.local/lib/python3.12/site-packages/airflow/example_dags/example_python_decorator.py for tasks to queue
[2024-08-16T13:20:08.315+0000] {logging_mixin.py:190} INFO - [2024-08-16T13:20:08.314+0000] {dagbag.py:587} INFO - Filling up the DagBag from /home/airflow/.local/lib/python3.12/site-packages/airflow/example_dags/example_python_decorator.py
[2024-08-16T13:20:08.339+0000] {processor.py:925} INFO - DAG(s) 'example_python_decorator' retrieved from /home/airflow/.local/lib/python3.12/site-packages/airflow/example_dags/example_python_decorator.py
[2024-08-16T13:20:08.373+0000] {logging_mixin.py:190} INFO - [2024-08-16T13:20:08.373+0000] {dag.py:3211} INFO - Sync 1 DAGs
[2024-08-16T13:20:08.393+0000] {logging_mixin.py:190} INFO - [2024-08-16T13:20:08.393+0000] {dag.py:4138} INFO - Setting next_dagrun for example_python_decorator to None, run_after=None
[2024-08-16T13:20:08.414+0000] {processor.py:208} INFO - Processing /home/airflow/.local/lib/python3.12/site-packages/airflow/example_dags/example_python_decorator.py took 0.118 seconds
[2024-08-16T13:20:38.967+0000] {processor.py:186} INFO - Started process (PID=1313) to work on /home/airflow/.local/lib/python3.12/site-packages/airflow/example_dags/example_python_decorator.py
[2024-08-16T13:20:38.969+0000] {processor.py:914} INFO - Processing file /home/airflow/.local/lib/python3.12/site-packages/airflow/example_dags/example_python_decorator.py for tasks to queue
[2024-08-16T13:20:38.972+0000] {logging_mixin.py:190} INFO - [2024-08-16T13:20:38.971+0000] {dagbag.py:587} INFO - Filling up the DagBag from /home/airflow/.local/lib/python3.12/site-packages/airflow/example_dags/example_python_decorator.py
[2024-08-16T13:20:38.987+0000] {processor.py:925} INFO - DAG(s) 'example_python_decorator' retrieved from /home/airflow/.local/lib/python3.12/site-packages/airflow/example_dags/example_python_decorator.py
[2024-08-16T13:20:39.012+0000] {logging_mixin.py:190} INFO - [2024-08-16T13:20:39.012+0000] {dag.py:3211} INFO - Sync 1 DAGs
[2024-08-16T13:20:39.027+0000] {logging_mixin.py:190} INFO - [2024-08-16T13:20:39.027+0000] {dag.py:4138} INFO - Setting next_dagrun for example_python_decorator to None, run_after=None
[2024-08-16T13:20:39.047+0000] {processor.py:208} INFO - Processing /home/airflow/.local/lib/python3.12/site-packages/airflow/example_dags/example_python_decorator.py took 0.087 seconds
[2024-08-16T13:21:09.208+0000] {processor.py:186} INFO - Started process (PID=1599) to work on /home/airflow/.local/lib/python3.12/site-packages/airflow/example_dags/example_python_decorator.py
[2024-08-16T13:21:09.209+0000] {processor.py:914} INFO - Processing file /home/airflow/.local/lib/python3.12/site-packages/airflow/example_dags/example_python_decorator.py for tasks to queue
[2024-08-16T13:21:09.212+0000] {logging_mixin.py:190} INFO - [2024-08-16T13:21:09.211+0000] {dagbag.py:587} INFO - Filling up the DagBag from /home/airflow/.local/lib/python3.12/site-packages/airflow/example_dags/example_python_decorator.py
[2024-08-16T13:21:09.227+0000] {processor.py:925} INFO - DAG(s) 'example_python_decorator' retrieved from /home/airflow/.local/lib/python3.12/site-packages/airflow/example_dags/example_python_decorator.py
[2024-08-16T13:21:09.252+0000] {logging_mixin.py:190} INFO - [2024-08-16T13:21:09.252+0000] {dag.py:3211} INFO - Sync 1 DAGs
[2024-08-16T13:21:09.267+0000] {logging_mixin.py:190} INFO - [2024-08-16T13:21:09.267+0000] {dag.py:4138} INFO - Setting next_dagrun for example_python_decorator to None, run_after=None
[2024-08-16T13:21:09.287+0000] {processor.py:208} INFO - Processing /home/airflow/.local/lib/python3.12/site-packages/airflow/example_dags/example_python_decorator.py took 0.087 seconds
[2024-08-16T13:21:39.776+0000] {processor.py:186} INFO - Started process (PID=1885) to work on /home/airflow/.local/lib/python3.12/site-packages/airflow/example_dags/example_python_decorator.py
[2024-08-16T13:21:39.778+0000] {processor.py:914} INFO - Processing file /home/airflow/.local/lib/python3.12/site-packages/airflow/example_dags/example_python_decorator.py for tasks to queue
[2024-08-16T13:21:39.781+0000] {logging_mixin.py:190} INFO - [2024-08-16T13:21:39.781+0000] {dagbag.py:587} INFO - Filling up the DagBag from /home/airflow/.local/lib/python3.12/site-packages/airflow/example_dags/example_python_decorator.py
[2024-08-16T13:21:39.797+0000] {processor.py:925} INFO - DAG(s) 'example_python_decorator' retrieved from /home/airflow/.local/lib/python3.12/site-packages/airflow/example_dags/example_python_decorator.py
[2024-08-16T13:21:39.822+0000] {logging_mixin.py:190} INFO - [2024-08-16T13:21:39.822+0000] {dag.py:3211} INFO - Sync 1 DAGs
[2024-08-16T13:21:39.839+0000] {logging_mixin.py:190} INFO - [2024-08-16T13:21:39.838+0000] {dag.py:4138} INFO - Setting next_dagrun for example_python_decorator to None, run_after=None
[2024-08-16T13:21:39.861+0000] {processor.py:208} INFO - Processing /home/airflow/.local/lib/python3.12/site-packages/airflow/example_dags/example_python_decorator.py took 0.094 seconds
[2024-08-16T13:22:10.066+0000] {processor.py:186} INFO - Started process (PID=2171) to work on /home/airflow/.local/lib/python3.12/site-packages/airflow/example_dags/example_python_decorator.py
[2024-08-16T13:22:10.068+0000] {processor.py:914} INFO - Processing file /home/airflow/.local/lib/python3.12/site-packages/airflow/example_dags/example_python_decorator.py for tasks to queue
[2024-08-16T13:22:10.070+0000] {logging_mixin.py:190} INFO - [2024-08-16T13:22:10.070+0000] {dagbag.py:587} INFO - Filling up the DagBag from /home/airflow/.local/lib/python3.12/site-packages/airflow/example_dags/example_python_decorator.py
[2024-08-16T13:22:10.087+0000] {processor.py:925} INFO - DAG(s) 'example_python_decorator' retrieved from /home/airflow/.local/lib/python3.12/site-packages/airflow/example_dags/example_python_decorator.py
[2024-08-16T13:22:10.114+0000] {logging_mixin.py:190} INFO - [2024-08-16T13:22:10.114+0000] {dag.py:3211} INFO - Sync 1 DAGs
[2024-08-16T13:22:10.131+0000] {logging_mixin.py:190} INFO - [2024-08-16T13:22:10.131+0000] {dag.py:4138} INFO - Setting next_dagrun for example_python_decorator to None, run_after=None
[2024-08-16T13:22:10.152+0000] {processor.py:208} INFO - Processing /home/airflow/.local/lib/python3.12/site-packages/airflow/example_dags/example_python_decorator.py took 0.092 seconds
[2024-08-16T13:22:40.341+0000] {processor.py:186} INFO - Started process (PID=2457) to work on /home/airflow/.local/lib/python3.12/site-packages/airflow/example_dags/example_python_decorator.py
[2024-08-16T13:22:40.342+0000] {processor.py:914} INFO - Processing file /home/airflow/.local/lib/python3.12/site-packages/airflow/example_dags/example_python_decorator.py for tasks to queue
[2024-08-16T13:22:40.345+0000] {logging_mixin.py:190} INFO - [2024-08-16T13:22:40.345+0000] {dagbag.py:587} INFO - Filling up the DagBag from /home/airflow/.local/lib/python3.12/site-packages/airflow/example_dags/example_python_decorator.py
[2024-08-16T13:22:40.363+0000] {processor.py:925} INFO - DAG(s) 'example_python_decorator' retrieved from /home/airflow/.local/lib/python3.12/site-packages/airflow/example_dags/example_python_decorator.py
[2024-08-16T13:22:40.387+0000] {logging_mixin.py:190} INFO - [2024-08-16T13:22:40.387+0000] {dag.py:3211} INFO - Sync 1 DAGs
[2024-08-16T13:22:40.404+0000] {logging_mixin.py:190} INFO - [2024-08-16T13:22:40.404+0000] {dag.py:4138} INFO - Setting next_dagrun for example_python_decorator to None, run_after=None
[2024-08-16T13:22:40.435+0000] {processor.py:208} INFO - Processing /home/airflow/.local/lib/python3.12/site-packages/airflow/example_dags/example_python_decorator.py took 0.102 seconds
[2024-08-16T13:23:10.801+0000] {processor.py:186} INFO - Started process (PID=2743) to work on /home/airflow/.local/lib/python3.12/site-packages/airflow/example_dags/example_python_decorator.py
[2024-08-16T13:23:10.802+0000] {processor.py:914} INFO - Processing file /home/airflow/.local/lib/python3.12/site-packages/airflow/example_dags/example_python_decorator.py for tasks to queue
[2024-08-16T13:23:10.806+0000] {logging_mixin.py:190} INFO - [2024-08-16T13:23:10.805+0000] {dagbag.py:587} INFO - Filling up the DagBag from /home/airflow/.local/lib/python3.12/site-packages/airflow/example_dags/example_python_decorator.py
[2024-08-16T13:23:10.829+0000] {processor.py:925} INFO - DAG(s) 'example_python_decorator' retrieved from /home/airflow/.local/lib/python3.12/site-packages/airflow/example_dags/example_python_decorator.py
[2024-08-16T13:23:10.852+0000] {logging_mixin.py:190} INFO - [2024-08-16T13:23:10.852+0000] {dag.py:3211} INFO - Sync 1 DAGs
[2024-08-16T13:23:10.867+0000] {logging_mixin.py:190} INFO - [2024-08-16T13:23:10.867+0000] {dag.py:4138} INFO - Setting next_dagrun for example_python_decorator to None, run_after=None
[2024-08-16T13:23:10.889+0000] {processor.py:208} INFO - Processing /home/airflow/.local/lib/python3.12/site-packages/airflow/example_dags/example_python_decorator.py took 0.096 seconds
[2024-08-16T13:23:41.292+0000] {processor.py:186} INFO - Started process (PID=3029) to work on /home/airflow/.local/lib/python3.12/site-packages/airflow/example_dags/example_python_decorator.py
[2024-08-16T13:23:41.293+0000] {processor.py:914} INFO - Processing file /home/airflow/.local/lib/python3.12/site-packages/airflow/example_dags/example_python_decorator.py for tasks to queue
[2024-08-16T13:23:41.296+0000] {logging_mixin.py:190} INFO - [2024-08-16T13:23:41.296+0000] {dagbag.py:587} INFO - Filling up the DagBag from /home/airflow/.local/lib/python3.12/site-packages/airflow/example_dags/example_python_decorator.py
[2024-08-16T13:23:41.310+0000] {processor.py:925} INFO - DAG(s) 'example_python_decorator' retrieved from /home/airflow/.local/lib/python3.12/site-packages/airflow/example_dags/example_python_decorator.py
[2024-08-16T13:23:41.335+0000] {logging_mixin.py:190} INFO - [2024-08-16T13:23:41.335+0000] {dag.py:3211} INFO - Sync 1 DAGs
[2024-08-16T13:23:41.350+0000] {logging_mixin.py:190} INFO - [2024-08-16T13:23:41.350+0000] {dag.py:4138} INFO - Setting next_dagrun for example_python_decorator to None, run_after=None
[2024-08-16T13:23:41.370+0000] {processor.py:208} INFO - Processing /home/airflow/.local/lib/python3.12/site-packages/airflow/example_dags/example_python_decorator.py took 0.084 seconds
[2024-08-16T13:24:11.443+0000] {processor.py:186} INFO - Started process (PID=3315) to work on /home/airflow/.local/lib/python3.12/site-packages/airflow/example_dags/example_python_decorator.py
[2024-08-16T13:24:11.445+0000] {processor.py:914} INFO - Processing file /home/airflow/.local/lib/python3.12/site-packages/airflow/example_dags/example_python_decorator.py for tasks to queue
[2024-08-16T13:24:11.447+0000] {logging_mixin.py:190} INFO - [2024-08-16T13:24:11.447+0000] {dagbag.py:587} INFO - Filling up the DagBag from /home/airflow/.local/lib/python3.12/site-packages/airflow/example_dags/example_python_decorator.py
[2024-08-16T13:24:11.462+0000] {processor.py:925} INFO - DAG(s) 'example_python_decorator' retrieved from /home/airflow/.local/lib/python3.12/site-packages/airflow/example_dags/example_python_decorator.py
[2024-08-16T13:24:11.488+0000] {logging_mixin.py:190} INFO - [2024-08-16T13:24:11.487+0000] {dag.py:3211} INFO - Sync 1 DAGs
[2024-08-16T13:24:11.507+0000] {logging_mixin.py:190} INFO - [2024-08-16T13:24:11.506+0000] {dag.py:4138} INFO - Setting next_dagrun for example_python_decorator to None, run_after=None
[2024-08-16T13:24:11.527+0000] {processor.py:208} INFO - Processing /home/airflow/.local/lib/python3.12/site-packages/airflow/example_dags/example_python_decorator.py took 0.090 seconds
[2024-08-16T13:24:41.681+0000] {processor.py:186} INFO - Started process (PID=3601) to work on /home/airflow/.local/lib/python3.12/site-packages/airflow/example_dags/example_python_decorator.py
[2024-08-16T13:24:41.682+0000] {processor.py:914} INFO - Processing file /home/airflow/.local/lib/python3.12/site-packages/airflow/example_dags/example_python_decorator.py for tasks to queue
[2024-08-16T13:24:41.685+0000] {logging_mixin.py:190} INFO - [2024-08-16T13:24:41.685+0000] {dagbag.py:587} INFO - Filling up the DagBag from /home/airflow/.local/lib/python3.12/site-packages/airflow/example_dags/example_python_decorator.py
[2024-08-16T13:24:41.704+0000] {processor.py:925} INFO - DAG(s) 'example_python_decorator' retrieved from /home/airflow/.local/lib/python3.12/site-packages/airflow/example_dags/example_python_decorator.py
[2024-08-16T13:24:41.728+0000] {logging_mixin.py:190} INFO - [2024-08-16T13:24:41.728+0000] {dag.py:3211} INFO - Sync 1 DAGs
[2024-08-16T13:24:41.745+0000] {logging_mixin.py:190} INFO - [2024-08-16T13:24:41.744+0000] {dag.py:4138} INFO - Setting next_dagrun for example_python_decorator to None, run_after=None
[2024-08-16T13:24:41.766+0000] {processor.py:208} INFO - Processing /home/airflow/.local/lib/python3.12/site-packages/airflow/example_dags/example_python_decorator.py took 0.091 seconds
[2024-08-16T13:25:12.105+0000] {processor.py:186} INFO - Started process (PID=3887) to work on /home/airflow/.local/lib/python3.12/site-packages/airflow/example_dags/example_python_decorator.py
[2024-08-16T13:25:12.105+0000] {processor.py:914} INFO - Processing file /home/airflow/.local/lib/python3.12/site-packages/airflow/example_dags/example_python_decorator.py for tasks to queue
[2024-08-16T13:25:12.108+0000] {logging_mixin.py:190} INFO - [2024-08-16T13:25:12.108+0000] {dagbag.py:587} INFO - Filling up the DagBag from /home/airflow/.local/lib/python3.12/site-packages/airflow/example_dags/example_python_decorator.py
[2024-08-16T13:25:12.125+0000] {processor.py:925} INFO - DAG(s) 'example_python_decorator' retrieved from /home/airflow/.local/lib/python3.12/site-packages/airflow/example_dags/example_python_decorator.py
[2024-08-16T13:25:12.149+0000] {logging_mixin.py:190} INFO - [2024-08-16T13:25:12.149+0000] {dag.py:3211} INFO - Sync 1 DAGs
[2024-08-16T13:25:12.165+0000] {logging_mixin.py:190} INFO - [2024-08-16T13:25:12.164+0000] {dag.py:4138} INFO - Setting next_dagrun for example_python_decorator to None, run_after=None
[2024-08-16T13:25:12.185+0000] {processor.py:208} INFO - Processing /home/airflow/.local/lib/python3.12/site-packages/airflow/example_dags/example_python_decorator.py took 0.087 seconds
[2024-08-16T13:25:42.273+0000] {processor.py:186} INFO - Started process (PID=4173) to work on /home/airflow/.local/lib/python3.12/site-packages/airflow/example_dags/example_python_decorator.py
[2024-08-16T13:25:42.275+0000] {processor.py:914} INFO - Processing file /home/airflow/.local/lib/python3.12/site-packages/airflow/example_dags/example_python_decorator.py for tasks to queue
[2024-08-16T13:25:42.277+0000] {logging_mixin.py:190} INFO - [2024-08-16T13:25:42.277+0000] {dagbag.py:587} INFO - Filling up the DagBag from /home/airflow/.local/lib/python3.12/site-packages/airflow/example_dags/example_python_decorator.py
[2024-08-16T13:25:42.292+0000] {processor.py:925} INFO - DAG(s) 'example_python_decorator' retrieved from /home/airflow/.local/lib/python3.12/site-packages/airflow/example_dags/example_python_decorator.py
[2024-08-16T13:25:42.317+0000] {logging_mixin.py:190} INFO - [2024-08-16T13:25:42.316+0000] {dag.py:3211} INFO - Sync 1 DAGs
[2024-08-16T13:25:42.334+0000] {logging_mixin.py:190} INFO - [2024-08-16T13:25:42.334+0000] {dag.py:4138} INFO - Setting next_dagrun for example_python_decorator to None, run_after=None
[2024-08-16T13:25:42.354+0000] {processor.py:208} INFO - Processing /home/airflow/.local/lib/python3.12/site-packages/airflow/example_dags/example_python_decorator.py took 0.087 seconds
[2024-08-16T13:26:12.908+0000] {processor.py:186} INFO - Started process (PID=4459) to work on /home/airflow/.local/lib/python3.12/site-packages/airflow/example_dags/example_python_decorator.py
[2024-08-16T13:26:12.909+0000] {processor.py:914} INFO - Processing file /home/airflow/.local/lib/python3.12/site-packages/airflow/example_dags/example_python_decorator.py for tasks to queue
[2024-08-16T13:26:12.912+0000] {logging_mixin.py:190} INFO - [2024-08-16T13:26:12.912+0000] {dagbag.py:587} INFO - Filling up the DagBag from /home/airflow/.local/lib/python3.12/site-packages/airflow/example_dags/example_python_decorator.py
[2024-08-16T13:26:12.929+0000] {processor.py:925} INFO - DAG(s) 'example_python_decorator' retrieved from /home/airflow/.local/lib/python3.12/site-packages/airflow/example_dags/example_python_decorator.py
[2024-08-16T13:26:12.954+0000] {logging_mixin.py:190} INFO - [2024-08-16T13:26:12.954+0000] {dag.py:3211} INFO - Sync 1 DAGs
[2024-08-16T13:26:12.970+0000] {logging_mixin.py:190} INFO - [2024-08-16T13:26:12.970+0000] {dag.py:4138} INFO - Setting next_dagrun for example_python_decorator to None, run_after=None
[2024-08-16T13:26:12.991+0000] {processor.py:208} INFO - Processing /home/airflow/.local/lib/python3.12/site-packages/airflow/example_dags/example_python_decorator.py took 0.091 seconds
[2024-08-16T13:26:43.516+0000] {processor.py:186} INFO - Started process (PID=4745) to work on /home/airflow/.local/lib/python3.12/site-packages/airflow/example_dags/example_python_decorator.py
[2024-08-16T13:26:43.517+0000] {processor.py:914} INFO - Processing file /home/airflow/.local/lib/python3.12/site-packages/airflow/example_dags/example_python_decorator.py for tasks to queue
[2024-08-16T13:26:43.520+0000] {logging_mixin.py:190} INFO - [2024-08-16T13:26:43.519+0000] {dagbag.py:587} INFO - Filling up the DagBag from /home/airflow/.local/lib/python3.12/site-packages/airflow/example_dags/example_python_decorator.py
[2024-08-16T13:26:43.535+0000] {processor.py:925} INFO - DAG(s) 'example_python_decorator' retrieved from /home/airflow/.local/lib/python3.12/site-packages/airflow/example_dags/example_python_decorator.py
[2024-08-16T13:26:43.561+0000] {logging_mixin.py:190} INFO - [2024-08-16T13:26:43.561+0000] {dag.py:3211} INFO - Sync 1 DAGs
[2024-08-16T13:26:43.577+0000] {logging_mixin.py:190} INFO - [2024-08-16T13:26:43.576+0000] {dag.py:4138} INFO - Setting next_dagrun for example_python_decorator to None, run_after=None
[2024-08-16T13:26:43.602+0000] {processor.py:208} INFO - Processing /home/airflow/.local/lib/python3.12/site-packages/airflow/example_dags/example_python_decorator.py took 0.092 seconds
[2024-08-16T13:27:13.857+0000] {processor.py:186} INFO - Started process (PID=5031) to work on /home/airflow/.local/lib/python3.12/site-packages/airflow/example_dags/example_python_decorator.py
[2024-08-16T13:27:13.858+0000] {processor.py:914} INFO - Processing file /home/airflow/.local/lib/python3.12/site-packages/airflow/example_dags/example_python_decorator.py for tasks to queue
[2024-08-16T13:27:13.860+0000] {logging_mixin.py:190} INFO - [2024-08-16T13:27:13.860+0000] {dagbag.py:587} INFO - Filling up the DagBag from /home/airflow/.local/lib/python3.12/site-packages/airflow/example_dags/example_python_decorator.py
[2024-08-16T13:27:13.878+0000] {processor.py:925} INFO - DAG(s) 'example_python_decorator' retrieved from /home/airflow/.local/lib/python3.12/site-packages/airflow/example_dags/example_python_decorator.py
[2024-08-16T13:27:13.905+0000] {logging_mixin.py:190} INFO - [2024-08-16T13:27:13.905+0000] {dag.py:3211} INFO - Sync 1 DAGs
[2024-08-16T13:27:13.922+0000] {logging_mixin.py:190} INFO - [2024-08-16T13:27:13.922+0000] {dag.py:4138} INFO - Setting next_dagrun for example_python_decorator to None, run_after=None
[2024-08-16T13:27:13.944+0000] {processor.py:208} INFO - Processing /home/airflow/.local/lib/python3.12/site-packages/airflow/example_dags/example_python_decorator.py took 0.093 seconds
[2024-08-16T13:27:44.356+0000] {processor.py:186} INFO - Started process (PID=5318) to work on /home/airflow/.local/lib/python3.12/site-packages/airflow/example_dags/example_python_decorator.py
[2024-08-16T13:27:44.357+0000] {processor.py:914} INFO - Processing file /home/airflow/.local/lib/python3.12/site-packages/airflow/example_dags/example_python_decorator.py for tasks to queue
[2024-08-16T13:27:44.361+0000] {logging_mixin.py:190} INFO - [2024-08-16T13:27:44.360+0000] {dagbag.py:587} INFO - Filling up the DagBag from /home/airflow/.local/lib/python3.12/site-packages/airflow/example_dags/example_python_decorator.py
[2024-08-16T13:27:44.381+0000] {processor.py:925} INFO - DAG(s) 'example_python_decorator' retrieved from /home/airflow/.local/lib/python3.12/site-packages/airflow/example_dags/example_python_decorator.py
[2024-08-16T13:27:44.411+0000] {logging_mixin.py:190} INFO - [2024-08-16T13:27:44.410+0000] {dag.py:3211} INFO - Sync 1 DAGs
[2024-08-16T13:27:44.428+0000] {logging_mixin.py:190} INFO - [2024-08-16T13:27:44.428+0000] {dag.py:4138} INFO - Setting next_dagrun for example_python_decorator to None, run_after=None
[2024-08-16T13:27:44.454+0000] {processor.py:208} INFO - Processing /home/airflow/.local/lib/python3.12/site-packages/airflow/example_dags/example_python_decorator.py took 0.106 seconds
[2024-08-16T13:28:14.690+0000] {processor.py:186} INFO - Started process (PID=5604) to work on /home/airflow/.local/lib/python3.12/site-packages/airflow/example_dags/example_python_decorator.py
[2024-08-16T13:28:14.691+0000] {processor.py:914} INFO - Processing file /home/airflow/.local/lib/python3.12/site-packages/airflow/example_dags/example_python_decorator.py for tasks to queue
[2024-08-16T13:28:14.693+0000] {logging_mixin.py:190} INFO - [2024-08-16T13:28:14.693+0000] {dagbag.py:587} INFO - Filling up the DagBag from /home/airflow/.local/lib/python3.12/site-packages/airflow/example_dags/example_python_decorator.py
[2024-08-16T13:28:14.714+0000] {processor.py:925} INFO - DAG(s) 'example_python_decorator' retrieved from /home/airflow/.local/lib/python3.12/site-packages/airflow/example_dags/example_python_decorator.py
[2024-08-16T13:28:14.740+0000] {logging_mixin.py:190} INFO - [2024-08-16T13:28:14.740+0000] {dag.py:3211} INFO - Sync 1 DAGs
[2024-08-16T13:28:14.759+0000] {logging_mixin.py:190} INFO - [2024-08-16T13:28:14.759+0000] {dag.py:4138} INFO - Setting next_dagrun for example_python_decorator to None, run_after=None
[2024-08-16T13:28:14.781+0000] {processor.py:208} INFO - Processing /home/airflow/.local/lib/python3.12/site-packages/airflow/example_dags/example_python_decorator.py took 0.098 seconds
[2024-08-16T13:28:45.386+0000] {processor.py:186} INFO - Started process (PID=5890) to work on /home/airflow/.local/lib/python3.12/site-packages/airflow/example_dags/example_python_decorator.py
[2024-08-16T13:28:45.388+0000] {processor.py:914} INFO - Processing file /home/airflow/.local/lib/python3.12/site-packages/airflow/example_dags/example_python_decorator.py for tasks to queue
[2024-08-16T13:28:45.391+0000] {logging_mixin.py:190} INFO - [2024-08-16T13:28:45.390+0000] {dagbag.py:587} INFO - Filling up the DagBag from /home/airflow/.local/lib/python3.12/site-packages/airflow/example_dags/example_python_decorator.py
[2024-08-16T13:28:45.406+0000] {processor.py:925} INFO - DAG(s) 'example_python_decorator' retrieved from /home/airflow/.local/lib/python3.12/site-packages/airflow/example_dags/example_python_decorator.py
[2024-08-16T13:28:45.432+0000] {logging_mixin.py:190} INFO - [2024-08-16T13:28:45.432+0000] {dag.py:3211} INFO - Sync 1 DAGs
[2024-08-16T13:28:45.449+0000] {logging_mixin.py:190} INFO - [2024-08-16T13:28:45.448+0000] {dag.py:4138} INFO - Setting next_dagrun for example_python_decorator to None, run_after=None
[2024-08-16T13:28:45.472+0000] {processor.py:208} INFO - Processing /home/airflow/.local/lib/python3.12/site-packages/airflow/example_dags/example_python_decorator.py took 0.092 seconds
[2024-08-16T13:29:15.777+0000] {processor.py:186} INFO - Started process (PID=6176) to work on /home/airflow/.local/lib/python3.12/site-packages/airflow/example_dags/example_python_decorator.py
[2024-08-16T13:29:15.778+0000] {processor.py:914} INFO - Processing file /home/airflow/.local/lib/python3.12/site-packages/airflow/example_dags/example_python_decorator.py for tasks to queue
[2024-08-16T13:29:15.781+0000] {logging_mixin.py:190} INFO - [2024-08-16T13:29:15.780+0000] {dagbag.py:587} INFO - Filling up the DagBag from /home/airflow/.local/lib/python3.12/site-packages/airflow/example_dags/example_python_decorator.py
[2024-08-16T13:29:15.797+0000] {processor.py:925} INFO - DAG(s) 'example_python_decorator' retrieved from /home/airflow/.local/lib/python3.12/site-packages/airflow/example_dags/example_python_decorator.py
[2024-08-16T13:29:15.821+0000] {logging_mixin.py:190} INFO - [2024-08-16T13:29:15.821+0000] {dag.py:3211} INFO - Sync 1 DAGs
[2024-08-16T13:29:15.836+0000] {logging_mixin.py:190} INFO - [2024-08-16T13:29:15.836+0000] {dag.py:4138} INFO - Setting next_dagrun for example_python_decorator to None, run_after=None
[2024-08-16T13:29:15.857+0000] {processor.py:208} INFO - Processing /home/airflow/.local/lib/python3.12/site-packages/airflow/example_dags/example_python_decorator.py took 0.089 seconds
[2024-08-16T13:29:46.451+0000] {processor.py:186} INFO - Started process (PID=6468) to work on /home/airflow/.local/lib/python3.12/site-packages/airflow/example_dags/example_python_decorator.py
[2024-08-16T13:29:46.452+0000] {processor.py:914} INFO - Processing file /home/airflow/.local/lib/python3.12/site-packages/airflow/example_dags/example_python_decorator.py for tasks to queue
[2024-08-16T13:29:46.455+0000] {logging_mixin.py:190} INFO - [2024-08-16T13:29:46.454+0000] {dagbag.py:587} INFO - Filling up the DagBag from /home/airflow/.local/lib/python3.12/site-packages/airflow/example_dags/example_python_decorator.py
[2024-08-16T13:29:46.470+0000] {processor.py:925} INFO - DAG(s) 'example_python_decorator' retrieved from /home/airflow/.local/lib/python3.12/site-packages/airflow/example_dags/example_python_decorator.py
[2024-08-16T13:29:46.496+0000] {logging_mixin.py:190} INFO - [2024-08-16T13:29:46.496+0000] {dag.py:3211} INFO - Sync 1 DAGs
[2024-08-16T13:29:46.512+0000] {logging_mixin.py:190} INFO - [2024-08-16T13:29:46.512+0000] {dag.py:4138} INFO - Setting next_dagrun for example_python_decorator to None, run_after=None
[2024-08-16T13:29:46.534+0000] {processor.py:208} INFO - Processing /home/airflow/.local/lib/python3.12/site-packages/airflow/example_dags/example_python_decorator.py took 0.089 seconds
[2024-08-16T13:30:16.848+0000] {processor.py:186} INFO - Started process (PID=6755) to work on /home/airflow/.local/lib/python3.12/site-packages/airflow/example_dags/example_python_decorator.py
[2024-08-16T13:30:16.848+0000] {processor.py:914} INFO - Processing file /home/airflow/.local/lib/python3.12/site-packages/airflow/example_dags/example_python_decorator.py for tasks to queue
[2024-08-16T13:30:16.851+0000] {logging_mixin.py:190} INFO - [2024-08-16T13:30:16.850+0000] {dagbag.py:587} INFO - Filling up the DagBag from /home/airflow/.local/lib/python3.12/site-packages/airflow/example_dags/example_python_decorator.py
[2024-08-16T13:30:16.866+0000] {processor.py:925} INFO - DAG(s) 'example_python_decorator' retrieved from /home/airflow/.local/lib/python3.12/site-packages/airflow/example_dags/example_python_decorator.py
[2024-08-16T13:30:16.889+0000] {logging_mixin.py:190} INFO - [2024-08-16T13:30:16.889+0000] {dag.py:3211} INFO - Sync 1 DAGs
[2024-08-16T13:30:16.905+0000] {logging_mixin.py:190} INFO - [2024-08-16T13:30:16.905+0000] {dag.py:4138} INFO - Setting next_dagrun for example_python_decorator to None, run_after=None
[2024-08-16T13:30:16.926+0000] {processor.py:208} INFO - Processing /home/airflow/.local/lib/python3.12/site-packages/airflow/example_dags/example_python_decorator.py took 0.086 seconds
[2024-08-16T13:30:47.333+0000] {processor.py:186} INFO - Started process (PID=7041) to work on /home/airflow/.local/lib/python3.12/site-packages/airflow/example_dags/example_python_decorator.py
[2024-08-16T13:30:47.334+0000] {processor.py:914} INFO - Processing file /home/airflow/.local/lib/python3.12/site-packages/airflow/example_dags/example_python_decorator.py for tasks to queue
[2024-08-16T13:30:47.337+0000] {logging_mixin.py:190} INFO - [2024-08-16T13:30:47.337+0000] {dagbag.py:587} INFO - Filling up the DagBag from /home/airflow/.local/lib/python3.12/site-packages/airflow/example_dags/example_python_decorator.py
[2024-08-16T13:30:47.353+0000] {processor.py:925} INFO - DAG(s) 'example_python_decorator' retrieved from /home/airflow/.local/lib/python3.12/site-packages/airflow/example_dags/example_python_decorator.py
[2024-08-16T13:30:47.379+0000] {logging_mixin.py:190} INFO - [2024-08-16T13:30:47.378+0000] {dag.py:3211} INFO - Sync 1 DAGs
[2024-08-16T13:30:47.394+0000] {logging_mixin.py:190} INFO - [2024-08-16T13:30:47.393+0000] {dag.py:4138} INFO - Setting next_dagrun for example_python_decorator to None, run_after=None
[2024-08-16T13:30:47.414+0000] {processor.py:208} INFO - Processing /home/airflow/.local/lib/python3.12/site-packages/airflow/example_dags/example_python_decorator.py took 0.091 seconds
[2024-08-16T13:31:17.930+0000] {processor.py:186} INFO - Started process (PID=7327) to work on /home/airflow/.local/lib/python3.12/site-packages/airflow/example_dags/example_python_decorator.py
[2024-08-16T13:31:17.931+0000] {processor.py:914} INFO - Processing file /home/airflow/.local/lib/python3.12/site-packages/airflow/example_dags/example_python_decorator.py for tasks to queue
[2024-08-16T13:31:17.933+0000] {logging_mixin.py:190} INFO - [2024-08-16T13:31:17.933+0000] {dagbag.py:587} INFO - Filling up the DagBag from /home/airflow/.local/lib/python3.12/site-packages/airflow/example_dags/example_python_decorator.py
[2024-08-16T13:31:17.950+0000] {processor.py:925} INFO - DAG(s) 'example_python_decorator' retrieved from /home/airflow/.local/lib/python3.12/site-packages/airflow/example_dags/example_python_decorator.py
[2024-08-16T13:31:17.973+0000] {logging_mixin.py:190} INFO - [2024-08-16T13:31:17.973+0000] {dag.py:3211} INFO - Sync 1 DAGs
[2024-08-16T13:31:17.989+0000] {logging_mixin.py:190} INFO - [2024-08-16T13:31:17.989+0000] {dag.py:4138} INFO - Setting next_dagrun for example_python_decorator to None, run_after=None
[2024-08-16T13:31:18.009+0000] {processor.py:208} INFO - Processing /home/airflow/.local/lib/python3.12/site-packages/airflow/example_dags/example_python_decorator.py took 0.085 seconds
[2024-08-16T13:31:48.579+0000] {processor.py:186} INFO - Started process (PID=7613) to work on /home/airflow/.local/lib/python3.12/site-packages/airflow/example_dags/example_python_decorator.py
[2024-08-16T13:31:48.580+0000] {processor.py:914} INFO - Processing file /home/airflow/.local/lib/python3.12/site-packages/airflow/example_dags/example_python_decorator.py for tasks to queue
[2024-08-16T13:31:48.584+0000] {logging_mixin.py:190} INFO - [2024-08-16T13:31:48.584+0000] {dagbag.py:587} INFO - Filling up the DagBag from /home/airflow/.local/lib/python3.12/site-packages/airflow/example_dags/example_python_decorator.py
[2024-08-16T13:31:48.604+0000] {processor.py:925} INFO - DAG(s) 'example_python_decorator' retrieved from /home/airflow/.local/lib/python3.12/site-packages/airflow/example_dags/example_python_decorator.py
[2024-08-16T13:31:48.629+0000] {logging_mixin.py:190} INFO - [2024-08-16T13:31:48.629+0000] {dag.py:3211} INFO - Sync 1 DAGs
[2024-08-16T13:31:48.645+0000] {logging_mixin.py:190} INFO - [2024-08-16T13:31:48.645+0000] {dag.py:4138} INFO - Setting next_dagrun for example_python_decorator to None, run_after=None
[2024-08-16T13:31:48.670+0000] {processor.py:208} INFO - Processing /home/airflow/.local/lib/python3.12/site-packages/airflow/example_dags/example_python_decorator.py took 0.100 seconds
[2024-08-16T13:32:18.903+0000] {processor.py:186} INFO - Started process (PID=7899) to work on /home/airflow/.local/lib/python3.12/site-packages/airflow/example_dags/example_python_decorator.py
[2024-08-16T13:32:18.904+0000] {processor.py:914} INFO - Processing file /home/airflow/.local/lib/python3.12/site-packages/airflow/example_dags/example_python_decorator.py for tasks to queue
[2024-08-16T13:32:18.909+0000] {logging_mixin.py:190} INFO - [2024-08-16T13:32:18.908+0000] {dagbag.py:587} INFO - Filling up the DagBag from /home/airflow/.local/lib/python3.12/site-packages/airflow/example_dags/example_python_decorator.py
[2024-08-16T13:32:18.929+0000] {processor.py:925} INFO - DAG(s) 'example_python_decorator' retrieved from /home/airflow/.local/lib/python3.12/site-packages/airflow/example_dags/example_python_decorator.py
[2024-08-16T13:32:18.974+0000] {logging_mixin.py:190} INFO - [2024-08-16T13:32:18.974+0000] {dag.py:3211} INFO - Sync 1 DAGs
[2024-08-16T13:32:18.994+0000] {logging_mixin.py:190} INFO - [2024-08-16T13:32:18.993+0000] {dag.py:4138} INFO - Setting next_dagrun for example_python_decorator to None, run_after=None
[2024-08-16T13:32:19.020+0000] {processor.py:208} INFO - Processing /home/airflow/.local/lib/python3.12/site-packages/airflow/example_dags/example_python_decorator.py took 0.126 seconds
[2024-08-16T13:32:49.446+0000] {processor.py:186} INFO - Started process (PID=8185) to work on /home/airflow/.local/lib/python3.12/site-packages/airflow/example_dags/example_python_decorator.py
[2024-08-16T13:32:49.447+0000] {processor.py:914} INFO - Processing file /home/airflow/.local/lib/python3.12/site-packages/airflow/example_dags/example_python_decorator.py for tasks to queue
[2024-08-16T13:32:49.450+0000] {logging_mixin.py:190} INFO - [2024-08-16T13:32:49.449+0000] {dagbag.py:587} INFO - Filling up the DagBag from /home/airflow/.local/lib/python3.12/site-packages/airflow/example_dags/example_python_decorator.py
[2024-08-16T13:32:49.466+0000] {processor.py:925} INFO - DAG(s) 'example_python_decorator' retrieved from /home/airflow/.local/lib/python3.12/site-packages/airflow/example_dags/example_python_decorator.py
[2024-08-16T13:32:49.492+0000] {logging_mixin.py:190} INFO - [2024-08-16T13:32:49.491+0000] {dag.py:3211} INFO - Sync 1 DAGs
[2024-08-16T13:32:49.513+0000] {logging_mixin.py:190} INFO - [2024-08-16T13:32:49.513+0000] {dag.py:4138} INFO - Setting next_dagrun for example_python_decorator to None, run_after=None
[2024-08-16T13:32:49.534+0000] {processor.py:208} INFO - Processing /home/airflow/.local/lib/python3.12/site-packages/airflow/example_dags/example_python_decorator.py took 0.097 seconds
[2024-08-16T13:33:19.838+0000] {processor.py:186} INFO - Started process (PID=8471) to work on /home/airflow/.local/lib/python3.12/site-packages/airflow/example_dags/example_python_decorator.py
[2024-08-16T13:33:19.840+0000] {processor.py:914} INFO - Processing file /home/airflow/.local/lib/python3.12/site-packages/airflow/example_dags/example_python_decorator.py for tasks to queue
[2024-08-16T13:33:19.843+0000] {logging_mixin.py:190} INFO - [2024-08-16T13:33:19.843+0000] {dagbag.py:587} INFO - Filling up the DagBag from /home/airflow/.local/lib/python3.12/site-packages/airflow/example_dags/example_python_decorator.py
[2024-08-16T13:33:19.859+0000] {processor.py:925} INFO - DAG(s) 'example_python_decorator' retrieved from /home/airflow/.local/lib/python3.12/site-packages/airflow/example_dags/example_python_decorator.py
[2024-08-16T13:33:19.884+0000] {logging_mixin.py:190} INFO - [2024-08-16T13:33:19.884+0000] {dag.py:3211} INFO - Sync 1 DAGs
[2024-08-16T13:33:19.902+0000] {logging_mixin.py:190} INFO - [2024-08-16T13:33:19.902+0000] {dag.py:4138} INFO - Setting next_dagrun for example_python_decorator to None, run_after=None
[2024-08-16T13:33:19.929+0000] {processor.py:208} INFO - Processing /home/airflow/.local/lib/python3.12/site-packages/airflow/example_dags/example_python_decorator.py took 0.097 seconds
[2024-08-16T13:33:50.248+0000] {processor.py:186} INFO - Started process (PID=8757) to work on /home/airflow/.local/lib/python3.12/site-packages/airflow/example_dags/example_python_decorator.py
[2024-08-16T13:33:50.249+0000] {processor.py:914} INFO - Processing file /home/airflow/.local/lib/python3.12/site-packages/airflow/example_dags/example_python_decorator.py for tasks to queue
[2024-08-16T13:33:50.251+0000] {logging_mixin.py:190} INFO - [2024-08-16T13:33:50.251+0000] {dagbag.py:587} INFO - Filling up the DagBag from /home/airflow/.local/lib/python3.12/site-packages/airflow/example_dags/example_python_decorator.py
[2024-08-16T13:33:50.274+0000] {processor.py:925} INFO - DAG(s) 'example_python_decorator' retrieved from /home/airflow/.local/lib/python3.12/site-packages/airflow/example_dags/example_python_decorator.py
[2024-08-16T13:33:50.299+0000] {logging_mixin.py:190} INFO - [2024-08-16T13:33:50.299+0000] {dag.py:3211} INFO - Sync 1 DAGs
[2024-08-16T13:33:50.318+0000] {logging_mixin.py:190} INFO - [2024-08-16T13:33:50.318+0000] {dag.py:4138} INFO - Setting next_dagrun for example_python_decorator to None, run_after=None
[2024-08-16T13:33:50.341+0000] {processor.py:208} INFO - Processing /home/airflow/.local/lib/python3.12/site-packages/airflow/example_dags/example_python_decorator.py took 0.100 seconds
[2024-08-16T13:34:20.508+0000] {processor.py:186} INFO - Started process (PID=9043) to work on /home/airflow/.local/lib/python3.12/site-packages/airflow/example_dags/example_python_decorator.py
[2024-08-16T13:34:20.509+0000] {processor.py:914} INFO - Processing file /home/airflow/.local/lib/python3.12/site-packages/airflow/example_dags/example_python_decorator.py for tasks to queue
[2024-08-16T13:34:20.511+0000] {logging_mixin.py:190} INFO - [2024-08-16T13:34:20.511+0000] {dagbag.py:587} INFO - Filling up the DagBag from /home/airflow/.local/lib/python3.12/site-packages/airflow/example_dags/example_python_decorator.py
[2024-08-16T13:34:20.526+0000] {processor.py:925} INFO - DAG(s) 'example_python_decorator' retrieved from /home/airflow/.local/lib/python3.12/site-packages/airflow/example_dags/example_python_decorator.py
[2024-08-16T13:34:20.551+0000] {logging_mixin.py:190} INFO - [2024-08-16T13:34:20.551+0000] {dag.py:3211} INFO - Sync 1 DAGs
[2024-08-16T13:34:20.570+0000] {logging_mixin.py:190} INFO - [2024-08-16T13:34:20.570+0000] {dag.py:4138} INFO - Setting next_dagrun for example_python_decorator to None, run_after=None
[2024-08-16T13:34:20.589+0000] {processor.py:208} INFO - Processing /home/airflow/.local/lib/python3.12/site-packages/airflow/example_dags/example_python_decorator.py took 0.089 seconds
[2024-08-16T13:34:51.129+0000] {processor.py:186} INFO - Started process (PID=9329) to work on /home/airflow/.local/lib/python3.12/site-packages/airflow/example_dags/example_python_decorator.py
[2024-08-16T13:34:51.130+0000] {processor.py:914} INFO - Processing file /home/airflow/.local/lib/python3.12/site-packages/airflow/example_dags/example_python_decorator.py for tasks to queue
[2024-08-16T13:34:51.132+0000] {logging_mixin.py:190} INFO - [2024-08-16T13:34:51.131+0000] {dagbag.py:587} INFO - Filling up the DagBag from /home/airflow/.local/lib/python3.12/site-packages/airflow/example_dags/example_python_decorator.py
[2024-08-16T13:34:51.147+0000] {processor.py:925} INFO - DAG(s) 'example_python_decorator' retrieved from /home/airflow/.local/lib/python3.12/site-packages/airflow/example_dags/example_python_decorator.py
[2024-08-16T13:34:51.172+0000] {logging_mixin.py:190} INFO - [2024-08-16T13:34:51.172+0000] {dag.py:3211} INFO - Sync 1 DAGs
[2024-08-16T13:34:51.189+0000] {logging_mixin.py:190} INFO - [2024-08-16T13:34:51.189+0000] {dag.py:4138} INFO - Setting next_dagrun for example_python_decorator to None, run_after=None
[2024-08-16T13:34:51.210+0000] {processor.py:208} INFO - Processing /home/airflow/.local/lib/python3.12/site-packages/airflow/example_dags/example_python_decorator.py took 0.088 seconds
[2024-08-16T13:35:21.612+0000] {processor.py:186} INFO - Started process (PID=9615) to work on /home/airflow/.local/lib/python3.12/site-packages/airflow/example_dags/example_python_decorator.py
[2024-08-16T13:35:21.613+0000] {processor.py:914} INFO - Processing file /home/airflow/.local/lib/python3.12/site-packages/airflow/example_dags/example_python_decorator.py for tasks to queue
[2024-08-16T13:35:21.616+0000] {logging_mixin.py:190} INFO - [2024-08-16T13:35:21.615+0000] {dagbag.py:587} INFO - Filling up the DagBag from /home/airflow/.local/lib/python3.12/site-packages/airflow/example_dags/example_python_decorator.py
[2024-08-16T13:35:21.630+0000] {processor.py:925} INFO - DAG(s) 'example_python_decorator' retrieved from /home/airflow/.local/lib/python3.12/site-packages/airflow/example_dags/example_python_decorator.py
[2024-08-16T13:35:21.654+0000] {logging_mixin.py:190} INFO - [2024-08-16T13:35:21.654+0000] {dag.py:3211} INFO - Sync 1 DAGs
[2024-08-16T13:35:21.671+0000] {logging_mixin.py:190} INFO - [2024-08-16T13:35:21.670+0000] {dag.py:4138} INFO - Setting next_dagrun for example_python_decorator to None, run_after=None
[2024-08-16T13:35:21.692+0000] {processor.py:208} INFO - Processing /home/airflow/.local/lib/python3.12/site-packages/airflow/example_dags/example_python_decorator.py took 0.088 seconds
[2024-08-16T13:35:52.037+0000] {processor.py:186} INFO - Started process (PID=9901) to work on /home/airflow/.local/lib/python3.12/site-packages/airflow/example_dags/example_python_decorator.py
[2024-08-16T13:35:52.039+0000] {processor.py:914} INFO - Processing file /home/airflow/.local/lib/python3.12/site-packages/airflow/example_dags/example_python_decorator.py for tasks to queue
[2024-08-16T13:35:52.042+0000] {logging_mixin.py:190} INFO - [2024-08-16T13:35:52.042+0000] {dagbag.py:587} INFO - Filling up the DagBag from /home/airflow/.local/lib/python3.12/site-packages/airflow/example_dags/example_python_decorator.py
[2024-08-16T13:35:52.059+0000] {processor.py:925} INFO - DAG(s) 'example_python_decorator' retrieved from /home/airflow/.local/lib/python3.12/site-packages/airflow/example_dags/example_python_decorator.py
[2024-08-16T13:35:52.084+0000] {logging_mixin.py:190} INFO - [2024-08-16T13:35:52.083+0000] {dag.py:3211} INFO - Sync 1 DAGs
[2024-08-16T13:35:52.099+0000] {logging_mixin.py:190} INFO - [2024-08-16T13:35:52.099+0000] {dag.py:4138} INFO - Setting next_dagrun for example_python_decorator to None, run_after=None
[2024-08-16T13:35:52.150+0000] {processor.py:208} INFO - Processing /home/airflow/.local/lib/python3.12/site-packages/airflow/example_dags/example_python_decorator.py took 0.122 seconds
[2024-08-16T13:36:22.442+0000] {processor.py:186} INFO - Started process (PID=10187) to work on /home/airflow/.local/lib/python3.12/site-packages/airflow/example_dags/example_python_decorator.py
[2024-08-16T13:36:22.444+0000] {processor.py:914} INFO - Processing file /home/airflow/.local/lib/python3.12/site-packages/airflow/example_dags/example_python_decorator.py for tasks to queue
[2024-08-16T13:36:22.446+0000] {logging_mixin.py:190} INFO - [2024-08-16T13:36:22.446+0000] {dagbag.py:587} INFO - Filling up the DagBag from /home/airflow/.local/lib/python3.12/site-packages/airflow/example_dags/example_python_decorator.py
[2024-08-16T13:36:22.462+0000] {processor.py:925} INFO - DAG(s) 'example_python_decorator' retrieved from /home/airflow/.local/lib/python3.12/site-packages/airflow/example_dags/example_python_decorator.py
[2024-08-16T13:36:22.487+0000] {logging_mixin.py:190} INFO - [2024-08-16T13:36:22.487+0000] {dag.py:3211} INFO - Sync 1 DAGs
[2024-08-16T13:36:22.503+0000] {logging_mixin.py:190} INFO - [2024-08-16T13:36:22.503+0000] {dag.py:4138} INFO - Setting next_dagrun for example_python_decorator to None, run_after=None
[2024-08-16T13:36:22.524+0000] {processor.py:208} INFO - Processing /home/airflow/.local/lib/python3.12/site-packages/airflow/example_dags/example_python_decorator.py took 0.089 seconds
[2024-08-16T13:36:52.955+0000] {processor.py:186} INFO - Started process (PID=10473) to work on /home/airflow/.local/lib/python3.12/site-packages/airflow/example_dags/example_python_decorator.py
[2024-08-16T13:36:52.957+0000] {processor.py:914} INFO - Processing file /home/airflow/.local/lib/python3.12/site-packages/airflow/example_dags/example_python_decorator.py for tasks to queue
[2024-08-16T13:36:52.960+0000] {logging_mixin.py:190} INFO - [2024-08-16T13:36:52.960+0000] {dagbag.py:587} INFO - Filling up the DagBag from /home/airflow/.local/lib/python3.12/site-packages/airflow/example_dags/example_python_decorator.py
[2024-08-16T13:36:52.978+0000] {processor.py:925} INFO - DAG(s) 'example_python_decorator' retrieved from /home/airflow/.local/lib/python3.12/site-packages/airflow/example_dags/example_python_decorator.py
[2024-08-16T13:36:53.001+0000] {logging_mixin.py:190} INFO - [2024-08-16T13:36:53.001+0000] {dag.py:3211} INFO - Sync 1 DAGs
[2024-08-16T13:36:53.017+0000] {logging_mixin.py:190} INFO - [2024-08-16T13:36:53.017+0000] {dag.py:4138} INFO - Setting next_dagrun for example_python_decorator to None, run_after=None
[2024-08-16T13:36:53.038+0000] {processor.py:208} INFO - Processing /home/airflow/.local/lib/python3.12/site-packages/airflow/example_dags/example_python_decorator.py took 0.090 seconds
[2024-08-16T13:37:23.419+0000] {processor.py:186} INFO - Started process (PID=10760) to work on /home/airflow/.local/lib/python3.12/site-packages/airflow/example_dags/example_python_decorator.py
[2024-08-16T13:37:23.420+0000] {processor.py:914} INFO - Processing file /home/airflow/.local/lib/python3.12/site-packages/airflow/example_dags/example_python_decorator.py for tasks to queue
[2024-08-16T13:37:23.423+0000] {logging_mixin.py:190} INFO - [2024-08-16T13:37:23.422+0000] {dagbag.py:587} INFO - Filling up the DagBag from /home/airflow/.local/lib/python3.12/site-packages/airflow/example_dags/example_python_decorator.py
[2024-08-16T13:37:23.442+0000] {processor.py:925} INFO - DAG(s) 'example_python_decorator' retrieved from /home/airflow/.local/lib/python3.12/site-packages/airflow/example_dags/example_python_decorator.py
[2024-08-16T13:37:23.466+0000] {logging_mixin.py:190} INFO - [2024-08-16T13:37:23.466+0000] {dag.py:3211} INFO - Sync 1 DAGs
[2024-08-16T13:37:23.483+0000] {logging_mixin.py:190} INFO - [2024-08-16T13:37:23.483+0000] {dag.py:4138} INFO - Setting next_dagrun for example_python_decorator to None, run_after=None
[2024-08-16T13:37:23.503+0000] {processor.py:208} INFO - Processing /home/airflow/.local/lib/python3.12/site-packages/airflow/example_dags/example_python_decorator.py took 0.090 seconds
[2024-08-16T13:37:53.848+0000] {processor.py:186} INFO - Started process (PID=11046) to work on /home/airflow/.local/lib/python3.12/site-packages/airflow/example_dags/example_python_decorator.py
[2024-08-16T13:37:53.849+0000] {processor.py:914} INFO - Processing file /home/airflow/.local/lib/python3.12/site-packages/airflow/example_dags/example_python_decorator.py for tasks to queue
[2024-08-16T13:37:53.852+0000] {logging_mixin.py:190} INFO - [2024-08-16T13:37:53.851+0000] {dagbag.py:587} INFO - Filling up the DagBag from /home/airflow/.local/lib/python3.12/site-packages/airflow/example_dags/example_python_decorator.py
[2024-08-16T13:37:53.870+0000] {processor.py:925} INFO - DAG(s) 'example_python_decorator' retrieved from /home/airflow/.local/lib/python3.12/site-packages/airflow/example_dags/example_python_decorator.py
[2024-08-16T13:37:53.899+0000] {logging_mixin.py:190} INFO - [2024-08-16T13:37:53.899+0000] {dag.py:3211} INFO - Sync 1 DAGs
[2024-08-16T13:37:53.920+0000] {logging_mixin.py:190} INFO - [2024-08-16T13:37:53.920+0000] {dag.py:4138} INFO - Setting next_dagrun for example_python_decorator to None, run_after=None
[2024-08-16T13:37:53.944+0000] {processor.py:208} INFO - Processing /home/airflow/.local/lib/python3.12/site-packages/airflow/example_dags/example_python_decorator.py took 0.103 seconds
[2024-08-16T13:38:24.143+0000] {processor.py:186} INFO - Started process (PID=11332) to work on /home/airflow/.local/lib/python3.12/site-packages/airflow/example_dags/example_python_decorator.py
[2024-08-16T13:38:24.144+0000] {processor.py:914} INFO - Processing file /home/airflow/.local/lib/python3.12/site-packages/airflow/example_dags/example_python_decorator.py for tasks to queue
[2024-08-16T13:38:24.147+0000] {logging_mixin.py:190} INFO - [2024-08-16T13:38:24.146+0000] {dagbag.py:587} INFO - Filling up the DagBag from /home/airflow/.local/lib/python3.12/site-packages/airflow/example_dags/example_python_decorator.py
[2024-08-16T13:38:24.162+0000] {processor.py:925} INFO - DAG(s) 'example_python_decorator' retrieved from /home/airflow/.local/lib/python3.12/site-packages/airflow/example_dags/example_python_decorator.py
[2024-08-16T13:38:24.186+0000] {logging_mixin.py:190} INFO - [2024-08-16T13:38:24.185+0000] {dag.py:3211} INFO - Sync 1 DAGs
[2024-08-16T13:38:24.201+0000] {logging_mixin.py:190} INFO - [2024-08-16T13:38:24.201+0000] {dag.py:4138} INFO - Setting next_dagrun for example_python_decorator to None, run_after=None
[2024-08-16T13:38:24.222+0000] {processor.py:208} INFO - Processing /home/airflow/.local/lib/python3.12/site-packages/airflow/example_dags/example_python_decorator.py took 0.085 seconds
[2024-08-16T13:38:54.644+0000] {processor.py:186} INFO - Started process (PID=11618) to work on /home/airflow/.local/lib/python3.12/site-packages/airflow/example_dags/example_python_decorator.py
[2024-08-16T13:38:54.645+0000] {processor.py:914} INFO - Processing file /home/airflow/.local/lib/python3.12/site-packages/airflow/example_dags/example_python_decorator.py for tasks to queue
[2024-08-16T13:38:54.649+0000] {logging_mixin.py:190} INFO - [2024-08-16T13:38:54.648+0000] {dagbag.py:587} INFO - Filling up the DagBag from /home/airflow/.local/lib/python3.12/site-packages/airflow/example_dags/example_python_decorator.py
[2024-08-16T13:38:54.664+0000] {processor.py:925} INFO - DAG(s) 'example_python_decorator' retrieved from /home/airflow/.local/lib/python3.12/site-packages/airflow/example_dags/example_python_decorator.py
[2024-08-16T13:38:54.690+0000] {logging_mixin.py:190} INFO - [2024-08-16T13:38:54.689+0000] {dag.py:3211} INFO - Sync 1 DAGs
[2024-08-16T13:38:54.708+0000] {logging_mixin.py:190} INFO - [2024-08-16T13:38:54.707+0000] {dag.py:4138} INFO - Setting next_dagrun for example_python_decorator to None, run_after=None
[2024-08-16T13:38:54.730+0000] {processor.py:208} INFO - Processing /home/airflow/.local/lib/python3.12/site-packages/airflow/example_dags/example_python_decorator.py took 0.092 seconds
[2024-08-16T13:39:24.869+0000] {processor.py:186} INFO - Started process (PID=11904) to work on /home/airflow/.local/lib/python3.12/site-packages/airflow/example_dags/example_python_decorator.py
[2024-08-16T13:39:24.870+0000] {processor.py:914} INFO - Processing file /home/airflow/.local/lib/python3.12/site-packages/airflow/example_dags/example_python_decorator.py for tasks to queue
[2024-08-16T13:39:24.873+0000] {logging_mixin.py:190} INFO - [2024-08-16T13:39:24.873+0000] {dagbag.py:587} INFO - Filling up the DagBag from /home/airflow/.local/lib/python3.12/site-packages/airflow/example_dags/example_python_decorator.py
[2024-08-16T13:39:24.890+0000] {processor.py:925} INFO - DAG(s) 'example_python_decorator' retrieved from /home/airflow/.local/lib/python3.12/site-packages/airflow/example_dags/example_python_decorator.py
[2024-08-16T13:39:24.919+0000] {logging_mixin.py:190} INFO - [2024-08-16T13:39:24.918+0000] {dag.py:3211} INFO - Sync 1 DAGs
[2024-08-16T13:39:24.937+0000] {logging_mixin.py:190} INFO - [2024-08-16T13:39:24.936+0000] {dag.py:4138} INFO - Setting next_dagrun for example_python_decorator to None, run_after=None
[2024-08-16T13:39:24.960+0000] {processor.py:208} INFO - Processing /home/airflow/.local/lib/python3.12/site-packages/airflow/example_dags/example_python_decorator.py took 0.100 seconds
[2024-08-16T13:39:55.078+0000] {processor.py:186} INFO - Started process (PID=12190) to work on /home/airflow/.local/lib/python3.12/site-packages/airflow/example_dags/example_python_decorator.py
[2024-08-16T13:39:55.079+0000] {processor.py:914} INFO - Processing file /home/airflow/.local/lib/python3.12/site-packages/airflow/example_dags/example_python_decorator.py for tasks to queue
[2024-08-16T13:39:55.081+0000] {logging_mixin.py:190} INFO - [2024-08-16T13:39:55.081+0000] {dagbag.py:587} INFO - Filling up the DagBag from /home/airflow/.local/lib/python3.12/site-packages/airflow/example_dags/example_python_decorator.py
[2024-08-16T13:39:55.099+0000] {processor.py:925} INFO - DAG(s) 'example_python_decorator' retrieved from /home/airflow/.local/lib/python3.12/site-packages/airflow/example_dags/example_python_decorator.py
[2024-08-16T13:39:55.124+0000] {logging_mixin.py:190} INFO - [2024-08-16T13:39:55.124+0000] {dag.py:3211} INFO - Sync 1 DAGs
[2024-08-16T13:39:55.140+0000] {logging_mixin.py:190} INFO - [2024-08-16T13:39:55.139+0000] {dag.py:4138} INFO - Setting next_dagrun for example_python_decorator to None, run_after=None
[2024-08-16T13:39:55.162+0000] {processor.py:208} INFO - Processing /home/airflow/.local/lib/python3.12/site-packages/airflow/example_dags/example_python_decorator.py took 0.091 seconds
[2024-08-16T13:40:25.283+0000] {processor.py:186} INFO - Started process (PID=12476) to work on /home/airflow/.local/lib/python3.12/site-packages/airflow/example_dags/example_python_decorator.py
[2024-08-16T13:40:25.284+0000] {processor.py:914} INFO - Processing file /home/airflow/.local/lib/python3.12/site-packages/airflow/example_dags/example_python_decorator.py for tasks to queue
[2024-08-16T13:40:25.287+0000] {logging_mixin.py:190} INFO - [2024-08-16T13:40:25.286+0000] {dagbag.py:587} INFO - Filling up the DagBag from /home/airflow/.local/lib/python3.12/site-packages/airflow/example_dags/example_python_decorator.py
[2024-08-16T13:40:25.302+0000] {processor.py:925} INFO - DAG(s) 'example_python_decorator' retrieved from /home/airflow/.local/lib/python3.12/site-packages/airflow/example_dags/example_python_decorator.py
[2024-08-16T13:40:25.326+0000] {logging_mixin.py:190} INFO - [2024-08-16T13:40:25.326+0000] {dag.py:3211} INFO - Sync 1 DAGs
[2024-08-16T13:40:25.344+0000] {logging_mixin.py:190} INFO - [2024-08-16T13:40:25.343+0000] {dag.py:4138} INFO - Setting next_dagrun for example_python_decorator to None, run_after=None
[2024-08-16T13:40:25.365+0000] {processor.py:208} INFO - Processing /home/airflow/.local/lib/python3.12/site-packages/airflow/example_dags/example_python_decorator.py took 0.088 seconds
[2024-08-16T13:40:55.913+0000] {processor.py:186} INFO - Started process (PID=12762) to work on /home/airflow/.local/lib/python3.12/site-packages/airflow/example_dags/example_python_decorator.py
[2024-08-16T13:40:55.915+0000] {processor.py:914} INFO - Processing file /home/airflow/.local/lib/python3.12/site-packages/airflow/example_dags/example_python_decorator.py for tasks to queue
[2024-08-16T13:40:55.918+0000] {logging_mixin.py:190} INFO - [2024-08-16T13:40:55.917+0000] {dagbag.py:587} INFO - Filling up the DagBag from /home/airflow/.local/lib/python3.12/site-packages/airflow/example_dags/example_python_decorator.py
[2024-08-16T13:40:55.944+0000] {processor.py:925} INFO - DAG(s) 'example_python_decorator' retrieved from /home/airflow/.local/lib/python3.12/site-packages/airflow/example_dags/example_python_decorator.py
[2024-08-16T13:40:55.990+0000] {logging_mixin.py:190} INFO - [2024-08-16T13:40:55.990+0000] {dag.py:3211} INFO - Sync 1 DAGs
[2024-08-16T13:40:56.020+0000] {logging_mixin.py:190} INFO - [2024-08-16T13:40:56.020+0000] {dag.py:4138} INFO - Setting next_dagrun for example_python_decorator to None, run_after=None
[2024-08-16T13:40:56.066+0000] {processor.py:208} INFO - Processing /home/airflow/.local/lib/python3.12/site-packages/airflow/example_dags/example_python_decorator.py took 0.161 seconds
[2024-08-16T13:41:26.277+0000] {processor.py:186} INFO - Started process (PID=13048) to work on /home/airflow/.local/lib/python3.12/site-packages/airflow/example_dags/example_python_decorator.py
[2024-08-16T13:41:26.277+0000] {processor.py:914} INFO - Processing file /home/airflow/.local/lib/python3.12/site-packages/airflow/example_dags/example_python_decorator.py for tasks to queue
[2024-08-16T13:41:26.280+0000] {logging_mixin.py:190} INFO - [2024-08-16T13:41:26.280+0000] {dagbag.py:587} INFO - Filling up the DagBag from /home/airflow/.local/lib/python3.12/site-packages/airflow/example_dags/example_python_decorator.py
[2024-08-16T13:41:26.295+0000] {processor.py:925} INFO - DAG(s) 'example_python_decorator' retrieved from /home/airflow/.local/lib/python3.12/site-packages/airflow/example_dags/example_python_decorator.py
[2024-08-16T13:41:26.319+0000] {logging_mixin.py:190} INFO - [2024-08-16T13:41:26.318+0000] {dag.py:3211} INFO - Sync 1 DAGs
[2024-08-16T13:41:26.334+0000] {logging_mixin.py:190} INFO - [2024-08-16T13:41:26.333+0000] {dag.py:4138} INFO - Setting next_dagrun for example_python_decorator to None, run_after=None
[2024-08-16T13:41:26.355+0000] {processor.py:208} INFO - Processing /home/airflow/.local/lib/python3.12/site-packages/airflow/example_dags/example_python_decorator.py took 0.085 seconds
[2024-08-16T13:41:56.856+0000] {processor.py:186} INFO - Started process (PID=13334) to work on /home/airflow/.local/lib/python3.12/site-packages/airflow/example_dags/example_python_decorator.py
[2024-08-16T13:41:56.857+0000] {processor.py:914} INFO - Processing file /home/airflow/.local/lib/python3.12/site-packages/airflow/example_dags/example_python_decorator.py for tasks to queue
[2024-08-16T13:41:56.859+0000] {logging_mixin.py:190} INFO - [2024-08-16T13:41:56.859+0000] {dagbag.py:587} INFO - Filling up the DagBag from /home/airflow/.local/lib/python3.12/site-packages/airflow/example_dags/example_python_decorator.py
[2024-08-16T13:41:56.875+0000] {processor.py:925} INFO - DAG(s) 'example_python_decorator' retrieved from /home/airflow/.local/lib/python3.12/site-packages/airflow/example_dags/example_python_decorator.py
[2024-08-16T13:41:56.901+0000] {logging_mixin.py:190} INFO - [2024-08-16T13:41:56.901+0000] {dag.py:3211} INFO - Sync 1 DAGs
[2024-08-16T13:41:56.915+0000] {logging_mixin.py:190} INFO - [2024-08-16T13:41:56.915+0000] {dag.py:4138} INFO - Setting next_dagrun for example_python_decorator to None, run_after=None
[2024-08-16T13:41:56.936+0000] {processor.py:208} INFO - Processing /home/airflow/.local/lib/python3.12/site-packages/airflow/example_dags/example_python_decorator.py took 0.087 seconds
[2024-08-16T13:42:27.136+0000] {processor.py:186} INFO - Started process (PID=13620) to work on /home/airflow/.local/lib/python3.12/site-packages/airflow/example_dags/example_python_decorator.py
[2024-08-16T13:42:27.137+0000] {processor.py:914} INFO - Processing file /home/airflow/.local/lib/python3.12/site-packages/airflow/example_dags/example_python_decorator.py for tasks to queue
[2024-08-16T13:42:27.139+0000] {logging_mixin.py:190} INFO - [2024-08-16T13:42:27.139+0000] {dagbag.py:587} INFO - Filling up the DagBag from /home/airflow/.local/lib/python3.12/site-packages/airflow/example_dags/example_python_decorator.py
[2024-08-16T13:42:27.155+0000] {processor.py:925} INFO - DAG(s) 'example_python_decorator' retrieved from /home/airflow/.local/lib/python3.12/site-packages/airflow/example_dags/example_python_decorator.py
[2024-08-16T13:42:27.180+0000] {logging_mixin.py:190} INFO - [2024-08-16T13:42:27.180+0000] {dag.py:3211} INFO - Sync 1 DAGs
[2024-08-16T13:42:27.195+0000] {logging_mixin.py:190} INFO - [2024-08-16T13:42:27.194+0000] {dag.py:4138} INFO - Setting next_dagrun for example_python_decorator to None, run_after=None
[2024-08-16T13:42:27.216+0000] {processor.py:208} INFO - Processing /home/airflow/.local/lib/python3.12/site-packages/airflow/example_dags/example_python_decorator.py took 0.088 seconds
[2024-08-16T13:42:58.196+0000] {processor.py:186} INFO - Started process (PID=13906) to work on /home/airflow/.local/lib/python3.12/site-packages/airflow/example_dags/example_python_decorator.py
[2024-08-16T13:42:58.197+0000] {processor.py:914} INFO - Processing file /home/airflow/.local/lib/python3.12/site-packages/airflow/example_dags/example_python_decorator.py for tasks to queue
[2024-08-16T13:42:58.200+0000] {logging_mixin.py:190} INFO - [2024-08-16T13:42:58.199+0000] {dagbag.py:587} INFO - Filling up the DagBag from /home/airflow/.local/lib/python3.12/site-packages/airflow/example_dags/example_python_decorator.py
[2024-08-16T13:42:58.217+0000] {processor.py:925} INFO - DAG(s) 'example_python_decorator' retrieved from /home/airflow/.local/lib/python3.12/site-packages/airflow/example_dags/example_python_decorator.py
[2024-08-16T13:42:58.241+0000] {logging_mixin.py:190} INFO - [2024-08-16T13:42:58.241+0000] {dag.py:3211} INFO - Sync 1 DAGs
[2024-08-16T13:42:58.257+0000] {logging_mixin.py:190} INFO - [2024-08-16T13:42:58.257+0000] {dag.py:4138} INFO - Setting next_dagrun for example_python_decorator to None, run_after=None
[2024-08-16T13:42:58.278+0000] {processor.py:208} INFO - Processing /home/airflow/.local/lib/python3.12/site-packages/airflow/example_dags/example_python_decorator.py took 0.090 seconds
[2024-08-16T13:43:28.898+0000] {processor.py:186} INFO - Started process (PID=14192) to work on /home/airflow/.local/lib/python3.12/site-packages/airflow/example_dags/example_python_decorator.py
[2024-08-16T13:43:28.900+0000] {processor.py:914} INFO - Processing file /home/airflow/.local/lib/python3.12/site-packages/airflow/example_dags/example_python_decorator.py for tasks to queue
[2024-08-16T13:43:28.902+0000] {logging_mixin.py:190} INFO - [2024-08-16T13:43:28.902+0000] {dagbag.py:587} INFO - Filling up the DagBag from /home/airflow/.local/lib/python3.12/site-packages/airflow/example_dags/example_python_decorator.py
[2024-08-16T13:43:28.919+0000] {processor.py:925} INFO - DAG(s) 'example_python_decorator' retrieved from /home/airflow/.local/lib/python3.12/site-packages/airflow/example_dags/example_python_decorator.py
[2024-08-16T13:43:28.944+0000] {logging_mixin.py:190} INFO - [2024-08-16T13:43:28.944+0000] {dag.py:3211} INFO - Sync 1 DAGs
[2024-08-16T13:43:28.960+0000] {logging_mixin.py:190} INFO - [2024-08-16T13:43:28.960+0000] {dag.py:4138} INFO - Setting next_dagrun for example_python_decorator to None, run_after=None
[2024-08-16T13:43:28.983+0000] {processor.py:208} INFO - Processing /home/airflow/.local/lib/python3.12/site-packages/airflow/example_dags/example_python_decorator.py took 0.091 seconds
[2024-08-16T13:43:59.334+0000] {processor.py:186} INFO - Started process (PID=14478) to work on /home/airflow/.local/lib/python3.12/site-packages/airflow/example_dags/example_python_decorator.py
[2024-08-16T13:43:59.335+0000] {processor.py:914} INFO - Processing file /home/airflow/.local/lib/python3.12/site-packages/airflow/example_dags/example_python_decorator.py for tasks to queue
[2024-08-16T13:43:59.337+0000] {logging_mixin.py:190} INFO - [2024-08-16T13:43:59.337+0000] {dagbag.py:587} INFO - Filling up the DagBag from /home/airflow/.local/lib/python3.12/site-packages/airflow/example_dags/example_python_decorator.py
[2024-08-16T13:43:59.353+0000] {processor.py:925} INFO - DAG(s) 'example_python_decorator' retrieved from /home/airflow/.local/lib/python3.12/site-packages/airflow/example_dags/example_python_decorator.py
[2024-08-16T13:43:59.382+0000] {logging_mixin.py:190} INFO - [2024-08-16T13:43:59.382+0000] {dag.py:3211} INFO - Sync 1 DAGs
[2024-08-16T13:43:59.400+0000] {logging_mixin.py:190} INFO - [2024-08-16T13:43:59.400+0000] {dag.py:4138} INFO - Setting next_dagrun for example_python_decorator to None, run_after=None
[2024-08-16T13:43:59.432+0000] {processor.py:208} INFO - Processing /home/airflow/.local/lib/python3.12/site-packages/airflow/example_dags/example_python_decorator.py took 0.104 seconds
[2024-08-16T13:44:30.035+0000] {processor.py:186} INFO - Started process (PID=14764) to work on /home/airflow/.local/lib/python3.12/site-packages/airflow/example_dags/example_python_decorator.py
[2024-08-16T13:44:30.036+0000] {processor.py:914} INFO - Processing file /home/airflow/.local/lib/python3.12/site-packages/airflow/example_dags/example_python_decorator.py for tasks to queue
[2024-08-16T13:44:30.039+0000] {logging_mixin.py:190} INFO - [2024-08-16T13:44:30.039+0000] {dagbag.py:587} INFO - Filling up the DagBag from /home/airflow/.local/lib/python3.12/site-packages/airflow/example_dags/example_python_decorator.py
[2024-08-16T13:44:30.054+0000] {processor.py:925} INFO - DAG(s) 'example_python_decorator' retrieved from /home/airflow/.local/lib/python3.12/site-packages/airflow/example_dags/example_python_decorator.py
[2024-08-16T13:44:30.079+0000] {logging_mixin.py:190} INFO - [2024-08-16T13:44:30.079+0000] {dag.py:3211} INFO - Sync 1 DAGs
[2024-08-16T13:44:30.098+0000] {logging_mixin.py:190} INFO - [2024-08-16T13:44:30.097+0000] {dag.py:4138} INFO - Setting next_dagrun for example_python_decorator to None, run_after=None
[2024-08-16T13:44:30.122+0000] {processor.py:208} INFO - Processing /home/airflow/.local/lib/python3.12/site-packages/airflow/example_dags/example_python_decorator.py took 0.093 seconds
[2024-08-16T13:45:00.497+0000] {processor.py:186} INFO - Started process (PID=15050) to work on /home/airflow/.local/lib/python3.12/site-packages/airflow/example_dags/example_python_decorator.py
[2024-08-16T13:45:00.499+0000] {processor.py:914} INFO - Processing file /home/airflow/.local/lib/python3.12/site-packages/airflow/example_dags/example_python_decorator.py for tasks to queue
[2024-08-16T13:45:00.501+0000] {logging_mixin.py:190} INFO - [2024-08-16T13:45:00.501+0000] {dagbag.py:587} INFO - Filling up the DagBag from /home/airflow/.local/lib/python3.12/site-packages/airflow/example_dags/example_python_decorator.py
[2024-08-16T13:45:00.518+0000] {processor.py:925} INFO - DAG(s) 'example_python_decorator' retrieved from /home/airflow/.local/lib/python3.12/site-packages/airflow/example_dags/example_python_decorator.py
[2024-08-16T13:45:00.546+0000] {logging_mixin.py:190} INFO - [2024-08-16T13:45:00.546+0000] {dag.py:3211} INFO - Sync 1 DAGs
[2024-08-16T13:45:00.566+0000] {logging_mixin.py:190} INFO - [2024-08-16T13:45:00.565+0000] {dag.py:4138} INFO - Setting next_dagrun for example_python_decorator to None, run_after=None
[2024-08-16T13:45:00.591+0000] {processor.py:208} INFO - Processing /home/airflow/.local/lib/python3.12/site-packages/airflow/example_dags/example_python_decorator.py took 0.100 seconds
[2024-08-16T13:45:30.979+0000] {processor.py:186} INFO - Started process (PID=15336) to work on /home/airflow/.local/lib/python3.12/site-packages/airflow/example_dags/example_python_decorator.py
[2024-08-16T13:45:30.986+0000] {processor.py:914} INFO - Processing file /home/airflow/.local/lib/python3.12/site-packages/airflow/example_dags/example_python_decorator.py for tasks to queue
[2024-08-16T13:45:30.991+0000] {logging_mixin.py:190} INFO - [2024-08-16T13:45:30.990+0000] {dagbag.py:587} INFO - Filling up the DagBag from /home/airflow/.local/lib/python3.12/site-packages/airflow/example_dags/example_python_decorator.py
[2024-08-16T13:45:31.023+0000] {processor.py:925} INFO - DAG(s) 'example_python_decorator' retrieved from /home/airflow/.local/lib/python3.12/site-packages/airflow/example_dags/example_python_decorator.py
[2024-08-16T13:45:31.062+0000] {logging_mixin.py:190} INFO - [2024-08-16T13:45:31.062+0000] {dag.py:3211} INFO - Sync 1 DAGs
[2024-08-16T13:45:31.079+0000] {logging_mixin.py:190} INFO - [2024-08-16T13:45:31.079+0000] {dag.py:4138} INFO - Setting next_dagrun for example_python_decorator to None, run_after=None
[2024-08-16T13:45:31.105+0000] {processor.py:208} INFO - Processing /home/airflow/.local/lib/python3.12/site-packages/airflow/example_dags/example_python_decorator.py took 0.138 seconds
[2024-08-16T13:46:01.711+0000] {processor.py:186} INFO - Started process (PID=15622) to work on /home/airflow/.local/lib/python3.12/site-packages/airflow/example_dags/example_python_decorator.py
[2024-08-16T13:46:01.712+0000] {processor.py:914} INFO - Processing file /home/airflow/.local/lib/python3.12/site-packages/airflow/example_dags/example_python_decorator.py for tasks to queue
[2024-08-16T13:46:01.715+0000] {logging_mixin.py:190} INFO - [2024-08-16T13:46:01.715+0000] {dagbag.py:587} INFO - Filling up the DagBag from /home/airflow/.local/lib/python3.12/site-packages/airflow/example_dags/example_python_decorator.py
[2024-08-16T13:46:01.734+0000] {processor.py:925} INFO - DAG(s) 'example_python_decorator' retrieved from /home/airflow/.local/lib/python3.12/site-packages/airflow/example_dags/example_python_decorator.py
[2024-08-16T13:46:01.762+0000] {logging_mixin.py:190} INFO - [2024-08-16T13:46:01.762+0000] {dag.py:3211} INFO - Sync 1 DAGs
[2024-08-16T13:46:01.778+0000] {logging_mixin.py:190} INFO - [2024-08-16T13:46:01.777+0000] {dag.py:4138} INFO - Setting next_dagrun for example_python_decorator to None, run_after=None
[2024-08-16T13:46:01.798+0000] {processor.py:208} INFO - Processing /home/airflow/.local/lib/python3.12/site-packages/airflow/example_dags/example_python_decorator.py took 0.094 seconds
[2024-08-16T13:46:32.733+0000] {processor.py:186} INFO - Started process (PID=15908) to work on /home/airflow/.local/lib/python3.12/site-packages/airflow/example_dags/example_python_decorator.py
[2024-08-16T13:46:32.735+0000] {processor.py:914} INFO - Processing file /home/airflow/.local/lib/python3.12/site-packages/airflow/example_dags/example_python_decorator.py for tasks to queue
[2024-08-16T13:46:32.737+0000] {logging_mixin.py:190} INFO - [2024-08-16T13:46:32.737+0000] {dagbag.py:587} INFO - Filling up the DagBag from /home/airflow/.local/lib/python3.12/site-packages/airflow/example_dags/example_python_decorator.py
[2024-08-16T13:46:32.757+0000] {processor.py:925} INFO - DAG(s) 'example_python_decorator' retrieved from /home/airflow/.local/lib/python3.12/site-packages/airflow/example_dags/example_python_decorator.py
[2024-08-16T13:46:32.805+0000] {logging_mixin.py:190} INFO - [2024-08-16T13:46:32.804+0000] {dag.py:3211} INFO - Sync 1 DAGs
[2024-08-16T13:46:32.837+0000] {logging_mixin.py:190} INFO - [2024-08-16T13:46:32.837+0000] {dag.py:4138} INFO - Setting next_dagrun for example_python_decorator to None, run_after=None
[2024-08-16T13:46:32.906+0000] {processor.py:208} INFO - Processing /home/airflow/.local/lib/python3.12/site-packages/airflow/example_dags/example_python_decorator.py took 0.180 seconds
[2024-08-16T13:47:03.163+0000] {processor.py:186} INFO - Started process (PID=16194) to work on /home/airflow/.local/lib/python3.12/site-packages/airflow/example_dags/example_python_decorator.py
[2024-08-16T13:47:03.164+0000] {processor.py:914} INFO - Processing file /home/airflow/.local/lib/python3.12/site-packages/airflow/example_dags/example_python_decorator.py for tasks to queue
[2024-08-16T13:47:03.167+0000] {logging_mixin.py:190} INFO - [2024-08-16T13:47:03.166+0000] {dagbag.py:587} INFO - Filling up the DagBag from /home/airflow/.local/lib/python3.12/site-packages/airflow/example_dags/example_python_decorator.py
[2024-08-16T13:47:03.184+0000] {processor.py:925} INFO - DAG(s) 'example_python_decorator' retrieved from /home/airflow/.local/lib/python3.12/site-packages/airflow/example_dags/example_python_decorator.py
[2024-08-16T13:47:03.209+0000] {logging_mixin.py:190} INFO - [2024-08-16T13:47:03.208+0000] {dag.py:3211} INFO - Sync 1 DAGs
[2024-08-16T13:47:03.224+0000] {logging_mixin.py:190} INFO - [2024-08-16T13:47:03.223+0000] {dag.py:4138} INFO - Setting next_dagrun for example_python_decorator to None, run_after=None
[2024-08-16T13:47:03.244+0000] {processor.py:208} INFO - Processing /home/airflow/.local/lib/python3.12/site-packages/airflow/example_dags/example_python_decorator.py took 0.089 seconds
[2024-08-16T13:47:33.347+0000] {processor.py:186} INFO - Started process (PID=16480) to work on /home/airflow/.local/lib/python3.12/site-packages/airflow/example_dags/example_python_decorator.py
[2024-08-16T13:47:33.348+0000] {processor.py:914} INFO - Processing file /home/airflow/.local/lib/python3.12/site-packages/airflow/example_dags/example_python_decorator.py for tasks to queue
[2024-08-16T13:47:33.351+0000] {logging_mixin.py:190} INFO - [2024-08-16T13:47:33.350+0000] {dagbag.py:587} INFO - Filling up the DagBag from /home/airflow/.local/lib/python3.12/site-packages/airflow/example_dags/example_python_decorator.py
[2024-08-16T13:47:33.368+0000] {processor.py:925} INFO - DAG(s) 'example_python_decorator' retrieved from /home/airflow/.local/lib/python3.12/site-packages/airflow/example_dags/example_python_decorator.py
[2024-08-16T13:47:33.393+0000] {logging_mixin.py:190} INFO - [2024-08-16T13:47:33.392+0000] {dag.py:3211} INFO - Sync 1 DAGs
[2024-08-16T13:47:33.410+0000] {logging_mixin.py:190} INFO - [2024-08-16T13:47:33.410+0000] {dag.py:4138} INFO - Setting next_dagrun for example_python_decorator to None, run_after=None
[2024-08-16T13:47:33.432+0000] {processor.py:208} INFO - Processing /home/airflow/.local/lib/python3.12/site-packages/airflow/example_dags/example_python_decorator.py took 0.092 seconds
[2024-08-16T13:48:03.879+0000] {processor.py:186} INFO - Started process (PID=16767) to work on /home/airflow/.local/lib/python3.12/site-packages/airflow/example_dags/example_python_decorator.py
[2024-08-16T13:48:03.880+0000] {processor.py:914} INFO - Processing file /home/airflow/.local/lib/python3.12/site-packages/airflow/example_dags/example_python_decorator.py for tasks to queue
[2024-08-16T13:48:03.883+0000] {logging_mixin.py:190} INFO - [2024-08-16T13:48:03.883+0000] {dagbag.py:587} INFO - Filling up the DagBag from /home/airflow/.local/lib/python3.12/site-packages/airflow/example_dags/example_python_decorator.py
[2024-08-16T13:48:03.901+0000] {processor.py:925} INFO - DAG(s) 'example_python_decorator' retrieved from /home/airflow/.local/lib/python3.12/site-packages/airflow/example_dags/example_python_decorator.py
[2024-08-16T13:48:03.927+0000] {logging_mixin.py:190} INFO - [2024-08-16T13:48:03.926+0000] {dag.py:3211} INFO - Sync 1 DAGs
[2024-08-16T13:48:03.945+0000] {logging_mixin.py:190} INFO - [2024-08-16T13:48:03.945+0000] {dag.py:4138} INFO - Setting next_dagrun for example_python_decorator to None, run_after=None
[2024-08-16T13:48:03.967+0000] {processor.py:208} INFO - Processing /home/airflow/.local/lib/python3.12/site-packages/airflow/example_dags/example_python_decorator.py took 0.096 seconds
[2024-08-16T13:48:34.100+0000] {processor.py:186} INFO - Started process (PID=17053) to work on /home/airflow/.local/lib/python3.12/site-packages/airflow/example_dags/example_python_decorator.py
[2024-08-16T13:48:34.102+0000] {processor.py:914} INFO - Processing file /home/airflow/.local/lib/python3.12/site-packages/airflow/example_dags/example_python_decorator.py for tasks to queue
[2024-08-16T13:48:34.106+0000] {logging_mixin.py:190} INFO - [2024-08-16T13:48:34.105+0000] {dagbag.py:587} INFO - Filling up the DagBag from /home/airflow/.local/lib/python3.12/site-packages/airflow/example_dags/example_python_decorator.py
[2024-08-16T13:48:34.124+0000] {processor.py:925} INFO - DAG(s) 'example_python_decorator' retrieved from /home/airflow/.local/lib/python3.12/site-packages/airflow/example_dags/example_python_decorator.py
[2024-08-16T13:48:34.152+0000] {logging_mixin.py:190} INFO - [2024-08-16T13:48:34.152+0000] {dag.py:3211} INFO - Sync 1 DAGs
[2024-08-16T13:48:34.171+0000] {logging_mixin.py:190} INFO - [2024-08-16T13:48:34.170+0000] {dag.py:4138} INFO - Setting next_dagrun for example_python_decorator to None, run_after=None
[2024-08-16T13:48:34.194+0000] {processor.py:208} INFO - Processing /home/airflow/.local/lib/python3.12/site-packages/airflow/example_dags/example_python_decorator.py took 0.101 seconds
[2024-08-16T13:49:04.762+0000] {processor.py:186} INFO - Started process (PID=17339) to work on /home/airflow/.local/lib/python3.12/site-packages/airflow/example_dags/example_python_decorator.py
[2024-08-16T13:49:04.763+0000] {processor.py:914} INFO - Processing file /home/airflow/.local/lib/python3.12/site-packages/airflow/example_dags/example_python_decorator.py for tasks to queue
[2024-08-16T13:49:04.769+0000] {logging_mixin.py:190} INFO - [2024-08-16T13:49:04.768+0000] {dagbag.py:587} INFO - Filling up the DagBag from /home/airflow/.local/lib/python3.12/site-packages/airflow/example_dags/example_python_decorator.py
[2024-08-16T13:49:04.787+0000] {processor.py:925} INFO - DAG(s) 'example_python_decorator' retrieved from /home/airflow/.local/lib/python3.12/site-packages/airflow/example_dags/example_python_decorator.py
[2024-08-16T13:49:04.813+0000] {logging_mixin.py:190} INFO - [2024-08-16T13:49:04.813+0000] {dag.py:3211} INFO - Sync 1 DAGs
[2024-08-16T13:49:04.838+0000] {logging_mixin.py:190} INFO - [2024-08-16T13:49:04.837+0000] {dag.py:4138} INFO - Setting next_dagrun for example_python_decorator to None, run_after=None
[2024-08-16T13:49:04.868+0000] {processor.py:208} INFO - Processing /home/airflow/.local/lib/python3.12/site-packages/airflow/example_dags/example_python_decorator.py took 0.115 seconds
[2024-08-16T13:49:35.404+0000] {processor.py:186} INFO - Started process (PID=17625) to work on /home/airflow/.local/lib/python3.12/site-packages/airflow/example_dags/example_python_decorator.py
[2024-08-16T13:49:35.405+0000] {processor.py:914} INFO - Processing file /home/airflow/.local/lib/python3.12/site-packages/airflow/example_dags/example_python_decorator.py for tasks to queue
[2024-08-16T13:49:35.409+0000] {logging_mixin.py:190} INFO - [2024-08-16T13:49:35.408+0000] {dagbag.py:587} INFO - Filling up the DagBag from /home/airflow/.local/lib/python3.12/site-packages/airflow/example_dags/example_python_decorator.py
[2024-08-16T13:49:35.435+0000] {processor.py:925} INFO - DAG(s) 'example_python_decorator' retrieved from /home/airflow/.local/lib/python3.12/site-packages/airflow/example_dags/example_python_decorator.py
[2024-08-16T13:49:35.461+0000] {logging_mixin.py:190} INFO - [2024-08-16T13:49:35.461+0000] {dag.py:3211} INFO - Sync 1 DAGs
[2024-08-16T13:49:35.479+0000] {logging_mixin.py:190} INFO - [2024-08-16T13:49:35.478+0000] {dag.py:4138} INFO - Setting next_dagrun for example_python_decorator to None, run_after=None
[2024-08-16T13:49:35.511+0000] {processor.py:208} INFO - Processing /home/airflow/.local/lib/python3.12/site-packages/airflow/example_dags/example_python_decorator.py took 0.117 seconds
[2024-08-16T13:50:05.636+0000] {processor.py:186} INFO - Started process (PID=17911) to work on /home/airflow/.local/lib/python3.12/site-packages/airflow/example_dags/example_python_decorator.py
[2024-08-16T13:50:05.637+0000] {processor.py:914} INFO - Processing file /home/airflow/.local/lib/python3.12/site-packages/airflow/example_dags/example_python_decorator.py for tasks to queue
[2024-08-16T13:50:05.641+0000] {logging_mixin.py:190} INFO - [2024-08-16T13:50:05.640+0000] {dagbag.py:587} INFO - Filling up the DagBag from /home/airflow/.local/lib/python3.12/site-packages/airflow/example_dags/example_python_decorator.py
[2024-08-16T13:50:05.693+0000] {processor.py:925} INFO - DAG(s) 'example_python_decorator' retrieved from /home/airflow/.local/lib/python3.12/site-packages/airflow/example_dags/example_python_decorator.py
[2024-08-16T13:50:05.746+0000] {logging_mixin.py:190} INFO - [2024-08-16T13:50:05.745+0000] {dag.py:3211} INFO - Sync 1 DAGs
[2024-08-16T13:50:05.780+0000] {logging_mixin.py:190} INFO - [2024-08-16T13:50:05.780+0000] {dag.py:4138} INFO - Setting next_dagrun for example_python_decorator to None, run_after=None
[2024-08-16T13:50:05.818+0000] {processor.py:208} INFO - Processing /home/airflow/.local/lib/python3.12/site-packages/airflow/example_dags/example_python_decorator.py took 0.193 seconds
