[2024-08-16T13:18:39.176+0000] {processor.py:186} INFO - Started process (PID=241) to work on /home/airflow/.local/lib/python3.12/site-packages/airflow/example_dags/example_branch_labels.py
[2024-08-16T13:18:39.177+0000] {processor.py:914} INFO - Processing file /home/airflow/.local/lib/python3.12/site-packages/airflow/example_dags/example_branch_labels.py for tasks to queue
[2024-08-16T13:18:39.180+0000] {logging_mixin.py:190} INFO - [2024-08-16T13:18:39.180+0000] {dagbag.py:587} INFO - Filling up the DagBag from /home/airflow/.local/lib/python3.12/site-packages/airflow/example_dags/example_branch_labels.py
[2024-08-16T13:18:39.191+0000] {processor.py:925} INFO - DAG(s) 'example_branch_labels' retrieved from /home/airflow/.local/lib/python3.12/site-packages/airflow/example_dags/example_branch_labels.py
[2024-08-16T13:18:39.346+0000] {logging_mixin.py:190} INFO - [2024-08-16T13:18:39.343+0000] {override.py:1858} INFO - Created Permission View: can read on DAG:example_branch_labels
[2024-08-16T13:18:39.359+0000] {logging_mixin.py:190} INFO - [2024-08-16T13:18:39.359+0000] {override.py:1858} INFO - Created Permission View: can edit on DAG:example_branch_labels
[2024-08-16T13:18:39.366+0000] {logging_mixin.py:190} INFO - [2024-08-16T13:18:39.366+0000] {override.py:1858} INFO - Created Permission View: can delete on DAG:example_branch_labels
[2024-08-16T13:18:39.367+0000] {logging_mixin.py:190} INFO - [2024-08-16T13:18:39.367+0000] {dag.py:3211} INFO - Sync 1 DAGs
[2024-08-16T13:18:39.385+0000] {logging_mixin.py:190} INFO - [2024-08-16T13:18:39.384+0000] {dag.py:3234} INFO - Creating ORM DAG for example_branch_labels
[2024-08-16T13:18:39.397+0000] {logging_mixin.py:190} INFO - [2024-08-16T13:18:39.397+0000] {dag.py:4138} INFO - Setting next_dagrun for example_branch_labels to 2024-08-15 00:00:00+00:00, run_after=2024-08-16 00:00:00+00:00
[2024-08-16T13:18:39.416+0000] {processor.py:208} INFO - Processing /home/airflow/.local/lib/python3.12/site-packages/airflow/example_dags/example_branch_labels.py took 0.246 seconds
[2024-08-16T13:19:10.276+0000] {processor.py:186} INFO - Started process (PID=527) to work on /home/airflow/.local/lib/python3.12/site-packages/airflow/example_dags/example_branch_labels.py
[2024-08-16T13:19:10.278+0000] {processor.py:914} INFO - Processing file /home/airflow/.local/lib/python3.12/site-packages/airflow/example_dags/example_branch_labels.py for tasks to queue
[2024-08-16T13:19:10.280+0000] {logging_mixin.py:190} INFO - [2024-08-16T13:19:10.280+0000] {dagbag.py:587} INFO - Filling up the DagBag from /home/airflow/.local/lib/python3.12/site-packages/airflow/example_dags/example_branch_labels.py
[2024-08-16T13:19:10.290+0000] {processor.py:925} INFO - DAG(s) 'example_branch_labels' retrieved from /home/airflow/.local/lib/python3.12/site-packages/airflow/example_dags/example_branch_labels.py
[2024-08-16T13:19:10.314+0000] {logging_mixin.py:190} INFO - [2024-08-16T13:19:10.314+0000] {dag.py:3211} INFO - Sync 1 DAGs
[2024-08-16T13:19:10.339+0000] {logging_mixin.py:190} INFO - [2024-08-16T13:19:10.339+0000] {dag.py:4138} INFO - Setting next_dagrun for example_branch_labels to 2024-08-15 00:00:00+00:00, run_after=2024-08-16 00:00:00+00:00
[2024-08-16T13:19:10.357+0000] {processor.py:208} INFO - Processing /home/airflow/.local/lib/python3.12/site-packages/airflow/example_dags/example_branch_labels.py took 0.087 seconds
[2024-08-16T13:19:40.848+0000] {processor.py:186} INFO - Started process (PID=813) to work on /home/airflow/.local/lib/python3.12/site-packages/airflow/example_dags/example_branch_labels.py
[2024-08-16T13:19:40.849+0000] {processor.py:914} INFO - Processing file /home/airflow/.local/lib/python3.12/site-packages/airflow/example_dags/example_branch_labels.py for tasks to queue
[2024-08-16T13:19:40.853+0000] {logging_mixin.py:190} INFO - [2024-08-16T13:19:40.852+0000] {dagbag.py:587} INFO - Filling up the DagBag from /home/airflow/.local/lib/python3.12/site-packages/airflow/example_dags/example_branch_labels.py
[2024-08-16T13:19:40.869+0000] {processor.py:925} INFO - DAG(s) 'example_branch_labels' retrieved from /home/airflow/.local/lib/python3.12/site-packages/airflow/example_dags/example_branch_labels.py
[2024-08-16T13:19:40.911+0000] {logging_mixin.py:190} INFO - [2024-08-16T13:19:40.910+0000] {dag.py:3211} INFO - Sync 1 DAGs
[2024-08-16T13:19:40.954+0000] {logging_mixin.py:190} INFO - [2024-08-16T13:19:40.953+0000] {dag.py:4138} INFO - Setting next_dagrun for example_branch_labels to 2024-08-15 00:00:00+00:00, run_after=2024-08-16 00:00:00+00:00
[2024-08-16T13:19:40.983+0000] {processor.py:208} INFO - Processing /home/airflow/.local/lib/python3.12/site-packages/airflow/example_dags/example_branch_labels.py took 0.154 seconds
[2024-08-16T13:20:11.689+0000] {processor.py:186} INFO - Started process (PID=1099) to work on /home/airflow/.local/lib/python3.12/site-packages/airflow/example_dags/example_branch_labels.py
[2024-08-16T13:20:11.690+0000] {processor.py:914} INFO - Processing file /home/airflow/.local/lib/python3.12/site-packages/airflow/example_dags/example_branch_labels.py for tasks to queue
[2024-08-16T13:20:11.693+0000] {logging_mixin.py:190} INFO - [2024-08-16T13:20:11.693+0000] {dagbag.py:587} INFO - Filling up the DagBag from /home/airflow/.local/lib/python3.12/site-packages/airflow/example_dags/example_branch_labels.py
[2024-08-16T13:20:11.703+0000] {processor.py:925} INFO - DAG(s) 'example_branch_labels' retrieved from /home/airflow/.local/lib/python3.12/site-packages/airflow/example_dags/example_branch_labels.py
[2024-08-16T13:20:11.728+0000] {logging_mixin.py:190} INFO - [2024-08-16T13:20:11.728+0000] {dag.py:3211} INFO - Sync 1 DAGs
[2024-08-16T13:20:11.753+0000] {logging_mixin.py:190} INFO - [2024-08-16T13:20:11.753+0000] {dag.py:4138} INFO - Setting next_dagrun for example_branch_labels to 2024-08-15 00:00:00+00:00, run_after=2024-08-16 00:00:00+00:00
[2024-08-16T13:20:11.772+0000] {processor.py:208} INFO - Processing /home/airflow/.local/lib/python3.12/site-packages/airflow/example_dags/example_branch_labels.py took 0.090 seconds
[2024-08-16T13:20:42.129+0000] {processor.py:186} INFO - Started process (PID=1385) to work on /home/airflow/.local/lib/python3.12/site-packages/airflow/example_dags/example_branch_labels.py
[2024-08-16T13:20:42.130+0000] {processor.py:914} INFO - Processing file /home/airflow/.local/lib/python3.12/site-packages/airflow/example_dags/example_branch_labels.py for tasks to queue
[2024-08-16T13:20:42.132+0000] {logging_mixin.py:190} INFO - [2024-08-16T13:20:42.132+0000] {dagbag.py:587} INFO - Filling up the DagBag from /home/airflow/.local/lib/python3.12/site-packages/airflow/example_dags/example_branch_labels.py
[2024-08-16T13:20:42.142+0000] {processor.py:925} INFO - DAG(s) 'example_branch_labels' retrieved from /home/airflow/.local/lib/python3.12/site-packages/airflow/example_dags/example_branch_labels.py
[2024-08-16T13:20:42.166+0000] {logging_mixin.py:190} INFO - [2024-08-16T13:20:42.166+0000] {dag.py:3211} INFO - Sync 1 DAGs
[2024-08-16T13:20:42.192+0000] {logging_mixin.py:190} INFO - [2024-08-16T13:20:42.192+0000] {dag.py:4138} INFO - Setting next_dagrun for example_branch_labels to 2024-08-15 00:00:00+00:00, run_after=2024-08-16 00:00:00+00:00
[2024-08-16T13:20:42.210+0000] {processor.py:208} INFO - Processing /home/airflow/.local/lib/python3.12/site-packages/airflow/example_dags/example_branch_labels.py took 0.088 seconds
[2024-08-16T13:21:12.671+0000] {processor.py:186} INFO - Started process (PID=1671) to work on /home/airflow/.local/lib/python3.12/site-packages/airflow/example_dags/example_branch_labels.py
[2024-08-16T13:21:12.672+0000] {processor.py:914} INFO - Processing file /home/airflow/.local/lib/python3.12/site-packages/airflow/example_dags/example_branch_labels.py for tasks to queue
[2024-08-16T13:21:12.675+0000] {logging_mixin.py:190} INFO - [2024-08-16T13:21:12.675+0000] {dagbag.py:587} INFO - Filling up the DagBag from /home/airflow/.local/lib/python3.12/site-packages/airflow/example_dags/example_branch_labels.py
[2024-08-16T13:21:12.687+0000] {processor.py:925} INFO - DAG(s) 'example_branch_labels' retrieved from /home/airflow/.local/lib/python3.12/site-packages/airflow/example_dags/example_branch_labels.py
[2024-08-16T13:21:12.710+0000] {logging_mixin.py:190} INFO - [2024-08-16T13:21:12.710+0000] {dag.py:3211} INFO - Sync 1 DAGs
[2024-08-16T13:21:12.735+0000] {logging_mixin.py:190} INFO - [2024-08-16T13:21:12.735+0000] {dag.py:4138} INFO - Setting next_dagrun for example_branch_labels to 2024-08-15 00:00:00+00:00, run_after=2024-08-16 00:00:00+00:00
[2024-08-16T13:21:12.754+0000] {processor.py:208} INFO - Processing /home/airflow/.local/lib/python3.12/site-packages/airflow/example_dags/example_branch_labels.py took 0.091 seconds
[2024-08-16T13:21:42.986+0000] {processor.py:186} INFO - Started process (PID=1957) to work on /home/airflow/.local/lib/python3.12/site-packages/airflow/example_dags/example_branch_labels.py
[2024-08-16T13:21:42.987+0000] {processor.py:914} INFO - Processing file /home/airflow/.local/lib/python3.12/site-packages/airflow/example_dags/example_branch_labels.py for tasks to queue
[2024-08-16T13:21:42.989+0000] {logging_mixin.py:190} INFO - [2024-08-16T13:21:42.989+0000] {dagbag.py:587} INFO - Filling up the DagBag from /home/airflow/.local/lib/python3.12/site-packages/airflow/example_dags/example_branch_labels.py
[2024-08-16T13:21:43.000+0000] {processor.py:925} INFO - DAG(s) 'example_branch_labels' retrieved from /home/airflow/.local/lib/python3.12/site-packages/airflow/example_dags/example_branch_labels.py
[2024-08-16T13:21:43.024+0000] {logging_mixin.py:190} INFO - [2024-08-16T13:21:43.023+0000] {dag.py:3211} INFO - Sync 1 DAGs
[2024-08-16T13:21:43.053+0000] {logging_mixin.py:190} INFO - [2024-08-16T13:21:43.053+0000] {dag.py:4138} INFO - Setting next_dagrun for example_branch_labels to 2024-08-15 00:00:00+00:00, run_after=2024-08-16 00:00:00+00:00
[2024-08-16T13:21:43.072+0000] {processor.py:208} INFO - Processing /home/airflow/.local/lib/python3.12/site-packages/airflow/example_dags/example_branch_labels.py took 0.093 seconds
[2024-08-16T13:22:13.560+0000] {processor.py:186} INFO - Started process (PID=2243) to work on /home/airflow/.local/lib/python3.12/site-packages/airflow/example_dags/example_branch_labels.py
[2024-08-16T13:22:13.561+0000] {processor.py:914} INFO - Processing file /home/airflow/.local/lib/python3.12/site-packages/airflow/example_dags/example_branch_labels.py for tasks to queue
[2024-08-16T13:22:13.564+0000] {logging_mixin.py:190} INFO - [2024-08-16T13:22:13.563+0000] {dagbag.py:587} INFO - Filling up the DagBag from /home/airflow/.local/lib/python3.12/site-packages/airflow/example_dags/example_branch_labels.py
[2024-08-16T13:22:13.575+0000] {processor.py:925} INFO - DAG(s) 'example_branch_labels' retrieved from /home/airflow/.local/lib/python3.12/site-packages/airflow/example_dags/example_branch_labels.py
[2024-08-16T13:22:13.601+0000] {logging_mixin.py:190} INFO - [2024-08-16T13:22:13.600+0000] {dag.py:3211} INFO - Sync 1 DAGs
[2024-08-16T13:22:13.629+0000] {logging_mixin.py:190} INFO - [2024-08-16T13:22:13.629+0000] {dag.py:4138} INFO - Setting next_dagrun for example_branch_labels to 2024-08-15 00:00:00+00:00, run_after=2024-08-16 00:00:00+00:00
[2024-08-16T13:22:13.650+0000] {processor.py:208} INFO - Processing /home/airflow/.local/lib/python3.12/site-packages/airflow/example_dags/example_branch_labels.py took 0.096 seconds
[2024-08-16T13:22:44.617+0000] {processor.py:186} INFO - Started process (PID=2529) to work on /home/airflow/.local/lib/python3.12/site-packages/airflow/example_dags/example_branch_labels.py
[2024-08-16T13:22:44.618+0000] {processor.py:914} INFO - Processing file /home/airflow/.local/lib/python3.12/site-packages/airflow/example_dags/example_branch_labels.py for tasks to queue
[2024-08-16T13:22:44.621+0000] {logging_mixin.py:190} INFO - [2024-08-16T13:22:44.620+0000] {dagbag.py:587} INFO - Filling up the DagBag from /home/airflow/.local/lib/python3.12/site-packages/airflow/example_dags/example_branch_labels.py
[2024-08-16T13:22:44.632+0000] {processor.py:925} INFO - DAG(s) 'example_branch_labels' retrieved from /home/airflow/.local/lib/python3.12/site-packages/airflow/example_dags/example_branch_labels.py
[2024-08-16T13:22:44.656+0000] {logging_mixin.py:190} INFO - [2024-08-16T13:22:44.656+0000] {dag.py:3211} INFO - Sync 1 DAGs
[2024-08-16T13:22:44.683+0000] {logging_mixin.py:190} INFO - [2024-08-16T13:22:44.683+0000] {dag.py:4138} INFO - Setting next_dagrun for example_branch_labels to 2024-08-15 00:00:00+00:00, run_after=2024-08-16 00:00:00+00:00
[2024-08-16T13:22:44.706+0000] {processor.py:208} INFO - Processing /home/airflow/.local/lib/python3.12/site-packages/airflow/example_dags/example_branch_labels.py took 0.095 seconds
[2024-08-16T13:23:15.054+0000] {processor.py:186} INFO - Started process (PID=2815) to work on /home/airflow/.local/lib/python3.12/site-packages/airflow/example_dags/example_branch_labels.py
[2024-08-16T13:23:15.055+0000] {processor.py:914} INFO - Processing file /home/airflow/.local/lib/python3.12/site-packages/airflow/example_dags/example_branch_labels.py for tasks to queue
[2024-08-16T13:23:15.058+0000] {logging_mixin.py:190} INFO - [2024-08-16T13:23:15.058+0000] {dagbag.py:587} INFO - Filling up the DagBag from /home/airflow/.local/lib/python3.12/site-packages/airflow/example_dags/example_branch_labels.py
[2024-08-16T13:23:15.070+0000] {processor.py:925} INFO - DAG(s) 'example_branch_labels' retrieved from /home/airflow/.local/lib/python3.12/site-packages/airflow/example_dags/example_branch_labels.py
[2024-08-16T13:23:15.097+0000] {logging_mixin.py:190} INFO - [2024-08-16T13:23:15.097+0000] {dag.py:3211} INFO - Sync 1 DAGs
[2024-08-16T13:23:15.123+0000] {logging_mixin.py:190} INFO - [2024-08-16T13:23:15.123+0000] {dag.py:4138} INFO - Setting next_dagrun for example_branch_labels to 2024-08-15 00:00:00+00:00, run_after=2024-08-16 00:00:00+00:00
[2024-08-16T13:23:15.140+0000] {processor.py:208} INFO - Processing /home/airflow/.local/lib/python3.12/site-packages/airflow/example_dags/example_branch_labels.py took 0.093 seconds
[2024-08-16T13:23:45.469+0000] {processor.py:186} INFO - Started process (PID=3101) to work on /home/airflow/.local/lib/python3.12/site-packages/airflow/example_dags/example_branch_labels.py
[2024-08-16T13:23:45.470+0000] {processor.py:914} INFO - Processing file /home/airflow/.local/lib/python3.12/site-packages/airflow/example_dags/example_branch_labels.py for tasks to queue
[2024-08-16T13:23:45.472+0000] {logging_mixin.py:190} INFO - [2024-08-16T13:23:45.472+0000] {dagbag.py:587} INFO - Filling up the DagBag from /home/airflow/.local/lib/python3.12/site-packages/airflow/example_dags/example_branch_labels.py
[2024-08-16T13:23:45.484+0000] {processor.py:925} INFO - DAG(s) 'example_branch_labels' retrieved from /home/airflow/.local/lib/python3.12/site-packages/airflow/example_dags/example_branch_labels.py
[2024-08-16T13:23:45.507+0000] {logging_mixin.py:190} INFO - [2024-08-16T13:23:45.507+0000] {dag.py:3211} INFO - Sync 1 DAGs
[2024-08-16T13:23:45.533+0000] {logging_mixin.py:190} INFO - [2024-08-16T13:23:45.532+0000] {dag.py:4138} INFO - Setting next_dagrun for example_branch_labels to 2024-08-15 00:00:00+00:00, run_after=2024-08-16 00:00:00+00:00
[2024-08-16T13:23:45.553+0000] {processor.py:208} INFO - Processing /home/airflow/.local/lib/python3.12/site-packages/airflow/example_dags/example_branch_labels.py took 0.090 seconds
[2024-08-16T13:24:15.796+0000] {processor.py:186} INFO - Started process (PID=3393) to work on /home/airflow/.local/lib/python3.12/site-packages/airflow/example_dags/example_branch_labels.py
[2024-08-16T13:24:15.797+0000] {processor.py:914} INFO - Processing file /home/airflow/.local/lib/python3.12/site-packages/airflow/example_dags/example_branch_labels.py for tasks to queue
[2024-08-16T13:24:15.800+0000] {logging_mixin.py:190} INFO - [2024-08-16T13:24:15.799+0000] {dagbag.py:587} INFO - Filling up the DagBag from /home/airflow/.local/lib/python3.12/site-packages/airflow/example_dags/example_branch_labels.py
[2024-08-16T13:24:15.810+0000] {processor.py:925} INFO - DAG(s) 'example_branch_labels' retrieved from /home/airflow/.local/lib/python3.12/site-packages/airflow/example_dags/example_branch_labels.py
[2024-08-16T13:24:15.835+0000] {logging_mixin.py:190} INFO - [2024-08-16T13:24:15.835+0000] {dag.py:3211} INFO - Sync 1 DAGs
[2024-08-16T13:24:15.865+0000] {logging_mixin.py:190} INFO - [2024-08-16T13:24:15.864+0000] {dag.py:4138} INFO - Setting next_dagrun for example_branch_labels to 2024-08-15 00:00:00+00:00, run_after=2024-08-16 00:00:00+00:00
[2024-08-16T13:24:15.890+0000] {processor.py:208} INFO - Processing /home/airflow/.local/lib/python3.12/site-packages/airflow/example_dags/example_branch_labels.py took 0.100 seconds
[2024-08-16T13:24:46.875+0000] {processor.py:186} INFO - Started process (PID=3679) to work on /home/airflow/.local/lib/python3.12/site-packages/airflow/example_dags/example_branch_labels.py
[2024-08-16T13:24:46.876+0000] {processor.py:914} INFO - Processing file /home/airflow/.local/lib/python3.12/site-packages/airflow/example_dags/example_branch_labels.py for tasks to queue
[2024-08-16T13:24:46.879+0000] {logging_mixin.py:190} INFO - [2024-08-16T13:24:46.878+0000] {dagbag.py:587} INFO - Filling up the DagBag from /home/airflow/.local/lib/python3.12/site-packages/airflow/example_dags/example_branch_labels.py
[2024-08-16T13:24:46.890+0000] {processor.py:925} INFO - DAG(s) 'example_branch_labels' retrieved from /home/airflow/.local/lib/python3.12/site-packages/airflow/example_dags/example_branch_labels.py
[2024-08-16T13:24:46.914+0000] {logging_mixin.py:190} INFO - [2024-08-16T13:24:46.914+0000] {dag.py:3211} INFO - Sync 1 DAGs
[2024-08-16T13:24:46.940+0000] {logging_mixin.py:190} INFO - [2024-08-16T13:24:46.939+0000] {dag.py:4138} INFO - Setting next_dagrun for example_branch_labels to 2024-08-15 00:00:00+00:00, run_after=2024-08-16 00:00:00+00:00
[2024-08-16T13:24:46.957+0000] {processor.py:208} INFO - Processing /home/airflow/.local/lib/python3.12/site-packages/airflow/example_dags/example_branch_labels.py took 0.088 seconds
[2024-08-16T13:25:17.397+0000] {processor.py:186} INFO - Started process (PID=3965) to work on /home/airflow/.local/lib/python3.12/site-packages/airflow/example_dags/example_branch_labels.py
[2024-08-16T13:25:17.398+0000] {processor.py:914} INFO - Processing file /home/airflow/.local/lib/python3.12/site-packages/airflow/example_dags/example_branch_labels.py for tasks to queue
[2024-08-16T13:25:17.402+0000] {logging_mixin.py:190} INFO - [2024-08-16T13:25:17.401+0000] {dagbag.py:587} INFO - Filling up the DagBag from /home/airflow/.local/lib/python3.12/site-packages/airflow/example_dags/example_branch_labels.py
[2024-08-16T13:25:17.412+0000] {processor.py:925} INFO - DAG(s) 'example_branch_labels' retrieved from /home/airflow/.local/lib/python3.12/site-packages/airflow/example_dags/example_branch_labels.py
[2024-08-16T13:25:17.438+0000] {logging_mixin.py:190} INFO - [2024-08-16T13:25:17.438+0000] {dag.py:3211} INFO - Sync 1 DAGs
[2024-08-16T13:25:17.465+0000] {logging_mixin.py:190} INFO - [2024-08-16T13:25:17.465+0000] {dag.py:4138} INFO - Setting next_dagrun for example_branch_labels to 2024-08-15 00:00:00+00:00, run_after=2024-08-16 00:00:00+00:00
[2024-08-16T13:25:17.487+0000] {processor.py:208} INFO - Processing /home/airflow/.local/lib/python3.12/site-packages/airflow/example_dags/example_branch_labels.py took 0.096 seconds
[2024-08-16T13:25:47.766+0000] {processor.py:186} INFO - Started process (PID=4251) to work on /home/airflow/.local/lib/python3.12/site-packages/airflow/example_dags/example_branch_labels.py
[2024-08-16T13:25:47.767+0000] {processor.py:914} INFO - Processing file /home/airflow/.local/lib/python3.12/site-packages/airflow/example_dags/example_branch_labels.py for tasks to queue
[2024-08-16T13:25:47.770+0000] {logging_mixin.py:190} INFO - [2024-08-16T13:25:47.770+0000] {dagbag.py:587} INFO - Filling up the DagBag from /home/airflow/.local/lib/python3.12/site-packages/airflow/example_dags/example_branch_labels.py
[2024-08-16T13:25:47.781+0000] {processor.py:925} INFO - DAG(s) 'example_branch_labels' retrieved from /home/airflow/.local/lib/python3.12/site-packages/airflow/example_dags/example_branch_labels.py
[2024-08-16T13:25:47.803+0000] {logging_mixin.py:190} INFO - [2024-08-16T13:25:47.803+0000] {dag.py:3211} INFO - Sync 1 DAGs
[2024-08-16T13:25:47.828+0000] {logging_mixin.py:190} INFO - [2024-08-16T13:25:47.828+0000] {dag.py:4138} INFO - Setting next_dagrun for example_branch_labels to 2024-08-15 00:00:00+00:00, run_after=2024-08-16 00:00:00+00:00
[2024-08-16T13:25:47.849+0000] {processor.py:208} INFO - Processing /home/airflow/.local/lib/python3.12/site-packages/airflow/example_dags/example_branch_labels.py took 0.089 seconds
[2024-08-16T13:26:18.158+0000] {processor.py:186} INFO - Started process (PID=4537) to work on /home/airflow/.local/lib/python3.12/site-packages/airflow/example_dags/example_branch_labels.py
[2024-08-16T13:26:18.159+0000] {processor.py:914} INFO - Processing file /home/airflow/.local/lib/python3.12/site-packages/airflow/example_dags/example_branch_labels.py for tasks to queue
[2024-08-16T13:26:18.161+0000] {logging_mixin.py:190} INFO - [2024-08-16T13:26:18.161+0000] {dagbag.py:587} INFO - Filling up the DagBag from /home/airflow/.local/lib/python3.12/site-packages/airflow/example_dags/example_branch_labels.py
[2024-08-16T13:26:18.171+0000] {processor.py:925} INFO - DAG(s) 'example_branch_labels' retrieved from /home/airflow/.local/lib/python3.12/site-packages/airflow/example_dags/example_branch_labels.py
[2024-08-16T13:26:18.195+0000] {logging_mixin.py:190} INFO - [2024-08-16T13:26:18.195+0000] {dag.py:3211} INFO - Sync 1 DAGs
[2024-08-16T13:26:18.221+0000] {logging_mixin.py:190} INFO - [2024-08-16T13:26:18.221+0000] {dag.py:4138} INFO - Setting next_dagrun for example_branch_labels to 2024-08-15 00:00:00+00:00, run_after=2024-08-16 00:00:00+00:00
[2024-08-16T13:26:18.240+0000] {processor.py:208} INFO - Processing /home/airflow/.local/lib/python3.12/site-packages/airflow/example_dags/example_branch_labels.py took 0.088 seconds
[2024-08-16T13:26:48.749+0000] {processor.py:186} INFO - Started process (PID=4823) to work on /home/airflow/.local/lib/python3.12/site-packages/airflow/example_dags/example_branch_labels.py
[2024-08-16T13:26:48.751+0000] {processor.py:914} INFO - Processing file /home/airflow/.local/lib/python3.12/site-packages/airflow/example_dags/example_branch_labels.py for tasks to queue
[2024-08-16T13:26:48.755+0000] {logging_mixin.py:190} INFO - [2024-08-16T13:26:48.754+0000] {dagbag.py:587} INFO - Filling up the DagBag from /home/airflow/.local/lib/python3.12/site-packages/airflow/example_dags/example_branch_labels.py
[2024-08-16T13:26:48.770+0000] {processor.py:925} INFO - DAG(s) 'example_branch_labels' retrieved from /home/airflow/.local/lib/python3.12/site-packages/airflow/example_dags/example_branch_labels.py
[2024-08-16T13:26:48.796+0000] {logging_mixin.py:190} INFO - [2024-08-16T13:26:48.796+0000] {dag.py:3211} INFO - Sync 1 DAGs
[2024-08-16T13:26:48.824+0000] {logging_mixin.py:190} INFO - [2024-08-16T13:26:48.824+0000] {dag.py:4138} INFO - Setting next_dagrun for example_branch_labels to 2024-08-15 00:00:00+00:00, run_after=2024-08-16 00:00:00+00:00
[2024-08-16T13:26:48.846+0000] {processor.py:208} INFO - Processing /home/airflow/.local/lib/python3.12/site-packages/airflow/example_dags/example_branch_labels.py took 0.106 seconds
[2024-08-16T13:27:19.060+0000] {processor.py:186} INFO - Started process (PID=5110) to work on /home/airflow/.local/lib/python3.12/site-packages/airflow/example_dags/example_branch_labels.py
[2024-08-16T13:27:19.061+0000] {processor.py:914} INFO - Processing file /home/airflow/.local/lib/python3.12/site-packages/airflow/example_dags/example_branch_labels.py for tasks to queue
[2024-08-16T13:27:19.064+0000] {logging_mixin.py:190} INFO - [2024-08-16T13:27:19.063+0000] {dagbag.py:587} INFO - Filling up the DagBag from /home/airflow/.local/lib/python3.12/site-packages/airflow/example_dags/example_branch_labels.py
[2024-08-16T13:27:19.077+0000] {processor.py:925} INFO - DAG(s) 'example_branch_labels' retrieved from /home/airflow/.local/lib/python3.12/site-packages/airflow/example_dags/example_branch_labels.py
[2024-08-16T13:27:19.100+0000] {logging_mixin.py:190} INFO - [2024-08-16T13:27:19.099+0000] {dag.py:3211} INFO - Sync 1 DAGs
[2024-08-16T13:27:19.125+0000] {logging_mixin.py:190} INFO - [2024-08-16T13:27:19.125+0000] {dag.py:4138} INFO - Setting next_dagrun for example_branch_labels to 2024-08-15 00:00:00+00:00, run_after=2024-08-16 00:00:00+00:00
[2024-08-16T13:27:19.144+0000] {processor.py:208} INFO - Processing /home/airflow/.local/lib/python3.12/site-packages/airflow/example_dags/example_branch_labels.py took 0.091 seconds
[2024-08-16T13:27:49.601+0000] {processor.py:186} INFO - Started process (PID=5396) to work on /home/airflow/.local/lib/python3.12/site-packages/airflow/example_dags/example_branch_labels.py
[2024-08-16T13:27:49.602+0000] {processor.py:914} INFO - Processing file /home/airflow/.local/lib/python3.12/site-packages/airflow/example_dags/example_branch_labels.py for tasks to queue
[2024-08-16T13:27:49.606+0000] {logging_mixin.py:190} INFO - [2024-08-16T13:27:49.605+0000] {dagbag.py:587} INFO - Filling up the DagBag from /home/airflow/.local/lib/python3.12/site-packages/airflow/example_dags/example_branch_labels.py
[2024-08-16T13:27:49.616+0000] {processor.py:925} INFO - DAG(s) 'example_branch_labels' retrieved from /home/airflow/.local/lib/python3.12/site-packages/airflow/example_dags/example_branch_labels.py
[2024-08-16T13:27:49.640+0000] {logging_mixin.py:190} INFO - [2024-08-16T13:27:49.640+0000] {dag.py:3211} INFO - Sync 1 DAGs
[2024-08-16T13:27:49.665+0000] {logging_mixin.py:190} INFO - [2024-08-16T13:27:49.664+0000] {dag.py:4138} INFO - Setting next_dagrun for example_branch_labels to 2024-08-15 00:00:00+00:00, run_after=2024-08-16 00:00:00+00:00
[2024-08-16T13:27:49.683+0000] {processor.py:208} INFO - Processing /home/airflow/.local/lib/python3.12/site-packages/airflow/example_dags/example_branch_labels.py took 0.089 seconds
[2024-08-16T13:28:20.020+0000] {processor.py:186} INFO - Started process (PID=5682) to work on /home/airflow/.local/lib/python3.12/site-packages/airflow/example_dags/example_branch_labels.py
[2024-08-16T13:28:20.021+0000] {processor.py:914} INFO - Processing file /home/airflow/.local/lib/python3.12/site-packages/airflow/example_dags/example_branch_labels.py for tasks to queue
[2024-08-16T13:28:20.025+0000] {logging_mixin.py:190} INFO - [2024-08-16T13:28:20.024+0000] {dagbag.py:587} INFO - Filling up the DagBag from /home/airflow/.local/lib/python3.12/site-packages/airflow/example_dags/example_branch_labels.py
[2024-08-16T13:28:20.035+0000] {processor.py:925} INFO - DAG(s) 'example_branch_labels' retrieved from /home/airflow/.local/lib/python3.12/site-packages/airflow/example_dags/example_branch_labels.py
[2024-08-16T13:28:20.060+0000] {logging_mixin.py:190} INFO - [2024-08-16T13:28:20.060+0000] {dag.py:3211} INFO - Sync 1 DAGs
[2024-08-16T13:28:20.090+0000] {logging_mixin.py:190} INFO - [2024-08-16T13:28:20.089+0000] {dag.py:4138} INFO - Setting next_dagrun for example_branch_labels to 2024-08-15 00:00:00+00:00, run_after=2024-08-16 00:00:00+00:00
[2024-08-16T13:28:20.110+0000] {processor.py:208} INFO - Processing /home/airflow/.local/lib/python3.12/site-packages/airflow/example_dags/example_branch_labels.py took 0.097 seconds
[2024-08-16T13:28:50.555+0000] {processor.py:186} INFO - Started process (PID=5968) to work on /home/airflow/.local/lib/python3.12/site-packages/airflow/example_dags/example_branch_labels.py
[2024-08-16T13:28:50.556+0000] {processor.py:914} INFO - Processing file /home/airflow/.local/lib/python3.12/site-packages/airflow/example_dags/example_branch_labels.py for tasks to queue
[2024-08-16T13:28:50.558+0000] {logging_mixin.py:190} INFO - [2024-08-16T13:28:50.558+0000] {dagbag.py:587} INFO - Filling up the DagBag from /home/airflow/.local/lib/python3.12/site-packages/airflow/example_dags/example_branch_labels.py
[2024-08-16T13:28:50.569+0000] {processor.py:925} INFO - DAG(s) 'example_branch_labels' retrieved from /home/airflow/.local/lib/python3.12/site-packages/airflow/example_dags/example_branch_labels.py
[2024-08-16T13:28:50.595+0000] {logging_mixin.py:190} INFO - [2024-08-16T13:28:50.594+0000] {dag.py:3211} INFO - Sync 1 DAGs
[2024-08-16T13:28:50.627+0000] {logging_mixin.py:190} INFO - [2024-08-16T13:28:50.627+0000] {dag.py:4138} INFO - Setting next_dagrun for example_branch_labels to 2024-08-15 00:00:00+00:00, run_after=2024-08-16 00:00:00+00:00
[2024-08-16T13:28:50.647+0000] {processor.py:208} INFO - Processing /home/airflow/.local/lib/python3.12/site-packages/airflow/example_dags/example_branch_labels.py took 0.101 seconds
[2024-08-16T13:29:21.043+0000] {processor.py:186} INFO - Started process (PID=6254) to work on /home/airflow/.local/lib/python3.12/site-packages/airflow/example_dags/example_branch_labels.py
[2024-08-16T13:29:21.044+0000] {processor.py:914} INFO - Processing file /home/airflow/.local/lib/python3.12/site-packages/airflow/example_dags/example_branch_labels.py for tasks to queue
[2024-08-16T13:29:21.047+0000] {logging_mixin.py:190} INFO - [2024-08-16T13:29:21.046+0000] {dagbag.py:587} INFO - Filling up the DagBag from /home/airflow/.local/lib/python3.12/site-packages/airflow/example_dags/example_branch_labels.py
[2024-08-16T13:29:21.057+0000] {processor.py:925} INFO - DAG(s) 'example_branch_labels' retrieved from /home/airflow/.local/lib/python3.12/site-packages/airflow/example_dags/example_branch_labels.py
[2024-08-16T13:29:21.080+0000] {logging_mixin.py:190} INFO - [2024-08-16T13:29:21.080+0000] {dag.py:3211} INFO - Sync 1 DAGs
[2024-08-16T13:29:21.108+0000] {logging_mixin.py:190} INFO - [2024-08-16T13:29:21.108+0000] {dag.py:4138} INFO - Setting next_dagrun for example_branch_labels to 2024-08-15 00:00:00+00:00, run_after=2024-08-16 00:00:00+00:00
[2024-08-16T13:29:21.128+0000] {processor.py:208} INFO - Processing /home/airflow/.local/lib/python3.12/site-packages/airflow/example_dags/example_branch_labels.py took 0.091 seconds
[2024-08-16T13:29:51.736+0000] {processor.py:186} INFO - Started process (PID=6540) to work on /home/airflow/.local/lib/python3.12/site-packages/airflow/example_dags/example_branch_labels.py
[2024-08-16T13:29:51.737+0000] {processor.py:914} INFO - Processing file /home/airflow/.local/lib/python3.12/site-packages/airflow/example_dags/example_branch_labels.py for tasks to queue
[2024-08-16T13:29:51.739+0000] {logging_mixin.py:190} INFO - [2024-08-16T13:29:51.739+0000] {dagbag.py:587} INFO - Filling up the DagBag from /home/airflow/.local/lib/python3.12/site-packages/airflow/example_dags/example_branch_labels.py
[2024-08-16T13:29:51.750+0000] {processor.py:925} INFO - DAG(s) 'example_branch_labels' retrieved from /home/airflow/.local/lib/python3.12/site-packages/airflow/example_dags/example_branch_labels.py
[2024-08-16T13:29:51.776+0000] {logging_mixin.py:190} INFO - [2024-08-16T13:29:51.776+0000] {dag.py:3211} INFO - Sync 1 DAGs
[2024-08-16T13:29:51.803+0000] {logging_mixin.py:190} INFO - [2024-08-16T13:29:51.802+0000] {dag.py:4138} INFO - Setting next_dagrun for example_branch_labels to 2024-08-15 00:00:00+00:00, run_after=2024-08-16 00:00:00+00:00
[2024-08-16T13:29:51.822+0000] {processor.py:208} INFO - Processing /home/airflow/.local/lib/python3.12/site-packages/airflow/example_dags/example_branch_labels.py took 0.092 seconds
[2024-08-16T13:30:22.081+0000] {processor.py:186} INFO - Started process (PID=6827) to work on /home/airflow/.local/lib/python3.12/site-packages/airflow/example_dags/example_branch_labels.py
[2024-08-16T13:30:22.082+0000] {processor.py:914} INFO - Processing file /home/airflow/.local/lib/python3.12/site-packages/airflow/example_dags/example_branch_labels.py for tasks to queue
[2024-08-16T13:30:22.084+0000] {logging_mixin.py:190} INFO - [2024-08-16T13:30:22.084+0000] {dagbag.py:587} INFO - Filling up the DagBag from /home/airflow/.local/lib/python3.12/site-packages/airflow/example_dags/example_branch_labels.py
[2024-08-16T13:30:22.095+0000] {processor.py:925} INFO - DAG(s) 'example_branch_labels' retrieved from /home/airflow/.local/lib/python3.12/site-packages/airflow/example_dags/example_branch_labels.py
[2024-08-16T13:30:22.119+0000] {logging_mixin.py:190} INFO - [2024-08-16T13:30:22.118+0000] {dag.py:3211} INFO - Sync 1 DAGs
[2024-08-16T13:30:22.148+0000] {logging_mixin.py:190} INFO - [2024-08-16T13:30:22.147+0000] {dag.py:4138} INFO - Setting next_dagrun for example_branch_labels to 2024-08-15 00:00:00+00:00, run_after=2024-08-16 00:00:00+00:00
[2024-08-16T13:30:22.165+0000] {processor.py:208} INFO - Processing /home/airflow/.local/lib/python3.12/site-packages/airflow/example_dags/example_branch_labels.py took 0.091 seconds
[2024-08-16T13:30:52.548+0000] {processor.py:186} INFO - Started process (PID=7113) to work on /home/airflow/.local/lib/python3.12/site-packages/airflow/example_dags/example_branch_labels.py
[2024-08-16T13:30:52.549+0000] {processor.py:914} INFO - Processing file /home/airflow/.local/lib/python3.12/site-packages/airflow/example_dags/example_branch_labels.py for tasks to queue
[2024-08-16T13:30:52.552+0000] {logging_mixin.py:190} INFO - [2024-08-16T13:30:52.552+0000] {dagbag.py:587} INFO - Filling up the DagBag from /home/airflow/.local/lib/python3.12/site-packages/airflow/example_dags/example_branch_labels.py
[2024-08-16T13:30:52.564+0000] {processor.py:925} INFO - DAG(s) 'example_branch_labels' retrieved from /home/airflow/.local/lib/python3.12/site-packages/airflow/example_dags/example_branch_labels.py
[2024-08-16T13:30:52.592+0000] {logging_mixin.py:190} INFO - [2024-08-16T13:30:52.592+0000] {dag.py:3211} INFO - Sync 1 DAGs
[2024-08-16T13:30:52.623+0000] {logging_mixin.py:190} INFO - [2024-08-16T13:30:52.623+0000] {dag.py:4138} INFO - Setting next_dagrun for example_branch_labels to 2024-08-15 00:00:00+00:00, run_after=2024-08-16 00:00:00+00:00
[2024-08-16T13:30:52.645+0000] {processor.py:208} INFO - Processing /home/airflow/.local/lib/python3.12/site-packages/airflow/example_dags/example_branch_labels.py took 0.105 seconds
[2024-08-16T13:31:23.310+0000] {processor.py:186} INFO - Started process (PID=7399) to work on /home/airflow/.local/lib/python3.12/site-packages/airflow/example_dags/example_branch_labels.py
[2024-08-16T13:31:23.311+0000] {processor.py:914} INFO - Processing file /home/airflow/.local/lib/python3.12/site-packages/airflow/example_dags/example_branch_labels.py for tasks to queue
[2024-08-16T13:31:23.313+0000] {logging_mixin.py:190} INFO - [2024-08-16T13:31:23.313+0000] {dagbag.py:587} INFO - Filling up the DagBag from /home/airflow/.local/lib/python3.12/site-packages/airflow/example_dags/example_branch_labels.py
[2024-08-16T13:31:23.324+0000] {processor.py:925} INFO - DAG(s) 'example_branch_labels' retrieved from /home/airflow/.local/lib/python3.12/site-packages/airflow/example_dags/example_branch_labels.py
[2024-08-16T13:31:23.353+0000] {logging_mixin.py:190} INFO - [2024-08-16T13:31:23.352+0000] {dag.py:3211} INFO - Sync 1 DAGs
[2024-08-16T13:31:23.379+0000] {logging_mixin.py:190} INFO - [2024-08-16T13:31:23.379+0000] {dag.py:4138} INFO - Setting next_dagrun for example_branch_labels to 2024-08-15 00:00:00+00:00, run_after=2024-08-16 00:00:00+00:00
[2024-08-16T13:31:23.399+0000] {processor.py:208} INFO - Processing /home/airflow/.local/lib/python3.12/site-packages/airflow/example_dags/example_branch_labels.py took 0.095 seconds
[2024-08-16T13:31:53.789+0000] {processor.py:186} INFO - Started process (PID=7685) to work on /home/airflow/.local/lib/python3.12/site-packages/airflow/example_dags/example_branch_labels.py
[2024-08-16T13:31:53.791+0000] {processor.py:914} INFO - Processing file /home/airflow/.local/lib/python3.12/site-packages/airflow/example_dags/example_branch_labels.py for tasks to queue
[2024-08-16T13:31:53.793+0000] {logging_mixin.py:190} INFO - [2024-08-16T13:31:53.793+0000] {dagbag.py:587} INFO - Filling up the DagBag from /home/airflow/.local/lib/python3.12/site-packages/airflow/example_dags/example_branch_labels.py
[2024-08-16T13:31:53.805+0000] {processor.py:925} INFO - DAG(s) 'example_branch_labels' retrieved from /home/airflow/.local/lib/python3.12/site-packages/airflow/example_dags/example_branch_labels.py
[2024-08-16T13:31:53.830+0000] {logging_mixin.py:190} INFO - [2024-08-16T13:31:53.830+0000] {dag.py:3211} INFO - Sync 1 DAGs
[2024-08-16T13:31:53.856+0000] {logging_mixin.py:190} INFO - [2024-08-16T13:31:53.856+0000] {dag.py:4138} INFO - Setting next_dagrun for example_branch_labels to 2024-08-15 00:00:00+00:00, run_after=2024-08-16 00:00:00+00:00
[2024-08-16T13:31:53.875+0000] {processor.py:208} INFO - Processing /home/airflow/.local/lib/python3.12/site-packages/airflow/example_dags/example_branch_labels.py took 0.092 seconds
[2024-08-16T13:32:24.374+0000] {processor.py:186} INFO - Started process (PID=7971) to work on /home/airflow/.local/lib/python3.12/site-packages/airflow/example_dags/example_branch_labels.py
[2024-08-16T13:32:24.375+0000] {processor.py:914} INFO - Processing file /home/airflow/.local/lib/python3.12/site-packages/airflow/example_dags/example_branch_labels.py for tasks to queue
[2024-08-16T13:32:24.378+0000] {logging_mixin.py:190} INFO - [2024-08-16T13:32:24.377+0000] {dagbag.py:587} INFO - Filling up the DagBag from /home/airflow/.local/lib/python3.12/site-packages/airflow/example_dags/example_branch_labels.py
[2024-08-16T13:32:24.388+0000] {processor.py:925} INFO - DAG(s) 'example_branch_labels' retrieved from /home/airflow/.local/lib/python3.12/site-packages/airflow/example_dags/example_branch_labels.py
[2024-08-16T13:32:24.412+0000] {logging_mixin.py:190} INFO - [2024-08-16T13:32:24.412+0000] {dag.py:3211} INFO - Sync 1 DAGs
[2024-08-16T13:32:24.441+0000] {logging_mixin.py:190} INFO - [2024-08-16T13:32:24.440+0000] {dag.py:4138} INFO - Setting next_dagrun for example_branch_labels to 2024-08-15 00:00:00+00:00, run_after=2024-08-16 00:00:00+00:00
[2024-08-16T13:32:24.461+0000] {processor.py:208} INFO - Processing /home/airflow/.local/lib/python3.12/site-packages/airflow/example_dags/example_branch_labels.py took 0.094 seconds
[2024-08-16T13:32:54.696+0000] {processor.py:186} INFO - Started process (PID=8257) to work on /home/airflow/.local/lib/python3.12/site-packages/airflow/example_dags/example_branch_labels.py
[2024-08-16T13:32:54.698+0000] {processor.py:914} INFO - Processing file /home/airflow/.local/lib/python3.12/site-packages/airflow/example_dags/example_branch_labels.py for tasks to queue
[2024-08-16T13:32:54.700+0000] {logging_mixin.py:190} INFO - [2024-08-16T13:32:54.700+0000] {dagbag.py:587} INFO - Filling up the DagBag from /home/airflow/.local/lib/python3.12/site-packages/airflow/example_dags/example_branch_labels.py
[2024-08-16T13:32:54.711+0000] {processor.py:925} INFO - DAG(s) 'example_branch_labels' retrieved from /home/airflow/.local/lib/python3.12/site-packages/airflow/example_dags/example_branch_labels.py
[2024-08-16T13:32:54.739+0000] {logging_mixin.py:190} INFO - [2024-08-16T13:32:54.738+0000] {dag.py:3211} INFO - Sync 1 DAGs
[2024-08-16T13:32:54.770+0000] {logging_mixin.py:190} INFO - [2024-08-16T13:32:54.770+0000] {dag.py:4138} INFO - Setting next_dagrun for example_branch_labels to 2024-08-15 00:00:00+00:00, run_after=2024-08-16 00:00:00+00:00
[2024-08-16T13:32:54.817+0000] {processor.py:208} INFO - Processing /home/airflow/.local/lib/python3.12/site-packages/airflow/example_dags/example_branch_labels.py took 0.128 seconds
[2024-08-16T13:33:25.092+0000] {processor.py:186} INFO - Started process (PID=8543) to work on /home/airflow/.local/lib/python3.12/site-packages/airflow/example_dags/example_branch_labels.py
[2024-08-16T13:33:25.093+0000] {processor.py:914} INFO - Processing file /home/airflow/.local/lib/python3.12/site-packages/airflow/example_dags/example_branch_labels.py for tasks to queue
[2024-08-16T13:33:25.097+0000] {logging_mixin.py:190} INFO - [2024-08-16T13:33:25.097+0000] {dagbag.py:587} INFO - Filling up the DagBag from /home/airflow/.local/lib/python3.12/site-packages/airflow/example_dags/example_branch_labels.py
[2024-08-16T13:33:25.108+0000] {processor.py:925} INFO - DAG(s) 'example_branch_labels' retrieved from /home/airflow/.local/lib/python3.12/site-packages/airflow/example_dags/example_branch_labels.py
[2024-08-16T13:33:25.132+0000] {logging_mixin.py:190} INFO - [2024-08-16T13:33:25.131+0000] {dag.py:3211} INFO - Sync 1 DAGs
[2024-08-16T13:33:25.157+0000] {logging_mixin.py:190} INFO - [2024-08-16T13:33:25.156+0000] {dag.py:4138} INFO - Setting next_dagrun for example_branch_labels to 2024-08-15 00:00:00+00:00, run_after=2024-08-16 00:00:00+00:00
[2024-08-16T13:33:25.176+0000] {processor.py:208} INFO - Processing /home/airflow/.local/lib/python3.12/site-packages/airflow/example_dags/example_branch_labels.py took 0.091 seconds
[2024-08-16T13:33:55.483+0000] {processor.py:186} INFO - Started process (PID=8829) to work on /home/airflow/.local/lib/python3.12/site-packages/airflow/example_dags/example_branch_labels.py
[2024-08-16T13:33:55.484+0000] {processor.py:914} INFO - Processing file /home/airflow/.local/lib/python3.12/site-packages/airflow/example_dags/example_branch_labels.py for tasks to queue
[2024-08-16T13:33:55.487+0000] {logging_mixin.py:190} INFO - [2024-08-16T13:33:55.486+0000] {dagbag.py:587} INFO - Filling up the DagBag from /home/airflow/.local/lib/python3.12/site-packages/airflow/example_dags/example_branch_labels.py
[2024-08-16T13:33:55.498+0000] {processor.py:925} INFO - DAG(s) 'example_branch_labels' retrieved from /home/airflow/.local/lib/python3.12/site-packages/airflow/example_dags/example_branch_labels.py
[2024-08-16T13:33:55.522+0000] {logging_mixin.py:190} INFO - [2024-08-16T13:33:55.521+0000] {dag.py:3211} INFO - Sync 1 DAGs
[2024-08-16T13:33:55.550+0000] {logging_mixin.py:190} INFO - [2024-08-16T13:33:55.550+0000] {dag.py:4138} INFO - Setting next_dagrun for example_branch_labels to 2024-08-15 00:00:00+00:00, run_after=2024-08-16 00:00:00+00:00
[2024-08-16T13:33:55.574+0000] {processor.py:208} INFO - Processing /home/airflow/.local/lib/python3.12/site-packages/airflow/example_dags/example_branch_labels.py took 0.097 seconds
[2024-08-16T13:34:25.939+0000] {processor.py:186} INFO - Started process (PID=9115) to work on /home/airflow/.local/lib/python3.12/site-packages/airflow/example_dags/example_branch_labels.py
[2024-08-16T13:34:25.940+0000] {processor.py:914} INFO - Processing file /home/airflow/.local/lib/python3.12/site-packages/airflow/example_dags/example_branch_labels.py for tasks to queue
[2024-08-16T13:34:25.943+0000] {logging_mixin.py:190} INFO - [2024-08-16T13:34:25.943+0000] {dagbag.py:587} INFO - Filling up the DagBag from /home/airflow/.local/lib/python3.12/site-packages/airflow/example_dags/example_branch_labels.py
[2024-08-16T13:34:25.953+0000] {processor.py:925} INFO - DAG(s) 'example_branch_labels' retrieved from /home/airflow/.local/lib/python3.12/site-packages/airflow/example_dags/example_branch_labels.py
[2024-08-16T13:34:25.981+0000] {logging_mixin.py:190} INFO - [2024-08-16T13:34:25.981+0000] {dag.py:3211} INFO - Sync 1 DAGs
[2024-08-16T13:34:26.015+0000] {logging_mixin.py:190} INFO - [2024-08-16T13:34:26.015+0000] {dag.py:4138} INFO - Setting next_dagrun for example_branch_labels to 2024-08-15 00:00:00+00:00, run_after=2024-08-16 00:00:00+00:00
[2024-08-16T13:34:26.038+0000] {processor.py:208} INFO - Processing /home/airflow/.local/lib/python3.12/site-packages/airflow/example_dags/example_branch_labels.py took 0.106 seconds
[2024-08-16T13:34:56.433+0000] {processor.py:186} INFO - Started process (PID=9401) to work on /home/airflow/.local/lib/python3.12/site-packages/airflow/example_dags/example_branch_labels.py
[2024-08-16T13:34:56.435+0000] {processor.py:914} INFO - Processing file /home/airflow/.local/lib/python3.12/site-packages/airflow/example_dags/example_branch_labels.py for tasks to queue
[2024-08-16T13:34:56.442+0000] {logging_mixin.py:190} INFO - [2024-08-16T13:34:56.441+0000] {dagbag.py:587} INFO - Filling up the DagBag from /home/airflow/.local/lib/python3.12/site-packages/airflow/example_dags/example_branch_labels.py
[2024-08-16T13:34:56.459+0000] {processor.py:925} INFO - DAG(s) 'example_branch_labels' retrieved from /home/airflow/.local/lib/python3.12/site-packages/airflow/example_dags/example_branch_labels.py
[2024-08-16T13:34:56.485+0000] {logging_mixin.py:190} INFO - [2024-08-16T13:34:56.485+0000] {dag.py:3211} INFO - Sync 1 DAGs
[2024-08-16T13:34:56.518+0000] {logging_mixin.py:190} INFO - [2024-08-16T13:34:56.518+0000] {dag.py:4138} INFO - Setting next_dagrun for example_branch_labels to 2024-08-15 00:00:00+00:00, run_after=2024-08-16 00:00:00+00:00
[2024-08-16T13:34:56.539+0000] {processor.py:208} INFO - Processing /home/airflow/.local/lib/python3.12/site-packages/airflow/example_dags/example_branch_labels.py took 0.113 seconds
[2024-08-16T13:35:26.832+0000] {processor.py:186} INFO - Started process (PID=9687) to work on /home/airflow/.local/lib/python3.12/site-packages/airflow/example_dags/example_branch_labels.py
[2024-08-16T13:35:26.833+0000] {processor.py:914} INFO - Processing file /home/airflow/.local/lib/python3.12/site-packages/airflow/example_dags/example_branch_labels.py for tasks to queue
[2024-08-16T13:35:26.836+0000] {logging_mixin.py:190} INFO - [2024-08-16T13:35:26.836+0000] {dagbag.py:587} INFO - Filling up the DagBag from /home/airflow/.local/lib/python3.12/site-packages/airflow/example_dags/example_branch_labels.py
[2024-08-16T13:35:26.847+0000] {processor.py:925} INFO - DAG(s) 'example_branch_labels' retrieved from /home/airflow/.local/lib/python3.12/site-packages/airflow/example_dags/example_branch_labels.py
[2024-08-16T13:35:26.876+0000] {logging_mixin.py:190} INFO - [2024-08-16T13:35:26.876+0000] {dag.py:3211} INFO - Sync 1 DAGs
[2024-08-16T13:35:26.910+0000] {logging_mixin.py:190} INFO - [2024-08-16T13:35:26.910+0000] {dag.py:4138} INFO - Setting next_dagrun for example_branch_labels to 2024-08-15 00:00:00+00:00, run_after=2024-08-16 00:00:00+00:00
[2024-08-16T13:35:26.935+0000] {processor.py:208} INFO - Processing /home/airflow/.local/lib/python3.12/site-packages/airflow/example_dags/example_branch_labels.py took 0.109 seconds
[2024-08-16T13:35:57.503+0000] {processor.py:186} INFO - Started process (PID=9973) to work on /home/airflow/.local/lib/python3.12/site-packages/airflow/example_dags/example_branch_labels.py
[2024-08-16T13:35:57.504+0000] {processor.py:914} INFO - Processing file /home/airflow/.local/lib/python3.12/site-packages/airflow/example_dags/example_branch_labels.py for tasks to queue
[2024-08-16T13:35:57.507+0000] {logging_mixin.py:190} INFO - [2024-08-16T13:35:57.506+0000] {dagbag.py:587} INFO - Filling up the DagBag from /home/airflow/.local/lib/python3.12/site-packages/airflow/example_dags/example_branch_labels.py
[2024-08-16T13:35:57.517+0000] {processor.py:925} INFO - DAG(s) 'example_branch_labels' retrieved from /home/airflow/.local/lib/python3.12/site-packages/airflow/example_dags/example_branch_labels.py
[2024-08-16T13:35:57.540+0000] {logging_mixin.py:190} INFO - [2024-08-16T13:35:57.540+0000] {dag.py:3211} INFO - Sync 1 DAGs
[2024-08-16T13:35:57.569+0000] {logging_mixin.py:190} INFO - [2024-08-16T13:35:57.569+0000] {dag.py:4138} INFO - Setting next_dagrun for example_branch_labels to 2024-08-15 00:00:00+00:00, run_after=2024-08-16 00:00:00+00:00
[2024-08-16T13:35:57.588+0000] {processor.py:208} INFO - Processing /home/airflow/.local/lib/python3.12/site-packages/airflow/example_dags/example_branch_labels.py took 0.092 seconds
[2024-08-16T13:36:27.951+0000] {processor.py:186} INFO - Started process (PID=10259) to work on /home/airflow/.local/lib/python3.12/site-packages/airflow/example_dags/example_branch_labels.py
[2024-08-16T13:36:27.952+0000] {processor.py:914} INFO - Processing file /home/airflow/.local/lib/python3.12/site-packages/airflow/example_dags/example_branch_labels.py for tasks to queue
[2024-08-16T13:36:27.954+0000] {logging_mixin.py:190} INFO - [2024-08-16T13:36:27.954+0000] {dagbag.py:587} INFO - Filling up the DagBag from /home/airflow/.local/lib/python3.12/site-packages/airflow/example_dags/example_branch_labels.py
[2024-08-16T13:36:27.965+0000] {processor.py:925} INFO - DAG(s) 'example_branch_labels' retrieved from /home/airflow/.local/lib/python3.12/site-packages/airflow/example_dags/example_branch_labels.py
[2024-08-16T13:36:27.989+0000] {logging_mixin.py:190} INFO - [2024-08-16T13:36:27.988+0000] {dag.py:3211} INFO - Sync 1 DAGs
[2024-08-16T13:36:28.013+0000] {logging_mixin.py:190} INFO - [2024-08-16T13:36:28.013+0000] {dag.py:4138} INFO - Setting next_dagrun for example_branch_labels to 2024-08-15 00:00:00+00:00, run_after=2024-08-16 00:00:00+00:00
[2024-08-16T13:36:28.034+0000] {processor.py:208} INFO - Processing /home/airflow/.local/lib/python3.12/site-packages/airflow/example_dags/example_branch_labels.py took 0.091 seconds
[2024-08-16T13:36:58.374+0000] {processor.py:186} INFO - Started process (PID=10545) to work on /home/airflow/.local/lib/python3.12/site-packages/airflow/example_dags/example_branch_labels.py
[2024-08-16T13:36:58.375+0000] {processor.py:914} INFO - Processing file /home/airflow/.local/lib/python3.12/site-packages/airflow/example_dags/example_branch_labels.py for tasks to queue
[2024-08-16T13:36:58.377+0000] {logging_mixin.py:190} INFO - [2024-08-16T13:36:58.377+0000] {dagbag.py:587} INFO - Filling up the DagBag from /home/airflow/.local/lib/python3.12/site-packages/airflow/example_dags/example_branch_labels.py
[2024-08-16T13:36:58.387+0000] {processor.py:925} INFO - DAG(s) 'example_branch_labels' retrieved from /home/airflow/.local/lib/python3.12/site-packages/airflow/example_dags/example_branch_labels.py
[2024-08-16T13:36:58.411+0000] {logging_mixin.py:190} INFO - [2024-08-16T13:36:58.411+0000] {dag.py:3211} INFO - Sync 1 DAGs
[2024-08-16T13:36:58.439+0000] {logging_mixin.py:190} INFO - [2024-08-16T13:36:58.439+0000] {dag.py:4138} INFO - Setting next_dagrun for example_branch_labels to 2024-08-15 00:00:00+00:00, run_after=2024-08-16 00:00:00+00:00
[2024-08-16T13:36:58.457+0000] {processor.py:208} INFO - Processing /home/airflow/.local/lib/python3.12/site-packages/airflow/example_dags/example_branch_labels.py took 0.089 seconds
[2024-08-16T13:37:28.654+0000] {processor.py:186} INFO - Started process (PID=10832) to work on /home/airflow/.local/lib/python3.12/site-packages/airflow/example_dags/example_branch_labels.py
[2024-08-16T13:37:28.655+0000] {processor.py:914} INFO - Processing file /home/airflow/.local/lib/python3.12/site-packages/airflow/example_dags/example_branch_labels.py for tasks to queue
[2024-08-16T13:37:28.660+0000] {logging_mixin.py:190} INFO - [2024-08-16T13:37:28.659+0000] {dagbag.py:587} INFO - Filling up the DagBag from /home/airflow/.local/lib/python3.12/site-packages/airflow/example_dags/example_branch_labels.py
[2024-08-16T13:37:28.673+0000] {processor.py:925} INFO - DAG(s) 'example_branch_labels' retrieved from /home/airflow/.local/lib/python3.12/site-packages/airflow/example_dags/example_branch_labels.py
[2024-08-16T13:37:28.699+0000] {logging_mixin.py:190} INFO - [2024-08-16T13:37:28.699+0000] {dag.py:3211} INFO - Sync 1 DAGs
[2024-08-16T13:37:28.728+0000] {logging_mixin.py:190} INFO - [2024-08-16T13:37:28.727+0000] {dag.py:4138} INFO - Setting next_dagrun for example_branch_labels to 2024-08-15 00:00:00+00:00, run_after=2024-08-16 00:00:00+00:00
[2024-08-16T13:37:28.748+0000] {processor.py:208} INFO - Processing /home/airflow/.local/lib/python3.12/site-packages/airflow/example_dags/example_branch_labels.py took 0.102 seconds
[2024-08-16T13:37:59.012+0000] {processor.py:186} INFO - Started process (PID=11118) to work on /home/airflow/.local/lib/python3.12/site-packages/airflow/example_dags/example_branch_labels.py
[2024-08-16T13:37:59.014+0000] {processor.py:914} INFO - Processing file /home/airflow/.local/lib/python3.12/site-packages/airflow/example_dags/example_branch_labels.py for tasks to queue
[2024-08-16T13:37:59.016+0000] {logging_mixin.py:190} INFO - [2024-08-16T13:37:59.016+0000] {dagbag.py:587} INFO - Filling up the DagBag from /home/airflow/.local/lib/python3.12/site-packages/airflow/example_dags/example_branch_labels.py
[2024-08-16T13:37:59.027+0000] {processor.py:925} INFO - DAG(s) 'example_branch_labels' retrieved from /home/airflow/.local/lib/python3.12/site-packages/airflow/example_dags/example_branch_labels.py
[2024-08-16T13:37:59.052+0000] {logging_mixin.py:190} INFO - [2024-08-16T13:37:59.052+0000] {dag.py:3211} INFO - Sync 1 DAGs
[2024-08-16T13:37:59.090+0000] {logging_mixin.py:190} INFO - [2024-08-16T13:37:59.089+0000] {dag.py:4138} INFO - Setting next_dagrun for example_branch_labels to 2024-08-15 00:00:00+00:00, run_after=2024-08-16 00:00:00+00:00
[2024-08-16T13:37:59.113+0000] {processor.py:208} INFO - Processing /home/airflow/.local/lib/python3.12/site-packages/airflow/example_dags/example_branch_labels.py took 0.107 seconds
[2024-08-16T13:38:29.481+0000] {processor.py:186} INFO - Started process (PID=11404) to work on /home/airflow/.local/lib/python3.12/site-packages/airflow/example_dags/example_branch_labels.py
[2024-08-16T13:38:29.482+0000] {processor.py:914} INFO - Processing file /home/airflow/.local/lib/python3.12/site-packages/airflow/example_dags/example_branch_labels.py for tasks to queue
[2024-08-16T13:38:29.485+0000] {logging_mixin.py:190} INFO - [2024-08-16T13:38:29.484+0000] {dagbag.py:587} INFO - Filling up the DagBag from /home/airflow/.local/lib/python3.12/site-packages/airflow/example_dags/example_branch_labels.py
[2024-08-16T13:38:29.498+0000] {processor.py:925} INFO - DAG(s) 'example_branch_labels' retrieved from /home/airflow/.local/lib/python3.12/site-packages/airflow/example_dags/example_branch_labels.py
[2024-08-16T13:38:29.521+0000] {logging_mixin.py:190} INFO - [2024-08-16T13:38:29.521+0000] {dag.py:3211} INFO - Sync 1 DAGs
[2024-08-16T13:38:29.546+0000] {logging_mixin.py:190} INFO - [2024-08-16T13:38:29.546+0000] {dag.py:4138} INFO - Setting next_dagrun for example_branch_labels to 2024-08-15 00:00:00+00:00, run_after=2024-08-16 00:00:00+00:00
[2024-08-16T13:38:29.567+0000] {processor.py:208} INFO - Processing /home/airflow/.local/lib/python3.12/site-packages/airflow/example_dags/example_branch_labels.py took 0.093 seconds
[2024-08-16T13:38:59.854+0000] {processor.py:186} INFO - Started process (PID=11690) to work on /home/airflow/.local/lib/python3.12/site-packages/airflow/example_dags/example_branch_labels.py
[2024-08-16T13:38:59.855+0000] {processor.py:914} INFO - Processing file /home/airflow/.local/lib/python3.12/site-packages/airflow/example_dags/example_branch_labels.py for tasks to queue
[2024-08-16T13:38:59.858+0000] {logging_mixin.py:190} INFO - [2024-08-16T13:38:59.857+0000] {dagbag.py:587} INFO - Filling up the DagBag from /home/airflow/.local/lib/python3.12/site-packages/airflow/example_dags/example_branch_labels.py
[2024-08-16T13:38:59.868+0000] {processor.py:925} INFO - DAG(s) 'example_branch_labels' retrieved from /home/airflow/.local/lib/python3.12/site-packages/airflow/example_dags/example_branch_labels.py
[2024-08-16T13:38:59.892+0000] {logging_mixin.py:190} INFO - [2024-08-16T13:38:59.891+0000] {dag.py:3211} INFO - Sync 1 DAGs
[2024-08-16T13:38:59.919+0000] {logging_mixin.py:190} INFO - [2024-08-16T13:38:59.918+0000] {dag.py:4138} INFO - Setting next_dagrun for example_branch_labels to 2024-08-15 00:00:00+00:00, run_after=2024-08-16 00:00:00+00:00
[2024-08-16T13:38:59.938+0000] {processor.py:208} INFO - Processing /home/airflow/.local/lib/python3.12/site-packages/airflow/example_dags/example_branch_labels.py took 0.090 seconds
[2024-08-16T13:39:30.187+0000] {processor.py:186} INFO - Started process (PID=11976) to work on /home/airflow/.local/lib/python3.12/site-packages/airflow/example_dags/example_branch_labels.py
[2024-08-16T13:39:30.189+0000] {processor.py:914} INFO - Processing file /home/airflow/.local/lib/python3.12/site-packages/airflow/example_dags/example_branch_labels.py for tasks to queue
[2024-08-16T13:39:30.191+0000] {logging_mixin.py:190} INFO - [2024-08-16T13:39:30.191+0000] {dagbag.py:587} INFO - Filling up the DagBag from /home/airflow/.local/lib/python3.12/site-packages/airflow/example_dags/example_branch_labels.py
[2024-08-16T13:39:30.203+0000] {processor.py:925} INFO - DAG(s) 'example_branch_labels' retrieved from /home/airflow/.local/lib/python3.12/site-packages/airflow/example_dags/example_branch_labels.py
[2024-08-16T13:39:30.229+0000] {logging_mixin.py:190} INFO - [2024-08-16T13:39:30.229+0000] {dag.py:3211} INFO - Sync 1 DAGs
[2024-08-16T13:39:30.261+0000] {logging_mixin.py:190} INFO - [2024-08-16T13:39:30.261+0000] {dag.py:4138} INFO - Setting next_dagrun for example_branch_labels to 2024-08-15 00:00:00+00:00, run_after=2024-08-16 00:00:00+00:00
[2024-08-16T13:39:30.287+0000] {processor.py:208} INFO - Processing /home/airflow/.local/lib/python3.12/site-packages/airflow/example_dags/example_branch_labels.py took 0.107 seconds
[2024-08-16T13:40:01.147+0000] {processor.py:186} INFO - Started process (PID=12262) to work on /home/airflow/.local/lib/python3.12/site-packages/airflow/example_dags/example_branch_labels.py
[2024-08-16T13:40:01.149+0000] {processor.py:914} INFO - Processing file /home/airflow/.local/lib/python3.12/site-packages/airflow/example_dags/example_branch_labels.py for tasks to queue
[2024-08-16T13:40:01.151+0000] {logging_mixin.py:190} INFO - [2024-08-16T13:40:01.151+0000] {dagbag.py:587} INFO - Filling up the DagBag from /home/airflow/.local/lib/python3.12/site-packages/airflow/example_dags/example_branch_labels.py
[2024-08-16T13:40:01.162+0000] {processor.py:925} INFO - DAG(s) 'example_branch_labels' retrieved from /home/airflow/.local/lib/python3.12/site-packages/airflow/example_dags/example_branch_labels.py
[2024-08-16T13:40:01.189+0000] {logging_mixin.py:190} INFO - [2024-08-16T13:40:01.188+0000] {dag.py:3211} INFO - Sync 1 DAGs
[2024-08-16T13:40:01.220+0000] {logging_mixin.py:190} INFO - [2024-08-16T13:40:01.220+0000] {dag.py:4138} INFO - Setting next_dagrun for example_branch_labels to 2024-08-15 00:00:00+00:00, run_after=2024-08-16 00:00:00+00:00
[2024-08-16T13:40:01.239+0000] {processor.py:208} INFO - Processing /home/airflow/.local/lib/python3.12/site-packages/airflow/example_dags/example_branch_labels.py took 0.099 seconds
[2024-08-16T13:40:31.726+0000] {processor.py:186} INFO - Started process (PID=12548) to work on /home/airflow/.local/lib/python3.12/site-packages/airflow/example_dags/example_branch_labels.py
[2024-08-16T13:40:31.727+0000] {processor.py:914} INFO - Processing file /home/airflow/.local/lib/python3.12/site-packages/airflow/example_dags/example_branch_labels.py for tasks to queue
[2024-08-16T13:40:31.731+0000] {logging_mixin.py:190} INFO - [2024-08-16T13:40:31.730+0000] {dagbag.py:587} INFO - Filling up the DagBag from /home/airflow/.local/lib/python3.12/site-packages/airflow/example_dags/example_branch_labels.py
[2024-08-16T13:40:31.741+0000] {processor.py:925} INFO - DAG(s) 'example_branch_labels' retrieved from /home/airflow/.local/lib/python3.12/site-packages/airflow/example_dags/example_branch_labels.py
[2024-08-16T13:40:31.766+0000] {logging_mixin.py:190} INFO - [2024-08-16T13:40:31.766+0000] {dag.py:3211} INFO - Sync 1 DAGs
[2024-08-16T13:40:31.795+0000] {logging_mixin.py:190} INFO - [2024-08-16T13:40:31.795+0000] {dag.py:4138} INFO - Setting next_dagrun for example_branch_labels to 2024-08-15 00:00:00+00:00, run_after=2024-08-16 00:00:00+00:00
[2024-08-16T13:40:31.814+0000] {processor.py:208} INFO - Processing /home/airflow/.local/lib/python3.12/site-packages/airflow/example_dags/example_branch_labels.py took 0.094 seconds
[2024-08-16T13:41:02.508+0000] {processor.py:186} INFO - Started process (PID=12834) to work on /home/airflow/.local/lib/python3.12/site-packages/airflow/example_dags/example_branch_labels.py
[2024-08-16T13:41:02.510+0000] {processor.py:914} INFO - Processing file /home/airflow/.local/lib/python3.12/site-packages/airflow/example_dags/example_branch_labels.py for tasks to queue
[2024-08-16T13:41:02.514+0000] {logging_mixin.py:190} INFO - [2024-08-16T13:41:02.514+0000] {dagbag.py:587} INFO - Filling up the DagBag from /home/airflow/.local/lib/python3.12/site-packages/airflow/example_dags/example_branch_labels.py
[2024-08-16T13:41:02.529+0000] {processor.py:925} INFO - DAG(s) 'example_branch_labels' retrieved from /home/airflow/.local/lib/python3.12/site-packages/airflow/example_dags/example_branch_labels.py
[2024-08-16T13:41:02.555+0000] {logging_mixin.py:190} INFO - [2024-08-16T13:41:02.555+0000] {dag.py:3211} INFO - Sync 1 DAGs
[2024-08-16T13:41:02.591+0000] {logging_mixin.py:190} INFO - [2024-08-16T13:41:02.591+0000] {dag.py:4138} INFO - Setting next_dagrun for example_branch_labels to 2024-08-15 00:00:00+00:00, run_after=2024-08-16 00:00:00+00:00
[2024-08-16T13:41:02.617+0000] {processor.py:208} INFO - Processing /home/airflow/.local/lib/python3.12/site-packages/airflow/example_dags/example_branch_labels.py took 0.115 seconds
[2024-08-16T13:41:33.072+0000] {processor.py:186} INFO - Started process (PID=13120) to work on /home/airflow/.local/lib/python3.12/site-packages/airflow/example_dags/example_branch_labels.py
[2024-08-16T13:41:33.074+0000] {processor.py:914} INFO - Processing file /home/airflow/.local/lib/python3.12/site-packages/airflow/example_dags/example_branch_labels.py for tasks to queue
[2024-08-16T13:41:33.078+0000] {logging_mixin.py:190} INFO - [2024-08-16T13:41:33.077+0000] {dagbag.py:587} INFO - Filling up the DagBag from /home/airflow/.local/lib/python3.12/site-packages/airflow/example_dags/example_branch_labels.py
[2024-08-16T13:41:33.094+0000] {processor.py:925} INFO - DAG(s) 'example_branch_labels' retrieved from /home/airflow/.local/lib/python3.12/site-packages/airflow/example_dags/example_branch_labels.py
[2024-08-16T13:41:33.124+0000] {logging_mixin.py:190} INFO - [2024-08-16T13:41:33.123+0000] {dag.py:3211} INFO - Sync 1 DAGs
[2024-08-16T13:41:33.152+0000] {logging_mixin.py:190} INFO - [2024-08-16T13:41:33.152+0000] {dag.py:4138} INFO - Setting next_dagrun for example_branch_labels to 2024-08-15 00:00:00+00:00, run_after=2024-08-16 00:00:00+00:00
[2024-08-16T13:41:33.171+0000] {processor.py:208} INFO - Processing /home/airflow/.local/lib/python3.12/site-packages/airflow/example_dags/example_branch_labels.py took 0.105 seconds
[2024-08-16T13:42:03.742+0000] {processor.py:186} INFO - Started process (PID=13406) to work on /home/airflow/.local/lib/python3.12/site-packages/airflow/example_dags/example_branch_labels.py
[2024-08-16T13:42:03.743+0000] {processor.py:914} INFO - Processing file /home/airflow/.local/lib/python3.12/site-packages/airflow/example_dags/example_branch_labels.py for tasks to queue
[2024-08-16T13:42:03.745+0000] {logging_mixin.py:190} INFO - [2024-08-16T13:42:03.745+0000] {dagbag.py:587} INFO - Filling up the DagBag from /home/airflow/.local/lib/python3.12/site-packages/airflow/example_dags/example_branch_labels.py
[2024-08-16T13:42:03.755+0000] {processor.py:925} INFO - DAG(s) 'example_branch_labels' retrieved from /home/airflow/.local/lib/python3.12/site-packages/airflow/example_dags/example_branch_labels.py
[2024-08-16T13:42:03.780+0000] {logging_mixin.py:190} INFO - [2024-08-16T13:42:03.780+0000] {dag.py:3211} INFO - Sync 1 DAGs
[2024-08-16T13:42:03.807+0000] {logging_mixin.py:190} INFO - [2024-08-16T13:42:03.807+0000] {dag.py:4138} INFO - Setting next_dagrun for example_branch_labels to 2024-08-15 00:00:00+00:00, run_after=2024-08-16 00:00:00+00:00
[2024-08-16T13:42:03.830+0000] {processor.py:208} INFO - Processing /home/airflow/.local/lib/python3.12/site-packages/airflow/example_dags/example_branch_labels.py took 0.096 seconds
[2024-08-16T13:42:34.733+0000] {processor.py:186} INFO - Started process (PID=13692) to work on /home/airflow/.local/lib/python3.12/site-packages/airflow/example_dags/example_branch_labels.py
[2024-08-16T13:42:34.735+0000] {processor.py:914} INFO - Processing file /home/airflow/.local/lib/python3.12/site-packages/airflow/example_dags/example_branch_labels.py for tasks to queue
[2024-08-16T13:42:34.738+0000] {logging_mixin.py:190} INFO - [2024-08-16T13:42:34.737+0000] {dagbag.py:587} INFO - Filling up the DagBag from /home/airflow/.local/lib/python3.12/site-packages/airflow/example_dags/example_branch_labels.py
[2024-08-16T13:42:34.747+0000] {processor.py:925} INFO - DAG(s) 'example_branch_labels' retrieved from /home/airflow/.local/lib/python3.12/site-packages/airflow/example_dags/example_branch_labels.py
[2024-08-16T13:42:34.770+0000] {logging_mixin.py:190} INFO - [2024-08-16T13:42:34.770+0000] {dag.py:3211} INFO - Sync 1 DAGs
[2024-08-16T13:42:34.795+0000] {logging_mixin.py:190} INFO - [2024-08-16T13:42:34.795+0000] {dag.py:4138} INFO - Setting next_dagrun for example_branch_labels to 2024-08-15 00:00:00+00:00, run_after=2024-08-16 00:00:00+00:00
[2024-08-16T13:42:34.817+0000] {processor.py:208} INFO - Processing /home/airflow/.local/lib/python3.12/site-packages/airflow/example_dags/example_branch_labels.py took 0.090 seconds
[2024-08-16T13:43:05.667+0000] {processor.py:186} INFO - Started process (PID=13978) to work on /home/airflow/.local/lib/python3.12/site-packages/airflow/example_dags/example_branch_labels.py
[2024-08-16T13:43:05.668+0000] {processor.py:914} INFO - Processing file /home/airflow/.local/lib/python3.12/site-packages/airflow/example_dags/example_branch_labels.py for tasks to queue
[2024-08-16T13:43:05.671+0000] {logging_mixin.py:190} INFO - [2024-08-16T13:43:05.671+0000] {dagbag.py:587} INFO - Filling up the DagBag from /home/airflow/.local/lib/python3.12/site-packages/airflow/example_dags/example_branch_labels.py
[2024-08-16T13:43:05.681+0000] {processor.py:925} INFO - DAG(s) 'example_branch_labels' retrieved from /home/airflow/.local/lib/python3.12/site-packages/airflow/example_dags/example_branch_labels.py
[2024-08-16T13:43:05.705+0000] {logging_mixin.py:190} INFO - [2024-08-16T13:43:05.705+0000] {dag.py:3211} INFO - Sync 1 DAGs
[2024-08-16T13:43:05.730+0000] {logging_mixin.py:190} INFO - [2024-08-16T13:43:05.730+0000] {dag.py:4138} INFO - Setting next_dagrun for example_branch_labels to 2024-08-15 00:00:00+00:00, run_after=2024-08-16 00:00:00+00:00
[2024-08-16T13:43:05.749+0000] {processor.py:208} INFO - Processing /home/airflow/.local/lib/python3.12/site-packages/airflow/example_dags/example_branch_labels.py took 0.089 seconds
[2024-08-16T13:43:36.208+0000] {processor.py:186} INFO - Started process (PID=14264) to work on /home/airflow/.local/lib/python3.12/site-packages/airflow/example_dags/example_branch_labels.py
[2024-08-16T13:43:36.210+0000] {processor.py:914} INFO - Processing file /home/airflow/.local/lib/python3.12/site-packages/airflow/example_dags/example_branch_labels.py for tasks to queue
[2024-08-16T13:43:36.212+0000] {logging_mixin.py:190} INFO - [2024-08-16T13:43:36.212+0000] {dagbag.py:587} INFO - Filling up the DagBag from /home/airflow/.local/lib/python3.12/site-packages/airflow/example_dags/example_branch_labels.py
[2024-08-16T13:43:36.222+0000] {processor.py:925} INFO - DAG(s) 'example_branch_labels' retrieved from /home/airflow/.local/lib/python3.12/site-packages/airflow/example_dags/example_branch_labels.py
[2024-08-16T13:43:36.250+0000] {logging_mixin.py:190} INFO - [2024-08-16T13:43:36.249+0000] {dag.py:3211} INFO - Sync 1 DAGs
[2024-08-16T13:43:36.277+0000] {logging_mixin.py:190} INFO - [2024-08-16T13:43:36.277+0000] {dag.py:4138} INFO - Setting next_dagrun for example_branch_labels to 2024-08-15 00:00:00+00:00, run_after=2024-08-16 00:00:00+00:00
[2024-08-16T13:43:36.297+0000] {processor.py:208} INFO - Processing /home/airflow/.local/lib/python3.12/site-packages/airflow/example_dags/example_branch_labels.py took 0.094 seconds
[2024-08-16T13:44:06.905+0000] {processor.py:186} INFO - Started process (PID=14550) to work on /home/airflow/.local/lib/python3.12/site-packages/airflow/example_dags/example_branch_labels.py
[2024-08-16T13:44:06.907+0000] {processor.py:914} INFO - Processing file /home/airflow/.local/lib/python3.12/site-packages/airflow/example_dags/example_branch_labels.py for tasks to queue
[2024-08-16T13:44:06.909+0000] {logging_mixin.py:190} INFO - [2024-08-16T13:44:06.909+0000] {dagbag.py:587} INFO - Filling up the DagBag from /home/airflow/.local/lib/python3.12/site-packages/airflow/example_dags/example_branch_labels.py
[2024-08-16T13:44:06.924+0000] {processor.py:925} INFO - DAG(s) 'example_branch_labels' retrieved from /home/airflow/.local/lib/python3.12/site-packages/airflow/example_dags/example_branch_labels.py
[2024-08-16T13:44:06.959+0000] {logging_mixin.py:190} INFO - [2024-08-16T13:44:06.958+0000] {dag.py:3211} INFO - Sync 1 DAGs
[2024-08-16T13:44:06.989+0000] {logging_mixin.py:190} INFO - [2024-08-16T13:44:06.988+0000] {dag.py:4138} INFO - Setting next_dagrun for example_branch_labels to 2024-08-15 00:00:00+00:00, run_after=2024-08-16 00:00:00+00:00
[2024-08-16T13:44:07.012+0000] {processor.py:208} INFO - Processing /home/airflow/.local/lib/python3.12/site-packages/airflow/example_dags/example_branch_labels.py took 0.117 seconds
[2024-08-16T13:44:37.454+0000] {processor.py:186} INFO - Started process (PID=14836) to work on /home/airflow/.local/lib/python3.12/site-packages/airflow/example_dags/example_branch_labels.py
[2024-08-16T13:44:37.455+0000] {processor.py:914} INFO - Processing file /home/airflow/.local/lib/python3.12/site-packages/airflow/example_dags/example_branch_labels.py for tasks to queue
[2024-08-16T13:44:37.459+0000] {logging_mixin.py:190} INFO - [2024-08-16T13:44:37.458+0000] {dagbag.py:587} INFO - Filling up the DagBag from /home/airflow/.local/lib/python3.12/site-packages/airflow/example_dags/example_branch_labels.py
[2024-08-16T13:44:37.474+0000] {processor.py:925} INFO - DAG(s) 'example_branch_labels' retrieved from /home/airflow/.local/lib/python3.12/site-packages/airflow/example_dags/example_branch_labels.py
[2024-08-16T13:44:37.500+0000] {logging_mixin.py:190} INFO - [2024-08-16T13:44:37.500+0000] {dag.py:3211} INFO - Sync 1 DAGs
[2024-08-16T13:44:37.526+0000] {logging_mixin.py:190} INFO - [2024-08-16T13:44:37.525+0000] {dag.py:4138} INFO - Setting next_dagrun for example_branch_labels to 2024-08-15 00:00:00+00:00, run_after=2024-08-16 00:00:00+00:00
[2024-08-16T13:44:37.545+0000] {processor.py:208} INFO - Processing /home/airflow/.local/lib/python3.12/site-packages/airflow/example_dags/example_branch_labels.py took 0.098 seconds
[2024-08-16T13:45:07.995+0000] {processor.py:186} INFO - Started process (PID=15122) to work on /home/airflow/.local/lib/python3.12/site-packages/airflow/example_dags/example_branch_labels.py
[2024-08-16T13:45:07.997+0000] {processor.py:914} INFO - Processing file /home/airflow/.local/lib/python3.12/site-packages/airflow/example_dags/example_branch_labels.py for tasks to queue
[2024-08-16T13:45:07.999+0000] {logging_mixin.py:190} INFO - [2024-08-16T13:45:07.999+0000] {dagbag.py:587} INFO - Filling up the DagBag from /home/airflow/.local/lib/python3.12/site-packages/airflow/example_dags/example_branch_labels.py
[2024-08-16T13:45:08.012+0000] {processor.py:925} INFO - DAG(s) 'example_branch_labels' retrieved from /home/airflow/.local/lib/python3.12/site-packages/airflow/example_dags/example_branch_labels.py
[2024-08-16T13:45:08.036+0000] {logging_mixin.py:190} INFO - [2024-08-16T13:45:08.036+0000] {dag.py:3211} INFO - Sync 1 DAGs
[2024-08-16T13:45:08.064+0000] {logging_mixin.py:190} INFO - [2024-08-16T13:45:08.064+0000] {dag.py:4138} INFO - Setting next_dagrun for example_branch_labels to 2024-08-15 00:00:00+00:00, run_after=2024-08-16 00:00:00+00:00
[2024-08-16T13:45:08.086+0000] {processor.py:208} INFO - Processing /home/airflow/.local/lib/python3.12/site-packages/airflow/example_dags/example_branch_labels.py took 0.097 seconds
[2024-08-16T13:45:38.829+0000] {processor.py:186} INFO - Started process (PID=15408) to work on /home/airflow/.local/lib/python3.12/site-packages/airflow/example_dags/example_branch_labels.py
[2024-08-16T13:45:38.831+0000] {processor.py:914} INFO - Processing file /home/airflow/.local/lib/python3.12/site-packages/airflow/example_dags/example_branch_labels.py for tasks to queue
[2024-08-16T13:45:38.833+0000] {logging_mixin.py:190} INFO - [2024-08-16T13:45:38.833+0000] {dagbag.py:587} INFO - Filling up the DagBag from /home/airflow/.local/lib/python3.12/site-packages/airflow/example_dags/example_branch_labels.py
[2024-08-16T13:45:38.846+0000] {processor.py:925} INFO - DAG(s) 'example_branch_labels' retrieved from /home/airflow/.local/lib/python3.12/site-packages/airflow/example_dags/example_branch_labels.py
[2024-08-16T13:45:38.878+0000] {logging_mixin.py:190} INFO - [2024-08-16T13:45:38.878+0000] {dag.py:3211} INFO - Sync 1 DAGs
[2024-08-16T13:45:38.912+0000] {logging_mixin.py:190} INFO - [2024-08-16T13:45:38.912+0000] {dag.py:4138} INFO - Setting next_dagrun for example_branch_labels to 2024-08-15 00:00:00+00:00, run_after=2024-08-16 00:00:00+00:00
[2024-08-16T13:45:38.935+0000] {processor.py:208} INFO - Processing /home/airflow/.local/lib/python3.12/site-packages/airflow/example_dags/example_branch_labels.py took 0.115 seconds
[2024-08-16T13:46:09.857+0000] {processor.py:186} INFO - Started process (PID=15694) to work on /home/airflow/.local/lib/python3.12/site-packages/airflow/example_dags/example_branch_labels.py
[2024-08-16T13:46:09.858+0000] {processor.py:914} INFO - Processing file /home/airflow/.local/lib/python3.12/site-packages/airflow/example_dags/example_branch_labels.py for tasks to queue
[2024-08-16T13:46:09.861+0000] {logging_mixin.py:190} INFO - [2024-08-16T13:46:09.860+0000] {dagbag.py:587} INFO - Filling up the DagBag from /home/airflow/.local/lib/python3.12/site-packages/airflow/example_dags/example_branch_labels.py
[2024-08-16T13:46:09.871+0000] {processor.py:925} INFO - DAG(s) 'example_branch_labels' retrieved from /home/airflow/.local/lib/python3.12/site-packages/airflow/example_dags/example_branch_labels.py
[2024-08-16T13:46:09.897+0000] {logging_mixin.py:190} INFO - [2024-08-16T13:46:09.897+0000] {dag.py:3211} INFO - Sync 1 DAGs
[2024-08-16T13:46:09.926+0000] {logging_mixin.py:190} INFO - [2024-08-16T13:46:09.926+0000] {dag.py:4138} INFO - Setting next_dagrun for example_branch_labels to 2024-08-15 00:00:00+00:00, run_after=2024-08-16 00:00:00+00:00
[2024-08-16T13:46:09.945+0000] {processor.py:208} INFO - Processing /home/airflow/.local/lib/python3.12/site-packages/airflow/example_dags/example_branch_labels.py took 0.095 seconds
[2024-08-16T13:46:40.469+0000] {processor.py:186} INFO - Started process (PID=15980) to work on /home/airflow/.local/lib/python3.12/site-packages/airflow/example_dags/example_branch_labels.py
[2024-08-16T13:46:40.485+0000] {processor.py:914} INFO - Processing file /home/airflow/.local/lib/python3.12/site-packages/airflow/example_dags/example_branch_labels.py for tasks to queue
[2024-08-16T13:46:40.490+0000] {logging_mixin.py:190} INFO - [2024-08-16T13:46:40.490+0000] {dagbag.py:587} INFO - Filling up the DagBag from /home/airflow/.local/lib/python3.12/site-packages/airflow/example_dags/example_branch_labels.py
[2024-08-16T13:46:40.550+0000] {processor.py:925} INFO - DAG(s) 'example_branch_labels' retrieved from /home/airflow/.local/lib/python3.12/site-packages/airflow/example_dags/example_branch_labels.py
[2024-08-16T13:46:40.649+0000] {logging_mixin.py:190} INFO - [2024-08-16T13:46:40.649+0000] {dag.py:3211} INFO - Sync 1 DAGs
[2024-08-16T13:46:40.729+0000] {logging_mixin.py:190} INFO - [2024-08-16T13:46:40.729+0000] {dag.py:4138} INFO - Setting next_dagrun for example_branch_labels to 2024-08-15 00:00:00+00:00, run_after=2024-08-16 00:00:00+00:00
[2024-08-16T13:46:40.774+0000] {processor.py:208} INFO - Processing /home/airflow/.local/lib/python3.12/site-packages/airflow/example_dags/example_branch_labels.py took 0.328 seconds
[2024-08-16T13:47:10.843+0000] {processor.py:186} INFO - Started process (PID=16266) to work on /home/airflow/.local/lib/python3.12/site-packages/airflow/example_dags/example_branch_labels.py
[2024-08-16T13:47:10.844+0000] {processor.py:914} INFO - Processing file /home/airflow/.local/lib/python3.12/site-packages/airflow/example_dags/example_branch_labels.py for tasks to queue
[2024-08-16T13:47:10.847+0000] {logging_mixin.py:190} INFO - [2024-08-16T13:47:10.846+0000] {dagbag.py:587} INFO - Filling up the DagBag from /home/airflow/.local/lib/python3.12/site-packages/airflow/example_dags/example_branch_labels.py
[2024-08-16T13:47:10.858+0000] {processor.py:925} INFO - DAG(s) 'example_branch_labels' retrieved from /home/airflow/.local/lib/python3.12/site-packages/airflow/example_dags/example_branch_labels.py
[2024-08-16T13:47:10.882+0000] {logging_mixin.py:190} INFO - [2024-08-16T13:47:10.882+0000] {dag.py:3211} INFO - Sync 1 DAGs
[2024-08-16T13:47:10.911+0000] {logging_mixin.py:190} INFO - [2024-08-16T13:47:10.911+0000] {dag.py:4138} INFO - Setting next_dagrun for example_branch_labels to 2024-08-15 00:00:00+00:00, run_after=2024-08-16 00:00:00+00:00
[2024-08-16T13:47:10.930+0000] {processor.py:208} INFO - Processing /home/airflow/.local/lib/python3.12/site-packages/airflow/example_dags/example_branch_labels.py took 0.094 seconds
[2024-08-16T13:47:41.527+0000] {processor.py:186} INFO - Started process (PID=16550) to work on /home/airflow/.local/lib/python3.12/site-packages/airflow/example_dags/example_branch_labels.py
[2024-08-16T13:47:41.529+0000] {processor.py:914} INFO - Processing file /home/airflow/.local/lib/python3.12/site-packages/airflow/example_dags/example_branch_labels.py for tasks to queue
[2024-08-16T13:47:41.532+0000] {logging_mixin.py:190} INFO - [2024-08-16T13:47:41.531+0000] {dagbag.py:587} INFO - Filling up the DagBag from /home/airflow/.local/lib/python3.12/site-packages/airflow/example_dags/example_branch_labels.py
[2024-08-16T13:47:41.544+0000] {processor.py:925} INFO - DAG(s) 'example_branch_labels' retrieved from /home/airflow/.local/lib/python3.12/site-packages/airflow/example_dags/example_branch_labels.py
[2024-08-16T13:47:41.571+0000] {logging_mixin.py:190} INFO - [2024-08-16T13:47:41.571+0000] {dag.py:3211} INFO - Sync 1 DAGs
[2024-08-16T13:47:41.597+0000] {logging_mixin.py:190} INFO - [2024-08-16T13:47:41.597+0000] {dag.py:4138} INFO - Setting next_dagrun for example_branch_labels to 2024-08-15 00:00:00+00:00, run_after=2024-08-16 00:00:00+00:00
[2024-08-16T13:47:41.615+0000] {processor.py:208} INFO - Processing /home/airflow/.local/lib/python3.12/site-packages/airflow/example_dags/example_branch_labels.py took 0.096 seconds
[2024-08-16T13:48:12.649+0000] {processor.py:186} INFO - Started process (PID=16837) to work on /home/airflow/.local/lib/python3.12/site-packages/airflow/example_dags/example_branch_labels.py
[2024-08-16T13:48:12.650+0000] {processor.py:914} INFO - Processing file /home/airflow/.local/lib/python3.12/site-packages/airflow/example_dags/example_branch_labels.py for tasks to queue
[2024-08-16T13:48:12.653+0000] {logging_mixin.py:190} INFO - [2024-08-16T13:48:12.652+0000] {dagbag.py:587} INFO - Filling up the DagBag from /home/airflow/.local/lib/python3.12/site-packages/airflow/example_dags/example_branch_labels.py
[2024-08-16T13:48:12.663+0000] {processor.py:925} INFO - DAG(s) 'example_branch_labels' retrieved from /home/airflow/.local/lib/python3.12/site-packages/airflow/example_dags/example_branch_labels.py
[2024-08-16T13:48:12.688+0000] {logging_mixin.py:190} INFO - [2024-08-16T13:48:12.687+0000] {dag.py:3211} INFO - Sync 1 DAGs
[2024-08-16T13:48:12.712+0000] {logging_mixin.py:190} INFO - [2024-08-16T13:48:12.712+0000] {dag.py:4138} INFO - Setting next_dagrun for example_branch_labels to 2024-08-15 00:00:00+00:00, run_after=2024-08-16 00:00:00+00:00
[2024-08-16T13:48:12.742+0000] {processor.py:208} INFO - Processing /home/airflow/.local/lib/python3.12/site-packages/airflow/example_dags/example_branch_labels.py took 0.100 seconds
[2024-08-16T13:48:43.613+0000] {processor.py:186} INFO - Started process (PID=17123) to work on /home/airflow/.local/lib/python3.12/site-packages/airflow/example_dags/example_branch_labels.py
[2024-08-16T13:48:43.615+0000] {processor.py:914} INFO - Processing file /home/airflow/.local/lib/python3.12/site-packages/airflow/example_dags/example_branch_labels.py for tasks to queue
[2024-08-16T13:48:43.620+0000] {logging_mixin.py:190} INFO - [2024-08-16T13:48:43.619+0000] {dagbag.py:587} INFO - Filling up the DagBag from /home/airflow/.local/lib/python3.12/site-packages/airflow/example_dags/example_branch_labels.py
[2024-08-16T13:48:43.637+0000] {processor.py:925} INFO - DAG(s) 'example_branch_labels' retrieved from /home/airflow/.local/lib/python3.12/site-packages/airflow/example_dags/example_branch_labels.py
[2024-08-16T13:48:43.669+0000] {logging_mixin.py:190} INFO - [2024-08-16T13:48:43.669+0000] {dag.py:3211} INFO - Sync 1 DAGs
[2024-08-16T13:48:43.704+0000] {logging_mixin.py:190} INFO - [2024-08-16T13:48:43.703+0000] {dag.py:4138} INFO - Setting next_dagrun for example_branch_labels to 2024-08-15 00:00:00+00:00, run_after=2024-08-16 00:00:00+00:00
[2024-08-16T13:48:43.731+0000] {processor.py:208} INFO - Processing /home/airflow/.local/lib/python3.12/site-packages/airflow/example_dags/example_branch_labels.py took 0.128 seconds
[2024-08-16T13:49:14.383+0000] {processor.py:186} INFO - Started process (PID=17409) to work on /home/airflow/.local/lib/python3.12/site-packages/airflow/example_dags/example_branch_labels.py
[2024-08-16T13:49:14.386+0000] {processor.py:914} INFO - Processing file /home/airflow/.local/lib/python3.12/site-packages/airflow/example_dags/example_branch_labels.py for tasks to queue
[2024-08-16T13:49:14.392+0000] {logging_mixin.py:190} INFO - [2024-08-16T13:49:14.391+0000] {dagbag.py:587} INFO - Filling up the DagBag from /home/airflow/.local/lib/python3.12/site-packages/airflow/example_dags/example_branch_labels.py
[2024-08-16T13:49:14.437+0000] {processor.py:925} INFO - DAG(s) 'example_branch_labels' retrieved from /home/airflow/.local/lib/python3.12/site-packages/airflow/example_dags/example_branch_labels.py
[2024-08-16T13:49:14.549+0000] {logging_mixin.py:190} INFO - [2024-08-16T13:49:14.548+0000] {dag.py:3211} INFO - Sync 1 DAGs
[2024-08-16T13:49:14.652+0000] {logging_mixin.py:190} INFO - [2024-08-16T13:49:14.652+0000] {dag.py:4138} INFO - Setting next_dagrun for example_branch_labels to 2024-08-15 00:00:00+00:00, run_after=2024-08-16 00:00:00+00:00
[2024-08-16T13:49:14.683+0000] {processor.py:208} INFO - Processing /home/airflow/.local/lib/python3.12/site-packages/airflow/example_dags/example_branch_labels.py took 0.312 seconds
[2024-08-16T13:49:45.870+0000] {processor.py:186} INFO - Started process (PID=17697) to work on /home/airflow/.local/lib/python3.12/site-packages/airflow/example_dags/example_branch_labels.py
[2024-08-16T13:49:45.871+0000] {processor.py:914} INFO - Processing file /home/airflow/.local/lib/python3.12/site-packages/airflow/example_dags/example_branch_labels.py for tasks to queue
[2024-08-16T13:49:45.874+0000] {logging_mixin.py:190} INFO - [2024-08-16T13:49:45.873+0000] {dagbag.py:587} INFO - Filling up the DagBag from /home/airflow/.local/lib/python3.12/site-packages/airflow/example_dags/example_branch_labels.py
[2024-08-16T13:49:45.887+0000] {processor.py:925} INFO - DAG(s) 'example_branch_labels' retrieved from /home/airflow/.local/lib/python3.12/site-packages/airflow/example_dags/example_branch_labels.py
[2024-08-16T13:49:45.916+0000] {logging_mixin.py:190} INFO - [2024-08-16T13:49:45.915+0000] {dag.py:3211} INFO - Sync 1 DAGs
[2024-08-16T13:49:46.140+0000] {logging_mixin.py:190} INFO - [2024-08-16T13:49:46.140+0000] {dag.py:4138} INFO - Setting next_dagrun for example_branch_labels to 2024-08-15 00:00:00+00:00, run_after=2024-08-16 00:00:00+00:00
[2024-08-16T13:49:46.163+0000] {processor.py:208} INFO - Processing /home/airflow/.local/lib/python3.12/site-packages/airflow/example_dags/example_branch_labels.py took 0.299 seconds
[2024-08-16T13:50:16.250+0000] {processor.py:186} INFO - Started process (PID=17981) to work on /home/airflow/.local/lib/python3.12/site-packages/airflow/example_dags/example_branch_labels.py
[2024-08-16T13:50:16.251+0000] {processor.py:914} INFO - Processing file /home/airflow/.local/lib/python3.12/site-packages/airflow/example_dags/example_branch_labels.py for tasks to queue
[2024-08-16T13:50:16.254+0000] {logging_mixin.py:190} INFO - [2024-08-16T13:50:16.253+0000] {dagbag.py:587} INFO - Filling up the DagBag from /home/airflow/.local/lib/python3.12/site-packages/airflow/example_dags/example_branch_labels.py
[2024-08-16T13:50:16.266+0000] {processor.py:925} INFO - DAG(s) 'example_branch_labels' retrieved from /home/airflow/.local/lib/python3.12/site-packages/airflow/example_dags/example_branch_labels.py
[2024-08-16T13:50:16.290+0000] {logging_mixin.py:190} INFO - [2024-08-16T13:50:16.290+0000] {dag.py:3211} INFO - Sync 1 DAGs
[2024-08-16T13:50:16.315+0000] {logging_mixin.py:190} INFO - [2024-08-16T13:50:16.315+0000] {dag.py:4138} INFO - Setting next_dagrun for example_branch_labels to 2024-08-15 00:00:00+00:00, run_after=2024-08-16 00:00:00+00:00
[2024-08-16T13:50:16.336+0000] {processor.py:208} INFO - Processing /home/airflow/.local/lib/python3.12/site-packages/airflow/example_dags/example_branch_labels.py took 0.092 seconds
