[2024-08-16T13:18:36.648+0000] {processor.py:186} INFO - Started process (PID=181) to work on /home/airflow/.local/lib/python3.12/site-packages/airflow/example_dags/example_trigger_controller_dag.py
[2024-08-16T13:18:36.649+0000] {processor.py:914} INFO - Processing file /home/airflow/.local/lib/python3.12/site-packages/airflow/example_dags/example_trigger_controller_dag.py for tasks to queue
[2024-08-16T13:18:36.651+0000] {logging_mixin.py:190} INFO - [2024-08-16T13:18:36.651+0000] {dagbag.py:587} INFO - Filling up the DagBag from /home/airflow/.local/lib/python3.12/site-packages/airflow/example_dags/example_trigger_controller_dag.py
[2024-08-16T13:18:36.659+0000] {processor.py:925} INFO - DAG(s) 'example_trigger_controller_dag' retrieved from /home/airflow/.local/lib/python3.12/site-packages/airflow/example_dags/example_trigger_controller_dag.py
[2024-08-16T13:18:36.791+0000] {logging_mixin.py:190} INFO - [2024-08-16T13:18:36.790+0000] {override.py:1858} INFO - Created Permission View: can read on DAG:example_trigger_controller_dag
[2024-08-16T13:18:36.804+0000] {logging_mixin.py:190} INFO - [2024-08-16T13:18:36.803+0000] {override.py:1858} INFO - Created Permission View: can edit on DAG:example_trigger_controller_dag
[2024-08-16T13:18:36.812+0000] {logging_mixin.py:190} INFO - [2024-08-16T13:18:36.811+0000] {override.py:1858} INFO - Created Permission View: can delete on DAG:example_trigger_controller_dag
[2024-08-16T13:18:36.813+0000] {logging_mixin.py:190} INFO - [2024-08-16T13:18:36.812+0000] {dag.py:3211} INFO - Sync 1 DAGs
[2024-08-16T13:18:36.828+0000] {logging_mixin.py:190} INFO - [2024-08-16T13:18:36.828+0000] {dag.py:3234} INFO - Creating ORM DAG for example_trigger_controller_dag
[2024-08-16T13:18:36.837+0000] {logging_mixin.py:190} INFO - [2024-08-16T13:18:36.837+0000] {dag.py:4138} INFO - Setting next_dagrun for example_trigger_controller_dag to 2021-01-01 00:00:00+00:00, run_after=2021-01-01 00:00:00+00:00
[2024-08-16T13:18:36.868+0000] {processor.py:208} INFO - Processing /home/airflow/.local/lib/python3.12/site-packages/airflow/example_dags/example_trigger_controller_dag.py took 0.227 seconds
[2024-08-16T13:19:07.122+0000] {processor.py:186} INFO - Started process (PID=467) to work on /home/airflow/.local/lib/python3.12/site-packages/airflow/example_dags/example_trigger_controller_dag.py
[2024-08-16T13:19:07.123+0000] {processor.py:914} INFO - Processing file /home/airflow/.local/lib/python3.12/site-packages/airflow/example_dags/example_trigger_controller_dag.py for tasks to queue
[2024-08-16T13:19:07.126+0000] {logging_mixin.py:190} INFO - [2024-08-16T13:19:07.126+0000] {dagbag.py:587} INFO - Filling up the DagBag from /home/airflow/.local/lib/python3.12/site-packages/airflow/example_dags/example_trigger_controller_dag.py
[2024-08-16T13:19:07.133+0000] {processor.py:925} INFO - DAG(s) 'example_trigger_controller_dag' retrieved from /home/airflow/.local/lib/python3.12/site-packages/airflow/example_dags/example_trigger_controller_dag.py
[2024-08-16T13:19:07.153+0000] {logging_mixin.py:190} INFO - [2024-08-16T13:19:07.152+0000] {dag.py:3211} INFO - Sync 1 DAGs
[2024-08-16T13:19:07.178+0000] {logging_mixin.py:190} INFO - [2024-08-16T13:19:07.178+0000] {dag.py:4138} INFO - Setting next_dagrun for example_trigger_controller_dag to 2021-01-01 00:00:00+00:00, run_after=2021-01-01 00:00:00+00:00
[2024-08-16T13:19:07.214+0000] {processor.py:208} INFO - Processing /home/airflow/.local/lib/python3.12/site-packages/airflow/example_dags/example_trigger_controller_dag.py took 0.099 seconds
[2024-08-16T13:19:37.546+0000] {processor.py:186} INFO - Started process (PID=751) to work on /home/airflow/.local/lib/python3.12/site-packages/airflow/example_dags/example_trigger_controller_dag.py
[2024-08-16T13:19:37.547+0000] {processor.py:914} INFO - Processing file /home/airflow/.local/lib/python3.12/site-packages/airflow/example_dags/example_trigger_controller_dag.py for tasks to queue
[2024-08-16T13:19:37.549+0000] {logging_mixin.py:190} INFO - [2024-08-16T13:19:37.549+0000] {dagbag.py:587} INFO - Filling up the DagBag from /home/airflow/.local/lib/python3.12/site-packages/airflow/example_dags/example_trigger_controller_dag.py
[2024-08-16T13:19:37.557+0000] {processor.py:925} INFO - DAG(s) 'example_trigger_controller_dag' retrieved from /home/airflow/.local/lib/python3.12/site-packages/airflow/example_dags/example_trigger_controller_dag.py
[2024-08-16T13:19:37.577+0000] {logging_mixin.py:190} INFO - [2024-08-16T13:19:37.577+0000] {dag.py:3211} INFO - Sync 1 DAGs
[2024-08-16T13:19:37.601+0000] {logging_mixin.py:190} INFO - [2024-08-16T13:19:37.600+0000] {dag.py:4138} INFO - Setting next_dagrun for example_trigger_controller_dag to 2021-01-01 00:00:00+00:00, run_after=2021-01-01 00:00:00+00:00
[2024-08-16T13:19:37.624+0000] {processor.py:208} INFO - Processing /home/airflow/.local/lib/python3.12/site-packages/airflow/example_dags/example_trigger_controller_dag.py took 0.084 seconds
[2024-08-16T13:20:08.463+0000] {processor.py:186} INFO - Started process (PID=1037) to work on /home/airflow/.local/lib/python3.12/site-packages/airflow/example_dags/example_trigger_controller_dag.py
[2024-08-16T13:20:08.464+0000] {processor.py:914} INFO - Processing file /home/airflow/.local/lib/python3.12/site-packages/airflow/example_dags/example_trigger_controller_dag.py for tasks to queue
[2024-08-16T13:20:08.476+0000] {logging_mixin.py:190} INFO - [2024-08-16T13:20:08.475+0000] {dagbag.py:587} INFO - Filling up the DagBag from /home/airflow/.local/lib/python3.12/site-packages/airflow/example_dags/example_trigger_controller_dag.py
[2024-08-16T13:20:08.484+0000] {processor.py:925} INFO - DAG(s) 'example_trigger_controller_dag' retrieved from /home/airflow/.local/lib/python3.12/site-packages/airflow/example_dags/example_trigger_controller_dag.py
[2024-08-16T13:20:08.506+0000] {logging_mixin.py:190} INFO - [2024-08-16T13:20:08.506+0000] {dag.py:3211} INFO - Sync 1 DAGs
[2024-08-16T13:20:08.539+0000] {logging_mixin.py:190} INFO - [2024-08-16T13:20:08.539+0000] {dag.py:4138} INFO - Setting next_dagrun for example_trigger_controller_dag to 2021-01-01 00:00:00+00:00, run_after=2021-01-01 00:00:00+00:00
[2024-08-16T13:20:08.557+0000] {processor.py:208} INFO - Processing /home/airflow/.local/lib/python3.12/site-packages/airflow/example_dags/example_trigger_controller_dag.py took 0.107 seconds
[2024-08-16T13:20:39.220+0000] {processor.py:186} INFO - Started process (PID=1325) to work on /home/airflow/.local/lib/python3.12/site-packages/airflow/example_dags/example_trigger_controller_dag.py
[2024-08-16T13:20:39.221+0000] {processor.py:914} INFO - Processing file /home/airflow/.local/lib/python3.12/site-packages/airflow/example_dags/example_trigger_controller_dag.py for tasks to queue
[2024-08-16T13:20:39.223+0000] {logging_mixin.py:190} INFO - [2024-08-16T13:20:39.223+0000] {dagbag.py:587} INFO - Filling up the DagBag from /home/airflow/.local/lib/python3.12/site-packages/airflow/example_dags/example_trigger_controller_dag.py
[2024-08-16T13:20:39.231+0000] {processor.py:925} INFO - DAG(s) 'example_trigger_controller_dag' retrieved from /home/airflow/.local/lib/python3.12/site-packages/airflow/example_dags/example_trigger_controller_dag.py
[2024-08-16T13:20:39.254+0000] {logging_mixin.py:190} INFO - [2024-08-16T13:20:39.254+0000] {dag.py:3211} INFO - Sync 1 DAGs
[2024-08-16T13:20:39.278+0000] {logging_mixin.py:190} INFO - [2024-08-16T13:20:39.278+0000] {dag.py:4138} INFO - Setting next_dagrun for example_trigger_controller_dag to 2021-01-01 00:00:00+00:00, run_after=2021-01-01 00:00:00+00:00
[2024-08-16T13:20:39.299+0000] {processor.py:208} INFO - Processing /home/airflow/.local/lib/python3.12/site-packages/airflow/example_dags/example_trigger_controller_dag.py took 0.086 seconds
[2024-08-16T13:21:09.473+0000] {processor.py:186} INFO - Started process (PID=1611) to work on /home/airflow/.local/lib/python3.12/site-packages/airflow/example_dags/example_trigger_controller_dag.py
[2024-08-16T13:21:09.475+0000] {processor.py:914} INFO - Processing file /home/airflow/.local/lib/python3.12/site-packages/airflow/example_dags/example_trigger_controller_dag.py for tasks to queue
[2024-08-16T13:21:09.477+0000] {logging_mixin.py:190} INFO - [2024-08-16T13:21:09.477+0000] {dagbag.py:587} INFO - Filling up the DagBag from /home/airflow/.local/lib/python3.12/site-packages/airflow/example_dags/example_trigger_controller_dag.py
[2024-08-16T13:21:09.484+0000] {processor.py:925} INFO - DAG(s) 'example_trigger_controller_dag' retrieved from /home/airflow/.local/lib/python3.12/site-packages/airflow/example_dags/example_trigger_controller_dag.py
[2024-08-16T13:21:09.506+0000] {logging_mixin.py:190} INFO - [2024-08-16T13:21:09.505+0000] {dag.py:3211} INFO - Sync 1 DAGs
[2024-08-16T13:21:09.531+0000] {logging_mixin.py:190} INFO - [2024-08-16T13:21:09.531+0000] {dag.py:4138} INFO - Setting next_dagrun for example_trigger_controller_dag to 2021-01-01 00:00:00+00:00, run_after=2021-01-01 00:00:00+00:00
[2024-08-16T13:21:09.552+0000] {processor.py:208} INFO - Processing /home/airflow/.local/lib/python3.12/site-packages/airflow/example_dags/example_trigger_controller_dag.py took 0.085 seconds
[2024-08-16T13:21:39.904+0000] {processor.py:186} INFO - Started process (PID=1895) to work on /home/airflow/.local/lib/python3.12/site-packages/airflow/example_dags/example_trigger_controller_dag.py
[2024-08-16T13:21:39.905+0000] {processor.py:914} INFO - Processing file /home/airflow/.local/lib/python3.12/site-packages/airflow/example_dags/example_trigger_controller_dag.py for tasks to queue
[2024-08-16T13:21:39.908+0000] {logging_mixin.py:190} INFO - [2024-08-16T13:21:39.908+0000] {dagbag.py:587} INFO - Filling up the DagBag from /home/airflow/.local/lib/python3.12/site-packages/airflow/example_dags/example_trigger_controller_dag.py
[2024-08-16T13:21:39.916+0000] {processor.py:925} INFO - DAG(s) 'example_trigger_controller_dag' retrieved from /home/airflow/.local/lib/python3.12/site-packages/airflow/example_dags/example_trigger_controller_dag.py
[2024-08-16T13:21:39.939+0000] {logging_mixin.py:190} INFO - [2024-08-16T13:21:39.939+0000] {dag.py:3211} INFO - Sync 1 DAGs
[2024-08-16T13:21:39.971+0000] {logging_mixin.py:190} INFO - [2024-08-16T13:21:39.971+0000] {dag.py:4138} INFO - Setting next_dagrun for example_trigger_controller_dag to 2021-01-01 00:00:00+00:00, run_after=2021-01-01 00:00:00+00:00
[2024-08-16T13:21:39.991+0000] {processor.py:208} INFO - Processing /home/airflow/.local/lib/python3.12/site-packages/airflow/example_dags/example_trigger_controller_dag.py took 0.092 seconds
[2024-08-16T13:22:10.320+0000] {processor.py:186} INFO - Started process (PID=2183) to work on /home/airflow/.local/lib/python3.12/site-packages/airflow/example_dags/example_trigger_controller_dag.py
[2024-08-16T13:22:10.321+0000] {processor.py:914} INFO - Processing file /home/airflow/.local/lib/python3.12/site-packages/airflow/example_dags/example_trigger_controller_dag.py for tasks to queue
[2024-08-16T13:22:10.324+0000] {logging_mixin.py:190} INFO - [2024-08-16T13:22:10.323+0000] {dagbag.py:587} INFO - Filling up the DagBag from /home/airflow/.local/lib/python3.12/site-packages/airflow/example_dags/example_trigger_controller_dag.py
[2024-08-16T13:22:10.331+0000] {processor.py:925} INFO - DAG(s) 'example_trigger_controller_dag' retrieved from /home/airflow/.local/lib/python3.12/site-packages/airflow/example_dags/example_trigger_controller_dag.py
[2024-08-16T13:22:10.351+0000] {logging_mixin.py:190} INFO - [2024-08-16T13:22:10.350+0000] {dag.py:3211} INFO - Sync 1 DAGs
[2024-08-16T13:22:10.375+0000] {logging_mixin.py:190} INFO - [2024-08-16T13:22:10.375+0000] {dag.py:4138} INFO - Setting next_dagrun for example_trigger_controller_dag to 2021-01-01 00:00:00+00:00, run_after=2021-01-01 00:00:00+00:00
[2024-08-16T13:22:10.396+0000] {processor.py:208} INFO - Processing /home/airflow/.local/lib/python3.12/site-packages/airflow/example_dags/example_trigger_controller_dag.py took 0.082 seconds
[2024-08-16T13:22:40.486+0000] {processor.py:186} INFO - Started process (PID=2467) to work on /home/airflow/.local/lib/python3.12/site-packages/airflow/example_dags/example_trigger_controller_dag.py
[2024-08-16T13:22:40.487+0000] {processor.py:914} INFO - Processing file /home/airflow/.local/lib/python3.12/site-packages/airflow/example_dags/example_trigger_controller_dag.py for tasks to queue
[2024-08-16T13:22:40.490+0000] {logging_mixin.py:190} INFO - [2024-08-16T13:22:40.490+0000] {dagbag.py:587} INFO - Filling up the DagBag from /home/airflow/.local/lib/python3.12/site-packages/airflow/example_dags/example_trigger_controller_dag.py
[2024-08-16T13:22:40.497+0000] {processor.py:925} INFO - DAG(s) 'example_trigger_controller_dag' retrieved from /home/airflow/.local/lib/python3.12/site-packages/airflow/example_dags/example_trigger_controller_dag.py
[2024-08-16T13:22:40.517+0000] {logging_mixin.py:190} INFO - [2024-08-16T13:22:40.517+0000] {dag.py:3211} INFO - Sync 1 DAGs
[2024-08-16T13:22:40.546+0000] {logging_mixin.py:190} INFO - [2024-08-16T13:22:40.546+0000] {dag.py:4138} INFO - Setting next_dagrun for example_trigger_controller_dag to 2021-01-01 00:00:00+00:00, run_after=2021-01-01 00:00:00+00:00
[2024-08-16T13:22:40.570+0000] {processor.py:208} INFO - Processing /home/airflow/.local/lib/python3.12/site-packages/airflow/example_dags/example_trigger_controller_dag.py took 0.091 seconds
[2024-08-16T13:23:10.931+0000] {processor.py:186} INFO - Started process (PID=2753) to work on /home/airflow/.local/lib/python3.12/site-packages/airflow/example_dags/example_trigger_controller_dag.py
[2024-08-16T13:23:10.932+0000] {processor.py:914} INFO - Processing file /home/airflow/.local/lib/python3.12/site-packages/airflow/example_dags/example_trigger_controller_dag.py for tasks to queue
[2024-08-16T13:23:10.935+0000] {logging_mixin.py:190} INFO - [2024-08-16T13:23:10.934+0000] {dagbag.py:587} INFO - Filling up the DagBag from /home/airflow/.local/lib/python3.12/site-packages/airflow/example_dags/example_trigger_controller_dag.py
[2024-08-16T13:23:10.941+0000] {processor.py:925} INFO - DAG(s) 'example_trigger_controller_dag' retrieved from /home/airflow/.local/lib/python3.12/site-packages/airflow/example_dags/example_trigger_controller_dag.py
[2024-08-16T13:23:10.961+0000] {logging_mixin.py:190} INFO - [2024-08-16T13:23:10.961+0000] {dag.py:3211} INFO - Sync 1 DAGs
[2024-08-16T13:23:10.986+0000] {logging_mixin.py:190} INFO - [2024-08-16T13:23:10.986+0000] {dag.py:4138} INFO - Setting next_dagrun for example_trigger_controller_dag to 2021-01-01 00:00:00+00:00, run_after=2021-01-01 00:00:00+00:00
[2024-08-16T13:23:11.005+0000] {processor.py:208} INFO - Processing /home/airflow/.local/lib/python3.12/site-packages/airflow/example_dags/example_trigger_controller_dag.py took 0.081 seconds
[2024-08-16T13:23:41.414+0000] {processor.py:186} INFO - Started process (PID=3039) to work on /home/airflow/.local/lib/python3.12/site-packages/airflow/example_dags/example_trigger_controller_dag.py
[2024-08-16T13:23:41.415+0000] {processor.py:914} INFO - Processing file /home/airflow/.local/lib/python3.12/site-packages/airflow/example_dags/example_trigger_controller_dag.py for tasks to queue
[2024-08-16T13:23:41.417+0000] {logging_mixin.py:190} INFO - [2024-08-16T13:23:41.417+0000] {dagbag.py:587} INFO - Filling up the DagBag from /home/airflow/.local/lib/python3.12/site-packages/airflow/example_dags/example_trigger_controller_dag.py
[2024-08-16T13:23:41.424+0000] {processor.py:925} INFO - DAG(s) 'example_trigger_controller_dag' retrieved from /home/airflow/.local/lib/python3.12/site-packages/airflow/example_dags/example_trigger_controller_dag.py
[2024-08-16T13:23:41.446+0000] {logging_mixin.py:190} INFO - [2024-08-16T13:23:41.446+0000] {dag.py:3211} INFO - Sync 1 DAGs
[2024-08-16T13:23:41.473+0000] {logging_mixin.py:190} INFO - [2024-08-16T13:23:41.473+0000] {dag.py:4138} INFO - Setting next_dagrun for example_trigger_controller_dag to 2021-01-01 00:00:00+00:00, run_after=2021-01-01 00:00:00+00:00
[2024-08-16T13:23:41.492+0000] {processor.py:208} INFO - Processing /home/airflow/.local/lib/python3.12/site-packages/airflow/example_dags/example_trigger_controller_dag.py took 0.085 seconds
[2024-08-16T13:24:11.531+0000] {processor.py:186} INFO - Started process (PID=3320) to work on /home/airflow/.local/lib/python3.12/site-packages/airflow/example_dags/example_trigger_controller_dag.py
[2024-08-16T13:24:11.532+0000] {processor.py:914} INFO - Processing file /home/airflow/.local/lib/python3.12/site-packages/airflow/example_dags/example_trigger_controller_dag.py for tasks to queue
[2024-08-16T13:24:11.535+0000] {logging_mixin.py:190} INFO - [2024-08-16T13:24:11.534+0000] {dagbag.py:587} INFO - Filling up the DagBag from /home/airflow/.local/lib/python3.12/site-packages/airflow/example_dags/example_trigger_controller_dag.py
[2024-08-16T13:24:11.542+0000] {processor.py:925} INFO - DAG(s) 'example_trigger_controller_dag' retrieved from /home/airflow/.local/lib/python3.12/site-packages/airflow/example_dags/example_trigger_controller_dag.py
[2024-08-16T13:24:11.566+0000] {logging_mixin.py:190} INFO - [2024-08-16T13:24:11.565+0000] {dag.py:3211} INFO - Sync 1 DAGs
[2024-08-16T13:24:11.591+0000] {logging_mixin.py:190} INFO - [2024-08-16T13:24:11.591+0000] {dag.py:4138} INFO - Setting next_dagrun for example_trigger_controller_dag to 2021-01-01 00:00:00+00:00, run_after=2021-01-01 00:00:00+00:00
[2024-08-16T13:24:11.609+0000] {processor.py:208} INFO - Processing /home/airflow/.local/lib/python3.12/site-packages/airflow/example_dags/example_trigger_controller_dag.py took 0.086 seconds
[2024-08-16T13:24:41.803+0000] {processor.py:186} INFO - Started process (PID=3608) to work on /home/airflow/.local/lib/python3.12/site-packages/airflow/example_dags/example_trigger_controller_dag.py
[2024-08-16T13:24:41.804+0000] {processor.py:914} INFO - Processing file /home/airflow/.local/lib/python3.12/site-packages/airflow/example_dags/example_trigger_controller_dag.py for tasks to queue
[2024-08-16T13:24:41.806+0000] {logging_mixin.py:190} INFO - [2024-08-16T13:24:41.806+0000] {dagbag.py:587} INFO - Filling up the DagBag from /home/airflow/.local/lib/python3.12/site-packages/airflow/example_dags/example_trigger_controller_dag.py
[2024-08-16T13:24:41.813+0000] {processor.py:925} INFO - DAG(s) 'example_trigger_controller_dag' retrieved from /home/airflow/.local/lib/python3.12/site-packages/airflow/example_dags/example_trigger_controller_dag.py
[2024-08-16T13:24:41.833+0000] {logging_mixin.py:190} INFO - [2024-08-16T13:24:41.833+0000] {dag.py:3211} INFO - Sync 1 DAGs
[2024-08-16T13:24:41.858+0000] {logging_mixin.py:190} INFO - [2024-08-16T13:24:41.858+0000] {dag.py:4138} INFO - Setting next_dagrun for example_trigger_controller_dag to 2021-01-01 00:00:00+00:00, run_after=2021-01-01 00:00:00+00:00
[2024-08-16T13:24:41.877+0000] {processor.py:208} INFO - Processing /home/airflow/.local/lib/python3.12/site-packages/airflow/example_dags/example_trigger_controller_dag.py took 0.082 seconds
[2024-08-16T13:25:12.231+0000] {processor.py:186} INFO - Started process (PID=3897) to work on /home/airflow/.local/lib/python3.12/site-packages/airflow/example_dags/example_trigger_controller_dag.py
[2024-08-16T13:25:12.232+0000] {processor.py:914} INFO - Processing file /home/airflow/.local/lib/python3.12/site-packages/airflow/example_dags/example_trigger_controller_dag.py for tasks to queue
[2024-08-16T13:25:12.235+0000] {logging_mixin.py:190} INFO - [2024-08-16T13:25:12.235+0000] {dagbag.py:587} INFO - Filling up the DagBag from /home/airflow/.local/lib/python3.12/site-packages/airflow/example_dags/example_trigger_controller_dag.py
[2024-08-16T13:25:12.244+0000] {processor.py:925} INFO - DAG(s) 'example_trigger_controller_dag' retrieved from /home/airflow/.local/lib/python3.12/site-packages/airflow/example_dags/example_trigger_controller_dag.py
[2024-08-16T13:25:12.268+0000] {logging_mixin.py:190} INFO - [2024-08-16T13:25:12.268+0000] {dag.py:3211} INFO - Sync 1 DAGs
[2024-08-16T13:25:12.295+0000] {logging_mixin.py:190} INFO - [2024-08-16T13:25:12.295+0000] {dag.py:4138} INFO - Setting next_dagrun for example_trigger_controller_dag to 2021-01-01 00:00:00+00:00, run_after=2021-01-01 00:00:00+00:00
[2024-08-16T13:25:12.316+0000] {processor.py:208} INFO - Processing /home/airflow/.local/lib/python3.12/site-packages/airflow/example_dags/example_trigger_controller_dag.py took 0.092 seconds
[2024-08-16T13:25:42.398+0000] {processor.py:186} INFO - Started process (PID=4183) to work on /home/airflow/.local/lib/python3.12/site-packages/airflow/example_dags/example_trigger_controller_dag.py
[2024-08-16T13:25:42.399+0000] {processor.py:914} INFO - Processing file /home/airflow/.local/lib/python3.12/site-packages/airflow/example_dags/example_trigger_controller_dag.py for tasks to queue
[2024-08-16T13:25:42.401+0000] {logging_mixin.py:190} INFO - [2024-08-16T13:25:42.401+0000] {dagbag.py:587} INFO - Filling up the DagBag from /home/airflow/.local/lib/python3.12/site-packages/airflow/example_dags/example_trigger_controller_dag.py
[2024-08-16T13:25:42.409+0000] {processor.py:925} INFO - DAG(s) 'example_trigger_controller_dag' retrieved from /home/airflow/.local/lib/python3.12/site-packages/airflow/example_dags/example_trigger_controller_dag.py
[2024-08-16T13:25:42.429+0000] {logging_mixin.py:190} INFO - [2024-08-16T13:25:42.429+0000] {dag.py:3211} INFO - Sync 1 DAGs
[2024-08-16T13:25:42.456+0000] {logging_mixin.py:190} INFO - [2024-08-16T13:25:42.455+0000] {dag.py:4138} INFO - Setting next_dagrun for example_trigger_controller_dag to 2021-01-01 00:00:00+00:00, run_after=2021-01-01 00:00:00+00:00
[2024-08-16T13:25:42.478+0000] {processor.py:208} INFO - Processing /home/airflow/.local/lib/python3.12/site-packages/airflow/example_dags/example_trigger_controller_dag.py took 0.088 seconds
[2024-08-16T13:26:13.032+0000] {processor.py:186} INFO - Started process (PID=4469) to work on /home/airflow/.local/lib/python3.12/site-packages/airflow/example_dags/example_trigger_controller_dag.py
[2024-08-16T13:26:13.033+0000] {processor.py:914} INFO - Processing file /home/airflow/.local/lib/python3.12/site-packages/airflow/example_dags/example_trigger_controller_dag.py for tasks to queue
[2024-08-16T13:26:13.035+0000] {logging_mixin.py:190} INFO - [2024-08-16T13:26:13.035+0000] {dagbag.py:587} INFO - Filling up the DagBag from /home/airflow/.local/lib/python3.12/site-packages/airflow/example_dags/example_trigger_controller_dag.py
[2024-08-16T13:26:13.043+0000] {processor.py:925} INFO - DAG(s) 'example_trigger_controller_dag' retrieved from /home/airflow/.local/lib/python3.12/site-packages/airflow/example_dags/example_trigger_controller_dag.py
[2024-08-16T13:26:13.064+0000] {logging_mixin.py:190} INFO - [2024-08-16T13:26:13.063+0000] {dag.py:3211} INFO - Sync 1 DAGs
[2024-08-16T13:26:13.088+0000] {logging_mixin.py:190} INFO - [2024-08-16T13:26:13.088+0000] {dag.py:4138} INFO - Setting next_dagrun for example_trigger_controller_dag to 2021-01-01 00:00:00+00:00, run_after=2021-01-01 00:00:00+00:00
[2024-08-16T13:26:13.108+0000] {processor.py:208} INFO - Processing /home/airflow/.local/lib/python3.12/site-packages/airflow/example_dags/example_trigger_controller_dag.py took 0.082 seconds
[2024-08-16T13:26:43.651+0000] {processor.py:186} INFO - Started process (PID=4755) to work on /home/airflow/.local/lib/python3.12/site-packages/airflow/example_dags/example_trigger_controller_dag.py
[2024-08-16T13:26:43.653+0000] {processor.py:914} INFO - Processing file /home/airflow/.local/lib/python3.12/site-packages/airflow/example_dags/example_trigger_controller_dag.py for tasks to queue
[2024-08-16T13:26:43.655+0000] {logging_mixin.py:190} INFO - [2024-08-16T13:26:43.655+0000] {dagbag.py:587} INFO - Filling up the DagBag from /home/airflow/.local/lib/python3.12/site-packages/airflow/example_dags/example_trigger_controller_dag.py
[2024-08-16T13:26:43.662+0000] {processor.py:925} INFO - DAG(s) 'example_trigger_controller_dag' retrieved from /home/airflow/.local/lib/python3.12/site-packages/airflow/example_dags/example_trigger_controller_dag.py
[2024-08-16T13:26:43.683+0000] {logging_mixin.py:190} INFO - [2024-08-16T13:26:43.683+0000] {dag.py:3211} INFO - Sync 1 DAGs
[2024-08-16T13:26:43.711+0000] {logging_mixin.py:190} INFO - [2024-08-16T13:26:43.711+0000] {dag.py:4138} INFO - Setting next_dagrun for example_trigger_controller_dag to 2021-01-01 00:00:00+00:00, run_after=2021-01-01 00:00:00+00:00
[2024-08-16T13:26:43.731+0000] {processor.py:208} INFO - Processing /home/airflow/.local/lib/python3.12/site-packages/airflow/example_dags/example_trigger_controller_dag.py took 0.086 seconds
[2024-08-16T13:27:13.990+0000] {processor.py:186} INFO - Started process (PID=5041) to work on /home/airflow/.local/lib/python3.12/site-packages/airflow/example_dags/example_trigger_controller_dag.py
[2024-08-16T13:27:13.991+0000] {processor.py:914} INFO - Processing file /home/airflow/.local/lib/python3.12/site-packages/airflow/example_dags/example_trigger_controller_dag.py for tasks to queue
[2024-08-16T13:27:13.993+0000] {logging_mixin.py:190} INFO - [2024-08-16T13:27:13.993+0000] {dagbag.py:587} INFO - Filling up the DagBag from /home/airflow/.local/lib/python3.12/site-packages/airflow/example_dags/example_trigger_controller_dag.py
[2024-08-16T13:27:14.000+0000] {processor.py:925} INFO - DAG(s) 'example_trigger_controller_dag' retrieved from /home/airflow/.local/lib/python3.12/site-packages/airflow/example_dags/example_trigger_controller_dag.py
[2024-08-16T13:27:14.021+0000] {logging_mixin.py:190} INFO - [2024-08-16T13:27:14.021+0000] {dag.py:3211} INFO - Sync 1 DAGs
[2024-08-16T13:27:14.045+0000] {logging_mixin.py:190} INFO - [2024-08-16T13:27:14.045+0000] {dag.py:4138} INFO - Setting next_dagrun for example_trigger_controller_dag to 2021-01-01 00:00:00+00:00, run_after=2021-01-01 00:00:00+00:00
[2024-08-16T13:27:14.065+0000] {processor.py:208} INFO - Processing /home/airflow/.local/lib/python3.12/site-packages/airflow/example_dags/example_trigger_controller_dag.py took 0.082 seconds
[2024-08-16T13:27:44.506+0000] {processor.py:186} INFO - Started process (PID=5328) to work on /home/airflow/.local/lib/python3.12/site-packages/airflow/example_dags/example_trigger_controller_dag.py
[2024-08-16T13:27:44.507+0000] {processor.py:914} INFO - Processing file /home/airflow/.local/lib/python3.12/site-packages/airflow/example_dags/example_trigger_controller_dag.py for tasks to queue
[2024-08-16T13:27:44.510+0000] {logging_mixin.py:190} INFO - [2024-08-16T13:27:44.509+0000] {dagbag.py:587} INFO - Filling up the DagBag from /home/airflow/.local/lib/python3.12/site-packages/airflow/example_dags/example_trigger_controller_dag.py
[2024-08-16T13:27:44.517+0000] {processor.py:925} INFO - DAG(s) 'example_trigger_controller_dag' retrieved from /home/airflow/.local/lib/python3.12/site-packages/airflow/example_dags/example_trigger_controller_dag.py
[2024-08-16T13:27:44.537+0000] {logging_mixin.py:190} INFO - [2024-08-16T13:27:44.537+0000] {dag.py:3211} INFO - Sync 1 DAGs
[2024-08-16T13:27:44.566+0000] {logging_mixin.py:190} INFO - [2024-08-16T13:27:44.565+0000] {dag.py:4138} INFO - Setting next_dagrun for example_trigger_controller_dag to 2021-01-01 00:00:00+00:00, run_after=2021-01-01 00:00:00+00:00
[2024-08-16T13:27:44.591+0000] {processor.py:208} INFO - Processing /home/airflow/.local/lib/python3.12/site-packages/airflow/example_dags/example_trigger_controller_dag.py took 0.097 seconds
[2024-08-16T13:28:14.826+0000] {processor.py:186} INFO - Started process (PID=5614) to work on /home/airflow/.local/lib/python3.12/site-packages/airflow/example_dags/example_trigger_controller_dag.py
[2024-08-16T13:28:14.827+0000] {processor.py:914} INFO - Processing file /home/airflow/.local/lib/python3.12/site-packages/airflow/example_dags/example_trigger_controller_dag.py for tasks to queue
[2024-08-16T13:28:14.830+0000] {logging_mixin.py:190} INFO - [2024-08-16T13:28:14.830+0000] {dagbag.py:587} INFO - Filling up the DagBag from /home/airflow/.local/lib/python3.12/site-packages/airflow/example_dags/example_trigger_controller_dag.py
[2024-08-16T13:28:14.837+0000] {processor.py:925} INFO - DAG(s) 'example_trigger_controller_dag' retrieved from /home/airflow/.local/lib/python3.12/site-packages/airflow/example_dags/example_trigger_controller_dag.py
[2024-08-16T13:28:14.859+0000] {logging_mixin.py:190} INFO - [2024-08-16T13:28:14.858+0000] {dag.py:3211} INFO - Sync 1 DAGs
[2024-08-16T13:28:14.887+0000] {logging_mixin.py:190} INFO - [2024-08-16T13:28:14.887+0000] {dag.py:4138} INFO - Setting next_dagrun for example_trigger_controller_dag to 2021-01-01 00:00:00+00:00, run_after=2021-01-01 00:00:00+00:00
[2024-08-16T13:28:14.907+0000] {processor.py:208} INFO - Processing /home/airflow/.local/lib/python3.12/site-packages/airflow/example_dags/example_trigger_controller_dag.py took 0.088 seconds
[2024-08-16T13:28:45.517+0000] {processor.py:186} INFO - Started process (PID=5900) to work on /home/airflow/.local/lib/python3.12/site-packages/airflow/example_dags/example_trigger_controller_dag.py
[2024-08-16T13:28:45.518+0000] {processor.py:914} INFO - Processing file /home/airflow/.local/lib/python3.12/site-packages/airflow/example_dags/example_trigger_controller_dag.py for tasks to queue
[2024-08-16T13:28:45.521+0000] {logging_mixin.py:190} INFO - [2024-08-16T13:28:45.520+0000] {dagbag.py:587} INFO - Filling up the DagBag from /home/airflow/.local/lib/python3.12/site-packages/airflow/example_dags/example_trigger_controller_dag.py
[2024-08-16T13:28:45.528+0000] {processor.py:925} INFO - DAG(s) 'example_trigger_controller_dag' retrieved from /home/airflow/.local/lib/python3.12/site-packages/airflow/example_dags/example_trigger_controller_dag.py
[2024-08-16T13:28:45.550+0000] {logging_mixin.py:190} INFO - [2024-08-16T13:28:45.549+0000] {dag.py:3211} INFO - Sync 1 DAGs
[2024-08-16T13:28:45.575+0000] {logging_mixin.py:190} INFO - [2024-08-16T13:28:45.574+0000] {dag.py:4138} INFO - Setting next_dagrun for example_trigger_controller_dag to 2021-01-01 00:00:00+00:00, run_after=2021-01-01 00:00:00+00:00
[2024-08-16T13:28:45.593+0000] {processor.py:208} INFO - Processing /home/airflow/.local/lib/python3.12/site-packages/airflow/example_dags/example_trigger_controller_dag.py took 0.083 seconds
[2024-08-16T13:29:15.904+0000] {processor.py:186} INFO - Started process (PID=6186) to work on /home/airflow/.local/lib/python3.12/site-packages/airflow/example_dags/example_trigger_controller_dag.py
[2024-08-16T13:29:15.905+0000] {processor.py:914} INFO - Processing file /home/airflow/.local/lib/python3.12/site-packages/airflow/example_dags/example_trigger_controller_dag.py for tasks to queue
[2024-08-16T13:29:15.908+0000] {logging_mixin.py:190} INFO - [2024-08-16T13:29:15.907+0000] {dagbag.py:587} INFO - Filling up the DagBag from /home/airflow/.local/lib/python3.12/site-packages/airflow/example_dags/example_trigger_controller_dag.py
[2024-08-16T13:29:15.915+0000] {processor.py:925} INFO - DAG(s) 'example_trigger_controller_dag' retrieved from /home/airflow/.local/lib/python3.12/site-packages/airflow/example_dags/example_trigger_controller_dag.py
[2024-08-16T13:29:15.936+0000] {logging_mixin.py:190} INFO - [2024-08-16T13:29:15.936+0000] {dag.py:3211} INFO - Sync 1 DAGs
[2024-08-16T13:29:15.964+0000] {logging_mixin.py:190} INFO - [2024-08-16T13:29:15.964+0000] {dag.py:4138} INFO - Setting next_dagrun for example_trigger_controller_dag to 2021-01-01 00:00:00+00:00, run_after=2021-01-01 00:00:00+00:00
[2024-08-16T13:29:15.988+0000] {processor.py:208} INFO - Processing /home/airflow/.local/lib/python3.12/site-packages/airflow/example_dags/example_trigger_controller_dag.py took 0.091 seconds
[2024-08-16T13:29:46.581+0000] {processor.py:186} INFO - Started process (PID=6478) to work on /home/airflow/.local/lib/python3.12/site-packages/airflow/example_dags/example_trigger_controller_dag.py
[2024-08-16T13:29:46.581+0000] {processor.py:914} INFO - Processing file /home/airflow/.local/lib/python3.12/site-packages/airflow/example_dags/example_trigger_controller_dag.py for tasks to queue
[2024-08-16T13:29:46.584+0000] {logging_mixin.py:190} INFO - [2024-08-16T13:29:46.583+0000] {dagbag.py:587} INFO - Filling up the DagBag from /home/airflow/.local/lib/python3.12/site-packages/airflow/example_dags/example_trigger_controller_dag.py
[2024-08-16T13:29:46.592+0000] {processor.py:925} INFO - DAG(s) 'example_trigger_controller_dag' retrieved from /home/airflow/.local/lib/python3.12/site-packages/airflow/example_dags/example_trigger_controller_dag.py
[2024-08-16T13:29:46.613+0000] {logging_mixin.py:190} INFO - [2024-08-16T13:29:46.612+0000] {dag.py:3211} INFO - Sync 1 DAGs
[2024-08-16T13:29:46.636+0000] {logging_mixin.py:190} INFO - [2024-08-16T13:29:46.636+0000] {dag.py:4138} INFO - Setting next_dagrun for example_trigger_controller_dag to 2021-01-01 00:00:00+00:00, run_after=2021-01-01 00:00:00+00:00
[2024-08-16T13:29:46.657+0000] {processor.py:208} INFO - Processing /home/airflow/.local/lib/python3.12/site-packages/airflow/example_dags/example_trigger_controller_dag.py took 0.083 seconds
[2024-08-16T13:30:16.970+0000] {processor.py:186} INFO - Started process (PID=6765) to work on /home/airflow/.local/lib/python3.12/site-packages/airflow/example_dags/example_trigger_controller_dag.py
[2024-08-16T13:30:16.971+0000] {processor.py:914} INFO - Processing file /home/airflow/.local/lib/python3.12/site-packages/airflow/example_dags/example_trigger_controller_dag.py for tasks to queue
[2024-08-16T13:30:16.974+0000] {logging_mixin.py:190} INFO - [2024-08-16T13:30:16.974+0000] {dagbag.py:587} INFO - Filling up the DagBag from /home/airflow/.local/lib/python3.12/site-packages/airflow/example_dags/example_trigger_controller_dag.py
[2024-08-16T13:30:16.981+0000] {processor.py:925} INFO - DAG(s) 'example_trigger_controller_dag' retrieved from /home/airflow/.local/lib/python3.12/site-packages/airflow/example_dags/example_trigger_controller_dag.py
[2024-08-16T13:30:17.002+0000] {logging_mixin.py:190} INFO - [2024-08-16T13:30:17.002+0000] {dag.py:3211} INFO - Sync 1 DAGs
[2024-08-16T13:30:17.031+0000] {logging_mixin.py:190} INFO - [2024-08-16T13:30:17.031+0000] {dag.py:4138} INFO - Setting next_dagrun for example_trigger_controller_dag to 2021-01-01 00:00:00+00:00, run_after=2021-01-01 00:00:00+00:00
[2024-08-16T13:30:17.055+0000] {processor.py:208} INFO - Processing /home/airflow/.local/lib/python3.12/site-packages/airflow/example_dags/example_trigger_controller_dag.py took 0.092 seconds
[2024-08-16T13:30:47.460+0000] {processor.py:186} INFO - Started process (PID=7051) to work on /home/airflow/.local/lib/python3.12/site-packages/airflow/example_dags/example_trigger_controller_dag.py
[2024-08-16T13:30:47.461+0000] {processor.py:914} INFO - Processing file /home/airflow/.local/lib/python3.12/site-packages/airflow/example_dags/example_trigger_controller_dag.py for tasks to queue
[2024-08-16T13:30:47.463+0000] {logging_mixin.py:190} INFO - [2024-08-16T13:30:47.463+0000] {dagbag.py:587} INFO - Filling up the DagBag from /home/airflow/.local/lib/python3.12/site-packages/airflow/example_dags/example_trigger_controller_dag.py
[2024-08-16T13:30:47.470+0000] {processor.py:925} INFO - DAG(s) 'example_trigger_controller_dag' retrieved from /home/airflow/.local/lib/python3.12/site-packages/airflow/example_dags/example_trigger_controller_dag.py
[2024-08-16T13:30:47.491+0000] {logging_mixin.py:190} INFO - [2024-08-16T13:30:47.491+0000] {dag.py:3211} INFO - Sync 1 DAGs
[2024-08-16T13:30:47.515+0000] {logging_mixin.py:190} INFO - [2024-08-16T13:30:47.515+0000] {dag.py:4138} INFO - Setting next_dagrun for example_trigger_controller_dag to 2021-01-01 00:00:00+00:00, run_after=2021-01-01 00:00:00+00:00
[2024-08-16T13:30:47.535+0000] {processor.py:208} INFO - Processing /home/airflow/.local/lib/python3.12/site-packages/airflow/example_dags/example_trigger_controller_dag.py took 0.082 seconds
[2024-08-16T13:31:18.177+0000] {processor.py:186} INFO - Started process (PID=7339) to work on /home/airflow/.local/lib/python3.12/site-packages/airflow/example_dags/example_trigger_controller_dag.py
[2024-08-16T13:31:18.179+0000] {processor.py:914} INFO - Processing file /home/airflow/.local/lib/python3.12/site-packages/airflow/example_dags/example_trigger_controller_dag.py for tasks to queue
[2024-08-16T13:31:18.181+0000] {logging_mixin.py:190} INFO - [2024-08-16T13:31:18.181+0000] {dagbag.py:587} INFO - Filling up the DagBag from /home/airflow/.local/lib/python3.12/site-packages/airflow/example_dags/example_trigger_controller_dag.py
[2024-08-16T13:31:18.190+0000] {processor.py:925} INFO - DAG(s) 'example_trigger_controller_dag' retrieved from /home/airflow/.local/lib/python3.12/site-packages/airflow/example_dags/example_trigger_controller_dag.py
[2024-08-16T13:31:18.212+0000] {logging_mixin.py:190} INFO - [2024-08-16T13:31:18.212+0000] {dag.py:3211} INFO - Sync 1 DAGs
[2024-08-16T13:31:18.240+0000] {logging_mixin.py:190} INFO - [2024-08-16T13:31:18.240+0000] {dag.py:4138} INFO - Setting next_dagrun for example_trigger_controller_dag to 2021-01-01 00:00:00+00:00, run_after=2021-01-01 00:00:00+00:00
[2024-08-16T13:31:18.270+0000] {processor.py:208} INFO - Processing /home/airflow/.local/lib/python3.12/site-packages/airflow/example_dags/example_trigger_controller_dag.py took 0.099 seconds
[2024-08-16T13:31:48.716+0000] {processor.py:186} INFO - Started process (PID=7623) to work on /home/airflow/.local/lib/python3.12/site-packages/airflow/example_dags/example_trigger_controller_dag.py
[2024-08-16T13:31:48.717+0000] {processor.py:914} INFO - Processing file /home/airflow/.local/lib/python3.12/site-packages/airflow/example_dags/example_trigger_controller_dag.py for tasks to queue
[2024-08-16T13:31:48.720+0000] {logging_mixin.py:190} INFO - [2024-08-16T13:31:48.720+0000] {dagbag.py:587} INFO - Filling up the DagBag from /home/airflow/.local/lib/python3.12/site-packages/airflow/example_dags/example_trigger_controller_dag.py
[2024-08-16T13:31:48.727+0000] {processor.py:925} INFO - DAG(s) 'example_trigger_controller_dag' retrieved from /home/airflow/.local/lib/python3.12/site-packages/airflow/example_dags/example_trigger_controller_dag.py
[2024-08-16T13:31:48.751+0000] {logging_mixin.py:190} INFO - [2024-08-16T13:31:48.751+0000] {dag.py:3211} INFO - Sync 1 DAGs
[2024-08-16T13:31:48.778+0000] {logging_mixin.py:190} INFO - [2024-08-16T13:31:48.778+0000] {dag.py:4138} INFO - Setting next_dagrun for example_trigger_controller_dag to 2021-01-01 00:00:00+00:00, run_after=2021-01-01 00:00:00+00:00
[2024-08-16T13:31:48.801+0000] {processor.py:208} INFO - Processing /home/airflow/.local/lib/python3.12/site-packages/airflow/example_dags/example_trigger_controller_dag.py took 0.093 seconds
[2024-08-16T13:32:19.213+0000] {processor.py:186} INFO - Started process (PID=7911) to work on /home/airflow/.local/lib/python3.12/site-packages/airflow/example_dags/example_trigger_controller_dag.py
[2024-08-16T13:32:19.214+0000] {processor.py:914} INFO - Processing file /home/airflow/.local/lib/python3.12/site-packages/airflow/example_dags/example_trigger_controller_dag.py for tasks to queue
[2024-08-16T13:32:19.217+0000] {logging_mixin.py:190} INFO - [2024-08-16T13:32:19.217+0000] {dagbag.py:587} INFO - Filling up the DagBag from /home/airflow/.local/lib/python3.12/site-packages/airflow/example_dags/example_trigger_controller_dag.py
[2024-08-16T13:32:19.224+0000] {processor.py:925} INFO - DAG(s) 'example_trigger_controller_dag' retrieved from /home/airflow/.local/lib/python3.12/site-packages/airflow/example_dags/example_trigger_controller_dag.py
[2024-08-16T13:32:19.245+0000] {logging_mixin.py:190} INFO - [2024-08-16T13:32:19.244+0000] {dag.py:3211} INFO - Sync 1 DAGs
[2024-08-16T13:32:19.270+0000] {logging_mixin.py:190} INFO - [2024-08-16T13:32:19.270+0000] {dag.py:4138} INFO - Setting next_dagrun for example_trigger_controller_dag to 2021-01-01 00:00:00+00:00, run_after=2021-01-01 00:00:00+00:00
[2024-08-16T13:32:19.290+0000] {processor.py:208} INFO - Processing /home/airflow/.local/lib/python3.12/site-packages/airflow/example_dags/example_trigger_controller_dag.py took 0.084 seconds
[2024-08-16T13:32:49.581+0000] {processor.py:186} INFO - Started process (PID=8195) to work on /home/airflow/.local/lib/python3.12/site-packages/airflow/example_dags/example_trigger_controller_dag.py
[2024-08-16T13:32:49.582+0000] {processor.py:914} INFO - Processing file /home/airflow/.local/lib/python3.12/site-packages/airflow/example_dags/example_trigger_controller_dag.py for tasks to queue
[2024-08-16T13:32:49.585+0000] {logging_mixin.py:190} INFO - [2024-08-16T13:32:49.585+0000] {dagbag.py:587} INFO - Filling up the DagBag from /home/airflow/.local/lib/python3.12/site-packages/airflow/example_dags/example_trigger_controller_dag.py
[2024-08-16T13:32:49.592+0000] {processor.py:925} INFO - DAG(s) 'example_trigger_controller_dag' retrieved from /home/airflow/.local/lib/python3.12/site-packages/airflow/example_dags/example_trigger_controller_dag.py
[2024-08-16T13:32:49.614+0000] {logging_mixin.py:190} INFO - [2024-08-16T13:32:49.614+0000] {dag.py:3211} INFO - Sync 1 DAGs
[2024-08-16T13:32:49.638+0000] {logging_mixin.py:190} INFO - [2024-08-16T13:32:49.638+0000] {dag.py:4138} INFO - Setting next_dagrun for example_trigger_controller_dag to 2021-01-01 00:00:00+00:00, run_after=2021-01-01 00:00:00+00:00
[2024-08-16T13:32:49.658+0000] {processor.py:208} INFO - Processing /home/airflow/.local/lib/python3.12/site-packages/airflow/example_dags/example_trigger_controller_dag.py took 0.085 seconds
[2024-08-16T13:33:19.974+0000] {processor.py:186} INFO - Started process (PID=8481) to work on /home/airflow/.local/lib/python3.12/site-packages/airflow/example_dags/example_trigger_controller_dag.py
[2024-08-16T13:33:19.975+0000] {processor.py:914} INFO - Processing file /home/airflow/.local/lib/python3.12/site-packages/airflow/example_dags/example_trigger_controller_dag.py for tasks to queue
[2024-08-16T13:33:19.978+0000] {logging_mixin.py:190} INFO - [2024-08-16T13:33:19.977+0000] {dagbag.py:587} INFO - Filling up the DagBag from /home/airflow/.local/lib/python3.12/site-packages/airflow/example_dags/example_trigger_controller_dag.py
[2024-08-16T13:33:19.984+0000] {processor.py:925} INFO - DAG(s) 'example_trigger_controller_dag' retrieved from /home/airflow/.local/lib/python3.12/site-packages/airflow/example_dags/example_trigger_controller_dag.py
[2024-08-16T13:33:20.007+0000] {logging_mixin.py:190} INFO - [2024-08-16T13:33:20.007+0000] {dag.py:3211} INFO - Sync 1 DAGs
[2024-08-16T13:33:20.035+0000] {logging_mixin.py:190} INFO - [2024-08-16T13:33:20.034+0000] {dag.py:4138} INFO - Setting next_dagrun for example_trigger_controller_dag to 2021-01-01 00:00:00+00:00, run_after=2021-01-01 00:00:00+00:00
[2024-08-16T13:33:20.060+0000] {processor.py:208} INFO - Processing /home/airflow/.local/lib/python3.12/site-packages/airflow/example_dags/example_trigger_controller_dag.py took 0.093 seconds
[2024-08-16T13:33:50.390+0000] {processor.py:186} INFO - Started process (PID=8767) to work on /home/airflow/.local/lib/python3.12/site-packages/airflow/example_dags/example_trigger_controller_dag.py
[2024-08-16T13:33:50.392+0000] {processor.py:914} INFO - Processing file /home/airflow/.local/lib/python3.12/site-packages/airflow/example_dags/example_trigger_controller_dag.py for tasks to queue
[2024-08-16T13:33:50.394+0000] {logging_mixin.py:190} INFO - [2024-08-16T13:33:50.394+0000] {dagbag.py:587} INFO - Filling up the DagBag from /home/airflow/.local/lib/python3.12/site-packages/airflow/example_dags/example_trigger_controller_dag.py
[2024-08-16T13:33:50.401+0000] {processor.py:925} INFO - DAG(s) 'example_trigger_controller_dag' retrieved from /home/airflow/.local/lib/python3.12/site-packages/airflow/example_dags/example_trigger_controller_dag.py
[2024-08-16T13:33:50.423+0000] {logging_mixin.py:190} INFO - [2024-08-16T13:33:50.423+0000] {dag.py:3211} INFO - Sync 1 DAGs
[2024-08-16T13:33:50.450+0000] {logging_mixin.py:190} INFO - [2024-08-16T13:33:50.449+0000] {dag.py:4138} INFO - Setting next_dagrun for example_trigger_controller_dag to 2021-01-01 00:00:00+00:00, run_after=2021-01-01 00:00:00+00:00
[2024-08-16T13:33:50.471+0000] {processor.py:208} INFO - Processing /home/airflow/.local/lib/python3.12/site-packages/airflow/example_dags/example_trigger_controller_dag.py took 0.089 seconds
[2024-08-16T13:34:20.770+0000] {processor.py:186} INFO - Started process (PID=9055) to work on /home/airflow/.local/lib/python3.12/site-packages/airflow/example_dags/example_trigger_controller_dag.py
[2024-08-16T13:34:20.771+0000] {processor.py:914} INFO - Processing file /home/airflow/.local/lib/python3.12/site-packages/airflow/example_dags/example_trigger_controller_dag.py for tasks to queue
[2024-08-16T13:34:20.774+0000] {logging_mixin.py:190} INFO - [2024-08-16T13:34:20.774+0000] {dagbag.py:587} INFO - Filling up the DagBag from /home/airflow/.local/lib/python3.12/site-packages/airflow/example_dags/example_trigger_controller_dag.py
[2024-08-16T13:34:20.782+0000] {processor.py:925} INFO - DAG(s) 'example_trigger_controller_dag' retrieved from /home/airflow/.local/lib/python3.12/site-packages/airflow/example_dags/example_trigger_controller_dag.py
[2024-08-16T13:34:20.804+0000] {logging_mixin.py:190} INFO - [2024-08-16T13:34:20.804+0000] {dag.py:3211} INFO - Sync 1 DAGs
[2024-08-16T13:34:20.830+0000] {logging_mixin.py:190} INFO - [2024-08-16T13:34:20.830+0000] {dag.py:4138} INFO - Setting next_dagrun for example_trigger_controller_dag to 2021-01-01 00:00:00+00:00, run_after=2021-01-01 00:00:00+00:00
[2024-08-16T13:34:20.850+0000] {processor.py:208} INFO - Processing /home/airflow/.local/lib/python3.12/site-packages/airflow/example_dags/example_trigger_controller_dag.py took 0.086 seconds
[2024-08-16T13:34:51.255+0000] {processor.py:186} INFO - Started process (PID=9339) to work on /home/airflow/.local/lib/python3.12/site-packages/airflow/example_dags/example_trigger_controller_dag.py
[2024-08-16T13:34:51.256+0000] {processor.py:914} INFO - Processing file /home/airflow/.local/lib/python3.12/site-packages/airflow/example_dags/example_trigger_controller_dag.py for tasks to queue
[2024-08-16T13:34:51.258+0000] {logging_mixin.py:190} INFO - [2024-08-16T13:34:51.258+0000] {dagbag.py:587} INFO - Filling up the DagBag from /home/airflow/.local/lib/python3.12/site-packages/airflow/example_dags/example_trigger_controller_dag.py
[2024-08-16T13:34:51.265+0000] {processor.py:925} INFO - DAG(s) 'example_trigger_controller_dag' retrieved from /home/airflow/.local/lib/python3.12/site-packages/airflow/example_dags/example_trigger_controller_dag.py
[2024-08-16T13:34:51.284+0000] {logging_mixin.py:190} INFO - [2024-08-16T13:34:51.284+0000] {dag.py:3211} INFO - Sync 1 DAGs
[2024-08-16T13:34:51.309+0000] {logging_mixin.py:190} INFO - [2024-08-16T13:34:51.309+0000] {dag.py:4138} INFO - Setting next_dagrun for example_trigger_controller_dag to 2021-01-01 00:00:00+00:00, run_after=2021-01-01 00:00:00+00:00
[2024-08-16T13:34:51.329+0000] {processor.py:208} INFO - Processing /home/airflow/.local/lib/python3.12/site-packages/airflow/example_dags/example_trigger_controller_dag.py took 0.082 seconds
[2024-08-16T13:35:21.736+0000] {processor.py:186} INFO - Started process (PID=9625) to work on /home/airflow/.local/lib/python3.12/site-packages/airflow/example_dags/example_trigger_controller_dag.py
[2024-08-16T13:35:21.737+0000] {processor.py:914} INFO - Processing file /home/airflow/.local/lib/python3.12/site-packages/airflow/example_dags/example_trigger_controller_dag.py for tasks to queue
[2024-08-16T13:35:21.740+0000] {logging_mixin.py:190} INFO - [2024-08-16T13:35:21.740+0000] {dagbag.py:587} INFO - Filling up the DagBag from /home/airflow/.local/lib/python3.12/site-packages/airflow/example_dags/example_trigger_controller_dag.py
[2024-08-16T13:35:21.747+0000] {processor.py:925} INFO - DAG(s) 'example_trigger_controller_dag' retrieved from /home/airflow/.local/lib/python3.12/site-packages/airflow/example_dags/example_trigger_controller_dag.py
[2024-08-16T13:35:21.767+0000] {logging_mixin.py:190} INFO - [2024-08-16T13:35:21.767+0000] {dag.py:3211} INFO - Sync 1 DAGs
[2024-08-16T13:35:21.792+0000] {logging_mixin.py:190} INFO - [2024-08-16T13:35:21.791+0000] {dag.py:4138} INFO - Setting next_dagrun for example_trigger_controller_dag to 2021-01-01 00:00:00+00:00, run_after=2021-01-01 00:00:00+00:00
[2024-08-16T13:35:21.813+0000] {processor.py:208} INFO - Processing /home/airflow/.local/lib/python3.12/site-packages/airflow/example_dags/example_trigger_controller_dag.py took 0.083 seconds
[2024-08-16T13:35:52.336+0000] {processor.py:186} INFO - Started process (PID=9913) to work on /home/airflow/.local/lib/python3.12/site-packages/airflow/example_dags/example_trigger_controller_dag.py
[2024-08-16T13:35:52.337+0000] {processor.py:914} INFO - Processing file /home/airflow/.local/lib/python3.12/site-packages/airflow/example_dags/example_trigger_controller_dag.py for tasks to queue
[2024-08-16T13:35:52.340+0000] {logging_mixin.py:190} INFO - [2024-08-16T13:35:52.339+0000] {dagbag.py:587} INFO - Filling up the DagBag from /home/airflow/.local/lib/python3.12/site-packages/airflow/example_dags/example_trigger_controller_dag.py
[2024-08-16T13:35:52.348+0000] {processor.py:925} INFO - DAG(s) 'example_trigger_controller_dag' retrieved from /home/airflow/.local/lib/python3.12/site-packages/airflow/example_dags/example_trigger_controller_dag.py
[2024-08-16T13:35:52.370+0000] {logging_mixin.py:190} INFO - [2024-08-16T13:35:52.370+0000] {dag.py:3211} INFO - Sync 1 DAGs
[2024-08-16T13:35:52.394+0000] {logging_mixin.py:190} INFO - [2024-08-16T13:35:52.394+0000] {dag.py:4138} INFO - Setting next_dagrun for example_trigger_controller_dag to 2021-01-01 00:00:00+00:00, run_after=2021-01-01 00:00:00+00:00
[2024-08-16T13:35:52.413+0000] {processor.py:208} INFO - Processing /home/airflow/.local/lib/python3.12/site-packages/airflow/example_dags/example_trigger_controller_dag.py took 0.083 seconds
[2024-08-16T13:36:22.570+0000] {processor.py:186} INFO - Started process (PID=10197) to work on /home/airflow/.local/lib/python3.12/site-packages/airflow/example_dags/example_trigger_controller_dag.py
[2024-08-16T13:36:22.571+0000] {processor.py:914} INFO - Processing file /home/airflow/.local/lib/python3.12/site-packages/airflow/example_dags/example_trigger_controller_dag.py for tasks to queue
[2024-08-16T13:36:22.574+0000] {logging_mixin.py:190} INFO - [2024-08-16T13:36:22.573+0000] {dagbag.py:587} INFO - Filling up the DagBag from /home/airflow/.local/lib/python3.12/site-packages/airflow/example_dags/example_trigger_controller_dag.py
[2024-08-16T13:36:22.581+0000] {processor.py:925} INFO - DAG(s) 'example_trigger_controller_dag' retrieved from /home/airflow/.local/lib/python3.12/site-packages/airflow/example_dags/example_trigger_controller_dag.py
[2024-08-16T13:36:22.601+0000] {logging_mixin.py:190} INFO - [2024-08-16T13:36:22.601+0000] {dag.py:3211} INFO - Sync 1 DAGs
[2024-08-16T13:36:22.627+0000] {logging_mixin.py:190} INFO - [2024-08-16T13:36:22.626+0000] {dag.py:4138} INFO - Setting next_dagrun for example_trigger_controller_dag to 2021-01-01 00:00:00+00:00, run_after=2021-01-01 00:00:00+00:00
[2024-08-16T13:36:22.651+0000] {processor.py:208} INFO - Processing /home/airflow/.local/lib/python3.12/site-packages/airflow/example_dags/example_trigger_controller_dag.py took 0.087 seconds
[2024-08-16T13:36:53.081+0000] {processor.py:186} INFO - Started process (PID=10483) to work on /home/airflow/.local/lib/python3.12/site-packages/airflow/example_dags/example_trigger_controller_dag.py
[2024-08-16T13:36:53.082+0000] {processor.py:914} INFO - Processing file /home/airflow/.local/lib/python3.12/site-packages/airflow/example_dags/example_trigger_controller_dag.py for tasks to queue
[2024-08-16T13:36:53.085+0000] {logging_mixin.py:190} INFO - [2024-08-16T13:36:53.085+0000] {dagbag.py:587} INFO - Filling up the DagBag from /home/airflow/.local/lib/python3.12/site-packages/airflow/example_dags/example_trigger_controller_dag.py
[2024-08-16T13:36:53.093+0000] {processor.py:925} INFO - DAG(s) 'example_trigger_controller_dag' retrieved from /home/airflow/.local/lib/python3.12/site-packages/airflow/example_dags/example_trigger_controller_dag.py
[2024-08-16T13:36:53.117+0000] {logging_mixin.py:190} INFO - [2024-08-16T13:36:53.116+0000] {dag.py:3211} INFO - Sync 1 DAGs
[2024-08-16T13:36:53.142+0000] {logging_mixin.py:190} INFO - [2024-08-16T13:36:53.142+0000] {dag.py:4138} INFO - Setting next_dagrun for example_trigger_controller_dag to 2021-01-01 00:00:00+00:00, run_after=2021-01-01 00:00:00+00:00
[2024-08-16T13:36:53.161+0000] {processor.py:208} INFO - Processing /home/airflow/.local/lib/python3.12/site-packages/airflow/example_dags/example_trigger_controller_dag.py took 0.086 seconds
[2024-08-16T13:37:23.677+0000] {processor.py:186} INFO - Started process (PID=10772) to work on /home/airflow/.local/lib/python3.12/site-packages/airflow/example_dags/example_trigger_controller_dag.py
[2024-08-16T13:37:23.679+0000] {processor.py:914} INFO - Processing file /home/airflow/.local/lib/python3.12/site-packages/airflow/example_dags/example_trigger_controller_dag.py for tasks to queue
[2024-08-16T13:37:23.681+0000] {logging_mixin.py:190} INFO - [2024-08-16T13:37:23.681+0000] {dagbag.py:587} INFO - Filling up the DagBag from /home/airflow/.local/lib/python3.12/site-packages/airflow/example_dags/example_trigger_controller_dag.py
[2024-08-16T13:37:23.689+0000] {processor.py:925} INFO - DAG(s) 'example_trigger_controller_dag' retrieved from /home/airflow/.local/lib/python3.12/site-packages/airflow/example_dags/example_trigger_controller_dag.py
[2024-08-16T13:37:23.712+0000] {logging_mixin.py:190} INFO - [2024-08-16T13:37:23.712+0000] {dag.py:3211} INFO - Sync 1 DAGs
[2024-08-16T13:37:23.737+0000] {logging_mixin.py:190} INFO - [2024-08-16T13:37:23.736+0000] {dag.py:4138} INFO - Setting next_dagrun for example_trigger_controller_dag to 2021-01-01 00:00:00+00:00, run_after=2021-01-01 00:00:00+00:00
[2024-08-16T13:37:23.758+0000] {processor.py:208} INFO - Processing /home/airflow/.local/lib/python3.12/site-packages/airflow/example_dags/example_trigger_controller_dag.py took 0.087 seconds
[2024-08-16T13:37:54.114+0000] {processor.py:186} INFO - Started process (PID=11058) to work on /home/airflow/.local/lib/python3.12/site-packages/airflow/example_dags/example_trigger_controller_dag.py
[2024-08-16T13:37:54.115+0000] {processor.py:914} INFO - Processing file /home/airflow/.local/lib/python3.12/site-packages/airflow/example_dags/example_trigger_controller_dag.py for tasks to queue
[2024-08-16T13:37:54.117+0000] {logging_mixin.py:190} INFO - [2024-08-16T13:37:54.117+0000] {dagbag.py:587} INFO - Filling up the DagBag from /home/airflow/.local/lib/python3.12/site-packages/airflow/example_dags/example_trigger_controller_dag.py
[2024-08-16T13:37:54.125+0000] {processor.py:925} INFO - DAG(s) 'example_trigger_controller_dag' retrieved from /home/airflow/.local/lib/python3.12/site-packages/airflow/example_dags/example_trigger_controller_dag.py
[2024-08-16T13:37:54.146+0000] {logging_mixin.py:190} INFO - [2024-08-16T13:37:54.145+0000] {dag.py:3211} INFO - Sync 1 DAGs
[2024-08-16T13:37:54.172+0000] {logging_mixin.py:190} INFO - [2024-08-16T13:37:54.172+0000] {dag.py:4138} INFO - Setting next_dagrun for example_trigger_controller_dag to 2021-01-01 00:00:00+00:00, run_after=2021-01-01 00:00:00+00:00
[2024-08-16T13:37:54.193+0000] {processor.py:208} INFO - Processing /home/airflow/.local/lib/python3.12/site-packages/airflow/example_dags/example_trigger_controller_dag.py took 0.086 seconds
[2024-08-16T13:38:24.401+0000] {processor.py:186} INFO - Started process (PID=11344) to work on /home/airflow/.local/lib/python3.12/site-packages/airflow/example_dags/example_trigger_controller_dag.py
[2024-08-16T13:38:24.402+0000] {processor.py:914} INFO - Processing file /home/airflow/.local/lib/python3.12/site-packages/airflow/example_dags/example_trigger_controller_dag.py for tasks to queue
[2024-08-16T13:38:24.405+0000] {logging_mixin.py:190} INFO - [2024-08-16T13:38:24.404+0000] {dagbag.py:587} INFO - Filling up the DagBag from /home/airflow/.local/lib/python3.12/site-packages/airflow/example_dags/example_trigger_controller_dag.py
[2024-08-16T13:38:24.411+0000] {processor.py:925} INFO - DAG(s) 'example_trigger_controller_dag' retrieved from /home/airflow/.local/lib/python3.12/site-packages/airflow/example_dags/example_trigger_controller_dag.py
[2024-08-16T13:38:24.433+0000] {logging_mixin.py:190} INFO - [2024-08-16T13:38:24.433+0000] {dag.py:3211} INFO - Sync 1 DAGs
[2024-08-16T13:38:24.462+0000] {logging_mixin.py:190} INFO - [2024-08-16T13:38:24.461+0000] {dag.py:4138} INFO - Setting next_dagrun for example_trigger_controller_dag to 2021-01-01 00:00:00+00:00, run_after=2021-01-01 00:00:00+00:00
[2024-08-16T13:38:24.486+0000] {processor.py:208} INFO - Processing /home/airflow/.local/lib/python3.12/site-packages/airflow/example_dags/example_trigger_controller_dag.py took 0.092 seconds
[2024-08-16T13:38:54.908+0000] {processor.py:186} INFO - Started process (PID=11630) to work on /home/airflow/.local/lib/python3.12/site-packages/airflow/example_dags/example_trigger_controller_dag.py
[2024-08-16T13:38:54.909+0000] {processor.py:914} INFO - Processing file /home/airflow/.local/lib/python3.12/site-packages/airflow/example_dags/example_trigger_controller_dag.py for tasks to queue
[2024-08-16T13:38:54.911+0000] {logging_mixin.py:190} INFO - [2024-08-16T13:38:54.911+0000] {dagbag.py:587} INFO - Filling up the DagBag from /home/airflow/.local/lib/python3.12/site-packages/airflow/example_dags/example_trigger_controller_dag.py
[2024-08-16T13:38:54.919+0000] {processor.py:925} INFO - DAG(s) 'example_trigger_controller_dag' retrieved from /home/airflow/.local/lib/python3.12/site-packages/airflow/example_dags/example_trigger_controller_dag.py
[2024-08-16T13:38:54.940+0000] {logging_mixin.py:190} INFO - [2024-08-16T13:38:54.940+0000] {dag.py:3211} INFO - Sync 1 DAGs
[2024-08-16T13:38:54.966+0000] {logging_mixin.py:190} INFO - [2024-08-16T13:38:54.966+0000] {dag.py:4138} INFO - Setting next_dagrun for example_trigger_controller_dag to 2021-01-01 00:00:00+00:00, run_after=2021-01-01 00:00:00+00:00
[2024-08-16T13:38:54.985+0000] {processor.py:208} INFO - Processing /home/airflow/.local/lib/python3.12/site-packages/airflow/example_dags/example_trigger_controller_dag.py took 0.083 seconds
[2024-08-16T13:39:25.123+0000] {processor.py:186} INFO - Started process (PID=11916) to work on /home/airflow/.local/lib/python3.12/site-packages/airflow/example_dags/example_trigger_controller_dag.py
[2024-08-16T13:39:25.124+0000] {processor.py:914} INFO - Processing file /home/airflow/.local/lib/python3.12/site-packages/airflow/example_dags/example_trigger_controller_dag.py for tasks to queue
[2024-08-16T13:39:25.127+0000] {logging_mixin.py:190} INFO - [2024-08-16T13:39:25.127+0000] {dagbag.py:587} INFO - Filling up the DagBag from /home/airflow/.local/lib/python3.12/site-packages/airflow/example_dags/example_trigger_controller_dag.py
[2024-08-16T13:39:25.135+0000] {processor.py:925} INFO - DAG(s) 'example_trigger_controller_dag' retrieved from /home/airflow/.local/lib/python3.12/site-packages/airflow/example_dags/example_trigger_controller_dag.py
[2024-08-16T13:39:25.157+0000] {logging_mixin.py:190} INFO - [2024-08-16T13:39:25.157+0000] {dag.py:3211} INFO - Sync 1 DAGs
[2024-08-16T13:39:25.183+0000] {logging_mixin.py:190} INFO - [2024-08-16T13:39:25.183+0000] {dag.py:4138} INFO - Setting next_dagrun for example_trigger_controller_dag to 2021-01-01 00:00:00+00:00, run_after=2021-01-01 00:00:00+00:00
[2024-08-16T13:39:25.203+0000] {processor.py:208} INFO - Processing /home/airflow/.local/lib/python3.12/site-packages/airflow/example_dags/example_trigger_controller_dag.py took 0.086 seconds
[2024-08-16T13:39:55.348+0000] {processor.py:186} INFO - Started process (PID=12202) to work on /home/airflow/.local/lib/python3.12/site-packages/airflow/example_dags/example_trigger_controller_dag.py
[2024-08-16T13:39:55.349+0000] {processor.py:914} INFO - Processing file /home/airflow/.local/lib/python3.12/site-packages/airflow/example_dags/example_trigger_controller_dag.py for tasks to queue
[2024-08-16T13:39:55.351+0000] {logging_mixin.py:190} INFO - [2024-08-16T13:39:55.351+0000] {dagbag.py:587} INFO - Filling up the DagBag from /home/airflow/.local/lib/python3.12/site-packages/airflow/example_dags/example_trigger_controller_dag.py
[2024-08-16T13:39:55.359+0000] {processor.py:925} INFO - DAG(s) 'example_trigger_controller_dag' retrieved from /home/airflow/.local/lib/python3.12/site-packages/airflow/example_dags/example_trigger_controller_dag.py
[2024-08-16T13:39:55.382+0000] {logging_mixin.py:190} INFO - [2024-08-16T13:39:55.382+0000] {dag.py:3211} INFO - Sync 1 DAGs
[2024-08-16T13:39:55.410+0000] {logging_mixin.py:190} INFO - [2024-08-16T13:39:55.410+0000] {dag.py:4138} INFO - Setting next_dagrun for example_trigger_controller_dag to 2021-01-01 00:00:00+00:00, run_after=2021-01-01 00:00:00+00:00
[2024-08-16T13:39:55.431+0000] {processor.py:208} INFO - Processing /home/airflow/.local/lib/python3.12/site-packages/airflow/example_dags/example_trigger_controller_dag.py took 0.090 seconds
[2024-08-16T13:40:25.545+0000] {processor.py:186} INFO - Started process (PID=12488) to work on /home/airflow/.local/lib/python3.12/site-packages/airflow/example_dags/example_trigger_controller_dag.py
[2024-08-16T13:40:25.547+0000] {processor.py:914} INFO - Processing file /home/airflow/.local/lib/python3.12/site-packages/airflow/example_dags/example_trigger_controller_dag.py for tasks to queue
[2024-08-16T13:40:25.549+0000] {logging_mixin.py:190} INFO - [2024-08-16T13:40:25.549+0000] {dagbag.py:587} INFO - Filling up the DagBag from /home/airflow/.local/lib/python3.12/site-packages/airflow/example_dags/example_trigger_controller_dag.py
[2024-08-16T13:40:25.558+0000] {processor.py:925} INFO - DAG(s) 'example_trigger_controller_dag' retrieved from /home/airflow/.local/lib/python3.12/site-packages/airflow/example_dags/example_trigger_controller_dag.py
[2024-08-16T13:40:25.580+0000] {logging_mixin.py:190} INFO - [2024-08-16T13:40:25.580+0000] {dag.py:3211} INFO - Sync 1 DAGs
[2024-08-16T13:40:25.607+0000] {logging_mixin.py:190} INFO - [2024-08-16T13:40:25.607+0000] {dag.py:4138} INFO - Setting next_dagrun for example_trigger_controller_dag to 2021-01-01 00:00:00+00:00, run_after=2021-01-01 00:00:00+00:00
[2024-08-16T13:40:25.629+0000] {processor.py:208} INFO - Processing /home/airflow/.local/lib/python3.12/site-packages/airflow/example_dags/example_trigger_controller_dag.py took 0.093 seconds
[2024-08-16T13:40:56.131+0000] {processor.py:186} INFO - Started process (PID=12772) to work on /home/airflow/.local/lib/python3.12/site-packages/airflow/example_dags/example_trigger_controller_dag.py
[2024-08-16T13:40:56.133+0000] {processor.py:914} INFO - Processing file /home/airflow/.local/lib/python3.12/site-packages/airflow/example_dags/example_trigger_controller_dag.py for tasks to queue
[2024-08-16T13:40:56.138+0000] {logging_mixin.py:190} INFO - [2024-08-16T13:40:56.138+0000] {dagbag.py:587} INFO - Filling up the DagBag from /home/airflow/.local/lib/python3.12/site-packages/airflow/example_dags/example_trigger_controller_dag.py
[2024-08-16T13:40:56.153+0000] {processor.py:925} INFO - DAG(s) 'example_trigger_controller_dag' retrieved from /home/airflow/.local/lib/python3.12/site-packages/airflow/example_dags/example_trigger_controller_dag.py
[2024-08-16T13:40:56.205+0000] {logging_mixin.py:190} INFO - [2024-08-16T13:40:56.204+0000] {dag.py:3211} INFO - Sync 1 DAGs
[2024-08-16T13:40:56.263+0000] {logging_mixin.py:190} INFO - [2024-08-16T13:40:56.262+0000] {dag.py:4138} INFO - Setting next_dagrun for example_trigger_controller_dag to 2021-01-01 00:00:00+00:00, run_after=2021-01-01 00:00:00+00:00
[2024-08-16T13:40:56.308+0000] {processor.py:208} INFO - Processing /home/airflow/.local/lib/python3.12/site-packages/airflow/example_dags/example_trigger_controller_dag.py took 0.188 seconds
[2024-08-16T13:41:26.403+0000] {processor.py:186} INFO - Started process (PID=13058) to work on /home/airflow/.local/lib/python3.12/site-packages/airflow/example_dags/example_trigger_controller_dag.py
[2024-08-16T13:41:26.404+0000] {processor.py:914} INFO - Processing file /home/airflow/.local/lib/python3.12/site-packages/airflow/example_dags/example_trigger_controller_dag.py for tasks to queue
[2024-08-16T13:41:26.407+0000] {logging_mixin.py:190} INFO - [2024-08-16T13:41:26.406+0000] {dagbag.py:587} INFO - Filling up the DagBag from /home/airflow/.local/lib/python3.12/site-packages/airflow/example_dags/example_trigger_controller_dag.py
[2024-08-16T13:41:26.414+0000] {processor.py:925} INFO - DAG(s) 'example_trigger_controller_dag' retrieved from /home/airflow/.local/lib/python3.12/site-packages/airflow/example_dags/example_trigger_controller_dag.py
[2024-08-16T13:41:26.438+0000] {logging_mixin.py:190} INFO - [2024-08-16T13:41:26.437+0000] {dag.py:3211} INFO - Sync 1 DAGs
[2024-08-16T13:41:26.466+0000] {logging_mixin.py:190} INFO - [2024-08-16T13:41:26.465+0000] {dag.py:4138} INFO - Setting next_dagrun for example_trigger_controller_dag to 2021-01-01 00:00:00+00:00, run_after=2021-01-01 00:00:00+00:00
[2024-08-16T13:41:26.488+0000] {processor.py:208} INFO - Processing /home/airflow/.local/lib/python3.12/site-packages/airflow/example_dags/example_trigger_controller_dag.py took 0.093 seconds
[2024-08-16T13:41:56.979+0000] {processor.py:186} INFO - Started process (PID=13344) to work on /home/airflow/.local/lib/python3.12/site-packages/airflow/example_dags/example_trigger_controller_dag.py
[2024-08-16T13:41:56.981+0000] {processor.py:914} INFO - Processing file /home/airflow/.local/lib/python3.12/site-packages/airflow/example_dags/example_trigger_controller_dag.py for tasks to queue
[2024-08-16T13:41:56.984+0000] {logging_mixin.py:190} INFO - [2024-08-16T13:41:56.983+0000] {dagbag.py:587} INFO - Filling up the DagBag from /home/airflow/.local/lib/python3.12/site-packages/airflow/example_dags/example_trigger_controller_dag.py
[2024-08-16T13:41:56.991+0000] {processor.py:925} INFO - DAG(s) 'example_trigger_controller_dag' retrieved from /home/airflow/.local/lib/python3.12/site-packages/airflow/example_dags/example_trigger_controller_dag.py
[2024-08-16T13:41:57.013+0000] {logging_mixin.py:190} INFO - [2024-08-16T13:41:57.012+0000] {dag.py:3211} INFO - Sync 1 DAGs
[2024-08-16T13:41:57.038+0000] {logging_mixin.py:190} INFO - [2024-08-16T13:41:57.038+0000] {dag.py:4138} INFO - Setting next_dagrun for example_trigger_controller_dag to 2021-01-01 00:00:00+00:00, run_after=2021-01-01 00:00:00+00:00
[2024-08-16T13:41:57.060+0000] {processor.py:208} INFO - Processing /home/airflow/.local/lib/python3.12/site-packages/airflow/example_dags/example_trigger_controller_dag.py took 0.087 seconds
[2024-08-16T13:42:27.390+0000] {processor.py:186} INFO - Started process (PID=13632) to work on /home/airflow/.local/lib/python3.12/site-packages/airflow/example_dags/example_trigger_controller_dag.py
[2024-08-16T13:42:27.391+0000] {processor.py:914} INFO - Processing file /home/airflow/.local/lib/python3.12/site-packages/airflow/example_dags/example_trigger_controller_dag.py for tasks to queue
[2024-08-16T13:42:27.393+0000] {logging_mixin.py:190} INFO - [2024-08-16T13:42:27.393+0000] {dagbag.py:587} INFO - Filling up the DagBag from /home/airflow/.local/lib/python3.12/site-packages/airflow/example_dags/example_trigger_controller_dag.py
[2024-08-16T13:42:27.402+0000] {processor.py:925} INFO - DAG(s) 'example_trigger_controller_dag' retrieved from /home/airflow/.local/lib/python3.12/site-packages/airflow/example_dags/example_trigger_controller_dag.py
[2024-08-16T13:42:27.426+0000] {logging_mixin.py:190} INFO - [2024-08-16T13:42:27.426+0000] {dag.py:3211} INFO - Sync 1 DAGs
[2024-08-16T13:42:27.454+0000] {logging_mixin.py:190} INFO - [2024-08-16T13:42:27.453+0000] {dag.py:4138} INFO - Setting next_dagrun for example_trigger_controller_dag to 2021-01-01 00:00:00+00:00, run_after=2021-01-01 00:00:00+00:00
[2024-08-16T13:42:27.474+0000] {processor.py:208} INFO - Processing /home/airflow/.local/lib/python3.12/site-packages/airflow/example_dags/example_trigger_controller_dag.py took 0.091 seconds
[2024-08-16T13:42:58.330+0000] {processor.py:186} INFO - Started process (PID=13916) to work on /home/airflow/.local/lib/python3.12/site-packages/airflow/example_dags/example_trigger_controller_dag.py
[2024-08-16T13:42:58.331+0000] {processor.py:914} INFO - Processing file /home/airflow/.local/lib/python3.12/site-packages/airflow/example_dags/example_trigger_controller_dag.py for tasks to queue
[2024-08-16T13:42:58.334+0000] {logging_mixin.py:190} INFO - [2024-08-16T13:42:58.333+0000] {dagbag.py:587} INFO - Filling up the DagBag from /home/airflow/.local/lib/python3.12/site-packages/airflow/example_dags/example_trigger_controller_dag.py
[2024-08-16T13:42:58.342+0000] {processor.py:925} INFO - DAG(s) 'example_trigger_controller_dag' retrieved from /home/airflow/.local/lib/python3.12/site-packages/airflow/example_dags/example_trigger_controller_dag.py
[2024-08-16T13:42:58.365+0000] {logging_mixin.py:190} INFO - [2024-08-16T13:42:58.365+0000] {dag.py:3211} INFO - Sync 1 DAGs
[2024-08-16T13:42:58.389+0000] {logging_mixin.py:190} INFO - [2024-08-16T13:42:58.389+0000] {dag.py:4138} INFO - Setting next_dagrun for example_trigger_controller_dag to 2021-01-01 00:00:00+00:00, run_after=2021-01-01 00:00:00+00:00
[2024-08-16T13:42:58.408+0000] {processor.py:208} INFO - Processing /home/airflow/.local/lib/python3.12/site-packages/airflow/example_dags/example_trigger_controller_dag.py took 0.086 seconds
[2024-08-16T13:43:29.158+0000] {processor.py:186} INFO - Started process (PID=14204) to work on /home/airflow/.local/lib/python3.12/site-packages/airflow/example_dags/example_trigger_controller_dag.py
[2024-08-16T13:43:29.159+0000] {processor.py:914} INFO - Processing file /home/airflow/.local/lib/python3.12/site-packages/airflow/example_dags/example_trigger_controller_dag.py for tasks to queue
[2024-08-16T13:43:29.162+0000] {logging_mixin.py:190} INFO - [2024-08-16T13:43:29.161+0000] {dagbag.py:587} INFO - Filling up the DagBag from /home/airflow/.local/lib/python3.12/site-packages/airflow/example_dags/example_trigger_controller_dag.py
[2024-08-16T13:43:29.168+0000] {processor.py:925} INFO - DAG(s) 'example_trigger_controller_dag' retrieved from /home/airflow/.local/lib/python3.12/site-packages/airflow/example_dags/example_trigger_controller_dag.py
[2024-08-16T13:43:29.188+0000] {logging_mixin.py:190} INFO - [2024-08-16T13:43:29.188+0000] {dag.py:3211} INFO - Sync 1 DAGs
[2024-08-16T13:43:29.215+0000] {logging_mixin.py:190} INFO - [2024-08-16T13:43:29.215+0000] {dag.py:4138} INFO - Setting next_dagrun for example_trigger_controller_dag to 2021-01-01 00:00:00+00:00, run_after=2021-01-01 00:00:00+00:00
[2024-08-16T13:43:29.234+0000] {processor.py:208} INFO - Processing /home/airflow/.local/lib/python3.12/site-packages/airflow/example_dags/example_trigger_controller_dag.py took 0.082 seconds
[2024-08-16T13:43:59.483+0000] {processor.py:186} INFO - Started process (PID=14488) to work on /home/airflow/.local/lib/python3.12/site-packages/airflow/example_dags/example_trigger_controller_dag.py
[2024-08-16T13:43:59.484+0000] {processor.py:914} INFO - Processing file /home/airflow/.local/lib/python3.12/site-packages/airflow/example_dags/example_trigger_controller_dag.py for tasks to queue
[2024-08-16T13:43:59.487+0000] {logging_mixin.py:190} INFO - [2024-08-16T13:43:59.487+0000] {dagbag.py:587} INFO - Filling up the DagBag from /home/airflow/.local/lib/python3.12/site-packages/airflow/example_dags/example_trigger_controller_dag.py
[2024-08-16T13:43:59.495+0000] {processor.py:925} INFO - DAG(s) 'example_trigger_controller_dag' retrieved from /home/airflow/.local/lib/python3.12/site-packages/airflow/example_dags/example_trigger_controller_dag.py
[2024-08-16T13:43:59.515+0000] {logging_mixin.py:190} INFO - [2024-08-16T13:43:59.515+0000] {dag.py:3211} INFO - Sync 1 DAGs
[2024-08-16T13:43:59.553+0000] {logging_mixin.py:190} INFO - [2024-08-16T13:43:59.552+0000] {dag.py:4138} INFO - Setting next_dagrun for example_trigger_controller_dag to 2021-01-01 00:00:00+00:00, run_after=2021-01-01 00:00:00+00:00
[2024-08-16T13:43:59.579+0000] {processor.py:208} INFO - Processing /home/airflow/.local/lib/python3.12/site-packages/airflow/example_dags/example_trigger_controller_dag.py took 0.102 seconds
[2024-08-16T13:44:30.182+0000] {processor.py:186} INFO - Started process (PID=14774) to work on /home/airflow/.local/lib/python3.12/site-packages/airflow/example_dags/example_trigger_controller_dag.py
[2024-08-16T13:44:30.183+0000] {processor.py:914} INFO - Processing file /home/airflow/.local/lib/python3.12/site-packages/airflow/example_dags/example_trigger_controller_dag.py for tasks to queue
[2024-08-16T13:44:30.189+0000] {logging_mixin.py:190} INFO - [2024-08-16T13:44:30.189+0000] {dagbag.py:587} INFO - Filling up the DagBag from /home/airflow/.local/lib/python3.12/site-packages/airflow/example_dags/example_trigger_controller_dag.py
[2024-08-16T13:44:30.197+0000] {processor.py:925} INFO - DAG(s) 'example_trigger_controller_dag' retrieved from /home/airflow/.local/lib/python3.12/site-packages/airflow/example_dags/example_trigger_controller_dag.py
[2024-08-16T13:44:30.219+0000] {logging_mixin.py:190} INFO - [2024-08-16T13:44:30.218+0000] {dag.py:3211} INFO - Sync 1 DAGs
[2024-08-16T13:44:30.245+0000] {logging_mixin.py:190} INFO - [2024-08-16T13:44:30.245+0000] {dag.py:4138} INFO - Setting next_dagrun for example_trigger_controller_dag to 2021-01-01 00:00:00+00:00, run_after=2021-01-01 00:00:00+00:00
[2024-08-16T13:44:30.265+0000] {processor.py:208} INFO - Processing /home/airflow/.local/lib/python3.12/site-packages/airflow/example_dags/example_trigger_controller_dag.py took 0.096 seconds
[2024-08-16T13:45:00.642+0000] {processor.py:186} INFO - Started process (PID=15060) to work on /home/airflow/.local/lib/python3.12/site-packages/airflow/example_dags/example_trigger_controller_dag.py
[2024-08-16T13:45:00.643+0000] {processor.py:914} INFO - Processing file /home/airflow/.local/lib/python3.12/site-packages/airflow/example_dags/example_trigger_controller_dag.py for tasks to queue
[2024-08-16T13:45:00.645+0000] {logging_mixin.py:190} INFO - [2024-08-16T13:45:00.645+0000] {dagbag.py:587} INFO - Filling up the DagBag from /home/airflow/.local/lib/python3.12/site-packages/airflow/example_dags/example_trigger_controller_dag.py
[2024-08-16T13:45:00.652+0000] {processor.py:925} INFO - DAG(s) 'example_trigger_controller_dag' retrieved from /home/airflow/.local/lib/python3.12/site-packages/airflow/example_dags/example_trigger_controller_dag.py
[2024-08-16T13:45:00.675+0000] {logging_mixin.py:190} INFO - [2024-08-16T13:45:00.675+0000] {dag.py:3211} INFO - Sync 1 DAGs
[2024-08-16T13:45:00.700+0000] {logging_mixin.py:190} INFO - [2024-08-16T13:45:00.700+0000] {dag.py:4138} INFO - Setting next_dagrun for example_trigger_controller_dag to 2021-01-01 00:00:00+00:00, run_after=2021-01-01 00:00:00+00:00
[2024-08-16T13:45:00.719+0000] {processor.py:208} INFO - Processing /home/airflow/.local/lib/python3.12/site-packages/airflow/example_dags/example_trigger_controller_dag.py took 0.086 seconds
[2024-08-16T13:45:31.163+0000] {processor.py:186} INFO - Started process (PID=15346) to work on /home/airflow/.local/lib/python3.12/site-packages/airflow/example_dags/example_trigger_controller_dag.py
[2024-08-16T13:45:31.164+0000] {processor.py:914} INFO - Processing file /home/airflow/.local/lib/python3.12/site-packages/airflow/example_dags/example_trigger_controller_dag.py for tasks to queue
[2024-08-16T13:45:31.170+0000] {logging_mixin.py:190} INFO - [2024-08-16T13:45:31.170+0000] {dagbag.py:587} INFO - Filling up the DagBag from /home/airflow/.local/lib/python3.12/site-packages/airflow/example_dags/example_trigger_controller_dag.py
[2024-08-16T13:45:31.180+0000] {processor.py:925} INFO - DAG(s) 'example_trigger_controller_dag' retrieved from /home/airflow/.local/lib/python3.12/site-packages/airflow/example_dags/example_trigger_controller_dag.py
[2024-08-16T13:45:31.209+0000] {logging_mixin.py:190} INFO - [2024-08-16T13:45:31.209+0000] {dag.py:3211} INFO - Sync 1 DAGs
[2024-08-16T13:45:31.241+0000] {logging_mixin.py:190} INFO - [2024-08-16T13:45:31.241+0000] {dag.py:4138} INFO - Setting next_dagrun for example_trigger_controller_dag to 2021-01-01 00:00:00+00:00, run_after=2021-01-01 00:00:00+00:00
[2024-08-16T13:45:31.272+0000] {processor.py:208} INFO - Processing /home/airflow/.local/lib/python3.12/site-packages/airflow/example_dags/example_trigger_controller_dag.py took 0.117 seconds
[2024-08-16T13:46:01.843+0000] {processor.py:186} INFO - Started process (PID=15632) to work on /home/airflow/.local/lib/python3.12/site-packages/airflow/example_dags/example_trigger_controller_dag.py
[2024-08-16T13:46:01.844+0000] {processor.py:914} INFO - Processing file /home/airflow/.local/lib/python3.12/site-packages/airflow/example_dags/example_trigger_controller_dag.py for tasks to queue
[2024-08-16T13:46:01.848+0000] {logging_mixin.py:190} INFO - [2024-08-16T13:46:01.847+0000] {dagbag.py:587} INFO - Filling up the DagBag from /home/airflow/.local/lib/python3.12/site-packages/airflow/example_dags/example_trigger_controller_dag.py
[2024-08-16T13:46:01.855+0000] {processor.py:925} INFO - DAG(s) 'example_trigger_controller_dag' retrieved from /home/airflow/.local/lib/python3.12/site-packages/airflow/example_dags/example_trigger_controller_dag.py
[2024-08-16T13:46:01.878+0000] {logging_mixin.py:190} INFO - [2024-08-16T13:46:01.877+0000] {dag.py:3211} INFO - Sync 1 DAGs
[2024-08-16T13:46:01.906+0000] {logging_mixin.py:190} INFO - [2024-08-16T13:46:01.906+0000] {dag.py:4138} INFO - Setting next_dagrun for example_trigger_controller_dag to 2021-01-01 00:00:00+00:00, run_after=2021-01-01 00:00:00+00:00
[2024-08-16T13:46:01.928+0000] {processor.py:208} INFO - Processing /home/airflow/.local/lib/python3.12/site-packages/airflow/example_dags/example_trigger_controller_dag.py took 0.092 seconds
[2024-08-16T13:46:33.286+0000] {processor.py:186} INFO - Started process (PID=15918) to work on /home/airflow/.local/lib/python3.12/site-packages/airflow/example_dags/example_trigger_controller_dag.py
[2024-08-16T13:46:33.287+0000] {processor.py:914} INFO - Processing file /home/airflow/.local/lib/python3.12/site-packages/airflow/example_dags/example_trigger_controller_dag.py for tasks to queue
[2024-08-16T13:46:33.292+0000] {logging_mixin.py:190} INFO - [2024-08-16T13:46:33.291+0000] {dagbag.py:587} INFO - Filling up the DagBag from /home/airflow/.local/lib/python3.12/site-packages/airflow/example_dags/example_trigger_controller_dag.py
[2024-08-16T13:46:33.303+0000] {processor.py:925} INFO - DAG(s) 'example_trigger_controller_dag' retrieved from /home/airflow/.local/lib/python3.12/site-packages/airflow/example_dags/example_trigger_controller_dag.py
[2024-08-16T13:46:33.347+0000] {logging_mixin.py:190} INFO - [2024-08-16T13:46:33.346+0000] {dag.py:3211} INFO - Sync 1 DAGs
[2024-08-16T13:46:33.402+0000] {logging_mixin.py:190} INFO - [2024-08-16T13:46:33.402+0000] {dag.py:4138} INFO - Setting next_dagrun for example_trigger_controller_dag to 2021-01-01 00:00:00+00:00, run_after=2021-01-01 00:00:00+00:00
[2024-08-16T13:46:33.434+0000] {processor.py:208} INFO - Processing /home/airflow/.local/lib/python3.12/site-packages/airflow/example_dags/example_trigger_controller_dag.py took 0.166 seconds
[2024-08-16T13:47:04.291+0000] {processor.py:186} INFO - Started process (PID=16204) to work on /home/airflow/.local/lib/python3.12/site-packages/airflow/example_dags/example_trigger_controller_dag.py
[2024-08-16T13:47:04.293+0000] {processor.py:914} INFO - Processing file /home/airflow/.local/lib/python3.12/site-packages/airflow/example_dags/example_trigger_controller_dag.py for tasks to queue
[2024-08-16T13:47:04.296+0000] {logging_mixin.py:190} INFO - [2024-08-16T13:47:04.296+0000] {dagbag.py:587} INFO - Filling up the DagBag from /home/airflow/.local/lib/python3.12/site-packages/airflow/example_dags/example_trigger_controller_dag.py
[2024-08-16T13:47:04.304+0000] {processor.py:925} INFO - DAG(s) 'example_trigger_controller_dag' retrieved from /home/airflow/.local/lib/python3.12/site-packages/airflow/example_dags/example_trigger_controller_dag.py
[2024-08-16T13:47:04.325+0000] {logging_mixin.py:190} INFO - [2024-08-16T13:47:04.325+0000] {dag.py:3211} INFO - Sync 1 DAGs
[2024-08-16T13:47:04.356+0000] {logging_mixin.py:190} INFO - [2024-08-16T13:47:04.355+0000] {dag.py:4138} INFO - Setting next_dagrun for example_trigger_controller_dag to 2021-01-01 00:00:00+00:00, run_after=2021-01-01 00:00:00+00:00
[2024-08-16T13:47:04.389+0000] {processor.py:208} INFO - Processing /home/airflow/.local/lib/python3.12/site-packages/airflow/example_dags/example_trigger_controller_dag.py took 0.104 seconds
[2024-08-16T13:47:34.478+0000] {processor.py:186} INFO - Started process (PID=16490) to work on /home/airflow/.local/lib/python3.12/site-packages/airflow/example_dags/example_trigger_controller_dag.py
[2024-08-16T13:47:34.479+0000] {processor.py:914} INFO - Processing file /home/airflow/.local/lib/python3.12/site-packages/airflow/example_dags/example_trigger_controller_dag.py for tasks to queue
[2024-08-16T13:47:34.482+0000] {logging_mixin.py:190} INFO - [2024-08-16T13:47:34.481+0000] {dagbag.py:587} INFO - Filling up the DagBag from /home/airflow/.local/lib/python3.12/site-packages/airflow/example_dags/example_trigger_controller_dag.py
[2024-08-16T13:47:34.489+0000] {processor.py:925} INFO - DAG(s) 'example_trigger_controller_dag' retrieved from /home/airflow/.local/lib/python3.12/site-packages/airflow/example_dags/example_trigger_controller_dag.py
[2024-08-16T13:47:34.513+0000] {logging_mixin.py:190} INFO - [2024-08-16T13:47:34.513+0000] {dag.py:3211} INFO - Sync 1 DAGs
[2024-08-16T13:47:34.550+0000] {logging_mixin.py:190} INFO - [2024-08-16T13:47:34.549+0000] {dag.py:4138} INFO - Setting next_dagrun for example_trigger_controller_dag to 2021-01-01 00:00:00+00:00, run_after=2021-01-01 00:00:00+00:00
[2024-08-16T13:47:34.579+0000] {processor.py:208} INFO - Processing /home/airflow/.local/lib/python3.12/site-packages/airflow/example_dags/example_trigger_controller_dag.py took 0.107 seconds
[2024-08-16T13:48:05.015+0000] {processor.py:186} INFO - Started process (PID=16777) to work on /home/airflow/.local/lib/python3.12/site-packages/airflow/example_dags/example_trigger_controller_dag.py
[2024-08-16T13:48:05.016+0000] {processor.py:914} INFO - Processing file /home/airflow/.local/lib/python3.12/site-packages/airflow/example_dags/example_trigger_controller_dag.py for tasks to queue
[2024-08-16T13:48:05.018+0000] {logging_mixin.py:190} INFO - [2024-08-16T13:48:05.018+0000] {dagbag.py:587} INFO - Filling up the DagBag from /home/airflow/.local/lib/python3.12/site-packages/airflow/example_dags/example_trigger_controller_dag.py
[2024-08-16T13:48:05.026+0000] {processor.py:925} INFO - DAG(s) 'example_trigger_controller_dag' retrieved from /home/airflow/.local/lib/python3.12/site-packages/airflow/example_dags/example_trigger_controller_dag.py
[2024-08-16T13:48:05.051+0000] {logging_mixin.py:190} INFO - [2024-08-16T13:48:05.050+0000] {dag.py:3211} INFO - Sync 1 DAGs
[2024-08-16T13:48:05.094+0000] {logging_mixin.py:190} INFO - [2024-08-16T13:48:05.093+0000] {dag.py:4138} INFO - Setting next_dagrun for example_trigger_controller_dag to 2021-01-01 00:00:00+00:00, run_after=2021-01-01 00:00:00+00:00
[2024-08-16T13:48:05.124+0000] {processor.py:208} INFO - Processing /home/airflow/.local/lib/python3.12/site-packages/airflow/example_dags/example_trigger_controller_dag.py took 0.115 seconds
[2024-08-16T13:48:35.366+0000] {processor.py:186} INFO - Started process (PID=17063) to work on /home/airflow/.local/lib/python3.12/site-packages/airflow/example_dags/example_trigger_controller_dag.py
[2024-08-16T13:48:35.375+0000] {processor.py:914} INFO - Processing file /home/airflow/.local/lib/python3.12/site-packages/airflow/example_dags/example_trigger_controller_dag.py for tasks to queue
[2024-08-16T13:48:35.391+0000] {logging_mixin.py:190} INFO - [2024-08-16T13:48:35.389+0000] {dagbag.py:587} INFO - Filling up the DagBag from /home/airflow/.local/lib/python3.12/site-packages/airflow/example_dags/example_trigger_controller_dag.py
[2024-08-16T13:48:35.423+0000] {processor.py:925} INFO - DAG(s) 'example_trigger_controller_dag' retrieved from /home/airflow/.local/lib/python3.12/site-packages/airflow/example_dags/example_trigger_controller_dag.py
[2024-08-16T13:48:35.463+0000] {logging_mixin.py:190} INFO - [2024-08-16T13:48:35.462+0000] {dag.py:3211} INFO - Sync 1 DAGs
[2024-08-16T13:48:35.526+0000] {logging_mixin.py:190} INFO - [2024-08-16T13:48:35.525+0000] {dag.py:4138} INFO - Setting next_dagrun for example_trigger_controller_dag to 2021-01-01 00:00:00+00:00, run_after=2021-01-01 00:00:00+00:00
[2024-08-16T13:48:35.593+0000] {processor.py:208} INFO - Processing /home/airflow/.local/lib/python3.12/site-packages/airflow/example_dags/example_trigger_controller_dag.py took 0.245 seconds
[2024-08-16T13:49:05.912+0000] {processor.py:186} INFO - Started process (PID=17349) to work on /home/airflow/.local/lib/python3.12/site-packages/airflow/example_dags/example_trigger_controller_dag.py
[2024-08-16T13:49:05.913+0000] {processor.py:914} INFO - Processing file /home/airflow/.local/lib/python3.12/site-packages/airflow/example_dags/example_trigger_controller_dag.py for tasks to queue
[2024-08-16T13:49:05.921+0000] {logging_mixin.py:190} INFO - [2024-08-16T13:49:05.921+0000] {dagbag.py:587} INFO - Filling up the DagBag from /home/airflow/.local/lib/python3.12/site-packages/airflow/example_dags/example_trigger_controller_dag.py
[2024-08-16T13:49:05.945+0000] {processor.py:925} INFO - DAG(s) 'example_trigger_controller_dag' retrieved from /home/airflow/.local/lib/python3.12/site-packages/airflow/example_dags/example_trigger_controller_dag.py
[2024-08-16T13:49:05.979+0000] {logging_mixin.py:190} INFO - [2024-08-16T13:49:05.979+0000] {dag.py:3211} INFO - Sync 1 DAGs
[2024-08-16T13:49:06.022+0000] {logging_mixin.py:190} INFO - [2024-08-16T13:49:06.021+0000] {dag.py:4138} INFO - Setting next_dagrun for example_trigger_controller_dag to 2021-01-01 00:00:00+00:00, run_after=2021-01-01 00:00:00+00:00
[2024-08-16T13:49:06.046+0000] {processor.py:208} INFO - Processing /home/airflow/.local/lib/python3.12/site-packages/airflow/example_dags/example_trigger_controller_dag.py took 0.143 seconds
[2024-08-16T13:49:36.555+0000] {processor.py:186} INFO - Started process (PID=17635) to work on /home/airflow/.local/lib/python3.12/site-packages/airflow/example_dags/example_trigger_controller_dag.py
[2024-08-16T13:49:36.556+0000] {processor.py:914} INFO - Processing file /home/airflow/.local/lib/python3.12/site-packages/airflow/example_dags/example_trigger_controller_dag.py for tasks to queue
[2024-08-16T13:49:36.558+0000] {logging_mixin.py:190} INFO - [2024-08-16T13:49:36.558+0000] {dagbag.py:587} INFO - Filling up the DagBag from /home/airflow/.local/lib/python3.12/site-packages/airflow/example_dags/example_trigger_controller_dag.py
[2024-08-16T13:49:36.570+0000] {processor.py:925} INFO - DAG(s) 'example_trigger_controller_dag' retrieved from /home/airflow/.local/lib/python3.12/site-packages/airflow/example_dags/example_trigger_controller_dag.py
[2024-08-16T13:49:36.594+0000] {logging_mixin.py:190} INFO - [2024-08-16T13:49:36.594+0000] {dag.py:3211} INFO - Sync 1 DAGs
[2024-08-16T13:49:36.627+0000] {logging_mixin.py:190} INFO - [2024-08-16T13:49:36.626+0000] {dag.py:4138} INFO - Setting next_dagrun for example_trigger_controller_dag to 2021-01-01 00:00:00+00:00, run_after=2021-01-01 00:00:00+00:00
[2024-08-16T13:49:36.926+0000] {processor.py:208} INFO - Processing /home/airflow/.local/lib/python3.12/site-packages/airflow/example_dags/example_trigger_controller_dag.py took 0.382 seconds
[2024-08-16T13:50:07.874+0000] {processor.py:186} INFO - Started process (PID=17921) to work on /home/airflow/.local/lib/python3.12/site-packages/airflow/example_dags/example_trigger_controller_dag.py
[2024-08-16T13:50:07.875+0000] {processor.py:914} INFO - Processing file /home/airflow/.local/lib/python3.12/site-packages/airflow/example_dags/example_trigger_controller_dag.py for tasks to queue
[2024-08-16T13:50:07.878+0000] {logging_mixin.py:190} INFO - [2024-08-16T13:50:07.877+0000] {dagbag.py:587} INFO - Filling up the DagBag from /home/airflow/.local/lib/python3.12/site-packages/airflow/example_dags/example_trigger_controller_dag.py
[2024-08-16T13:50:07.886+0000] {processor.py:925} INFO - DAG(s) 'example_trigger_controller_dag' retrieved from /home/airflow/.local/lib/python3.12/site-packages/airflow/example_dags/example_trigger_controller_dag.py
[2024-08-16T13:50:07.909+0000] {logging_mixin.py:190} INFO - [2024-08-16T13:50:07.908+0000] {dag.py:3211} INFO - Sync 1 DAGs
[2024-08-16T13:50:07.934+0000] {logging_mixin.py:190} INFO - [2024-08-16T13:50:07.934+0000] {dag.py:4138} INFO - Setting next_dagrun for example_trigger_controller_dag to 2021-01-01 00:00:00+00:00, run_after=2021-01-01 00:00:00+00:00
[2024-08-16T13:50:07.954+0000] {processor.py:208} INFO - Processing /home/airflow/.local/lib/python3.12/site-packages/airflow/example_dags/example_trigger_controller_dag.py took 0.087 seconds
