[2024-08-16T13:18:36.364+0000] {processor.py:186} INFO - Started process (PID=176) to work on /home/airflow/.local/lib/python3.12/site-packages/airflow/example_dags/example_short_circuit_operator.py
[2024-08-16T13:18:36.365+0000] {processor.py:914} INFO - Processing file /home/airflow/.local/lib/python3.12/site-packages/airflow/example_dags/example_short_circuit_operator.py for tasks to queue
[2024-08-16T13:18:36.368+0000] {logging_mixin.py:190} INFO - [2024-08-16T13:18:36.367+0000] {dagbag.py:587} INFO - Filling up the DagBag from /home/airflow/.local/lib/python3.12/site-packages/airflow/example_dags/example_short_circuit_operator.py
[2024-08-16T13:18:36.382+0000] {processor.py:925} INFO - DAG(s) 'example_short_circuit_operator' retrieved from /home/airflow/.local/lib/python3.12/site-packages/airflow/example_dags/example_short_circuit_operator.py
[2024-08-16T13:18:36.510+0000] {logging_mixin.py:190} INFO - [2024-08-16T13:18:36.510+0000] {override.py:1858} INFO - Created Permission View: can read on DAG:example_short_circuit_operator
[2024-08-16T13:18:36.521+0000] {logging_mixin.py:190} INFO - [2024-08-16T13:18:36.521+0000] {override.py:1858} INFO - Created Permission View: can edit on DAG:example_short_circuit_operator
[2024-08-16T13:18:36.529+0000] {logging_mixin.py:190} INFO - [2024-08-16T13:18:36.528+0000] {override.py:1858} INFO - Created Permission View: can delete on DAG:example_short_circuit_operator
[2024-08-16T13:18:36.530+0000] {logging_mixin.py:190} INFO - [2024-08-16T13:18:36.529+0000] {dag.py:3211} INFO - Sync 1 DAGs
[2024-08-16T13:18:36.545+0000] {logging_mixin.py:190} INFO - [2024-08-16T13:18:36.545+0000] {dag.py:3234} INFO - Creating ORM DAG for example_short_circuit_operator
[2024-08-16T13:18:36.566+0000] {logging_mixin.py:190} INFO - [2024-08-16T13:18:36.566+0000] {dag.py:4138} INFO - Setting next_dagrun for example_short_circuit_operator to 2024-08-15 00:00:00+00:00, run_after=2024-08-16 00:00:00+00:00
[2024-08-16T13:18:36.585+0000] {processor.py:208} INFO - Processing /home/airflow/.local/lib/python3.12/site-packages/airflow/example_dags/example_short_circuit_operator.py took 0.227 seconds
[2024-08-16T13:19:06.972+0000] {processor.py:186} INFO - Started process (PID=462) to work on /home/airflow/.local/lib/python3.12/site-packages/airflow/example_dags/example_short_circuit_operator.py
[2024-08-16T13:19:06.974+0000] {processor.py:914} INFO - Processing file /home/airflow/.local/lib/python3.12/site-packages/airflow/example_dags/example_short_circuit_operator.py for tasks to queue
[2024-08-16T13:19:06.977+0000] {logging_mixin.py:190} INFO - [2024-08-16T13:19:06.977+0000] {dagbag.py:587} INFO - Filling up the DagBag from /home/airflow/.local/lib/python3.12/site-packages/airflow/example_dags/example_short_circuit_operator.py
[2024-08-16T13:19:06.987+0000] {processor.py:925} INFO - DAG(s) 'example_short_circuit_operator' retrieved from /home/airflow/.local/lib/python3.12/site-packages/airflow/example_dags/example_short_circuit_operator.py
[2024-08-16T13:19:07.013+0000] {logging_mixin.py:190} INFO - [2024-08-16T13:19:07.013+0000] {dag.py:3211} INFO - Sync 1 DAGs
[2024-08-16T13:19:07.038+0000] {logging_mixin.py:190} INFO - [2024-08-16T13:19:07.038+0000] {dag.py:4138} INFO - Setting next_dagrun for example_short_circuit_operator to 2024-08-15 00:00:00+00:00, run_after=2024-08-16 00:00:00+00:00
[2024-08-16T13:19:07.066+0000] {processor.py:208} INFO - Processing /home/airflow/.local/lib/python3.12/site-packages/airflow/example_dags/example_short_circuit_operator.py took 0.102 seconds
[2024-08-16T13:19:37.542+0000] {processor.py:186} INFO - Started process (PID=748) to work on /home/airflow/.local/lib/python3.12/site-packages/airflow/example_dags/example_short_circuit_operator.py
[2024-08-16T13:19:37.543+0000] {processor.py:914} INFO - Processing file /home/airflow/.local/lib/python3.12/site-packages/airflow/example_dags/example_short_circuit_operator.py for tasks to queue
[2024-08-16T13:19:37.545+0000] {logging_mixin.py:190} INFO - [2024-08-16T13:19:37.545+0000] {dagbag.py:587} INFO - Filling up the DagBag from /home/airflow/.local/lib/python3.12/site-packages/airflow/example_dags/example_short_circuit_operator.py
[2024-08-16T13:19:37.555+0000] {processor.py:925} INFO - DAG(s) 'example_short_circuit_operator' retrieved from /home/airflow/.local/lib/python3.12/site-packages/airflow/example_dags/example_short_circuit_operator.py
[2024-08-16T13:19:37.581+0000] {logging_mixin.py:190} INFO - [2024-08-16T13:19:37.580+0000] {dag.py:3211} INFO - Sync 1 DAGs
[2024-08-16T13:19:37.605+0000] {logging_mixin.py:190} INFO - [2024-08-16T13:19:37.605+0000] {dag.py:4138} INFO - Setting next_dagrun for example_short_circuit_operator to 2024-08-15 00:00:00+00:00, run_after=2024-08-16 00:00:00+00:00
[2024-08-16T13:19:37.626+0000] {processor.py:208} INFO - Processing /home/airflow/.local/lib/python3.12/site-packages/airflow/example_dags/example_short_circuit_operator.py took 0.091 seconds
[2024-08-16T13:20:08.457+0000] {processor.py:186} INFO - Started process (PID=1034) to work on /home/airflow/.local/lib/python3.12/site-packages/airflow/example_dags/example_short_circuit_operator.py
[2024-08-16T13:20:08.459+0000] {processor.py:914} INFO - Processing file /home/airflow/.local/lib/python3.12/site-packages/airflow/example_dags/example_short_circuit_operator.py for tasks to queue
[2024-08-16T13:20:08.462+0000] {logging_mixin.py:190} INFO - [2024-08-16T13:20:08.462+0000] {dagbag.py:587} INFO - Filling up the DagBag from /home/airflow/.local/lib/python3.12/site-packages/airflow/example_dags/example_short_circuit_operator.py
[2024-08-16T13:20:08.481+0000] {processor.py:925} INFO - DAG(s) 'example_short_circuit_operator' retrieved from /home/airflow/.local/lib/python3.12/site-packages/airflow/example_dags/example_short_circuit_operator.py
[2024-08-16T13:20:08.509+0000] {logging_mixin.py:190} INFO - [2024-08-16T13:20:08.509+0000] {dag.py:3211} INFO - Sync 1 DAGs
[2024-08-16T13:20:08.540+0000] {logging_mixin.py:190} INFO - [2024-08-16T13:20:08.540+0000] {dag.py:4138} INFO - Setting next_dagrun for example_short_circuit_operator to 2024-08-15 00:00:00+00:00, run_after=2024-08-16 00:00:00+00:00
[2024-08-16T13:20:08.558+0000] {processor.py:208} INFO - Processing /home/airflow/.local/lib/python3.12/site-packages/airflow/example_dags/example_short_circuit_operator.py took 0.113 seconds
[2024-08-16T13:20:39.088+0000] {processor.py:186} INFO - Started process (PID=1320) to work on /home/airflow/.local/lib/python3.12/site-packages/airflow/example_dags/example_short_circuit_operator.py
[2024-08-16T13:20:39.089+0000] {processor.py:914} INFO - Processing file /home/airflow/.local/lib/python3.12/site-packages/airflow/example_dags/example_short_circuit_operator.py for tasks to queue
[2024-08-16T13:20:39.092+0000] {logging_mixin.py:190} INFO - [2024-08-16T13:20:39.091+0000] {dagbag.py:587} INFO - Filling up the DagBag from /home/airflow/.local/lib/python3.12/site-packages/airflow/example_dags/example_short_circuit_operator.py
[2024-08-16T13:20:39.101+0000] {processor.py:925} INFO - DAG(s) 'example_short_circuit_operator' retrieved from /home/airflow/.local/lib/python3.12/site-packages/airflow/example_dags/example_short_circuit_operator.py
[2024-08-16T13:20:39.126+0000] {logging_mixin.py:190} INFO - [2024-08-16T13:20:39.126+0000] {dag.py:3211} INFO - Sync 1 DAGs
[2024-08-16T13:20:39.151+0000] {logging_mixin.py:190} INFO - [2024-08-16T13:20:39.151+0000] {dag.py:4138} INFO - Setting next_dagrun for example_short_circuit_operator to 2024-08-15 00:00:00+00:00, run_after=2024-08-16 00:00:00+00:00
[2024-08-16T13:20:39.169+0000] {processor.py:208} INFO - Processing /home/airflow/.local/lib/python3.12/site-packages/airflow/example_dags/example_short_circuit_operator.py took 0.088 seconds
[2024-08-16T13:21:09.329+0000] {processor.py:186} INFO - Started process (PID=1606) to work on /home/airflow/.local/lib/python3.12/site-packages/airflow/example_dags/example_short_circuit_operator.py
[2024-08-16T13:21:09.330+0000] {processor.py:914} INFO - Processing file /home/airflow/.local/lib/python3.12/site-packages/airflow/example_dags/example_short_circuit_operator.py for tasks to queue
[2024-08-16T13:21:09.333+0000] {logging_mixin.py:190} INFO - [2024-08-16T13:21:09.332+0000] {dagbag.py:587} INFO - Filling up the DagBag from /home/airflow/.local/lib/python3.12/site-packages/airflow/example_dags/example_short_circuit_operator.py
[2024-08-16T13:21:09.342+0000] {processor.py:925} INFO - DAG(s) 'example_short_circuit_operator' retrieved from /home/airflow/.local/lib/python3.12/site-packages/airflow/example_dags/example_short_circuit_operator.py
[2024-08-16T13:21:09.372+0000] {logging_mixin.py:190} INFO - [2024-08-16T13:21:09.372+0000] {dag.py:3211} INFO - Sync 1 DAGs
[2024-08-16T13:21:09.399+0000] {logging_mixin.py:190} INFO - [2024-08-16T13:21:09.399+0000] {dag.py:4138} INFO - Setting next_dagrun for example_short_circuit_operator to 2024-08-15 00:00:00+00:00, run_after=2024-08-16 00:00:00+00:00
[2024-08-16T13:21:09.421+0000] {processor.py:208} INFO - Processing /home/airflow/.local/lib/python3.12/site-packages/airflow/example_dags/example_short_circuit_operator.py took 0.099 seconds
[2024-08-16T13:21:39.898+0000] {processor.py:186} INFO - Started process (PID=1892) to work on /home/airflow/.local/lib/python3.12/site-packages/airflow/example_dags/example_short_circuit_operator.py
[2024-08-16T13:21:39.899+0000] {processor.py:914} INFO - Processing file /home/airflow/.local/lib/python3.12/site-packages/airflow/example_dags/example_short_circuit_operator.py for tasks to queue
[2024-08-16T13:21:39.901+0000] {logging_mixin.py:190} INFO - [2024-08-16T13:21:39.901+0000] {dagbag.py:587} INFO - Filling up the DagBag from /home/airflow/.local/lib/python3.12/site-packages/airflow/example_dags/example_short_circuit_operator.py
[2024-08-16T13:21:39.910+0000] {processor.py:925} INFO - DAG(s) 'example_short_circuit_operator' retrieved from /home/airflow/.local/lib/python3.12/site-packages/airflow/example_dags/example_short_circuit_operator.py
[2024-08-16T13:21:39.939+0000] {logging_mixin.py:190} INFO - [2024-08-16T13:21:39.939+0000] {dag.py:3211} INFO - Sync 1 DAGs
[2024-08-16T13:21:39.972+0000] {logging_mixin.py:190} INFO - [2024-08-16T13:21:39.972+0000] {dag.py:4138} INFO - Setting next_dagrun for example_short_circuit_operator to 2024-08-15 00:00:00+00:00, run_after=2024-08-16 00:00:00+00:00
[2024-08-16T13:21:39.992+0000] {processor.py:208} INFO - Processing /home/airflow/.local/lib/python3.12/site-packages/airflow/example_dags/example_short_circuit_operator.py took 0.100 seconds
[2024-08-16T13:22:10.191+0000] {processor.py:186} INFO - Started process (PID=2178) to work on /home/airflow/.local/lib/python3.12/site-packages/airflow/example_dags/example_short_circuit_operator.py
[2024-08-16T13:22:10.192+0000] {processor.py:914} INFO - Processing file /home/airflow/.local/lib/python3.12/site-packages/airflow/example_dags/example_short_circuit_operator.py for tasks to queue
[2024-08-16T13:22:10.195+0000] {logging_mixin.py:190} INFO - [2024-08-16T13:22:10.195+0000] {dagbag.py:587} INFO - Filling up the DagBag from /home/airflow/.local/lib/python3.12/site-packages/airflow/example_dags/example_short_circuit_operator.py
[2024-08-16T13:22:10.205+0000] {processor.py:925} INFO - DAG(s) 'example_short_circuit_operator' retrieved from /home/airflow/.local/lib/python3.12/site-packages/airflow/example_dags/example_short_circuit_operator.py
[2024-08-16T13:22:10.230+0000] {logging_mixin.py:190} INFO - [2024-08-16T13:22:10.230+0000] {dag.py:3211} INFO - Sync 1 DAGs
[2024-08-16T13:22:10.256+0000] {logging_mixin.py:190} INFO - [2024-08-16T13:22:10.256+0000] {dag.py:4138} INFO - Setting next_dagrun for example_short_circuit_operator to 2024-08-15 00:00:00+00:00, run_after=2024-08-16 00:00:00+00:00
[2024-08-16T13:22:10.273+0000] {processor.py:208} INFO - Processing /home/airflow/.local/lib/python3.12/site-packages/airflow/example_dags/example_short_circuit_operator.py took 0.088 seconds
[2024-08-16T13:22:40.466+0000] {processor.py:186} INFO - Started process (PID=2464) to work on /home/airflow/.local/lib/python3.12/site-packages/airflow/example_dags/example_short_circuit_operator.py
[2024-08-16T13:22:40.467+0000] {processor.py:914} INFO - Processing file /home/airflow/.local/lib/python3.12/site-packages/airflow/example_dags/example_short_circuit_operator.py for tasks to queue
[2024-08-16T13:22:40.470+0000] {logging_mixin.py:190} INFO - [2024-08-16T13:22:40.470+0000] {dagbag.py:587} INFO - Filling up the DagBag from /home/airflow/.local/lib/python3.12/site-packages/airflow/example_dags/example_short_circuit_operator.py
[2024-08-16T13:22:40.481+0000] {processor.py:925} INFO - DAG(s) 'example_short_circuit_operator' retrieved from /home/airflow/.local/lib/python3.12/site-packages/airflow/example_dags/example_short_circuit_operator.py
[2024-08-16T13:22:40.506+0000] {logging_mixin.py:190} INFO - [2024-08-16T13:22:40.506+0000] {dag.py:3211} INFO - Sync 1 DAGs
[2024-08-16T13:22:40.531+0000] {logging_mixin.py:190} INFO - [2024-08-16T13:22:40.531+0000] {dag.py:4138} INFO - Setting next_dagrun for example_short_circuit_operator to 2024-08-15 00:00:00+00:00, run_after=2024-08-16 00:00:00+00:00
[2024-08-16T13:22:40.550+0000] {processor.py:208} INFO - Processing /home/airflow/.local/lib/python3.12/site-packages/airflow/example_dags/example_short_circuit_operator.py took 0.091 seconds
[2024-08-16T13:23:10.908+0000] {processor.py:186} INFO - Started process (PID=2748) to work on /home/airflow/.local/lib/python3.12/site-packages/airflow/example_dags/example_short_circuit_operator.py
[2024-08-16T13:23:10.909+0000] {processor.py:914} INFO - Processing file /home/airflow/.local/lib/python3.12/site-packages/airflow/example_dags/example_short_circuit_operator.py for tasks to queue
[2024-08-16T13:23:10.911+0000] {logging_mixin.py:190} INFO - [2024-08-16T13:23:10.911+0000] {dagbag.py:587} INFO - Filling up the DagBag from /home/airflow/.local/lib/python3.12/site-packages/airflow/example_dags/example_short_circuit_operator.py
[2024-08-16T13:23:10.920+0000] {processor.py:925} INFO - DAG(s) 'example_short_circuit_operator' retrieved from /home/airflow/.local/lib/python3.12/site-packages/airflow/example_dags/example_short_circuit_operator.py
[2024-08-16T13:23:10.945+0000] {logging_mixin.py:190} INFO - [2024-08-16T13:23:10.944+0000] {dag.py:3211} INFO - Sync 1 DAGs
[2024-08-16T13:23:10.971+0000] {logging_mixin.py:190} INFO - [2024-08-16T13:23:10.971+0000] {dag.py:4138} INFO - Setting next_dagrun for example_short_circuit_operator to 2024-08-15 00:00:00+00:00, run_after=2024-08-16 00:00:00+00:00
[2024-08-16T13:23:10.989+0000] {processor.py:208} INFO - Processing /home/airflow/.local/lib/python3.12/site-packages/airflow/example_dags/example_short_circuit_operator.py took 0.087 seconds
[2024-08-16T13:23:41.410+0000] {processor.py:186} INFO - Started process (PID=3036) to work on /home/airflow/.local/lib/python3.12/site-packages/airflow/example_dags/example_short_circuit_operator.py
[2024-08-16T13:23:41.411+0000] {processor.py:914} INFO - Processing file /home/airflow/.local/lib/python3.12/site-packages/airflow/example_dags/example_short_circuit_operator.py for tasks to queue
[2024-08-16T13:23:41.413+0000] {logging_mixin.py:190} INFO - [2024-08-16T13:23:41.413+0000] {dagbag.py:587} INFO - Filling up the DagBag from /home/airflow/.local/lib/python3.12/site-packages/airflow/example_dags/example_short_circuit_operator.py
[2024-08-16T13:23:41.422+0000] {processor.py:925} INFO - DAG(s) 'example_short_circuit_operator' retrieved from /home/airflow/.local/lib/python3.12/site-packages/airflow/example_dags/example_short_circuit_operator.py
[2024-08-16T13:23:41.448+0000] {logging_mixin.py:190} INFO - [2024-08-16T13:23:41.448+0000] {dag.py:3211} INFO - Sync 1 DAGs
[2024-08-16T13:23:41.476+0000] {logging_mixin.py:190} INFO - [2024-08-16T13:23:41.475+0000] {dag.py:4138} INFO - Setting next_dagrun for example_short_circuit_operator to 2024-08-15 00:00:00+00:00, run_after=2024-08-16 00:00:00+00:00
[2024-08-16T13:23:41.493+0000] {processor.py:208} INFO - Processing /home/airflow/.local/lib/python3.12/site-packages/airflow/example_dags/example_short_circuit_operator.py took 0.090 seconds
[2024-08-16T13:24:11.571+0000] {processor.py:186} INFO - Started process (PID=3325) to work on /home/airflow/.local/lib/python3.12/site-packages/airflow/example_dags/example_short_circuit_operator.py
[2024-08-16T13:24:11.572+0000] {processor.py:914} INFO - Processing file /home/airflow/.local/lib/python3.12/site-packages/airflow/example_dags/example_short_circuit_operator.py for tasks to queue
[2024-08-16T13:24:11.574+0000] {logging_mixin.py:190} INFO - [2024-08-16T13:24:11.574+0000] {dagbag.py:587} INFO - Filling up the DagBag from /home/airflow/.local/lib/python3.12/site-packages/airflow/example_dags/example_short_circuit_operator.py
[2024-08-16T13:24:11.584+0000] {processor.py:925} INFO - DAG(s) 'example_short_circuit_operator' retrieved from /home/airflow/.local/lib/python3.12/site-packages/airflow/example_dags/example_short_circuit_operator.py
[2024-08-16T13:24:11.609+0000] {logging_mixin.py:190} INFO - [2024-08-16T13:24:11.609+0000] {dag.py:3211} INFO - Sync 1 DAGs
[2024-08-16T13:24:11.634+0000] {logging_mixin.py:190} INFO - [2024-08-16T13:24:11.634+0000] {dag.py:4138} INFO - Setting next_dagrun for example_short_circuit_operator to 2024-08-15 00:00:00+00:00, run_after=2024-08-16 00:00:00+00:00
[2024-08-16T13:24:11.651+0000] {processor.py:208} INFO - Processing /home/airflow/.local/lib/python3.12/site-packages/airflow/example_dags/example_short_circuit_operator.py took 0.086 seconds
[2024-08-16T13:24:41.813+0000] {processor.py:186} INFO - Started process (PID=3611) to work on /home/airflow/.local/lib/python3.12/site-packages/airflow/example_dags/example_short_circuit_operator.py
[2024-08-16T13:24:41.814+0000] {processor.py:914} INFO - Processing file /home/airflow/.local/lib/python3.12/site-packages/airflow/example_dags/example_short_circuit_operator.py for tasks to queue
[2024-08-16T13:24:41.817+0000] {logging_mixin.py:190} INFO - [2024-08-16T13:24:41.816+0000] {dagbag.py:587} INFO - Filling up the DagBag from /home/airflow/.local/lib/python3.12/site-packages/airflow/example_dags/example_short_circuit_operator.py
[2024-08-16T13:24:41.827+0000] {processor.py:925} INFO - DAG(s) 'example_short_circuit_operator' retrieved from /home/airflow/.local/lib/python3.12/site-packages/airflow/example_dags/example_short_circuit_operator.py
[2024-08-16T13:24:41.854+0000] {logging_mixin.py:190} INFO - [2024-08-16T13:24:41.853+0000] {dag.py:3211} INFO - Sync 1 DAGs
[2024-08-16T13:24:41.878+0000] {logging_mixin.py:190} INFO - [2024-08-16T13:24:41.878+0000] {dag.py:4138} INFO - Setting next_dagrun for example_short_circuit_operator to 2024-08-15 00:00:00+00:00, run_after=2024-08-16 00:00:00+00:00
[2024-08-16T13:24:41.901+0000] {processor.py:208} INFO - Processing /home/airflow/.local/lib/python3.12/site-packages/airflow/example_dags/example_short_circuit_operator.py took 0.095 seconds
[2024-08-16T13:25:12.224+0000] {processor.py:186} INFO - Started process (PID=3894) to work on /home/airflow/.local/lib/python3.12/site-packages/airflow/example_dags/example_short_circuit_operator.py
[2024-08-16T13:25:12.224+0000] {processor.py:914} INFO - Processing file /home/airflow/.local/lib/python3.12/site-packages/airflow/example_dags/example_short_circuit_operator.py for tasks to queue
[2024-08-16T13:25:12.227+0000] {logging_mixin.py:190} INFO - [2024-08-16T13:25:12.226+0000] {dagbag.py:587} INFO - Filling up the DagBag from /home/airflow/.local/lib/python3.12/site-packages/airflow/example_dags/example_short_circuit_operator.py
[2024-08-16T13:25:12.236+0000] {processor.py:925} INFO - DAG(s) 'example_short_circuit_operator' retrieved from /home/airflow/.local/lib/python3.12/site-packages/airflow/example_dags/example_short_circuit_operator.py
[2024-08-16T13:25:12.263+0000] {logging_mixin.py:190} INFO - [2024-08-16T13:25:12.263+0000] {dag.py:3211} INFO - Sync 1 DAGs
[2024-08-16T13:25:12.288+0000] {logging_mixin.py:190} INFO - [2024-08-16T13:25:12.288+0000] {dag.py:4138} INFO - Setting next_dagrun for example_short_circuit_operator to 2024-08-15 00:00:00+00:00, run_after=2024-08-16 00:00:00+00:00
[2024-08-16T13:25:12.308+0000] {processor.py:208} INFO - Processing /home/airflow/.local/lib/python3.12/site-packages/airflow/example_dags/example_short_circuit_operator.py took 0.091 seconds
[2024-08-16T13:25:42.393+0000] {processor.py:186} INFO - Started process (PID=4180) to work on /home/airflow/.local/lib/python3.12/site-packages/airflow/example_dags/example_short_circuit_operator.py
[2024-08-16T13:25:42.394+0000] {processor.py:914} INFO - Processing file /home/airflow/.local/lib/python3.12/site-packages/airflow/example_dags/example_short_circuit_operator.py for tasks to queue
[2024-08-16T13:25:42.397+0000] {logging_mixin.py:190} INFO - [2024-08-16T13:25:42.397+0000] {dagbag.py:587} INFO - Filling up the DagBag from /home/airflow/.local/lib/python3.12/site-packages/airflow/example_dags/example_short_circuit_operator.py
[2024-08-16T13:25:42.406+0000] {processor.py:925} INFO - DAG(s) 'example_short_circuit_operator' retrieved from /home/airflow/.local/lib/python3.12/site-packages/airflow/example_dags/example_short_circuit_operator.py
[2024-08-16T13:25:42.432+0000] {logging_mixin.py:190} INFO - [2024-08-16T13:25:42.432+0000] {dag.py:3211} INFO - Sync 1 DAGs
[2024-08-16T13:25:42.456+0000] {logging_mixin.py:190} INFO - [2024-08-16T13:25:42.456+0000] {dag.py:4138} INFO - Setting next_dagrun for example_short_circuit_operator to 2024-08-15 00:00:00+00:00, run_after=2024-08-16 00:00:00+00:00
[2024-08-16T13:25:42.475+0000] {processor.py:208} INFO - Processing /home/airflow/.local/lib/python3.12/site-packages/airflow/example_dags/example_short_circuit_operator.py took 0.088 seconds
[2024-08-16T13:26:13.025+0000] {processor.py:186} INFO - Started process (PID=4466) to work on /home/airflow/.local/lib/python3.12/site-packages/airflow/example_dags/example_short_circuit_operator.py
[2024-08-16T13:26:13.026+0000] {processor.py:914} INFO - Processing file /home/airflow/.local/lib/python3.12/site-packages/airflow/example_dags/example_short_circuit_operator.py for tasks to queue
[2024-08-16T13:26:13.028+0000] {logging_mixin.py:190} INFO - [2024-08-16T13:26:13.028+0000] {dagbag.py:587} INFO - Filling up the DagBag from /home/airflow/.local/lib/python3.12/site-packages/airflow/example_dags/example_short_circuit_operator.py
[2024-08-16T13:26:13.037+0000] {processor.py:925} INFO - DAG(s) 'example_short_circuit_operator' retrieved from /home/airflow/.local/lib/python3.12/site-packages/airflow/example_dags/example_short_circuit_operator.py
[2024-08-16T13:26:13.065+0000] {logging_mixin.py:190} INFO - [2024-08-16T13:26:13.065+0000] {dag.py:3211} INFO - Sync 1 DAGs
[2024-08-16T13:26:13.090+0000] {logging_mixin.py:190} INFO - [2024-08-16T13:26:13.090+0000] {dag.py:4138} INFO - Setting next_dagrun for example_short_circuit_operator to 2024-08-15 00:00:00+00:00, run_after=2024-08-16 00:00:00+00:00
[2024-08-16T13:26:13.112+0000] {processor.py:208} INFO - Processing /home/airflow/.local/lib/python3.12/site-packages/airflow/example_dags/example_short_circuit_operator.py took 0.093 seconds
[2024-08-16T13:26:43.645+0000] {processor.py:186} INFO - Started process (PID=4752) to work on /home/airflow/.local/lib/python3.12/site-packages/airflow/example_dags/example_short_circuit_operator.py
[2024-08-16T13:26:43.646+0000] {processor.py:914} INFO - Processing file /home/airflow/.local/lib/python3.12/site-packages/airflow/example_dags/example_short_circuit_operator.py for tasks to queue
[2024-08-16T13:26:43.648+0000] {logging_mixin.py:190} INFO - [2024-08-16T13:26:43.648+0000] {dagbag.py:587} INFO - Filling up the DagBag from /home/airflow/.local/lib/python3.12/site-packages/airflow/example_dags/example_short_circuit_operator.py
[2024-08-16T13:26:43.659+0000] {processor.py:925} INFO - DAG(s) 'example_short_circuit_operator' retrieved from /home/airflow/.local/lib/python3.12/site-packages/airflow/example_dags/example_short_circuit_operator.py
[2024-08-16T13:26:43.684+0000] {logging_mixin.py:190} INFO - [2024-08-16T13:26:43.684+0000] {dag.py:3211} INFO - Sync 1 DAGs
[2024-08-16T13:26:43.713+0000] {logging_mixin.py:190} INFO - [2024-08-16T13:26:43.712+0000] {dag.py:4138} INFO - Setting next_dagrun for example_short_circuit_operator to 2024-08-15 00:00:00+00:00, run_after=2024-08-16 00:00:00+00:00
[2024-08-16T13:26:43.734+0000] {processor.py:208} INFO - Processing /home/airflow/.local/lib/python3.12/site-packages/airflow/example_dags/example_short_circuit_operator.py took 0.096 seconds
[2024-08-16T13:27:13.973+0000] {processor.py:186} INFO - Started process (PID=5037) to work on /home/airflow/.local/lib/python3.12/site-packages/airflow/example_dags/example_short_circuit_operator.py
[2024-08-16T13:27:13.974+0000] {processor.py:914} INFO - Processing file /home/airflow/.local/lib/python3.12/site-packages/airflow/example_dags/example_short_circuit_operator.py for tasks to queue
[2024-08-16T13:27:13.977+0000] {logging_mixin.py:190} INFO - [2024-08-16T13:27:13.977+0000] {dagbag.py:587} INFO - Filling up the DagBag from /home/airflow/.local/lib/python3.12/site-packages/airflow/example_dags/example_short_circuit_operator.py
[2024-08-16T13:27:13.988+0000] {processor.py:925} INFO - DAG(s) 'example_short_circuit_operator' retrieved from /home/airflow/.local/lib/python3.12/site-packages/airflow/example_dags/example_short_circuit_operator.py
[2024-08-16T13:27:14.013+0000] {logging_mixin.py:190} INFO - [2024-08-16T13:27:14.013+0000] {dag.py:3211} INFO - Sync 1 DAGs
[2024-08-16T13:27:14.039+0000] {logging_mixin.py:190} INFO - [2024-08-16T13:27:14.039+0000] {dag.py:4138} INFO - Setting next_dagrun for example_short_circuit_operator to 2024-08-15 00:00:00+00:00, run_after=2024-08-16 00:00:00+00:00
[2024-08-16T13:27:14.058+0000] {processor.py:208} INFO - Processing /home/airflow/.local/lib/python3.12/site-packages/airflow/example_dags/example_short_circuit_operator.py took 0.092 seconds
[2024-08-16T13:27:44.496+0000] {processor.py:186} INFO - Started process (PID=5325) to work on /home/airflow/.local/lib/python3.12/site-packages/airflow/example_dags/example_short_circuit_operator.py
[2024-08-16T13:27:44.497+0000] {processor.py:914} INFO - Processing file /home/airflow/.local/lib/python3.12/site-packages/airflow/example_dags/example_short_circuit_operator.py for tasks to queue
[2024-08-16T13:27:44.501+0000] {logging_mixin.py:190} INFO - [2024-08-16T13:27:44.501+0000] {dagbag.py:587} INFO - Filling up the DagBag from /home/airflow/.local/lib/python3.12/site-packages/airflow/example_dags/example_short_circuit_operator.py
[2024-08-16T13:27:44.511+0000] {processor.py:925} INFO - DAG(s) 'example_short_circuit_operator' retrieved from /home/airflow/.local/lib/python3.12/site-packages/airflow/example_dags/example_short_circuit_operator.py
[2024-08-16T13:27:44.537+0000] {logging_mixin.py:190} INFO - [2024-08-16T13:27:44.537+0000] {dag.py:3211} INFO - Sync 1 DAGs
[2024-08-16T13:27:44.567+0000] {logging_mixin.py:190} INFO - [2024-08-16T13:27:44.566+0000] {dag.py:4138} INFO - Setting next_dagrun for example_short_circuit_operator to 2024-08-15 00:00:00+00:00, run_after=2024-08-16 00:00:00+00:00
[2024-08-16T13:27:44.587+0000] {processor.py:208} INFO - Processing /home/airflow/.local/lib/python3.12/site-packages/airflow/example_dags/example_short_circuit_operator.py took 0.101 seconds
[2024-08-16T13:28:14.809+0000] {processor.py:186} INFO - Started process (PID=5611) to work on /home/airflow/.local/lib/python3.12/site-packages/airflow/example_dags/example_short_circuit_operator.py
[2024-08-16T13:28:14.810+0000] {processor.py:914} INFO - Processing file /home/airflow/.local/lib/python3.12/site-packages/airflow/example_dags/example_short_circuit_operator.py for tasks to queue
[2024-08-16T13:28:14.813+0000] {logging_mixin.py:190} INFO - [2024-08-16T13:28:14.812+0000] {dagbag.py:587} INFO - Filling up the DagBag from /home/airflow/.local/lib/python3.12/site-packages/airflow/example_dags/example_short_circuit_operator.py
[2024-08-16T13:28:14.822+0000] {processor.py:925} INFO - DAG(s) 'example_short_circuit_operator' retrieved from /home/airflow/.local/lib/python3.12/site-packages/airflow/example_dags/example_short_circuit_operator.py
[2024-08-16T13:28:14.848+0000] {logging_mixin.py:190} INFO - [2024-08-16T13:28:14.848+0000] {dag.py:3211} INFO - Sync 1 DAGs
[2024-08-16T13:28:14.876+0000] {logging_mixin.py:190} INFO - [2024-08-16T13:28:14.876+0000] {dag.py:4138} INFO - Setting next_dagrun for example_short_circuit_operator to 2024-08-15 00:00:00+00:00, run_after=2024-08-16 00:00:00+00:00
[2024-08-16T13:28:14.897+0000] {processor.py:208} INFO - Processing /home/airflow/.local/lib/python3.12/site-packages/airflow/example_dags/example_short_circuit_operator.py took 0.095 seconds
[2024-08-16T13:28:45.512+0000] {processor.py:186} INFO - Started process (PID=5897) to work on /home/airflow/.local/lib/python3.12/site-packages/airflow/example_dags/example_short_circuit_operator.py
[2024-08-16T13:28:45.513+0000] {processor.py:914} INFO - Processing file /home/airflow/.local/lib/python3.12/site-packages/airflow/example_dags/example_short_circuit_operator.py for tasks to queue
[2024-08-16T13:28:45.515+0000] {logging_mixin.py:190} INFO - [2024-08-16T13:28:45.515+0000] {dagbag.py:587} INFO - Filling up the DagBag from /home/airflow/.local/lib/python3.12/site-packages/airflow/example_dags/example_short_circuit_operator.py
[2024-08-16T13:28:45.525+0000] {processor.py:925} INFO - DAG(s) 'example_short_circuit_operator' retrieved from /home/airflow/.local/lib/python3.12/site-packages/airflow/example_dags/example_short_circuit_operator.py
[2024-08-16T13:28:45.552+0000] {logging_mixin.py:190} INFO - [2024-08-16T13:28:45.552+0000] {dag.py:3211} INFO - Sync 1 DAGs
[2024-08-16T13:28:45.577+0000] {logging_mixin.py:190} INFO - [2024-08-16T13:28:45.577+0000] {dag.py:4138} INFO - Setting next_dagrun for example_short_circuit_operator to 2024-08-15 00:00:00+00:00, run_after=2024-08-16 00:00:00+00:00
[2024-08-16T13:28:45.596+0000] {processor.py:208} INFO - Processing /home/airflow/.local/lib/python3.12/site-packages/airflow/example_dags/example_short_circuit_operator.py took 0.090 seconds
[2024-08-16T13:29:15.898+0000] {processor.py:186} INFO - Started process (PID=6183) to work on /home/airflow/.local/lib/python3.12/site-packages/airflow/example_dags/example_short_circuit_operator.py
[2024-08-16T13:29:15.899+0000] {processor.py:914} INFO - Processing file /home/airflow/.local/lib/python3.12/site-packages/airflow/example_dags/example_short_circuit_operator.py for tasks to queue
[2024-08-16T13:29:15.902+0000] {logging_mixin.py:190} INFO - [2024-08-16T13:29:15.902+0000] {dagbag.py:587} INFO - Filling up the DagBag from /home/airflow/.local/lib/python3.12/site-packages/airflow/example_dags/example_short_circuit_operator.py
[2024-08-16T13:29:15.913+0000] {processor.py:925} INFO - DAG(s) 'example_short_circuit_operator' retrieved from /home/airflow/.local/lib/python3.12/site-packages/airflow/example_dags/example_short_circuit_operator.py
[2024-08-16T13:29:15.938+0000] {logging_mixin.py:190} INFO - [2024-08-16T13:29:15.938+0000] {dag.py:3211} INFO - Sync 1 DAGs
[2024-08-16T13:29:15.964+0000] {logging_mixin.py:190} INFO - [2024-08-16T13:29:15.964+0000] {dag.py:4138} INFO - Setting next_dagrun for example_short_circuit_operator to 2024-08-15 00:00:00+00:00, run_after=2024-08-16 00:00:00+00:00
[2024-08-16T13:29:15.990+0000] {processor.py:208} INFO - Processing /home/airflow/.local/lib/python3.12/site-packages/airflow/example_dags/example_short_circuit_operator.py took 0.098 seconds
[2024-08-16T13:29:46.575+0000] {processor.py:186} INFO - Started process (PID=6475) to work on /home/airflow/.local/lib/python3.12/site-packages/airflow/example_dags/example_short_circuit_operator.py
[2024-08-16T13:29:46.576+0000] {processor.py:914} INFO - Processing file /home/airflow/.local/lib/python3.12/site-packages/airflow/example_dags/example_short_circuit_operator.py for tasks to queue
[2024-08-16T13:29:46.579+0000] {logging_mixin.py:190} INFO - [2024-08-16T13:29:46.578+0000] {dagbag.py:587} INFO - Filling up the DagBag from /home/airflow/.local/lib/python3.12/site-packages/airflow/example_dags/example_short_circuit_operator.py
[2024-08-16T13:29:46.588+0000] {processor.py:925} INFO - DAG(s) 'example_short_circuit_operator' retrieved from /home/airflow/.local/lib/python3.12/site-packages/airflow/example_dags/example_short_circuit_operator.py
[2024-08-16T13:29:46.614+0000] {logging_mixin.py:190} INFO - [2024-08-16T13:29:46.614+0000] {dag.py:3211} INFO - Sync 1 DAGs
[2024-08-16T13:29:46.637+0000] {logging_mixin.py:190} INFO - [2024-08-16T13:29:46.637+0000] {dag.py:4138} INFO - Setting next_dagrun for example_short_circuit_operator to 2024-08-15 00:00:00+00:00, run_after=2024-08-16 00:00:00+00:00
[2024-08-16T13:29:46.659+0000] {processor.py:208} INFO - Processing /home/airflow/.local/lib/python3.12/site-packages/airflow/example_dags/example_short_circuit_operator.py took 0.091 seconds
[2024-08-16T13:30:16.954+0000] {processor.py:186} INFO - Started process (PID=6762) to work on /home/airflow/.local/lib/python3.12/site-packages/airflow/example_dags/example_short_circuit_operator.py
[2024-08-16T13:30:16.955+0000] {processor.py:914} INFO - Processing file /home/airflow/.local/lib/python3.12/site-packages/airflow/example_dags/example_short_circuit_operator.py for tasks to queue
[2024-08-16T13:30:16.958+0000] {logging_mixin.py:190} INFO - [2024-08-16T13:30:16.957+0000] {dagbag.py:587} INFO - Filling up the DagBag from /home/airflow/.local/lib/python3.12/site-packages/airflow/example_dags/example_short_circuit_operator.py
[2024-08-16T13:30:16.967+0000] {processor.py:925} INFO - DAG(s) 'example_short_circuit_operator' retrieved from /home/airflow/.local/lib/python3.12/site-packages/airflow/example_dags/example_short_circuit_operator.py
[2024-08-16T13:30:16.993+0000] {logging_mixin.py:190} INFO - [2024-08-16T13:30:16.993+0000] {dag.py:3211} INFO - Sync 1 DAGs
[2024-08-16T13:30:17.021+0000] {logging_mixin.py:190} INFO - [2024-08-16T13:30:17.021+0000] {dag.py:4138} INFO - Setting next_dagrun for example_short_circuit_operator to 2024-08-15 00:00:00+00:00, run_after=2024-08-16 00:00:00+00:00
[2024-08-16T13:30:17.045+0000] {processor.py:208} INFO - Processing /home/airflow/.local/lib/python3.12/site-packages/airflow/example_dags/example_short_circuit_operator.py took 0.098 seconds
[2024-08-16T13:30:47.445+0000] {processor.py:186} INFO - Started process (PID=7048) to work on /home/airflow/.local/lib/python3.12/site-packages/airflow/example_dags/example_short_circuit_operator.py
[2024-08-16T13:30:47.446+0000] {processor.py:914} INFO - Processing file /home/airflow/.local/lib/python3.12/site-packages/airflow/example_dags/example_short_circuit_operator.py for tasks to queue
[2024-08-16T13:30:47.449+0000] {logging_mixin.py:190} INFO - [2024-08-16T13:30:47.448+0000] {dagbag.py:587} INFO - Filling up the DagBag from /home/airflow/.local/lib/python3.12/site-packages/airflow/example_dags/example_short_circuit_operator.py
[2024-08-16T13:30:47.458+0000] {processor.py:925} INFO - DAG(s) 'example_short_circuit_operator' retrieved from /home/airflow/.local/lib/python3.12/site-packages/airflow/example_dags/example_short_circuit_operator.py
[2024-08-16T13:30:47.482+0000] {logging_mixin.py:190} INFO - [2024-08-16T13:30:47.482+0000] {dag.py:3211} INFO - Sync 1 DAGs
[2024-08-16T13:30:47.507+0000] {logging_mixin.py:190} INFO - [2024-08-16T13:30:47.507+0000] {dag.py:4138} INFO - Setting next_dagrun for example_short_circuit_operator to 2024-08-15 00:00:00+00:00, run_after=2024-08-16 00:00:00+00:00
[2024-08-16T13:30:47.525+0000] {processor.py:208} INFO - Processing /home/airflow/.local/lib/python3.12/site-packages/airflow/example_dags/example_short_circuit_operator.py took 0.087 seconds
[2024-08-16T13:31:18.046+0000] {processor.py:186} INFO - Started process (PID=7334) to work on /home/airflow/.local/lib/python3.12/site-packages/airflow/example_dags/example_short_circuit_operator.py
[2024-08-16T13:31:18.047+0000] {processor.py:914} INFO - Processing file /home/airflow/.local/lib/python3.12/site-packages/airflow/example_dags/example_short_circuit_operator.py for tasks to queue
[2024-08-16T13:31:18.050+0000] {logging_mixin.py:190} INFO - [2024-08-16T13:31:18.049+0000] {dagbag.py:587} INFO - Filling up the DagBag from /home/airflow/.local/lib/python3.12/site-packages/airflow/example_dags/example_short_circuit_operator.py
[2024-08-16T13:31:18.059+0000] {processor.py:925} INFO - DAG(s) 'example_short_circuit_operator' retrieved from /home/airflow/.local/lib/python3.12/site-packages/airflow/example_dags/example_short_circuit_operator.py
[2024-08-16T13:31:18.085+0000] {logging_mixin.py:190} INFO - [2024-08-16T13:31:18.085+0000] {dag.py:3211} INFO - Sync 1 DAGs
[2024-08-16T13:31:18.109+0000] {logging_mixin.py:190} INFO - [2024-08-16T13:31:18.109+0000] {dag.py:4138} INFO - Setting next_dagrun for example_short_circuit_operator to 2024-08-15 00:00:00+00:00, run_after=2024-08-16 00:00:00+00:00
[2024-08-16T13:31:18.128+0000] {processor.py:208} INFO - Processing /home/airflow/.local/lib/python3.12/site-packages/airflow/example_dags/example_short_circuit_operator.py took 0.089 seconds
[2024-08-16T13:31:48.690+0000] {processor.py:186} INFO - Started process (PID=7618) to work on /home/airflow/.local/lib/python3.12/site-packages/airflow/example_dags/example_short_circuit_operator.py
[2024-08-16T13:31:48.691+0000] {processor.py:914} INFO - Processing file /home/airflow/.local/lib/python3.12/site-packages/airflow/example_dags/example_short_circuit_operator.py for tasks to queue
[2024-08-16T13:31:48.693+0000] {logging_mixin.py:190} INFO - [2024-08-16T13:31:48.693+0000] {dagbag.py:587} INFO - Filling up the DagBag from /home/airflow/.local/lib/python3.12/site-packages/airflow/example_dags/example_short_circuit_operator.py
[2024-08-16T13:31:48.704+0000] {processor.py:925} INFO - DAG(s) 'example_short_circuit_operator' retrieved from /home/airflow/.local/lib/python3.12/site-packages/airflow/example_dags/example_short_circuit_operator.py
[2024-08-16T13:31:48.732+0000] {logging_mixin.py:190} INFO - [2024-08-16T13:31:48.731+0000] {dag.py:3211} INFO - Sync 1 DAGs
[2024-08-16T13:31:48.759+0000] {logging_mixin.py:190} INFO - [2024-08-16T13:31:48.758+0000] {dag.py:4138} INFO - Setting next_dagrun for example_short_circuit_operator to 2024-08-15 00:00:00+00:00, run_after=2024-08-16 00:00:00+00:00
[2024-08-16T13:31:48.780+0000] {processor.py:208} INFO - Processing /home/airflow/.local/lib/python3.12/site-packages/airflow/example_dags/example_short_circuit_operator.py took 0.099 seconds
[2024-08-16T13:32:19.071+0000] {processor.py:186} INFO - Started process (PID=7906) to work on /home/airflow/.local/lib/python3.12/site-packages/airflow/example_dags/example_short_circuit_operator.py
[2024-08-16T13:32:19.072+0000] {processor.py:914} INFO - Processing file /home/airflow/.local/lib/python3.12/site-packages/airflow/example_dags/example_short_circuit_operator.py for tasks to queue
[2024-08-16T13:32:19.074+0000] {logging_mixin.py:190} INFO - [2024-08-16T13:32:19.074+0000] {dagbag.py:587} INFO - Filling up the DagBag from /home/airflow/.local/lib/python3.12/site-packages/airflow/example_dags/example_short_circuit_operator.py
[2024-08-16T13:32:19.085+0000] {processor.py:925} INFO - DAG(s) 'example_short_circuit_operator' retrieved from /home/airflow/.local/lib/python3.12/site-packages/airflow/example_dags/example_short_circuit_operator.py
[2024-08-16T13:32:19.112+0000] {logging_mixin.py:190} INFO - [2024-08-16T13:32:19.112+0000] {dag.py:3211} INFO - Sync 1 DAGs
[2024-08-16T13:32:19.139+0000] {logging_mixin.py:190} INFO - [2024-08-16T13:32:19.139+0000] {dag.py:4138} INFO - Setting next_dagrun for example_short_circuit_operator to 2024-08-15 00:00:00+00:00, run_after=2024-08-16 00:00:00+00:00
[2024-08-16T13:32:19.159+0000] {processor.py:208} INFO - Processing /home/airflow/.local/lib/python3.12/site-packages/airflow/example_dags/example_short_circuit_operator.py took 0.095 seconds
[2024-08-16T13:32:49.573+0000] {processor.py:186} INFO - Started process (PID=8192) to work on /home/airflow/.local/lib/python3.12/site-packages/airflow/example_dags/example_short_circuit_operator.py
[2024-08-16T13:32:49.574+0000] {processor.py:914} INFO - Processing file /home/airflow/.local/lib/python3.12/site-packages/airflow/example_dags/example_short_circuit_operator.py for tasks to queue
[2024-08-16T13:32:49.578+0000] {logging_mixin.py:190} INFO - [2024-08-16T13:32:49.577+0000] {dagbag.py:587} INFO - Filling up the DagBag from /home/airflow/.local/lib/python3.12/site-packages/airflow/example_dags/example_short_circuit_operator.py
[2024-08-16T13:32:49.587+0000] {processor.py:925} INFO - DAG(s) 'example_short_circuit_operator' retrieved from /home/airflow/.local/lib/python3.12/site-packages/airflow/example_dags/example_short_circuit_operator.py
[2024-08-16T13:32:49.614+0000] {logging_mixin.py:190} INFO - [2024-08-16T13:32:49.614+0000] {dag.py:3211} INFO - Sync 1 DAGs
[2024-08-16T13:32:49.639+0000] {logging_mixin.py:190} INFO - [2024-08-16T13:32:49.639+0000] {dag.py:4138} INFO - Setting next_dagrun for example_short_circuit_operator to 2024-08-15 00:00:00+00:00, run_after=2024-08-16 00:00:00+00:00
[2024-08-16T13:32:49.661+0000] {processor.py:208} INFO - Processing /home/airflow/.local/lib/python3.12/site-packages/airflow/example_dags/example_short_circuit_operator.py took 0.094 seconds
[2024-08-16T13:33:19.953+0000] {processor.py:186} INFO - Started process (PID=8476) to work on /home/airflow/.local/lib/python3.12/site-packages/airflow/example_dags/example_short_circuit_operator.py
[2024-08-16T13:33:19.954+0000] {processor.py:914} INFO - Processing file /home/airflow/.local/lib/python3.12/site-packages/airflow/example_dags/example_short_circuit_operator.py for tasks to queue
[2024-08-16T13:33:19.957+0000] {logging_mixin.py:190} INFO - [2024-08-16T13:33:19.956+0000] {dagbag.py:587} INFO - Filling up the DagBag from /home/airflow/.local/lib/python3.12/site-packages/airflow/example_dags/example_short_circuit_operator.py
[2024-08-16T13:33:19.968+0000] {processor.py:925} INFO - DAG(s) 'example_short_circuit_operator' retrieved from /home/airflow/.local/lib/python3.12/site-packages/airflow/example_dags/example_short_circuit_operator.py
[2024-08-16T13:33:19.995+0000] {logging_mixin.py:190} INFO - [2024-08-16T13:33:19.994+0000] {dag.py:3211} INFO - Sync 1 DAGs
[2024-08-16T13:33:20.023+0000] {logging_mixin.py:190} INFO - [2024-08-16T13:33:20.023+0000] {dag.py:4138} INFO - Setting next_dagrun for example_short_circuit_operator to 2024-08-15 00:00:00+00:00, run_after=2024-08-16 00:00:00+00:00
[2024-08-16T13:33:20.047+0000] {processor.py:208} INFO - Processing /home/airflow/.local/lib/python3.12/site-packages/airflow/example_dags/example_short_circuit_operator.py took 0.101 seconds
[2024-08-16T13:33:50.366+0000] {processor.py:186} INFO - Started process (PID=8763) to work on /home/airflow/.local/lib/python3.12/site-packages/airflow/example_dags/example_short_circuit_operator.py
[2024-08-16T13:33:50.368+0000] {processor.py:914} INFO - Processing file /home/airflow/.local/lib/python3.12/site-packages/airflow/example_dags/example_short_circuit_operator.py for tasks to queue
[2024-08-16T13:33:50.370+0000] {logging_mixin.py:190} INFO - [2024-08-16T13:33:50.369+0000] {dagbag.py:587} INFO - Filling up the DagBag from /home/airflow/.local/lib/python3.12/site-packages/airflow/example_dags/example_short_circuit_operator.py
[2024-08-16T13:33:50.381+0000] {processor.py:925} INFO - DAG(s) 'example_short_circuit_operator' retrieved from /home/airflow/.local/lib/python3.12/site-packages/airflow/example_dags/example_short_circuit_operator.py
[2024-08-16T13:33:50.410+0000] {logging_mixin.py:190} INFO - [2024-08-16T13:33:50.409+0000] {dag.py:3211} INFO - Sync 1 DAGs
[2024-08-16T13:33:50.438+0000] {logging_mixin.py:190} INFO - [2024-08-16T13:33:50.437+0000] {dag.py:4138} INFO - Setting next_dagrun for example_short_circuit_operator to 2024-08-15 00:00:00+00:00, run_after=2024-08-16 00:00:00+00:00
[2024-08-16T13:33:50.459+0000] {processor.py:208} INFO - Processing /home/airflow/.local/lib/python3.12/site-packages/airflow/example_dags/example_short_circuit_operator.py took 0.100 seconds
[2024-08-16T13:34:20.635+0000] {processor.py:186} INFO - Started process (PID=9050) to work on /home/airflow/.local/lib/python3.12/site-packages/airflow/example_dags/example_short_circuit_operator.py
[2024-08-16T13:34:20.636+0000] {processor.py:914} INFO - Processing file /home/airflow/.local/lib/python3.12/site-packages/airflow/example_dags/example_short_circuit_operator.py for tasks to queue
[2024-08-16T13:34:20.638+0000] {logging_mixin.py:190} INFO - [2024-08-16T13:34:20.638+0000] {dagbag.py:587} INFO - Filling up the DagBag from /home/airflow/.local/lib/python3.12/site-packages/airflow/example_dags/example_short_circuit_operator.py
[2024-08-16T13:34:20.648+0000] {processor.py:925} INFO - DAG(s) 'example_short_circuit_operator' retrieved from /home/airflow/.local/lib/python3.12/site-packages/airflow/example_dags/example_short_circuit_operator.py
[2024-08-16T13:34:20.674+0000] {logging_mixin.py:190} INFO - [2024-08-16T13:34:20.674+0000] {dag.py:3211} INFO - Sync 1 DAGs
[2024-08-16T13:34:20.700+0000] {logging_mixin.py:190} INFO - [2024-08-16T13:34:20.700+0000] {dag.py:4138} INFO - Setting next_dagrun for example_short_circuit_operator to 2024-08-15 00:00:00+00:00, run_after=2024-08-16 00:00:00+00:00
[2024-08-16T13:34:20.719+0000] {processor.py:208} INFO - Processing /home/airflow/.local/lib/python3.12/site-packages/airflow/example_dags/example_short_circuit_operator.py took 0.091 seconds
[2024-08-16T13:34:51.251+0000] {processor.py:186} INFO - Started process (PID=9336) to work on /home/airflow/.local/lib/python3.12/site-packages/airflow/example_dags/example_short_circuit_operator.py
[2024-08-16T13:34:51.252+0000] {processor.py:914} INFO - Processing file /home/airflow/.local/lib/python3.12/site-packages/airflow/example_dags/example_short_circuit_operator.py for tasks to queue
[2024-08-16T13:34:51.255+0000] {logging_mixin.py:190} INFO - [2024-08-16T13:34:51.254+0000] {dagbag.py:587} INFO - Filling up the DagBag from /home/airflow/.local/lib/python3.12/site-packages/airflow/example_dags/example_short_circuit_operator.py
[2024-08-16T13:34:51.264+0000] {processor.py:925} INFO - DAG(s) 'example_short_circuit_operator' retrieved from /home/airflow/.local/lib/python3.12/site-packages/airflow/example_dags/example_short_circuit_operator.py
[2024-08-16T13:34:51.290+0000] {logging_mixin.py:190} INFO - [2024-08-16T13:34:51.289+0000] {dag.py:3211} INFO - Sync 1 DAGs
[2024-08-16T13:34:51.316+0000] {logging_mixin.py:190} INFO - [2024-08-16T13:34:51.316+0000] {dag.py:4138} INFO - Setting next_dagrun for example_short_circuit_operator to 2024-08-15 00:00:00+00:00, run_after=2024-08-16 00:00:00+00:00
[2024-08-16T13:34:51.337+0000] {processor.py:208} INFO - Processing /home/airflow/.local/lib/python3.12/site-packages/airflow/example_dags/example_short_circuit_operator.py took 0.095 seconds
[2024-08-16T13:35:21.732+0000] {processor.py:186} INFO - Started process (PID=9622) to work on /home/airflow/.local/lib/python3.12/site-packages/airflow/example_dags/example_short_circuit_operator.py
[2024-08-16T13:35:21.733+0000] {processor.py:914} INFO - Processing file /home/airflow/.local/lib/python3.12/site-packages/airflow/example_dags/example_short_circuit_operator.py for tasks to queue
[2024-08-16T13:35:21.736+0000] {logging_mixin.py:190} INFO - [2024-08-16T13:35:21.735+0000] {dagbag.py:587} INFO - Filling up the DagBag from /home/airflow/.local/lib/python3.12/site-packages/airflow/example_dags/example_short_circuit_operator.py
[2024-08-16T13:35:21.745+0000] {processor.py:925} INFO - DAG(s) 'example_short_circuit_operator' retrieved from /home/airflow/.local/lib/python3.12/site-packages/airflow/example_dags/example_short_circuit_operator.py
[2024-08-16T13:35:21.771+0000] {logging_mixin.py:190} INFO - [2024-08-16T13:35:21.771+0000] {dag.py:3211} INFO - Sync 1 DAGs
[2024-08-16T13:35:21.794+0000] {logging_mixin.py:190} INFO - [2024-08-16T13:35:21.794+0000] {dag.py:4138} INFO - Setting next_dagrun for example_short_circuit_operator to 2024-08-15 00:00:00+00:00, run_after=2024-08-16 00:00:00+00:00
[2024-08-16T13:35:21.816+0000] {processor.py:208} INFO - Processing /home/airflow/.local/lib/python3.12/site-packages/airflow/example_dags/example_short_circuit_operator.py took 0.092 seconds
[2024-08-16T13:35:52.198+0000] {processor.py:186} INFO - Started process (PID=9908) to work on /home/airflow/.local/lib/python3.12/site-packages/airflow/example_dags/example_short_circuit_operator.py
[2024-08-16T13:35:52.199+0000] {processor.py:914} INFO - Processing file /home/airflow/.local/lib/python3.12/site-packages/airflow/example_dags/example_short_circuit_operator.py for tasks to queue
[2024-08-16T13:35:52.201+0000] {logging_mixin.py:190} INFO - [2024-08-16T13:35:52.201+0000] {dagbag.py:587} INFO - Filling up the DagBag from /home/airflow/.local/lib/python3.12/site-packages/airflow/example_dags/example_short_circuit_operator.py
[2024-08-16T13:35:52.212+0000] {processor.py:925} INFO - DAG(s) 'example_short_circuit_operator' retrieved from /home/airflow/.local/lib/python3.12/site-packages/airflow/example_dags/example_short_circuit_operator.py
[2024-08-16T13:35:52.240+0000] {logging_mixin.py:190} INFO - [2024-08-16T13:35:52.240+0000] {dag.py:3211} INFO - Sync 1 DAGs
[2024-08-16T13:35:52.266+0000] {logging_mixin.py:190} INFO - [2024-08-16T13:35:52.266+0000] {dag.py:4138} INFO - Setting next_dagrun for example_short_circuit_operator to 2024-08-15 00:00:00+00:00, run_after=2024-08-16 00:00:00+00:00
[2024-08-16T13:35:52.286+0000] {processor.py:208} INFO - Processing /home/airflow/.local/lib/python3.12/site-packages/airflow/example_dags/example_short_circuit_operator.py took 0.094 seconds
[2024-08-16T13:36:22.564+0000] {processor.py:186} INFO - Started process (PID=10194) to work on /home/airflow/.local/lib/python3.12/site-packages/airflow/example_dags/example_short_circuit_operator.py
[2024-08-16T13:36:22.565+0000] {processor.py:914} INFO - Processing file /home/airflow/.local/lib/python3.12/site-packages/airflow/example_dags/example_short_circuit_operator.py for tasks to queue
[2024-08-16T13:36:22.567+0000] {logging_mixin.py:190} INFO - [2024-08-16T13:36:22.567+0000] {dagbag.py:587} INFO - Filling up the DagBag from /home/airflow/.local/lib/python3.12/site-packages/airflow/example_dags/example_short_circuit_operator.py
[2024-08-16T13:36:22.578+0000] {processor.py:925} INFO - DAG(s) 'example_short_circuit_operator' retrieved from /home/airflow/.local/lib/python3.12/site-packages/airflow/example_dags/example_short_circuit_operator.py
[2024-08-16T13:36:22.602+0000] {logging_mixin.py:190} INFO - [2024-08-16T13:36:22.602+0000] {dag.py:3211} INFO - Sync 1 DAGs
[2024-08-16T13:36:22.629+0000] {logging_mixin.py:190} INFO - [2024-08-16T13:36:22.628+0000] {dag.py:4138} INFO - Setting next_dagrun for example_short_circuit_operator to 2024-08-15 00:00:00+00:00, run_after=2024-08-16 00:00:00+00:00
[2024-08-16T13:36:22.652+0000] {processor.py:208} INFO - Processing /home/airflow/.local/lib/python3.12/site-packages/airflow/example_dags/example_short_circuit_operator.py took 0.096 seconds
[2024-08-16T13:36:53.066+0000] {processor.py:186} INFO - Started process (PID=10479) to work on /home/airflow/.local/lib/python3.12/site-packages/airflow/example_dags/example_short_circuit_operator.py
[2024-08-16T13:36:53.067+0000] {processor.py:914} INFO - Processing file /home/airflow/.local/lib/python3.12/site-packages/airflow/example_dags/example_short_circuit_operator.py for tasks to queue
[2024-08-16T13:36:53.070+0000] {logging_mixin.py:190} INFO - [2024-08-16T13:36:53.070+0000] {dagbag.py:587} INFO - Filling up the DagBag from /home/airflow/.local/lib/python3.12/site-packages/airflow/example_dags/example_short_circuit_operator.py
[2024-08-16T13:36:53.079+0000] {processor.py:925} INFO - DAG(s) 'example_short_circuit_operator' retrieved from /home/airflow/.local/lib/python3.12/site-packages/airflow/example_dags/example_short_circuit_operator.py
[2024-08-16T13:36:53.105+0000] {logging_mixin.py:190} INFO - [2024-08-16T13:36:53.105+0000] {dag.py:3211} INFO - Sync 1 DAGs
[2024-08-16T13:36:53.136+0000] {logging_mixin.py:190} INFO - [2024-08-16T13:36:53.136+0000] {dag.py:4138} INFO - Setting next_dagrun for example_short_circuit_operator to 2024-08-15 00:00:00+00:00, run_after=2024-08-16 00:00:00+00:00
[2024-08-16T13:36:53.157+0000] {processor.py:208} INFO - Processing /home/airflow/.local/lib/python3.12/site-packages/airflow/example_dags/example_short_circuit_operator.py took 0.097 seconds
[2024-08-16T13:37:23.543+0000] {processor.py:186} INFO - Started process (PID=10767) to work on /home/airflow/.local/lib/python3.12/site-packages/airflow/example_dags/example_short_circuit_operator.py
[2024-08-16T13:37:23.544+0000] {processor.py:914} INFO - Processing file /home/airflow/.local/lib/python3.12/site-packages/airflow/example_dags/example_short_circuit_operator.py for tasks to queue
[2024-08-16T13:37:23.547+0000] {logging_mixin.py:190} INFO - [2024-08-16T13:37:23.547+0000] {dagbag.py:587} INFO - Filling up the DagBag from /home/airflow/.local/lib/python3.12/site-packages/airflow/example_dags/example_short_circuit_operator.py
[2024-08-16T13:37:23.556+0000] {processor.py:925} INFO - DAG(s) 'example_short_circuit_operator' retrieved from /home/airflow/.local/lib/python3.12/site-packages/airflow/example_dags/example_short_circuit_operator.py
[2024-08-16T13:37:23.582+0000] {logging_mixin.py:190} INFO - [2024-08-16T13:37:23.582+0000] {dag.py:3211} INFO - Sync 1 DAGs
[2024-08-16T13:37:23.609+0000] {logging_mixin.py:190} INFO - [2024-08-16T13:37:23.609+0000] {dag.py:4138} INFO - Setting next_dagrun for example_short_circuit_operator to 2024-08-15 00:00:00+00:00, run_after=2024-08-16 00:00:00+00:00
[2024-08-16T13:37:23.628+0000] {processor.py:208} INFO - Processing /home/airflow/.local/lib/python3.12/site-packages/airflow/example_dags/example_short_circuit_operator.py took 0.091 seconds
[2024-08-16T13:37:53.985+0000] {processor.py:186} INFO - Started process (PID=11053) to work on /home/airflow/.local/lib/python3.12/site-packages/airflow/example_dags/example_short_circuit_operator.py
[2024-08-16T13:37:53.987+0000] {processor.py:914} INFO - Processing file /home/airflow/.local/lib/python3.12/site-packages/airflow/example_dags/example_short_circuit_operator.py for tasks to queue
[2024-08-16T13:37:53.989+0000] {logging_mixin.py:190} INFO - [2024-08-16T13:37:53.989+0000] {dagbag.py:587} INFO - Filling up the DagBag from /home/airflow/.local/lib/python3.12/site-packages/airflow/example_dags/example_short_circuit_operator.py
[2024-08-16T13:37:53.998+0000] {processor.py:925} INFO - DAG(s) 'example_short_circuit_operator' retrieved from /home/airflow/.local/lib/python3.12/site-packages/airflow/example_dags/example_short_circuit_operator.py
[2024-08-16T13:37:54.023+0000] {logging_mixin.py:190} INFO - [2024-08-16T13:37:54.023+0000] {dag.py:3211} INFO - Sync 1 DAGs
[2024-08-16T13:37:54.048+0000] {logging_mixin.py:190} INFO - [2024-08-16T13:37:54.048+0000] {dag.py:4138} INFO - Setting next_dagrun for example_short_circuit_operator to 2024-08-15 00:00:00+00:00, run_after=2024-08-16 00:00:00+00:00
[2024-08-16T13:37:54.067+0000] {processor.py:208} INFO - Processing /home/airflow/.local/lib/python3.12/site-packages/airflow/example_dags/example_short_circuit_operator.py took 0.088 seconds
[2024-08-16T13:38:24.263+0000] {processor.py:186} INFO - Started process (PID=11339) to work on /home/airflow/.local/lib/python3.12/site-packages/airflow/example_dags/example_short_circuit_operator.py
[2024-08-16T13:38:24.264+0000] {processor.py:914} INFO - Processing file /home/airflow/.local/lib/python3.12/site-packages/airflow/example_dags/example_short_circuit_operator.py for tasks to queue
[2024-08-16T13:38:24.267+0000] {logging_mixin.py:190} INFO - [2024-08-16T13:38:24.267+0000] {dagbag.py:587} INFO - Filling up the DagBag from /home/airflow/.local/lib/python3.12/site-packages/airflow/example_dags/example_short_circuit_operator.py
[2024-08-16T13:38:24.277+0000] {processor.py:925} INFO - DAG(s) 'example_short_circuit_operator' retrieved from /home/airflow/.local/lib/python3.12/site-packages/airflow/example_dags/example_short_circuit_operator.py
[2024-08-16T13:38:24.303+0000] {logging_mixin.py:190} INFO - [2024-08-16T13:38:24.303+0000] {dag.py:3211} INFO - Sync 1 DAGs
[2024-08-16T13:38:24.330+0000] {logging_mixin.py:190} INFO - [2024-08-16T13:38:24.330+0000] {dag.py:4138} INFO - Setting next_dagrun for example_short_circuit_operator to 2024-08-15 00:00:00+00:00, run_after=2024-08-16 00:00:00+00:00
[2024-08-16T13:38:24.351+0000] {processor.py:208} INFO - Processing /home/airflow/.local/lib/python3.12/site-packages/airflow/example_dags/example_short_circuit_operator.py took 0.094 seconds
[2024-08-16T13:38:54.771+0000] {processor.py:186} INFO - Started process (PID=11625) to work on /home/airflow/.local/lib/python3.12/site-packages/airflow/example_dags/example_short_circuit_operator.py
[2024-08-16T13:38:54.773+0000] {processor.py:914} INFO - Processing file /home/airflow/.local/lib/python3.12/site-packages/airflow/example_dags/example_short_circuit_operator.py for tasks to queue
[2024-08-16T13:38:54.775+0000] {logging_mixin.py:190} INFO - [2024-08-16T13:38:54.775+0000] {dagbag.py:587} INFO - Filling up the DagBag from /home/airflow/.local/lib/python3.12/site-packages/airflow/example_dags/example_short_circuit_operator.py
[2024-08-16T13:38:54.785+0000] {processor.py:925} INFO - DAG(s) 'example_short_circuit_operator' retrieved from /home/airflow/.local/lib/python3.12/site-packages/airflow/example_dags/example_short_circuit_operator.py
[2024-08-16T13:38:54.813+0000] {logging_mixin.py:190} INFO - [2024-08-16T13:38:54.812+0000] {dag.py:3211} INFO - Sync 1 DAGs
[2024-08-16T13:38:54.839+0000] {logging_mixin.py:190} INFO - [2024-08-16T13:38:54.839+0000] {dag.py:4138} INFO - Setting next_dagrun for example_short_circuit_operator to 2024-08-15 00:00:00+00:00, run_after=2024-08-16 00:00:00+00:00
[2024-08-16T13:38:54.859+0000] {processor.py:208} INFO - Processing /home/airflow/.local/lib/python3.12/site-packages/airflow/example_dags/example_short_circuit_operator.py took 0.094 seconds
[2024-08-16T13:39:24.984+0000] {processor.py:186} INFO - Started process (PID=11910) to work on /home/airflow/.local/lib/python3.12/site-packages/airflow/example_dags/example_short_circuit_operator.py
[2024-08-16T13:39:24.986+0000] {processor.py:914} INFO - Processing file /home/airflow/.local/lib/python3.12/site-packages/airflow/example_dags/example_short_circuit_operator.py for tasks to queue
[2024-08-16T13:39:24.988+0000] {logging_mixin.py:190} INFO - [2024-08-16T13:39:24.988+0000] {dagbag.py:587} INFO - Filling up the DagBag from /home/airflow/.local/lib/python3.12/site-packages/airflow/example_dags/example_short_circuit_operator.py
[2024-08-16T13:39:25.000+0000] {processor.py:925} INFO - DAG(s) 'example_short_circuit_operator' retrieved from /home/airflow/.local/lib/python3.12/site-packages/airflow/example_dags/example_short_circuit_operator.py
[2024-08-16T13:39:25.030+0000] {logging_mixin.py:190} INFO - [2024-08-16T13:39:25.029+0000] {dag.py:3211} INFO - Sync 1 DAGs
[2024-08-16T13:39:25.054+0000] {logging_mixin.py:190} INFO - [2024-08-16T13:39:25.053+0000] {dag.py:4138} INFO - Setting next_dagrun for example_short_circuit_operator to 2024-08-15 00:00:00+00:00, run_after=2024-08-16 00:00:00+00:00
[2024-08-16T13:39:25.074+0000] {processor.py:208} INFO - Processing /home/airflow/.local/lib/python3.12/site-packages/airflow/example_dags/example_short_circuit_operator.py took 0.098 seconds
[2024-08-16T13:39:55.210+0000] {processor.py:186} INFO - Started process (PID=12197) to work on /home/airflow/.local/lib/python3.12/site-packages/airflow/example_dags/example_short_circuit_operator.py
[2024-08-16T13:39:55.211+0000] {processor.py:914} INFO - Processing file /home/airflow/.local/lib/python3.12/site-packages/airflow/example_dags/example_short_circuit_operator.py for tasks to queue
[2024-08-16T13:39:55.214+0000] {logging_mixin.py:190} INFO - [2024-08-16T13:39:55.213+0000] {dagbag.py:587} INFO - Filling up the DagBag from /home/airflow/.local/lib/python3.12/site-packages/airflow/example_dags/example_short_circuit_operator.py
[2024-08-16T13:39:55.223+0000] {processor.py:925} INFO - DAG(s) 'example_short_circuit_operator' retrieved from /home/airflow/.local/lib/python3.12/site-packages/airflow/example_dags/example_short_circuit_operator.py
[2024-08-16T13:39:55.251+0000] {logging_mixin.py:190} INFO - [2024-08-16T13:39:55.250+0000] {dag.py:3211} INFO - Sync 1 DAGs
[2024-08-16T13:39:55.276+0000] {logging_mixin.py:190} INFO - [2024-08-16T13:39:55.276+0000] {dag.py:4138} INFO - Setting next_dagrun for example_short_circuit_operator to 2024-08-15 00:00:00+00:00, run_after=2024-08-16 00:00:00+00:00
[2024-08-16T13:39:55.299+0000] {processor.py:208} INFO - Processing /home/airflow/.local/lib/python3.12/site-packages/airflow/example_dags/example_short_circuit_operator.py took 0.096 seconds
[2024-08-16T13:40:25.409+0000] {processor.py:186} INFO - Started process (PID=12483) to work on /home/airflow/.local/lib/python3.12/site-packages/airflow/example_dags/example_short_circuit_operator.py
[2024-08-16T13:40:25.410+0000] {processor.py:914} INFO - Processing file /home/airflow/.local/lib/python3.12/site-packages/airflow/example_dags/example_short_circuit_operator.py for tasks to queue
[2024-08-16T13:40:25.412+0000] {logging_mixin.py:190} INFO - [2024-08-16T13:40:25.412+0000] {dagbag.py:587} INFO - Filling up the DagBag from /home/airflow/.local/lib/python3.12/site-packages/airflow/example_dags/example_short_circuit_operator.py
[2024-08-16T13:40:25.422+0000] {processor.py:925} INFO - DAG(s) 'example_short_circuit_operator' retrieved from /home/airflow/.local/lib/python3.12/site-packages/airflow/example_dags/example_short_circuit_operator.py
[2024-08-16T13:40:25.449+0000] {logging_mixin.py:190} INFO - [2024-08-16T13:40:25.448+0000] {dag.py:3211} INFO - Sync 1 DAGs
[2024-08-16T13:40:25.475+0000] {logging_mixin.py:190} INFO - [2024-08-16T13:40:25.475+0000] {dag.py:4138} INFO - Setting next_dagrun for example_short_circuit_operator to 2024-08-15 00:00:00+00:00, run_after=2024-08-16 00:00:00+00:00
[2024-08-16T13:40:25.495+0000] {processor.py:208} INFO - Processing /home/airflow/.local/lib/python3.12/site-packages/airflow/example_dags/example_short_circuit_operator.py took 0.094 seconds
[2024-08-16T13:40:56.089+0000] {processor.py:186} INFO - Started process (PID=12767) to work on /home/airflow/.local/lib/python3.12/site-packages/airflow/example_dags/example_short_circuit_operator.py
[2024-08-16T13:40:56.092+0000] {processor.py:914} INFO - Processing file /home/airflow/.local/lib/python3.12/site-packages/airflow/example_dags/example_short_circuit_operator.py for tasks to queue
[2024-08-16T13:40:56.096+0000] {logging_mixin.py:190} INFO - [2024-08-16T13:40:56.095+0000] {dagbag.py:587} INFO - Filling up the DagBag from /home/airflow/.local/lib/python3.12/site-packages/airflow/example_dags/example_short_circuit_operator.py
[2024-08-16T13:40:56.110+0000] {processor.py:925} INFO - DAG(s) 'example_short_circuit_operator' retrieved from /home/airflow/.local/lib/python3.12/site-packages/airflow/example_dags/example_short_circuit_operator.py
[2024-08-16T13:40:56.158+0000] {logging_mixin.py:190} INFO - [2024-08-16T13:40:56.157+0000] {dag.py:3211} INFO - Sync 1 DAGs
[2024-08-16T13:40:56.229+0000] {logging_mixin.py:190} INFO - [2024-08-16T13:40:56.228+0000] {dag.py:4138} INFO - Setting next_dagrun for example_short_circuit_operator to 2024-08-15 00:00:00+00:00, run_after=2024-08-16 00:00:00+00:00
[2024-08-16T13:40:56.291+0000] {processor.py:208} INFO - Processing /home/airflow/.local/lib/python3.12/site-packages/airflow/example_dags/example_short_circuit_operator.py took 0.213 seconds
[2024-08-16T13:41:26.396+0000] {processor.py:186} INFO - Started process (PID=13055) to work on /home/airflow/.local/lib/python3.12/site-packages/airflow/example_dags/example_short_circuit_operator.py
[2024-08-16T13:41:26.397+0000] {processor.py:914} INFO - Processing file /home/airflow/.local/lib/python3.12/site-packages/airflow/example_dags/example_short_circuit_operator.py for tasks to queue
[2024-08-16T13:41:26.400+0000] {logging_mixin.py:190} INFO - [2024-08-16T13:41:26.399+0000] {dagbag.py:587} INFO - Filling up the DagBag from /home/airflow/.local/lib/python3.12/site-packages/airflow/example_dags/example_short_circuit_operator.py
[2024-08-16T13:41:26.409+0000] {processor.py:925} INFO - DAG(s) 'example_short_circuit_operator' retrieved from /home/airflow/.local/lib/python3.12/site-packages/airflow/example_dags/example_short_circuit_operator.py
[2024-08-16T13:41:26.438+0000] {logging_mixin.py:190} INFO - [2024-08-16T13:41:26.438+0000] {dag.py:3211} INFO - Sync 1 DAGs
[2024-08-16T13:41:26.466+0000] {logging_mixin.py:190} INFO - [2024-08-16T13:41:26.466+0000] {dag.py:4138} INFO - Setting next_dagrun for example_short_circuit_operator to 2024-08-15 00:00:00+00:00, run_after=2024-08-16 00:00:00+00:00
[2024-08-16T13:41:26.487+0000] {processor.py:208} INFO - Processing /home/airflow/.local/lib/python3.12/site-packages/airflow/example_dags/example_short_circuit_operator.py took 0.099 seconds
[2024-08-16T13:41:56.975+0000] {processor.py:186} INFO - Started process (PID=13341) to work on /home/airflow/.local/lib/python3.12/site-packages/airflow/example_dags/example_short_circuit_operator.py
[2024-08-16T13:41:56.976+0000] {processor.py:914} INFO - Processing file /home/airflow/.local/lib/python3.12/site-packages/airflow/example_dags/example_short_circuit_operator.py for tasks to queue
[2024-08-16T13:41:56.979+0000] {logging_mixin.py:190} INFO - [2024-08-16T13:41:56.978+0000] {dagbag.py:587} INFO - Filling up the DagBag from /home/airflow/.local/lib/python3.12/site-packages/airflow/example_dags/example_short_circuit_operator.py
[2024-08-16T13:41:56.989+0000] {processor.py:925} INFO - DAG(s) 'example_short_circuit_operator' retrieved from /home/airflow/.local/lib/python3.12/site-packages/airflow/example_dags/example_short_circuit_operator.py
[2024-08-16T13:41:57.015+0000] {logging_mixin.py:190} INFO - [2024-08-16T13:41:57.014+0000] {dag.py:3211} INFO - Sync 1 DAGs
[2024-08-16T13:41:57.039+0000] {logging_mixin.py:190} INFO - [2024-08-16T13:41:57.039+0000] {dag.py:4138} INFO - Setting next_dagrun for example_short_circuit_operator to 2024-08-15 00:00:00+00:00, run_after=2024-08-16 00:00:00+00:00
[2024-08-16T13:41:57.058+0000] {processor.py:208} INFO - Processing /home/airflow/.local/lib/python3.12/site-packages/airflow/example_dags/example_short_circuit_operator.py took 0.089 seconds
[2024-08-16T13:42:27.255+0000] {processor.py:186} INFO - Started process (PID=13627) to work on /home/airflow/.local/lib/python3.12/site-packages/airflow/example_dags/example_short_circuit_operator.py
[2024-08-16T13:42:27.257+0000] {processor.py:914} INFO - Processing file /home/airflow/.local/lib/python3.12/site-packages/airflow/example_dags/example_short_circuit_operator.py for tasks to queue
[2024-08-16T13:42:27.259+0000] {logging_mixin.py:190} INFO - [2024-08-16T13:42:27.259+0000] {dagbag.py:587} INFO - Filling up the DagBag from /home/airflow/.local/lib/python3.12/site-packages/airflow/example_dags/example_short_circuit_operator.py
[2024-08-16T13:42:27.269+0000] {processor.py:925} INFO - DAG(s) 'example_short_circuit_operator' retrieved from /home/airflow/.local/lib/python3.12/site-packages/airflow/example_dags/example_short_circuit_operator.py
[2024-08-16T13:42:27.295+0000] {logging_mixin.py:190} INFO - [2024-08-16T13:42:27.295+0000] {dag.py:3211} INFO - Sync 1 DAGs
[2024-08-16T13:42:27.320+0000] {logging_mixin.py:190} INFO - [2024-08-16T13:42:27.320+0000] {dag.py:4138} INFO - Setting next_dagrun for example_short_circuit_operator to 2024-08-15 00:00:00+00:00, run_after=2024-08-16 00:00:00+00:00
[2024-08-16T13:42:27.339+0000] {processor.py:208} INFO - Processing /home/airflow/.local/lib/python3.12/site-packages/airflow/example_dags/example_short_circuit_operator.py took 0.090 seconds
[2024-08-16T13:42:58.315+0000] {processor.py:186} INFO - Started process (PID=13913) to work on /home/airflow/.local/lib/python3.12/site-packages/airflow/example_dags/example_short_circuit_operator.py
[2024-08-16T13:42:58.317+0000] {processor.py:914} INFO - Processing file /home/airflow/.local/lib/python3.12/site-packages/airflow/example_dags/example_short_circuit_operator.py for tasks to queue
[2024-08-16T13:42:58.321+0000] {logging_mixin.py:190} INFO - [2024-08-16T13:42:58.320+0000] {dagbag.py:587} INFO - Filling up the DagBag from /home/airflow/.local/lib/python3.12/site-packages/airflow/example_dags/example_short_circuit_operator.py
[2024-08-16T13:42:58.332+0000] {processor.py:925} INFO - DAG(s) 'example_short_circuit_operator' retrieved from /home/airflow/.local/lib/python3.12/site-packages/airflow/example_dags/example_short_circuit_operator.py
[2024-08-16T13:42:58.361+0000] {logging_mixin.py:190} INFO - [2024-08-16T13:42:58.361+0000] {dag.py:3211} INFO - Sync 1 DAGs
[2024-08-16T13:42:58.386+0000] {logging_mixin.py:190} INFO - [2024-08-16T13:42:58.386+0000] {dag.py:4138} INFO - Setting next_dagrun for example_short_circuit_operator to 2024-08-15 00:00:00+00:00, run_after=2024-08-16 00:00:00+00:00
[2024-08-16T13:42:58.407+0000] {processor.py:208} INFO - Processing /home/airflow/.local/lib/python3.12/site-packages/airflow/example_dags/example_short_circuit_operator.py took 0.099 seconds
[2024-08-16T13:43:29.023+0000] {processor.py:186} INFO - Started process (PID=14199) to work on /home/airflow/.local/lib/python3.12/site-packages/airflow/example_dags/example_short_circuit_operator.py
[2024-08-16T13:43:29.025+0000] {processor.py:914} INFO - Processing file /home/airflow/.local/lib/python3.12/site-packages/airflow/example_dags/example_short_circuit_operator.py for tasks to queue
[2024-08-16T13:43:29.028+0000] {logging_mixin.py:190} INFO - [2024-08-16T13:43:29.027+0000] {dagbag.py:587} INFO - Filling up the DagBag from /home/airflow/.local/lib/python3.12/site-packages/airflow/example_dags/example_short_circuit_operator.py
[2024-08-16T13:43:29.039+0000] {processor.py:925} INFO - DAG(s) 'example_short_circuit_operator' retrieved from /home/airflow/.local/lib/python3.12/site-packages/airflow/example_dags/example_short_circuit_operator.py
[2024-08-16T13:43:29.068+0000] {logging_mixin.py:190} INFO - [2024-08-16T13:43:29.067+0000] {dag.py:3211} INFO - Sync 1 DAGs
[2024-08-16T13:43:29.093+0000] {logging_mixin.py:190} INFO - [2024-08-16T13:43:29.093+0000] {dag.py:4138} INFO - Setting next_dagrun for example_short_circuit_operator to 2024-08-15 00:00:00+00:00, run_after=2024-08-16 00:00:00+00:00
[2024-08-16T13:43:29.110+0000] {processor.py:208} INFO - Processing /home/airflow/.local/lib/python3.12/site-packages/airflow/example_dags/example_short_circuit_operator.py took 0.094 seconds
[2024-08-16T13:43:59.477+0000] {processor.py:186} INFO - Started process (PID=14485) to work on /home/airflow/.local/lib/python3.12/site-packages/airflow/example_dags/example_short_circuit_operator.py
[2024-08-16T13:43:59.478+0000] {processor.py:914} INFO - Processing file /home/airflow/.local/lib/python3.12/site-packages/airflow/example_dags/example_short_circuit_operator.py for tasks to queue
[2024-08-16T13:43:59.480+0000] {logging_mixin.py:190} INFO - [2024-08-16T13:43:59.480+0000] {dagbag.py:587} INFO - Filling up the DagBag from /home/airflow/.local/lib/python3.12/site-packages/airflow/example_dags/example_short_circuit_operator.py
[2024-08-16T13:43:59.490+0000] {processor.py:925} INFO - DAG(s) 'example_short_circuit_operator' retrieved from /home/airflow/.local/lib/python3.12/site-packages/airflow/example_dags/example_short_circuit_operator.py
[2024-08-16T13:43:59.515+0000] {logging_mixin.py:190} INFO - [2024-08-16T13:43:59.515+0000] {dag.py:3211} INFO - Sync 1 DAGs
[2024-08-16T13:43:59.556+0000] {logging_mixin.py:190} INFO - [2024-08-16T13:43:59.555+0000] {dag.py:4138} INFO - Setting next_dagrun for example_short_circuit_operator to 2024-08-15 00:00:00+00:00, run_after=2024-08-16 00:00:00+00:00
[2024-08-16T13:43:59.581+0000] {processor.py:208} INFO - Processing /home/airflow/.local/lib/python3.12/site-packages/airflow/example_dags/example_short_circuit_operator.py took 0.111 seconds
[2024-08-16T13:44:30.167+0000] {processor.py:186} INFO - Started process (PID=14771) to work on /home/airflow/.local/lib/python3.12/site-packages/airflow/example_dags/example_short_circuit_operator.py
[2024-08-16T13:44:30.169+0000] {processor.py:914} INFO - Processing file /home/airflow/.local/lib/python3.12/site-packages/airflow/example_dags/example_short_circuit_operator.py for tasks to queue
[2024-08-16T13:44:30.173+0000] {logging_mixin.py:190} INFO - [2024-08-16T13:44:30.172+0000] {dagbag.py:587} INFO - Filling up the DagBag from /home/airflow/.local/lib/python3.12/site-packages/airflow/example_dags/example_short_circuit_operator.py
[2024-08-16T13:44:30.184+0000] {processor.py:925} INFO - DAG(s) 'example_short_circuit_operator' retrieved from /home/airflow/.local/lib/python3.12/site-packages/airflow/example_dags/example_short_circuit_operator.py
[2024-08-16T13:44:30.212+0000] {logging_mixin.py:190} INFO - [2024-08-16T13:44:30.212+0000] {dag.py:3211} INFO - Sync 1 DAGs
[2024-08-16T13:44:30.243+0000] {logging_mixin.py:190} INFO - [2024-08-16T13:44:30.243+0000] {dag.py:4138} INFO - Setting next_dagrun for example_short_circuit_operator to 2024-08-15 00:00:00+00:00, run_after=2024-08-16 00:00:00+00:00
[2024-08-16T13:44:30.262+0000] {processor.py:208} INFO - Processing /home/airflow/.local/lib/python3.12/site-packages/airflow/example_dags/example_short_circuit_operator.py took 0.106 seconds
[2024-08-16T13:45:00.637+0000] {processor.py:186} INFO - Started process (PID=15057) to work on /home/airflow/.local/lib/python3.12/site-packages/airflow/example_dags/example_short_circuit_operator.py
[2024-08-16T13:45:00.638+0000] {processor.py:914} INFO - Processing file /home/airflow/.local/lib/python3.12/site-packages/airflow/example_dags/example_short_circuit_operator.py for tasks to queue
[2024-08-16T13:45:00.641+0000] {logging_mixin.py:190} INFO - [2024-08-16T13:45:00.641+0000] {dagbag.py:587} INFO - Filling up the DagBag from /home/airflow/.local/lib/python3.12/site-packages/airflow/example_dags/example_short_circuit_operator.py
[2024-08-16T13:45:00.652+0000] {processor.py:925} INFO - DAG(s) 'example_short_circuit_operator' retrieved from /home/airflow/.local/lib/python3.12/site-packages/airflow/example_dags/example_short_circuit_operator.py
[2024-08-16T13:45:00.679+0000] {logging_mixin.py:190} INFO - [2024-08-16T13:45:00.679+0000] {dag.py:3211} INFO - Sync 1 DAGs
[2024-08-16T13:45:00.707+0000] {logging_mixin.py:190} INFO - [2024-08-16T13:45:00.707+0000] {dag.py:4138} INFO - Setting next_dagrun for example_short_circuit_operator to 2024-08-15 00:00:00+00:00, run_after=2024-08-16 00:00:00+00:00
[2024-08-16T13:45:00.727+0000] {processor.py:208} INFO - Processing /home/airflow/.local/lib/python3.12/site-packages/airflow/example_dags/example_short_circuit_operator.py took 0.098 seconds
[2024-08-16T13:45:31.139+0000] {processor.py:186} INFO - Started process (PID=15343) to work on /home/airflow/.local/lib/python3.12/site-packages/airflow/example_dags/example_short_circuit_operator.py
[2024-08-16T13:45:31.140+0000] {processor.py:914} INFO - Processing file /home/airflow/.local/lib/python3.12/site-packages/airflow/example_dags/example_short_circuit_operator.py for tasks to queue
[2024-08-16T13:45:31.144+0000] {logging_mixin.py:190} INFO - [2024-08-16T13:45:31.143+0000] {dagbag.py:587} INFO - Filling up the DagBag from /home/airflow/.local/lib/python3.12/site-packages/airflow/example_dags/example_short_circuit_operator.py
[2024-08-16T13:45:31.158+0000] {processor.py:925} INFO - DAG(s) 'example_short_circuit_operator' retrieved from /home/airflow/.local/lib/python3.12/site-packages/airflow/example_dags/example_short_circuit_operator.py
[2024-08-16T13:45:31.197+0000] {logging_mixin.py:190} INFO - [2024-08-16T13:45:31.196+0000] {dag.py:3211} INFO - Sync 1 DAGs
[2024-08-16T13:45:31.229+0000] {logging_mixin.py:190} INFO - [2024-08-16T13:45:31.229+0000] {dag.py:4138} INFO - Setting next_dagrun for example_short_circuit_operator to 2024-08-15 00:00:00+00:00, run_after=2024-08-16 00:00:00+00:00
[2024-08-16T13:45:31.256+0000] {processor.py:208} INFO - Processing /home/airflow/.local/lib/python3.12/site-packages/airflow/example_dags/example_short_circuit_operator.py took 0.124 seconds
[2024-08-16T13:46:01.837+0000] {processor.py:186} INFO - Started process (PID=15629) to work on /home/airflow/.local/lib/python3.12/site-packages/airflow/example_dags/example_short_circuit_operator.py
[2024-08-16T13:46:01.838+0000] {processor.py:914} INFO - Processing file /home/airflow/.local/lib/python3.12/site-packages/airflow/example_dags/example_short_circuit_operator.py for tasks to queue
[2024-08-16T13:46:01.841+0000] {logging_mixin.py:190} INFO - [2024-08-16T13:46:01.840+0000] {dagbag.py:587} INFO - Filling up the DagBag from /home/airflow/.local/lib/python3.12/site-packages/airflow/example_dags/example_short_circuit_operator.py
[2024-08-16T13:46:01.853+0000] {processor.py:925} INFO - DAG(s) 'example_short_circuit_operator' retrieved from /home/airflow/.local/lib/python3.12/site-packages/airflow/example_dags/example_short_circuit_operator.py
[2024-08-16T13:46:01.882+0000] {logging_mixin.py:190} INFO - [2024-08-16T13:46:01.881+0000] {dag.py:3211} INFO - Sync 1 DAGs
[2024-08-16T13:46:01.910+0000] {logging_mixin.py:190} INFO - [2024-08-16T13:46:01.909+0000] {dag.py:4138} INFO - Setting next_dagrun for example_short_circuit_operator to 2024-08-15 00:00:00+00:00, run_after=2024-08-16 00:00:00+00:00
[2024-08-16T13:46:01.934+0000] {processor.py:208} INFO - Processing /home/airflow/.local/lib/python3.12/site-packages/airflow/example_dags/example_short_circuit_operator.py took 0.103 seconds
[2024-08-16T13:46:32.935+0000] {processor.py:186} INFO - Started process (PID=15913) to work on /home/airflow/.local/lib/python3.12/site-packages/airflow/example_dags/example_short_circuit_operator.py
[2024-08-16T13:46:32.937+0000] {processor.py:914} INFO - Processing file /home/airflow/.local/lib/python3.12/site-packages/airflow/example_dags/example_short_circuit_operator.py for tasks to queue
[2024-08-16T13:46:32.947+0000] {logging_mixin.py:190} INFO - [2024-08-16T13:46:32.946+0000] {dagbag.py:587} INFO - Filling up the DagBag from /home/airflow/.local/lib/python3.12/site-packages/airflow/example_dags/example_short_circuit_operator.py
[2024-08-16T13:46:33.148+0000] {processor.py:925} INFO - DAG(s) 'example_short_circuit_operator' retrieved from /home/airflow/.local/lib/python3.12/site-packages/airflow/example_dags/example_short_circuit_operator.py
[2024-08-16T13:46:33.271+0000] {logging_mixin.py:190} INFO - [2024-08-16T13:46:33.271+0000] {dag.py:3211} INFO - Sync 1 DAGs
[2024-08-16T13:46:33.342+0000] {logging_mixin.py:190} INFO - [2024-08-16T13:46:33.342+0000] {dag.py:4138} INFO - Setting next_dagrun for example_short_circuit_operator to 2024-08-15 00:00:00+00:00, run_after=2024-08-16 00:00:00+00:00
[2024-08-16T13:46:33.399+0000] {processor.py:208} INFO - Processing /home/airflow/.local/lib/python3.12/site-packages/airflow/example_dags/example_short_circuit_operator.py took 0.473 seconds
[2024-08-16T13:47:04.291+0000] {processor.py:186} INFO - Started process (PID=16201) to work on /home/airflow/.local/lib/python3.12/site-packages/airflow/example_dags/example_short_circuit_operator.py
[2024-08-16T13:47:04.293+0000] {processor.py:914} INFO - Processing file /home/airflow/.local/lib/python3.12/site-packages/airflow/example_dags/example_short_circuit_operator.py for tasks to queue
[2024-08-16T13:47:04.296+0000] {logging_mixin.py:190} INFO - [2024-08-16T13:47:04.296+0000] {dagbag.py:587} INFO - Filling up the DagBag from /home/airflow/.local/lib/python3.12/site-packages/airflow/example_dags/example_short_circuit_operator.py
[2024-08-16T13:47:04.306+0000] {processor.py:925} INFO - DAG(s) 'example_short_circuit_operator' retrieved from /home/airflow/.local/lib/python3.12/site-packages/airflow/example_dags/example_short_circuit_operator.py
[2024-08-16T13:47:04.332+0000] {logging_mixin.py:190} INFO - [2024-08-16T13:47:04.331+0000] {dag.py:3211} INFO - Sync 1 DAGs
[2024-08-16T13:47:04.368+0000] {logging_mixin.py:190} INFO - [2024-08-16T13:47:04.368+0000] {dag.py:4138} INFO - Setting next_dagrun for example_short_circuit_operator to 2024-08-15 00:00:00+00:00, run_after=2024-08-16 00:00:00+00:00
[2024-08-16T13:47:04.398+0000] {processor.py:208} INFO - Processing /home/airflow/.local/lib/python3.12/site-packages/airflow/example_dags/example_short_circuit_operator.py took 0.113 seconds
[2024-08-16T13:47:34.478+0000] {processor.py:186} INFO - Started process (PID=16487) to work on /home/airflow/.local/lib/python3.12/site-packages/airflow/example_dags/example_short_circuit_operator.py
[2024-08-16T13:47:34.479+0000] {processor.py:914} INFO - Processing file /home/airflow/.local/lib/python3.12/site-packages/airflow/example_dags/example_short_circuit_operator.py for tasks to queue
[2024-08-16T13:47:34.482+0000] {logging_mixin.py:190} INFO - [2024-08-16T13:47:34.481+0000] {dagbag.py:587} INFO - Filling up the DagBag from /home/airflow/.local/lib/python3.12/site-packages/airflow/example_dags/example_short_circuit_operator.py
[2024-08-16T13:47:34.492+0000] {processor.py:925} INFO - DAG(s) 'example_short_circuit_operator' retrieved from /home/airflow/.local/lib/python3.12/site-packages/airflow/example_dags/example_short_circuit_operator.py
[2024-08-16T13:47:34.524+0000] {logging_mixin.py:190} INFO - [2024-08-16T13:47:34.523+0000] {dag.py:3211} INFO - Sync 1 DAGs
[2024-08-16T13:47:34.560+0000] {logging_mixin.py:190} INFO - [2024-08-16T13:47:34.560+0000] {dag.py:4138} INFO - Setting next_dagrun for example_short_circuit_operator to 2024-08-15 00:00:00+00:00, run_after=2024-08-16 00:00:00+00:00
[2024-08-16T13:47:34.588+0000] {processor.py:208} INFO - Processing /home/airflow/.local/lib/python3.12/site-packages/airflow/example_dags/example_short_circuit_operator.py took 0.116 seconds
[2024-08-16T13:48:05.015+0000] {processor.py:186} INFO - Started process (PID=16774) to work on /home/airflow/.local/lib/python3.12/site-packages/airflow/example_dags/example_short_circuit_operator.py
[2024-08-16T13:48:05.016+0000] {processor.py:914} INFO - Processing file /home/airflow/.local/lib/python3.12/site-packages/airflow/example_dags/example_short_circuit_operator.py for tasks to queue
[2024-08-16T13:48:05.018+0000] {logging_mixin.py:190} INFO - [2024-08-16T13:48:05.018+0000] {dagbag.py:587} INFO - Filling up the DagBag from /home/airflow/.local/lib/python3.12/site-packages/airflow/example_dags/example_short_circuit_operator.py
[2024-08-16T13:48:05.028+0000] {processor.py:925} INFO - DAG(s) 'example_short_circuit_operator' retrieved from /home/airflow/.local/lib/python3.12/site-packages/airflow/example_dags/example_short_circuit_operator.py
[2024-08-16T13:48:05.057+0000] {logging_mixin.py:190} INFO - [2024-08-16T13:48:05.056+0000] {dag.py:3211} INFO - Sync 1 DAGs
[2024-08-16T13:48:05.095+0000] {logging_mixin.py:190} INFO - [2024-08-16T13:48:05.095+0000] {dag.py:4138} INFO - Setting next_dagrun for example_short_circuit_operator to 2024-08-15 00:00:00+00:00, run_after=2024-08-16 00:00:00+00:00
[2024-08-16T13:48:05.124+0000] {processor.py:208} INFO - Processing /home/airflow/.local/lib/python3.12/site-packages/airflow/example_dags/example_short_circuit_operator.py took 0.116 seconds
[2024-08-16T13:48:35.412+0000] {processor.py:186} INFO - Started process (PID=17060) to work on /home/airflow/.local/lib/python3.12/site-packages/airflow/example_dags/example_short_circuit_operator.py
[2024-08-16T13:48:35.422+0000] {processor.py:914} INFO - Processing file /home/airflow/.local/lib/python3.12/site-packages/airflow/example_dags/example_short_circuit_operator.py for tasks to queue
[2024-08-16T13:48:35.430+0000] {logging_mixin.py:190} INFO - [2024-08-16T13:48:35.428+0000] {dagbag.py:587} INFO - Filling up the DagBag from /home/airflow/.local/lib/python3.12/site-packages/airflow/example_dags/example_short_circuit_operator.py
[2024-08-16T13:48:35.452+0000] {processor.py:925} INFO - DAG(s) 'example_short_circuit_operator' retrieved from /home/airflow/.local/lib/python3.12/site-packages/airflow/example_dags/example_short_circuit_operator.py
[2024-08-16T13:48:35.489+0000] {logging_mixin.py:190} INFO - [2024-08-16T13:48:35.488+0000] {dag.py:3211} INFO - Sync 1 DAGs
[2024-08-16T13:48:35.610+0000] {logging_mixin.py:190} INFO - [2024-08-16T13:48:35.610+0000] {dag.py:4138} INFO - Setting next_dagrun for example_short_circuit_operator to 2024-08-15 00:00:00+00:00, run_after=2024-08-16 00:00:00+00:00
[2024-08-16T13:48:35.678+0000] {processor.py:208} INFO - Processing /home/airflow/.local/lib/python3.12/site-packages/airflow/example_dags/example_short_circuit_operator.py took 0.284 seconds
[2024-08-16T13:49:05.911+0000] {processor.py:186} INFO - Started process (PID=17346) to work on /home/airflow/.local/lib/python3.12/site-packages/airflow/example_dags/example_short_circuit_operator.py
[2024-08-16T13:49:05.912+0000] {processor.py:914} INFO - Processing file /home/airflow/.local/lib/python3.12/site-packages/airflow/example_dags/example_short_circuit_operator.py for tasks to queue
[2024-08-16T13:49:05.916+0000] {logging_mixin.py:190} INFO - [2024-08-16T13:49:05.916+0000] {dagbag.py:587} INFO - Filling up the DagBag from /home/airflow/.local/lib/python3.12/site-packages/airflow/example_dags/example_short_circuit_operator.py
[2024-08-16T13:49:05.944+0000] {processor.py:925} INFO - DAG(s) 'example_short_circuit_operator' retrieved from /home/airflow/.local/lib/python3.12/site-packages/airflow/example_dags/example_short_circuit_operator.py
[2024-08-16T13:49:05.992+0000] {logging_mixin.py:190} INFO - [2024-08-16T13:49:05.991+0000] {dag.py:3211} INFO - Sync 1 DAGs
[2024-08-16T13:49:06.030+0000] {logging_mixin.py:190} INFO - [2024-08-16T13:49:06.030+0000] {dag.py:4138} INFO - Setting next_dagrun for example_short_circuit_operator to 2024-08-15 00:00:00+00:00, run_after=2024-08-16 00:00:00+00:00
[2024-08-16T13:49:06.060+0000] {processor.py:208} INFO - Processing /home/airflow/.local/lib/python3.12/site-packages/airflow/example_dags/example_short_circuit_operator.py took 0.157 seconds
[2024-08-16T13:49:36.555+0000] {processor.py:186} INFO - Started process (PID=17632) to work on /home/airflow/.local/lib/python3.12/site-packages/airflow/example_dags/example_short_circuit_operator.py
[2024-08-16T13:49:36.556+0000] {processor.py:914} INFO - Processing file /home/airflow/.local/lib/python3.12/site-packages/airflow/example_dags/example_short_circuit_operator.py for tasks to queue
[2024-08-16T13:49:36.558+0000] {logging_mixin.py:190} INFO - [2024-08-16T13:49:36.558+0000] {dagbag.py:587} INFO - Filling up the DagBag from /home/airflow/.local/lib/python3.12/site-packages/airflow/example_dags/example_short_circuit_operator.py
[2024-08-16T13:49:36.570+0000] {processor.py:925} INFO - DAG(s) 'example_short_circuit_operator' retrieved from /home/airflow/.local/lib/python3.12/site-packages/airflow/example_dags/example_short_circuit_operator.py
[2024-08-16T13:49:36.605+0000] {logging_mixin.py:190} INFO - [2024-08-16T13:49:36.604+0000] {dag.py:3211} INFO - Sync 1 DAGs
[2024-08-16T13:49:36.640+0000] {logging_mixin.py:190} INFO - [2024-08-16T13:49:36.640+0000] {dag.py:4138} INFO - Setting next_dagrun for example_short_circuit_operator to 2024-08-15 00:00:00+00:00, run_after=2024-08-16 00:00:00+00:00
[2024-08-16T13:49:36.932+0000] {processor.py:208} INFO - Processing /home/airflow/.local/lib/python3.12/site-packages/airflow/example_dags/example_short_circuit_operator.py took 0.388 seconds
[2024-08-16T13:50:07.874+0000] {processor.py:186} INFO - Started process (PID=17918) to work on /home/airflow/.local/lib/python3.12/site-packages/airflow/example_dags/example_short_circuit_operator.py
[2024-08-16T13:50:07.875+0000] {processor.py:914} INFO - Processing file /home/airflow/.local/lib/python3.12/site-packages/airflow/example_dags/example_short_circuit_operator.py for tasks to queue
[2024-08-16T13:50:07.878+0000] {logging_mixin.py:190} INFO - [2024-08-16T13:50:07.877+0000] {dagbag.py:587} INFO - Filling up the DagBag from /home/airflow/.local/lib/python3.12/site-packages/airflow/example_dags/example_short_circuit_operator.py
[2024-08-16T13:50:07.889+0000] {processor.py:925} INFO - DAG(s) 'example_short_circuit_operator' retrieved from /home/airflow/.local/lib/python3.12/site-packages/airflow/example_dags/example_short_circuit_operator.py
[2024-08-16T13:50:07.916+0000] {logging_mixin.py:190} INFO - [2024-08-16T13:50:07.915+0000] {dag.py:3211} INFO - Sync 1 DAGs
[2024-08-16T13:50:07.940+0000] {logging_mixin.py:190} INFO - [2024-08-16T13:50:07.940+0000] {dag.py:4138} INFO - Setting next_dagrun for example_short_circuit_operator to 2024-08-15 00:00:00+00:00, run_after=2024-08-16 00:00:00+00:00
[2024-08-16T13:50:07.961+0000] {processor.py:208} INFO - Processing /home/airflow/.local/lib/python3.12/site-packages/airflow/example_dags/example_short_circuit_operator.py took 0.094 seconds
