[2024-08-16T13:18:45.873+0000] {processor.py:186} INFO - Started process (PID=320) to work on /home/airflow/.local/lib/python3.12/site-packages/airflow/example_dags/example_sensor_decorator.py
[2024-08-16T13:18:45.874+0000] {processor.py:914} INFO - Processing file /home/airflow/.local/lib/python3.12/site-packages/airflow/example_dags/example_sensor_decorator.py for tasks to queue
[2024-08-16T13:18:45.877+0000] {logging_mixin.py:190} INFO - [2024-08-16T13:18:45.877+0000] {dagbag.py:587} INFO - Filling up the DagBag from /home/airflow/.local/lib/python3.12/site-packages/airflow/example_dags/example_sensor_decorator.py
[2024-08-16T13:18:45.888+0000] {processor.py:925} INFO - DAG(s) 'example_sensor_decorator' retrieved from /home/airflow/.local/lib/python3.12/site-packages/airflow/example_dags/example_sensor_decorator.py
[2024-08-16T13:18:46.059+0000] {logging_mixin.py:190} INFO - [2024-08-16T13:18:46.057+0000] {override.py:1858} INFO - Created Permission View: can read on DAG:example_sensor_decorator
[2024-08-16T13:18:46.074+0000] {logging_mixin.py:190} INFO - [2024-08-16T13:18:46.073+0000] {override.py:1858} INFO - Created Permission View: can edit on DAG:example_sensor_decorator
[2024-08-16T13:18:46.090+0000] {logging_mixin.py:190} INFO - [2024-08-16T13:18:46.089+0000] {override.py:1858} INFO - Created Permission View: can delete on DAG:example_sensor_decorator
[2024-08-16T13:18:46.091+0000] {logging_mixin.py:190} INFO - [2024-08-16T13:18:46.091+0000] {dag.py:3211} INFO - Sync 1 DAGs
[2024-08-16T13:18:46.148+0000] {logging_mixin.py:190} INFO - [2024-08-16T13:18:46.147+0000] {dag.py:3234} INFO - Creating ORM DAG for example_sensor_decorator
[2024-08-16T13:18:46.159+0000] {logging_mixin.py:190} INFO - [2024-08-16T13:18:46.158+0000] {dag.py:4138} INFO - Setting next_dagrun for example_sensor_decorator to None, run_after=None
[2024-08-16T13:18:46.193+0000] {processor.py:208} INFO - Processing /home/airflow/.local/lib/python3.12/site-packages/airflow/example_dags/example_sensor_decorator.py took 0.329 seconds
[2024-08-16T13:19:16.493+0000] {processor.py:186} INFO - Started process (PID=608) to work on /home/airflow/.local/lib/python3.12/site-packages/airflow/example_dags/example_sensor_decorator.py
[2024-08-16T13:19:16.494+0000] {processor.py:914} INFO - Processing file /home/airflow/.local/lib/python3.12/site-packages/airflow/example_dags/example_sensor_decorator.py for tasks to queue
[2024-08-16T13:19:16.497+0000] {logging_mixin.py:190} INFO - [2024-08-16T13:19:16.496+0000] {dagbag.py:587} INFO - Filling up the DagBag from /home/airflow/.local/lib/python3.12/site-packages/airflow/example_dags/example_sensor_decorator.py
[2024-08-16T13:19:16.506+0000] {processor.py:925} INFO - DAG(s) 'example_sensor_decorator' retrieved from /home/airflow/.local/lib/python3.12/site-packages/airflow/example_dags/example_sensor_decorator.py
[2024-08-16T13:19:16.527+0000] {logging_mixin.py:190} INFO - [2024-08-16T13:19:16.527+0000] {dag.py:3211} INFO - Sync 1 DAGs
[2024-08-16T13:19:16.547+0000] {logging_mixin.py:190} INFO - [2024-08-16T13:19:16.546+0000] {dag.py:4138} INFO - Setting next_dagrun for example_sensor_decorator to None, run_after=None
[2024-08-16T13:19:16.581+0000] {processor.py:208} INFO - Processing /home/airflow/.local/lib/python3.12/site-packages/airflow/example_dags/example_sensor_decorator.py took 0.093 seconds
[2024-08-16T13:19:46.973+0000] {processor.py:186} INFO - Started process (PID=892) to work on /home/airflow/.local/lib/python3.12/site-packages/airflow/example_dags/example_sensor_decorator.py
[2024-08-16T13:19:46.974+0000] {processor.py:914} INFO - Processing file /home/airflow/.local/lib/python3.12/site-packages/airflow/example_dags/example_sensor_decorator.py for tasks to queue
[2024-08-16T13:19:46.976+0000] {logging_mixin.py:190} INFO - [2024-08-16T13:19:46.976+0000] {dagbag.py:587} INFO - Filling up the DagBag from /home/airflow/.local/lib/python3.12/site-packages/airflow/example_dags/example_sensor_decorator.py
[2024-08-16T13:19:46.985+0000] {processor.py:925} INFO - DAG(s) 'example_sensor_decorator' retrieved from /home/airflow/.local/lib/python3.12/site-packages/airflow/example_dags/example_sensor_decorator.py
[2024-08-16T13:19:47.008+0000] {logging_mixin.py:190} INFO - [2024-08-16T13:19:47.008+0000] {dag.py:3211} INFO - Sync 1 DAGs
[2024-08-16T13:19:47.025+0000] {logging_mixin.py:190} INFO - [2024-08-16T13:19:47.025+0000] {dag.py:4138} INFO - Setting next_dagrun for example_sensor_decorator to None, run_after=None
[2024-08-16T13:19:47.051+0000] {processor.py:208} INFO - Processing /home/airflow/.local/lib/python3.12/site-packages/airflow/example_dags/example_sensor_decorator.py took 0.085 seconds
[2024-08-16T13:20:17.881+0000] {processor.py:186} INFO - Started process (PID=1178) to work on /home/airflow/.local/lib/python3.12/site-packages/airflow/example_dags/example_sensor_decorator.py
[2024-08-16T13:20:17.882+0000] {processor.py:914} INFO - Processing file /home/airflow/.local/lib/python3.12/site-packages/airflow/example_dags/example_sensor_decorator.py for tasks to queue
[2024-08-16T13:20:17.884+0000] {logging_mixin.py:190} INFO - [2024-08-16T13:20:17.884+0000] {dagbag.py:587} INFO - Filling up the DagBag from /home/airflow/.local/lib/python3.12/site-packages/airflow/example_dags/example_sensor_decorator.py
[2024-08-16T13:20:17.892+0000] {processor.py:925} INFO - DAG(s) 'example_sensor_decorator' retrieved from /home/airflow/.local/lib/python3.12/site-packages/airflow/example_dags/example_sensor_decorator.py
[2024-08-16T13:20:17.915+0000] {logging_mixin.py:190} INFO - [2024-08-16T13:20:17.914+0000] {dag.py:3211} INFO - Sync 1 DAGs
[2024-08-16T13:20:17.930+0000] {logging_mixin.py:190} INFO - [2024-08-16T13:20:17.930+0000] {dag.py:4138} INFO - Setting next_dagrun for example_sensor_decorator to None, run_after=None
[2024-08-16T13:20:17.953+0000] {processor.py:208} INFO - Processing /home/airflow/.local/lib/python3.12/site-packages/airflow/example_dags/example_sensor_decorator.py took 0.079 seconds
[2024-08-16T13:20:48.220+0000] {processor.py:186} INFO - Started process (PID=1464) to work on /home/airflow/.local/lib/python3.12/site-packages/airflow/example_dags/example_sensor_decorator.py
[2024-08-16T13:20:48.221+0000] {processor.py:914} INFO - Processing file /home/airflow/.local/lib/python3.12/site-packages/airflow/example_dags/example_sensor_decorator.py for tasks to queue
[2024-08-16T13:20:48.223+0000] {logging_mixin.py:190} INFO - [2024-08-16T13:20:48.223+0000] {dagbag.py:587} INFO - Filling up the DagBag from /home/airflow/.local/lib/python3.12/site-packages/airflow/example_dags/example_sensor_decorator.py
[2024-08-16T13:20:48.232+0000] {processor.py:925} INFO - DAG(s) 'example_sensor_decorator' retrieved from /home/airflow/.local/lib/python3.12/site-packages/airflow/example_dags/example_sensor_decorator.py
[2024-08-16T13:20:48.257+0000] {logging_mixin.py:190} INFO - [2024-08-16T13:20:48.257+0000] {dag.py:3211} INFO - Sync 1 DAGs
[2024-08-16T13:20:48.273+0000] {logging_mixin.py:190} INFO - [2024-08-16T13:20:48.273+0000] {dag.py:4138} INFO - Setting next_dagrun for example_sensor_decorator to None, run_after=None
[2024-08-16T13:20:48.297+0000] {processor.py:208} INFO - Processing /home/airflow/.local/lib/python3.12/site-packages/airflow/example_dags/example_sensor_decorator.py took 0.084 seconds
[2024-08-16T13:21:18.745+0000] {processor.py:186} INFO - Started process (PID=1750) to work on /home/airflow/.local/lib/python3.12/site-packages/airflow/example_dags/example_sensor_decorator.py
[2024-08-16T13:21:18.746+0000] {processor.py:914} INFO - Processing file /home/airflow/.local/lib/python3.12/site-packages/airflow/example_dags/example_sensor_decorator.py for tasks to queue
[2024-08-16T13:21:18.748+0000] {logging_mixin.py:190} INFO - [2024-08-16T13:21:18.748+0000] {dagbag.py:587} INFO - Filling up the DagBag from /home/airflow/.local/lib/python3.12/site-packages/airflow/example_dags/example_sensor_decorator.py
[2024-08-16T13:21:18.756+0000] {processor.py:925} INFO - DAG(s) 'example_sensor_decorator' retrieved from /home/airflow/.local/lib/python3.12/site-packages/airflow/example_dags/example_sensor_decorator.py
[2024-08-16T13:21:18.778+0000] {logging_mixin.py:190} INFO - [2024-08-16T13:21:18.778+0000] {dag.py:3211} INFO - Sync 1 DAGs
[2024-08-16T13:21:18.796+0000] {logging_mixin.py:190} INFO - [2024-08-16T13:21:18.795+0000] {dag.py:4138} INFO - Setting next_dagrun for example_sensor_decorator to None, run_after=None
[2024-08-16T13:21:18.819+0000] {processor.py:208} INFO - Processing /home/airflow/.local/lib/python3.12/site-packages/airflow/example_dags/example_sensor_decorator.py took 0.081 seconds
[2024-08-16T13:21:48.948+0000] {processor.py:186} INFO - Started process (PID=2036) to work on /home/airflow/.local/lib/python3.12/site-packages/airflow/example_dags/example_sensor_decorator.py
[2024-08-16T13:21:48.949+0000] {processor.py:914} INFO - Processing file /home/airflow/.local/lib/python3.12/site-packages/airflow/example_dags/example_sensor_decorator.py for tasks to queue
[2024-08-16T13:21:48.952+0000] {logging_mixin.py:190} INFO - [2024-08-16T13:21:48.952+0000] {dagbag.py:587} INFO - Filling up the DagBag from /home/airflow/.local/lib/python3.12/site-packages/airflow/example_dags/example_sensor_decorator.py
[2024-08-16T13:21:48.961+0000] {processor.py:925} INFO - DAG(s) 'example_sensor_decorator' retrieved from /home/airflow/.local/lib/python3.12/site-packages/airflow/example_dags/example_sensor_decorator.py
[2024-08-16T13:21:48.983+0000] {logging_mixin.py:190} INFO - [2024-08-16T13:21:48.982+0000] {dag.py:3211} INFO - Sync 1 DAGs
[2024-08-16T13:21:48.998+0000] {logging_mixin.py:190} INFO - [2024-08-16T13:21:48.998+0000] {dag.py:4138} INFO - Setting next_dagrun for example_sensor_decorator to None, run_after=None
[2024-08-16T13:21:49.020+0000] {processor.py:208} INFO - Processing /home/airflow/.local/lib/python3.12/site-packages/airflow/example_dags/example_sensor_decorator.py took 0.078 seconds
[2024-08-16T13:22:19.486+0000] {processor.py:186} INFO - Started process (PID=2322) to work on /home/airflow/.local/lib/python3.12/site-packages/airflow/example_dags/example_sensor_decorator.py
[2024-08-16T13:22:19.487+0000] {processor.py:914} INFO - Processing file /home/airflow/.local/lib/python3.12/site-packages/airflow/example_dags/example_sensor_decorator.py for tasks to queue
[2024-08-16T13:22:19.490+0000] {logging_mixin.py:190} INFO - [2024-08-16T13:22:19.489+0000] {dagbag.py:587} INFO - Filling up the DagBag from /home/airflow/.local/lib/python3.12/site-packages/airflow/example_dags/example_sensor_decorator.py
[2024-08-16T13:22:19.498+0000] {processor.py:925} INFO - DAG(s) 'example_sensor_decorator' retrieved from /home/airflow/.local/lib/python3.12/site-packages/airflow/example_dags/example_sensor_decorator.py
[2024-08-16T13:22:19.519+0000] {logging_mixin.py:190} INFO - [2024-08-16T13:22:19.519+0000] {dag.py:3211} INFO - Sync 1 DAGs
[2024-08-16T13:22:19.534+0000] {logging_mixin.py:190} INFO - [2024-08-16T13:22:19.534+0000] {dag.py:4138} INFO - Setting next_dagrun for example_sensor_decorator to None, run_after=None
[2024-08-16T13:22:19.556+0000] {processor.py:208} INFO - Processing /home/airflow/.local/lib/python3.12/site-packages/airflow/example_dags/example_sensor_decorator.py took 0.076 seconds
[2024-08-16T13:22:49.839+0000] {processor.py:186} INFO - Started process (PID=2608) to work on /home/airflow/.local/lib/python3.12/site-packages/airflow/example_dags/example_sensor_decorator.py
[2024-08-16T13:22:49.840+0000] {processor.py:914} INFO - Processing file /home/airflow/.local/lib/python3.12/site-packages/airflow/example_dags/example_sensor_decorator.py for tasks to queue
[2024-08-16T13:22:49.842+0000] {logging_mixin.py:190} INFO - [2024-08-16T13:22:49.842+0000] {dagbag.py:587} INFO - Filling up the DagBag from /home/airflow/.local/lib/python3.12/site-packages/airflow/example_dags/example_sensor_decorator.py
[2024-08-16T13:22:49.851+0000] {processor.py:925} INFO - DAG(s) 'example_sensor_decorator' retrieved from /home/airflow/.local/lib/python3.12/site-packages/airflow/example_dags/example_sensor_decorator.py
[2024-08-16T13:22:49.873+0000] {logging_mixin.py:190} INFO - [2024-08-16T13:22:49.873+0000] {dag.py:3211} INFO - Sync 1 DAGs
[2024-08-16T13:22:49.889+0000] {logging_mixin.py:190} INFO - [2024-08-16T13:22:49.889+0000] {dag.py:4138} INFO - Setting next_dagrun for example_sensor_decorator to None, run_after=None
[2024-08-16T13:22:49.910+0000] {processor.py:208} INFO - Processing /home/airflow/.local/lib/python3.12/site-packages/airflow/example_dags/example_sensor_decorator.py took 0.077 seconds
[2024-08-16T13:23:20.140+0000] {processor.py:186} INFO - Started process (PID=2894) to work on /home/airflow/.local/lib/python3.12/site-packages/airflow/example_dags/example_sensor_decorator.py
[2024-08-16T13:23:20.142+0000] {processor.py:914} INFO - Processing file /home/airflow/.local/lib/python3.12/site-packages/airflow/example_dags/example_sensor_decorator.py for tasks to queue
[2024-08-16T13:23:20.144+0000] {logging_mixin.py:190} INFO - [2024-08-16T13:23:20.144+0000] {dagbag.py:587} INFO - Filling up the DagBag from /home/airflow/.local/lib/python3.12/site-packages/airflow/example_dags/example_sensor_decorator.py
[2024-08-16T13:23:20.153+0000] {processor.py:925} INFO - DAG(s) 'example_sensor_decorator' retrieved from /home/airflow/.local/lib/python3.12/site-packages/airflow/example_dags/example_sensor_decorator.py
[2024-08-16T13:23:20.174+0000] {logging_mixin.py:190} INFO - [2024-08-16T13:23:20.174+0000] {dag.py:3211} INFO - Sync 1 DAGs
[2024-08-16T13:23:20.190+0000] {logging_mixin.py:190} INFO - [2024-08-16T13:23:20.190+0000] {dag.py:4138} INFO - Setting next_dagrun for example_sensor_decorator to None, run_after=None
[2024-08-16T13:23:20.216+0000] {processor.py:208} INFO - Processing /home/airflow/.local/lib/python3.12/site-packages/airflow/example_dags/example_sensor_decorator.py took 0.083 seconds
[2024-08-16T13:23:50.449+0000] {processor.py:186} INFO - Started process (PID=3180) to work on /home/airflow/.local/lib/python3.12/site-packages/airflow/example_dags/example_sensor_decorator.py
[2024-08-16T13:23:50.450+0000] {processor.py:914} INFO - Processing file /home/airflow/.local/lib/python3.12/site-packages/airflow/example_dags/example_sensor_decorator.py for tasks to queue
[2024-08-16T13:23:50.453+0000] {logging_mixin.py:190} INFO - [2024-08-16T13:23:50.452+0000] {dagbag.py:587} INFO - Filling up the DagBag from /home/airflow/.local/lib/python3.12/site-packages/airflow/example_dags/example_sensor_decorator.py
[2024-08-16T13:23:50.462+0000] {processor.py:925} INFO - DAG(s) 'example_sensor_decorator' retrieved from /home/airflow/.local/lib/python3.12/site-packages/airflow/example_dags/example_sensor_decorator.py
[2024-08-16T13:23:50.489+0000] {logging_mixin.py:190} INFO - [2024-08-16T13:23:50.488+0000] {dag.py:3211} INFO - Sync 1 DAGs
[2024-08-16T13:23:50.510+0000] {logging_mixin.py:190} INFO - [2024-08-16T13:23:50.509+0000] {dag.py:4138} INFO - Setting next_dagrun for example_sensor_decorator to None, run_after=None
[2024-08-16T13:23:50.534+0000] {processor.py:208} INFO - Processing /home/airflow/.local/lib/python3.12/site-packages/airflow/example_dags/example_sensor_decorator.py took 0.093 seconds
[2024-08-16T13:24:20.739+0000] {processor.py:186} INFO - Started process (PID=3466) to work on /home/airflow/.local/lib/python3.12/site-packages/airflow/example_dags/example_sensor_decorator.py
[2024-08-16T13:24:20.740+0000] {processor.py:914} INFO - Processing file /home/airflow/.local/lib/python3.12/site-packages/airflow/example_dags/example_sensor_decorator.py for tasks to queue
[2024-08-16T13:24:20.743+0000] {logging_mixin.py:190} INFO - [2024-08-16T13:24:20.742+0000] {dagbag.py:587} INFO - Filling up the DagBag from /home/airflow/.local/lib/python3.12/site-packages/airflow/example_dags/example_sensor_decorator.py
[2024-08-16T13:24:20.752+0000] {processor.py:925} INFO - DAG(s) 'example_sensor_decorator' retrieved from /home/airflow/.local/lib/python3.12/site-packages/airflow/example_dags/example_sensor_decorator.py
[2024-08-16T13:24:20.776+0000] {logging_mixin.py:190} INFO - [2024-08-16T13:24:20.776+0000] {dag.py:3211} INFO - Sync 1 DAGs
[2024-08-16T13:24:20.796+0000] {logging_mixin.py:190} INFO - [2024-08-16T13:24:20.795+0000] {dag.py:4138} INFO - Setting next_dagrun for example_sensor_decorator to None, run_after=None
[2024-08-16T13:24:20.819+0000] {processor.py:208} INFO - Processing /home/airflow/.local/lib/python3.12/site-packages/airflow/example_dags/example_sensor_decorator.py took 0.086 seconds
[2024-08-16T13:24:51.145+0000] {processor.py:186} INFO - Started process (PID=3752) to work on /home/airflow/.local/lib/python3.12/site-packages/airflow/example_dags/example_sensor_decorator.py
[2024-08-16T13:24:51.146+0000] {processor.py:914} INFO - Processing file /home/airflow/.local/lib/python3.12/site-packages/airflow/example_dags/example_sensor_decorator.py for tasks to queue
[2024-08-16T13:24:51.148+0000] {logging_mixin.py:190} INFO - [2024-08-16T13:24:51.148+0000] {dagbag.py:587} INFO - Filling up the DagBag from /home/airflow/.local/lib/python3.12/site-packages/airflow/example_dags/example_sensor_decorator.py
[2024-08-16T13:24:51.156+0000] {processor.py:925} INFO - DAG(s) 'example_sensor_decorator' retrieved from /home/airflow/.local/lib/python3.12/site-packages/airflow/example_dags/example_sensor_decorator.py
[2024-08-16T13:24:51.181+0000] {logging_mixin.py:190} INFO - [2024-08-16T13:24:51.181+0000] {dag.py:3211} INFO - Sync 1 DAGs
[2024-08-16T13:24:51.196+0000] {logging_mixin.py:190} INFO - [2024-08-16T13:24:51.196+0000] {dag.py:4138} INFO - Setting next_dagrun for example_sensor_decorator to None, run_after=None
[2024-08-16T13:24:51.216+0000] {processor.py:208} INFO - Processing /home/airflow/.local/lib/python3.12/site-packages/airflow/example_dags/example_sensor_decorator.py took 0.078 seconds
[2024-08-16T13:25:21.419+0000] {processor.py:186} INFO - Started process (PID=4038) to work on /home/airflow/.local/lib/python3.12/site-packages/airflow/example_dags/example_sensor_decorator.py
[2024-08-16T13:25:21.421+0000] {processor.py:914} INFO - Processing file /home/airflow/.local/lib/python3.12/site-packages/airflow/example_dags/example_sensor_decorator.py for tasks to queue
[2024-08-16T13:25:21.424+0000] {logging_mixin.py:190} INFO - [2024-08-16T13:25:21.423+0000] {dagbag.py:587} INFO - Filling up the DagBag from /home/airflow/.local/lib/python3.12/site-packages/airflow/example_dags/example_sensor_decorator.py
[2024-08-16T13:25:21.432+0000] {processor.py:925} INFO - DAG(s) 'example_sensor_decorator' retrieved from /home/airflow/.local/lib/python3.12/site-packages/airflow/example_dags/example_sensor_decorator.py
[2024-08-16T13:25:21.455+0000] {logging_mixin.py:190} INFO - [2024-08-16T13:25:21.455+0000] {dag.py:3211} INFO - Sync 1 DAGs
[2024-08-16T13:25:21.472+0000] {logging_mixin.py:190} INFO - [2024-08-16T13:25:21.472+0000] {dag.py:4138} INFO - Setting next_dagrun for example_sensor_decorator to None, run_after=None
[2024-08-16T13:25:21.493+0000] {processor.py:208} INFO - Processing /home/airflow/.local/lib/python3.12/site-packages/airflow/example_dags/example_sensor_decorator.py took 0.080 seconds
[2024-08-16T13:25:51.913+0000] {processor.py:186} INFO - Started process (PID=4324) to work on /home/airflow/.local/lib/python3.12/site-packages/airflow/example_dags/example_sensor_decorator.py
[2024-08-16T13:25:51.914+0000] {processor.py:914} INFO - Processing file /home/airflow/.local/lib/python3.12/site-packages/airflow/example_dags/example_sensor_decorator.py for tasks to queue
[2024-08-16T13:25:51.917+0000] {logging_mixin.py:190} INFO - [2024-08-16T13:25:51.916+0000] {dagbag.py:587} INFO - Filling up the DagBag from /home/airflow/.local/lib/python3.12/site-packages/airflow/example_dags/example_sensor_decorator.py
[2024-08-16T13:25:51.926+0000] {processor.py:925} INFO - DAG(s) 'example_sensor_decorator' retrieved from /home/airflow/.local/lib/python3.12/site-packages/airflow/example_dags/example_sensor_decorator.py
[2024-08-16T13:25:51.949+0000] {logging_mixin.py:190} INFO - [2024-08-16T13:25:51.948+0000] {dag.py:3211} INFO - Sync 1 DAGs
[2024-08-16T13:25:51.964+0000] {logging_mixin.py:190} INFO - [2024-08-16T13:25:51.963+0000] {dag.py:4138} INFO - Setting next_dagrun for example_sensor_decorator to None, run_after=None
[2024-08-16T13:25:51.984+0000] {processor.py:208} INFO - Processing /home/airflow/.local/lib/python3.12/site-packages/airflow/example_dags/example_sensor_decorator.py took 0.078 seconds
[2024-08-16T13:26:22.269+0000] {processor.py:186} INFO - Started process (PID=4610) to work on /home/airflow/.local/lib/python3.12/site-packages/airflow/example_dags/example_sensor_decorator.py
[2024-08-16T13:26:22.271+0000] {processor.py:914} INFO - Processing file /home/airflow/.local/lib/python3.12/site-packages/airflow/example_dags/example_sensor_decorator.py for tasks to queue
[2024-08-16T13:26:22.273+0000] {logging_mixin.py:190} INFO - [2024-08-16T13:26:22.273+0000] {dagbag.py:587} INFO - Filling up the DagBag from /home/airflow/.local/lib/python3.12/site-packages/airflow/example_dags/example_sensor_decorator.py
[2024-08-16T13:26:22.281+0000] {processor.py:925} INFO - DAG(s) 'example_sensor_decorator' retrieved from /home/airflow/.local/lib/python3.12/site-packages/airflow/example_dags/example_sensor_decorator.py
[2024-08-16T13:26:22.306+0000] {logging_mixin.py:190} INFO - [2024-08-16T13:26:22.306+0000] {dag.py:3211} INFO - Sync 1 DAGs
[2024-08-16T13:26:22.325+0000] {logging_mixin.py:190} INFO - [2024-08-16T13:26:22.324+0000] {dag.py:4138} INFO - Setting next_dagrun for example_sensor_decorator to None, run_after=None
[2024-08-16T13:26:22.346+0000] {processor.py:208} INFO - Processing /home/airflow/.local/lib/python3.12/site-packages/airflow/example_dags/example_sensor_decorator.py took 0.083 seconds
[2024-08-16T13:26:52.900+0000] {processor.py:186} INFO - Started process (PID=4896) to work on /home/airflow/.local/lib/python3.12/site-packages/airflow/example_dags/example_sensor_decorator.py
[2024-08-16T13:26:52.901+0000] {processor.py:914} INFO - Processing file /home/airflow/.local/lib/python3.12/site-packages/airflow/example_dags/example_sensor_decorator.py for tasks to queue
[2024-08-16T13:26:52.903+0000] {logging_mixin.py:190} INFO - [2024-08-16T13:26:52.903+0000] {dagbag.py:587} INFO - Filling up the DagBag from /home/airflow/.local/lib/python3.12/site-packages/airflow/example_dags/example_sensor_decorator.py
[2024-08-16T13:26:52.911+0000] {processor.py:925} INFO - DAG(s) 'example_sensor_decorator' retrieved from /home/airflow/.local/lib/python3.12/site-packages/airflow/example_dags/example_sensor_decorator.py
[2024-08-16T13:26:52.932+0000] {logging_mixin.py:190} INFO - [2024-08-16T13:26:52.932+0000] {dag.py:3211} INFO - Sync 1 DAGs
[2024-08-16T13:26:52.947+0000] {logging_mixin.py:190} INFO - [2024-08-16T13:26:52.947+0000] {dag.py:4138} INFO - Setting next_dagrun for example_sensor_decorator to None, run_after=None
[2024-08-16T13:26:52.966+0000] {processor.py:208} INFO - Processing /home/airflow/.local/lib/python3.12/site-packages/airflow/example_dags/example_sensor_decorator.py took 0.072 seconds
[2024-08-16T13:27:23.273+0000] {processor.py:186} INFO - Started process (PID=5180) to work on /home/airflow/.local/lib/python3.12/site-packages/airflow/example_dags/example_sensor_decorator.py
[2024-08-16T13:27:23.274+0000] {processor.py:914} INFO - Processing file /home/airflow/.local/lib/python3.12/site-packages/airflow/example_dags/example_sensor_decorator.py for tasks to queue
[2024-08-16T13:27:23.276+0000] {logging_mixin.py:190} INFO - [2024-08-16T13:27:23.276+0000] {dagbag.py:587} INFO - Filling up the DagBag from /home/airflow/.local/lib/python3.12/site-packages/airflow/example_dags/example_sensor_decorator.py
[2024-08-16T13:27:23.285+0000] {processor.py:925} INFO - DAG(s) 'example_sensor_decorator' retrieved from /home/airflow/.local/lib/python3.12/site-packages/airflow/example_dags/example_sensor_decorator.py
[2024-08-16T13:27:23.304+0000] {logging_mixin.py:190} INFO - [2024-08-16T13:27:23.304+0000] {dag.py:3211} INFO - Sync 1 DAGs
[2024-08-16T13:27:23.319+0000] {logging_mixin.py:190} INFO - [2024-08-16T13:27:23.319+0000] {dag.py:4138} INFO - Setting next_dagrun for example_sensor_decorator to None, run_after=None
[2024-08-16T13:27:23.341+0000] {processor.py:208} INFO - Processing /home/airflow/.local/lib/python3.12/site-packages/airflow/example_dags/example_sensor_decorator.py took 0.074 seconds
[2024-08-16T13:27:53.780+0000] {processor.py:186} INFO - Started process (PID=5471) to work on /home/airflow/.local/lib/python3.12/site-packages/airflow/example_dags/example_sensor_decorator.py
[2024-08-16T13:27:53.781+0000] {processor.py:914} INFO - Processing file /home/airflow/.local/lib/python3.12/site-packages/airflow/example_dags/example_sensor_decorator.py for tasks to queue
[2024-08-16T13:27:53.783+0000] {logging_mixin.py:190} INFO - [2024-08-16T13:27:53.783+0000] {dagbag.py:587} INFO - Filling up the DagBag from /home/airflow/.local/lib/python3.12/site-packages/airflow/example_dags/example_sensor_decorator.py
[2024-08-16T13:27:53.791+0000] {processor.py:925} INFO - DAG(s) 'example_sensor_decorator' retrieved from /home/airflow/.local/lib/python3.12/site-packages/airflow/example_dags/example_sensor_decorator.py
[2024-08-16T13:27:53.810+0000] {logging_mixin.py:190} INFO - [2024-08-16T13:27:53.810+0000] {dag.py:3211} INFO - Sync 1 DAGs
[2024-08-16T13:27:53.825+0000] {logging_mixin.py:190} INFO - [2024-08-16T13:27:53.825+0000] {dag.py:4138} INFO - Setting next_dagrun for example_sensor_decorator to None, run_after=None
[2024-08-16T13:27:53.843+0000] {processor.py:208} INFO - Processing /home/airflow/.local/lib/python3.12/site-packages/airflow/example_dags/example_sensor_decorator.py took 0.069 seconds
[2024-08-16T13:28:24.316+0000] {processor.py:186} INFO - Started process (PID=5755) to work on /home/airflow/.local/lib/python3.12/site-packages/airflow/example_dags/example_sensor_decorator.py
[2024-08-16T13:28:24.317+0000] {processor.py:914} INFO - Processing file /home/airflow/.local/lib/python3.12/site-packages/airflow/example_dags/example_sensor_decorator.py for tasks to queue
[2024-08-16T13:28:24.320+0000] {logging_mixin.py:190} INFO - [2024-08-16T13:28:24.319+0000] {dagbag.py:587} INFO - Filling up the DagBag from /home/airflow/.local/lib/python3.12/site-packages/airflow/example_dags/example_sensor_decorator.py
[2024-08-16T13:28:24.330+0000] {processor.py:925} INFO - DAG(s) 'example_sensor_decorator' retrieved from /home/airflow/.local/lib/python3.12/site-packages/airflow/example_dags/example_sensor_decorator.py
[2024-08-16T13:28:24.352+0000] {logging_mixin.py:190} INFO - [2024-08-16T13:28:24.352+0000] {dag.py:3211} INFO - Sync 1 DAGs
[2024-08-16T13:28:24.368+0000] {logging_mixin.py:190} INFO - [2024-08-16T13:28:24.368+0000] {dag.py:4138} INFO - Setting next_dagrun for example_sensor_decorator to None, run_after=None
[2024-08-16T13:28:24.394+0000] {processor.py:208} INFO - Processing /home/airflow/.local/lib/python3.12/site-packages/airflow/example_dags/example_sensor_decorator.py took 0.084 seconds
[2024-08-16T13:28:54.762+0000] {processor.py:186} INFO - Started process (PID=6041) to work on /home/airflow/.local/lib/python3.12/site-packages/airflow/example_dags/example_sensor_decorator.py
[2024-08-16T13:28:54.763+0000] {processor.py:914} INFO - Processing file /home/airflow/.local/lib/python3.12/site-packages/airflow/example_dags/example_sensor_decorator.py for tasks to queue
[2024-08-16T13:28:54.765+0000] {logging_mixin.py:190} INFO - [2024-08-16T13:28:54.765+0000] {dagbag.py:587} INFO - Filling up the DagBag from /home/airflow/.local/lib/python3.12/site-packages/airflow/example_dags/example_sensor_decorator.py
[2024-08-16T13:28:54.775+0000] {processor.py:925} INFO - DAG(s) 'example_sensor_decorator' retrieved from /home/airflow/.local/lib/python3.12/site-packages/airflow/example_dags/example_sensor_decorator.py
[2024-08-16T13:28:54.798+0000] {logging_mixin.py:190} INFO - [2024-08-16T13:28:54.797+0000] {dag.py:3211} INFO - Sync 1 DAGs
[2024-08-16T13:28:54.814+0000] {logging_mixin.py:190} INFO - [2024-08-16T13:28:54.814+0000] {dag.py:4138} INFO - Setting next_dagrun for example_sensor_decorator to None, run_after=None
[2024-08-16T13:28:54.834+0000] {processor.py:208} INFO - Processing /home/airflow/.local/lib/python3.12/site-packages/airflow/example_dags/example_sensor_decorator.py took 0.079 seconds
[2024-08-16T13:29:25.396+0000] {processor.py:186} INFO - Started process (PID=6329) to work on /home/airflow/.local/lib/python3.12/site-packages/airflow/example_dags/example_sensor_decorator.py
[2024-08-16T13:29:25.397+0000] {processor.py:914} INFO - Processing file /home/airflow/.local/lib/python3.12/site-packages/airflow/example_dags/example_sensor_decorator.py for tasks to queue
[2024-08-16T13:29:25.399+0000] {logging_mixin.py:190} INFO - [2024-08-16T13:29:25.399+0000] {dagbag.py:587} INFO - Filling up the DagBag from /home/airflow/.local/lib/python3.12/site-packages/airflow/example_dags/example_sensor_decorator.py
[2024-08-16T13:29:25.408+0000] {processor.py:925} INFO - DAG(s) 'example_sensor_decorator' retrieved from /home/airflow/.local/lib/python3.12/site-packages/airflow/example_dags/example_sensor_decorator.py
[2024-08-16T13:29:25.431+0000] {logging_mixin.py:190} INFO - [2024-08-16T13:29:25.431+0000] {dag.py:3211} INFO - Sync 1 DAGs
[2024-08-16T13:29:25.449+0000] {logging_mixin.py:190} INFO - [2024-08-16T13:29:25.448+0000] {dag.py:4138} INFO - Setting next_dagrun for example_sensor_decorator to None, run_after=None
[2024-08-16T13:29:25.475+0000] {processor.py:208} INFO - Processing /home/airflow/.local/lib/python3.12/site-packages/airflow/example_dags/example_sensor_decorator.py took 0.085 seconds
[2024-08-16T13:29:55.844+0000] {processor.py:186} INFO - Started process (PID=6613) to work on /home/airflow/.local/lib/python3.12/site-packages/airflow/example_dags/example_sensor_decorator.py
[2024-08-16T13:29:55.845+0000] {processor.py:914} INFO - Processing file /home/airflow/.local/lib/python3.12/site-packages/airflow/example_dags/example_sensor_decorator.py for tasks to queue
[2024-08-16T13:29:55.847+0000] {logging_mixin.py:190} INFO - [2024-08-16T13:29:55.847+0000] {dagbag.py:587} INFO - Filling up the DagBag from /home/airflow/.local/lib/python3.12/site-packages/airflow/example_dags/example_sensor_decorator.py
[2024-08-16T13:29:55.856+0000] {processor.py:925} INFO - DAG(s) 'example_sensor_decorator' retrieved from /home/airflow/.local/lib/python3.12/site-packages/airflow/example_dags/example_sensor_decorator.py
[2024-08-16T13:29:55.882+0000] {logging_mixin.py:190} INFO - [2024-08-16T13:29:55.882+0000] {dag.py:3211} INFO - Sync 1 DAGs
[2024-08-16T13:29:55.901+0000] {logging_mixin.py:190} INFO - [2024-08-16T13:29:55.901+0000] {dag.py:4138} INFO - Setting next_dagrun for example_sensor_decorator to None, run_after=None
[2024-08-16T13:29:55.921+0000] {processor.py:208} INFO - Processing /home/airflow/.local/lib/python3.12/site-packages/airflow/example_dags/example_sensor_decorator.py took 0.083 seconds
[2024-08-16T13:30:26.308+0000] {processor.py:186} INFO - Started process (PID=6900) to work on /home/airflow/.local/lib/python3.12/site-packages/airflow/example_dags/example_sensor_decorator.py
[2024-08-16T13:30:26.309+0000] {processor.py:914} INFO - Processing file /home/airflow/.local/lib/python3.12/site-packages/airflow/example_dags/example_sensor_decorator.py for tasks to queue
[2024-08-16T13:30:26.312+0000] {logging_mixin.py:190} INFO - [2024-08-16T13:30:26.311+0000] {dagbag.py:587} INFO - Filling up the DagBag from /home/airflow/.local/lib/python3.12/site-packages/airflow/example_dags/example_sensor_decorator.py
[2024-08-16T13:30:26.321+0000] {processor.py:925} INFO - DAG(s) 'example_sensor_decorator' retrieved from /home/airflow/.local/lib/python3.12/site-packages/airflow/example_dags/example_sensor_decorator.py
[2024-08-16T13:30:26.344+0000] {logging_mixin.py:190} INFO - [2024-08-16T13:30:26.344+0000] {dag.py:3211} INFO - Sync 1 DAGs
[2024-08-16T13:30:26.360+0000] {logging_mixin.py:190} INFO - [2024-08-16T13:30:26.360+0000] {dag.py:4138} INFO - Setting next_dagrun for example_sensor_decorator to None, run_after=None
[2024-08-16T13:30:26.380+0000] {processor.py:208} INFO - Processing /home/airflow/.local/lib/python3.12/site-packages/airflow/example_dags/example_sensor_decorator.py took 0.081 seconds
[2024-08-16T13:30:57.050+0000] {processor.py:186} INFO - Started process (PID=7188) to work on /home/airflow/.local/lib/python3.12/site-packages/airflow/example_dags/example_sensor_decorator.py
[2024-08-16T13:30:57.051+0000] {processor.py:914} INFO - Processing file /home/airflow/.local/lib/python3.12/site-packages/airflow/example_dags/example_sensor_decorator.py for tasks to queue
[2024-08-16T13:30:57.054+0000] {logging_mixin.py:190} INFO - [2024-08-16T13:30:57.053+0000] {dagbag.py:587} INFO - Filling up the DagBag from /home/airflow/.local/lib/python3.12/site-packages/airflow/example_dags/example_sensor_decorator.py
[2024-08-16T13:30:57.063+0000] {processor.py:925} INFO - DAG(s) 'example_sensor_decorator' retrieved from /home/airflow/.local/lib/python3.12/site-packages/airflow/example_dags/example_sensor_decorator.py
[2024-08-16T13:30:57.086+0000] {logging_mixin.py:190} INFO - [2024-08-16T13:30:57.086+0000] {dag.py:3211} INFO - Sync 1 DAGs
[2024-08-16T13:30:57.102+0000] {logging_mixin.py:190} INFO - [2024-08-16T13:30:57.102+0000] {dag.py:4138} INFO - Setting next_dagrun for example_sensor_decorator to None, run_after=None
[2024-08-16T13:30:57.121+0000] {processor.py:208} INFO - Processing /home/airflow/.local/lib/python3.12/site-packages/airflow/example_dags/example_sensor_decorator.py took 0.078 seconds
[2024-08-16T13:31:27.419+0000] {processor.py:186} INFO - Started process (PID=7472) to work on /home/airflow/.local/lib/python3.12/site-packages/airflow/example_dags/example_sensor_decorator.py
[2024-08-16T13:31:27.420+0000] {processor.py:914} INFO - Processing file /home/airflow/.local/lib/python3.12/site-packages/airflow/example_dags/example_sensor_decorator.py for tasks to queue
[2024-08-16T13:31:27.423+0000] {logging_mixin.py:190} INFO - [2024-08-16T13:31:27.423+0000] {dagbag.py:587} INFO - Filling up the DagBag from /home/airflow/.local/lib/python3.12/site-packages/airflow/example_dags/example_sensor_decorator.py
[2024-08-16T13:31:27.432+0000] {processor.py:925} INFO - DAG(s) 'example_sensor_decorator' retrieved from /home/airflow/.local/lib/python3.12/site-packages/airflow/example_dags/example_sensor_decorator.py
[2024-08-16T13:31:27.456+0000] {logging_mixin.py:190} INFO - [2024-08-16T13:31:27.456+0000] {dag.py:3211} INFO - Sync 1 DAGs
[2024-08-16T13:31:27.472+0000] {logging_mixin.py:190} INFO - [2024-08-16T13:31:27.472+0000] {dag.py:4138} INFO - Setting next_dagrun for example_sensor_decorator to None, run_after=None
[2024-08-16T13:31:27.492+0000] {processor.py:208} INFO - Processing /home/airflow/.local/lib/python3.12/site-packages/airflow/example_dags/example_sensor_decorator.py took 0.081 seconds
[2024-08-16T13:31:57.978+0000] {processor.py:186} INFO - Started process (PID=7758) to work on /home/airflow/.local/lib/python3.12/site-packages/airflow/example_dags/example_sensor_decorator.py
[2024-08-16T13:31:57.979+0000] {processor.py:914} INFO - Processing file /home/airflow/.local/lib/python3.12/site-packages/airflow/example_dags/example_sensor_decorator.py for tasks to queue
[2024-08-16T13:31:57.981+0000] {logging_mixin.py:190} INFO - [2024-08-16T13:31:57.981+0000] {dagbag.py:587} INFO - Filling up the DagBag from /home/airflow/.local/lib/python3.12/site-packages/airflow/example_dags/example_sensor_decorator.py
[2024-08-16T13:31:57.990+0000] {processor.py:925} INFO - DAG(s) 'example_sensor_decorator' retrieved from /home/airflow/.local/lib/python3.12/site-packages/airflow/example_dags/example_sensor_decorator.py
[2024-08-16T13:31:58.014+0000] {logging_mixin.py:190} INFO - [2024-08-16T13:31:58.014+0000] {dag.py:3211} INFO - Sync 1 DAGs
[2024-08-16T13:31:58.034+0000] {logging_mixin.py:190} INFO - [2024-08-16T13:31:58.033+0000] {dag.py:4138} INFO - Setting next_dagrun for example_sensor_decorator to None, run_after=None
[2024-08-16T13:31:58.057+0000] {processor.py:208} INFO - Processing /home/airflow/.local/lib/python3.12/site-packages/airflow/example_dags/example_sensor_decorator.py took 0.085 seconds
[2024-08-16T13:32:28.577+0000] {processor.py:186} INFO - Started process (PID=8044) to work on /home/airflow/.local/lib/python3.12/site-packages/airflow/example_dags/example_sensor_decorator.py
[2024-08-16T13:32:28.578+0000] {processor.py:914} INFO - Processing file /home/airflow/.local/lib/python3.12/site-packages/airflow/example_dags/example_sensor_decorator.py for tasks to queue
[2024-08-16T13:32:28.581+0000] {logging_mixin.py:190} INFO - [2024-08-16T13:32:28.580+0000] {dagbag.py:587} INFO - Filling up the DagBag from /home/airflow/.local/lib/python3.12/site-packages/airflow/example_dags/example_sensor_decorator.py
[2024-08-16T13:32:28.590+0000] {processor.py:925} INFO - DAG(s) 'example_sensor_decorator' retrieved from /home/airflow/.local/lib/python3.12/site-packages/airflow/example_dags/example_sensor_decorator.py
[2024-08-16T13:32:28.615+0000] {logging_mixin.py:190} INFO - [2024-08-16T13:32:28.615+0000] {dag.py:3211} INFO - Sync 1 DAGs
[2024-08-16T13:32:28.632+0000] {logging_mixin.py:190} INFO - [2024-08-16T13:32:28.632+0000] {dag.py:4138} INFO - Setting next_dagrun for example_sensor_decorator to None, run_after=None
[2024-08-16T13:32:28.651+0000] {processor.py:208} INFO - Processing /home/airflow/.local/lib/python3.12/site-packages/airflow/example_dags/example_sensor_decorator.py took 0.081 seconds
[2024-08-16T13:32:58.908+0000] {processor.py:186} INFO - Started process (PID=8330) to work on /home/airflow/.local/lib/python3.12/site-packages/airflow/example_dags/example_sensor_decorator.py
[2024-08-16T13:32:58.909+0000] {processor.py:914} INFO - Processing file /home/airflow/.local/lib/python3.12/site-packages/airflow/example_dags/example_sensor_decorator.py for tasks to queue
[2024-08-16T13:32:58.911+0000] {logging_mixin.py:190} INFO - [2024-08-16T13:32:58.911+0000] {dagbag.py:587} INFO - Filling up the DagBag from /home/airflow/.local/lib/python3.12/site-packages/airflow/example_dags/example_sensor_decorator.py
[2024-08-16T13:32:58.920+0000] {processor.py:925} INFO - DAG(s) 'example_sensor_decorator' retrieved from /home/airflow/.local/lib/python3.12/site-packages/airflow/example_dags/example_sensor_decorator.py
[2024-08-16T13:32:58.944+0000] {logging_mixin.py:190} INFO - [2024-08-16T13:32:58.943+0000] {dag.py:3211} INFO - Sync 1 DAGs
[2024-08-16T13:32:58.966+0000] {logging_mixin.py:190} INFO - [2024-08-16T13:32:58.965+0000] {dag.py:4138} INFO - Setting next_dagrun for example_sensor_decorator to None, run_after=None
[2024-08-16T13:32:58.993+0000] {processor.py:208} INFO - Processing /home/airflow/.local/lib/python3.12/site-packages/airflow/example_dags/example_sensor_decorator.py took 0.091 seconds
[2024-08-16T13:33:29.336+0000] {processor.py:186} INFO - Started process (PID=8616) to work on /home/airflow/.local/lib/python3.12/site-packages/airflow/example_dags/example_sensor_decorator.py
[2024-08-16T13:33:29.337+0000] {processor.py:914} INFO - Processing file /home/airflow/.local/lib/python3.12/site-packages/airflow/example_dags/example_sensor_decorator.py for tasks to queue
[2024-08-16T13:33:29.340+0000] {logging_mixin.py:190} INFO - [2024-08-16T13:33:29.340+0000] {dagbag.py:587} INFO - Filling up the DagBag from /home/airflow/.local/lib/python3.12/site-packages/airflow/example_dags/example_sensor_decorator.py
[2024-08-16T13:33:29.349+0000] {processor.py:925} INFO - DAG(s) 'example_sensor_decorator' retrieved from /home/airflow/.local/lib/python3.12/site-packages/airflow/example_dags/example_sensor_decorator.py
[2024-08-16T13:33:29.372+0000] {logging_mixin.py:190} INFO - [2024-08-16T13:33:29.372+0000] {dag.py:3211} INFO - Sync 1 DAGs
[2024-08-16T13:33:29.389+0000] {logging_mixin.py:190} INFO - [2024-08-16T13:33:29.389+0000] {dag.py:4138} INFO - Setting next_dagrun for example_sensor_decorator to None, run_after=None
[2024-08-16T13:33:29.409+0000] {processor.py:208} INFO - Processing /home/airflow/.local/lib/python3.12/site-packages/airflow/example_dags/example_sensor_decorator.py took 0.080 seconds
[2024-08-16T13:33:59.681+0000] {processor.py:186} INFO - Started process (PID=8902) to work on /home/airflow/.local/lib/python3.12/site-packages/airflow/example_dags/example_sensor_decorator.py
[2024-08-16T13:33:59.682+0000] {processor.py:914} INFO - Processing file /home/airflow/.local/lib/python3.12/site-packages/airflow/example_dags/example_sensor_decorator.py for tasks to queue
[2024-08-16T13:33:59.685+0000] {logging_mixin.py:190} INFO - [2024-08-16T13:33:59.685+0000] {dagbag.py:587} INFO - Filling up the DagBag from /home/airflow/.local/lib/python3.12/site-packages/airflow/example_dags/example_sensor_decorator.py
[2024-08-16T13:33:59.694+0000] {processor.py:925} INFO - DAG(s) 'example_sensor_decorator' retrieved from /home/airflow/.local/lib/python3.12/site-packages/airflow/example_dags/example_sensor_decorator.py
[2024-08-16T13:33:59.717+0000] {logging_mixin.py:190} INFO - [2024-08-16T13:33:59.716+0000] {dag.py:3211} INFO - Sync 1 DAGs
[2024-08-16T13:33:59.734+0000] {logging_mixin.py:190} INFO - [2024-08-16T13:33:59.733+0000] {dag.py:4138} INFO - Setting next_dagrun for example_sensor_decorator to None, run_after=None
[2024-08-16T13:33:59.753+0000] {processor.py:208} INFO - Processing /home/airflow/.local/lib/python3.12/site-packages/airflow/example_dags/example_sensor_decorator.py took 0.080 seconds
[2024-08-16T13:34:30.286+0000] {processor.py:186} INFO - Started process (PID=9188) to work on /home/airflow/.local/lib/python3.12/site-packages/airflow/example_dags/example_sensor_decorator.py
[2024-08-16T13:34:30.287+0000] {processor.py:914} INFO - Processing file /home/airflow/.local/lib/python3.12/site-packages/airflow/example_dags/example_sensor_decorator.py for tasks to queue
[2024-08-16T13:34:30.289+0000] {logging_mixin.py:190} INFO - [2024-08-16T13:34:30.289+0000] {dagbag.py:587} INFO - Filling up the DagBag from /home/airflow/.local/lib/python3.12/site-packages/airflow/example_dags/example_sensor_decorator.py
[2024-08-16T13:34:30.298+0000] {processor.py:925} INFO - DAG(s) 'example_sensor_decorator' retrieved from /home/airflow/.local/lib/python3.12/site-packages/airflow/example_dags/example_sensor_decorator.py
[2024-08-16T13:34:30.317+0000] {logging_mixin.py:190} INFO - [2024-08-16T13:34:30.317+0000] {dag.py:3211} INFO - Sync 1 DAGs
[2024-08-16T13:34:30.333+0000] {logging_mixin.py:190} INFO - [2024-08-16T13:34:30.333+0000] {dag.py:4138} INFO - Setting next_dagrun for example_sensor_decorator to None, run_after=None
[2024-08-16T13:34:30.351+0000] {processor.py:208} INFO - Processing /home/airflow/.local/lib/python3.12/site-packages/airflow/example_dags/example_sensor_decorator.py took 0.073 seconds
[2024-08-16T13:35:00.683+0000] {processor.py:186} INFO - Started process (PID=9474) to work on /home/airflow/.local/lib/python3.12/site-packages/airflow/example_dags/example_sensor_decorator.py
[2024-08-16T13:35:00.684+0000] {processor.py:914} INFO - Processing file /home/airflow/.local/lib/python3.12/site-packages/airflow/example_dags/example_sensor_decorator.py for tasks to queue
[2024-08-16T13:35:00.687+0000] {logging_mixin.py:190} INFO - [2024-08-16T13:35:00.687+0000] {dagbag.py:587} INFO - Filling up the DagBag from /home/airflow/.local/lib/python3.12/site-packages/airflow/example_dags/example_sensor_decorator.py
[2024-08-16T13:35:00.697+0000] {processor.py:925} INFO - DAG(s) 'example_sensor_decorator' retrieved from /home/airflow/.local/lib/python3.12/site-packages/airflow/example_dags/example_sensor_decorator.py
[2024-08-16T13:35:00.720+0000] {logging_mixin.py:190} INFO - [2024-08-16T13:35:00.720+0000] {dag.py:3211} INFO - Sync 1 DAGs
[2024-08-16T13:35:00.740+0000] {logging_mixin.py:190} INFO - [2024-08-16T13:35:00.739+0000] {dag.py:4138} INFO - Setting next_dagrun for example_sensor_decorator to None, run_after=None
[2024-08-16T13:35:00.763+0000] {processor.py:208} INFO - Processing /home/airflow/.local/lib/python3.12/site-packages/airflow/example_dags/example_sensor_decorator.py took 0.086 seconds
[2024-08-16T13:35:31.097+0000] {processor.py:186} INFO - Started process (PID=9760) to work on /home/airflow/.local/lib/python3.12/site-packages/airflow/example_dags/example_sensor_decorator.py
[2024-08-16T13:35:31.098+0000] {processor.py:914} INFO - Processing file /home/airflow/.local/lib/python3.12/site-packages/airflow/example_dags/example_sensor_decorator.py for tasks to queue
[2024-08-16T13:35:31.100+0000] {logging_mixin.py:190} INFO - [2024-08-16T13:35:31.100+0000] {dagbag.py:587} INFO - Filling up the DagBag from /home/airflow/.local/lib/python3.12/site-packages/airflow/example_dags/example_sensor_decorator.py
[2024-08-16T13:35:31.111+0000] {processor.py:925} INFO - DAG(s) 'example_sensor_decorator' retrieved from /home/airflow/.local/lib/python3.12/site-packages/airflow/example_dags/example_sensor_decorator.py
[2024-08-16T13:35:31.134+0000] {logging_mixin.py:190} INFO - [2024-08-16T13:35:31.134+0000] {dag.py:3211} INFO - Sync 1 DAGs
[2024-08-16T13:35:31.152+0000] {logging_mixin.py:190} INFO - [2024-08-16T13:35:31.152+0000] {dag.py:4138} INFO - Setting next_dagrun for example_sensor_decorator to None, run_after=None
[2024-08-16T13:35:31.174+0000] {processor.py:208} INFO - Processing /home/airflow/.local/lib/python3.12/site-packages/airflow/example_dags/example_sensor_decorator.py took 0.085 seconds
[2024-08-16T13:36:01.609+0000] {processor.py:186} INFO - Started process (PID=10046) to work on /home/airflow/.local/lib/python3.12/site-packages/airflow/example_dags/example_sensor_decorator.py
[2024-08-16T13:36:01.610+0000] {processor.py:914} INFO - Processing file /home/airflow/.local/lib/python3.12/site-packages/airflow/example_dags/example_sensor_decorator.py for tasks to queue
[2024-08-16T13:36:01.612+0000] {logging_mixin.py:190} INFO - [2024-08-16T13:36:01.612+0000] {dagbag.py:587} INFO - Filling up the DagBag from /home/airflow/.local/lib/python3.12/site-packages/airflow/example_dags/example_sensor_decorator.py
[2024-08-16T13:36:01.621+0000] {processor.py:925} INFO - DAG(s) 'example_sensor_decorator' retrieved from /home/airflow/.local/lib/python3.12/site-packages/airflow/example_dags/example_sensor_decorator.py
[2024-08-16T13:36:01.643+0000] {logging_mixin.py:190} INFO - [2024-08-16T13:36:01.643+0000] {dag.py:3211} INFO - Sync 1 DAGs
[2024-08-16T13:36:01.662+0000] {logging_mixin.py:190} INFO - [2024-08-16T13:36:01.662+0000] {dag.py:4138} INFO - Setting next_dagrun for example_sensor_decorator to None, run_after=None
[2024-08-16T13:36:01.684+0000] {processor.py:208} INFO - Processing /home/airflow/.local/lib/python3.12/site-packages/airflow/example_dags/example_sensor_decorator.py took 0.082 seconds
[2024-08-16T13:36:32.082+0000] {processor.py:186} INFO - Started process (PID=10332) to work on /home/airflow/.local/lib/python3.12/site-packages/airflow/example_dags/example_sensor_decorator.py
[2024-08-16T13:36:32.083+0000] {processor.py:914} INFO - Processing file /home/airflow/.local/lib/python3.12/site-packages/airflow/example_dags/example_sensor_decorator.py for tasks to queue
[2024-08-16T13:36:32.086+0000] {logging_mixin.py:190} INFO - [2024-08-16T13:36:32.086+0000] {dagbag.py:587} INFO - Filling up the DagBag from /home/airflow/.local/lib/python3.12/site-packages/airflow/example_dags/example_sensor_decorator.py
[2024-08-16T13:36:32.095+0000] {processor.py:925} INFO - DAG(s) 'example_sensor_decorator' retrieved from /home/airflow/.local/lib/python3.12/site-packages/airflow/example_dags/example_sensor_decorator.py
[2024-08-16T13:36:32.120+0000] {logging_mixin.py:190} INFO - [2024-08-16T13:36:32.120+0000] {dag.py:3211} INFO - Sync 1 DAGs
[2024-08-16T13:36:32.138+0000] {logging_mixin.py:190} INFO - [2024-08-16T13:36:32.138+0000] {dag.py:4138} INFO - Setting next_dagrun for example_sensor_decorator to None, run_after=None
[2024-08-16T13:36:32.161+0000] {processor.py:208} INFO - Processing /home/airflow/.local/lib/python3.12/site-packages/airflow/example_dags/example_sensor_decorator.py took 0.085 seconds
[2024-08-16T13:37:02.451+0000] {processor.py:186} INFO - Started process (PID=10618) to work on /home/airflow/.local/lib/python3.12/site-packages/airflow/example_dags/example_sensor_decorator.py
[2024-08-16T13:37:02.453+0000] {processor.py:914} INFO - Processing file /home/airflow/.local/lib/python3.12/site-packages/airflow/example_dags/example_sensor_decorator.py for tasks to queue
[2024-08-16T13:37:02.456+0000] {logging_mixin.py:190} INFO - [2024-08-16T13:37:02.455+0000] {dagbag.py:587} INFO - Filling up the DagBag from /home/airflow/.local/lib/python3.12/site-packages/airflow/example_dags/example_sensor_decorator.py
[2024-08-16T13:37:02.467+0000] {processor.py:925} INFO - DAG(s) 'example_sensor_decorator' retrieved from /home/airflow/.local/lib/python3.12/site-packages/airflow/example_dags/example_sensor_decorator.py
[2024-08-16T13:37:02.491+0000] {logging_mixin.py:190} INFO - [2024-08-16T13:37:02.491+0000] {dag.py:3211} INFO - Sync 1 DAGs
[2024-08-16T13:37:02.509+0000] {logging_mixin.py:190} INFO - [2024-08-16T13:37:02.509+0000] {dag.py:4138} INFO - Setting next_dagrun for example_sensor_decorator to None, run_after=None
[2024-08-16T13:37:02.531+0000] {processor.py:208} INFO - Processing /home/airflow/.local/lib/python3.12/site-packages/airflow/example_dags/example_sensor_decorator.py took 0.089 seconds
[2024-08-16T13:37:32.850+0000] {processor.py:186} INFO - Started process (PID=10905) to work on /home/airflow/.local/lib/python3.12/site-packages/airflow/example_dags/example_sensor_decorator.py
[2024-08-16T13:37:32.851+0000] {processor.py:914} INFO - Processing file /home/airflow/.local/lib/python3.12/site-packages/airflow/example_dags/example_sensor_decorator.py for tasks to queue
[2024-08-16T13:37:32.854+0000] {logging_mixin.py:190} INFO - [2024-08-16T13:37:32.854+0000] {dagbag.py:587} INFO - Filling up the DagBag from /home/airflow/.local/lib/python3.12/site-packages/airflow/example_dags/example_sensor_decorator.py
[2024-08-16T13:37:32.865+0000] {processor.py:925} INFO - DAG(s) 'example_sensor_decorator' retrieved from /home/airflow/.local/lib/python3.12/site-packages/airflow/example_dags/example_sensor_decorator.py
[2024-08-16T13:37:32.893+0000] {logging_mixin.py:190} INFO - [2024-08-16T13:37:32.892+0000] {dag.py:3211} INFO - Sync 1 DAGs
[2024-08-16T13:37:32.910+0000] {logging_mixin.py:190} INFO - [2024-08-16T13:37:32.910+0000] {dag.py:4138} INFO - Setting next_dagrun for example_sensor_decorator to None, run_after=None
[2024-08-16T13:37:32.929+0000] {processor.py:208} INFO - Processing /home/airflow/.local/lib/python3.12/site-packages/airflow/example_dags/example_sensor_decorator.py took 0.087 seconds
[2024-08-16T13:38:03.157+0000] {processor.py:186} INFO - Started process (PID=11191) to work on /home/airflow/.local/lib/python3.12/site-packages/airflow/example_dags/example_sensor_decorator.py
[2024-08-16T13:38:03.158+0000] {processor.py:914} INFO - Processing file /home/airflow/.local/lib/python3.12/site-packages/airflow/example_dags/example_sensor_decorator.py for tasks to queue
[2024-08-16T13:38:03.160+0000] {logging_mixin.py:190} INFO - [2024-08-16T13:38:03.160+0000] {dagbag.py:587} INFO - Filling up the DagBag from /home/airflow/.local/lib/python3.12/site-packages/airflow/example_dags/example_sensor_decorator.py
[2024-08-16T13:38:03.168+0000] {processor.py:925} INFO - DAG(s) 'example_sensor_decorator' retrieved from /home/airflow/.local/lib/python3.12/site-packages/airflow/example_dags/example_sensor_decorator.py
[2024-08-16T13:38:03.190+0000] {logging_mixin.py:190} INFO - [2024-08-16T13:38:03.190+0000] {dag.py:3211} INFO - Sync 1 DAGs
[2024-08-16T13:38:03.205+0000] {logging_mixin.py:190} INFO - [2024-08-16T13:38:03.205+0000] {dag.py:4138} INFO - Setting next_dagrun for example_sensor_decorator to None, run_after=None
[2024-08-16T13:38:03.224+0000] {processor.py:208} INFO - Processing /home/airflow/.local/lib/python3.12/site-packages/airflow/example_dags/example_sensor_decorator.py took 0.074 seconds
[2024-08-16T13:38:33.606+0000] {processor.py:186} INFO - Started process (PID=11477) to work on /home/airflow/.local/lib/python3.12/site-packages/airflow/example_dags/example_sensor_decorator.py
[2024-08-16T13:38:33.607+0000] {processor.py:914} INFO - Processing file /home/airflow/.local/lib/python3.12/site-packages/airflow/example_dags/example_sensor_decorator.py for tasks to queue
[2024-08-16T13:38:33.610+0000] {logging_mixin.py:190} INFO - [2024-08-16T13:38:33.609+0000] {dagbag.py:587} INFO - Filling up the DagBag from /home/airflow/.local/lib/python3.12/site-packages/airflow/example_dags/example_sensor_decorator.py
[2024-08-16T13:38:33.618+0000] {processor.py:925} INFO - DAG(s) 'example_sensor_decorator' retrieved from /home/airflow/.local/lib/python3.12/site-packages/airflow/example_dags/example_sensor_decorator.py
[2024-08-16T13:38:33.639+0000] {logging_mixin.py:190} INFO - [2024-08-16T13:38:33.638+0000] {dag.py:3211} INFO - Sync 1 DAGs
[2024-08-16T13:38:33.656+0000] {logging_mixin.py:190} INFO - [2024-08-16T13:38:33.655+0000] {dag.py:4138} INFO - Setting next_dagrun for example_sensor_decorator to None, run_after=None
[2024-08-16T13:38:33.678+0000] {processor.py:208} INFO - Processing /home/airflow/.local/lib/python3.12/site-packages/airflow/example_dags/example_sensor_decorator.py took 0.079 seconds
[2024-08-16T13:39:03.776+0000] {processor.py:186} INFO - Started process (PID=11760) to work on /home/airflow/.local/lib/python3.12/site-packages/airflow/example_dags/example_sensor_decorator.py
[2024-08-16T13:39:03.777+0000] {processor.py:914} INFO - Processing file /home/airflow/.local/lib/python3.12/site-packages/airflow/example_dags/example_sensor_decorator.py for tasks to queue
[2024-08-16T13:39:03.779+0000] {logging_mixin.py:190} INFO - [2024-08-16T13:39:03.779+0000] {dagbag.py:587} INFO - Filling up the DagBag from /home/airflow/.local/lib/python3.12/site-packages/airflow/example_dags/example_sensor_decorator.py
[2024-08-16T13:39:03.787+0000] {processor.py:925} INFO - DAG(s) 'example_sensor_decorator' retrieved from /home/airflow/.local/lib/python3.12/site-packages/airflow/example_dags/example_sensor_decorator.py
[2024-08-16T13:39:03.811+0000] {logging_mixin.py:190} INFO - [2024-08-16T13:39:03.810+0000] {dag.py:3211} INFO - Sync 1 DAGs
[2024-08-16T13:39:03.826+0000] {logging_mixin.py:190} INFO - [2024-08-16T13:39:03.826+0000] {dag.py:4138} INFO - Setting next_dagrun for example_sensor_decorator to None, run_after=None
[2024-08-16T13:39:03.844+0000] {processor.py:208} INFO - Processing /home/airflow/.local/lib/python3.12/site-packages/airflow/example_dags/example_sensor_decorator.py took 0.075 seconds
[2024-08-16T13:39:34.216+0000] {processor.py:186} INFO - Started process (PID=12046) to work on /home/airflow/.local/lib/python3.12/site-packages/airflow/example_dags/example_sensor_decorator.py
[2024-08-16T13:39:34.217+0000] {processor.py:914} INFO - Processing file /home/airflow/.local/lib/python3.12/site-packages/airflow/example_dags/example_sensor_decorator.py for tasks to queue
[2024-08-16T13:39:34.219+0000] {logging_mixin.py:190} INFO - [2024-08-16T13:39:34.219+0000] {dagbag.py:587} INFO - Filling up the DagBag from /home/airflow/.local/lib/python3.12/site-packages/airflow/example_dags/example_sensor_decorator.py
[2024-08-16T13:39:34.230+0000] {processor.py:925} INFO - DAG(s) 'example_sensor_decorator' retrieved from /home/airflow/.local/lib/python3.12/site-packages/airflow/example_dags/example_sensor_decorator.py
[2024-08-16T13:39:34.255+0000] {logging_mixin.py:190} INFO - [2024-08-16T13:39:34.255+0000] {dag.py:3211} INFO - Sync 1 DAGs
[2024-08-16T13:39:34.271+0000] {logging_mixin.py:190} INFO - [2024-08-16T13:39:34.270+0000] {dag.py:4138} INFO - Setting next_dagrun for example_sensor_decorator to None, run_after=None
[2024-08-16T13:39:34.291+0000] {processor.py:208} INFO - Processing /home/airflow/.local/lib/python3.12/site-packages/airflow/example_dags/example_sensor_decorator.py took 0.081 seconds
[2024-08-16T13:40:05.181+0000] {processor.py:186} INFO - Started process (PID=12332) to work on /home/airflow/.local/lib/python3.12/site-packages/airflow/example_dags/example_sensor_decorator.py
[2024-08-16T13:40:05.182+0000] {processor.py:914} INFO - Processing file /home/airflow/.local/lib/python3.12/site-packages/airflow/example_dags/example_sensor_decorator.py for tasks to queue
[2024-08-16T13:40:05.185+0000] {logging_mixin.py:190} INFO - [2024-08-16T13:40:05.185+0000] {dagbag.py:587} INFO - Filling up the DagBag from /home/airflow/.local/lib/python3.12/site-packages/airflow/example_dags/example_sensor_decorator.py
[2024-08-16T13:40:05.193+0000] {processor.py:925} INFO - DAG(s) 'example_sensor_decorator' retrieved from /home/airflow/.local/lib/python3.12/site-packages/airflow/example_dags/example_sensor_decorator.py
[2024-08-16T13:40:05.215+0000] {logging_mixin.py:190} INFO - [2024-08-16T13:40:05.215+0000] {dag.py:3211} INFO - Sync 1 DAGs
[2024-08-16T13:40:05.235+0000] {logging_mixin.py:190} INFO - [2024-08-16T13:40:05.234+0000] {dag.py:4138} INFO - Setting next_dagrun for example_sensor_decorator to None, run_after=None
[2024-08-16T13:40:05.256+0000] {processor.py:208} INFO - Processing /home/airflow/.local/lib/python3.12/site-packages/airflow/example_dags/example_sensor_decorator.py took 0.080 seconds
[2024-08-16T13:40:35.756+0000] {processor.py:186} INFO - Started process (PID=12616) to work on /home/airflow/.local/lib/python3.12/site-packages/airflow/example_dags/example_sensor_decorator.py
[2024-08-16T13:40:35.757+0000] {processor.py:914} INFO - Processing file /home/airflow/.local/lib/python3.12/site-packages/airflow/example_dags/example_sensor_decorator.py for tasks to queue
[2024-08-16T13:40:35.760+0000] {logging_mixin.py:190} INFO - [2024-08-16T13:40:35.759+0000] {dagbag.py:587} INFO - Filling up the DagBag from /home/airflow/.local/lib/python3.12/site-packages/airflow/example_dags/example_sensor_decorator.py
[2024-08-16T13:40:35.769+0000] {processor.py:925} INFO - DAG(s) 'example_sensor_decorator' retrieved from /home/airflow/.local/lib/python3.12/site-packages/airflow/example_dags/example_sensor_decorator.py
[2024-08-16T13:40:35.790+0000] {logging_mixin.py:190} INFO - [2024-08-16T13:40:35.790+0000] {dag.py:3211} INFO - Sync 1 DAGs
[2024-08-16T13:40:35.805+0000] {logging_mixin.py:190} INFO - [2024-08-16T13:40:35.805+0000] {dag.py:4138} INFO - Setting next_dagrun for example_sensor_decorator to None, run_after=None
[2024-08-16T13:40:35.825+0000] {processor.py:208} INFO - Processing /home/airflow/.local/lib/python3.12/site-packages/airflow/example_dags/example_sensor_decorator.py took 0.076 seconds
[2024-08-16T13:41:06.722+0000] {processor.py:186} INFO - Started process (PID=12904) to work on /home/airflow/.local/lib/python3.12/site-packages/airflow/example_dags/example_sensor_decorator.py
[2024-08-16T13:41:06.726+0000] {processor.py:914} INFO - Processing file /home/airflow/.local/lib/python3.12/site-packages/airflow/example_dags/example_sensor_decorator.py for tasks to queue
[2024-08-16T13:41:06.730+0000] {logging_mixin.py:190} INFO - [2024-08-16T13:41:06.729+0000] {dagbag.py:587} INFO - Filling up the DagBag from /home/airflow/.local/lib/python3.12/site-packages/airflow/example_dags/example_sensor_decorator.py
[2024-08-16T13:41:06.745+0000] {processor.py:925} INFO - DAG(s) 'example_sensor_decorator' retrieved from /home/airflow/.local/lib/python3.12/site-packages/airflow/example_dags/example_sensor_decorator.py
[2024-08-16T13:41:06.772+0000] {logging_mixin.py:190} INFO - [2024-08-16T13:41:06.772+0000] {dag.py:3211} INFO - Sync 1 DAGs
[2024-08-16T13:41:06.792+0000] {logging_mixin.py:190} INFO - [2024-08-16T13:41:06.792+0000] {dag.py:4138} INFO - Setting next_dagrun for example_sensor_decorator to None, run_after=None
[2024-08-16T13:41:06.816+0000] {processor.py:208} INFO - Processing /home/airflow/.local/lib/python3.12/site-packages/airflow/example_dags/example_sensor_decorator.py took 0.102 seconds
[2024-08-16T13:41:37.199+0000] {processor.py:186} INFO - Started process (PID=13190) to work on /home/airflow/.local/lib/python3.12/site-packages/airflow/example_dags/example_sensor_decorator.py
[2024-08-16T13:41:37.200+0000] {processor.py:914} INFO - Processing file /home/airflow/.local/lib/python3.12/site-packages/airflow/example_dags/example_sensor_decorator.py for tasks to queue
[2024-08-16T13:41:37.203+0000] {logging_mixin.py:190} INFO - [2024-08-16T13:41:37.203+0000] {dagbag.py:587} INFO - Filling up the DagBag from /home/airflow/.local/lib/python3.12/site-packages/airflow/example_dags/example_sensor_decorator.py
[2024-08-16T13:41:37.212+0000] {processor.py:925} INFO - DAG(s) 'example_sensor_decorator' retrieved from /home/airflow/.local/lib/python3.12/site-packages/airflow/example_dags/example_sensor_decorator.py
[2024-08-16T13:41:37.238+0000] {logging_mixin.py:190} INFO - [2024-08-16T13:41:37.238+0000] {dag.py:3211} INFO - Sync 1 DAGs
[2024-08-16T13:41:37.256+0000] {logging_mixin.py:190} INFO - [2024-08-16T13:41:37.255+0000] {dag.py:4138} INFO - Setting next_dagrun for example_sensor_decorator to None, run_after=None
[2024-08-16T13:41:37.278+0000] {processor.py:208} INFO - Processing /home/airflow/.local/lib/python3.12/site-packages/airflow/example_dags/example_sensor_decorator.py took 0.089 seconds
[2024-08-16T13:42:07.956+0000] {processor.py:186} INFO - Started process (PID=13476) to work on /home/airflow/.local/lib/python3.12/site-packages/airflow/example_dags/example_sensor_decorator.py
[2024-08-16T13:42:07.957+0000] {processor.py:914} INFO - Processing file /home/airflow/.local/lib/python3.12/site-packages/airflow/example_dags/example_sensor_decorator.py for tasks to queue
[2024-08-16T13:42:07.960+0000] {logging_mixin.py:190} INFO - [2024-08-16T13:42:07.959+0000] {dagbag.py:587} INFO - Filling up the DagBag from /home/airflow/.local/lib/python3.12/site-packages/airflow/example_dags/example_sensor_decorator.py
[2024-08-16T13:42:07.970+0000] {processor.py:925} INFO - DAG(s) 'example_sensor_decorator' retrieved from /home/airflow/.local/lib/python3.12/site-packages/airflow/example_dags/example_sensor_decorator.py
[2024-08-16T13:42:07.992+0000] {logging_mixin.py:190} INFO - [2024-08-16T13:42:07.991+0000] {dag.py:3211} INFO - Sync 1 DAGs
[2024-08-16T13:42:08.008+0000] {logging_mixin.py:190} INFO - [2024-08-16T13:42:08.008+0000] {dag.py:4138} INFO - Setting next_dagrun for example_sensor_decorator to None, run_after=None
[2024-08-16T13:42:08.030+0000] {processor.py:208} INFO - Processing /home/airflow/.local/lib/python3.12/site-packages/airflow/example_dags/example_sensor_decorator.py took 0.080 seconds
[2024-08-16T13:42:38.896+0000] {processor.py:186} INFO - Started process (PID=13762) to work on /home/airflow/.local/lib/python3.12/site-packages/airflow/example_dags/example_sensor_decorator.py
[2024-08-16T13:42:38.897+0000] {processor.py:914} INFO - Processing file /home/airflow/.local/lib/python3.12/site-packages/airflow/example_dags/example_sensor_decorator.py for tasks to queue
[2024-08-16T13:42:38.900+0000] {logging_mixin.py:190} INFO - [2024-08-16T13:42:38.899+0000] {dagbag.py:587} INFO - Filling up the DagBag from /home/airflow/.local/lib/python3.12/site-packages/airflow/example_dags/example_sensor_decorator.py
[2024-08-16T13:42:38.909+0000] {processor.py:925} INFO - DAG(s) 'example_sensor_decorator' retrieved from /home/airflow/.local/lib/python3.12/site-packages/airflow/example_dags/example_sensor_decorator.py
[2024-08-16T13:42:38.931+0000] {logging_mixin.py:190} INFO - [2024-08-16T13:42:38.931+0000] {dag.py:3211} INFO - Sync 1 DAGs
[2024-08-16T13:42:38.947+0000] {logging_mixin.py:190} INFO - [2024-08-16T13:42:38.947+0000] {dag.py:4138} INFO - Setting next_dagrun for example_sensor_decorator to None, run_after=None
[2024-08-16T13:42:38.967+0000] {processor.py:208} INFO - Processing /home/airflow/.local/lib/python3.12/site-packages/airflow/example_dags/example_sensor_decorator.py took 0.077 seconds
[2024-08-16T13:43:09.779+0000] {processor.py:186} INFO - Started process (PID=14048) to work on /home/airflow/.local/lib/python3.12/site-packages/airflow/example_dags/example_sensor_decorator.py
[2024-08-16T13:43:09.780+0000] {processor.py:914} INFO - Processing file /home/airflow/.local/lib/python3.12/site-packages/airflow/example_dags/example_sensor_decorator.py for tasks to queue
[2024-08-16T13:43:09.783+0000] {logging_mixin.py:190} INFO - [2024-08-16T13:43:09.783+0000] {dagbag.py:587} INFO - Filling up the DagBag from /home/airflow/.local/lib/python3.12/site-packages/airflow/example_dags/example_sensor_decorator.py
[2024-08-16T13:43:09.797+0000] {processor.py:925} INFO - DAG(s) 'example_sensor_decorator' retrieved from /home/airflow/.local/lib/python3.12/site-packages/airflow/example_dags/example_sensor_decorator.py
[2024-08-16T13:43:09.825+0000] {logging_mixin.py:190} INFO - [2024-08-16T13:43:09.825+0000] {dag.py:3211} INFO - Sync 1 DAGs
[2024-08-16T13:43:09.842+0000] {logging_mixin.py:190} INFO - [2024-08-16T13:43:09.842+0000] {dag.py:4138} INFO - Setting next_dagrun for example_sensor_decorator to None, run_after=None
[2024-08-16T13:43:09.863+0000] {processor.py:208} INFO - Processing /home/airflow/.local/lib/python3.12/site-packages/airflow/example_dags/example_sensor_decorator.py took 0.092 seconds
[2024-08-16T13:43:40.251+0000] {processor.py:186} INFO - Started process (PID=14334) to work on /home/airflow/.local/lib/python3.12/site-packages/airflow/example_dags/example_sensor_decorator.py
[2024-08-16T13:43:40.253+0000] {processor.py:914} INFO - Processing file /home/airflow/.local/lib/python3.12/site-packages/airflow/example_dags/example_sensor_decorator.py for tasks to queue
[2024-08-16T13:43:40.255+0000] {logging_mixin.py:190} INFO - [2024-08-16T13:43:40.255+0000] {dagbag.py:587} INFO - Filling up the DagBag from /home/airflow/.local/lib/python3.12/site-packages/airflow/example_dags/example_sensor_decorator.py
[2024-08-16T13:43:40.263+0000] {processor.py:925} INFO - DAG(s) 'example_sensor_decorator' retrieved from /home/airflow/.local/lib/python3.12/site-packages/airflow/example_dags/example_sensor_decorator.py
[2024-08-16T13:43:40.286+0000] {logging_mixin.py:190} INFO - [2024-08-16T13:43:40.286+0000] {dag.py:3211} INFO - Sync 1 DAGs
[2024-08-16T13:43:40.301+0000] {logging_mixin.py:190} INFO - [2024-08-16T13:43:40.301+0000] {dag.py:4138} INFO - Setting next_dagrun for example_sensor_decorator to None, run_after=None
[2024-08-16T13:43:40.318+0000] {processor.py:208} INFO - Processing /home/airflow/.local/lib/python3.12/site-packages/airflow/example_dags/example_sensor_decorator.py took 0.073 seconds
[2024-08-16T13:44:10.933+0000] {processor.py:186} INFO - Started process (PID=14620) to work on /home/airflow/.local/lib/python3.12/site-packages/airflow/example_dags/example_sensor_decorator.py
[2024-08-16T13:44:10.935+0000] {processor.py:914} INFO - Processing file /home/airflow/.local/lib/python3.12/site-packages/airflow/example_dags/example_sensor_decorator.py for tasks to queue
[2024-08-16T13:44:10.938+0000] {logging_mixin.py:190} INFO - [2024-08-16T13:44:10.937+0000] {dagbag.py:587} INFO - Filling up the DagBag from /home/airflow/.local/lib/python3.12/site-packages/airflow/example_dags/example_sensor_decorator.py
[2024-08-16T13:44:10.946+0000] {processor.py:925} INFO - DAG(s) 'example_sensor_decorator' retrieved from /home/airflow/.local/lib/python3.12/site-packages/airflow/example_dags/example_sensor_decorator.py
[2024-08-16T13:44:10.969+0000] {logging_mixin.py:190} INFO - [2024-08-16T13:44:10.969+0000] {dag.py:3211} INFO - Sync 1 DAGs
[2024-08-16T13:44:10.986+0000] {logging_mixin.py:190} INFO - [2024-08-16T13:44:10.986+0000] {dag.py:4138} INFO - Setting next_dagrun for example_sensor_decorator to None, run_after=None
[2024-08-16T13:44:11.005+0000] {processor.py:208} INFO - Processing /home/airflow/.local/lib/python3.12/site-packages/airflow/example_dags/example_sensor_decorator.py took 0.079 seconds
[2024-08-16T13:44:41.375+0000] {processor.py:186} INFO - Started process (PID=14906) to work on /home/airflow/.local/lib/python3.12/site-packages/airflow/example_dags/example_sensor_decorator.py
[2024-08-16T13:44:41.376+0000] {processor.py:914} INFO - Processing file /home/airflow/.local/lib/python3.12/site-packages/airflow/example_dags/example_sensor_decorator.py for tasks to queue
[2024-08-16T13:44:41.378+0000] {logging_mixin.py:190} INFO - [2024-08-16T13:44:41.378+0000] {dagbag.py:587} INFO - Filling up the DagBag from /home/airflow/.local/lib/python3.12/site-packages/airflow/example_dags/example_sensor_decorator.py
[2024-08-16T13:44:41.387+0000] {processor.py:925} INFO - DAG(s) 'example_sensor_decorator' retrieved from /home/airflow/.local/lib/python3.12/site-packages/airflow/example_dags/example_sensor_decorator.py
[2024-08-16T13:44:41.408+0000] {logging_mixin.py:190} INFO - [2024-08-16T13:44:41.408+0000] {dag.py:3211} INFO - Sync 1 DAGs
[2024-08-16T13:44:41.424+0000] {logging_mixin.py:190} INFO - [2024-08-16T13:44:41.423+0000] {dag.py:4138} INFO - Setting next_dagrun for example_sensor_decorator to None, run_after=None
[2024-08-16T13:44:41.445+0000] {processor.py:208} INFO - Processing /home/airflow/.local/lib/python3.12/site-packages/airflow/example_dags/example_sensor_decorator.py took 0.076 seconds
[2024-08-16T13:45:12.337+0000] {processor.py:186} INFO - Started process (PID=15192) to work on /home/airflow/.local/lib/python3.12/site-packages/airflow/example_dags/example_sensor_decorator.py
[2024-08-16T13:45:12.345+0000] {processor.py:914} INFO - Processing file /home/airflow/.local/lib/python3.12/site-packages/airflow/example_dags/example_sensor_decorator.py for tasks to queue
[2024-08-16T13:45:12.354+0000] {logging_mixin.py:190} INFO - [2024-08-16T13:45:12.353+0000] {dagbag.py:587} INFO - Filling up the DagBag from /home/airflow/.local/lib/python3.12/site-packages/airflow/example_dags/example_sensor_decorator.py
[2024-08-16T13:45:12.366+0000] {processor.py:925} INFO - DAG(s) 'example_sensor_decorator' retrieved from /home/airflow/.local/lib/python3.12/site-packages/airflow/example_dags/example_sensor_decorator.py
[2024-08-16T13:45:12.402+0000] {logging_mixin.py:190} INFO - [2024-08-16T13:45:12.401+0000] {dag.py:3211} INFO - Sync 1 DAGs
[2024-08-16T13:45:12.423+0000] {logging_mixin.py:190} INFO - [2024-08-16T13:45:12.423+0000] {dag.py:4138} INFO - Setting next_dagrun for example_sensor_decorator to None, run_after=None
[2024-08-16T13:45:12.451+0000] {processor.py:208} INFO - Processing /home/airflow/.local/lib/python3.12/site-packages/airflow/example_dags/example_sensor_decorator.py took 0.146 seconds
[2024-08-16T13:45:42.964+0000] {processor.py:186} INFO - Started process (PID=15478) to work on /home/airflow/.local/lib/python3.12/site-packages/airflow/example_dags/example_sensor_decorator.py
[2024-08-16T13:45:42.965+0000] {processor.py:914} INFO - Processing file /home/airflow/.local/lib/python3.12/site-packages/airflow/example_dags/example_sensor_decorator.py for tasks to queue
[2024-08-16T13:45:42.967+0000] {logging_mixin.py:190} INFO - [2024-08-16T13:45:42.967+0000] {dagbag.py:587} INFO - Filling up the DagBag from /home/airflow/.local/lib/python3.12/site-packages/airflow/example_dags/example_sensor_decorator.py
[2024-08-16T13:45:42.977+0000] {processor.py:925} INFO - DAG(s) 'example_sensor_decorator' retrieved from /home/airflow/.local/lib/python3.12/site-packages/airflow/example_dags/example_sensor_decorator.py
[2024-08-16T13:45:43.001+0000] {logging_mixin.py:190} INFO - [2024-08-16T13:45:43.000+0000] {dag.py:3211} INFO - Sync 1 DAGs
[2024-08-16T13:45:43.019+0000] {logging_mixin.py:190} INFO - [2024-08-16T13:45:43.018+0000] {dag.py:4138} INFO - Setting next_dagrun for example_sensor_decorator to None, run_after=None
[2024-08-16T13:45:43.041+0000] {processor.py:208} INFO - Processing /home/airflow/.local/lib/python3.12/site-packages/airflow/example_dags/example_sensor_decorator.py took 0.085 seconds
[2024-08-16T13:46:14.145+0000] {processor.py:186} INFO - Started process (PID=15764) to work on /home/airflow/.local/lib/python3.12/site-packages/airflow/example_dags/example_sensor_decorator.py
[2024-08-16T13:46:14.146+0000] {processor.py:914} INFO - Processing file /home/airflow/.local/lib/python3.12/site-packages/airflow/example_dags/example_sensor_decorator.py for tasks to queue
[2024-08-16T13:46:14.149+0000] {logging_mixin.py:190} INFO - [2024-08-16T13:46:14.149+0000] {dagbag.py:587} INFO - Filling up the DagBag from /home/airflow/.local/lib/python3.12/site-packages/airflow/example_dags/example_sensor_decorator.py
[2024-08-16T13:46:14.157+0000] {processor.py:925} INFO - DAG(s) 'example_sensor_decorator' retrieved from /home/airflow/.local/lib/python3.12/site-packages/airflow/example_dags/example_sensor_decorator.py
[2024-08-16T13:46:14.182+0000] {logging_mixin.py:190} INFO - [2024-08-16T13:46:14.181+0000] {dag.py:3211} INFO - Sync 1 DAGs
[2024-08-16T13:46:14.198+0000] {logging_mixin.py:190} INFO - [2024-08-16T13:46:14.198+0000] {dag.py:4138} INFO - Setting next_dagrun for example_sensor_decorator to None, run_after=None
[2024-08-16T13:46:14.225+0000] {processor.py:208} INFO - Processing /home/airflow/.local/lib/python3.12/site-packages/airflow/example_dags/example_sensor_decorator.py took 0.087 seconds
[2024-08-16T13:46:44.554+0000] {processor.py:186} INFO - Started process (PID=16048) to work on /home/airflow/.local/lib/python3.12/site-packages/airflow/example_dags/example_sensor_decorator.py
[2024-08-16T13:46:44.556+0000] {processor.py:914} INFO - Processing file /home/airflow/.local/lib/python3.12/site-packages/airflow/example_dags/example_sensor_decorator.py for tasks to queue
[2024-08-16T13:46:44.562+0000] {logging_mixin.py:190} INFO - [2024-08-16T13:46:44.561+0000] {dagbag.py:587} INFO - Filling up the DagBag from /home/airflow/.local/lib/python3.12/site-packages/airflow/example_dags/example_sensor_decorator.py
[2024-08-16T13:46:44.587+0000] {processor.py:925} INFO - DAG(s) 'example_sensor_decorator' retrieved from /home/airflow/.local/lib/python3.12/site-packages/airflow/example_dags/example_sensor_decorator.py
[2024-08-16T13:46:44.630+0000] {logging_mixin.py:190} INFO - [2024-08-16T13:46:44.629+0000] {dag.py:3211} INFO - Sync 1 DAGs
[2024-08-16T13:46:44.657+0000] {logging_mixin.py:190} INFO - [2024-08-16T13:46:44.656+0000] {dag.py:4138} INFO - Setting next_dagrun for example_sensor_decorator to None, run_after=None
[2024-08-16T13:46:44.694+0000] {processor.py:208} INFO - Processing /home/airflow/.local/lib/python3.12/site-packages/airflow/example_dags/example_sensor_decorator.py took 0.161 seconds
[2024-08-16T13:47:14.938+0000] {processor.py:186} INFO - Started process (PID=16336) to work on /home/airflow/.local/lib/python3.12/site-packages/airflow/example_dags/example_sensor_decorator.py
[2024-08-16T13:47:14.939+0000] {processor.py:914} INFO - Processing file /home/airflow/.local/lib/python3.12/site-packages/airflow/example_dags/example_sensor_decorator.py for tasks to queue
[2024-08-16T13:47:14.942+0000] {logging_mixin.py:190} INFO - [2024-08-16T13:47:14.942+0000] {dagbag.py:587} INFO - Filling up the DagBag from /home/airflow/.local/lib/python3.12/site-packages/airflow/example_dags/example_sensor_decorator.py
[2024-08-16T13:47:14.952+0000] {processor.py:925} INFO - DAG(s) 'example_sensor_decorator' retrieved from /home/airflow/.local/lib/python3.12/site-packages/airflow/example_dags/example_sensor_decorator.py
[2024-08-16T13:47:14.977+0000] {logging_mixin.py:190} INFO - [2024-08-16T13:47:14.977+0000] {dag.py:3211} INFO - Sync 1 DAGs
[2024-08-16T13:47:14.996+0000] {logging_mixin.py:190} INFO - [2024-08-16T13:47:14.996+0000] {dag.py:4138} INFO - Setting next_dagrun for example_sensor_decorator to None, run_after=None
[2024-08-16T13:47:15.025+0000] {processor.py:208} INFO - Processing /home/airflow/.local/lib/python3.12/site-packages/airflow/example_dags/example_sensor_decorator.py took 0.093 seconds
[2024-08-16T13:47:45.664+0000] {processor.py:186} INFO - Started process (PID=16622) to work on /home/airflow/.local/lib/python3.12/site-packages/airflow/example_dags/example_sensor_decorator.py
[2024-08-16T13:47:45.667+0000] {processor.py:914} INFO - Processing file /home/airflow/.local/lib/python3.12/site-packages/airflow/example_dags/example_sensor_decorator.py for tasks to queue
[2024-08-16T13:47:45.673+0000] {logging_mixin.py:190} INFO - [2024-08-16T13:47:45.673+0000] {dagbag.py:587} INFO - Filling up the DagBag from /home/airflow/.local/lib/python3.12/site-packages/airflow/example_dags/example_sensor_decorator.py
[2024-08-16T13:47:45.684+0000] {processor.py:925} INFO - DAG(s) 'example_sensor_decorator' retrieved from /home/airflow/.local/lib/python3.12/site-packages/airflow/example_dags/example_sensor_decorator.py
[2024-08-16T13:47:45.712+0000] {logging_mixin.py:190} INFO - [2024-08-16T13:47:45.712+0000] {dag.py:3211} INFO - Sync 1 DAGs
[2024-08-16T13:47:45.730+0000] {logging_mixin.py:190} INFO - [2024-08-16T13:47:45.730+0000] {dag.py:4138} INFO - Setting next_dagrun for example_sensor_decorator to None, run_after=None
[2024-08-16T13:47:45.750+0000] {processor.py:208} INFO - Processing /home/airflow/.local/lib/python3.12/site-packages/airflow/example_dags/example_sensor_decorator.py took 0.095 seconds
[2024-08-16T13:48:15.960+0000] {processor.py:186} INFO - Started process (PID=16908) to work on /home/airflow/.local/lib/python3.12/site-packages/airflow/example_dags/example_sensor_decorator.py
[2024-08-16T13:48:15.962+0000] {processor.py:914} INFO - Processing file /home/airflow/.local/lib/python3.12/site-packages/airflow/example_dags/example_sensor_decorator.py for tasks to queue
[2024-08-16T13:48:15.964+0000] {logging_mixin.py:190} INFO - [2024-08-16T13:48:15.964+0000] {dagbag.py:587} INFO - Filling up the DagBag from /home/airflow/.local/lib/python3.12/site-packages/airflow/example_dags/example_sensor_decorator.py
[2024-08-16T13:48:15.974+0000] {processor.py:925} INFO - DAG(s) 'example_sensor_decorator' retrieved from /home/airflow/.local/lib/python3.12/site-packages/airflow/example_dags/example_sensor_decorator.py
[2024-08-16T13:48:15.996+0000] {logging_mixin.py:190} INFO - [2024-08-16T13:48:15.996+0000] {dag.py:3211} INFO - Sync 1 DAGs
[2024-08-16T13:48:16.011+0000] {logging_mixin.py:190} INFO - [2024-08-16T13:48:16.011+0000] {dag.py:4138} INFO - Setting next_dagrun for example_sensor_decorator to None, run_after=None
[2024-08-16T13:48:16.037+0000] {processor.py:208} INFO - Processing /home/airflow/.local/lib/python3.12/site-packages/airflow/example_dags/example_sensor_decorator.py took 0.084 seconds
[2024-08-16T13:48:46.772+0000] {processor.py:186} INFO - Started process (PID=17195) to work on /home/airflow/.local/lib/python3.12/site-packages/airflow/example_dags/example_sensor_decorator.py
[2024-08-16T13:48:46.773+0000] {processor.py:914} INFO - Processing file /home/airflow/.local/lib/python3.12/site-packages/airflow/example_dags/example_sensor_decorator.py for tasks to queue
[2024-08-16T13:48:46.776+0000] {logging_mixin.py:190} INFO - [2024-08-16T13:48:46.775+0000] {dagbag.py:587} INFO - Filling up the DagBag from /home/airflow/.local/lib/python3.12/site-packages/airflow/example_dags/example_sensor_decorator.py
[2024-08-16T13:48:46.786+0000] {processor.py:925} INFO - DAG(s) 'example_sensor_decorator' retrieved from /home/airflow/.local/lib/python3.12/site-packages/airflow/example_dags/example_sensor_decorator.py
[2024-08-16T13:48:46.807+0000] {logging_mixin.py:190} INFO - [2024-08-16T13:48:46.807+0000] {dag.py:3211} INFO - Sync 1 DAGs
[2024-08-16T13:48:46.824+0000] {logging_mixin.py:190} INFO - [2024-08-16T13:48:46.824+0000] {dag.py:4138} INFO - Setting next_dagrun for example_sensor_decorator to None, run_after=None
[2024-08-16T13:48:46.858+0000] {processor.py:208} INFO - Processing /home/airflow/.local/lib/python3.12/site-packages/airflow/example_dags/example_sensor_decorator.py took 0.092 seconds
[2024-08-16T13:49:17.513+0000] {processor.py:186} INFO - Started process (PID=17479) to work on /home/airflow/.local/lib/python3.12/site-packages/airflow/example_dags/example_sensor_decorator.py
[2024-08-16T13:49:17.515+0000] {processor.py:914} INFO - Processing file /home/airflow/.local/lib/python3.12/site-packages/airflow/example_dags/example_sensor_decorator.py for tasks to queue
[2024-08-16T13:49:17.519+0000] {logging_mixin.py:190} INFO - [2024-08-16T13:49:17.518+0000] {dagbag.py:587} INFO - Filling up the DagBag from /home/airflow/.local/lib/python3.12/site-packages/airflow/example_dags/example_sensor_decorator.py
[2024-08-16T13:49:17.535+0000] {processor.py:925} INFO - DAG(s) 'example_sensor_decorator' retrieved from /home/airflow/.local/lib/python3.12/site-packages/airflow/example_dags/example_sensor_decorator.py
[2024-08-16T13:49:17.565+0000] {logging_mixin.py:190} INFO - [2024-08-16T13:49:17.565+0000] {dag.py:3211} INFO - Sync 1 DAGs
[2024-08-16T13:49:17.590+0000] {logging_mixin.py:190} INFO - [2024-08-16T13:49:17.590+0000] {dag.py:4138} INFO - Setting next_dagrun for example_sensor_decorator to None, run_after=None
[2024-08-16T13:49:17.619+0000] {processor.py:208} INFO - Processing /home/airflow/.local/lib/python3.12/site-packages/airflow/example_dags/example_sensor_decorator.py took 0.115 seconds
[2024-08-16T13:49:48.042+0000] {processor.py:186} INFO - Started process (PID=17771) to work on /home/airflow/.local/lib/python3.12/site-packages/airflow/example_dags/example_sensor_decorator.py
[2024-08-16T13:49:48.046+0000] {processor.py:914} INFO - Processing file /home/airflow/.local/lib/python3.12/site-packages/airflow/example_dags/example_sensor_decorator.py for tasks to queue
[2024-08-16T13:49:48.049+0000] {logging_mixin.py:190} INFO - [2024-08-16T13:49:48.049+0000] {dagbag.py:587} INFO - Filling up the DagBag from /home/airflow/.local/lib/python3.12/site-packages/airflow/example_dags/example_sensor_decorator.py
[2024-08-16T13:49:48.057+0000] {processor.py:925} INFO - DAG(s) 'example_sensor_decorator' retrieved from /home/airflow/.local/lib/python3.12/site-packages/airflow/example_dags/example_sensor_decorator.py
[2024-08-16T13:49:48.081+0000] {logging_mixin.py:190} INFO - [2024-08-16T13:49:48.081+0000] {dag.py:3211} INFO - Sync 1 DAGs
[2024-08-16T13:49:48.100+0000] {logging_mixin.py:190} INFO - [2024-08-16T13:49:48.100+0000] {dag.py:4138} INFO - Setting next_dagrun for example_sensor_decorator to None, run_after=None
[2024-08-16T13:49:48.122+0000] {processor.py:208} INFO - Processing /home/airflow/.local/lib/python3.12/site-packages/airflow/example_dags/example_sensor_decorator.py took 0.087 seconds
[2024-08-16T13:50:20.269+0000] {processor.py:186} INFO - Started process (PID=18057) to work on /home/airflow/.local/lib/python3.12/site-packages/airflow/example_dags/example_sensor_decorator.py
[2024-08-16T13:50:20.270+0000] {processor.py:914} INFO - Processing file /home/airflow/.local/lib/python3.12/site-packages/airflow/example_dags/example_sensor_decorator.py for tasks to queue
[2024-08-16T13:50:20.273+0000] {logging_mixin.py:190} INFO - [2024-08-16T13:50:20.272+0000] {dagbag.py:587} INFO - Filling up the DagBag from /home/airflow/.local/lib/python3.12/site-packages/airflow/example_dags/example_sensor_decorator.py
[2024-08-16T13:50:20.282+0000] {processor.py:925} INFO - DAG(s) 'example_sensor_decorator' retrieved from /home/airflow/.local/lib/python3.12/site-packages/airflow/example_dags/example_sensor_decorator.py
[2024-08-16T13:50:20.304+0000] {logging_mixin.py:190} INFO - [2024-08-16T13:50:20.304+0000] {dag.py:3211} INFO - Sync 1 DAGs
[2024-08-16T13:50:20.322+0000] {logging_mixin.py:190} INFO - [2024-08-16T13:50:20.322+0000] {dag.py:4138} INFO - Setting next_dagrun for example_sensor_decorator to None, run_after=None
[2024-08-16T13:50:20.558+0000] {processor.py:208} INFO - Processing /home/airflow/.local/lib/python3.12/site-packages/airflow/example_dags/example_sensor_decorator.py took 0.296 seconds
