[2024-08-16T13:18:43.761+0000] {processor.py:186} INFO - Started process (PID=284) to work on /home/airflow/.local/lib/python3.12/site-packages/airflow/example_dags/example_xcom.py
[2024-08-16T13:18:43.768+0000] {processor.py:914} INFO - Processing file /home/airflow/.local/lib/python3.12/site-packages/airflow/example_dags/example_xcom.py for tasks to queue
[2024-08-16T13:18:43.771+0000] {logging_mixin.py:190} INFO - [2024-08-16T13:18:43.771+0000] {dagbag.py:587} INFO - Filling up the DagBag from /home/airflow/.local/lib/python3.12/site-packages/airflow/example_dags/example_xcom.py
[2024-08-16T13:18:43.787+0000] {processor.py:925} INFO - DAG(s) 'example_xcom' retrieved from /home/airflow/.local/lib/python3.12/site-packages/airflow/example_dags/example_xcom.py
[2024-08-16T13:18:43.959+0000] {logging_mixin.py:190} INFO - [2024-08-16T13:18:43.958+0000] {override.py:1858} INFO - Created Permission View: can read on DAG:example_xcom
[2024-08-16T13:18:43.978+0000] {logging_mixin.py:190} INFO - [2024-08-16T13:18:43.978+0000] {override.py:1858} INFO - Created Permission View: can edit on DAG:example_xcom
[2024-08-16T13:18:43.997+0000] {logging_mixin.py:190} INFO - [2024-08-16T13:18:43.996+0000] {override.py:1858} INFO - Created Permission View: can delete on DAG:example_xcom
[2024-08-16T13:18:43.998+0000] {logging_mixin.py:190} INFO - [2024-08-16T13:18:43.997+0000] {dag.py:3211} INFO - Sync 1 DAGs
[2024-08-16T13:18:44.011+0000] {logging_mixin.py:190} INFO - [2024-08-16T13:18:44.011+0000] {dag.py:3234} INFO - Creating ORM DAG for example_xcom
[2024-08-16T13:18:44.022+0000] {logging_mixin.py:190} INFO - [2024-08-16T13:18:44.022+0000] {dag.py:4138} INFO - Setting next_dagrun for example_xcom to 2021-01-01 00:00:00+00:00, run_after=2021-01-01 00:00:00+00:00
[2024-08-16T13:18:44.042+0000] {processor.py:208} INFO - Processing /home/airflow/.local/lib/python3.12/site-packages/airflow/example_dags/example_xcom.py took 0.287 seconds
[2024-08-16T13:19:14.185+0000] {processor.py:186} INFO - Started process (PID=572) to work on /home/airflow/.local/lib/python3.12/site-packages/airflow/example_dags/example_xcom.py
[2024-08-16T13:19:14.186+0000] {processor.py:914} INFO - Processing file /home/airflow/.local/lib/python3.12/site-packages/airflow/example_dags/example_xcom.py for tasks to queue
[2024-08-16T13:19:14.188+0000] {logging_mixin.py:190} INFO - [2024-08-16T13:19:14.188+0000] {dagbag.py:587} INFO - Filling up the DagBag from /home/airflow/.local/lib/python3.12/site-packages/airflow/example_dags/example_xcom.py
[2024-08-16T13:19:14.198+0000] {processor.py:925} INFO - DAG(s) 'example_xcom' retrieved from /home/airflow/.local/lib/python3.12/site-packages/airflow/example_dags/example_xcom.py
[2024-08-16T13:19:14.223+0000] {logging_mixin.py:190} INFO - [2024-08-16T13:19:14.223+0000] {dag.py:3211} INFO - Sync 1 DAGs
[2024-08-16T13:19:14.247+0000] {logging_mixin.py:190} INFO - [2024-08-16T13:19:14.246+0000] {dag.py:4138} INFO - Setting next_dagrun for example_xcom to 2021-01-01 00:00:00+00:00, run_after=2021-01-01 00:00:00+00:00
[2024-08-16T13:19:14.268+0000] {processor.py:208} INFO - Processing /home/airflow/.local/lib/python3.12/site-packages/airflow/example_dags/example_xcom.py took 0.090 seconds
[2024-08-16T13:19:44.549+0000] {processor.py:186} INFO - Started process (PID=858) to work on /home/airflow/.local/lib/python3.12/site-packages/airflow/example_dags/example_xcom.py
[2024-08-16T13:19:44.550+0000] {processor.py:914} INFO - Processing file /home/airflow/.local/lib/python3.12/site-packages/airflow/example_dags/example_xcom.py for tasks to queue
[2024-08-16T13:19:44.552+0000] {logging_mixin.py:190} INFO - [2024-08-16T13:19:44.552+0000] {dagbag.py:587} INFO - Filling up the DagBag from /home/airflow/.local/lib/python3.12/site-packages/airflow/example_dags/example_xcom.py
[2024-08-16T13:19:44.561+0000] {processor.py:925} INFO - DAG(s) 'example_xcom' retrieved from /home/airflow/.local/lib/python3.12/site-packages/airflow/example_dags/example_xcom.py
[2024-08-16T13:19:44.584+0000] {logging_mixin.py:190} INFO - [2024-08-16T13:19:44.584+0000] {dag.py:3211} INFO - Sync 1 DAGs
[2024-08-16T13:19:44.609+0000] {logging_mixin.py:190} INFO - [2024-08-16T13:19:44.608+0000] {dag.py:4138} INFO - Setting next_dagrun for example_xcom to 2021-01-01 00:00:00+00:00, run_after=2021-01-01 00:00:00+00:00
[2024-08-16T13:19:44.630+0000] {processor.py:208} INFO - Processing /home/airflow/.local/lib/python3.12/site-packages/airflow/example_dags/example_xcom.py took 0.088 seconds
[2024-08-16T13:20:15.465+0000] {processor.py:186} INFO - Started process (PID=1147) to work on /home/airflow/.local/lib/python3.12/site-packages/airflow/example_dags/example_xcom.py
[2024-08-16T13:20:15.466+0000] {processor.py:914} INFO - Processing file /home/airflow/.local/lib/python3.12/site-packages/airflow/example_dags/example_xcom.py for tasks to queue
[2024-08-16T13:20:15.468+0000] {logging_mixin.py:190} INFO - [2024-08-16T13:20:15.468+0000] {dagbag.py:587} INFO - Filling up the DagBag from /home/airflow/.local/lib/python3.12/site-packages/airflow/example_dags/example_xcom.py
[2024-08-16T13:20:15.477+0000] {processor.py:925} INFO - DAG(s) 'example_xcom' retrieved from /home/airflow/.local/lib/python3.12/site-packages/airflow/example_dags/example_xcom.py
[2024-08-16T13:20:15.500+0000] {logging_mixin.py:190} INFO - [2024-08-16T13:20:15.500+0000] {dag.py:3211} INFO - Sync 1 DAGs
[2024-08-16T13:20:15.524+0000] {logging_mixin.py:190} INFO - [2024-08-16T13:20:15.524+0000] {dag.py:4138} INFO - Setting next_dagrun for example_xcom to 2021-01-01 00:00:00+00:00, run_after=2021-01-01 00:00:00+00:00
[2024-08-16T13:20:15.542+0000] {processor.py:208} INFO - Processing /home/airflow/.local/lib/python3.12/site-packages/airflow/example_dags/example_xcom.py took 0.084 seconds
[2024-08-16T13:20:45.921+0000] {processor.py:186} INFO - Started process (PID=1436) to work on /home/airflow/.local/lib/python3.12/site-packages/airflow/example_dags/example_xcom.py
[2024-08-16T13:20:45.922+0000] {processor.py:914} INFO - Processing file /home/airflow/.local/lib/python3.12/site-packages/airflow/example_dags/example_xcom.py for tasks to queue
[2024-08-16T13:20:45.924+0000] {logging_mixin.py:190} INFO - [2024-08-16T13:20:45.924+0000] {dagbag.py:587} INFO - Filling up the DagBag from /home/airflow/.local/lib/python3.12/site-packages/airflow/example_dags/example_xcom.py
[2024-08-16T13:20:45.934+0000] {processor.py:925} INFO - DAG(s) 'example_xcom' retrieved from /home/airflow/.local/lib/python3.12/site-packages/airflow/example_dags/example_xcom.py
[2024-08-16T13:20:45.957+0000] {logging_mixin.py:190} INFO - [2024-08-16T13:20:45.957+0000] {dag.py:3211} INFO - Sync 1 DAGs
[2024-08-16T13:20:45.991+0000] {logging_mixin.py:190} INFO - [2024-08-16T13:20:45.990+0000] {dag.py:4138} INFO - Setting next_dagrun for example_xcom to 2021-01-01 00:00:00+00:00, run_after=2021-01-01 00:00:00+00:00
[2024-08-16T13:20:46.019+0000] {processor.py:208} INFO - Processing /home/airflow/.local/lib/python3.12/site-packages/airflow/example_dags/example_xcom.py took 0.105 seconds
[2024-08-16T13:21:16.322+0000] {processor.py:186} INFO - Started process (PID=1722) to work on /home/airflow/.local/lib/python3.12/site-packages/airflow/example_dags/example_xcom.py
[2024-08-16T13:21:16.324+0000] {processor.py:914} INFO - Processing file /home/airflow/.local/lib/python3.12/site-packages/airflow/example_dags/example_xcom.py for tasks to queue
[2024-08-16T13:21:16.327+0000] {logging_mixin.py:190} INFO - [2024-08-16T13:21:16.326+0000] {dagbag.py:587} INFO - Filling up the DagBag from /home/airflow/.local/lib/python3.12/site-packages/airflow/example_dags/example_xcom.py
[2024-08-16T13:21:16.337+0000] {processor.py:925} INFO - DAG(s) 'example_xcom' retrieved from /home/airflow/.local/lib/python3.12/site-packages/airflow/example_dags/example_xcom.py
[2024-08-16T13:21:16.360+0000] {logging_mixin.py:190} INFO - [2024-08-16T13:21:16.360+0000] {dag.py:3211} INFO - Sync 1 DAGs
[2024-08-16T13:21:16.386+0000] {logging_mixin.py:190} INFO - [2024-08-16T13:21:16.386+0000] {dag.py:4138} INFO - Setting next_dagrun for example_xcom to 2021-01-01 00:00:00+00:00, run_after=2021-01-01 00:00:00+00:00
[2024-08-16T13:21:16.410+0000] {processor.py:208} INFO - Processing /home/airflow/.local/lib/python3.12/site-packages/airflow/example_dags/example_xcom.py took 0.095 seconds
[2024-08-16T13:21:47.657+0000] {processor.py:186} INFO - Started process (PID=2008) to work on /home/airflow/.local/lib/python3.12/site-packages/airflow/example_dags/example_xcom.py
[2024-08-16T13:21:47.658+0000] {processor.py:914} INFO - Processing file /home/airflow/.local/lib/python3.12/site-packages/airflow/example_dags/example_xcom.py for tasks to queue
[2024-08-16T13:21:47.660+0000] {logging_mixin.py:190} INFO - [2024-08-16T13:21:47.660+0000] {dagbag.py:587} INFO - Filling up the DagBag from /home/airflow/.local/lib/python3.12/site-packages/airflow/example_dags/example_xcom.py
[2024-08-16T13:21:47.670+0000] {processor.py:925} INFO - DAG(s) 'example_xcom' retrieved from /home/airflow/.local/lib/python3.12/site-packages/airflow/example_dags/example_xcom.py
[2024-08-16T13:21:47.691+0000] {logging_mixin.py:190} INFO - [2024-08-16T13:21:47.691+0000] {dag.py:3211} INFO - Sync 1 DAGs
[2024-08-16T13:21:47.717+0000] {logging_mixin.py:190} INFO - [2024-08-16T13:21:47.717+0000] {dag.py:4138} INFO - Setting next_dagrun for example_xcom to 2021-01-01 00:00:00+00:00, run_after=2021-01-01 00:00:00+00:00
[2024-08-16T13:21:47.738+0000] {processor.py:208} INFO - Processing /home/airflow/.local/lib/python3.12/site-packages/airflow/example_dags/example_xcom.py took 0.088 seconds
[2024-08-16T13:22:18.197+0000] {processor.py:186} INFO - Started process (PID=2294) to work on /home/airflow/.local/lib/python3.12/site-packages/airflow/example_dags/example_xcom.py
[2024-08-16T13:22:18.198+0000] {processor.py:914} INFO - Processing file /home/airflow/.local/lib/python3.12/site-packages/airflow/example_dags/example_xcom.py for tasks to queue
[2024-08-16T13:22:18.201+0000] {logging_mixin.py:190} INFO - [2024-08-16T13:22:18.201+0000] {dagbag.py:587} INFO - Filling up the DagBag from /home/airflow/.local/lib/python3.12/site-packages/airflow/example_dags/example_xcom.py
[2024-08-16T13:22:18.210+0000] {processor.py:925} INFO - DAG(s) 'example_xcom' retrieved from /home/airflow/.local/lib/python3.12/site-packages/airflow/example_dags/example_xcom.py
[2024-08-16T13:22:18.232+0000] {logging_mixin.py:190} INFO - [2024-08-16T13:22:18.232+0000] {dag.py:3211} INFO - Sync 1 DAGs
[2024-08-16T13:22:18.256+0000] {logging_mixin.py:190} INFO - [2024-08-16T13:22:18.256+0000] {dag.py:4138} INFO - Setting next_dagrun for example_xcom to 2021-01-01 00:00:00+00:00, run_after=2021-01-01 00:00:00+00:00
[2024-08-16T13:22:18.277+0000] {processor.py:208} INFO - Processing /home/airflow/.local/lib/python3.12/site-packages/airflow/example_dags/example_xcom.py took 0.086 seconds
[2024-08-16T13:22:48.405+0000] {processor.py:186} INFO - Started process (PID=2580) to work on /home/airflow/.local/lib/python3.12/site-packages/airflow/example_dags/example_xcom.py
[2024-08-16T13:22:48.406+0000] {processor.py:914} INFO - Processing file /home/airflow/.local/lib/python3.12/site-packages/airflow/example_dags/example_xcom.py for tasks to queue
[2024-08-16T13:22:48.410+0000] {logging_mixin.py:190} INFO - [2024-08-16T13:22:48.409+0000] {dagbag.py:587} INFO - Filling up the DagBag from /home/airflow/.local/lib/python3.12/site-packages/airflow/example_dags/example_xcom.py
[2024-08-16T13:22:48.425+0000] {processor.py:925} INFO - DAG(s) 'example_xcom' retrieved from /home/airflow/.local/lib/python3.12/site-packages/airflow/example_dags/example_xcom.py
[2024-08-16T13:22:48.458+0000] {logging_mixin.py:190} INFO - [2024-08-16T13:22:48.458+0000] {dag.py:3211} INFO - Sync 1 DAGs
[2024-08-16T13:22:48.492+0000] {logging_mixin.py:190} INFO - [2024-08-16T13:22:48.491+0000] {dag.py:4138} INFO - Setting next_dagrun for example_xcom to 2021-01-01 00:00:00+00:00, run_after=2021-01-01 00:00:00+00:00
[2024-08-16T13:22:48.514+0000] {processor.py:208} INFO - Processing /home/airflow/.local/lib/python3.12/site-packages/airflow/example_dags/example_xcom.py took 0.116 seconds
[2024-08-16T13:23:18.835+0000] {processor.py:186} INFO - Started process (PID=2866) to work on /home/airflow/.local/lib/python3.12/site-packages/airflow/example_dags/example_xcom.py
[2024-08-16T13:23:18.836+0000] {processor.py:914} INFO - Processing file /home/airflow/.local/lib/python3.12/site-packages/airflow/example_dags/example_xcom.py for tasks to queue
[2024-08-16T13:23:18.838+0000] {logging_mixin.py:190} INFO - [2024-08-16T13:23:18.838+0000] {dagbag.py:587} INFO - Filling up the DagBag from /home/airflow/.local/lib/python3.12/site-packages/airflow/example_dags/example_xcom.py
[2024-08-16T13:23:18.848+0000] {processor.py:925} INFO - DAG(s) 'example_xcom' retrieved from /home/airflow/.local/lib/python3.12/site-packages/airflow/example_dags/example_xcom.py
[2024-08-16T13:23:18.870+0000] {logging_mixin.py:190} INFO - [2024-08-16T13:23:18.870+0000] {dag.py:3211} INFO - Sync 1 DAGs
[2024-08-16T13:23:18.896+0000] {logging_mixin.py:190} INFO - [2024-08-16T13:23:18.895+0000] {dag.py:4138} INFO - Setting next_dagrun for example_xcom to 2021-01-01 00:00:00+00:00, run_after=2021-01-01 00:00:00+00:00
[2024-08-16T13:23:18.919+0000] {processor.py:208} INFO - Processing /home/airflow/.local/lib/python3.12/site-packages/airflow/example_dags/example_xcom.py took 0.090 seconds
[2024-08-16T13:23:49.146+0000] {processor.py:186} INFO - Started process (PID=3152) to work on /home/airflow/.local/lib/python3.12/site-packages/airflow/example_dags/example_xcom.py
[2024-08-16T13:23:49.147+0000] {processor.py:914} INFO - Processing file /home/airflow/.local/lib/python3.12/site-packages/airflow/example_dags/example_xcom.py for tasks to queue
[2024-08-16T13:23:49.149+0000] {logging_mixin.py:190} INFO - [2024-08-16T13:23:49.149+0000] {dagbag.py:587} INFO - Filling up the DagBag from /home/airflow/.local/lib/python3.12/site-packages/airflow/example_dags/example_xcom.py
[2024-08-16T13:23:49.159+0000] {processor.py:925} INFO - DAG(s) 'example_xcom' retrieved from /home/airflow/.local/lib/python3.12/site-packages/airflow/example_dags/example_xcom.py
[2024-08-16T13:23:49.181+0000] {logging_mixin.py:190} INFO - [2024-08-16T13:23:49.181+0000] {dag.py:3211} INFO - Sync 1 DAGs
[2024-08-16T13:23:49.209+0000] {logging_mixin.py:190} INFO - [2024-08-16T13:23:49.208+0000] {dag.py:4138} INFO - Setting next_dagrun for example_xcom to 2021-01-01 00:00:00+00:00, run_after=2021-01-01 00:00:00+00:00
[2024-08-16T13:23:49.230+0000] {processor.py:208} INFO - Processing /home/airflow/.local/lib/python3.12/site-packages/airflow/example_dags/example_xcom.py took 0.094 seconds
[2024-08-16T13:24:19.444+0000] {processor.py:186} INFO - Started process (PID=3438) to work on /home/airflow/.local/lib/python3.12/site-packages/airflow/example_dags/example_xcom.py
[2024-08-16T13:24:19.445+0000] {processor.py:914} INFO - Processing file /home/airflow/.local/lib/python3.12/site-packages/airflow/example_dags/example_xcom.py for tasks to queue
[2024-08-16T13:24:19.448+0000] {logging_mixin.py:190} INFO - [2024-08-16T13:24:19.448+0000] {dagbag.py:587} INFO - Filling up the DagBag from /home/airflow/.local/lib/python3.12/site-packages/airflow/example_dags/example_xcom.py
[2024-08-16T13:24:19.459+0000] {processor.py:925} INFO - DAG(s) 'example_xcom' retrieved from /home/airflow/.local/lib/python3.12/site-packages/airflow/example_dags/example_xcom.py
[2024-08-16T13:24:19.481+0000] {logging_mixin.py:190} INFO - [2024-08-16T13:24:19.481+0000] {dag.py:3211} INFO - Sync 1 DAGs
[2024-08-16T13:24:19.506+0000] {logging_mixin.py:190} INFO - [2024-08-16T13:24:19.506+0000] {dag.py:4138} INFO - Setting next_dagrun for example_xcom to 2021-01-01 00:00:00+00:00, run_after=2021-01-01 00:00:00+00:00
[2024-08-16T13:24:19.527+0000] {processor.py:208} INFO - Processing /home/airflow/.local/lib/python3.12/site-packages/airflow/example_dags/example_xcom.py took 0.091 seconds
[2024-08-16T13:24:49.632+0000] {processor.py:186} INFO - Started process (PID=3722) to work on /home/airflow/.local/lib/python3.12/site-packages/airflow/example_dags/example_xcom.py
[2024-08-16T13:24:49.633+0000] {processor.py:914} INFO - Processing file /home/airflow/.local/lib/python3.12/site-packages/airflow/example_dags/example_xcom.py for tasks to queue
[2024-08-16T13:24:49.635+0000] {logging_mixin.py:190} INFO - [2024-08-16T13:24:49.635+0000] {dagbag.py:587} INFO - Filling up the DagBag from /home/airflow/.local/lib/python3.12/site-packages/airflow/example_dags/example_xcom.py
[2024-08-16T13:24:49.645+0000] {processor.py:925} INFO - DAG(s) 'example_xcom' retrieved from /home/airflow/.local/lib/python3.12/site-packages/airflow/example_dags/example_xcom.py
[2024-08-16T13:24:49.668+0000] {logging_mixin.py:190} INFO - [2024-08-16T13:24:49.668+0000] {dag.py:3211} INFO - Sync 1 DAGs
[2024-08-16T13:24:49.695+0000] {logging_mixin.py:190} INFO - [2024-08-16T13:24:49.694+0000] {dag.py:4138} INFO - Setting next_dagrun for example_xcom to 2021-01-01 00:00:00+00:00, run_after=2021-01-01 00:00:00+00:00
[2024-08-16T13:24:49.713+0000] {processor.py:208} INFO - Processing /home/airflow/.local/lib/python3.12/site-packages/airflow/example_dags/example_xcom.py took 0.087 seconds
[2024-08-16T13:25:19.874+0000] {processor.py:186} INFO - Started process (PID=4008) to work on /home/airflow/.local/lib/python3.12/site-packages/airflow/example_dags/example_xcom.py
[2024-08-16T13:25:19.875+0000] {processor.py:914} INFO - Processing file /home/airflow/.local/lib/python3.12/site-packages/airflow/example_dags/example_xcom.py for tasks to queue
[2024-08-16T13:25:19.878+0000] {logging_mixin.py:190} INFO - [2024-08-16T13:25:19.877+0000] {dagbag.py:587} INFO - Filling up the DagBag from /home/airflow/.local/lib/python3.12/site-packages/airflow/example_dags/example_xcom.py
[2024-08-16T13:25:19.887+0000] {processor.py:925} INFO - DAG(s) 'example_xcom' retrieved from /home/airflow/.local/lib/python3.12/site-packages/airflow/example_dags/example_xcom.py
[2024-08-16T13:25:19.911+0000] {logging_mixin.py:190} INFO - [2024-08-16T13:25:19.910+0000] {dag.py:3211} INFO - Sync 1 DAGs
[2024-08-16T13:25:19.934+0000] {logging_mixin.py:190} INFO - [2024-08-16T13:25:19.934+0000] {dag.py:4138} INFO - Setting next_dagrun for example_xcom to 2021-01-01 00:00:00+00:00, run_after=2021-01-01 00:00:00+00:00
[2024-08-16T13:25:19.959+0000] {processor.py:208} INFO - Processing /home/airflow/.local/lib/python3.12/site-packages/airflow/example_dags/example_xcom.py took 0.092 seconds
[2024-08-16T13:25:50.388+0000] {processor.py:186} INFO - Started process (PID=4294) to work on /home/airflow/.local/lib/python3.12/site-packages/airflow/example_dags/example_xcom.py
[2024-08-16T13:25:50.389+0000] {processor.py:914} INFO - Processing file /home/airflow/.local/lib/python3.12/site-packages/airflow/example_dags/example_xcom.py for tasks to queue
[2024-08-16T13:25:50.391+0000] {logging_mixin.py:190} INFO - [2024-08-16T13:25:50.391+0000] {dagbag.py:587} INFO - Filling up the DagBag from /home/airflow/.local/lib/python3.12/site-packages/airflow/example_dags/example_xcom.py
[2024-08-16T13:25:50.400+0000] {processor.py:925} INFO - DAG(s) 'example_xcom' retrieved from /home/airflow/.local/lib/python3.12/site-packages/airflow/example_dags/example_xcom.py
[2024-08-16T13:25:50.425+0000] {logging_mixin.py:190} INFO - [2024-08-16T13:25:50.425+0000] {dag.py:3211} INFO - Sync 1 DAGs
[2024-08-16T13:25:50.451+0000] {logging_mixin.py:190} INFO - [2024-08-16T13:25:50.451+0000] {dag.py:4138} INFO - Setting next_dagrun for example_xcom to 2021-01-01 00:00:00+00:00, run_after=2021-01-01 00:00:00+00:00
[2024-08-16T13:25:50.472+0000] {processor.py:208} INFO - Processing /home/airflow/.local/lib/python3.12/site-packages/airflow/example_dags/example_xcom.py took 0.091 seconds
[2024-08-16T13:26:20.755+0000] {processor.py:186} INFO - Started process (PID=4580) to work on /home/airflow/.local/lib/python3.12/site-packages/airflow/example_dags/example_xcom.py
[2024-08-16T13:26:20.756+0000] {processor.py:914} INFO - Processing file /home/airflow/.local/lib/python3.12/site-packages/airflow/example_dags/example_xcom.py for tasks to queue
[2024-08-16T13:26:20.759+0000] {logging_mixin.py:190} INFO - [2024-08-16T13:26:20.758+0000] {dagbag.py:587} INFO - Filling up the DagBag from /home/airflow/.local/lib/python3.12/site-packages/airflow/example_dags/example_xcom.py
[2024-08-16T13:26:20.769+0000] {processor.py:925} INFO - DAG(s) 'example_xcom' retrieved from /home/airflow/.local/lib/python3.12/site-packages/airflow/example_dags/example_xcom.py
[2024-08-16T13:26:20.792+0000] {logging_mixin.py:190} INFO - [2024-08-16T13:26:20.792+0000] {dag.py:3211} INFO - Sync 1 DAGs
[2024-08-16T13:26:20.817+0000] {logging_mixin.py:190} INFO - [2024-08-16T13:26:20.816+0000] {dag.py:4138} INFO - Setting next_dagrun for example_xcom to 2021-01-01 00:00:00+00:00, run_after=2021-01-01 00:00:00+00:00
[2024-08-16T13:26:20.836+0000] {processor.py:208} INFO - Processing /home/airflow/.local/lib/python3.12/site-packages/airflow/example_dags/example_xcom.py took 0.087 seconds
[2024-08-16T13:26:51.293+0000] {processor.py:186} INFO - Started process (PID=4866) to work on /home/airflow/.local/lib/python3.12/site-packages/airflow/example_dags/example_xcom.py
[2024-08-16T13:26:51.295+0000] {processor.py:914} INFO - Processing file /home/airflow/.local/lib/python3.12/site-packages/airflow/example_dags/example_xcom.py for tasks to queue
[2024-08-16T13:26:51.298+0000] {logging_mixin.py:190} INFO - [2024-08-16T13:26:51.297+0000] {dagbag.py:587} INFO - Filling up the DagBag from /home/airflow/.local/lib/python3.12/site-packages/airflow/example_dags/example_xcom.py
[2024-08-16T13:26:51.307+0000] {processor.py:925} INFO - DAG(s) 'example_xcom' retrieved from /home/airflow/.local/lib/python3.12/site-packages/airflow/example_dags/example_xcom.py
[2024-08-16T13:26:51.333+0000] {logging_mixin.py:190} INFO - [2024-08-16T13:26:51.333+0000] {dag.py:3211} INFO - Sync 1 DAGs
[2024-08-16T13:26:51.362+0000] {logging_mixin.py:190} INFO - [2024-08-16T13:26:51.362+0000] {dag.py:4138} INFO - Setting next_dagrun for example_xcom to 2021-01-01 00:00:00+00:00, run_after=2021-01-01 00:00:00+00:00
[2024-08-16T13:26:51.381+0000] {processor.py:208} INFO - Processing /home/airflow/.local/lib/python3.12/site-packages/airflow/example_dags/example_xcom.py took 0.098 seconds
[2024-08-16T13:27:21.562+0000] {processor.py:186} INFO - Started process (PID=5150) to work on /home/airflow/.local/lib/python3.12/site-packages/airflow/example_dags/example_xcom.py
[2024-08-16T13:27:21.563+0000] {processor.py:914} INFO - Processing file /home/airflow/.local/lib/python3.12/site-packages/airflow/example_dags/example_xcom.py for tasks to queue
[2024-08-16T13:27:21.565+0000] {logging_mixin.py:190} INFO - [2024-08-16T13:27:21.565+0000] {dagbag.py:587} INFO - Filling up the DagBag from /home/airflow/.local/lib/python3.12/site-packages/airflow/example_dags/example_xcom.py
[2024-08-16T13:27:21.574+0000] {processor.py:925} INFO - DAG(s) 'example_xcom' retrieved from /home/airflow/.local/lib/python3.12/site-packages/airflow/example_dags/example_xcom.py
[2024-08-16T13:27:21.599+0000] {logging_mixin.py:190} INFO - [2024-08-16T13:27:21.598+0000] {dag.py:3211} INFO - Sync 1 DAGs
[2024-08-16T13:27:21.623+0000] {logging_mixin.py:190} INFO - [2024-08-16T13:27:21.622+0000] {dag.py:4138} INFO - Setting next_dagrun for example_xcom to 2021-01-01 00:00:00+00:00, run_after=2021-01-01 00:00:00+00:00
[2024-08-16T13:27:21.642+0000] {processor.py:208} INFO - Processing /home/airflow/.local/lib/python3.12/site-packages/airflow/example_dags/example_xcom.py took 0.089 seconds
[2024-08-16T13:27:52.084+0000] {processor.py:186} INFO - Started process (PID=5439) to work on /home/airflow/.local/lib/python3.12/site-packages/airflow/example_dags/example_xcom.py
[2024-08-16T13:27:52.086+0000] {processor.py:914} INFO - Processing file /home/airflow/.local/lib/python3.12/site-packages/airflow/example_dags/example_xcom.py for tasks to queue
[2024-08-16T13:27:52.088+0000] {logging_mixin.py:190} INFO - [2024-08-16T13:27:52.088+0000] {dagbag.py:587} INFO - Filling up the DagBag from /home/airflow/.local/lib/python3.12/site-packages/airflow/example_dags/example_xcom.py
[2024-08-16T13:27:52.102+0000] {processor.py:925} INFO - DAG(s) 'example_xcom' retrieved from /home/airflow/.local/lib/python3.12/site-packages/airflow/example_dags/example_xcom.py
[2024-08-16T13:27:52.126+0000] {logging_mixin.py:190} INFO - [2024-08-16T13:27:52.126+0000] {dag.py:3211} INFO - Sync 1 DAGs
[2024-08-16T13:27:52.149+0000] {logging_mixin.py:190} INFO - [2024-08-16T13:27:52.149+0000] {dag.py:4138} INFO - Setting next_dagrun for example_xcom to 2021-01-01 00:00:00+00:00, run_after=2021-01-01 00:00:00+00:00
[2024-08-16T13:27:52.170+0000] {processor.py:208} INFO - Processing /home/airflow/.local/lib/python3.12/site-packages/airflow/example_dags/example_xcom.py took 0.092 seconds
[2024-08-16T13:28:22.646+0000] {processor.py:186} INFO - Started process (PID=5722) to work on /home/airflow/.local/lib/python3.12/site-packages/airflow/example_dags/example_xcom.py
[2024-08-16T13:28:22.647+0000] {processor.py:914} INFO - Processing file /home/airflow/.local/lib/python3.12/site-packages/airflow/example_dags/example_xcom.py for tasks to queue
[2024-08-16T13:28:22.649+0000] {logging_mixin.py:190} INFO - [2024-08-16T13:28:22.649+0000] {dagbag.py:587} INFO - Filling up the DagBag from /home/airflow/.local/lib/python3.12/site-packages/airflow/example_dags/example_xcom.py
[2024-08-16T13:28:22.659+0000] {processor.py:925} INFO - DAG(s) 'example_xcom' retrieved from /home/airflow/.local/lib/python3.12/site-packages/airflow/example_dags/example_xcom.py
[2024-08-16T13:28:22.682+0000] {logging_mixin.py:190} INFO - [2024-08-16T13:28:22.682+0000] {dag.py:3211} INFO - Sync 1 DAGs
[2024-08-16T13:28:22.706+0000] {logging_mixin.py:190} INFO - [2024-08-16T13:28:22.706+0000] {dag.py:4138} INFO - Setting next_dagrun for example_xcom to 2021-01-01 00:00:00+00:00, run_after=2021-01-01 00:00:00+00:00
[2024-08-16T13:28:22.726+0000] {processor.py:208} INFO - Processing /home/airflow/.local/lib/python3.12/site-packages/airflow/example_dags/example_xcom.py took 0.086 seconds
[2024-08-16T13:28:53.174+0000] {processor.py:186} INFO - Started process (PID=6008) to work on /home/airflow/.local/lib/python3.12/site-packages/airflow/example_dags/example_xcom.py
[2024-08-16T13:28:53.176+0000] {processor.py:914} INFO - Processing file /home/airflow/.local/lib/python3.12/site-packages/airflow/example_dags/example_xcom.py for tasks to queue
[2024-08-16T13:28:53.178+0000] {logging_mixin.py:190} INFO - [2024-08-16T13:28:53.178+0000] {dagbag.py:587} INFO - Filling up the DagBag from /home/airflow/.local/lib/python3.12/site-packages/airflow/example_dags/example_xcom.py
[2024-08-16T13:28:53.189+0000] {processor.py:925} INFO - DAG(s) 'example_xcom' retrieved from /home/airflow/.local/lib/python3.12/site-packages/airflow/example_dags/example_xcom.py
[2024-08-16T13:28:53.212+0000] {logging_mixin.py:190} INFO - [2024-08-16T13:28:53.212+0000] {dag.py:3211} INFO - Sync 1 DAGs
[2024-08-16T13:28:53.235+0000] {logging_mixin.py:190} INFO - [2024-08-16T13:28:53.235+0000] {dag.py:4138} INFO - Setting next_dagrun for example_xcom to 2021-01-01 00:00:00+00:00, run_after=2021-01-01 00:00:00+00:00
[2024-08-16T13:28:53.257+0000] {processor.py:208} INFO - Processing /home/airflow/.local/lib/python3.12/site-packages/airflow/example_dags/example_xcom.py took 0.088 seconds
[2024-08-16T13:29:23.574+0000] {processor.py:186} INFO - Started process (PID=6294) to work on /home/airflow/.local/lib/python3.12/site-packages/airflow/example_dags/example_xcom.py
[2024-08-16T13:29:23.575+0000] {processor.py:914} INFO - Processing file /home/airflow/.local/lib/python3.12/site-packages/airflow/example_dags/example_xcom.py for tasks to queue
[2024-08-16T13:29:23.577+0000] {logging_mixin.py:190} INFO - [2024-08-16T13:29:23.577+0000] {dagbag.py:587} INFO - Filling up the DagBag from /home/airflow/.local/lib/python3.12/site-packages/airflow/example_dags/example_xcom.py
[2024-08-16T13:29:23.587+0000] {processor.py:925} INFO - DAG(s) 'example_xcom' retrieved from /home/airflow/.local/lib/python3.12/site-packages/airflow/example_dags/example_xcom.py
[2024-08-16T13:29:23.610+0000] {logging_mixin.py:190} INFO - [2024-08-16T13:29:23.609+0000] {dag.py:3211} INFO - Sync 1 DAGs
[2024-08-16T13:29:23.634+0000] {logging_mixin.py:190} INFO - [2024-08-16T13:29:23.634+0000] {dag.py:4138} INFO - Setting next_dagrun for example_xcom to 2021-01-01 00:00:00+00:00, run_after=2021-01-01 00:00:00+00:00
[2024-08-16T13:29:23.666+0000] {processor.py:208} INFO - Processing /home/airflow/.local/lib/python3.12/site-packages/airflow/example_dags/example_xcom.py took 0.099 seconds
[2024-08-16T13:29:54.219+0000] {processor.py:186} INFO - Started process (PID=6580) to work on /home/airflow/.local/lib/python3.12/site-packages/airflow/example_dags/example_xcom.py
[2024-08-16T13:29:54.220+0000] {processor.py:914} INFO - Processing file /home/airflow/.local/lib/python3.12/site-packages/airflow/example_dags/example_xcom.py for tasks to queue
[2024-08-16T13:29:54.222+0000] {logging_mixin.py:190} INFO - [2024-08-16T13:29:54.222+0000] {dagbag.py:587} INFO - Filling up the DagBag from /home/airflow/.local/lib/python3.12/site-packages/airflow/example_dags/example_xcom.py
[2024-08-16T13:29:54.232+0000] {processor.py:925} INFO - DAG(s) 'example_xcom' retrieved from /home/airflow/.local/lib/python3.12/site-packages/airflow/example_dags/example_xcom.py
[2024-08-16T13:29:54.256+0000] {logging_mixin.py:190} INFO - [2024-08-16T13:29:54.256+0000] {dag.py:3211} INFO - Sync 1 DAGs
[2024-08-16T13:29:54.280+0000] {logging_mixin.py:190} INFO - [2024-08-16T13:29:54.279+0000] {dag.py:4138} INFO - Setting next_dagrun for example_xcom to 2021-01-01 00:00:00+00:00, run_after=2021-01-01 00:00:00+00:00
[2024-08-16T13:29:54.301+0000] {processor.py:208} INFO - Processing /home/airflow/.local/lib/python3.12/site-packages/airflow/example_dags/example_xcom.py took 0.089 seconds
[2024-08-16T13:30:24.682+0000] {processor.py:186} INFO - Started process (PID=6867) to work on /home/airflow/.local/lib/python3.12/site-packages/airflow/example_dags/example_xcom.py
[2024-08-16T13:30:24.683+0000] {processor.py:914} INFO - Processing file /home/airflow/.local/lib/python3.12/site-packages/airflow/example_dags/example_xcom.py for tasks to queue
[2024-08-16T13:30:24.686+0000] {logging_mixin.py:190} INFO - [2024-08-16T13:30:24.685+0000] {dagbag.py:587} INFO - Filling up the DagBag from /home/airflow/.local/lib/python3.12/site-packages/airflow/example_dags/example_xcom.py
[2024-08-16T13:30:24.695+0000] {processor.py:925} INFO - DAG(s) 'example_xcom' retrieved from /home/airflow/.local/lib/python3.12/site-packages/airflow/example_dags/example_xcom.py
[2024-08-16T13:30:24.719+0000] {logging_mixin.py:190} INFO - [2024-08-16T13:30:24.719+0000] {dag.py:3211} INFO - Sync 1 DAGs
[2024-08-16T13:30:24.743+0000] {logging_mixin.py:190} INFO - [2024-08-16T13:30:24.742+0000] {dag.py:4138} INFO - Setting next_dagrun for example_xcom to 2021-01-01 00:00:00+00:00, run_after=2021-01-01 00:00:00+00:00
[2024-08-16T13:30:24.765+0000] {processor.py:208} INFO - Processing /home/airflow/.local/lib/python3.12/site-packages/airflow/example_dags/example_xcom.py took 0.091 seconds
[2024-08-16T13:30:55.036+0000] {processor.py:186} INFO - Started process (PID=7153) to work on /home/airflow/.local/lib/python3.12/site-packages/airflow/example_dags/example_xcom.py
[2024-08-16T13:30:55.037+0000] {processor.py:914} INFO - Processing file /home/airflow/.local/lib/python3.12/site-packages/airflow/example_dags/example_xcom.py for tasks to queue
[2024-08-16T13:30:55.040+0000] {logging_mixin.py:190} INFO - [2024-08-16T13:30:55.039+0000] {dagbag.py:587} INFO - Filling up the DagBag from /home/airflow/.local/lib/python3.12/site-packages/airflow/example_dags/example_xcom.py
[2024-08-16T13:30:55.053+0000] {processor.py:925} INFO - DAG(s) 'example_xcom' retrieved from /home/airflow/.local/lib/python3.12/site-packages/airflow/example_dags/example_xcom.py
[2024-08-16T13:30:55.077+0000] {logging_mixin.py:190} INFO - [2024-08-16T13:30:55.077+0000] {dag.py:3211} INFO - Sync 1 DAGs
[2024-08-16T13:30:55.101+0000] {logging_mixin.py:190} INFO - [2024-08-16T13:30:55.101+0000] {dag.py:4138} INFO - Setting next_dagrun for example_xcom to 2021-01-01 00:00:00+00:00, run_after=2021-01-01 00:00:00+00:00
[2024-08-16T13:30:55.120+0000] {processor.py:208} INFO - Processing /home/airflow/.local/lib/python3.12/site-packages/airflow/example_dags/example_xcom.py took 0.093 seconds
[2024-08-16T13:31:25.814+0000] {processor.py:186} INFO - Started process (PID=7439) to work on /home/airflow/.local/lib/python3.12/site-packages/airflow/example_dags/example_xcom.py
[2024-08-16T13:31:25.815+0000] {processor.py:914} INFO - Processing file /home/airflow/.local/lib/python3.12/site-packages/airflow/example_dags/example_xcom.py for tasks to queue
[2024-08-16T13:31:25.818+0000] {logging_mixin.py:190} INFO - [2024-08-16T13:31:25.818+0000] {dagbag.py:587} INFO - Filling up the DagBag from /home/airflow/.local/lib/python3.12/site-packages/airflow/example_dags/example_xcom.py
[2024-08-16T13:31:25.828+0000] {processor.py:925} INFO - DAG(s) 'example_xcom' retrieved from /home/airflow/.local/lib/python3.12/site-packages/airflow/example_dags/example_xcom.py
[2024-08-16T13:31:25.852+0000] {logging_mixin.py:190} INFO - [2024-08-16T13:31:25.852+0000] {dag.py:3211} INFO - Sync 1 DAGs
[2024-08-16T13:31:25.876+0000] {logging_mixin.py:190} INFO - [2024-08-16T13:31:25.876+0000] {dag.py:4138} INFO - Setting next_dagrun for example_xcom to 2021-01-01 00:00:00+00:00, run_after=2021-01-01 00:00:00+00:00
[2024-08-16T13:31:25.895+0000] {processor.py:208} INFO - Processing /home/airflow/.local/lib/python3.12/site-packages/airflow/example_dags/example_xcom.py took 0.087 seconds
[2024-08-16T13:31:56.395+0000] {processor.py:186} INFO - Started process (PID=7725) to work on /home/airflow/.local/lib/python3.12/site-packages/airflow/example_dags/example_xcom.py
[2024-08-16T13:31:56.396+0000] {processor.py:914} INFO - Processing file /home/airflow/.local/lib/python3.12/site-packages/airflow/example_dags/example_xcom.py for tasks to queue
[2024-08-16T13:31:56.399+0000] {logging_mixin.py:190} INFO - [2024-08-16T13:31:56.398+0000] {dagbag.py:587} INFO - Filling up the DagBag from /home/airflow/.local/lib/python3.12/site-packages/airflow/example_dags/example_xcom.py
[2024-08-16T13:31:56.409+0000] {processor.py:925} INFO - DAG(s) 'example_xcom' retrieved from /home/airflow/.local/lib/python3.12/site-packages/airflow/example_dags/example_xcom.py
[2024-08-16T13:31:56.432+0000] {logging_mixin.py:190} INFO - [2024-08-16T13:31:56.432+0000] {dag.py:3211} INFO - Sync 1 DAGs
[2024-08-16T13:31:56.458+0000] {logging_mixin.py:190} INFO - [2024-08-16T13:31:56.457+0000] {dag.py:4138} INFO - Setting next_dagrun for example_xcom to 2021-01-01 00:00:00+00:00, run_after=2021-01-01 00:00:00+00:00
[2024-08-16T13:31:56.478+0000] {processor.py:208} INFO - Processing /home/airflow/.local/lib/python3.12/site-packages/airflow/example_dags/example_xcom.py took 0.090 seconds
[2024-08-16T13:32:27.003+0000] {processor.py:186} INFO - Started process (PID=8011) to work on /home/airflow/.local/lib/python3.12/site-packages/airflow/example_dags/example_xcom.py
[2024-08-16T13:32:27.005+0000] {processor.py:914} INFO - Processing file /home/airflow/.local/lib/python3.12/site-packages/airflow/example_dags/example_xcom.py for tasks to queue
[2024-08-16T13:32:27.007+0000] {logging_mixin.py:190} INFO - [2024-08-16T13:32:27.007+0000] {dagbag.py:587} INFO - Filling up the DagBag from /home/airflow/.local/lib/python3.12/site-packages/airflow/example_dags/example_xcom.py
[2024-08-16T13:32:27.016+0000] {processor.py:925} INFO - DAG(s) 'example_xcom' retrieved from /home/airflow/.local/lib/python3.12/site-packages/airflow/example_dags/example_xcom.py
[2024-08-16T13:32:27.039+0000] {logging_mixin.py:190} INFO - [2024-08-16T13:32:27.039+0000] {dag.py:3211} INFO - Sync 1 DAGs
[2024-08-16T13:32:27.063+0000] {logging_mixin.py:190} INFO - [2024-08-16T13:32:27.063+0000] {dag.py:4138} INFO - Setting next_dagrun for example_xcom to 2021-01-01 00:00:00+00:00, run_after=2021-01-01 00:00:00+00:00
[2024-08-16T13:32:27.083+0000] {processor.py:208} INFO - Processing /home/airflow/.local/lib/python3.12/site-packages/airflow/example_dags/example_xcom.py took 0.086 seconds
[2024-08-16T13:32:57.221+0000] {processor.py:186} INFO - Started process (PID=8297) to work on /home/airflow/.local/lib/python3.12/site-packages/airflow/example_dags/example_xcom.py
[2024-08-16T13:32:57.222+0000] {processor.py:914} INFO - Processing file /home/airflow/.local/lib/python3.12/site-packages/airflow/example_dags/example_xcom.py for tasks to queue
[2024-08-16T13:32:57.225+0000] {logging_mixin.py:190} INFO - [2024-08-16T13:32:57.225+0000] {dagbag.py:587} INFO - Filling up the DagBag from /home/airflow/.local/lib/python3.12/site-packages/airflow/example_dags/example_xcom.py
[2024-08-16T13:32:57.235+0000] {processor.py:925} INFO - DAG(s) 'example_xcom' retrieved from /home/airflow/.local/lib/python3.12/site-packages/airflow/example_dags/example_xcom.py
[2024-08-16T13:32:57.257+0000] {logging_mixin.py:190} INFO - [2024-08-16T13:32:57.257+0000] {dag.py:3211} INFO - Sync 1 DAGs
[2024-08-16T13:32:57.280+0000] {logging_mixin.py:190} INFO - [2024-08-16T13:32:57.280+0000] {dag.py:4138} INFO - Setting next_dagrun for example_xcom to 2021-01-01 00:00:00+00:00, run_after=2021-01-01 00:00:00+00:00
[2024-08-16T13:32:57.300+0000] {processor.py:208} INFO - Processing /home/airflow/.local/lib/python3.12/site-packages/airflow/example_dags/example_xcom.py took 0.085 seconds
[2024-08-16T13:33:27.725+0000] {processor.py:186} INFO - Started process (PID=8583) to work on /home/airflow/.local/lib/python3.12/site-packages/airflow/example_dags/example_xcom.py
[2024-08-16T13:33:27.726+0000] {processor.py:914} INFO - Processing file /home/airflow/.local/lib/python3.12/site-packages/airflow/example_dags/example_xcom.py for tasks to queue
[2024-08-16T13:33:27.729+0000] {logging_mixin.py:190} INFO - [2024-08-16T13:33:27.728+0000] {dagbag.py:587} INFO - Filling up the DagBag from /home/airflow/.local/lib/python3.12/site-packages/airflow/example_dags/example_xcom.py
[2024-08-16T13:33:27.739+0000] {processor.py:925} INFO - DAG(s) 'example_xcom' retrieved from /home/airflow/.local/lib/python3.12/site-packages/airflow/example_dags/example_xcom.py
[2024-08-16T13:33:27.762+0000] {logging_mixin.py:190} INFO - [2024-08-16T13:33:27.762+0000] {dag.py:3211} INFO - Sync 1 DAGs
[2024-08-16T13:33:27.785+0000] {logging_mixin.py:190} INFO - [2024-08-16T13:33:27.785+0000] {dag.py:4138} INFO - Setting next_dagrun for example_xcom to 2021-01-01 00:00:00+00:00, run_after=2021-01-01 00:00:00+00:00
[2024-08-16T13:33:27.804+0000] {processor.py:208} INFO - Processing /home/airflow/.local/lib/python3.12/site-packages/airflow/example_dags/example_xcom.py took 0.085 seconds
[2024-08-16T13:33:58.108+0000] {processor.py:186} INFO - Started process (PID=8869) to work on /home/airflow/.local/lib/python3.12/site-packages/airflow/example_dags/example_xcom.py
[2024-08-16T13:33:58.109+0000] {processor.py:914} INFO - Processing file /home/airflow/.local/lib/python3.12/site-packages/airflow/example_dags/example_xcom.py for tasks to queue
[2024-08-16T13:33:58.112+0000] {logging_mixin.py:190} INFO - [2024-08-16T13:33:58.112+0000] {dagbag.py:587} INFO - Filling up the DagBag from /home/airflow/.local/lib/python3.12/site-packages/airflow/example_dags/example_xcom.py
[2024-08-16T13:33:58.122+0000] {processor.py:925} INFO - DAG(s) 'example_xcom' retrieved from /home/airflow/.local/lib/python3.12/site-packages/airflow/example_dags/example_xcom.py
[2024-08-16T13:33:58.148+0000] {logging_mixin.py:190} INFO - [2024-08-16T13:33:58.148+0000] {dag.py:3211} INFO - Sync 1 DAGs
[2024-08-16T13:33:58.174+0000] {logging_mixin.py:190} INFO - [2024-08-16T13:33:58.174+0000] {dag.py:4138} INFO - Setting next_dagrun for example_xcom to 2021-01-01 00:00:00+00:00, run_after=2021-01-01 00:00:00+00:00
[2024-08-16T13:33:58.193+0000] {processor.py:208} INFO - Processing /home/airflow/.local/lib/python3.12/site-packages/airflow/example_dags/example_xcom.py took 0.092 seconds
[2024-08-16T13:34:28.683+0000] {processor.py:186} INFO - Started process (PID=9155) to work on /home/airflow/.local/lib/python3.12/site-packages/airflow/example_dags/example_xcom.py
[2024-08-16T13:34:28.684+0000] {processor.py:914} INFO - Processing file /home/airflow/.local/lib/python3.12/site-packages/airflow/example_dags/example_xcom.py for tasks to queue
[2024-08-16T13:34:28.687+0000] {logging_mixin.py:190} INFO - [2024-08-16T13:34:28.686+0000] {dagbag.py:587} INFO - Filling up the DagBag from /home/airflow/.local/lib/python3.12/site-packages/airflow/example_dags/example_xcom.py
[2024-08-16T13:34:28.696+0000] {processor.py:925} INFO - DAG(s) 'example_xcom' retrieved from /home/airflow/.local/lib/python3.12/site-packages/airflow/example_dags/example_xcom.py
[2024-08-16T13:34:28.719+0000] {logging_mixin.py:190} INFO - [2024-08-16T13:34:28.719+0000] {dag.py:3211} INFO - Sync 1 DAGs
[2024-08-16T13:34:28.742+0000] {logging_mixin.py:190} INFO - [2024-08-16T13:34:28.741+0000] {dag.py:4138} INFO - Setting next_dagrun for example_xcom to 2021-01-01 00:00:00+00:00, run_after=2021-01-01 00:00:00+00:00
[2024-08-16T13:34:28.759+0000] {processor.py:208} INFO - Processing /home/airflow/.local/lib/python3.12/site-packages/airflow/example_dags/example_xcom.py took 0.083 seconds
[2024-08-16T13:34:59.117+0000] {processor.py:186} INFO - Started process (PID=9441) to work on /home/airflow/.local/lib/python3.12/site-packages/airflow/example_dags/example_xcom.py
[2024-08-16T13:34:59.119+0000] {processor.py:914} INFO - Processing file /home/airflow/.local/lib/python3.12/site-packages/airflow/example_dags/example_xcom.py for tasks to queue
[2024-08-16T13:34:59.127+0000] {logging_mixin.py:190} INFO - [2024-08-16T13:34:59.126+0000] {dagbag.py:587} INFO - Filling up the DagBag from /home/airflow/.local/lib/python3.12/site-packages/airflow/example_dags/example_xcom.py
[2024-08-16T13:34:59.143+0000] {processor.py:925} INFO - DAG(s) 'example_xcom' retrieved from /home/airflow/.local/lib/python3.12/site-packages/airflow/example_dags/example_xcom.py
[2024-08-16T13:34:59.168+0000] {logging_mixin.py:190} INFO - [2024-08-16T13:34:59.168+0000] {dag.py:3211} INFO - Sync 1 DAGs
[2024-08-16T13:34:59.195+0000] {logging_mixin.py:190} INFO - [2024-08-16T13:34:59.195+0000] {dag.py:4138} INFO - Setting next_dagrun for example_xcom to 2021-01-01 00:00:00+00:00, run_after=2021-01-01 00:00:00+00:00
[2024-08-16T13:34:59.213+0000] {processor.py:208} INFO - Processing /home/airflow/.local/lib/python3.12/site-packages/airflow/example_dags/example_xcom.py took 0.105 seconds
[2024-08-16T13:35:29.461+0000] {processor.py:186} INFO - Started process (PID=9727) to work on /home/airflow/.local/lib/python3.12/site-packages/airflow/example_dags/example_xcom.py
[2024-08-16T13:35:29.462+0000] {processor.py:914} INFO - Processing file /home/airflow/.local/lib/python3.12/site-packages/airflow/example_dags/example_xcom.py for tasks to queue
[2024-08-16T13:35:29.465+0000] {logging_mixin.py:190} INFO - [2024-08-16T13:35:29.464+0000] {dagbag.py:587} INFO - Filling up the DagBag from /home/airflow/.local/lib/python3.12/site-packages/airflow/example_dags/example_xcom.py
[2024-08-16T13:35:29.474+0000] {processor.py:925} INFO - DAG(s) 'example_xcom' retrieved from /home/airflow/.local/lib/python3.12/site-packages/airflow/example_dags/example_xcom.py
[2024-08-16T13:35:29.497+0000] {logging_mixin.py:190} INFO - [2024-08-16T13:35:29.497+0000] {dag.py:3211} INFO - Sync 1 DAGs
[2024-08-16T13:35:29.521+0000] {logging_mixin.py:190} INFO - [2024-08-16T13:35:29.520+0000] {dag.py:4138} INFO - Setting next_dagrun for example_xcom to 2021-01-01 00:00:00+00:00, run_after=2021-01-01 00:00:00+00:00
[2024-08-16T13:35:29.541+0000] {processor.py:208} INFO - Processing /home/airflow/.local/lib/python3.12/site-packages/airflow/example_dags/example_xcom.py took 0.086 seconds
[2024-08-16T13:36:00.012+0000] {processor.py:186} INFO - Started process (PID=10013) to work on /home/airflow/.local/lib/python3.12/site-packages/airflow/example_dags/example_xcom.py
[2024-08-16T13:36:00.013+0000] {processor.py:914} INFO - Processing file /home/airflow/.local/lib/python3.12/site-packages/airflow/example_dags/example_xcom.py for tasks to queue
[2024-08-16T13:36:00.015+0000] {logging_mixin.py:190} INFO - [2024-08-16T13:36:00.015+0000] {dagbag.py:587} INFO - Filling up the DagBag from /home/airflow/.local/lib/python3.12/site-packages/airflow/example_dags/example_xcom.py
[2024-08-16T13:36:00.026+0000] {processor.py:925} INFO - DAG(s) 'example_xcom' retrieved from /home/airflow/.local/lib/python3.12/site-packages/airflow/example_dags/example_xcom.py
[2024-08-16T13:36:00.048+0000] {logging_mixin.py:190} INFO - [2024-08-16T13:36:00.048+0000] {dag.py:3211} INFO - Sync 1 DAGs
[2024-08-16T13:36:00.073+0000] {logging_mixin.py:190} INFO - [2024-08-16T13:36:00.073+0000] {dag.py:4138} INFO - Setting next_dagrun for example_xcom to 2021-01-01 00:00:00+00:00, run_after=2021-01-01 00:00:00+00:00
[2024-08-16T13:36:00.092+0000] {processor.py:208} INFO - Processing /home/airflow/.local/lib/python3.12/site-packages/airflow/example_dags/example_xcom.py took 0.087 seconds
[2024-08-16T13:36:30.567+0000] {processor.py:186} INFO - Started process (PID=10299) to work on /home/airflow/.local/lib/python3.12/site-packages/airflow/example_dags/example_xcom.py
[2024-08-16T13:36:30.568+0000] {processor.py:914} INFO - Processing file /home/airflow/.local/lib/python3.12/site-packages/airflow/example_dags/example_xcom.py for tasks to queue
[2024-08-16T13:36:30.571+0000] {logging_mixin.py:190} INFO - [2024-08-16T13:36:30.570+0000] {dagbag.py:587} INFO - Filling up the DagBag from /home/airflow/.local/lib/python3.12/site-packages/airflow/example_dags/example_xcom.py
[2024-08-16T13:36:30.580+0000] {processor.py:925} INFO - DAG(s) 'example_xcom' retrieved from /home/airflow/.local/lib/python3.12/site-packages/airflow/example_dags/example_xcom.py
[2024-08-16T13:36:30.605+0000] {logging_mixin.py:190} INFO - [2024-08-16T13:36:30.605+0000] {dag.py:3211} INFO - Sync 1 DAGs
[2024-08-16T13:36:30.629+0000] {logging_mixin.py:190} INFO - [2024-08-16T13:36:30.629+0000] {dag.py:4138} INFO - Setting next_dagrun for example_xcom to 2021-01-01 00:00:00+00:00, run_after=2021-01-01 00:00:00+00:00
[2024-08-16T13:36:30.649+0000] {processor.py:208} INFO - Processing /home/airflow/.local/lib/python3.12/site-packages/airflow/example_dags/example_xcom.py took 0.089 seconds
[2024-08-16T13:37:00.857+0000] {processor.py:186} INFO - Started process (PID=10585) to work on /home/airflow/.local/lib/python3.12/site-packages/airflow/example_dags/example_xcom.py
[2024-08-16T13:37:00.858+0000] {processor.py:914} INFO - Processing file /home/airflow/.local/lib/python3.12/site-packages/airflow/example_dags/example_xcom.py for tasks to queue
[2024-08-16T13:37:00.860+0000] {logging_mixin.py:190} INFO - [2024-08-16T13:37:00.860+0000] {dagbag.py:587} INFO - Filling up the DagBag from /home/airflow/.local/lib/python3.12/site-packages/airflow/example_dags/example_xcom.py
[2024-08-16T13:37:00.870+0000] {processor.py:925} INFO - DAG(s) 'example_xcom' retrieved from /home/airflow/.local/lib/python3.12/site-packages/airflow/example_dags/example_xcom.py
[2024-08-16T13:37:00.893+0000] {logging_mixin.py:190} INFO - [2024-08-16T13:37:00.893+0000] {dag.py:3211} INFO - Sync 1 DAGs
[2024-08-16T13:37:00.919+0000] {logging_mixin.py:190} INFO - [2024-08-16T13:37:00.918+0000] {dag.py:4138} INFO - Setting next_dagrun for example_xcom to 2021-01-01 00:00:00+00:00, run_after=2021-01-01 00:00:00+00:00
[2024-08-16T13:37:00.938+0000] {processor.py:208} INFO - Processing /home/airflow/.local/lib/python3.12/site-packages/airflow/example_dags/example_xcom.py took 0.087 seconds
[2024-08-16T13:37:31.279+0000] {processor.py:186} INFO - Started process (PID=10872) to work on /home/airflow/.local/lib/python3.12/site-packages/airflow/example_dags/example_xcom.py
[2024-08-16T13:37:31.280+0000] {processor.py:914} INFO - Processing file /home/airflow/.local/lib/python3.12/site-packages/airflow/example_dags/example_xcom.py for tasks to queue
[2024-08-16T13:37:31.283+0000] {logging_mixin.py:190} INFO - [2024-08-16T13:37:31.282+0000] {dagbag.py:587} INFO - Filling up the DagBag from /home/airflow/.local/lib/python3.12/site-packages/airflow/example_dags/example_xcom.py
[2024-08-16T13:37:31.292+0000] {processor.py:925} INFO - DAG(s) 'example_xcom' retrieved from /home/airflow/.local/lib/python3.12/site-packages/airflow/example_dags/example_xcom.py
[2024-08-16T13:37:31.317+0000] {logging_mixin.py:190} INFO - [2024-08-16T13:37:31.317+0000] {dag.py:3211} INFO - Sync 1 DAGs
[2024-08-16T13:37:31.341+0000] {logging_mixin.py:190} INFO - [2024-08-16T13:37:31.341+0000] {dag.py:4138} INFO - Setting next_dagrun for example_xcom to 2021-01-01 00:00:00+00:00, run_after=2021-01-01 00:00:00+00:00
[2024-08-16T13:37:31.361+0000] {processor.py:208} INFO - Processing /home/airflow/.local/lib/python3.12/site-packages/airflow/example_dags/example_xcom.py took 0.088 seconds
[2024-08-16T13:38:01.514+0000] {processor.py:186} INFO - Started process (PID=11158) to work on /home/airflow/.local/lib/python3.12/site-packages/airflow/example_dags/example_xcom.py
[2024-08-16T13:38:01.515+0000] {processor.py:914} INFO - Processing file /home/airflow/.local/lib/python3.12/site-packages/airflow/example_dags/example_xcom.py for tasks to queue
[2024-08-16T13:38:01.517+0000] {logging_mixin.py:190} INFO - [2024-08-16T13:38:01.517+0000] {dagbag.py:587} INFO - Filling up the DagBag from /home/airflow/.local/lib/python3.12/site-packages/airflow/example_dags/example_xcom.py
[2024-08-16T13:38:01.527+0000] {processor.py:925} INFO - DAG(s) 'example_xcom' retrieved from /home/airflow/.local/lib/python3.12/site-packages/airflow/example_dags/example_xcom.py
[2024-08-16T13:38:01.551+0000] {logging_mixin.py:190} INFO - [2024-08-16T13:38:01.551+0000] {dag.py:3211} INFO - Sync 1 DAGs
[2024-08-16T13:38:01.576+0000] {logging_mixin.py:190} INFO - [2024-08-16T13:38:01.576+0000] {dag.py:4138} INFO - Setting next_dagrun for example_xcom to 2021-01-01 00:00:00+00:00, run_after=2021-01-01 00:00:00+00:00
[2024-08-16T13:38:01.596+0000] {processor.py:208} INFO - Processing /home/airflow/.local/lib/python3.12/site-packages/airflow/example_dags/example_xcom.py took 0.088 seconds
[2024-08-16T13:38:31.968+0000] {processor.py:186} INFO - Started process (PID=11444) to work on /home/airflow/.local/lib/python3.12/site-packages/airflow/example_dags/example_xcom.py
[2024-08-16T13:38:31.969+0000] {processor.py:914} INFO - Processing file /home/airflow/.local/lib/python3.12/site-packages/airflow/example_dags/example_xcom.py for tasks to queue
[2024-08-16T13:38:31.971+0000] {logging_mixin.py:190} INFO - [2024-08-16T13:38:31.971+0000] {dagbag.py:587} INFO - Filling up the DagBag from /home/airflow/.local/lib/python3.12/site-packages/airflow/example_dags/example_xcom.py
[2024-08-16T13:38:31.981+0000] {processor.py:925} INFO - DAG(s) 'example_xcom' retrieved from /home/airflow/.local/lib/python3.12/site-packages/airflow/example_dags/example_xcom.py
[2024-08-16T13:38:32.005+0000] {logging_mixin.py:190} INFO - [2024-08-16T13:38:32.004+0000] {dag.py:3211} INFO - Sync 1 DAGs
[2024-08-16T13:38:32.031+0000] {logging_mixin.py:190} INFO - [2024-08-16T13:38:32.031+0000] {dag.py:4138} INFO - Setting next_dagrun for example_xcom to 2021-01-01 00:00:00+00:00, run_after=2021-01-01 00:00:00+00:00
[2024-08-16T13:38:32.051+0000] {processor.py:208} INFO - Processing /home/airflow/.local/lib/python3.12/site-packages/airflow/example_dags/example_xcom.py took 0.090 seconds
[2024-08-16T13:39:02.348+0000] {processor.py:186} INFO - Started process (PID=11730) to work on /home/airflow/.local/lib/python3.12/site-packages/airflow/example_dags/example_xcom.py
[2024-08-16T13:39:02.349+0000] {processor.py:914} INFO - Processing file /home/airflow/.local/lib/python3.12/site-packages/airflow/example_dags/example_xcom.py for tasks to queue
[2024-08-16T13:39:02.351+0000] {logging_mixin.py:190} INFO - [2024-08-16T13:39:02.351+0000] {dagbag.py:587} INFO - Filling up the DagBag from /home/airflow/.local/lib/python3.12/site-packages/airflow/example_dags/example_xcom.py
[2024-08-16T13:39:02.362+0000] {processor.py:925} INFO - DAG(s) 'example_xcom' retrieved from /home/airflow/.local/lib/python3.12/site-packages/airflow/example_dags/example_xcom.py
[2024-08-16T13:39:02.384+0000] {logging_mixin.py:190} INFO - [2024-08-16T13:39:02.384+0000] {dag.py:3211} INFO - Sync 1 DAGs
[2024-08-16T13:39:02.409+0000] {logging_mixin.py:190} INFO - [2024-08-16T13:39:02.409+0000] {dag.py:4138} INFO - Setting next_dagrun for example_xcom to 2021-01-01 00:00:00+00:00, run_after=2021-01-01 00:00:00+00:00
[2024-08-16T13:39:02.429+0000] {processor.py:208} INFO - Processing /home/airflow/.local/lib/python3.12/site-packages/airflow/example_dags/example_xcom.py took 0.087 seconds
[2024-08-16T13:39:32.687+0000] {processor.py:186} INFO - Started process (PID=12016) to work on /home/airflow/.local/lib/python3.12/site-packages/airflow/example_dags/example_xcom.py
[2024-08-16T13:39:32.688+0000] {processor.py:914} INFO - Processing file /home/airflow/.local/lib/python3.12/site-packages/airflow/example_dags/example_xcom.py for tasks to queue
[2024-08-16T13:39:32.690+0000] {logging_mixin.py:190} INFO - [2024-08-16T13:39:32.690+0000] {dagbag.py:587} INFO - Filling up the DagBag from /home/airflow/.local/lib/python3.12/site-packages/airflow/example_dags/example_xcom.py
[2024-08-16T13:39:32.699+0000] {processor.py:925} INFO - DAG(s) 'example_xcom' retrieved from /home/airflow/.local/lib/python3.12/site-packages/airflow/example_dags/example_xcom.py
[2024-08-16T13:39:32.722+0000] {logging_mixin.py:190} INFO - [2024-08-16T13:39:32.722+0000] {dag.py:3211} INFO - Sync 1 DAGs
[2024-08-16T13:39:32.745+0000] {logging_mixin.py:190} INFO - [2024-08-16T13:39:32.745+0000] {dag.py:4138} INFO - Setting next_dagrun for example_xcom to 2021-01-01 00:00:00+00:00, run_after=2021-01-01 00:00:00+00:00
[2024-08-16T13:39:32.763+0000] {processor.py:208} INFO - Processing /home/airflow/.local/lib/python3.12/site-packages/airflow/example_dags/example_xcom.py took 0.084 seconds
[2024-08-16T13:40:03.675+0000] {processor.py:186} INFO - Started process (PID=12302) to work on /home/airflow/.local/lib/python3.12/site-packages/airflow/example_dags/example_xcom.py
[2024-08-16T13:40:03.676+0000] {processor.py:914} INFO - Processing file /home/airflow/.local/lib/python3.12/site-packages/airflow/example_dags/example_xcom.py for tasks to queue
[2024-08-16T13:40:03.679+0000] {logging_mixin.py:190} INFO - [2024-08-16T13:40:03.679+0000] {dagbag.py:587} INFO - Filling up the DagBag from /home/airflow/.local/lib/python3.12/site-packages/airflow/example_dags/example_xcom.py
[2024-08-16T13:40:03.690+0000] {processor.py:925} INFO - DAG(s) 'example_xcom' retrieved from /home/airflow/.local/lib/python3.12/site-packages/airflow/example_dags/example_xcom.py
[2024-08-16T13:40:03.713+0000] {logging_mixin.py:190} INFO - [2024-08-16T13:40:03.713+0000] {dag.py:3211} INFO - Sync 1 DAGs
[2024-08-16T13:40:03.736+0000] {logging_mixin.py:190} INFO - [2024-08-16T13:40:03.736+0000] {dag.py:4138} INFO - Setting next_dagrun for example_xcom to 2021-01-01 00:00:00+00:00, run_after=2021-01-01 00:00:00+00:00
[2024-08-16T13:40:03.754+0000] {processor.py:208} INFO - Processing /home/airflow/.local/lib/python3.12/site-packages/airflow/example_dags/example_xcom.py took 0.085 seconds
[2024-08-16T13:40:34.243+0000] {processor.py:186} INFO - Started process (PID=12588) to work on /home/airflow/.local/lib/python3.12/site-packages/airflow/example_dags/example_xcom.py
[2024-08-16T13:40:34.244+0000] {processor.py:914} INFO - Processing file /home/airflow/.local/lib/python3.12/site-packages/airflow/example_dags/example_xcom.py for tasks to queue
[2024-08-16T13:40:34.247+0000] {logging_mixin.py:190} INFO - [2024-08-16T13:40:34.247+0000] {dagbag.py:587} INFO - Filling up the DagBag from /home/airflow/.local/lib/python3.12/site-packages/airflow/example_dags/example_xcom.py
[2024-08-16T13:40:34.259+0000] {processor.py:925} INFO - DAG(s) 'example_xcom' retrieved from /home/airflow/.local/lib/python3.12/site-packages/airflow/example_dags/example_xcom.py
[2024-08-16T13:40:34.283+0000] {logging_mixin.py:190} INFO - [2024-08-16T13:40:34.283+0000] {dag.py:3211} INFO - Sync 1 DAGs
[2024-08-16T13:40:34.309+0000] {logging_mixin.py:190} INFO - [2024-08-16T13:40:34.308+0000] {dag.py:4138} INFO - Setting next_dagrun for example_xcom to 2021-01-01 00:00:00+00:00, run_after=2021-01-01 00:00:00+00:00
[2024-08-16T13:40:34.329+0000] {processor.py:208} INFO - Processing /home/airflow/.local/lib/python3.12/site-packages/airflow/example_dags/example_xcom.py took 0.092 seconds
[2024-08-16T13:41:05.169+0000] {processor.py:186} INFO - Started process (PID=12874) to work on /home/airflow/.local/lib/python3.12/site-packages/airflow/example_dags/example_xcom.py
[2024-08-16T13:41:05.171+0000] {processor.py:914} INFO - Processing file /home/airflow/.local/lib/python3.12/site-packages/airflow/example_dags/example_xcom.py for tasks to queue
[2024-08-16T13:41:05.173+0000] {logging_mixin.py:190} INFO - [2024-08-16T13:41:05.173+0000] {dagbag.py:587} INFO - Filling up the DagBag from /home/airflow/.local/lib/python3.12/site-packages/airflow/example_dags/example_xcom.py
[2024-08-16T13:41:05.186+0000] {processor.py:925} INFO - DAG(s) 'example_xcom' retrieved from /home/airflow/.local/lib/python3.12/site-packages/airflow/example_dags/example_xcom.py
[2024-08-16T13:41:05.209+0000] {logging_mixin.py:190} INFO - [2024-08-16T13:41:05.209+0000] {dag.py:3211} INFO - Sync 1 DAGs
[2024-08-16T13:41:05.233+0000] {logging_mixin.py:190} INFO - [2024-08-16T13:41:05.233+0000] {dag.py:4138} INFO - Setting next_dagrun for example_xcom to 2021-01-01 00:00:00+00:00, run_after=2021-01-01 00:00:00+00:00
[2024-08-16T13:41:05.254+0000] {processor.py:208} INFO - Processing /home/airflow/.local/lib/python3.12/site-packages/airflow/example_dags/example_xcom.py took 0.091 seconds
[2024-08-16T13:41:35.614+0000] {processor.py:186} INFO - Started process (PID=13160) to work on /home/airflow/.local/lib/python3.12/site-packages/airflow/example_dags/example_xcom.py
[2024-08-16T13:41:35.615+0000] {processor.py:914} INFO - Processing file /home/airflow/.local/lib/python3.12/site-packages/airflow/example_dags/example_xcom.py for tasks to queue
[2024-08-16T13:41:35.618+0000] {logging_mixin.py:190} INFO - [2024-08-16T13:41:35.618+0000] {dagbag.py:587} INFO - Filling up the DagBag from /home/airflow/.local/lib/python3.12/site-packages/airflow/example_dags/example_xcom.py
[2024-08-16T13:41:35.630+0000] {processor.py:925} INFO - DAG(s) 'example_xcom' retrieved from /home/airflow/.local/lib/python3.12/site-packages/airflow/example_dags/example_xcom.py
[2024-08-16T13:41:35.657+0000] {logging_mixin.py:190} INFO - [2024-08-16T13:41:35.657+0000] {dag.py:3211} INFO - Sync 1 DAGs
[2024-08-16T13:41:35.685+0000] {logging_mixin.py:190} INFO - [2024-08-16T13:41:35.685+0000] {dag.py:4138} INFO - Setting next_dagrun for example_xcom to 2021-01-01 00:00:00+00:00, run_after=2021-01-01 00:00:00+00:00
[2024-08-16T13:41:35.707+0000] {processor.py:208} INFO - Processing /home/airflow/.local/lib/python3.12/site-packages/airflow/example_dags/example_xcom.py took 0.103 seconds
[2024-08-16T13:42:06.410+0000] {processor.py:186} INFO - Started process (PID=13446) to work on /home/airflow/.local/lib/python3.12/site-packages/airflow/example_dags/example_xcom.py
[2024-08-16T13:42:06.411+0000] {processor.py:914} INFO - Processing file /home/airflow/.local/lib/python3.12/site-packages/airflow/example_dags/example_xcom.py for tasks to queue
[2024-08-16T13:42:06.413+0000] {logging_mixin.py:190} INFO - [2024-08-16T13:42:06.413+0000] {dagbag.py:587} INFO - Filling up the DagBag from /home/airflow/.local/lib/python3.12/site-packages/airflow/example_dags/example_xcom.py
[2024-08-16T13:42:06.424+0000] {processor.py:925} INFO - DAG(s) 'example_xcom' retrieved from /home/airflow/.local/lib/python3.12/site-packages/airflow/example_dags/example_xcom.py
[2024-08-16T13:42:06.452+0000] {logging_mixin.py:190} INFO - [2024-08-16T13:42:06.452+0000] {dag.py:3211} INFO - Sync 1 DAGs
[2024-08-16T13:42:06.480+0000] {logging_mixin.py:190} INFO - [2024-08-16T13:42:06.480+0000] {dag.py:4138} INFO - Setting next_dagrun for example_xcom to 2021-01-01 00:00:00+00:00, run_after=2021-01-01 00:00:00+00:00
[2024-08-16T13:42:06.502+0000] {processor.py:208} INFO - Processing /home/airflow/.local/lib/python3.12/site-packages/airflow/example_dags/example_xcom.py took 0.100 seconds
[2024-08-16T13:42:37.343+0000] {processor.py:186} INFO - Started process (PID=13732) to work on /home/airflow/.local/lib/python3.12/site-packages/airflow/example_dags/example_xcom.py
[2024-08-16T13:42:37.344+0000] {processor.py:914} INFO - Processing file /home/airflow/.local/lib/python3.12/site-packages/airflow/example_dags/example_xcom.py for tasks to queue
[2024-08-16T13:42:37.347+0000] {logging_mixin.py:190} INFO - [2024-08-16T13:42:37.346+0000] {dagbag.py:587} INFO - Filling up the DagBag from /home/airflow/.local/lib/python3.12/site-packages/airflow/example_dags/example_xcom.py
[2024-08-16T13:42:37.356+0000] {processor.py:925} INFO - DAG(s) 'example_xcom' retrieved from /home/airflow/.local/lib/python3.12/site-packages/airflow/example_dags/example_xcom.py
[2024-08-16T13:42:37.379+0000] {logging_mixin.py:190} INFO - [2024-08-16T13:42:37.378+0000] {dag.py:3211} INFO - Sync 1 DAGs
[2024-08-16T13:42:37.402+0000] {logging_mixin.py:190} INFO - [2024-08-16T13:42:37.402+0000] {dag.py:4138} INFO - Setting next_dagrun for example_xcom to 2021-01-01 00:00:00+00:00, run_after=2021-01-01 00:00:00+00:00
[2024-08-16T13:42:37.421+0000] {processor.py:208} INFO - Processing /home/airflow/.local/lib/python3.12/site-packages/airflow/example_dags/example_xcom.py took 0.084 seconds
[2024-08-16T13:43:08.193+0000] {processor.py:186} INFO - Started process (PID=14018) to work on /home/airflow/.local/lib/python3.12/site-packages/airflow/example_dags/example_xcom.py
[2024-08-16T13:43:08.194+0000] {processor.py:914} INFO - Processing file /home/airflow/.local/lib/python3.12/site-packages/airflow/example_dags/example_xcom.py for tasks to queue
[2024-08-16T13:43:08.197+0000] {logging_mixin.py:190} INFO - [2024-08-16T13:43:08.197+0000] {dagbag.py:587} INFO - Filling up the DagBag from /home/airflow/.local/lib/python3.12/site-packages/airflow/example_dags/example_xcom.py
[2024-08-16T13:43:08.208+0000] {processor.py:925} INFO - DAG(s) 'example_xcom' retrieved from /home/airflow/.local/lib/python3.12/site-packages/airflow/example_dags/example_xcom.py
[2024-08-16T13:43:08.234+0000] {logging_mixin.py:190} INFO - [2024-08-16T13:43:08.233+0000] {dag.py:3211} INFO - Sync 1 DAGs
[2024-08-16T13:43:08.260+0000] {logging_mixin.py:190} INFO - [2024-08-16T13:43:08.259+0000] {dag.py:4138} INFO - Setting next_dagrun for example_xcom to 2021-01-01 00:00:00+00:00, run_after=2021-01-01 00:00:00+00:00
[2024-08-16T13:43:08.281+0000] {processor.py:208} INFO - Processing /home/airflow/.local/lib/python3.12/site-packages/airflow/example_dags/example_xcom.py took 0.094 seconds
[2024-08-16T13:43:38.725+0000] {processor.py:186} INFO - Started process (PID=14304) to work on /home/airflow/.local/lib/python3.12/site-packages/airflow/example_dags/example_xcom.py
[2024-08-16T13:43:38.726+0000] {processor.py:914} INFO - Processing file /home/airflow/.local/lib/python3.12/site-packages/airflow/example_dags/example_xcom.py for tasks to queue
[2024-08-16T13:43:38.729+0000] {logging_mixin.py:190} INFO - [2024-08-16T13:43:38.728+0000] {dagbag.py:587} INFO - Filling up the DagBag from /home/airflow/.local/lib/python3.12/site-packages/airflow/example_dags/example_xcom.py
[2024-08-16T13:43:38.738+0000] {processor.py:925} INFO - DAG(s) 'example_xcom' retrieved from /home/airflow/.local/lib/python3.12/site-packages/airflow/example_dags/example_xcom.py
[2024-08-16T13:43:38.762+0000] {logging_mixin.py:190} INFO - [2024-08-16T13:43:38.761+0000] {dag.py:3211} INFO - Sync 1 DAGs
[2024-08-16T13:43:38.821+0000] {logging_mixin.py:190} INFO - [2024-08-16T13:43:38.821+0000] {dag.py:4138} INFO - Setting next_dagrun for example_xcom to 2021-01-01 00:00:00+00:00, run_after=2021-01-01 00:00:00+00:00
[2024-08-16T13:43:38.857+0000] {processor.py:208} INFO - Processing /home/airflow/.local/lib/python3.12/site-packages/airflow/example_dags/example_xcom.py took 0.138 seconds
[2024-08-16T13:44:09.419+0000] {processor.py:186} INFO - Started process (PID=14590) to work on /home/airflow/.local/lib/python3.12/site-packages/airflow/example_dags/example_xcom.py
[2024-08-16T13:44:09.420+0000] {processor.py:914} INFO - Processing file /home/airflow/.local/lib/python3.12/site-packages/airflow/example_dags/example_xcom.py for tasks to queue
[2024-08-16T13:44:09.423+0000] {logging_mixin.py:190} INFO - [2024-08-16T13:44:09.423+0000] {dagbag.py:587} INFO - Filling up the DagBag from /home/airflow/.local/lib/python3.12/site-packages/airflow/example_dags/example_xcom.py
[2024-08-16T13:44:09.439+0000] {processor.py:925} INFO - DAG(s) 'example_xcom' retrieved from /home/airflow/.local/lib/python3.12/site-packages/airflow/example_dags/example_xcom.py
[2024-08-16T13:44:09.464+0000] {logging_mixin.py:190} INFO - [2024-08-16T13:44:09.464+0000] {dag.py:3211} INFO - Sync 1 DAGs
[2024-08-16T13:44:09.492+0000] {logging_mixin.py:190} INFO - [2024-08-16T13:44:09.491+0000] {dag.py:4138} INFO - Setting next_dagrun for example_xcom to 2021-01-01 00:00:00+00:00, run_after=2021-01-01 00:00:00+00:00
[2024-08-16T13:44:09.514+0000] {processor.py:208} INFO - Processing /home/airflow/.local/lib/python3.12/site-packages/airflow/example_dags/example_xcom.py took 0.105 seconds
[2024-08-16T13:44:39.956+0000] {processor.py:186} INFO - Started process (PID=14876) to work on /home/airflow/.local/lib/python3.12/site-packages/airflow/example_dags/example_xcom.py
[2024-08-16T13:44:39.957+0000] {processor.py:914} INFO - Processing file /home/airflow/.local/lib/python3.12/site-packages/airflow/example_dags/example_xcom.py for tasks to queue
[2024-08-16T13:44:39.959+0000] {logging_mixin.py:190} INFO - [2024-08-16T13:44:39.959+0000] {dagbag.py:587} INFO - Filling up the DagBag from /home/airflow/.local/lib/python3.12/site-packages/airflow/example_dags/example_xcom.py
[2024-08-16T13:44:39.969+0000] {processor.py:925} INFO - DAG(s) 'example_xcom' retrieved from /home/airflow/.local/lib/python3.12/site-packages/airflow/example_dags/example_xcom.py
[2024-08-16T13:44:39.991+0000] {logging_mixin.py:190} INFO - [2024-08-16T13:44:39.990+0000] {dag.py:3211} INFO - Sync 1 DAGs
[2024-08-16T13:44:40.020+0000] {logging_mixin.py:190} INFO - [2024-08-16T13:44:40.020+0000] {dag.py:4138} INFO - Setting next_dagrun for example_xcom to 2021-01-01 00:00:00+00:00, run_after=2021-01-01 00:00:00+00:00
[2024-08-16T13:44:40.038+0000] {processor.py:208} INFO - Processing /home/airflow/.local/lib/python3.12/site-packages/airflow/example_dags/example_xcom.py took 0.089 seconds
[2024-08-16T13:45:10.674+0000] {processor.py:186} INFO - Started process (PID=15162) to work on /home/airflow/.local/lib/python3.12/site-packages/airflow/example_dags/example_xcom.py
[2024-08-16T13:45:10.675+0000] {processor.py:914} INFO - Processing file /home/airflow/.local/lib/python3.12/site-packages/airflow/example_dags/example_xcom.py for tasks to queue
[2024-08-16T13:45:10.678+0000] {logging_mixin.py:190} INFO - [2024-08-16T13:45:10.677+0000] {dagbag.py:587} INFO - Filling up the DagBag from /home/airflow/.local/lib/python3.12/site-packages/airflow/example_dags/example_xcom.py
[2024-08-16T13:45:10.688+0000] {processor.py:925} INFO - DAG(s) 'example_xcom' retrieved from /home/airflow/.local/lib/python3.12/site-packages/airflow/example_dags/example_xcom.py
[2024-08-16T13:45:10.714+0000] {logging_mixin.py:190} INFO - [2024-08-16T13:45:10.714+0000] {dag.py:3211} INFO - Sync 1 DAGs
[2024-08-16T13:45:10.747+0000] {logging_mixin.py:190} INFO - [2024-08-16T13:45:10.746+0000] {dag.py:4138} INFO - Setting next_dagrun for example_xcom to 2021-01-01 00:00:00+00:00, run_after=2021-01-01 00:00:00+00:00
[2024-08-16T13:45:10.772+0000] {processor.py:208} INFO - Processing /home/airflow/.local/lib/python3.12/site-packages/airflow/example_dags/example_xcom.py took 0.105 seconds
[2024-08-16T13:45:41.438+0000] {processor.py:186} INFO - Started process (PID=15448) to work on /home/airflow/.local/lib/python3.12/site-packages/airflow/example_dags/example_xcom.py
[2024-08-16T13:45:41.439+0000] {processor.py:914} INFO - Processing file /home/airflow/.local/lib/python3.12/site-packages/airflow/example_dags/example_xcom.py for tasks to queue
[2024-08-16T13:45:41.443+0000] {logging_mixin.py:190} INFO - [2024-08-16T13:45:41.442+0000] {dagbag.py:587} INFO - Filling up the DagBag from /home/airflow/.local/lib/python3.12/site-packages/airflow/example_dags/example_xcom.py
[2024-08-16T13:45:41.452+0000] {processor.py:925} INFO - DAG(s) 'example_xcom' retrieved from /home/airflow/.local/lib/python3.12/site-packages/airflow/example_dags/example_xcom.py
[2024-08-16T13:45:41.481+0000] {logging_mixin.py:190} INFO - [2024-08-16T13:45:41.481+0000] {dag.py:3211} INFO - Sync 1 DAGs
[2024-08-16T13:45:41.507+0000] {logging_mixin.py:190} INFO - [2024-08-16T13:45:41.506+0000] {dag.py:4138} INFO - Setting next_dagrun for example_xcom to 2021-01-01 00:00:00+00:00, run_after=2021-01-01 00:00:00+00:00
[2024-08-16T13:45:42.200+0000] {processor.py:208} INFO - Processing /home/airflow/.local/lib/python3.12/site-packages/airflow/example_dags/example_xcom.py took 0.769 seconds
[2024-08-16T13:46:12.497+0000] {processor.py:186} INFO - Started process (PID=15734) to work on /home/airflow/.local/lib/python3.12/site-packages/airflow/example_dags/example_xcom.py
[2024-08-16T13:46:12.498+0000] {processor.py:914} INFO - Processing file /home/airflow/.local/lib/python3.12/site-packages/airflow/example_dags/example_xcom.py for tasks to queue
[2024-08-16T13:46:12.501+0000] {logging_mixin.py:190} INFO - [2024-08-16T13:46:12.500+0000] {dagbag.py:587} INFO - Filling up the DagBag from /home/airflow/.local/lib/python3.12/site-packages/airflow/example_dags/example_xcom.py
[2024-08-16T13:46:12.511+0000] {processor.py:925} INFO - DAG(s) 'example_xcom' retrieved from /home/airflow/.local/lib/python3.12/site-packages/airflow/example_dags/example_xcom.py
[2024-08-16T13:46:12.535+0000] {logging_mixin.py:190} INFO - [2024-08-16T13:46:12.534+0000] {dag.py:3211} INFO - Sync 1 DAGs
[2024-08-16T13:46:12.558+0000] {logging_mixin.py:190} INFO - [2024-08-16T13:46:12.558+0000] {dag.py:4138} INFO - Setting next_dagrun for example_xcom to 2021-01-01 00:00:00+00:00, run_after=2021-01-01 00:00:00+00:00
[2024-08-16T13:46:12.579+0000] {processor.py:208} INFO - Processing /home/airflow/.local/lib/python3.12/site-packages/airflow/example_dags/example_xcom.py took 0.089 seconds
[2024-08-16T13:46:42.701+0000] {processor.py:186} INFO - Started process (PID=16020) to work on /home/airflow/.local/lib/python3.12/site-packages/airflow/example_dags/example_xcom.py
[2024-08-16T13:46:42.703+0000] {processor.py:914} INFO - Processing file /home/airflow/.local/lib/python3.12/site-packages/airflow/example_dags/example_xcom.py for tasks to queue
[2024-08-16T13:46:42.708+0000] {logging_mixin.py:190} INFO - [2024-08-16T13:46:42.708+0000] {dagbag.py:587} INFO - Filling up the DagBag from /home/airflow/.local/lib/python3.12/site-packages/airflow/example_dags/example_xcom.py
[2024-08-16T13:46:42.720+0000] {processor.py:925} INFO - DAG(s) 'example_xcom' retrieved from /home/airflow/.local/lib/python3.12/site-packages/airflow/example_dags/example_xcom.py
[2024-08-16T13:46:42.749+0000] {logging_mixin.py:190} INFO - [2024-08-16T13:46:42.749+0000] {dag.py:3211} INFO - Sync 1 DAGs
[2024-08-16T13:46:42.781+0000] {logging_mixin.py:190} INFO - [2024-08-16T13:46:42.781+0000] {dag.py:4138} INFO - Setting next_dagrun for example_xcom to 2021-01-01 00:00:00+00:00, run_after=2021-01-01 00:00:00+00:00
[2024-08-16T13:46:42.806+0000] {processor.py:208} INFO - Processing /home/airflow/.local/lib/python3.12/site-packages/airflow/example_dags/example_xcom.py took 0.115 seconds
[2024-08-16T13:47:13.483+0000] {processor.py:186} INFO - Started process (PID=16304) to work on /home/airflow/.local/lib/python3.12/site-packages/airflow/example_dags/example_xcom.py
[2024-08-16T13:47:13.484+0000] {processor.py:914} INFO - Processing file /home/airflow/.local/lib/python3.12/site-packages/airflow/example_dags/example_xcom.py for tasks to queue
[2024-08-16T13:47:13.488+0000] {logging_mixin.py:190} INFO - [2024-08-16T13:47:13.487+0000] {dagbag.py:587} INFO - Filling up the DagBag from /home/airflow/.local/lib/python3.12/site-packages/airflow/example_dags/example_xcom.py
[2024-08-16T13:47:13.498+0000] {processor.py:925} INFO - DAG(s) 'example_xcom' retrieved from /home/airflow/.local/lib/python3.12/site-packages/airflow/example_dags/example_xcom.py
[2024-08-16T13:47:13.524+0000] {logging_mixin.py:190} INFO - [2024-08-16T13:47:13.524+0000] {dag.py:3211} INFO - Sync 1 DAGs
[2024-08-16T13:47:13.555+0000] {logging_mixin.py:190} INFO - [2024-08-16T13:47:13.555+0000] {dag.py:4138} INFO - Setting next_dagrun for example_xcom to 2021-01-01 00:00:00+00:00, run_after=2021-01-01 00:00:00+00:00
[2024-08-16T13:47:13.581+0000] {processor.py:208} INFO - Processing /home/airflow/.local/lib/python3.12/site-packages/airflow/example_dags/example_xcom.py took 0.105 seconds
[2024-08-16T13:47:44.115+0000] {processor.py:186} INFO - Started process (PID=16590) to work on /home/airflow/.local/lib/python3.12/site-packages/airflow/example_dags/example_xcom.py
[2024-08-16T13:47:44.116+0000] {processor.py:914} INFO - Processing file /home/airflow/.local/lib/python3.12/site-packages/airflow/example_dags/example_xcom.py for tasks to queue
[2024-08-16T13:47:44.119+0000] {logging_mixin.py:190} INFO - [2024-08-16T13:47:44.118+0000] {dagbag.py:587} INFO - Filling up the DagBag from /home/airflow/.local/lib/python3.12/site-packages/airflow/example_dags/example_xcom.py
[2024-08-16T13:47:44.128+0000] {processor.py:925} INFO - DAG(s) 'example_xcom' retrieved from /home/airflow/.local/lib/python3.12/site-packages/airflow/example_dags/example_xcom.py
[2024-08-16T13:47:44.153+0000] {logging_mixin.py:190} INFO - [2024-08-16T13:47:44.152+0000] {dag.py:3211} INFO - Sync 1 DAGs
[2024-08-16T13:47:44.187+0000] {logging_mixin.py:190} INFO - [2024-08-16T13:47:44.187+0000] {dag.py:4138} INFO - Setting next_dagrun for example_xcom to 2021-01-01 00:00:00+00:00, run_after=2021-01-01 00:00:00+00:00
[2024-08-16T13:47:44.219+0000] {processor.py:208} INFO - Processing /home/airflow/.local/lib/python3.12/site-packages/airflow/example_dags/example_xcom.py took 0.110 seconds
[2024-08-16T13:48:14.259+0000] {processor.py:186} INFO - Started process (PID=16872) to work on /home/airflow/.local/lib/python3.12/site-packages/airflow/example_dags/example_xcom.py
[2024-08-16T13:48:14.260+0000] {processor.py:914} INFO - Processing file /home/airflow/.local/lib/python3.12/site-packages/airflow/example_dags/example_xcom.py for tasks to queue
[2024-08-16T13:48:14.263+0000] {logging_mixin.py:190} INFO - [2024-08-16T13:48:14.262+0000] {dagbag.py:587} INFO - Filling up the DagBag from /home/airflow/.local/lib/python3.12/site-packages/airflow/example_dags/example_xcom.py
[2024-08-16T13:48:14.273+0000] {processor.py:925} INFO - DAG(s) 'example_xcom' retrieved from /home/airflow/.local/lib/python3.12/site-packages/airflow/example_dags/example_xcom.py
[2024-08-16T13:48:14.296+0000] {logging_mixin.py:190} INFO - [2024-08-16T13:48:14.296+0000] {dag.py:3211} INFO - Sync 1 DAGs
[2024-08-16T13:48:14.324+0000] {logging_mixin.py:190} INFO - [2024-08-16T13:48:14.323+0000] {dag.py:4138} INFO - Setting next_dagrun for example_xcom to 2021-01-01 00:00:00+00:00, run_after=2021-01-01 00:00:00+00:00
[2024-08-16T13:48:14.364+0000] {processor.py:208} INFO - Processing /home/airflow/.local/lib/python3.12/site-packages/airflow/example_dags/example_xcom.py took 0.111 seconds
[2024-08-16T13:48:45.364+0000] {processor.py:186} INFO - Started process (PID=17163) to work on /home/airflow/.local/lib/python3.12/site-packages/airflow/example_dags/example_xcom.py
[2024-08-16T13:48:45.366+0000] {processor.py:914} INFO - Processing file /home/airflow/.local/lib/python3.12/site-packages/airflow/example_dags/example_xcom.py for tasks to queue
[2024-08-16T13:48:45.369+0000] {logging_mixin.py:190} INFO - [2024-08-16T13:48:45.369+0000] {dagbag.py:587} INFO - Filling up the DagBag from /home/airflow/.local/lib/python3.12/site-packages/airflow/example_dags/example_xcom.py
[2024-08-16T13:48:45.379+0000] {processor.py:925} INFO - DAG(s) 'example_xcom' retrieved from /home/airflow/.local/lib/python3.12/site-packages/airflow/example_dags/example_xcom.py
[2024-08-16T13:48:45.404+0000] {logging_mixin.py:190} INFO - [2024-08-16T13:48:45.404+0000] {dag.py:3211} INFO - Sync 1 DAGs
[2024-08-16T13:48:45.429+0000] {logging_mixin.py:190} INFO - [2024-08-16T13:48:45.429+0000] {dag.py:4138} INFO - Setting next_dagrun for example_xcom to 2021-01-01 00:00:00+00:00, run_after=2021-01-01 00:00:00+00:00
[2024-08-16T13:48:45.451+0000] {processor.py:208} INFO - Processing /home/airflow/.local/lib/python3.12/site-packages/airflow/example_dags/example_xcom.py took 0.096 seconds
[2024-08-16T13:49:16.469+0000] {processor.py:186} INFO - Started process (PID=17449) to work on /home/airflow/.local/lib/python3.12/site-packages/airflow/example_dags/example_xcom.py
[2024-08-16T13:49:16.470+0000] {processor.py:914} INFO - Processing file /home/airflow/.local/lib/python3.12/site-packages/airflow/example_dags/example_xcom.py for tasks to queue
[2024-08-16T13:49:16.473+0000] {logging_mixin.py:190} INFO - [2024-08-16T13:49:16.472+0000] {dagbag.py:587} INFO - Filling up the DagBag from /home/airflow/.local/lib/python3.12/site-packages/airflow/example_dags/example_xcom.py
[2024-08-16T13:49:16.488+0000] {processor.py:925} INFO - DAG(s) 'example_xcom' retrieved from /home/airflow/.local/lib/python3.12/site-packages/airflow/example_dags/example_xcom.py
[2024-08-16T13:49:16.517+0000] {logging_mixin.py:190} INFO - [2024-08-16T13:49:16.517+0000] {dag.py:3211} INFO - Sync 1 DAGs
[2024-08-16T13:49:16.547+0000] {logging_mixin.py:190} INFO - [2024-08-16T13:49:16.547+0000] {dag.py:4138} INFO - Setting next_dagrun for example_xcom to 2021-01-01 00:00:00+00:00, run_after=2021-01-01 00:00:00+00:00
[2024-08-16T13:49:16.570+0000] {processor.py:208} INFO - Processing /home/airflow/.local/lib/python3.12/site-packages/airflow/example_dags/example_xcom.py took 0.110 seconds
[2024-08-16T13:49:47.514+0000] {processor.py:186} INFO - Started process (PID=17735) to work on /home/airflow/.local/lib/python3.12/site-packages/airflow/example_dags/example_xcom.py
[2024-08-16T13:49:47.515+0000] {processor.py:914} INFO - Processing file /home/airflow/.local/lib/python3.12/site-packages/airflow/example_dags/example_xcom.py for tasks to queue
[2024-08-16T13:49:47.518+0000] {logging_mixin.py:190} INFO - [2024-08-16T13:49:47.517+0000] {dagbag.py:587} INFO - Filling up the DagBag from /home/airflow/.local/lib/python3.12/site-packages/airflow/example_dags/example_xcom.py
[2024-08-16T13:49:47.532+0000] {processor.py:925} INFO - DAG(s) 'example_xcom' retrieved from /home/airflow/.local/lib/python3.12/site-packages/airflow/example_dags/example_xcom.py
[2024-08-16T13:49:47.565+0000] {logging_mixin.py:190} INFO - [2024-08-16T13:49:47.564+0000] {dag.py:3211} INFO - Sync 1 DAGs
[2024-08-16T13:49:47.604+0000] {logging_mixin.py:190} INFO - [2024-08-16T13:49:47.604+0000] {dag.py:4138} INFO - Setting next_dagrun for example_xcom to 2021-01-01 00:00:00+00:00, run_after=2021-01-01 00:00:00+00:00
[2024-08-16T13:49:47.639+0000] {processor.py:208} INFO - Processing /home/airflow/.local/lib/python3.12/site-packages/airflow/example_dags/example_xcom.py took 0.138 seconds
[2024-08-16T13:50:19.027+0000] {processor.py:186} INFO - Started process (PID=18029) to work on /home/airflow/.local/lib/python3.12/site-packages/airflow/example_dags/example_xcom.py
[2024-08-16T13:50:19.028+0000] {processor.py:914} INFO - Processing file /home/airflow/.local/lib/python3.12/site-packages/airflow/example_dags/example_xcom.py for tasks to queue
[2024-08-16T13:50:19.031+0000] {logging_mixin.py:190} INFO - [2024-08-16T13:50:19.030+0000] {dagbag.py:587} INFO - Filling up the DagBag from /home/airflow/.local/lib/python3.12/site-packages/airflow/example_dags/example_xcom.py
[2024-08-16T13:50:19.042+0000] {processor.py:925} INFO - DAG(s) 'example_xcom' retrieved from /home/airflow/.local/lib/python3.12/site-packages/airflow/example_dags/example_xcom.py
[2024-08-16T13:50:19.073+0000] {logging_mixin.py:190} INFO - [2024-08-16T13:50:19.073+0000] {dag.py:3211} INFO - Sync 1 DAGs
[2024-08-16T13:50:19.370+0000] {logging_mixin.py:190} INFO - [2024-08-16T13:50:19.370+0000] {dag.py:4138} INFO - Setting next_dagrun for example_xcom to 2021-01-01 00:00:00+00:00, run_after=2021-01-01 00:00:00+00:00
[2024-08-16T13:50:19.395+0000] {processor.py:208} INFO - Processing /home/airflow/.local/lib/python3.12/site-packages/airflow/example_dags/example_xcom.py took 0.378 seconds
