[2024-08-16T13:18:46.962+0000] {processor.py:186} INFO - Started process (PID=350) to work on /home/airflow/.local/lib/python3.12/site-packages/airflow/example_dags/example_kubernetes_executor.py
[2024-08-16T13:18:46.964+0000] {processor.py:914} INFO - Processing file /home/airflow/.local/lib/python3.12/site-packages/airflow/example_dags/example_kubernetes_executor.py for tasks to queue
[2024-08-16T13:18:46.968+0000] {logging_mixin.py:190} INFO - [2024-08-16T13:18:46.967+0000] {dagbag.py:587} INFO - Filling up the DagBag from /home/airflow/.local/lib/python3.12/site-packages/airflow/example_dags/example_kubernetes_executor.py
[2024-08-16T13:18:46.997+0000] {processor.py:925} INFO - DAG(s) 'example_kubernetes_executor' retrieved from /home/airflow/.local/lib/python3.12/site-packages/airflow/example_dags/example_kubernetes_executor.py
[2024-08-16T13:18:47.209+0000] {logging_mixin.py:190} INFO - [2024-08-16T13:18:47.207+0000] {override.py:1858} INFO - Created Permission View: can read on DAG:example_kubernetes_executor
[2024-08-16T13:18:47.226+0000] {logging_mixin.py:190} INFO - [2024-08-16T13:18:47.226+0000] {override.py:1858} INFO - Created Permission View: can edit on DAG:example_kubernetes_executor
[2024-08-16T13:18:47.236+0000] {logging_mixin.py:190} INFO - [2024-08-16T13:18:47.235+0000] {override.py:1858} INFO - Created Permission View: can delete on DAG:example_kubernetes_executor
[2024-08-16T13:18:47.238+0000] {logging_mixin.py:190} INFO - [2024-08-16T13:18:47.237+0000] {dag.py:3211} INFO - Sync 1 DAGs
[2024-08-16T13:18:47.255+0000] {logging_mixin.py:190} INFO - [2024-08-16T13:18:47.255+0000] {dag.py:3234} INFO - Creating ORM DAG for example_kubernetes_executor
[2024-08-16T13:18:47.256+0000] {logging_mixin.py:190} INFO - [2024-08-16T13:18:47.256+0000] {dag.py:4138} INFO - Setting next_dagrun for example_kubernetes_executor to None, run_after=None
[2024-08-16T13:18:47.276+0000] {processor.py:208} INFO - Processing /home/airflow/.local/lib/python3.12/site-packages/airflow/example_dags/example_kubernetes_executor.py took 0.323 seconds
[2024-08-16T13:19:18.056+0000] {processor.py:186} INFO - Started process (PID=638) to work on /home/airflow/.local/lib/python3.12/site-packages/airflow/example_dags/example_kubernetes_executor.py
[2024-08-16T13:19:18.057+0000] {processor.py:914} INFO - Processing file /home/airflow/.local/lib/python3.12/site-packages/airflow/example_dags/example_kubernetes_executor.py for tasks to queue
[2024-08-16T13:19:18.060+0000] {logging_mixin.py:190} INFO - [2024-08-16T13:19:18.059+0000] {dagbag.py:587} INFO - Filling up the DagBag from /home/airflow/.local/lib/python3.12/site-packages/airflow/example_dags/example_kubernetes_executor.py
[2024-08-16T13:19:18.077+0000] {processor.py:925} INFO - DAG(s) 'example_kubernetes_executor' retrieved from /home/airflow/.local/lib/python3.12/site-packages/airflow/example_dags/example_kubernetes_executor.py
[2024-08-16T13:19:18.120+0000] {logging_mixin.py:190} INFO - [2024-08-16T13:19:18.120+0000] {dag.py:3211} INFO - Sync 1 DAGs
[2024-08-16T13:19:18.135+0000] {logging_mixin.py:190} INFO - [2024-08-16T13:19:18.135+0000] {dag.py:4138} INFO - Setting next_dagrun for example_kubernetes_executor to None, run_after=None
[2024-08-16T13:19:18.158+0000] {processor.py:208} INFO - Processing /home/airflow/.local/lib/python3.12/site-packages/airflow/example_dags/example_kubernetes_executor.py took 0.109 seconds
[2024-08-16T13:19:48.588+0000] {processor.py:186} INFO - Started process (PID=924) to work on /home/airflow/.local/lib/python3.12/site-packages/airflow/example_dags/example_kubernetes_executor.py
[2024-08-16T13:19:48.589+0000] {processor.py:914} INFO - Processing file /home/airflow/.local/lib/python3.12/site-packages/airflow/example_dags/example_kubernetes_executor.py for tasks to queue
[2024-08-16T13:19:48.592+0000] {logging_mixin.py:190} INFO - [2024-08-16T13:19:48.591+0000] {dagbag.py:587} INFO - Filling up the DagBag from /home/airflow/.local/lib/python3.12/site-packages/airflow/example_dags/example_kubernetes_executor.py
[2024-08-16T13:19:48.607+0000] {processor.py:925} INFO - DAG(s) 'example_kubernetes_executor' retrieved from /home/airflow/.local/lib/python3.12/site-packages/airflow/example_dags/example_kubernetes_executor.py
[2024-08-16T13:19:48.648+0000] {logging_mixin.py:190} INFO - [2024-08-16T13:19:48.648+0000] {dag.py:3211} INFO - Sync 1 DAGs
[2024-08-16T13:19:48.665+0000] {logging_mixin.py:190} INFO - [2024-08-16T13:19:48.665+0000] {dag.py:4138} INFO - Setting next_dagrun for example_kubernetes_executor to None, run_after=None
[2024-08-16T13:19:48.696+0000] {processor.py:208} INFO - Processing /home/airflow/.local/lib/python3.12/site-packages/airflow/example_dags/example_kubernetes_executor.py took 0.115 seconds
[2024-08-16T13:20:19.392+0000] {processor.py:186} INFO - Started process (PID=1210) to work on /home/airflow/.local/lib/python3.12/site-packages/airflow/example_dags/example_kubernetes_executor.py
[2024-08-16T13:20:19.393+0000] {processor.py:914} INFO - Processing file /home/airflow/.local/lib/python3.12/site-packages/airflow/example_dags/example_kubernetes_executor.py for tasks to queue
[2024-08-16T13:20:19.396+0000] {logging_mixin.py:190} INFO - [2024-08-16T13:20:19.395+0000] {dagbag.py:587} INFO - Filling up the DagBag from /home/airflow/.local/lib/python3.12/site-packages/airflow/example_dags/example_kubernetes_executor.py
[2024-08-16T13:20:19.411+0000] {processor.py:925} INFO - DAG(s) 'example_kubernetes_executor' retrieved from /home/airflow/.local/lib/python3.12/site-packages/airflow/example_dags/example_kubernetes_executor.py
[2024-08-16T13:20:19.452+0000] {logging_mixin.py:190} INFO - [2024-08-16T13:20:19.452+0000] {dag.py:3211} INFO - Sync 1 DAGs
[2024-08-16T13:20:19.468+0000] {logging_mixin.py:190} INFO - [2024-08-16T13:20:19.468+0000] {dag.py:4138} INFO - Setting next_dagrun for example_kubernetes_executor to None, run_after=None
[2024-08-16T13:20:19.487+0000] {processor.py:208} INFO - Processing /home/airflow/.local/lib/python3.12/site-packages/airflow/example_dags/example_kubernetes_executor.py took 0.100 seconds
[2024-08-16T13:20:49.761+0000] {processor.py:186} INFO - Started process (PID=1496) to work on /home/airflow/.local/lib/python3.12/site-packages/airflow/example_dags/example_kubernetes_executor.py
[2024-08-16T13:20:49.762+0000] {processor.py:914} INFO - Processing file /home/airflow/.local/lib/python3.12/site-packages/airflow/example_dags/example_kubernetes_executor.py for tasks to queue
[2024-08-16T13:20:49.765+0000] {logging_mixin.py:190} INFO - [2024-08-16T13:20:49.764+0000] {dagbag.py:587} INFO - Filling up the DagBag from /home/airflow/.local/lib/python3.12/site-packages/airflow/example_dags/example_kubernetes_executor.py
[2024-08-16T13:20:49.779+0000] {processor.py:925} INFO - DAG(s) 'example_kubernetes_executor' retrieved from /home/airflow/.local/lib/python3.12/site-packages/airflow/example_dags/example_kubernetes_executor.py
[2024-08-16T13:20:49.821+0000] {logging_mixin.py:190} INFO - [2024-08-16T13:20:49.821+0000] {dag.py:3211} INFO - Sync 1 DAGs
[2024-08-16T13:20:49.837+0000] {logging_mixin.py:190} INFO - [2024-08-16T13:20:49.837+0000] {dag.py:4138} INFO - Setting next_dagrun for example_kubernetes_executor to None, run_after=None
[2024-08-16T13:20:49.857+0000] {processor.py:208} INFO - Processing /home/airflow/.local/lib/python3.12/site-packages/airflow/example_dags/example_kubernetes_executor.py took 0.103 seconds
[2024-08-16T13:21:20.172+0000] {processor.py:186} INFO - Started process (PID=1782) to work on /home/airflow/.local/lib/python3.12/site-packages/airflow/example_dags/example_kubernetes_executor.py
[2024-08-16T13:21:20.173+0000] {processor.py:914} INFO - Processing file /home/airflow/.local/lib/python3.12/site-packages/airflow/example_dags/example_kubernetes_executor.py for tasks to queue
[2024-08-16T13:21:20.175+0000] {logging_mixin.py:190} INFO - [2024-08-16T13:21:20.175+0000] {dagbag.py:587} INFO - Filling up the DagBag from /home/airflow/.local/lib/python3.12/site-packages/airflow/example_dags/example_kubernetes_executor.py
[2024-08-16T13:21:20.191+0000] {processor.py:925} INFO - DAG(s) 'example_kubernetes_executor' retrieved from /home/airflow/.local/lib/python3.12/site-packages/airflow/example_dags/example_kubernetes_executor.py
[2024-08-16T13:21:20.235+0000] {logging_mixin.py:190} INFO - [2024-08-16T13:21:20.235+0000] {dag.py:3211} INFO - Sync 1 DAGs
[2024-08-16T13:21:20.251+0000] {logging_mixin.py:190} INFO - [2024-08-16T13:21:20.251+0000] {dag.py:4138} INFO - Setting next_dagrun for example_kubernetes_executor to None, run_after=None
[2024-08-16T13:21:20.273+0000] {processor.py:208} INFO - Processing /home/airflow/.local/lib/python3.12/site-packages/airflow/example_dags/example_kubernetes_executor.py took 0.108 seconds
[2024-08-16T13:21:50.493+0000] {processor.py:186} INFO - Started process (PID=2068) to work on /home/airflow/.local/lib/python3.12/site-packages/airflow/example_dags/example_kubernetes_executor.py
[2024-08-16T13:21:50.494+0000] {processor.py:914} INFO - Processing file /home/airflow/.local/lib/python3.12/site-packages/airflow/example_dags/example_kubernetes_executor.py for tasks to queue
[2024-08-16T13:21:50.497+0000] {logging_mixin.py:190} INFO - [2024-08-16T13:21:50.496+0000] {dagbag.py:587} INFO - Filling up the DagBag from /home/airflow/.local/lib/python3.12/site-packages/airflow/example_dags/example_kubernetes_executor.py
[2024-08-16T13:21:50.511+0000] {processor.py:925} INFO - DAG(s) 'example_kubernetes_executor' retrieved from /home/airflow/.local/lib/python3.12/site-packages/airflow/example_dags/example_kubernetes_executor.py
[2024-08-16T13:21:50.554+0000] {logging_mixin.py:190} INFO - [2024-08-16T13:21:50.553+0000] {dag.py:3211} INFO - Sync 1 DAGs
[2024-08-16T13:21:50.571+0000] {logging_mixin.py:190} INFO - [2024-08-16T13:21:50.571+0000] {dag.py:4138} INFO - Setting next_dagrun for example_kubernetes_executor to None, run_after=None
[2024-08-16T13:21:50.594+0000] {processor.py:208} INFO - Processing /home/airflow/.local/lib/python3.12/site-packages/airflow/example_dags/example_kubernetes_executor.py took 0.107 seconds
[2024-08-16T13:22:21.007+0000] {processor.py:186} INFO - Started process (PID=2354) to work on /home/airflow/.local/lib/python3.12/site-packages/airflow/example_dags/example_kubernetes_executor.py
[2024-08-16T13:22:21.008+0000] {processor.py:914} INFO - Processing file /home/airflow/.local/lib/python3.12/site-packages/airflow/example_dags/example_kubernetes_executor.py for tasks to queue
[2024-08-16T13:22:21.011+0000] {logging_mixin.py:190} INFO - [2024-08-16T13:22:21.010+0000] {dagbag.py:587} INFO - Filling up the DagBag from /home/airflow/.local/lib/python3.12/site-packages/airflow/example_dags/example_kubernetes_executor.py
[2024-08-16T13:22:21.027+0000] {processor.py:925} INFO - DAG(s) 'example_kubernetes_executor' retrieved from /home/airflow/.local/lib/python3.12/site-packages/airflow/example_dags/example_kubernetes_executor.py
[2024-08-16T13:22:21.070+0000] {logging_mixin.py:190} INFO - [2024-08-16T13:22:21.070+0000] {dag.py:3211} INFO - Sync 1 DAGs
[2024-08-16T13:22:21.089+0000] {logging_mixin.py:190} INFO - [2024-08-16T13:22:21.089+0000] {dag.py:4138} INFO - Setting next_dagrun for example_kubernetes_executor to None, run_after=None
[2024-08-16T13:22:21.111+0000] {processor.py:208} INFO - Processing /home/airflow/.local/lib/python3.12/site-packages/airflow/example_dags/example_kubernetes_executor.py took 0.111 seconds
[2024-08-16T13:22:51.369+0000] {processor.py:186} INFO - Started process (PID=2640) to work on /home/airflow/.local/lib/python3.12/site-packages/airflow/example_dags/example_kubernetes_executor.py
[2024-08-16T13:22:51.370+0000] {processor.py:914} INFO - Processing file /home/airflow/.local/lib/python3.12/site-packages/airflow/example_dags/example_kubernetes_executor.py for tasks to queue
[2024-08-16T13:22:51.372+0000] {logging_mixin.py:190} INFO - [2024-08-16T13:22:51.372+0000] {dagbag.py:587} INFO - Filling up the DagBag from /home/airflow/.local/lib/python3.12/site-packages/airflow/example_dags/example_kubernetes_executor.py
[2024-08-16T13:22:51.387+0000] {processor.py:925} INFO - DAG(s) 'example_kubernetes_executor' retrieved from /home/airflow/.local/lib/python3.12/site-packages/airflow/example_dags/example_kubernetes_executor.py
[2024-08-16T13:22:51.431+0000] {logging_mixin.py:190} INFO - [2024-08-16T13:22:51.430+0000] {dag.py:3211} INFO - Sync 1 DAGs
[2024-08-16T13:22:51.447+0000] {logging_mixin.py:190} INFO - [2024-08-16T13:22:51.446+0000] {dag.py:4138} INFO - Setting next_dagrun for example_kubernetes_executor to None, run_after=None
[2024-08-16T13:22:51.466+0000] {processor.py:208} INFO - Processing /home/airflow/.local/lib/python3.12/site-packages/airflow/example_dags/example_kubernetes_executor.py took 0.104 seconds
[2024-08-16T13:23:21.670+0000] {processor.py:186} INFO - Started process (PID=2926) to work on /home/airflow/.local/lib/python3.12/site-packages/airflow/example_dags/example_kubernetes_executor.py
[2024-08-16T13:23:21.671+0000] {processor.py:914} INFO - Processing file /home/airflow/.local/lib/python3.12/site-packages/airflow/example_dags/example_kubernetes_executor.py for tasks to queue
[2024-08-16T13:23:21.673+0000] {logging_mixin.py:190} INFO - [2024-08-16T13:23:21.673+0000] {dagbag.py:587} INFO - Filling up the DagBag from /home/airflow/.local/lib/python3.12/site-packages/airflow/example_dags/example_kubernetes_executor.py
[2024-08-16T13:23:21.688+0000] {processor.py:925} INFO - DAG(s) 'example_kubernetes_executor' retrieved from /home/airflow/.local/lib/python3.12/site-packages/airflow/example_dags/example_kubernetes_executor.py
[2024-08-16T13:23:21.732+0000] {logging_mixin.py:190} INFO - [2024-08-16T13:23:21.731+0000] {dag.py:3211} INFO - Sync 1 DAGs
[2024-08-16T13:23:21.749+0000] {logging_mixin.py:190} INFO - [2024-08-16T13:23:21.748+0000] {dag.py:4138} INFO - Setting next_dagrun for example_kubernetes_executor to None, run_after=None
[2024-08-16T13:23:21.768+0000] {processor.py:208} INFO - Processing /home/airflow/.local/lib/python3.12/site-packages/airflow/example_dags/example_kubernetes_executor.py took 0.105 seconds
[2024-08-16T13:23:51.974+0000] {processor.py:186} INFO - Started process (PID=3212) to work on /home/airflow/.local/lib/python3.12/site-packages/airflow/example_dags/example_kubernetes_executor.py
[2024-08-16T13:23:51.975+0000] {processor.py:914} INFO - Processing file /home/airflow/.local/lib/python3.12/site-packages/airflow/example_dags/example_kubernetes_executor.py for tasks to queue
[2024-08-16T13:23:51.977+0000] {logging_mixin.py:190} INFO - [2024-08-16T13:23:51.977+0000] {dagbag.py:587} INFO - Filling up the DagBag from /home/airflow/.local/lib/python3.12/site-packages/airflow/example_dags/example_kubernetes_executor.py
[2024-08-16T13:23:51.992+0000] {processor.py:925} INFO - DAG(s) 'example_kubernetes_executor' retrieved from /home/airflow/.local/lib/python3.12/site-packages/airflow/example_dags/example_kubernetes_executor.py
[2024-08-16T13:23:52.034+0000] {logging_mixin.py:190} INFO - [2024-08-16T13:23:52.034+0000] {dag.py:3211} INFO - Sync 1 DAGs
[2024-08-16T13:23:52.049+0000] {logging_mixin.py:190} INFO - [2024-08-16T13:23:52.049+0000] {dag.py:4138} INFO - Setting next_dagrun for example_kubernetes_executor to None, run_after=None
[2024-08-16T13:23:52.067+0000] {processor.py:208} INFO - Processing /home/airflow/.local/lib/python3.12/site-packages/airflow/example_dags/example_kubernetes_executor.py took 0.099 seconds
[2024-08-16T13:24:22.293+0000] {processor.py:186} INFO - Started process (PID=3498) to work on /home/airflow/.local/lib/python3.12/site-packages/airflow/example_dags/example_kubernetes_executor.py
[2024-08-16T13:24:22.294+0000] {processor.py:914} INFO - Processing file /home/airflow/.local/lib/python3.12/site-packages/airflow/example_dags/example_kubernetes_executor.py for tasks to queue
[2024-08-16T13:24:22.296+0000] {logging_mixin.py:190} INFO - [2024-08-16T13:24:22.296+0000] {dagbag.py:587} INFO - Filling up the DagBag from /home/airflow/.local/lib/python3.12/site-packages/airflow/example_dags/example_kubernetes_executor.py
[2024-08-16T13:24:22.312+0000] {processor.py:925} INFO - DAG(s) 'example_kubernetes_executor' retrieved from /home/airflow/.local/lib/python3.12/site-packages/airflow/example_dags/example_kubernetes_executor.py
[2024-08-16T13:24:22.355+0000] {logging_mixin.py:190} INFO - [2024-08-16T13:24:22.354+0000] {dag.py:3211} INFO - Sync 1 DAGs
[2024-08-16T13:24:22.370+0000] {logging_mixin.py:190} INFO - [2024-08-16T13:24:22.370+0000] {dag.py:4138} INFO - Setting next_dagrun for example_kubernetes_executor to None, run_after=None
[2024-08-16T13:24:22.389+0000] {processor.py:208} INFO - Processing /home/airflow/.local/lib/python3.12/site-packages/airflow/example_dags/example_kubernetes_executor.py took 0.102 seconds
[2024-08-16T13:24:52.666+0000] {processor.py:186} INFO - Started process (PID=3784) to work on /home/airflow/.local/lib/python3.12/site-packages/airflow/example_dags/example_kubernetes_executor.py
[2024-08-16T13:24:52.667+0000] {processor.py:914} INFO - Processing file /home/airflow/.local/lib/python3.12/site-packages/airflow/example_dags/example_kubernetes_executor.py for tasks to queue
[2024-08-16T13:24:52.670+0000] {logging_mixin.py:190} INFO - [2024-08-16T13:24:52.670+0000] {dagbag.py:587} INFO - Filling up the DagBag from /home/airflow/.local/lib/python3.12/site-packages/airflow/example_dags/example_kubernetes_executor.py
[2024-08-16T13:24:52.688+0000] {processor.py:925} INFO - DAG(s) 'example_kubernetes_executor' retrieved from /home/airflow/.local/lib/python3.12/site-packages/airflow/example_dags/example_kubernetes_executor.py
[2024-08-16T13:24:52.732+0000] {logging_mixin.py:190} INFO - [2024-08-16T13:24:52.732+0000] {dag.py:3211} INFO - Sync 1 DAGs
[2024-08-16T13:24:52.748+0000] {logging_mixin.py:190} INFO - [2024-08-16T13:24:52.747+0000] {dag.py:4138} INFO - Setting next_dagrun for example_kubernetes_executor to None, run_after=None
[2024-08-16T13:24:52.766+0000] {processor.py:208} INFO - Processing /home/airflow/.local/lib/python3.12/site-packages/airflow/example_dags/example_kubernetes_executor.py took 0.110 seconds
[2024-08-16T13:25:22.948+0000] {processor.py:186} INFO - Started process (PID=4070) to work on /home/airflow/.local/lib/python3.12/site-packages/airflow/example_dags/example_kubernetes_executor.py
[2024-08-16T13:25:22.949+0000] {processor.py:914} INFO - Processing file /home/airflow/.local/lib/python3.12/site-packages/airflow/example_dags/example_kubernetes_executor.py for tasks to queue
[2024-08-16T13:25:22.951+0000] {logging_mixin.py:190} INFO - [2024-08-16T13:25:22.950+0000] {dagbag.py:587} INFO - Filling up the DagBag from /home/airflow/.local/lib/python3.12/site-packages/airflow/example_dags/example_kubernetes_executor.py
[2024-08-16T13:25:22.965+0000] {processor.py:925} INFO - DAG(s) 'example_kubernetes_executor' retrieved from /home/airflow/.local/lib/python3.12/site-packages/airflow/example_dags/example_kubernetes_executor.py
[2024-08-16T13:25:23.007+0000] {logging_mixin.py:190} INFO - [2024-08-16T13:25:23.007+0000] {dag.py:3211} INFO - Sync 1 DAGs
[2024-08-16T13:25:23.022+0000] {logging_mixin.py:190} INFO - [2024-08-16T13:25:23.022+0000] {dag.py:4138} INFO - Setting next_dagrun for example_kubernetes_executor to None, run_after=None
[2024-08-16T13:25:23.041+0000] {processor.py:208} INFO - Processing /home/airflow/.local/lib/python3.12/site-packages/airflow/example_dags/example_kubernetes_executor.py took 0.100 seconds
[2024-08-16T13:25:53.428+0000] {processor.py:186} INFO - Started process (PID=4356) to work on /home/airflow/.local/lib/python3.12/site-packages/airflow/example_dags/example_kubernetes_executor.py
[2024-08-16T13:25:53.429+0000] {processor.py:914} INFO - Processing file /home/airflow/.local/lib/python3.12/site-packages/airflow/example_dags/example_kubernetes_executor.py for tasks to queue
[2024-08-16T13:25:53.432+0000] {logging_mixin.py:190} INFO - [2024-08-16T13:25:53.431+0000] {dagbag.py:587} INFO - Filling up the DagBag from /home/airflow/.local/lib/python3.12/site-packages/airflow/example_dags/example_kubernetes_executor.py
[2024-08-16T13:25:53.449+0000] {processor.py:925} INFO - DAG(s) 'example_kubernetes_executor' retrieved from /home/airflow/.local/lib/python3.12/site-packages/airflow/example_dags/example_kubernetes_executor.py
[2024-08-16T13:25:53.491+0000] {logging_mixin.py:190} INFO - [2024-08-16T13:25:53.490+0000] {dag.py:3211} INFO - Sync 1 DAGs
[2024-08-16T13:25:53.506+0000] {logging_mixin.py:190} INFO - [2024-08-16T13:25:53.506+0000] {dag.py:4138} INFO - Setting next_dagrun for example_kubernetes_executor to None, run_after=None
[2024-08-16T13:25:53.526+0000] {processor.py:208} INFO - Processing /home/airflow/.local/lib/python3.12/site-packages/airflow/example_dags/example_kubernetes_executor.py took 0.105 seconds
[2024-08-16T13:26:23.786+0000] {processor.py:186} INFO - Started process (PID=4642) to work on /home/airflow/.local/lib/python3.12/site-packages/airflow/example_dags/example_kubernetes_executor.py
[2024-08-16T13:26:23.787+0000] {processor.py:914} INFO - Processing file /home/airflow/.local/lib/python3.12/site-packages/airflow/example_dags/example_kubernetes_executor.py for tasks to queue
[2024-08-16T13:26:23.789+0000] {logging_mixin.py:190} INFO - [2024-08-16T13:26:23.789+0000] {dagbag.py:587} INFO - Filling up the DagBag from /home/airflow/.local/lib/python3.12/site-packages/airflow/example_dags/example_kubernetes_executor.py
[2024-08-16T13:26:23.804+0000] {processor.py:925} INFO - DAG(s) 'example_kubernetes_executor' retrieved from /home/airflow/.local/lib/python3.12/site-packages/airflow/example_dags/example_kubernetes_executor.py
[2024-08-16T13:26:23.846+0000] {logging_mixin.py:190} INFO - [2024-08-16T13:26:23.846+0000] {dag.py:3211} INFO - Sync 1 DAGs
[2024-08-16T13:26:23.861+0000] {logging_mixin.py:190} INFO - [2024-08-16T13:26:23.860+0000] {dag.py:4138} INFO - Setting next_dagrun for example_kubernetes_executor to None, run_after=None
[2024-08-16T13:26:23.879+0000] {processor.py:208} INFO - Processing /home/airflow/.local/lib/python3.12/site-packages/airflow/example_dags/example_kubernetes_executor.py took 0.099 seconds
[2024-08-16T13:26:54.407+0000] {processor.py:186} INFO - Started process (PID=4928) to work on /home/airflow/.local/lib/python3.12/site-packages/airflow/example_dags/example_kubernetes_executor.py
[2024-08-16T13:26:54.408+0000] {processor.py:914} INFO - Processing file /home/airflow/.local/lib/python3.12/site-packages/airflow/example_dags/example_kubernetes_executor.py for tasks to queue
[2024-08-16T13:26:54.410+0000] {logging_mixin.py:190} INFO - [2024-08-16T13:26:54.410+0000] {dagbag.py:587} INFO - Filling up the DagBag from /home/airflow/.local/lib/python3.12/site-packages/airflow/example_dags/example_kubernetes_executor.py
[2024-08-16T13:26:54.424+0000] {processor.py:925} INFO - DAG(s) 'example_kubernetes_executor' retrieved from /home/airflow/.local/lib/python3.12/site-packages/airflow/example_dags/example_kubernetes_executor.py
[2024-08-16T13:26:54.466+0000] {logging_mixin.py:190} INFO - [2024-08-16T13:26:54.465+0000] {dag.py:3211} INFO - Sync 1 DAGs
[2024-08-16T13:26:54.480+0000] {logging_mixin.py:190} INFO - [2024-08-16T13:26:54.480+0000] {dag.py:4138} INFO - Setting next_dagrun for example_kubernetes_executor to None, run_after=None
[2024-08-16T13:26:54.499+0000] {processor.py:208} INFO - Processing /home/airflow/.local/lib/python3.12/site-packages/airflow/example_dags/example_kubernetes_executor.py took 0.099 seconds
[2024-08-16T13:27:24.786+0000] {processor.py:186} INFO - Started process (PID=5215) to work on /home/airflow/.local/lib/python3.12/site-packages/airflow/example_dags/example_kubernetes_executor.py
[2024-08-16T13:27:24.787+0000] {processor.py:914} INFO - Processing file /home/airflow/.local/lib/python3.12/site-packages/airflow/example_dags/example_kubernetes_executor.py for tasks to queue
[2024-08-16T13:27:24.789+0000] {logging_mixin.py:190} INFO - [2024-08-16T13:27:24.789+0000] {dagbag.py:587} INFO - Filling up the DagBag from /home/airflow/.local/lib/python3.12/site-packages/airflow/example_dags/example_kubernetes_executor.py
[2024-08-16T13:27:24.803+0000] {processor.py:925} INFO - DAG(s) 'example_kubernetes_executor' retrieved from /home/airflow/.local/lib/python3.12/site-packages/airflow/example_dags/example_kubernetes_executor.py
[2024-08-16T13:27:24.846+0000] {logging_mixin.py:190} INFO - [2024-08-16T13:27:24.846+0000] {dag.py:3211} INFO - Sync 1 DAGs
[2024-08-16T13:27:24.862+0000] {logging_mixin.py:190} INFO - [2024-08-16T13:27:24.861+0000] {dag.py:4138} INFO - Setting next_dagrun for example_kubernetes_executor to None, run_after=None
[2024-08-16T13:27:24.883+0000] {processor.py:208} INFO - Processing /home/airflow/.local/lib/python3.12/site-packages/airflow/example_dags/example_kubernetes_executor.py took 0.103 seconds
[2024-08-16T13:27:55.167+0000] {processor.py:186} INFO - Started process (PID=5501) to work on /home/airflow/.local/lib/python3.12/site-packages/airflow/example_dags/example_kubernetes_executor.py
[2024-08-16T13:27:55.168+0000] {processor.py:914} INFO - Processing file /home/airflow/.local/lib/python3.12/site-packages/airflow/example_dags/example_kubernetes_executor.py for tasks to queue
[2024-08-16T13:27:55.171+0000] {logging_mixin.py:190} INFO - [2024-08-16T13:27:55.170+0000] {dagbag.py:587} INFO - Filling up the DagBag from /home/airflow/.local/lib/python3.12/site-packages/airflow/example_dags/example_kubernetes_executor.py
[2024-08-16T13:27:55.187+0000] {processor.py:925} INFO - DAG(s) 'example_kubernetes_executor' retrieved from /home/airflow/.local/lib/python3.12/site-packages/airflow/example_dags/example_kubernetes_executor.py
[2024-08-16T13:27:55.230+0000] {logging_mixin.py:190} INFO - [2024-08-16T13:27:55.230+0000] {dag.py:3211} INFO - Sync 1 DAGs
[2024-08-16T13:27:55.248+0000] {logging_mixin.py:190} INFO - [2024-08-16T13:27:55.248+0000] {dag.py:4138} INFO - Setting next_dagrun for example_kubernetes_executor to None, run_after=None
[2024-08-16T13:27:55.267+0000] {processor.py:208} INFO - Processing /home/airflow/.local/lib/python3.12/site-packages/airflow/example_dags/example_kubernetes_executor.py took 0.107 seconds
[2024-08-16T13:28:25.854+0000] {processor.py:186} INFO - Started process (PID=5787) to work on /home/airflow/.local/lib/python3.12/site-packages/airflow/example_dags/example_kubernetes_executor.py
[2024-08-16T13:28:25.855+0000] {processor.py:914} INFO - Processing file /home/airflow/.local/lib/python3.12/site-packages/airflow/example_dags/example_kubernetes_executor.py for tasks to queue
[2024-08-16T13:28:25.858+0000] {logging_mixin.py:190} INFO - [2024-08-16T13:28:25.858+0000] {dagbag.py:587} INFO - Filling up the DagBag from /home/airflow/.local/lib/python3.12/site-packages/airflow/example_dags/example_kubernetes_executor.py
[2024-08-16T13:28:25.874+0000] {processor.py:925} INFO - DAG(s) 'example_kubernetes_executor' retrieved from /home/airflow/.local/lib/python3.12/site-packages/airflow/example_dags/example_kubernetes_executor.py
[2024-08-16T13:28:25.919+0000] {logging_mixin.py:190} INFO - [2024-08-16T13:28:25.919+0000] {dag.py:3211} INFO - Sync 1 DAGs
[2024-08-16T13:28:25.937+0000] {logging_mixin.py:190} INFO - [2024-08-16T13:28:25.936+0000] {dag.py:4138} INFO - Setting next_dagrun for example_kubernetes_executor to None, run_after=None
[2024-08-16T13:28:25.967+0000] {processor.py:208} INFO - Processing /home/airflow/.local/lib/python3.12/site-packages/airflow/example_dags/example_kubernetes_executor.py took 0.120 seconds
[2024-08-16T13:28:56.228+0000] {processor.py:186} INFO - Started process (PID=6073) to work on /home/airflow/.local/lib/python3.12/site-packages/airflow/example_dags/example_kubernetes_executor.py
[2024-08-16T13:28:56.229+0000] {processor.py:914} INFO - Processing file /home/airflow/.local/lib/python3.12/site-packages/airflow/example_dags/example_kubernetes_executor.py for tasks to queue
[2024-08-16T13:28:56.231+0000] {logging_mixin.py:190} INFO - [2024-08-16T13:28:56.231+0000] {dagbag.py:587} INFO - Filling up the DagBag from /home/airflow/.local/lib/python3.12/site-packages/airflow/example_dags/example_kubernetes_executor.py
[2024-08-16T13:28:56.246+0000] {processor.py:925} INFO - DAG(s) 'example_kubernetes_executor' retrieved from /home/airflow/.local/lib/python3.12/site-packages/airflow/example_dags/example_kubernetes_executor.py
[2024-08-16T13:28:56.290+0000] {logging_mixin.py:190} INFO - [2024-08-16T13:28:56.289+0000] {dag.py:3211} INFO - Sync 1 DAGs
[2024-08-16T13:28:56.307+0000] {logging_mixin.py:190} INFO - [2024-08-16T13:28:56.307+0000] {dag.py:4138} INFO - Setting next_dagrun for example_kubernetes_executor to None, run_after=None
[2024-08-16T13:28:56.330+0000] {processor.py:208} INFO - Processing /home/airflow/.local/lib/python3.12/site-packages/airflow/example_dags/example_kubernetes_executor.py took 0.109 seconds
[2024-08-16T13:29:26.832+0000] {processor.py:186} INFO - Started process (PID=6359) to work on /home/airflow/.local/lib/python3.12/site-packages/airflow/example_dags/example_kubernetes_executor.py
[2024-08-16T13:29:26.833+0000] {processor.py:914} INFO - Processing file /home/airflow/.local/lib/python3.12/site-packages/airflow/example_dags/example_kubernetes_executor.py for tasks to queue
[2024-08-16T13:29:26.835+0000] {logging_mixin.py:190} INFO - [2024-08-16T13:29:26.835+0000] {dagbag.py:587} INFO - Filling up the DagBag from /home/airflow/.local/lib/python3.12/site-packages/airflow/example_dags/example_kubernetes_executor.py
[2024-08-16T13:29:26.850+0000] {processor.py:925} INFO - DAG(s) 'example_kubernetes_executor' retrieved from /home/airflow/.local/lib/python3.12/site-packages/airflow/example_dags/example_kubernetes_executor.py
[2024-08-16T13:29:26.891+0000] {logging_mixin.py:190} INFO - [2024-08-16T13:29:26.891+0000] {dag.py:3211} INFO - Sync 1 DAGs
[2024-08-16T13:29:26.906+0000] {logging_mixin.py:190} INFO - [2024-08-16T13:29:26.905+0000] {dag.py:4138} INFO - Setting next_dagrun for example_kubernetes_executor to None, run_after=None
[2024-08-16T13:29:26.925+0000] {processor.py:208} INFO - Processing /home/airflow/.local/lib/python3.12/site-packages/airflow/example_dags/example_kubernetes_executor.py took 0.099 seconds
[2024-08-16T13:29:57.276+0000] {processor.py:186} INFO - Started process (PID=6645) to work on /home/airflow/.local/lib/python3.12/site-packages/airflow/example_dags/example_kubernetes_executor.py
[2024-08-16T13:29:57.277+0000] {processor.py:914} INFO - Processing file /home/airflow/.local/lib/python3.12/site-packages/airflow/example_dags/example_kubernetes_executor.py for tasks to queue
[2024-08-16T13:29:57.280+0000] {logging_mixin.py:190} INFO - [2024-08-16T13:29:57.279+0000] {dagbag.py:587} INFO - Filling up the DagBag from /home/airflow/.local/lib/python3.12/site-packages/airflow/example_dags/example_kubernetes_executor.py
[2024-08-16T13:29:57.296+0000] {processor.py:925} INFO - DAG(s) 'example_kubernetes_executor' retrieved from /home/airflow/.local/lib/python3.12/site-packages/airflow/example_dags/example_kubernetes_executor.py
[2024-08-16T13:29:57.341+0000] {logging_mixin.py:190} INFO - [2024-08-16T13:29:57.341+0000] {dag.py:3211} INFO - Sync 1 DAGs
[2024-08-16T13:29:57.357+0000] {logging_mixin.py:190} INFO - [2024-08-16T13:29:57.357+0000] {dag.py:4138} INFO - Setting next_dagrun for example_kubernetes_executor to None, run_after=None
[2024-08-16T13:29:57.379+0000] {processor.py:208} INFO - Processing /home/airflow/.local/lib/python3.12/site-packages/airflow/example_dags/example_kubernetes_executor.py took 0.109 seconds
[2024-08-16T13:30:27.721+0000] {processor.py:186} INFO - Started process (PID=6932) to work on /home/airflow/.local/lib/python3.12/site-packages/airflow/example_dags/example_kubernetes_executor.py
[2024-08-16T13:30:27.722+0000] {processor.py:914} INFO - Processing file /home/airflow/.local/lib/python3.12/site-packages/airflow/example_dags/example_kubernetes_executor.py for tasks to queue
[2024-08-16T13:30:27.724+0000] {logging_mixin.py:190} INFO - [2024-08-16T13:30:27.724+0000] {dagbag.py:587} INFO - Filling up the DagBag from /home/airflow/.local/lib/python3.12/site-packages/airflow/example_dags/example_kubernetes_executor.py
[2024-08-16T13:30:27.739+0000] {processor.py:925} INFO - DAG(s) 'example_kubernetes_executor' retrieved from /home/airflow/.local/lib/python3.12/site-packages/airflow/example_dags/example_kubernetes_executor.py
[2024-08-16T13:30:27.782+0000] {logging_mixin.py:190} INFO - [2024-08-16T13:30:27.781+0000] {dag.py:3211} INFO - Sync 1 DAGs
[2024-08-16T13:30:27.796+0000] {logging_mixin.py:190} INFO - [2024-08-16T13:30:27.795+0000] {dag.py:4138} INFO - Setting next_dagrun for example_kubernetes_executor to None, run_after=None
[2024-08-16T13:30:27.814+0000] {processor.py:208} INFO - Processing /home/airflow/.local/lib/python3.12/site-packages/airflow/example_dags/example_kubernetes_executor.py took 0.099 seconds
[2024-08-16T13:30:58.447+0000] {processor.py:186} INFO - Started process (PID=7218) to work on /home/airflow/.local/lib/python3.12/site-packages/airflow/example_dags/example_kubernetes_executor.py
[2024-08-16T13:30:58.448+0000] {processor.py:914} INFO - Processing file /home/airflow/.local/lib/python3.12/site-packages/airflow/example_dags/example_kubernetes_executor.py for tasks to queue
[2024-08-16T13:30:58.451+0000] {logging_mixin.py:190} INFO - [2024-08-16T13:30:58.451+0000] {dagbag.py:587} INFO - Filling up the DagBag from /home/airflow/.local/lib/python3.12/site-packages/airflow/example_dags/example_kubernetes_executor.py
[2024-08-16T13:30:58.466+0000] {processor.py:925} INFO - DAG(s) 'example_kubernetes_executor' retrieved from /home/airflow/.local/lib/python3.12/site-packages/airflow/example_dags/example_kubernetes_executor.py
[2024-08-16T13:30:58.508+0000] {logging_mixin.py:190} INFO - [2024-08-16T13:30:58.508+0000] {dag.py:3211} INFO - Sync 1 DAGs
[2024-08-16T13:30:58.525+0000] {logging_mixin.py:190} INFO - [2024-08-16T13:30:58.524+0000] {dag.py:4138} INFO - Setting next_dagrun for example_kubernetes_executor to None, run_after=None
[2024-08-16T13:30:58.543+0000] {processor.py:208} INFO - Processing /home/airflow/.local/lib/python3.12/site-packages/airflow/example_dags/example_kubernetes_executor.py took 0.103 seconds
[2024-08-16T13:31:28.836+0000] {processor.py:186} INFO - Started process (PID=7504) to work on /home/airflow/.local/lib/python3.12/site-packages/airflow/example_dags/example_kubernetes_executor.py
[2024-08-16T13:31:28.838+0000] {processor.py:914} INFO - Processing file /home/airflow/.local/lib/python3.12/site-packages/airflow/example_dags/example_kubernetes_executor.py for tasks to queue
[2024-08-16T13:31:28.840+0000] {logging_mixin.py:190} INFO - [2024-08-16T13:31:28.840+0000] {dagbag.py:587} INFO - Filling up the DagBag from /home/airflow/.local/lib/python3.12/site-packages/airflow/example_dags/example_kubernetes_executor.py
[2024-08-16T13:31:28.855+0000] {processor.py:925} INFO - DAG(s) 'example_kubernetes_executor' retrieved from /home/airflow/.local/lib/python3.12/site-packages/airflow/example_dags/example_kubernetes_executor.py
[2024-08-16T13:31:28.899+0000] {logging_mixin.py:190} INFO - [2024-08-16T13:31:28.898+0000] {dag.py:3211} INFO - Sync 1 DAGs
[2024-08-16T13:31:28.930+0000] {logging_mixin.py:190} INFO - [2024-08-16T13:31:28.930+0000] {dag.py:4138} INFO - Setting next_dagrun for example_kubernetes_executor to None, run_after=None
[2024-08-16T13:31:28.950+0000] {processor.py:208} INFO - Processing /home/airflow/.local/lib/python3.12/site-packages/airflow/example_dags/example_kubernetes_executor.py took 0.120 seconds
[2024-08-16T13:31:59.388+0000] {processor.py:186} INFO - Started process (PID=7790) to work on /home/airflow/.local/lib/python3.12/site-packages/airflow/example_dags/example_kubernetes_executor.py
[2024-08-16T13:31:59.389+0000] {processor.py:914} INFO - Processing file /home/airflow/.local/lib/python3.12/site-packages/airflow/example_dags/example_kubernetes_executor.py for tasks to queue
[2024-08-16T13:31:59.392+0000] {logging_mixin.py:190} INFO - [2024-08-16T13:31:59.392+0000] {dagbag.py:587} INFO - Filling up the DagBag from /home/airflow/.local/lib/python3.12/site-packages/airflow/example_dags/example_kubernetes_executor.py
[2024-08-16T13:31:59.406+0000] {processor.py:925} INFO - DAG(s) 'example_kubernetes_executor' retrieved from /home/airflow/.local/lib/python3.12/site-packages/airflow/example_dags/example_kubernetes_executor.py
[2024-08-16T13:31:59.449+0000] {logging_mixin.py:190} INFO - [2024-08-16T13:31:59.448+0000] {dag.py:3211} INFO - Sync 1 DAGs
[2024-08-16T13:31:59.464+0000] {logging_mixin.py:190} INFO - [2024-08-16T13:31:59.463+0000] {dag.py:4138} INFO - Setting next_dagrun for example_kubernetes_executor to None, run_after=None
[2024-08-16T13:31:59.483+0000] {processor.py:208} INFO - Processing /home/airflow/.local/lib/python3.12/site-packages/airflow/example_dags/example_kubernetes_executor.py took 0.101 seconds
[2024-08-16T13:32:29.987+0000] {processor.py:186} INFO - Started process (PID=8076) to work on /home/airflow/.local/lib/python3.12/site-packages/airflow/example_dags/example_kubernetes_executor.py
[2024-08-16T13:32:29.988+0000] {processor.py:914} INFO - Processing file /home/airflow/.local/lib/python3.12/site-packages/airflow/example_dags/example_kubernetes_executor.py for tasks to queue
[2024-08-16T13:32:29.991+0000] {logging_mixin.py:190} INFO - [2024-08-16T13:32:29.991+0000] {dagbag.py:587} INFO - Filling up the DagBag from /home/airflow/.local/lib/python3.12/site-packages/airflow/example_dags/example_kubernetes_executor.py
[2024-08-16T13:32:30.006+0000] {processor.py:925} INFO - DAG(s) 'example_kubernetes_executor' retrieved from /home/airflow/.local/lib/python3.12/site-packages/airflow/example_dags/example_kubernetes_executor.py
[2024-08-16T13:32:30.049+0000] {logging_mixin.py:190} INFO - [2024-08-16T13:32:30.049+0000] {dag.py:3211} INFO - Sync 1 DAGs
[2024-08-16T13:32:30.064+0000] {logging_mixin.py:190} INFO - [2024-08-16T13:32:30.063+0000] {dag.py:4138} INFO - Setting next_dagrun for example_kubernetes_executor to None, run_after=None
[2024-08-16T13:32:30.081+0000] {processor.py:208} INFO - Processing /home/airflow/.local/lib/python3.12/site-packages/airflow/example_dags/example_kubernetes_executor.py took 0.100 seconds
[2024-08-16T13:33:00.361+0000] {processor.py:186} INFO - Started process (PID=8362) to work on /home/airflow/.local/lib/python3.12/site-packages/airflow/example_dags/example_kubernetes_executor.py
[2024-08-16T13:33:00.362+0000] {processor.py:914} INFO - Processing file /home/airflow/.local/lib/python3.12/site-packages/airflow/example_dags/example_kubernetes_executor.py for tasks to queue
[2024-08-16T13:33:00.364+0000] {logging_mixin.py:190} INFO - [2024-08-16T13:33:00.364+0000] {dagbag.py:587} INFO - Filling up the DagBag from /home/airflow/.local/lib/python3.12/site-packages/airflow/example_dags/example_kubernetes_executor.py
[2024-08-16T13:33:00.381+0000] {processor.py:925} INFO - DAG(s) 'example_kubernetes_executor' retrieved from /home/airflow/.local/lib/python3.12/site-packages/airflow/example_dags/example_kubernetes_executor.py
[2024-08-16T13:33:00.429+0000] {logging_mixin.py:190} INFO - [2024-08-16T13:33:00.429+0000] {dag.py:3211} INFO - Sync 1 DAGs
[2024-08-16T13:33:00.446+0000] {logging_mixin.py:190} INFO - [2024-08-16T13:33:00.445+0000] {dag.py:4138} INFO - Setting next_dagrun for example_kubernetes_executor to None, run_after=None
[2024-08-16T13:33:00.466+0000] {processor.py:208} INFO - Processing /home/airflow/.local/lib/python3.12/site-packages/airflow/example_dags/example_kubernetes_executor.py took 0.111 seconds
[2024-08-16T13:33:30.751+0000] {processor.py:186} INFO - Started process (PID=8648) to work on /home/airflow/.local/lib/python3.12/site-packages/airflow/example_dags/example_kubernetes_executor.py
[2024-08-16T13:33:30.752+0000] {processor.py:914} INFO - Processing file /home/airflow/.local/lib/python3.12/site-packages/airflow/example_dags/example_kubernetes_executor.py for tasks to queue
[2024-08-16T13:33:30.755+0000] {logging_mixin.py:190} INFO - [2024-08-16T13:33:30.754+0000] {dagbag.py:587} INFO - Filling up the DagBag from /home/airflow/.local/lib/python3.12/site-packages/airflow/example_dags/example_kubernetes_executor.py
[2024-08-16T13:33:30.770+0000] {processor.py:925} INFO - DAG(s) 'example_kubernetes_executor' retrieved from /home/airflow/.local/lib/python3.12/site-packages/airflow/example_dags/example_kubernetes_executor.py
[2024-08-16T13:33:30.814+0000] {logging_mixin.py:190} INFO - [2024-08-16T13:33:30.814+0000] {dag.py:3211} INFO - Sync 1 DAGs
[2024-08-16T13:33:30.831+0000] {logging_mixin.py:190} INFO - [2024-08-16T13:33:30.830+0000] {dag.py:4138} INFO - Setting next_dagrun for example_kubernetes_executor to None, run_after=None
[2024-08-16T13:33:30.857+0000] {processor.py:208} INFO - Processing /home/airflow/.local/lib/python3.12/site-packages/airflow/example_dags/example_kubernetes_executor.py took 0.112 seconds
[2024-08-16T13:34:01.015+0000] {processor.py:186} INFO - Started process (PID=8934) to work on /home/airflow/.local/lib/python3.12/site-packages/airflow/example_dags/example_kubernetes_executor.py
[2024-08-16T13:34:01.016+0000] {processor.py:914} INFO - Processing file /home/airflow/.local/lib/python3.12/site-packages/airflow/example_dags/example_kubernetes_executor.py for tasks to queue
[2024-08-16T13:34:01.019+0000] {logging_mixin.py:190} INFO - [2024-08-16T13:34:01.019+0000] {dagbag.py:587} INFO - Filling up the DagBag from /home/airflow/.local/lib/python3.12/site-packages/airflow/example_dags/example_kubernetes_executor.py
[2024-08-16T13:34:01.035+0000] {processor.py:925} INFO - DAG(s) 'example_kubernetes_executor' retrieved from /home/airflow/.local/lib/python3.12/site-packages/airflow/example_dags/example_kubernetes_executor.py
[2024-08-16T13:34:01.078+0000] {logging_mixin.py:190} INFO - [2024-08-16T13:34:01.078+0000] {dag.py:3211} INFO - Sync 1 DAGs
[2024-08-16T13:34:01.096+0000] {logging_mixin.py:190} INFO - [2024-08-16T13:34:01.095+0000] {dag.py:4138} INFO - Setting next_dagrun for example_kubernetes_executor to None, run_after=None
[2024-08-16T13:34:01.118+0000] {processor.py:208} INFO - Processing /home/airflow/.local/lib/python3.12/site-packages/airflow/example_dags/example_kubernetes_executor.py took 0.110 seconds
[2024-08-16T13:34:31.706+0000] {processor.py:186} INFO - Started process (PID=9220) to work on /home/airflow/.local/lib/python3.12/site-packages/airflow/example_dags/example_kubernetes_executor.py
[2024-08-16T13:34:31.707+0000] {processor.py:914} INFO - Processing file /home/airflow/.local/lib/python3.12/site-packages/airflow/example_dags/example_kubernetes_executor.py for tasks to queue
[2024-08-16T13:34:31.710+0000] {logging_mixin.py:190} INFO - [2024-08-16T13:34:31.709+0000] {dagbag.py:587} INFO - Filling up the DagBag from /home/airflow/.local/lib/python3.12/site-packages/airflow/example_dags/example_kubernetes_executor.py
[2024-08-16T13:34:31.729+0000] {processor.py:925} INFO - DAG(s) 'example_kubernetes_executor' retrieved from /home/airflow/.local/lib/python3.12/site-packages/airflow/example_dags/example_kubernetes_executor.py
[2024-08-16T13:34:31.776+0000] {logging_mixin.py:190} INFO - [2024-08-16T13:34:31.775+0000] {dag.py:3211} INFO - Sync 1 DAGs
[2024-08-16T13:34:31.791+0000] {logging_mixin.py:190} INFO - [2024-08-16T13:34:31.791+0000] {dag.py:4138} INFO - Setting next_dagrun for example_kubernetes_executor to None, run_after=None
[2024-08-16T13:34:31.813+0000] {processor.py:208} INFO - Processing /home/airflow/.local/lib/python3.12/site-packages/airflow/example_dags/example_kubernetes_executor.py took 0.115 seconds
[2024-08-16T13:35:02.106+0000] {processor.py:186} INFO - Started process (PID=9506) to work on /home/airflow/.local/lib/python3.12/site-packages/airflow/example_dags/example_kubernetes_executor.py
[2024-08-16T13:35:02.107+0000] {processor.py:914} INFO - Processing file /home/airflow/.local/lib/python3.12/site-packages/airflow/example_dags/example_kubernetes_executor.py for tasks to queue
[2024-08-16T13:35:02.109+0000] {logging_mixin.py:190} INFO - [2024-08-16T13:35:02.109+0000] {dagbag.py:587} INFO - Filling up the DagBag from /home/airflow/.local/lib/python3.12/site-packages/airflow/example_dags/example_kubernetes_executor.py
[2024-08-16T13:35:02.124+0000] {processor.py:925} INFO - DAG(s) 'example_kubernetes_executor' retrieved from /home/airflow/.local/lib/python3.12/site-packages/airflow/example_dags/example_kubernetes_executor.py
[2024-08-16T13:35:02.170+0000] {logging_mixin.py:190} INFO - [2024-08-16T13:35:02.169+0000] {dag.py:3211} INFO - Sync 1 DAGs
[2024-08-16T13:35:02.186+0000] {logging_mixin.py:190} INFO - [2024-08-16T13:35:02.186+0000] {dag.py:4138} INFO - Setting next_dagrun for example_kubernetes_executor to None, run_after=None
[2024-08-16T13:35:02.209+0000] {processor.py:208} INFO - Processing /home/airflow/.local/lib/python3.12/site-packages/airflow/example_dags/example_kubernetes_executor.py took 0.109 seconds
[2024-08-16T13:35:32.531+0000] {processor.py:186} INFO - Started process (PID=9792) to work on /home/airflow/.local/lib/python3.12/site-packages/airflow/example_dags/example_kubernetes_executor.py
[2024-08-16T13:35:32.532+0000] {processor.py:914} INFO - Processing file /home/airflow/.local/lib/python3.12/site-packages/airflow/example_dags/example_kubernetes_executor.py for tasks to queue
[2024-08-16T13:35:32.535+0000] {logging_mixin.py:190} INFO - [2024-08-16T13:35:32.534+0000] {dagbag.py:587} INFO - Filling up the DagBag from /home/airflow/.local/lib/python3.12/site-packages/airflow/example_dags/example_kubernetes_executor.py
[2024-08-16T13:35:32.554+0000] {processor.py:925} INFO - DAG(s) 'example_kubernetes_executor' retrieved from /home/airflow/.local/lib/python3.12/site-packages/airflow/example_dags/example_kubernetes_executor.py
[2024-08-16T13:35:32.600+0000] {logging_mixin.py:190} INFO - [2024-08-16T13:35:32.600+0000] {dag.py:3211} INFO - Sync 1 DAGs
[2024-08-16T13:35:32.617+0000] {logging_mixin.py:190} INFO - [2024-08-16T13:35:32.617+0000] {dag.py:4138} INFO - Setting next_dagrun for example_kubernetes_executor to None, run_after=None
[2024-08-16T13:35:32.639+0000] {processor.py:208} INFO - Processing /home/airflow/.local/lib/python3.12/site-packages/airflow/example_dags/example_kubernetes_executor.py took 0.115 seconds
[2024-08-16T13:36:03.026+0000] {processor.py:186} INFO - Started process (PID=10078) to work on /home/airflow/.local/lib/python3.12/site-packages/airflow/example_dags/example_kubernetes_executor.py
[2024-08-16T13:36:03.027+0000] {processor.py:914} INFO - Processing file /home/airflow/.local/lib/python3.12/site-packages/airflow/example_dags/example_kubernetes_executor.py for tasks to queue
[2024-08-16T13:36:03.029+0000] {logging_mixin.py:190} INFO - [2024-08-16T13:36:03.029+0000] {dagbag.py:587} INFO - Filling up the DagBag from /home/airflow/.local/lib/python3.12/site-packages/airflow/example_dags/example_kubernetes_executor.py
[2024-08-16T13:36:03.045+0000] {processor.py:925} INFO - DAG(s) 'example_kubernetes_executor' retrieved from /home/airflow/.local/lib/python3.12/site-packages/airflow/example_dags/example_kubernetes_executor.py
[2024-08-16T13:36:03.092+0000] {logging_mixin.py:190} INFO - [2024-08-16T13:36:03.092+0000] {dag.py:3211} INFO - Sync 1 DAGs
[2024-08-16T13:36:03.108+0000] {logging_mixin.py:190} INFO - [2024-08-16T13:36:03.108+0000] {dag.py:4138} INFO - Setting next_dagrun for example_kubernetes_executor to None, run_after=None
[2024-08-16T13:36:03.128+0000] {processor.py:208} INFO - Processing /home/airflow/.local/lib/python3.12/site-packages/airflow/example_dags/example_kubernetes_executor.py took 0.109 seconds
[2024-08-16T13:36:33.507+0000] {processor.py:186} INFO - Started process (PID=10364) to work on /home/airflow/.local/lib/python3.12/site-packages/airflow/example_dags/example_kubernetes_executor.py
[2024-08-16T13:36:33.509+0000] {processor.py:914} INFO - Processing file /home/airflow/.local/lib/python3.12/site-packages/airflow/example_dags/example_kubernetes_executor.py for tasks to queue
[2024-08-16T13:36:33.511+0000] {logging_mixin.py:190} INFO - [2024-08-16T13:36:33.511+0000] {dagbag.py:587} INFO - Filling up the DagBag from /home/airflow/.local/lib/python3.12/site-packages/airflow/example_dags/example_kubernetes_executor.py
[2024-08-16T13:36:33.525+0000] {processor.py:925} INFO - DAG(s) 'example_kubernetes_executor' retrieved from /home/airflow/.local/lib/python3.12/site-packages/airflow/example_dags/example_kubernetes_executor.py
[2024-08-16T13:36:33.567+0000] {logging_mixin.py:190} INFO - [2024-08-16T13:36:33.567+0000] {dag.py:3211} INFO - Sync 1 DAGs
[2024-08-16T13:36:33.582+0000] {logging_mixin.py:190} INFO - [2024-08-16T13:36:33.582+0000] {dag.py:4138} INFO - Setting next_dagrun for example_kubernetes_executor to None, run_after=None
[2024-08-16T13:36:33.603+0000] {processor.py:208} INFO - Processing /home/airflow/.local/lib/python3.12/site-packages/airflow/example_dags/example_kubernetes_executor.py took 0.102 seconds
[2024-08-16T13:37:03.875+0000] {processor.py:186} INFO - Started process (PID=10650) to work on /home/airflow/.local/lib/python3.12/site-packages/airflow/example_dags/example_kubernetes_executor.py
[2024-08-16T13:37:03.876+0000] {processor.py:914} INFO - Processing file /home/airflow/.local/lib/python3.12/site-packages/airflow/example_dags/example_kubernetes_executor.py for tasks to queue
[2024-08-16T13:37:03.878+0000] {logging_mixin.py:190} INFO - [2024-08-16T13:37:03.878+0000] {dagbag.py:587} INFO - Filling up the DagBag from /home/airflow/.local/lib/python3.12/site-packages/airflow/example_dags/example_kubernetes_executor.py
[2024-08-16T13:37:03.894+0000] {processor.py:925} INFO - DAG(s) 'example_kubernetes_executor' retrieved from /home/airflow/.local/lib/python3.12/site-packages/airflow/example_dags/example_kubernetes_executor.py
[2024-08-16T13:37:03.937+0000] {logging_mixin.py:190} INFO - [2024-08-16T13:37:03.937+0000] {dag.py:3211} INFO - Sync 1 DAGs
[2024-08-16T13:37:03.953+0000] {logging_mixin.py:190} INFO - [2024-08-16T13:37:03.953+0000] {dag.py:4138} INFO - Setting next_dagrun for example_kubernetes_executor to None, run_after=None
[2024-08-16T13:37:03.974+0000] {processor.py:208} INFO - Processing /home/airflow/.local/lib/python3.12/site-packages/airflow/example_dags/example_kubernetes_executor.py took 0.105 seconds
[2024-08-16T13:37:34.271+0000] {processor.py:186} INFO - Started process (PID=10937) to work on /home/airflow/.local/lib/python3.12/site-packages/airflow/example_dags/example_kubernetes_executor.py
[2024-08-16T13:37:34.272+0000] {processor.py:914} INFO - Processing file /home/airflow/.local/lib/python3.12/site-packages/airflow/example_dags/example_kubernetes_executor.py for tasks to queue
[2024-08-16T13:37:34.274+0000] {logging_mixin.py:190} INFO - [2024-08-16T13:37:34.274+0000] {dagbag.py:587} INFO - Filling up the DagBag from /home/airflow/.local/lib/python3.12/site-packages/airflow/example_dags/example_kubernetes_executor.py
[2024-08-16T13:37:34.289+0000] {processor.py:925} INFO - DAG(s) 'example_kubernetes_executor' retrieved from /home/airflow/.local/lib/python3.12/site-packages/airflow/example_dags/example_kubernetes_executor.py
[2024-08-16T13:37:34.330+0000] {logging_mixin.py:190} INFO - [2024-08-16T13:37:34.330+0000] {dag.py:3211} INFO - Sync 1 DAGs
[2024-08-16T13:37:34.346+0000] {logging_mixin.py:190} INFO - [2024-08-16T13:37:34.346+0000] {dag.py:4138} INFO - Setting next_dagrun for example_kubernetes_executor to None, run_after=None
[2024-08-16T13:37:34.370+0000] {processor.py:208} INFO - Processing /home/airflow/.local/lib/python3.12/site-packages/airflow/example_dags/example_kubernetes_executor.py took 0.108 seconds
[2024-08-16T13:38:04.672+0000] {processor.py:186} INFO - Started process (PID=11223) to work on /home/airflow/.local/lib/python3.12/site-packages/airflow/example_dags/example_kubernetes_executor.py
[2024-08-16T13:38:04.673+0000] {processor.py:914} INFO - Processing file /home/airflow/.local/lib/python3.12/site-packages/airflow/example_dags/example_kubernetes_executor.py for tasks to queue
[2024-08-16T13:38:04.676+0000] {logging_mixin.py:190} INFO - [2024-08-16T13:38:04.675+0000] {dagbag.py:587} INFO - Filling up the DagBag from /home/airflow/.local/lib/python3.12/site-packages/airflow/example_dags/example_kubernetes_executor.py
[2024-08-16T13:38:04.691+0000] {processor.py:925} INFO - DAG(s) 'example_kubernetes_executor' retrieved from /home/airflow/.local/lib/python3.12/site-packages/airflow/example_dags/example_kubernetes_executor.py
[2024-08-16T13:38:04.732+0000] {logging_mixin.py:190} INFO - [2024-08-16T13:38:04.732+0000] {dag.py:3211} INFO - Sync 1 DAGs
[2024-08-16T13:38:04.748+0000] {logging_mixin.py:190} INFO - [2024-08-16T13:38:04.748+0000] {dag.py:4138} INFO - Setting next_dagrun for example_kubernetes_executor to None, run_after=None
[2024-08-16T13:38:04.766+0000] {processor.py:208} INFO - Processing /home/airflow/.local/lib/python3.12/site-packages/airflow/example_dags/example_kubernetes_executor.py took 0.100 seconds
[2024-08-16T13:38:35.176+0000] {processor.py:186} INFO - Started process (PID=11509) to work on /home/airflow/.local/lib/python3.12/site-packages/airflow/example_dags/example_kubernetes_executor.py
[2024-08-16T13:38:35.177+0000] {processor.py:914} INFO - Processing file /home/airflow/.local/lib/python3.12/site-packages/airflow/example_dags/example_kubernetes_executor.py for tasks to queue
[2024-08-16T13:38:35.180+0000] {logging_mixin.py:190} INFO - [2024-08-16T13:38:35.179+0000] {dagbag.py:587} INFO - Filling up the DagBag from /home/airflow/.local/lib/python3.12/site-packages/airflow/example_dags/example_kubernetes_executor.py
[2024-08-16T13:38:35.195+0000] {processor.py:925} INFO - DAG(s) 'example_kubernetes_executor' retrieved from /home/airflow/.local/lib/python3.12/site-packages/airflow/example_dags/example_kubernetes_executor.py
[2024-08-16T13:38:35.236+0000] {logging_mixin.py:190} INFO - [2024-08-16T13:38:35.236+0000] {dag.py:3211} INFO - Sync 1 DAGs
[2024-08-16T13:38:35.252+0000] {logging_mixin.py:190} INFO - [2024-08-16T13:38:35.252+0000] {dag.py:4138} INFO - Setting next_dagrun for example_kubernetes_executor to None, run_after=None
[2024-08-16T13:38:35.271+0000] {processor.py:208} INFO - Processing /home/airflow/.local/lib/python3.12/site-packages/airflow/example_dags/example_kubernetes_executor.py took 0.101 seconds
[2024-08-16T13:39:05.431+0000] {processor.py:186} INFO - Started process (PID=11795) to work on /home/airflow/.local/lib/python3.12/site-packages/airflow/example_dags/example_kubernetes_executor.py
[2024-08-16T13:39:05.432+0000] {processor.py:914} INFO - Processing file /home/airflow/.local/lib/python3.12/site-packages/airflow/example_dags/example_kubernetes_executor.py for tasks to queue
[2024-08-16T13:39:05.435+0000] {logging_mixin.py:190} INFO - [2024-08-16T13:39:05.434+0000] {dagbag.py:587} INFO - Filling up the DagBag from /home/airflow/.local/lib/python3.12/site-packages/airflow/example_dags/example_kubernetes_executor.py
[2024-08-16T13:39:05.451+0000] {processor.py:925} INFO - DAG(s) 'example_kubernetes_executor' retrieved from /home/airflow/.local/lib/python3.12/site-packages/airflow/example_dags/example_kubernetes_executor.py
[2024-08-16T13:39:05.491+0000] {logging_mixin.py:190} INFO - [2024-08-16T13:39:05.491+0000] {dag.py:3211} INFO - Sync 1 DAGs
[2024-08-16T13:39:05.506+0000] {logging_mixin.py:190} INFO - [2024-08-16T13:39:05.506+0000] {dag.py:4138} INFO - Setting next_dagrun for example_kubernetes_executor to None, run_after=None
[2024-08-16T13:39:05.525+0000] {processor.py:208} INFO - Processing /home/airflow/.local/lib/python3.12/site-packages/airflow/example_dags/example_kubernetes_executor.py took 0.100 seconds
[2024-08-16T13:39:35.718+0000] {processor.py:186} INFO - Started process (PID=12079) to work on /home/airflow/.local/lib/python3.12/site-packages/airflow/example_dags/example_kubernetes_executor.py
[2024-08-16T13:39:35.720+0000] {processor.py:914} INFO - Processing file /home/airflow/.local/lib/python3.12/site-packages/airflow/example_dags/example_kubernetes_executor.py for tasks to queue
[2024-08-16T13:39:35.723+0000] {logging_mixin.py:190} INFO - [2024-08-16T13:39:35.722+0000] {dagbag.py:587} INFO - Filling up the DagBag from /home/airflow/.local/lib/python3.12/site-packages/airflow/example_dags/example_kubernetes_executor.py
[2024-08-16T13:39:35.737+0000] {processor.py:925} INFO - DAG(s) 'example_kubernetes_executor' retrieved from /home/airflow/.local/lib/python3.12/site-packages/airflow/example_dags/example_kubernetes_executor.py
[2024-08-16T13:39:35.780+0000] {logging_mixin.py:190} INFO - [2024-08-16T13:39:35.780+0000] {dag.py:3211} INFO - Sync 1 DAGs
[2024-08-16T13:39:35.796+0000] {logging_mixin.py:190} INFO - [2024-08-16T13:39:35.795+0000] {dag.py:4138} INFO - Setting next_dagrun for example_kubernetes_executor to None, run_after=None
[2024-08-16T13:39:35.816+0000] {processor.py:208} INFO - Processing /home/airflow/.local/lib/python3.12/site-packages/airflow/example_dags/example_kubernetes_executor.py took 0.104 seconds
[2024-08-16T13:40:06.767+0000] {processor.py:186} INFO - Started process (PID=12365) to work on /home/airflow/.local/lib/python3.12/site-packages/airflow/example_dags/example_kubernetes_executor.py
[2024-08-16T13:40:06.769+0000] {processor.py:914} INFO - Processing file /home/airflow/.local/lib/python3.12/site-packages/airflow/example_dags/example_kubernetes_executor.py for tasks to queue
[2024-08-16T13:40:06.773+0000] {logging_mixin.py:190} INFO - [2024-08-16T13:40:06.772+0000] {dagbag.py:587} INFO - Filling up the DagBag from /home/airflow/.local/lib/python3.12/site-packages/airflow/example_dags/example_kubernetes_executor.py
[2024-08-16T13:40:06.788+0000] {processor.py:925} INFO - DAG(s) 'example_kubernetes_executor' retrieved from /home/airflow/.local/lib/python3.12/site-packages/airflow/example_dags/example_kubernetes_executor.py
[2024-08-16T13:40:06.830+0000] {logging_mixin.py:190} INFO - [2024-08-16T13:40:06.830+0000] {dag.py:3211} INFO - Sync 1 DAGs
[2024-08-16T13:40:06.850+0000] {logging_mixin.py:190} INFO - [2024-08-16T13:40:06.850+0000] {dag.py:4138} INFO - Setting next_dagrun for example_kubernetes_executor to None, run_after=None
[2024-08-16T13:40:06.872+0000] {processor.py:208} INFO - Processing /home/airflow/.local/lib/python3.12/site-packages/airflow/example_dags/example_kubernetes_executor.py took 0.112 seconds
[2024-08-16T13:40:37.409+0000] {processor.py:186} INFO - Started process (PID=12653) to work on /home/airflow/.local/lib/python3.12/site-packages/airflow/example_dags/example_kubernetes_executor.py
[2024-08-16T13:40:37.410+0000] {processor.py:914} INFO - Processing file /home/airflow/.local/lib/python3.12/site-packages/airflow/example_dags/example_kubernetes_executor.py for tasks to queue
[2024-08-16T13:40:37.413+0000] {logging_mixin.py:190} INFO - [2024-08-16T13:40:37.412+0000] {dagbag.py:587} INFO - Filling up the DagBag from /home/airflow/.local/lib/python3.12/site-packages/airflow/example_dags/example_kubernetes_executor.py
[2024-08-16T13:40:37.428+0000] {processor.py:925} INFO - DAG(s) 'example_kubernetes_executor' retrieved from /home/airflow/.local/lib/python3.12/site-packages/airflow/example_dags/example_kubernetes_executor.py
[2024-08-16T13:40:37.472+0000] {logging_mixin.py:190} INFO - [2024-08-16T13:40:37.472+0000] {dag.py:3211} INFO - Sync 1 DAGs
[2024-08-16T13:40:37.489+0000] {logging_mixin.py:190} INFO - [2024-08-16T13:40:37.489+0000] {dag.py:4138} INFO - Setting next_dagrun for example_kubernetes_executor to None, run_after=None
[2024-08-16T13:40:37.512+0000] {processor.py:208} INFO - Processing /home/airflow/.local/lib/python3.12/site-packages/airflow/example_dags/example_kubernetes_executor.py took 0.109 seconds
[2024-08-16T13:41:08.493+0000] {processor.py:186} INFO - Started process (PID=12939) to work on /home/airflow/.local/lib/python3.12/site-packages/airflow/example_dags/example_kubernetes_executor.py
[2024-08-16T13:41:08.495+0000] {processor.py:914} INFO - Processing file /home/airflow/.local/lib/python3.12/site-packages/airflow/example_dags/example_kubernetes_executor.py for tasks to queue
[2024-08-16T13:41:08.497+0000] {logging_mixin.py:190} INFO - [2024-08-16T13:41:08.497+0000] {dagbag.py:587} INFO - Filling up the DagBag from /home/airflow/.local/lib/python3.12/site-packages/airflow/example_dags/example_kubernetes_executor.py
[2024-08-16T13:41:08.512+0000] {processor.py:925} INFO - DAG(s) 'example_kubernetes_executor' retrieved from /home/airflow/.local/lib/python3.12/site-packages/airflow/example_dags/example_kubernetes_executor.py
[2024-08-16T13:41:08.555+0000] {logging_mixin.py:190} INFO - [2024-08-16T13:41:08.555+0000] {dag.py:3211} INFO - Sync 1 DAGs
[2024-08-16T13:41:08.571+0000] {logging_mixin.py:190} INFO - [2024-08-16T13:41:08.571+0000] {dag.py:4138} INFO - Setting next_dagrun for example_kubernetes_executor to None, run_after=None
[2024-08-16T13:41:08.591+0000] {processor.py:208} INFO - Processing /home/airflow/.local/lib/python3.12/site-packages/airflow/example_dags/example_kubernetes_executor.py took 0.105 seconds
[2024-08-16T13:41:38.740+0000] {processor.py:186} INFO - Started process (PID=13223) to work on /home/airflow/.local/lib/python3.12/site-packages/airflow/example_dags/example_kubernetes_executor.py
[2024-08-16T13:41:38.741+0000] {processor.py:914} INFO - Processing file /home/airflow/.local/lib/python3.12/site-packages/airflow/example_dags/example_kubernetes_executor.py for tasks to queue
[2024-08-16T13:41:38.744+0000] {logging_mixin.py:190} INFO - [2024-08-16T13:41:38.744+0000] {dagbag.py:587} INFO - Filling up the DagBag from /home/airflow/.local/lib/python3.12/site-packages/airflow/example_dags/example_kubernetes_executor.py
[2024-08-16T13:41:38.760+0000] {processor.py:925} INFO - DAG(s) 'example_kubernetes_executor' retrieved from /home/airflow/.local/lib/python3.12/site-packages/airflow/example_dags/example_kubernetes_executor.py
[2024-08-16T13:41:38.812+0000] {logging_mixin.py:190} INFO - [2024-08-16T13:41:38.812+0000] {dag.py:3211} INFO - Sync 1 DAGs
[2024-08-16T13:41:38.828+0000] {logging_mixin.py:190} INFO - [2024-08-16T13:41:38.827+0000] {dag.py:4138} INFO - Setting next_dagrun for example_kubernetes_executor to None, run_after=None
[2024-08-16T13:41:38.854+0000] {processor.py:208} INFO - Processing /home/airflow/.local/lib/python3.12/site-packages/airflow/example_dags/example_kubernetes_executor.py took 0.120 seconds
[2024-08-16T13:42:09.466+0000] {processor.py:186} INFO - Started process (PID=13504) to work on /home/airflow/.local/lib/python3.12/site-packages/airflow/example_dags/example_kubernetes_executor.py
[2024-08-16T13:42:09.467+0000] {processor.py:914} INFO - Processing file /home/airflow/.local/lib/python3.12/site-packages/airflow/example_dags/example_kubernetes_executor.py for tasks to queue
[2024-08-16T13:42:09.471+0000] {logging_mixin.py:190} INFO - [2024-08-16T13:42:09.470+0000] {dagbag.py:587} INFO - Filling up the DagBag from /home/airflow/.local/lib/python3.12/site-packages/airflow/example_dags/example_kubernetes_executor.py
[2024-08-16T13:42:09.494+0000] {processor.py:925} INFO - DAG(s) 'example_kubernetes_executor' retrieved from /home/airflow/.local/lib/python3.12/site-packages/airflow/example_dags/example_kubernetes_executor.py
[2024-08-16T13:42:09.556+0000] {logging_mixin.py:190} INFO - [2024-08-16T13:42:09.556+0000] {dag.py:3211} INFO - Sync 1 DAGs
[2024-08-16T13:42:09.596+0000] {logging_mixin.py:190} INFO - [2024-08-16T13:42:09.595+0000] {dag.py:4138} INFO - Setting next_dagrun for example_kubernetes_executor to None, run_after=None
[2024-08-16T13:42:09.623+0000] {processor.py:208} INFO - Processing /home/airflow/.local/lib/python3.12/site-packages/airflow/example_dags/example_kubernetes_executor.py took 0.167 seconds
[2024-08-16T13:42:40.279+0000] {processor.py:186} INFO - Started process (PID=13790) to work on /home/airflow/.local/lib/python3.12/site-packages/airflow/example_dags/example_kubernetes_executor.py
[2024-08-16T13:42:40.280+0000] {processor.py:914} INFO - Processing file /home/airflow/.local/lib/python3.12/site-packages/airflow/example_dags/example_kubernetes_executor.py for tasks to queue
[2024-08-16T13:42:40.283+0000] {logging_mixin.py:190} INFO - [2024-08-16T13:42:40.282+0000] {dagbag.py:587} INFO - Filling up the DagBag from /home/airflow/.local/lib/python3.12/site-packages/airflow/example_dags/example_kubernetes_executor.py
[2024-08-16T13:42:40.300+0000] {processor.py:925} INFO - DAG(s) 'example_kubernetes_executor' retrieved from /home/airflow/.local/lib/python3.12/site-packages/airflow/example_dags/example_kubernetes_executor.py
[2024-08-16T13:42:40.345+0000] {logging_mixin.py:190} INFO - [2024-08-16T13:42:40.344+0000] {dag.py:3211} INFO - Sync 1 DAGs
[2024-08-16T13:42:40.361+0000] {logging_mixin.py:190} INFO - [2024-08-16T13:42:40.361+0000] {dag.py:4138} INFO - Setting next_dagrun for example_kubernetes_executor to None, run_after=None
[2024-08-16T13:42:40.382+0000] {processor.py:208} INFO - Processing /home/airflow/.local/lib/python3.12/site-packages/airflow/example_dags/example_kubernetes_executor.py took 0.110 seconds
[2024-08-16T13:43:11.176+0000] {processor.py:186} INFO - Started process (PID=14076) to work on /home/airflow/.local/lib/python3.12/site-packages/airflow/example_dags/example_kubernetes_executor.py
[2024-08-16T13:43:11.177+0000] {processor.py:914} INFO - Processing file /home/airflow/.local/lib/python3.12/site-packages/airflow/example_dags/example_kubernetes_executor.py for tasks to queue
[2024-08-16T13:43:11.180+0000] {logging_mixin.py:190} INFO - [2024-08-16T13:43:11.179+0000] {dagbag.py:587} INFO - Filling up the DagBag from /home/airflow/.local/lib/python3.12/site-packages/airflow/example_dags/example_kubernetes_executor.py
[2024-08-16T13:43:11.195+0000] {processor.py:925} INFO - DAG(s) 'example_kubernetes_executor' retrieved from /home/airflow/.local/lib/python3.12/site-packages/airflow/example_dags/example_kubernetes_executor.py
[2024-08-16T13:43:11.236+0000] {logging_mixin.py:190} INFO - [2024-08-16T13:43:11.235+0000] {dag.py:3211} INFO - Sync 1 DAGs
[2024-08-16T13:43:11.251+0000] {logging_mixin.py:190} INFO - [2024-08-16T13:43:11.251+0000] {dag.py:4138} INFO - Setting next_dagrun for example_kubernetes_executor to None, run_after=None
[2024-08-16T13:43:11.270+0000] {processor.py:208} INFO - Processing /home/airflow/.local/lib/python3.12/site-packages/airflow/example_dags/example_kubernetes_executor.py took 0.101 seconds
[2024-08-16T13:43:41.620+0000] {processor.py:186} INFO - Started process (PID=14362) to work on /home/airflow/.local/lib/python3.12/site-packages/airflow/example_dags/example_kubernetes_executor.py
[2024-08-16T13:43:41.622+0000] {processor.py:914} INFO - Processing file /home/airflow/.local/lib/python3.12/site-packages/airflow/example_dags/example_kubernetes_executor.py for tasks to queue
[2024-08-16T13:43:41.626+0000] {logging_mixin.py:190} INFO - [2024-08-16T13:43:41.625+0000] {dagbag.py:587} INFO - Filling up the DagBag from /home/airflow/.local/lib/python3.12/site-packages/airflow/example_dags/example_kubernetes_executor.py
[2024-08-16T13:43:41.646+0000] {processor.py:925} INFO - DAG(s) 'example_kubernetes_executor' retrieved from /home/airflow/.local/lib/python3.12/site-packages/airflow/example_dags/example_kubernetes_executor.py
[2024-08-16T13:43:41.700+0000] {logging_mixin.py:190} INFO - [2024-08-16T13:43:41.700+0000] {dag.py:3211} INFO - Sync 1 DAGs
[2024-08-16T13:43:41.717+0000] {logging_mixin.py:190} INFO - [2024-08-16T13:43:41.717+0000] {dag.py:4138} INFO - Setting next_dagrun for example_kubernetes_executor to None, run_after=None
[2024-08-16T13:43:41.735+0000] {processor.py:208} INFO - Processing /home/airflow/.local/lib/python3.12/site-packages/airflow/example_dags/example_kubernetes_executor.py took 0.125 seconds
[2024-08-16T13:44:12.299+0000] {processor.py:186} INFO - Started process (PID=14648) to work on /home/airflow/.local/lib/python3.12/site-packages/airflow/example_dags/example_kubernetes_executor.py
[2024-08-16T13:44:12.300+0000] {processor.py:914} INFO - Processing file /home/airflow/.local/lib/python3.12/site-packages/airflow/example_dags/example_kubernetes_executor.py for tasks to queue
[2024-08-16T13:44:12.303+0000] {logging_mixin.py:190} INFO - [2024-08-16T13:44:12.302+0000] {dagbag.py:587} INFO - Filling up the DagBag from /home/airflow/.local/lib/python3.12/site-packages/airflow/example_dags/example_kubernetes_executor.py
[2024-08-16T13:44:12.318+0000] {processor.py:925} INFO - DAG(s) 'example_kubernetes_executor' retrieved from /home/airflow/.local/lib/python3.12/site-packages/airflow/example_dags/example_kubernetes_executor.py
[2024-08-16T13:44:12.359+0000] {logging_mixin.py:190} INFO - [2024-08-16T13:44:12.359+0000] {dag.py:3211} INFO - Sync 1 DAGs
[2024-08-16T13:44:12.374+0000] {logging_mixin.py:190} INFO - [2024-08-16T13:44:12.374+0000] {dag.py:4138} INFO - Setting next_dagrun for example_kubernetes_executor to None, run_after=None
[2024-08-16T13:44:12.392+0000] {processor.py:208} INFO - Processing /home/airflow/.local/lib/python3.12/site-packages/airflow/example_dags/example_kubernetes_executor.py took 0.101 seconds
[2024-08-16T13:44:42.756+0000] {processor.py:186} INFO - Started process (PID=14934) to work on /home/airflow/.local/lib/python3.12/site-packages/airflow/example_dags/example_kubernetes_executor.py
[2024-08-16T13:44:42.758+0000] {processor.py:914} INFO - Processing file /home/airflow/.local/lib/python3.12/site-packages/airflow/example_dags/example_kubernetes_executor.py for tasks to queue
[2024-08-16T13:44:42.760+0000] {logging_mixin.py:190} INFO - [2024-08-16T13:44:42.760+0000] {dagbag.py:587} INFO - Filling up the DagBag from /home/airflow/.local/lib/python3.12/site-packages/airflow/example_dags/example_kubernetes_executor.py
[2024-08-16T13:44:42.777+0000] {processor.py:925} INFO - DAG(s) 'example_kubernetes_executor' retrieved from /home/airflow/.local/lib/python3.12/site-packages/airflow/example_dags/example_kubernetes_executor.py
[2024-08-16T13:44:42.823+0000] {logging_mixin.py:190} INFO - [2024-08-16T13:44:42.823+0000] {dag.py:3211} INFO - Sync 1 DAGs
[2024-08-16T13:44:42.846+0000] {logging_mixin.py:190} INFO - [2024-08-16T13:44:42.846+0000] {dag.py:4138} INFO - Setting next_dagrun for example_kubernetes_executor to None, run_after=None
[2024-08-16T13:44:42.873+0000] {processor.py:208} INFO - Processing /home/airflow/.local/lib/python3.12/site-packages/airflow/example_dags/example_kubernetes_executor.py took 0.124 seconds
[2024-08-16T13:45:13.022+0000] {processor.py:186} INFO - Started process (PID=15220) to work on /home/airflow/.local/lib/python3.12/site-packages/airflow/example_dags/example_kubernetes_executor.py
[2024-08-16T13:45:13.023+0000] {processor.py:914} INFO - Processing file /home/airflow/.local/lib/python3.12/site-packages/airflow/example_dags/example_kubernetes_executor.py for tasks to queue
[2024-08-16T13:45:13.026+0000] {logging_mixin.py:190} INFO - [2024-08-16T13:45:13.026+0000] {dagbag.py:587} INFO - Filling up the DagBag from /home/airflow/.local/lib/python3.12/site-packages/airflow/example_dags/example_kubernetes_executor.py
[2024-08-16T13:45:13.043+0000] {processor.py:925} INFO - DAG(s) 'example_kubernetes_executor' retrieved from /home/airflow/.local/lib/python3.12/site-packages/airflow/example_dags/example_kubernetes_executor.py
[2024-08-16T13:45:13.089+0000] {logging_mixin.py:190} INFO - [2024-08-16T13:45:13.088+0000] {dag.py:3211} INFO - Sync 1 DAGs
[2024-08-16T13:45:13.105+0000] {logging_mixin.py:190} INFO - [2024-08-16T13:45:13.105+0000] {dag.py:4138} INFO - Setting next_dagrun for example_kubernetes_executor to None, run_after=None
[2024-08-16T13:45:13.128+0000] {processor.py:208} INFO - Processing /home/airflow/.local/lib/python3.12/site-packages/airflow/example_dags/example_kubernetes_executor.py took 0.113 seconds
[2024-08-16T13:45:43.565+0000] {processor.py:186} INFO - Started process (PID=15506) to work on /home/airflow/.local/lib/python3.12/site-packages/airflow/example_dags/example_kubernetes_executor.py
[2024-08-16T13:45:43.566+0000] {processor.py:914} INFO - Processing file /home/airflow/.local/lib/python3.12/site-packages/airflow/example_dags/example_kubernetes_executor.py for tasks to queue
[2024-08-16T13:45:43.568+0000] {logging_mixin.py:190} INFO - [2024-08-16T13:45:43.568+0000] {dagbag.py:587} INFO - Filling up the DagBag from /home/airflow/.local/lib/python3.12/site-packages/airflow/example_dags/example_kubernetes_executor.py
[2024-08-16T13:45:43.588+0000] {processor.py:925} INFO - DAG(s) 'example_kubernetes_executor' retrieved from /home/airflow/.local/lib/python3.12/site-packages/airflow/example_dags/example_kubernetes_executor.py
[2024-08-16T13:45:43.639+0000] {logging_mixin.py:190} INFO - [2024-08-16T13:45:43.638+0000] {dag.py:3211} INFO - Sync 1 DAGs
[2024-08-16T13:45:43.661+0000] {logging_mixin.py:190} INFO - [2024-08-16T13:45:43.660+0000] {dag.py:4138} INFO - Setting next_dagrun for example_kubernetes_executor to None, run_after=None
[2024-08-16T13:45:43.683+0000] {processor.py:208} INFO - Processing /home/airflow/.local/lib/python3.12/site-packages/airflow/example_dags/example_kubernetes_executor.py took 0.127 seconds
[2024-08-16T13:46:14.826+0000] {processor.py:186} INFO - Started process (PID=15794) to work on /home/airflow/.local/lib/python3.12/site-packages/airflow/example_dags/example_kubernetes_executor.py
[2024-08-16T13:46:14.827+0000] {processor.py:914} INFO - Processing file /home/airflow/.local/lib/python3.12/site-packages/airflow/example_dags/example_kubernetes_executor.py for tasks to queue
[2024-08-16T13:46:14.831+0000] {logging_mixin.py:190} INFO - [2024-08-16T13:46:14.830+0000] {dagbag.py:587} INFO - Filling up the DagBag from /home/airflow/.local/lib/python3.12/site-packages/airflow/example_dags/example_kubernetes_executor.py
[2024-08-16T13:46:14.870+0000] {processor.py:925} INFO - DAG(s) 'example_kubernetes_executor' retrieved from /home/airflow/.local/lib/python3.12/site-packages/airflow/example_dags/example_kubernetes_executor.py
[2024-08-16T13:46:14.933+0000] {logging_mixin.py:190} INFO - [2024-08-16T13:46:14.932+0000] {dag.py:3211} INFO - Sync 1 DAGs
[2024-08-16T13:46:14.955+0000] {logging_mixin.py:190} INFO - [2024-08-16T13:46:14.955+0000] {dag.py:4138} INFO - Setting next_dagrun for example_kubernetes_executor to None, run_after=None
[2024-08-16T13:46:15.002+0000] {processor.py:208} INFO - Processing /home/airflow/.local/lib/python3.12/site-packages/airflow/example_dags/example_kubernetes_executor.py took 0.183 seconds
[2024-08-16T13:46:45.521+0000] {processor.py:186} INFO - Started process (PID=16078) to work on /home/airflow/.local/lib/python3.12/site-packages/airflow/example_dags/example_kubernetes_executor.py
[2024-08-16T13:46:45.522+0000] {processor.py:914} INFO - Processing file /home/airflow/.local/lib/python3.12/site-packages/airflow/example_dags/example_kubernetes_executor.py for tasks to queue
[2024-08-16T13:46:45.526+0000] {logging_mixin.py:190} INFO - [2024-08-16T13:46:45.525+0000] {dagbag.py:587} INFO - Filling up the DagBag from /home/airflow/.local/lib/python3.12/site-packages/airflow/example_dags/example_kubernetes_executor.py
[2024-08-16T13:46:45.545+0000] {processor.py:925} INFO - DAG(s) 'example_kubernetes_executor' retrieved from /home/airflow/.local/lib/python3.12/site-packages/airflow/example_dags/example_kubernetes_executor.py
[2024-08-16T13:46:45.613+0000] {logging_mixin.py:190} INFO - [2024-08-16T13:46:45.613+0000] {dag.py:3211} INFO - Sync 1 DAGs
[2024-08-16T13:46:45.633+0000] {logging_mixin.py:190} INFO - [2024-08-16T13:46:45.633+0000] {dag.py:4138} INFO - Setting next_dagrun for example_kubernetes_executor to None, run_after=None
[2024-08-16T13:46:45.670+0000] {processor.py:208} INFO - Processing /home/airflow/.local/lib/python3.12/site-packages/airflow/example_dags/example_kubernetes_executor.py took 0.157 seconds
[2024-08-16T13:47:16.267+0000] {processor.py:186} INFO - Started process (PID=16364) to work on /home/airflow/.local/lib/python3.12/site-packages/airflow/example_dags/example_kubernetes_executor.py
[2024-08-16T13:47:16.268+0000] {processor.py:914} INFO - Processing file /home/airflow/.local/lib/python3.12/site-packages/airflow/example_dags/example_kubernetes_executor.py for tasks to queue
[2024-08-16T13:47:16.271+0000] {logging_mixin.py:190} INFO - [2024-08-16T13:47:16.270+0000] {dagbag.py:587} INFO - Filling up the DagBag from /home/airflow/.local/lib/python3.12/site-packages/airflow/example_dags/example_kubernetes_executor.py
[2024-08-16T13:47:16.286+0000] {processor.py:925} INFO - DAG(s) 'example_kubernetes_executor' retrieved from /home/airflow/.local/lib/python3.12/site-packages/airflow/example_dags/example_kubernetes_executor.py
[2024-08-16T13:47:16.330+0000] {logging_mixin.py:190} INFO - [2024-08-16T13:47:16.330+0000] {dag.py:3211} INFO - Sync 1 DAGs
[2024-08-16T13:47:16.345+0000] {logging_mixin.py:190} INFO - [2024-08-16T13:47:16.345+0000] {dag.py:4138} INFO - Setting next_dagrun for example_kubernetes_executor to None, run_after=None
[2024-08-16T13:47:16.366+0000] {processor.py:208} INFO - Processing /home/airflow/.local/lib/python3.12/site-packages/airflow/example_dags/example_kubernetes_executor.py took 0.106 seconds
[2024-08-16T13:47:47.016+0000] {processor.py:186} INFO - Started process (PID=16650) to work on /home/airflow/.local/lib/python3.12/site-packages/airflow/example_dags/example_kubernetes_executor.py
[2024-08-16T13:47:47.017+0000] {processor.py:914} INFO - Processing file /home/airflow/.local/lib/python3.12/site-packages/airflow/example_dags/example_kubernetes_executor.py for tasks to queue
[2024-08-16T13:47:47.022+0000] {logging_mixin.py:190} INFO - [2024-08-16T13:47:47.021+0000] {dagbag.py:587} INFO - Filling up the DagBag from /home/airflow/.local/lib/python3.12/site-packages/airflow/example_dags/example_kubernetes_executor.py
[2024-08-16T13:47:47.042+0000] {processor.py:925} INFO - DAG(s) 'example_kubernetes_executor' retrieved from /home/airflow/.local/lib/python3.12/site-packages/airflow/example_dags/example_kubernetes_executor.py
[2024-08-16T13:47:47.098+0000] {logging_mixin.py:190} INFO - [2024-08-16T13:47:47.097+0000] {dag.py:3211} INFO - Sync 1 DAGs
[2024-08-16T13:47:47.121+0000] {logging_mixin.py:190} INFO - [2024-08-16T13:47:47.120+0000] {dag.py:4138} INFO - Setting next_dagrun for example_kubernetes_executor to None, run_after=None
[2024-08-16T13:47:47.146+0000] {processor.py:208} INFO - Processing /home/airflow/.local/lib/python3.12/site-packages/airflow/example_dags/example_kubernetes_executor.py took 0.141 seconds
[2024-08-16T13:48:17.763+0000] {processor.py:186} INFO - Started process (PID=16943) to work on /home/airflow/.local/lib/python3.12/site-packages/airflow/example_dags/example_kubernetes_executor.py
[2024-08-16T13:48:17.764+0000] {processor.py:914} INFO - Processing file /home/airflow/.local/lib/python3.12/site-packages/airflow/example_dags/example_kubernetes_executor.py for tasks to queue
[2024-08-16T13:48:17.770+0000] {logging_mixin.py:190} INFO - [2024-08-16T13:48:17.768+0000] {dagbag.py:587} INFO - Filling up the DagBag from /home/airflow/.local/lib/python3.12/site-packages/airflow/example_dags/example_kubernetes_executor.py
[2024-08-16T13:48:17.800+0000] {processor.py:925} INFO - DAG(s) 'example_kubernetes_executor' retrieved from /home/airflow/.local/lib/python3.12/site-packages/airflow/example_dags/example_kubernetes_executor.py
[2024-08-16T13:48:17.851+0000] {logging_mixin.py:190} INFO - [2024-08-16T13:48:17.851+0000] {dag.py:3211} INFO - Sync 1 DAGs
[2024-08-16T13:48:17.868+0000] {logging_mixin.py:190} INFO - [2024-08-16T13:48:17.867+0000] {dag.py:4138} INFO - Setting next_dagrun for example_kubernetes_executor to None, run_after=None
[2024-08-16T13:48:17.919+0000] {processor.py:208} INFO - Processing /home/airflow/.local/lib/python3.12/site-packages/airflow/example_dags/example_kubernetes_executor.py took 0.165 seconds
[2024-08-16T13:48:48.184+0000] {processor.py:186} INFO - Started process (PID=17229) to work on /home/airflow/.local/lib/python3.12/site-packages/airflow/example_dags/example_kubernetes_executor.py
[2024-08-16T13:48:48.187+0000] {processor.py:914} INFO - Processing file /home/airflow/.local/lib/python3.12/site-packages/airflow/example_dags/example_kubernetes_executor.py for tasks to queue
[2024-08-16T13:48:48.191+0000] {logging_mixin.py:190} INFO - [2024-08-16T13:48:48.190+0000] {dagbag.py:587} INFO - Filling up the DagBag from /home/airflow/.local/lib/python3.12/site-packages/airflow/example_dags/example_kubernetes_executor.py
[2024-08-16T13:48:48.218+0000] {processor.py:925} INFO - DAG(s) 'example_kubernetes_executor' retrieved from /home/airflow/.local/lib/python3.12/site-packages/airflow/example_dags/example_kubernetes_executor.py
[2024-08-16T13:48:48.264+0000] {logging_mixin.py:190} INFO - [2024-08-16T13:48:48.263+0000] {dag.py:3211} INFO - Sync 1 DAGs
[2024-08-16T13:48:48.284+0000] {logging_mixin.py:190} INFO - [2024-08-16T13:48:48.284+0000] {dag.py:4138} INFO - Setting next_dagrun for example_kubernetes_executor to None, run_after=None
[2024-08-16T13:48:48.494+0000] {processor.py:208} INFO - Processing /home/airflow/.local/lib/python3.12/site-packages/airflow/example_dags/example_kubernetes_executor.py took 0.318 seconds
[2024-08-16T13:49:18.988+0000] {processor.py:186} INFO - Started process (PID=17515) to work on /home/airflow/.local/lib/python3.12/site-packages/airflow/example_dags/example_kubernetes_executor.py
[2024-08-16T13:49:18.989+0000] {processor.py:914} INFO - Processing file /home/airflow/.local/lib/python3.12/site-packages/airflow/example_dags/example_kubernetes_executor.py for tasks to queue
[2024-08-16T13:49:18.993+0000] {logging_mixin.py:190} INFO - [2024-08-16T13:49:18.992+0000] {dagbag.py:587} INFO - Filling up the DagBag from /home/airflow/.local/lib/python3.12/site-packages/airflow/example_dags/example_kubernetes_executor.py
[2024-08-16T13:49:19.018+0000] {processor.py:925} INFO - DAG(s) 'example_kubernetes_executor' retrieved from /home/airflow/.local/lib/python3.12/site-packages/airflow/example_dags/example_kubernetes_executor.py
[2024-08-16T13:49:19.075+0000] {logging_mixin.py:190} INFO - [2024-08-16T13:49:19.075+0000] {dag.py:3211} INFO - Sync 1 DAGs
[2024-08-16T13:49:19.098+0000] {logging_mixin.py:190} INFO - [2024-08-16T13:49:19.097+0000] {dag.py:4138} INFO - Setting next_dagrun for example_kubernetes_executor to None, run_after=None
[2024-08-16T13:49:19.130+0000] {processor.py:208} INFO - Processing /home/airflow/.local/lib/python3.12/site-packages/airflow/example_dags/example_kubernetes_executor.py took 0.152 seconds
[2024-08-16T13:49:49.504+0000] {processor.py:186} INFO - Started process (PID=17801) to work on /home/airflow/.local/lib/python3.12/site-packages/airflow/example_dags/example_kubernetes_executor.py
[2024-08-16T13:49:49.505+0000] {processor.py:914} INFO - Processing file /home/airflow/.local/lib/python3.12/site-packages/airflow/example_dags/example_kubernetes_executor.py for tasks to queue
[2024-08-16T13:49:49.508+0000] {logging_mixin.py:190} INFO - [2024-08-16T13:49:49.508+0000] {dagbag.py:587} INFO - Filling up the DagBag from /home/airflow/.local/lib/python3.12/site-packages/airflow/example_dags/example_kubernetes_executor.py
[2024-08-16T13:49:49.531+0000] {processor.py:925} INFO - DAG(s) 'example_kubernetes_executor' retrieved from /home/airflow/.local/lib/python3.12/site-packages/airflow/example_dags/example_kubernetes_executor.py
[2024-08-16T13:49:49.598+0000] {logging_mixin.py:190} INFO - [2024-08-16T13:49:49.594+0000] {dag.py:3211} INFO - Sync 1 DAGs
[2024-08-16T13:49:49.622+0000] {logging_mixin.py:190} INFO - [2024-08-16T13:49:49.621+0000] {dag.py:4138} INFO - Setting next_dagrun for example_kubernetes_executor to None, run_after=None
[2024-08-16T13:49:49.659+0000] {processor.py:208} INFO - Processing /home/airflow/.local/lib/python3.12/site-packages/airflow/example_dags/example_kubernetes_executor.py took 0.165 seconds
[2024-08-16T13:50:21.282+0000] {processor.py:186} INFO - Started process (PID=18087) to work on /home/airflow/.local/lib/python3.12/site-packages/airflow/example_dags/example_kubernetes_executor.py
[2024-08-16T13:50:21.283+0000] {processor.py:914} INFO - Processing file /home/airflow/.local/lib/python3.12/site-packages/airflow/example_dags/example_kubernetes_executor.py for tasks to queue
[2024-08-16T13:50:21.286+0000] {logging_mixin.py:190} INFO - [2024-08-16T13:50:21.286+0000] {dagbag.py:587} INFO - Filling up the DagBag from /home/airflow/.local/lib/python3.12/site-packages/airflow/example_dags/example_kubernetes_executor.py
[2024-08-16T13:50:21.304+0000] {processor.py:925} INFO - DAG(s) 'example_kubernetes_executor' retrieved from /home/airflow/.local/lib/python3.12/site-packages/airflow/example_dags/example_kubernetes_executor.py
[2024-08-16T13:50:21.652+0000] {logging_mixin.py:190} INFO - [2024-08-16T13:50:21.651+0000] {dag.py:3211} INFO - Sync 1 DAGs
[2024-08-16T13:50:21.685+0000] {logging_mixin.py:190} INFO - [2024-08-16T13:50:21.684+0000] {dag.py:4138} INFO - Setting next_dagrun for example_kubernetes_executor to None, run_after=None
[2024-08-16T13:50:21.741+0000] {processor.py:208} INFO - Processing /home/airflow/.local/lib/python3.12/site-packages/airflow/example_dags/example_kubernetes_executor.py took 0.473 seconds
