[2024-08-16T13:18:45.551+0000] {processor.py:186} INFO - Started process (PID=310) to work on /home/airflow/.local/lib/python3.12/site-packages/airflow/example_dags/example_python_operator.py
[2024-08-16T13:18:45.553+0000] {processor.py:914} INFO - Processing file /home/airflow/.local/lib/python3.12/site-packages/airflow/example_dags/example_python_operator.py for tasks to queue
[2024-08-16T13:18:45.555+0000] {logging_mixin.py:190} INFO - [2024-08-16T13:18:45.555+0000] {dagbag.py:587} INFO - Filling up the DagBag from /home/airflow/.local/lib/python3.12/site-packages/airflow/example_dags/example_python_operator.py
[2024-08-16T13:18:45.571+0000] {processor.py:925} INFO - DAG(s) 'example_python_operator' retrieved from /home/airflow/.local/lib/python3.12/site-packages/airflow/example_dags/example_python_operator.py
[2024-08-16T13:18:45.762+0000] {logging_mixin.py:190} INFO - [2024-08-16T13:18:45.761+0000] {override.py:1858} INFO - Created Permission View: can read on DAG:example_python_operator
[2024-08-16T13:18:45.776+0000] {logging_mixin.py:190} INFO - [2024-08-16T13:18:45.776+0000] {override.py:1858} INFO - Created Permission View: can edit on DAG:example_python_operator
[2024-08-16T13:18:45.784+0000] {logging_mixin.py:190} INFO - [2024-08-16T13:18:45.783+0000] {override.py:1858} INFO - Created Permission View: can delete on DAG:example_python_operator
[2024-08-16T13:18:45.785+0000] {logging_mixin.py:190} INFO - [2024-08-16T13:18:45.784+0000] {dag.py:3211} INFO - Sync 1 DAGs
[2024-08-16T13:18:45.804+0000] {logging_mixin.py:190} INFO - [2024-08-16T13:18:45.804+0000] {dag.py:3234} INFO - Creating ORM DAG for example_python_operator
[2024-08-16T13:18:45.805+0000] {logging_mixin.py:190} INFO - [2024-08-16T13:18:45.805+0000] {dag.py:4138} INFO - Setting next_dagrun for example_python_operator to None, run_after=None
[2024-08-16T13:18:45.827+0000] {processor.py:208} INFO - Processing /home/airflow/.local/lib/python3.12/site-packages/airflow/example_dags/example_python_operator.py took 0.282 seconds
[2024-08-16T13:19:16.373+0000] {processor.py:186} INFO - Started process (PID=598) to work on /home/airflow/.local/lib/python3.12/site-packages/airflow/example_dags/example_python_operator.py
[2024-08-16T13:19:16.374+0000] {processor.py:914} INFO - Processing file /home/airflow/.local/lib/python3.12/site-packages/airflow/example_dags/example_python_operator.py for tasks to queue
[2024-08-16T13:19:16.377+0000] {logging_mixin.py:190} INFO - [2024-08-16T13:19:16.376+0000] {dagbag.py:587} INFO - Filling up the DagBag from /home/airflow/.local/lib/python3.12/site-packages/airflow/example_dags/example_python_operator.py
[2024-08-16T13:19:16.391+0000] {processor.py:925} INFO - DAG(s) 'example_python_operator' retrieved from /home/airflow/.local/lib/python3.12/site-packages/airflow/example_dags/example_python_operator.py
[2024-08-16T13:19:16.416+0000] {logging_mixin.py:190} INFO - [2024-08-16T13:19:16.416+0000] {dag.py:3211} INFO - Sync 1 DAGs
[2024-08-16T13:19:16.431+0000] {logging_mixin.py:190} INFO - [2024-08-16T13:19:16.431+0000] {dag.py:4138} INFO - Setting next_dagrun for example_python_operator to None, run_after=None
[2024-08-16T13:19:16.456+0000] {processor.py:208} INFO - Processing /home/airflow/.local/lib/python3.12/site-packages/airflow/example_dags/example_python_operator.py took 0.090 seconds
[2024-08-16T13:19:46.849+0000] {processor.py:186} INFO - Started process (PID=884) to work on /home/airflow/.local/lib/python3.12/site-packages/airflow/example_dags/example_python_operator.py
[2024-08-16T13:19:46.850+0000] {processor.py:914} INFO - Processing file /home/airflow/.local/lib/python3.12/site-packages/airflow/example_dags/example_python_operator.py for tasks to queue
[2024-08-16T13:19:46.852+0000] {logging_mixin.py:190} INFO - [2024-08-16T13:19:46.852+0000] {dagbag.py:587} INFO - Filling up the DagBag from /home/airflow/.local/lib/python3.12/site-packages/airflow/example_dags/example_python_operator.py
[2024-08-16T13:19:46.864+0000] {processor.py:925} INFO - DAG(s) 'example_python_operator' retrieved from /home/airflow/.local/lib/python3.12/site-packages/airflow/example_dags/example_python_operator.py
[2024-08-16T13:19:46.889+0000] {logging_mixin.py:190} INFO - [2024-08-16T13:19:46.888+0000] {dag.py:3211} INFO - Sync 1 DAGs
[2024-08-16T13:19:46.905+0000] {logging_mixin.py:190} INFO - [2024-08-16T13:19:46.905+0000] {dag.py:4138} INFO - Setting next_dagrun for example_python_operator to None, run_after=None
[2024-08-16T13:19:46.924+0000] {processor.py:208} INFO - Processing /home/airflow/.local/lib/python3.12/site-packages/airflow/example_dags/example_python_operator.py took 0.082 seconds
[2024-08-16T13:20:17.751+0000] {processor.py:186} INFO - Started process (PID=1170) to work on /home/airflow/.local/lib/python3.12/site-packages/airflow/example_dags/example_python_operator.py
[2024-08-16T13:20:17.752+0000] {processor.py:914} INFO - Processing file /home/airflow/.local/lib/python3.12/site-packages/airflow/example_dags/example_python_operator.py for tasks to queue
[2024-08-16T13:20:17.754+0000] {logging_mixin.py:190} INFO - [2024-08-16T13:20:17.753+0000] {dagbag.py:587} INFO - Filling up the DagBag from /home/airflow/.local/lib/python3.12/site-packages/airflow/example_dags/example_python_operator.py
[2024-08-16T13:20:17.767+0000] {processor.py:925} INFO - DAG(s) 'example_python_operator' retrieved from /home/airflow/.local/lib/python3.12/site-packages/airflow/example_dags/example_python_operator.py
[2024-08-16T13:20:17.798+0000] {logging_mixin.py:190} INFO - [2024-08-16T13:20:17.798+0000] {dag.py:3211} INFO - Sync 1 DAGs
[2024-08-16T13:20:17.813+0000] {logging_mixin.py:190} INFO - [2024-08-16T13:20:17.813+0000] {dag.py:4138} INFO - Setting next_dagrun for example_python_operator to None, run_after=None
[2024-08-16T13:20:17.833+0000] {processor.py:208} INFO - Processing /home/airflow/.local/lib/python3.12/site-packages/airflow/example_dags/example_python_operator.py took 0.089 seconds
[2024-08-16T13:20:48.095+0000] {processor.py:186} INFO - Started process (PID=1456) to work on /home/airflow/.local/lib/python3.12/site-packages/airflow/example_dags/example_python_operator.py
[2024-08-16T13:20:48.096+0000] {processor.py:914} INFO - Processing file /home/airflow/.local/lib/python3.12/site-packages/airflow/example_dags/example_python_operator.py for tasks to queue
[2024-08-16T13:20:48.098+0000] {logging_mixin.py:190} INFO - [2024-08-16T13:20:48.098+0000] {dagbag.py:587} INFO - Filling up the DagBag from /home/airflow/.local/lib/python3.12/site-packages/airflow/example_dags/example_python_operator.py
[2024-08-16T13:20:48.110+0000] {processor.py:925} INFO - DAG(s) 'example_python_operator' retrieved from /home/airflow/.local/lib/python3.12/site-packages/airflow/example_dags/example_python_operator.py
[2024-08-16T13:20:48.135+0000] {logging_mixin.py:190} INFO - [2024-08-16T13:20:48.135+0000] {dag.py:3211} INFO - Sync 1 DAGs
[2024-08-16T13:20:48.151+0000] {logging_mixin.py:190} INFO - [2024-08-16T13:20:48.150+0000] {dag.py:4138} INFO - Setting next_dagrun for example_python_operator to None, run_after=None
[2024-08-16T13:20:48.171+0000] {processor.py:208} INFO - Processing /home/airflow/.local/lib/python3.12/site-packages/airflow/example_dags/example_python_operator.py took 0.083 seconds
[2024-08-16T13:21:18.620+0000] {processor.py:186} INFO - Started process (PID=1742) to work on /home/airflow/.local/lib/python3.12/site-packages/airflow/example_dags/example_python_operator.py
[2024-08-16T13:21:18.621+0000] {processor.py:914} INFO - Processing file /home/airflow/.local/lib/python3.12/site-packages/airflow/example_dags/example_python_operator.py for tasks to queue
[2024-08-16T13:21:18.624+0000] {logging_mixin.py:190} INFO - [2024-08-16T13:21:18.623+0000] {dagbag.py:587} INFO - Filling up the DagBag from /home/airflow/.local/lib/python3.12/site-packages/airflow/example_dags/example_python_operator.py
[2024-08-16T13:21:18.636+0000] {processor.py:925} INFO - DAG(s) 'example_python_operator' retrieved from /home/airflow/.local/lib/python3.12/site-packages/airflow/example_dags/example_python_operator.py
[2024-08-16T13:21:18.661+0000] {logging_mixin.py:190} INFO - [2024-08-16T13:21:18.661+0000] {dag.py:3211} INFO - Sync 1 DAGs
[2024-08-16T13:21:18.676+0000] {logging_mixin.py:190} INFO - [2024-08-16T13:21:18.675+0000] {dag.py:4138} INFO - Setting next_dagrun for example_python_operator to None, run_after=None
[2024-08-16T13:21:18.695+0000] {processor.py:208} INFO - Processing /home/airflow/.local/lib/python3.12/site-packages/airflow/example_dags/example_python_operator.py took 0.081 seconds
[2024-08-16T13:21:48.820+0000] {processor.py:186} INFO - Started process (PID=2028) to work on /home/airflow/.local/lib/python3.12/site-packages/airflow/example_dags/example_python_operator.py
[2024-08-16T13:21:48.821+0000] {processor.py:914} INFO - Processing file /home/airflow/.local/lib/python3.12/site-packages/airflow/example_dags/example_python_operator.py for tasks to queue
[2024-08-16T13:21:48.824+0000] {logging_mixin.py:190} INFO - [2024-08-16T13:21:48.823+0000] {dagbag.py:587} INFO - Filling up the DagBag from /home/airflow/.local/lib/python3.12/site-packages/airflow/example_dags/example_python_operator.py
[2024-08-16T13:21:48.836+0000] {processor.py:925} INFO - DAG(s) 'example_python_operator' retrieved from /home/airflow/.local/lib/python3.12/site-packages/airflow/example_dags/example_python_operator.py
[2024-08-16T13:21:48.862+0000] {logging_mixin.py:190} INFO - [2024-08-16T13:21:48.862+0000] {dag.py:3211} INFO - Sync 1 DAGs
[2024-08-16T13:21:48.878+0000] {logging_mixin.py:190} INFO - [2024-08-16T13:21:48.877+0000] {dag.py:4138} INFO - Setting next_dagrun for example_python_operator to None, run_after=None
[2024-08-16T13:21:48.900+0000] {processor.py:208} INFO - Processing /home/airflow/.local/lib/python3.12/site-packages/airflow/example_dags/example_python_operator.py took 0.086 seconds
[2024-08-16T13:22:19.360+0000] {processor.py:186} INFO - Started process (PID=2314) to work on /home/airflow/.local/lib/python3.12/site-packages/airflow/example_dags/example_python_operator.py
[2024-08-16T13:22:19.361+0000] {processor.py:914} INFO - Processing file /home/airflow/.local/lib/python3.12/site-packages/airflow/example_dags/example_python_operator.py for tasks to queue
[2024-08-16T13:22:19.364+0000] {logging_mixin.py:190} INFO - [2024-08-16T13:22:19.363+0000] {dagbag.py:587} INFO - Filling up the DagBag from /home/airflow/.local/lib/python3.12/site-packages/airflow/example_dags/example_python_operator.py
[2024-08-16T13:22:19.377+0000] {processor.py:925} INFO - DAG(s) 'example_python_operator' retrieved from /home/airflow/.local/lib/python3.12/site-packages/airflow/example_dags/example_python_operator.py
[2024-08-16T13:22:19.402+0000] {logging_mixin.py:190} INFO - [2024-08-16T13:22:19.402+0000] {dag.py:3211} INFO - Sync 1 DAGs
[2024-08-16T13:22:19.418+0000] {logging_mixin.py:190} INFO - [2024-08-16T13:22:19.417+0000] {dag.py:4138} INFO - Setting next_dagrun for example_python_operator to None, run_after=None
[2024-08-16T13:22:19.438+0000] {processor.py:208} INFO - Processing /home/airflow/.local/lib/python3.12/site-packages/airflow/example_dags/example_python_operator.py took 0.084 seconds
[2024-08-16T13:22:49.713+0000] {processor.py:186} INFO - Started process (PID=2600) to work on /home/airflow/.local/lib/python3.12/site-packages/airflow/example_dags/example_python_operator.py
[2024-08-16T13:22:49.714+0000] {processor.py:914} INFO - Processing file /home/airflow/.local/lib/python3.12/site-packages/airflow/example_dags/example_python_operator.py for tasks to queue
[2024-08-16T13:22:49.717+0000] {logging_mixin.py:190} INFO - [2024-08-16T13:22:49.716+0000] {dagbag.py:587} INFO - Filling up the DagBag from /home/airflow/.local/lib/python3.12/site-packages/airflow/example_dags/example_python_operator.py
[2024-08-16T13:22:49.729+0000] {processor.py:925} INFO - DAG(s) 'example_python_operator' retrieved from /home/airflow/.local/lib/python3.12/site-packages/airflow/example_dags/example_python_operator.py
[2024-08-16T13:22:49.755+0000] {logging_mixin.py:190} INFO - [2024-08-16T13:22:49.755+0000] {dag.py:3211} INFO - Sync 1 DAGs
[2024-08-16T13:22:49.771+0000] {logging_mixin.py:190} INFO - [2024-08-16T13:22:49.770+0000] {dag.py:4138} INFO - Setting next_dagrun for example_python_operator to None, run_after=None
[2024-08-16T13:22:49.790+0000] {processor.py:208} INFO - Processing /home/airflow/.local/lib/python3.12/site-packages/airflow/example_dags/example_python_operator.py took 0.083 seconds
[2024-08-16T13:23:20.005+0000] {processor.py:186} INFO - Started process (PID=2886) to work on /home/airflow/.local/lib/python3.12/site-packages/airflow/example_dags/example_python_operator.py
[2024-08-16T13:23:20.006+0000] {processor.py:914} INFO - Processing file /home/airflow/.local/lib/python3.12/site-packages/airflow/example_dags/example_python_operator.py for tasks to queue
[2024-08-16T13:23:20.008+0000] {logging_mixin.py:190} INFO - [2024-08-16T13:23:20.008+0000] {dagbag.py:587} INFO - Filling up the DagBag from /home/airflow/.local/lib/python3.12/site-packages/airflow/example_dags/example_python_operator.py
[2024-08-16T13:23:20.022+0000] {processor.py:925} INFO - DAG(s) 'example_python_operator' retrieved from /home/airflow/.local/lib/python3.12/site-packages/airflow/example_dags/example_python_operator.py
[2024-08-16T13:23:20.052+0000] {logging_mixin.py:190} INFO - [2024-08-16T13:23:20.052+0000] {dag.py:3211} INFO - Sync 1 DAGs
[2024-08-16T13:23:20.069+0000] {logging_mixin.py:190} INFO - [2024-08-16T13:23:20.069+0000] {dag.py:4138} INFO - Setting next_dagrun for example_python_operator to None, run_after=None
[2024-08-16T13:23:20.090+0000] {processor.py:208} INFO - Processing /home/airflow/.local/lib/python3.12/site-packages/airflow/example_dags/example_python_operator.py took 0.092 seconds
[2024-08-16T13:23:50.315+0000] {processor.py:186} INFO - Started process (PID=3172) to work on /home/airflow/.local/lib/python3.12/site-packages/airflow/example_dags/example_python_operator.py
[2024-08-16T13:23:50.317+0000] {processor.py:914} INFO - Processing file /home/airflow/.local/lib/python3.12/site-packages/airflow/example_dags/example_python_operator.py for tasks to queue
[2024-08-16T13:23:50.319+0000] {logging_mixin.py:190} INFO - [2024-08-16T13:23:50.319+0000] {dagbag.py:587} INFO - Filling up the DagBag from /home/airflow/.local/lib/python3.12/site-packages/airflow/example_dags/example_python_operator.py
[2024-08-16T13:23:50.332+0000] {processor.py:925} INFO - DAG(s) 'example_python_operator' retrieved from /home/airflow/.local/lib/python3.12/site-packages/airflow/example_dags/example_python_operator.py
[2024-08-16T13:23:50.359+0000] {logging_mixin.py:190} INFO - [2024-08-16T13:23:50.359+0000] {dag.py:3211} INFO - Sync 1 DAGs
[2024-08-16T13:23:50.378+0000] {logging_mixin.py:190} INFO - [2024-08-16T13:23:50.377+0000] {dag.py:4138} INFO - Setting next_dagrun for example_python_operator to None, run_after=None
[2024-08-16T13:23:50.399+0000] {processor.py:208} INFO - Processing /home/airflow/.local/lib/python3.12/site-packages/airflow/example_dags/example_python_operator.py took 0.091 seconds
[2024-08-16T13:24:20.606+0000] {processor.py:186} INFO - Started process (PID=3458) to work on /home/airflow/.local/lib/python3.12/site-packages/airflow/example_dags/example_python_operator.py
[2024-08-16T13:24:20.607+0000] {processor.py:914} INFO - Processing file /home/airflow/.local/lib/python3.12/site-packages/airflow/example_dags/example_python_operator.py for tasks to queue
[2024-08-16T13:24:20.610+0000] {logging_mixin.py:190} INFO - [2024-08-16T13:24:20.610+0000] {dagbag.py:587} INFO - Filling up the DagBag from /home/airflow/.local/lib/python3.12/site-packages/airflow/example_dags/example_python_operator.py
[2024-08-16T13:24:20.623+0000] {processor.py:925} INFO - DAG(s) 'example_python_operator' retrieved from /home/airflow/.local/lib/python3.12/site-packages/airflow/example_dags/example_python_operator.py
[2024-08-16T13:24:20.648+0000] {logging_mixin.py:190} INFO - [2024-08-16T13:24:20.648+0000] {dag.py:3211} INFO - Sync 1 DAGs
[2024-08-16T13:24:20.664+0000] {logging_mixin.py:190} INFO - [2024-08-16T13:24:20.664+0000] {dag.py:4138} INFO - Setting next_dagrun for example_python_operator to None, run_after=None
[2024-08-16T13:24:20.687+0000] {processor.py:208} INFO - Processing /home/airflow/.local/lib/python3.12/site-packages/airflow/example_dags/example_python_operator.py took 0.087 seconds
[2024-08-16T13:24:51.010+0000] {processor.py:186} INFO - Started process (PID=3744) to work on /home/airflow/.local/lib/python3.12/site-packages/airflow/example_dags/example_python_operator.py
[2024-08-16T13:24:51.011+0000] {processor.py:914} INFO - Processing file /home/airflow/.local/lib/python3.12/site-packages/airflow/example_dags/example_python_operator.py for tasks to queue
[2024-08-16T13:24:51.013+0000] {logging_mixin.py:190} INFO - [2024-08-16T13:24:51.013+0000] {dagbag.py:587} INFO - Filling up the DagBag from /home/airflow/.local/lib/python3.12/site-packages/airflow/example_dags/example_python_operator.py
[2024-08-16T13:24:51.027+0000] {processor.py:925} INFO - DAG(s) 'example_python_operator' retrieved from /home/airflow/.local/lib/python3.12/site-packages/airflow/example_dags/example_python_operator.py
[2024-08-16T13:24:51.056+0000] {logging_mixin.py:190} INFO - [2024-08-16T13:24:51.056+0000] {dag.py:3211} INFO - Sync 1 DAGs
[2024-08-16T13:24:51.072+0000] {logging_mixin.py:190} INFO - [2024-08-16T13:24:51.072+0000] {dag.py:4138} INFO - Setting next_dagrun for example_python_operator to None, run_after=None
[2024-08-16T13:24:51.094+0000] {processor.py:208} INFO - Processing /home/airflow/.local/lib/python3.12/site-packages/airflow/example_dags/example_python_operator.py took 0.091 seconds
[2024-08-16T13:25:21.294+0000] {processor.py:186} INFO - Started process (PID=4030) to work on /home/airflow/.local/lib/python3.12/site-packages/airflow/example_dags/example_python_operator.py
[2024-08-16T13:25:21.295+0000] {processor.py:914} INFO - Processing file /home/airflow/.local/lib/python3.12/site-packages/airflow/example_dags/example_python_operator.py for tasks to queue
[2024-08-16T13:25:21.298+0000] {logging_mixin.py:190} INFO - [2024-08-16T13:25:21.297+0000] {dagbag.py:587} INFO - Filling up the DagBag from /home/airflow/.local/lib/python3.12/site-packages/airflow/example_dags/example_python_operator.py
[2024-08-16T13:25:21.312+0000] {processor.py:925} INFO - DAG(s) 'example_python_operator' retrieved from /home/airflow/.local/lib/python3.12/site-packages/airflow/example_dags/example_python_operator.py
[2024-08-16T13:25:21.337+0000] {logging_mixin.py:190} INFO - [2024-08-16T13:25:21.337+0000] {dag.py:3211} INFO - Sync 1 DAGs
[2024-08-16T13:25:21.352+0000] {logging_mixin.py:190} INFO - [2024-08-16T13:25:21.352+0000] {dag.py:4138} INFO - Setting next_dagrun for example_python_operator to None, run_after=None
[2024-08-16T13:25:21.370+0000] {processor.py:208} INFO - Processing /home/airflow/.local/lib/python3.12/site-packages/airflow/example_dags/example_python_operator.py took 0.084 seconds
[2024-08-16T13:25:51.783+0000] {processor.py:186} INFO - Started process (PID=4316) to work on /home/airflow/.local/lib/python3.12/site-packages/airflow/example_dags/example_python_operator.py
[2024-08-16T13:25:51.784+0000] {processor.py:914} INFO - Processing file /home/airflow/.local/lib/python3.12/site-packages/airflow/example_dags/example_python_operator.py for tasks to queue
[2024-08-16T13:25:51.787+0000] {logging_mixin.py:190} INFO - [2024-08-16T13:25:51.787+0000] {dagbag.py:587} INFO - Filling up the DagBag from /home/airflow/.local/lib/python3.12/site-packages/airflow/example_dags/example_python_operator.py
[2024-08-16T13:25:51.801+0000] {processor.py:925} INFO - DAG(s) 'example_python_operator' retrieved from /home/airflow/.local/lib/python3.12/site-packages/airflow/example_dags/example_python_operator.py
[2024-08-16T13:25:51.828+0000] {logging_mixin.py:190} INFO - [2024-08-16T13:25:51.828+0000] {dag.py:3211} INFO - Sync 1 DAGs
[2024-08-16T13:25:51.844+0000] {logging_mixin.py:190} INFO - [2024-08-16T13:25:51.844+0000] {dag.py:4138} INFO - Setting next_dagrun for example_python_operator to None, run_after=None
[2024-08-16T13:25:51.864+0000] {processor.py:208} INFO - Processing /home/airflow/.local/lib/python3.12/site-packages/airflow/example_dags/example_python_operator.py took 0.087 seconds
[2024-08-16T13:26:22.145+0000] {processor.py:186} INFO - Started process (PID=4602) to work on /home/airflow/.local/lib/python3.12/site-packages/airflow/example_dags/example_python_operator.py
[2024-08-16T13:26:22.147+0000] {processor.py:914} INFO - Processing file /home/airflow/.local/lib/python3.12/site-packages/airflow/example_dags/example_python_operator.py for tasks to queue
[2024-08-16T13:26:22.149+0000] {logging_mixin.py:190} INFO - [2024-08-16T13:26:22.149+0000] {dagbag.py:587} INFO - Filling up the DagBag from /home/airflow/.local/lib/python3.12/site-packages/airflow/example_dags/example_python_operator.py
[2024-08-16T13:26:22.161+0000] {processor.py:925} INFO - DAG(s) 'example_python_operator' retrieved from /home/airflow/.local/lib/python3.12/site-packages/airflow/example_dags/example_python_operator.py
[2024-08-16T13:26:22.186+0000] {logging_mixin.py:190} INFO - [2024-08-16T13:26:22.186+0000] {dag.py:3211} INFO - Sync 1 DAGs
[2024-08-16T13:26:22.202+0000] {logging_mixin.py:190} INFO - [2024-08-16T13:26:22.202+0000] {dag.py:4138} INFO - Setting next_dagrun for example_python_operator to None, run_after=None
[2024-08-16T13:26:22.220+0000] {processor.py:208} INFO - Processing /home/airflow/.local/lib/python3.12/site-packages/airflow/example_dags/example_python_operator.py took 0.081 seconds
[2024-08-16T13:26:52.767+0000] {processor.py:186} INFO - Started process (PID=4888) to work on /home/airflow/.local/lib/python3.12/site-packages/airflow/example_dags/example_python_operator.py
[2024-08-16T13:26:52.768+0000] {processor.py:914} INFO - Processing file /home/airflow/.local/lib/python3.12/site-packages/airflow/example_dags/example_python_operator.py for tasks to queue
[2024-08-16T13:26:52.771+0000] {logging_mixin.py:190} INFO - [2024-08-16T13:26:52.770+0000] {dagbag.py:587} INFO - Filling up the DagBag from /home/airflow/.local/lib/python3.12/site-packages/airflow/example_dags/example_python_operator.py
[2024-08-16T13:26:52.785+0000] {processor.py:925} INFO - DAG(s) 'example_python_operator' retrieved from /home/airflow/.local/lib/python3.12/site-packages/airflow/example_dags/example_python_operator.py
[2024-08-16T13:26:52.810+0000] {logging_mixin.py:190} INFO - [2024-08-16T13:26:52.809+0000] {dag.py:3211} INFO - Sync 1 DAGs
[2024-08-16T13:26:52.825+0000] {logging_mixin.py:190} INFO - [2024-08-16T13:26:52.825+0000] {dag.py:4138} INFO - Setting next_dagrun for example_python_operator to None, run_after=None
[2024-08-16T13:26:52.848+0000] {processor.py:208} INFO - Processing /home/airflow/.local/lib/python3.12/site-packages/airflow/example_dags/example_python_operator.py took 0.089 seconds
[2024-08-16T13:27:23.152+0000] {processor.py:186} INFO - Started process (PID=5175) to work on /home/airflow/.local/lib/python3.12/site-packages/airflow/example_dags/example_python_operator.py
[2024-08-16T13:27:23.153+0000] {processor.py:914} INFO - Processing file /home/airflow/.local/lib/python3.12/site-packages/airflow/example_dags/example_python_operator.py for tasks to queue
[2024-08-16T13:27:23.155+0000] {logging_mixin.py:190} INFO - [2024-08-16T13:27:23.155+0000] {dagbag.py:587} INFO - Filling up the DagBag from /home/airflow/.local/lib/python3.12/site-packages/airflow/example_dags/example_python_operator.py
[2024-08-16T13:27:23.167+0000] {processor.py:925} INFO - DAG(s) 'example_python_operator' retrieved from /home/airflow/.local/lib/python3.12/site-packages/airflow/example_dags/example_python_operator.py
[2024-08-16T13:27:23.192+0000] {logging_mixin.py:190} INFO - [2024-08-16T13:27:23.192+0000] {dag.py:3211} INFO - Sync 1 DAGs
[2024-08-16T13:27:23.207+0000] {logging_mixin.py:190} INFO - [2024-08-16T13:27:23.207+0000] {dag.py:4138} INFO - Setting next_dagrun for example_python_operator to None, run_after=None
[2024-08-16T13:27:23.226+0000] {processor.py:208} INFO - Processing /home/airflow/.local/lib/python3.12/site-packages/airflow/example_dags/example_python_operator.py took 0.080 seconds
[2024-08-16T13:27:53.657+0000] {processor.py:186} INFO - Started process (PID=5461) to work on /home/airflow/.local/lib/python3.12/site-packages/airflow/example_dags/example_python_operator.py
[2024-08-16T13:27:53.658+0000] {processor.py:914} INFO - Processing file /home/airflow/.local/lib/python3.12/site-packages/airflow/example_dags/example_python_operator.py for tasks to queue
[2024-08-16T13:27:53.661+0000] {logging_mixin.py:190} INFO - [2024-08-16T13:27:53.661+0000] {dagbag.py:587} INFO - Filling up the DagBag from /home/airflow/.local/lib/python3.12/site-packages/airflow/example_dags/example_python_operator.py
[2024-08-16T13:27:53.673+0000] {processor.py:925} INFO - DAG(s) 'example_python_operator' retrieved from /home/airflow/.local/lib/python3.12/site-packages/airflow/example_dags/example_python_operator.py
[2024-08-16T13:27:53.698+0000] {logging_mixin.py:190} INFO - [2024-08-16T13:27:53.698+0000] {dag.py:3211} INFO - Sync 1 DAGs
[2024-08-16T13:27:53.714+0000] {logging_mixin.py:190} INFO - [2024-08-16T13:27:53.714+0000] {dag.py:4138} INFO - Setting next_dagrun for example_python_operator to None, run_after=None
[2024-08-16T13:27:53.734+0000] {processor.py:208} INFO - Processing /home/airflow/.local/lib/python3.12/site-packages/airflow/example_dags/example_python_operator.py took 0.083 seconds
[2024-08-16T13:28:24.189+0000] {processor.py:186} INFO - Started process (PID=5747) to work on /home/airflow/.local/lib/python3.12/site-packages/airflow/example_dags/example_python_operator.py
[2024-08-16T13:28:24.190+0000] {processor.py:914} INFO - Processing file /home/airflow/.local/lib/python3.12/site-packages/airflow/example_dags/example_python_operator.py for tasks to queue
[2024-08-16T13:28:24.193+0000] {logging_mixin.py:190} INFO - [2024-08-16T13:28:24.193+0000] {dagbag.py:587} INFO - Filling up the DagBag from /home/airflow/.local/lib/python3.12/site-packages/airflow/example_dags/example_python_operator.py
[2024-08-16T13:28:24.206+0000] {processor.py:925} INFO - DAG(s) 'example_python_operator' retrieved from /home/airflow/.local/lib/python3.12/site-packages/airflow/example_dags/example_python_operator.py
[2024-08-16T13:28:24.230+0000] {logging_mixin.py:190} INFO - [2024-08-16T13:28:24.229+0000] {dag.py:3211} INFO - Sync 1 DAGs
[2024-08-16T13:28:24.245+0000] {logging_mixin.py:190} INFO - [2024-08-16T13:28:24.245+0000] {dag.py:4138} INFO - Setting next_dagrun for example_python_operator to None, run_after=None
[2024-08-16T13:28:24.266+0000] {processor.py:208} INFO - Processing /home/airflow/.local/lib/python3.12/site-packages/airflow/example_dags/example_python_operator.py took 0.084 seconds
[2024-08-16T13:28:54.629+0000] {processor.py:186} INFO - Started process (PID=6031) to work on /home/airflow/.local/lib/python3.12/site-packages/airflow/example_dags/example_python_operator.py
[2024-08-16T13:28:54.630+0000] {processor.py:914} INFO - Processing file /home/airflow/.local/lib/python3.12/site-packages/airflow/example_dags/example_python_operator.py for tasks to queue
[2024-08-16T13:28:54.634+0000] {logging_mixin.py:190} INFO - [2024-08-16T13:28:54.633+0000] {dagbag.py:587} INFO - Filling up the DagBag from /home/airflow/.local/lib/python3.12/site-packages/airflow/example_dags/example_python_operator.py
[2024-08-16T13:28:54.650+0000] {processor.py:925} INFO - DAG(s) 'example_python_operator' retrieved from /home/airflow/.local/lib/python3.12/site-packages/airflow/example_dags/example_python_operator.py
[2024-08-16T13:28:54.682+0000] {logging_mixin.py:190} INFO - [2024-08-16T13:28:54.682+0000] {dag.py:3211} INFO - Sync 1 DAGs
[2024-08-16T13:28:54.702+0000] {logging_mixin.py:190} INFO - [2024-08-16T13:28:54.701+0000] {dag.py:4138} INFO - Setting next_dagrun for example_python_operator to None, run_after=None
[2024-08-16T13:28:54.722+0000] {processor.py:208} INFO - Processing /home/airflow/.local/lib/python3.12/site-packages/airflow/example_dags/example_python_operator.py took 0.101 seconds
[2024-08-16T13:29:25.264+0000] {processor.py:186} INFO - Started process (PID=6319) to work on /home/airflow/.local/lib/python3.12/site-packages/airflow/example_dags/example_python_operator.py
[2024-08-16T13:29:25.265+0000] {processor.py:914} INFO - Processing file /home/airflow/.local/lib/python3.12/site-packages/airflow/example_dags/example_python_operator.py for tasks to queue
[2024-08-16T13:29:25.269+0000] {logging_mixin.py:190} INFO - [2024-08-16T13:29:25.268+0000] {dagbag.py:587} INFO - Filling up the DagBag from /home/airflow/.local/lib/python3.12/site-packages/airflow/example_dags/example_python_operator.py
[2024-08-16T13:29:25.282+0000] {processor.py:925} INFO - DAG(s) 'example_python_operator' retrieved from /home/airflow/.local/lib/python3.12/site-packages/airflow/example_dags/example_python_operator.py
[2024-08-16T13:29:25.310+0000] {logging_mixin.py:190} INFO - [2024-08-16T13:29:25.310+0000] {dag.py:3211} INFO - Sync 1 DAGs
[2024-08-16T13:29:25.327+0000] {logging_mixin.py:190} INFO - [2024-08-16T13:29:25.327+0000] {dag.py:4138} INFO - Setting next_dagrun for example_python_operator to None, run_after=None
[2024-08-16T13:29:25.351+0000] {processor.py:208} INFO - Processing /home/airflow/.local/lib/python3.12/site-packages/airflow/example_dags/example_python_operator.py took 0.093 seconds
[2024-08-16T13:29:55.692+0000] {processor.py:186} INFO - Started process (PID=6603) to work on /home/airflow/.local/lib/python3.12/site-packages/airflow/example_dags/example_python_operator.py
[2024-08-16T13:29:55.693+0000] {processor.py:914} INFO - Processing file /home/airflow/.local/lib/python3.12/site-packages/airflow/example_dags/example_python_operator.py for tasks to queue
[2024-08-16T13:29:55.696+0000] {logging_mixin.py:190} INFO - [2024-08-16T13:29:55.696+0000] {dagbag.py:587} INFO - Filling up the DagBag from /home/airflow/.local/lib/python3.12/site-packages/airflow/example_dags/example_python_operator.py
[2024-08-16T13:29:55.717+0000] {processor.py:925} INFO - DAG(s) 'example_python_operator' retrieved from /home/airflow/.local/lib/python3.12/site-packages/airflow/example_dags/example_python_operator.py
[2024-08-16T13:29:55.755+0000] {logging_mixin.py:190} INFO - [2024-08-16T13:29:55.755+0000] {dag.py:3211} INFO - Sync 1 DAGs
[2024-08-16T13:29:55.778+0000] {logging_mixin.py:190} INFO - [2024-08-16T13:29:55.777+0000] {dag.py:4138} INFO - Setting next_dagrun for example_python_operator to None, run_after=None
[2024-08-16T13:29:55.799+0000] {processor.py:208} INFO - Processing /home/airflow/.local/lib/python3.12/site-packages/airflow/example_dags/example_python_operator.py took 0.115 seconds
[2024-08-16T13:30:26.141+0000] {processor.py:186} INFO - Started process (PID=6890) to work on /home/airflow/.local/lib/python3.12/site-packages/airflow/example_dags/example_python_operator.py
[2024-08-16T13:30:26.142+0000] {processor.py:914} INFO - Processing file /home/airflow/.local/lib/python3.12/site-packages/airflow/example_dags/example_python_operator.py for tasks to queue
[2024-08-16T13:30:26.144+0000] {logging_mixin.py:190} INFO - [2024-08-16T13:30:26.144+0000] {dagbag.py:587} INFO - Filling up the DagBag from /home/airflow/.local/lib/python3.12/site-packages/airflow/example_dags/example_python_operator.py
[2024-08-16T13:30:26.167+0000] {processor.py:925} INFO - DAG(s) 'example_python_operator' retrieved from /home/airflow/.local/lib/python3.12/site-packages/airflow/example_dags/example_python_operator.py
[2024-08-16T13:30:26.209+0000] {logging_mixin.py:190} INFO - [2024-08-16T13:30:26.209+0000] {dag.py:3211} INFO - Sync 1 DAGs
[2024-08-16T13:30:26.231+0000] {logging_mixin.py:190} INFO - [2024-08-16T13:30:26.231+0000] {dag.py:4138} INFO - Setting next_dagrun for example_python_operator to None, run_after=None
[2024-08-16T13:30:26.264+0000] {processor.py:208} INFO - Processing /home/airflow/.local/lib/python3.12/site-packages/airflow/example_dags/example_python_operator.py took 0.130 seconds
[2024-08-16T13:30:56.786+0000] {processor.py:186} INFO - Started process (PID=7176) to work on /home/airflow/.local/lib/python3.12/site-packages/airflow/example_dags/example_python_operator.py
[2024-08-16T13:30:56.787+0000] {processor.py:914} INFO - Processing file /home/airflow/.local/lib/python3.12/site-packages/airflow/example_dags/example_python_operator.py for tasks to queue
[2024-08-16T13:30:56.790+0000] {logging_mixin.py:190} INFO - [2024-08-16T13:30:56.789+0000] {dagbag.py:587} INFO - Filling up the DagBag from /home/airflow/.local/lib/python3.12/site-packages/airflow/example_dags/example_python_operator.py
[2024-08-16T13:30:56.806+0000] {processor.py:925} INFO - DAG(s) 'example_python_operator' retrieved from /home/airflow/.local/lib/python3.12/site-packages/airflow/example_dags/example_python_operator.py
[2024-08-16T13:30:56.842+0000] {logging_mixin.py:190} INFO - [2024-08-16T13:30:56.842+0000] {dag.py:3211} INFO - Sync 1 DAGs
[2024-08-16T13:30:56.860+0000] {logging_mixin.py:190} INFO - [2024-08-16T13:30:56.860+0000] {dag.py:4138} INFO - Setting next_dagrun for example_python_operator to None, run_after=None
[2024-08-16T13:30:56.884+0000] {processor.py:208} INFO - Processing /home/airflow/.local/lib/python3.12/site-packages/airflow/example_dags/example_python_operator.py took 0.104 seconds
[2024-08-16T13:31:27.190+0000] {processor.py:186} INFO - Started process (PID=7457) to work on /home/airflow/.local/lib/python3.12/site-packages/airflow/example_dags/example_python_operator.py
[2024-08-16T13:31:27.192+0000] {processor.py:914} INFO - Processing file /home/airflow/.local/lib/python3.12/site-packages/airflow/example_dags/example_python_operator.py for tasks to queue
[2024-08-16T13:31:27.194+0000] {logging_mixin.py:190} INFO - [2024-08-16T13:31:27.194+0000] {dagbag.py:587} INFO - Filling up the DagBag from /home/airflow/.local/lib/python3.12/site-packages/airflow/example_dags/example_python_operator.py
[2024-08-16T13:31:27.207+0000] {processor.py:925} INFO - DAG(s) 'example_python_operator' retrieved from /home/airflow/.local/lib/python3.12/site-packages/airflow/example_dags/example_python_operator.py
[2024-08-16T13:31:27.234+0000] {logging_mixin.py:190} INFO - [2024-08-16T13:31:27.234+0000] {dag.py:3211} INFO - Sync 1 DAGs
[2024-08-16T13:31:27.253+0000] {logging_mixin.py:190} INFO - [2024-08-16T13:31:27.253+0000] {dag.py:4138} INFO - Setting next_dagrun for example_python_operator to None, run_after=None
[2024-08-16T13:31:27.282+0000] {processor.py:208} INFO - Processing /home/airflow/.local/lib/python3.12/site-packages/airflow/example_dags/example_python_operator.py took 0.099 seconds
[2024-08-16T13:31:57.847+0000] {processor.py:186} INFO - Started process (PID=7748) to work on /home/airflow/.local/lib/python3.12/site-packages/airflow/example_dags/example_python_operator.py
[2024-08-16T13:31:57.849+0000] {processor.py:914} INFO - Processing file /home/airflow/.local/lib/python3.12/site-packages/airflow/example_dags/example_python_operator.py for tasks to queue
[2024-08-16T13:31:57.851+0000] {logging_mixin.py:190} INFO - [2024-08-16T13:31:57.851+0000] {dagbag.py:587} INFO - Filling up the DagBag from /home/airflow/.local/lib/python3.12/site-packages/airflow/example_dags/example_python_operator.py
[2024-08-16T13:31:57.869+0000] {processor.py:925} INFO - DAG(s) 'example_python_operator' retrieved from /home/airflow/.local/lib/python3.12/site-packages/airflow/example_dags/example_python_operator.py
[2024-08-16T13:31:57.900+0000] {logging_mixin.py:190} INFO - [2024-08-16T13:31:57.900+0000] {dag.py:3211} INFO - Sync 1 DAGs
[2024-08-16T13:31:57.919+0000] {logging_mixin.py:190} INFO - [2024-08-16T13:31:57.919+0000] {dag.py:4138} INFO - Setting next_dagrun for example_python_operator to None, run_after=None
[2024-08-16T13:31:57.939+0000] {processor.py:208} INFO - Processing /home/airflow/.local/lib/python3.12/site-packages/airflow/example_dags/example_python_operator.py took 0.098 seconds
[2024-08-16T13:32:28.455+0000] {processor.py:186} INFO - Started process (PID=8034) to work on /home/airflow/.local/lib/python3.12/site-packages/airflow/example_dags/example_python_operator.py
[2024-08-16T13:32:28.456+0000] {processor.py:914} INFO - Processing file /home/airflow/.local/lib/python3.12/site-packages/airflow/example_dags/example_python_operator.py for tasks to queue
[2024-08-16T13:32:28.458+0000] {logging_mixin.py:190} INFO - [2024-08-16T13:32:28.458+0000] {dagbag.py:587} INFO - Filling up the DagBag from /home/airflow/.local/lib/python3.12/site-packages/airflow/example_dags/example_python_operator.py
[2024-08-16T13:32:28.471+0000] {processor.py:925} INFO - DAG(s) 'example_python_operator' retrieved from /home/airflow/.local/lib/python3.12/site-packages/airflow/example_dags/example_python_operator.py
[2024-08-16T13:32:28.499+0000] {logging_mixin.py:190} INFO - [2024-08-16T13:32:28.498+0000] {dag.py:3211} INFO - Sync 1 DAGs
[2024-08-16T13:32:28.515+0000] {logging_mixin.py:190} INFO - [2024-08-16T13:32:28.514+0000] {dag.py:4138} INFO - Setting next_dagrun for example_python_operator to None, run_after=None
[2024-08-16T13:32:28.535+0000] {processor.py:208} INFO - Processing /home/airflow/.local/lib/python3.12/site-packages/airflow/example_dags/example_python_operator.py took 0.088 seconds
[2024-08-16T13:32:58.762+0000] {processor.py:186} INFO - Started process (PID=8320) to work on /home/airflow/.local/lib/python3.12/site-packages/airflow/example_dags/example_python_operator.py
[2024-08-16T13:32:58.763+0000] {processor.py:914} INFO - Processing file /home/airflow/.local/lib/python3.12/site-packages/airflow/example_dags/example_python_operator.py for tasks to queue
[2024-08-16T13:32:58.766+0000] {logging_mixin.py:190} INFO - [2024-08-16T13:32:58.766+0000] {dagbag.py:587} INFO - Filling up the DagBag from /home/airflow/.local/lib/python3.12/site-packages/airflow/example_dags/example_python_operator.py
[2024-08-16T13:32:58.780+0000] {processor.py:925} INFO - DAG(s) 'example_python_operator' retrieved from /home/airflow/.local/lib/python3.12/site-packages/airflow/example_dags/example_python_operator.py
[2024-08-16T13:32:58.809+0000] {logging_mixin.py:190} INFO - [2024-08-16T13:32:58.809+0000] {dag.py:3211} INFO - Sync 1 DAGs
[2024-08-16T13:32:58.828+0000] {logging_mixin.py:190} INFO - [2024-08-16T13:32:58.828+0000] {dag.py:4138} INFO - Setting next_dagrun for example_python_operator to None, run_after=None
[2024-08-16T13:32:58.849+0000] {processor.py:208} INFO - Processing /home/airflow/.local/lib/python3.12/site-packages/airflow/example_dags/example_python_operator.py took 0.093 seconds
[2024-08-16T13:33:29.215+0000] {processor.py:186} INFO - Started process (PID=8606) to work on /home/airflow/.local/lib/python3.12/site-packages/airflow/example_dags/example_python_operator.py
[2024-08-16T13:33:29.216+0000] {processor.py:914} INFO - Processing file /home/airflow/.local/lib/python3.12/site-packages/airflow/example_dags/example_python_operator.py for tasks to queue
[2024-08-16T13:33:29.219+0000] {logging_mixin.py:190} INFO - [2024-08-16T13:33:29.218+0000] {dagbag.py:587} INFO - Filling up the DagBag from /home/airflow/.local/lib/python3.12/site-packages/airflow/example_dags/example_python_operator.py
[2024-08-16T13:33:29.231+0000] {processor.py:925} INFO - DAG(s) 'example_python_operator' retrieved from /home/airflow/.local/lib/python3.12/site-packages/airflow/example_dags/example_python_operator.py
[2024-08-16T13:33:29.260+0000] {logging_mixin.py:190} INFO - [2024-08-16T13:33:29.259+0000] {dag.py:3211} INFO - Sync 1 DAGs
[2024-08-16T13:33:29.275+0000] {logging_mixin.py:190} INFO - [2024-08-16T13:33:29.275+0000] {dag.py:4138} INFO - Setting next_dagrun for example_python_operator to None, run_after=None
[2024-08-16T13:33:29.296+0000] {processor.py:208} INFO - Processing /home/airflow/.local/lib/python3.12/site-packages/airflow/example_dags/example_python_operator.py took 0.088 seconds
[2024-08-16T13:33:59.556+0000] {processor.py:186} INFO - Started process (PID=8892) to work on /home/airflow/.local/lib/python3.12/site-packages/airflow/example_dags/example_python_operator.py
[2024-08-16T13:33:59.557+0000] {processor.py:914} INFO - Processing file /home/airflow/.local/lib/python3.12/site-packages/airflow/example_dags/example_python_operator.py for tasks to queue
[2024-08-16T13:33:59.560+0000] {logging_mixin.py:190} INFO - [2024-08-16T13:33:59.560+0000] {dagbag.py:587} INFO - Filling up the DagBag from /home/airflow/.local/lib/python3.12/site-packages/airflow/example_dags/example_python_operator.py
[2024-08-16T13:33:59.576+0000] {processor.py:925} INFO - DAG(s) 'example_python_operator' retrieved from /home/airflow/.local/lib/python3.12/site-packages/airflow/example_dags/example_python_operator.py
[2024-08-16T13:33:59.601+0000] {logging_mixin.py:190} INFO - [2024-08-16T13:33:59.601+0000] {dag.py:3211} INFO - Sync 1 DAGs
[2024-08-16T13:33:59.618+0000] {logging_mixin.py:190} INFO - [2024-08-16T13:33:59.618+0000] {dag.py:4138} INFO - Setting next_dagrun for example_python_operator to None, run_after=None
[2024-08-16T13:33:59.639+0000] {processor.py:208} INFO - Processing /home/airflow/.local/lib/python3.12/site-packages/airflow/example_dags/example_python_operator.py took 0.090 seconds
[2024-08-16T13:34:30.141+0000] {processor.py:186} INFO - Started process (PID=9178) to work on /home/airflow/.local/lib/python3.12/site-packages/airflow/example_dags/example_python_operator.py
[2024-08-16T13:34:30.143+0000] {processor.py:914} INFO - Processing file /home/airflow/.local/lib/python3.12/site-packages/airflow/example_dags/example_python_operator.py for tasks to queue
[2024-08-16T13:34:30.146+0000] {logging_mixin.py:190} INFO - [2024-08-16T13:34:30.146+0000] {dagbag.py:587} INFO - Filling up the DagBag from /home/airflow/.local/lib/python3.12/site-packages/airflow/example_dags/example_python_operator.py
[2024-08-16T13:34:30.159+0000] {processor.py:925} INFO - DAG(s) 'example_python_operator' retrieved from /home/airflow/.local/lib/python3.12/site-packages/airflow/example_dags/example_python_operator.py
[2024-08-16T13:34:30.190+0000] {logging_mixin.py:190} INFO - [2024-08-16T13:34:30.189+0000] {dag.py:3211} INFO - Sync 1 DAGs
[2024-08-16T13:34:30.210+0000] {logging_mixin.py:190} INFO - [2024-08-16T13:34:30.210+0000] {dag.py:4138} INFO - Setting next_dagrun for example_python_operator to None, run_after=None
[2024-08-16T13:34:30.237+0000] {processor.py:208} INFO - Processing /home/airflow/.local/lib/python3.12/site-packages/airflow/example_dags/example_python_operator.py took 0.105 seconds
[2024-08-16T13:35:00.554+0000] {processor.py:186} INFO - Started process (PID=9464) to work on /home/airflow/.local/lib/python3.12/site-packages/airflow/example_dags/example_python_operator.py
[2024-08-16T13:35:00.555+0000] {processor.py:914} INFO - Processing file /home/airflow/.local/lib/python3.12/site-packages/airflow/example_dags/example_python_operator.py for tasks to queue
[2024-08-16T13:35:00.558+0000] {logging_mixin.py:190} INFO - [2024-08-16T13:35:00.557+0000] {dagbag.py:587} INFO - Filling up the DagBag from /home/airflow/.local/lib/python3.12/site-packages/airflow/example_dags/example_python_operator.py
[2024-08-16T13:35:00.571+0000] {processor.py:925} INFO - DAG(s) 'example_python_operator' retrieved from /home/airflow/.local/lib/python3.12/site-packages/airflow/example_dags/example_python_operator.py
[2024-08-16T13:35:00.601+0000] {logging_mixin.py:190} INFO - [2024-08-16T13:35:00.601+0000] {dag.py:3211} INFO - Sync 1 DAGs
[2024-08-16T13:35:00.621+0000] {logging_mixin.py:190} INFO - [2024-08-16T13:35:00.620+0000] {dag.py:4138} INFO - Setting next_dagrun for example_python_operator to None, run_after=None
[2024-08-16T13:35:00.641+0000] {processor.py:208} INFO - Processing /home/airflow/.local/lib/python3.12/site-packages/airflow/example_dags/example_python_operator.py took 0.094 seconds
[2024-08-16T13:35:30.970+0000] {processor.py:186} INFO - Started process (PID=9750) to work on /home/airflow/.local/lib/python3.12/site-packages/airflow/example_dags/example_python_operator.py
[2024-08-16T13:35:30.971+0000] {processor.py:914} INFO - Processing file /home/airflow/.local/lib/python3.12/site-packages/airflow/example_dags/example_python_operator.py for tasks to queue
[2024-08-16T13:35:30.975+0000] {logging_mixin.py:190} INFO - [2024-08-16T13:35:30.975+0000] {dagbag.py:587} INFO - Filling up the DagBag from /home/airflow/.local/lib/python3.12/site-packages/airflow/example_dags/example_python_operator.py
[2024-08-16T13:35:30.991+0000] {processor.py:925} INFO - DAG(s) 'example_python_operator' retrieved from /home/airflow/.local/lib/python3.12/site-packages/airflow/example_dags/example_python_operator.py
[2024-08-16T13:35:31.019+0000] {logging_mixin.py:190} INFO - [2024-08-16T13:35:31.019+0000] {dag.py:3211} INFO - Sync 1 DAGs
[2024-08-16T13:35:31.037+0000] {logging_mixin.py:190} INFO - [2024-08-16T13:35:31.036+0000] {dag.py:4138} INFO - Setting next_dagrun for example_python_operator to None, run_after=None
[2024-08-16T13:35:31.057+0000] {processor.py:208} INFO - Processing /home/airflow/.local/lib/python3.12/site-packages/airflow/example_dags/example_python_operator.py took 0.094 seconds
[2024-08-16T13:36:01.479+0000] {processor.py:186} INFO - Started process (PID=10036) to work on /home/airflow/.local/lib/python3.12/site-packages/airflow/example_dags/example_python_operator.py
[2024-08-16T13:36:01.480+0000] {processor.py:914} INFO - Processing file /home/airflow/.local/lib/python3.12/site-packages/airflow/example_dags/example_python_operator.py for tasks to queue
[2024-08-16T13:36:01.482+0000] {logging_mixin.py:190} INFO - [2024-08-16T13:36:01.482+0000] {dagbag.py:587} INFO - Filling up the DagBag from /home/airflow/.local/lib/python3.12/site-packages/airflow/example_dags/example_python_operator.py
[2024-08-16T13:36:01.496+0000] {processor.py:925} INFO - DAG(s) 'example_python_operator' retrieved from /home/airflow/.local/lib/python3.12/site-packages/airflow/example_dags/example_python_operator.py
[2024-08-16T13:36:01.524+0000] {logging_mixin.py:190} INFO - [2024-08-16T13:36:01.524+0000] {dag.py:3211} INFO - Sync 1 DAGs
[2024-08-16T13:36:01.542+0000] {logging_mixin.py:190} INFO - [2024-08-16T13:36:01.542+0000] {dag.py:4138} INFO - Setting next_dagrun for example_python_operator to None, run_after=None
[2024-08-16T13:36:01.564+0000] {processor.py:208} INFO - Processing /home/airflow/.local/lib/python3.12/site-packages/airflow/example_dags/example_python_operator.py took 0.091 seconds
[2024-08-16T13:36:31.954+0000] {processor.py:186} INFO - Started process (PID=10322) to work on /home/airflow/.local/lib/python3.12/site-packages/airflow/example_dags/example_python_operator.py
[2024-08-16T13:36:31.955+0000] {processor.py:914} INFO - Processing file /home/airflow/.local/lib/python3.12/site-packages/airflow/example_dags/example_python_operator.py for tasks to queue
[2024-08-16T13:36:31.957+0000] {logging_mixin.py:190} INFO - [2024-08-16T13:36:31.957+0000] {dagbag.py:587} INFO - Filling up the DagBag from /home/airflow/.local/lib/python3.12/site-packages/airflow/example_dags/example_python_operator.py
[2024-08-16T13:36:31.972+0000] {processor.py:925} INFO - DAG(s) 'example_python_operator' retrieved from /home/airflow/.local/lib/python3.12/site-packages/airflow/example_dags/example_python_operator.py
[2024-08-16T13:36:31.999+0000] {logging_mixin.py:190} INFO - [2024-08-16T13:36:31.998+0000] {dag.py:3211} INFO - Sync 1 DAGs
[2024-08-16T13:36:32.016+0000] {logging_mixin.py:190} INFO - [2024-08-16T13:36:32.015+0000] {dag.py:4138} INFO - Setting next_dagrun for example_python_operator to None, run_after=None
[2024-08-16T13:36:32.040+0000] {processor.py:208} INFO - Processing /home/airflow/.local/lib/python3.12/site-packages/airflow/example_dags/example_python_operator.py took 0.093 seconds
[2024-08-16T13:37:02.318+0000] {processor.py:186} INFO - Started process (PID=10608) to work on /home/airflow/.local/lib/python3.12/site-packages/airflow/example_dags/example_python_operator.py
[2024-08-16T13:37:02.319+0000] {processor.py:914} INFO - Processing file /home/airflow/.local/lib/python3.12/site-packages/airflow/example_dags/example_python_operator.py for tasks to queue
[2024-08-16T13:37:02.322+0000] {logging_mixin.py:190} INFO - [2024-08-16T13:37:02.322+0000] {dagbag.py:587} INFO - Filling up the DagBag from /home/airflow/.local/lib/python3.12/site-packages/airflow/example_dags/example_python_operator.py
[2024-08-16T13:37:02.337+0000] {processor.py:925} INFO - DAG(s) 'example_python_operator' retrieved from /home/airflow/.local/lib/python3.12/site-packages/airflow/example_dags/example_python_operator.py
[2024-08-16T13:37:02.365+0000] {logging_mixin.py:190} INFO - [2024-08-16T13:37:02.365+0000] {dag.py:3211} INFO - Sync 1 DAGs
[2024-08-16T13:37:02.384+0000] {logging_mixin.py:190} INFO - [2024-08-16T13:37:02.383+0000] {dag.py:4138} INFO - Setting next_dagrun for example_python_operator to None, run_after=None
[2024-08-16T13:37:02.406+0000] {processor.py:208} INFO - Processing /home/airflow/.local/lib/python3.12/site-packages/airflow/example_dags/example_python_operator.py took 0.096 seconds
[2024-08-16T13:37:32.726+0000] {processor.py:186} INFO - Started process (PID=10895) to work on /home/airflow/.local/lib/python3.12/site-packages/airflow/example_dags/example_python_operator.py
[2024-08-16T13:37:32.727+0000] {processor.py:914} INFO - Processing file /home/airflow/.local/lib/python3.12/site-packages/airflow/example_dags/example_python_operator.py for tasks to queue
[2024-08-16T13:37:32.730+0000] {logging_mixin.py:190} INFO - [2024-08-16T13:37:32.729+0000] {dagbag.py:587} INFO - Filling up the DagBag from /home/airflow/.local/lib/python3.12/site-packages/airflow/example_dags/example_python_operator.py
[2024-08-16T13:37:32.743+0000] {processor.py:925} INFO - DAG(s) 'example_python_operator' retrieved from /home/airflow/.local/lib/python3.12/site-packages/airflow/example_dags/example_python_operator.py
[2024-08-16T13:37:32.769+0000] {logging_mixin.py:190} INFO - [2024-08-16T13:37:32.769+0000] {dag.py:3211} INFO - Sync 1 DAGs
[2024-08-16T13:37:32.786+0000] {logging_mixin.py:190} INFO - [2024-08-16T13:37:32.786+0000] {dag.py:4138} INFO - Setting next_dagrun for example_python_operator to None, run_after=None
[2024-08-16T13:37:32.808+0000] {processor.py:208} INFO - Processing /home/airflow/.local/lib/python3.12/site-packages/airflow/example_dags/example_python_operator.py took 0.089 seconds
[2024-08-16T13:38:02.922+0000] {processor.py:186} INFO - Started process (PID=11181) to work on /home/airflow/.local/lib/python3.12/site-packages/airflow/example_dags/example_python_operator.py
[2024-08-16T13:38:02.923+0000] {processor.py:914} INFO - Processing file /home/airflow/.local/lib/python3.12/site-packages/airflow/example_dags/example_python_operator.py for tasks to queue
[2024-08-16T13:38:02.925+0000] {logging_mixin.py:190} INFO - [2024-08-16T13:38:02.925+0000] {dagbag.py:587} INFO - Filling up the DagBag from /home/airflow/.local/lib/python3.12/site-packages/airflow/example_dags/example_python_operator.py
[2024-08-16T13:38:02.939+0000] {processor.py:925} INFO - DAG(s) 'example_python_operator' retrieved from /home/airflow/.local/lib/python3.12/site-packages/airflow/example_dags/example_python_operator.py
[2024-08-16T13:38:02.963+0000] {logging_mixin.py:190} INFO - [2024-08-16T13:38:02.963+0000] {dag.py:3211} INFO - Sync 1 DAGs
[2024-08-16T13:38:02.979+0000] {logging_mixin.py:190} INFO - [2024-08-16T13:38:02.979+0000] {dag.py:4138} INFO - Setting next_dagrun for example_python_operator to None, run_after=None
[2024-08-16T13:38:03.000+0000] {processor.py:208} INFO - Processing /home/airflow/.local/lib/python3.12/site-packages/airflow/example_dags/example_python_operator.py took 0.085 seconds
[2024-08-16T13:38:33.359+0000] {processor.py:186} INFO - Started process (PID=11464) to work on /home/airflow/.local/lib/python3.12/site-packages/airflow/example_dags/example_python_operator.py
[2024-08-16T13:38:33.360+0000] {processor.py:914} INFO - Processing file /home/airflow/.local/lib/python3.12/site-packages/airflow/example_dags/example_python_operator.py for tasks to queue
[2024-08-16T13:38:33.362+0000] {logging_mixin.py:190} INFO - [2024-08-16T13:38:33.362+0000] {dagbag.py:587} INFO - Filling up the DagBag from /home/airflow/.local/lib/python3.12/site-packages/airflow/example_dags/example_python_operator.py
[2024-08-16T13:38:33.375+0000] {processor.py:925} INFO - DAG(s) 'example_python_operator' retrieved from /home/airflow/.local/lib/python3.12/site-packages/airflow/example_dags/example_python_operator.py
[2024-08-16T13:38:33.400+0000] {logging_mixin.py:190} INFO - [2024-08-16T13:38:33.399+0000] {dag.py:3211} INFO - Sync 1 DAGs
[2024-08-16T13:38:33.416+0000] {logging_mixin.py:190} INFO - [2024-08-16T13:38:33.416+0000] {dag.py:4138} INFO - Setting next_dagrun for example_python_operator to None, run_after=None
[2024-08-16T13:38:33.435+0000] {processor.py:208} INFO - Processing /home/airflow/.local/lib/python3.12/site-packages/airflow/example_dags/example_python_operator.py took 0.083 seconds
[2024-08-16T13:39:03.647+0000] {processor.py:186} INFO - Started process (PID=11750) to work on /home/airflow/.local/lib/python3.12/site-packages/airflow/example_dags/example_python_operator.py
[2024-08-16T13:39:03.648+0000] {processor.py:914} INFO - Processing file /home/airflow/.local/lib/python3.12/site-packages/airflow/example_dags/example_python_operator.py for tasks to queue
[2024-08-16T13:39:03.651+0000] {logging_mixin.py:190} INFO - [2024-08-16T13:39:03.650+0000] {dagbag.py:587} INFO - Filling up the DagBag from /home/airflow/.local/lib/python3.12/site-packages/airflow/example_dags/example_python_operator.py
[2024-08-16T13:39:03.663+0000] {processor.py:925} INFO - DAG(s) 'example_python_operator' retrieved from /home/airflow/.local/lib/python3.12/site-packages/airflow/example_dags/example_python_operator.py
[2024-08-16T13:39:03.691+0000] {logging_mixin.py:190} INFO - [2024-08-16T13:39:03.691+0000] {dag.py:3211} INFO - Sync 1 DAGs
[2024-08-16T13:39:03.706+0000] {logging_mixin.py:190} INFO - [2024-08-16T13:39:03.706+0000] {dag.py:4138} INFO - Setting next_dagrun for example_python_operator to None, run_after=None
[2024-08-16T13:39:03.728+0000] {processor.py:208} INFO - Processing /home/airflow/.local/lib/python3.12/site-packages/airflow/example_dags/example_python_operator.py took 0.087 seconds
[2024-08-16T13:39:34.089+0000] {processor.py:186} INFO - Started process (PID=12036) to work on /home/airflow/.local/lib/python3.12/site-packages/airflow/example_dags/example_python_operator.py
[2024-08-16T13:39:34.090+0000] {processor.py:914} INFO - Processing file /home/airflow/.local/lib/python3.12/site-packages/airflow/example_dags/example_python_operator.py for tasks to queue
[2024-08-16T13:39:34.093+0000] {logging_mixin.py:190} INFO - [2024-08-16T13:39:34.093+0000] {dagbag.py:587} INFO - Filling up the DagBag from /home/airflow/.local/lib/python3.12/site-packages/airflow/example_dags/example_python_operator.py
[2024-08-16T13:39:34.106+0000] {processor.py:925} INFO - DAG(s) 'example_python_operator' retrieved from /home/airflow/.local/lib/python3.12/site-packages/airflow/example_dags/example_python_operator.py
[2024-08-16T13:39:34.131+0000] {logging_mixin.py:190} INFO - [2024-08-16T13:39:34.130+0000] {dag.py:3211} INFO - Sync 1 DAGs
[2024-08-16T13:39:34.146+0000] {logging_mixin.py:190} INFO - [2024-08-16T13:39:34.146+0000] {dag.py:4138} INFO - Setting next_dagrun for example_python_operator to None, run_after=None
[2024-08-16T13:39:34.166+0000] {processor.py:208} INFO - Processing /home/airflow/.local/lib/python3.12/site-packages/airflow/example_dags/example_python_operator.py took 0.084 seconds
[2024-08-16T13:40:05.064+0000] {processor.py:186} INFO - Started process (PID=12322) to work on /home/airflow/.local/lib/python3.12/site-packages/airflow/example_dags/example_python_operator.py
[2024-08-16T13:40:05.065+0000] {processor.py:914} INFO - Processing file /home/airflow/.local/lib/python3.12/site-packages/airflow/example_dags/example_python_operator.py for tasks to queue
[2024-08-16T13:40:05.068+0000] {logging_mixin.py:190} INFO - [2024-08-16T13:40:05.067+0000] {dagbag.py:587} INFO - Filling up the DagBag from /home/airflow/.local/lib/python3.12/site-packages/airflow/example_dags/example_python_operator.py
[2024-08-16T13:40:05.080+0000] {processor.py:925} INFO - DAG(s) 'example_python_operator' retrieved from /home/airflow/.local/lib/python3.12/site-packages/airflow/example_dags/example_python_operator.py
[2024-08-16T13:40:05.105+0000] {logging_mixin.py:190} INFO - [2024-08-16T13:40:05.104+0000] {dag.py:3211} INFO - Sync 1 DAGs
[2024-08-16T13:40:05.120+0000] {logging_mixin.py:190} INFO - [2024-08-16T13:40:05.119+0000] {dag.py:4138} INFO - Setting next_dagrun for example_python_operator to None, run_after=None
[2024-08-16T13:40:05.140+0000] {processor.py:208} INFO - Processing /home/airflow/.local/lib/python3.12/site-packages/airflow/example_dags/example_python_operator.py took 0.083 seconds
[2024-08-16T13:40:35.648+0000] {processor.py:186} INFO - Started process (PID=12608) to work on /home/airflow/.local/lib/python3.12/site-packages/airflow/example_dags/example_python_operator.py
[2024-08-16T13:40:35.650+0000] {processor.py:914} INFO - Processing file /home/airflow/.local/lib/python3.12/site-packages/airflow/example_dags/example_python_operator.py for tasks to queue
[2024-08-16T13:40:35.653+0000] {logging_mixin.py:190} INFO - [2024-08-16T13:40:35.652+0000] {dagbag.py:587} INFO - Filling up the DagBag from /home/airflow/.local/lib/python3.12/site-packages/airflow/example_dags/example_python_operator.py
[2024-08-16T13:40:35.666+0000] {processor.py:925} INFO - DAG(s) 'example_python_operator' retrieved from /home/airflow/.local/lib/python3.12/site-packages/airflow/example_dags/example_python_operator.py
[2024-08-16T13:40:35.691+0000] {logging_mixin.py:190} INFO - [2024-08-16T13:40:35.691+0000] {dag.py:3211} INFO - Sync 1 DAGs
[2024-08-16T13:40:35.707+0000] {logging_mixin.py:190} INFO - [2024-08-16T13:40:35.707+0000] {dag.py:4138} INFO - Setting next_dagrun for example_python_operator to None, run_after=None
[2024-08-16T13:40:35.743+0000] {processor.py:208} INFO - Processing /home/airflow/.local/lib/python3.12/site-packages/airflow/example_dags/example_python_operator.py took 0.103 seconds
[2024-08-16T13:41:06.573+0000] {processor.py:186} INFO - Started process (PID=12894) to work on /home/airflow/.local/lib/python3.12/site-packages/airflow/example_dags/example_python_operator.py
[2024-08-16T13:41:06.574+0000] {processor.py:914} INFO - Processing file /home/airflow/.local/lib/python3.12/site-packages/airflow/example_dags/example_python_operator.py for tasks to queue
[2024-08-16T13:41:06.578+0000] {logging_mixin.py:190} INFO - [2024-08-16T13:41:06.577+0000] {dagbag.py:587} INFO - Filling up the DagBag from /home/airflow/.local/lib/python3.12/site-packages/airflow/example_dags/example_python_operator.py
[2024-08-16T13:41:06.593+0000] {processor.py:925} INFO - DAG(s) 'example_python_operator' retrieved from /home/airflow/.local/lib/python3.12/site-packages/airflow/example_dags/example_python_operator.py
[2024-08-16T13:41:06.620+0000] {logging_mixin.py:190} INFO - [2024-08-16T13:41:06.620+0000] {dag.py:3211} INFO - Sync 1 DAGs
[2024-08-16T13:41:06.635+0000] {logging_mixin.py:190} INFO - [2024-08-16T13:41:06.635+0000] {dag.py:4138} INFO - Setting next_dagrun for example_python_operator to None, run_after=None
[2024-08-16T13:41:06.668+0000] {processor.py:208} INFO - Processing /home/airflow/.local/lib/python3.12/site-packages/airflow/example_dags/example_python_operator.py took 0.106 seconds
[2024-08-16T13:41:37.053+0000] {processor.py:186} INFO - Started process (PID=13180) to work on /home/airflow/.local/lib/python3.12/site-packages/airflow/example_dags/example_python_operator.py
[2024-08-16T13:41:37.054+0000] {processor.py:914} INFO - Processing file /home/airflow/.local/lib/python3.12/site-packages/airflow/example_dags/example_python_operator.py for tasks to queue
[2024-08-16T13:41:37.056+0000] {logging_mixin.py:190} INFO - [2024-08-16T13:41:37.056+0000] {dagbag.py:587} INFO - Filling up the DagBag from /home/airflow/.local/lib/python3.12/site-packages/airflow/example_dags/example_python_operator.py
[2024-08-16T13:41:37.070+0000] {processor.py:925} INFO - DAG(s) 'example_python_operator' retrieved from /home/airflow/.local/lib/python3.12/site-packages/airflow/example_dags/example_python_operator.py
[2024-08-16T13:41:37.096+0000] {logging_mixin.py:190} INFO - [2024-08-16T13:41:37.096+0000] {dag.py:3211} INFO - Sync 1 DAGs
[2024-08-16T13:41:37.113+0000] {logging_mixin.py:190} INFO - [2024-08-16T13:41:37.113+0000] {dag.py:4138} INFO - Setting next_dagrun for example_python_operator to None, run_after=None
[2024-08-16T13:41:37.139+0000] {processor.py:208} INFO - Processing /home/airflow/.local/lib/python3.12/site-packages/airflow/example_dags/example_python_operator.py took 0.093 seconds
[2024-08-16T13:42:07.813+0000] {processor.py:186} INFO - Started process (PID=13466) to work on /home/airflow/.local/lib/python3.12/site-packages/airflow/example_dags/example_python_operator.py
[2024-08-16T13:42:07.814+0000] {processor.py:914} INFO - Processing file /home/airflow/.local/lib/python3.12/site-packages/airflow/example_dags/example_python_operator.py for tasks to queue
[2024-08-16T13:42:07.818+0000] {logging_mixin.py:190} INFO - [2024-08-16T13:42:07.817+0000] {dagbag.py:587} INFO - Filling up the DagBag from /home/airflow/.local/lib/python3.12/site-packages/airflow/example_dags/example_python_operator.py
[2024-08-16T13:42:07.834+0000] {processor.py:925} INFO - DAG(s) 'example_python_operator' retrieved from /home/airflow/.local/lib/python3.12/site-packages/airflow/example_dags/example_python_operator.py
[2024-08-16T13:42:07.864+0000] {logging_mixin.py:190} INFO - [2024-08-16T13:42:07.863+0000] {dag.py:3211} INFO - Sync 1 DAGs
[2024-08-16T13:42:07.881+0000] {logging_mixin.py:190} INFO - [2024-08-16T13:42:07.881+0000] {dag.py:4138} INFO - Setting next_dagrun for example_python_operator to None, run_after=None
[2024-08-16T13:42:07.904+0000] {processor.py:208} INFO - Processing /home/airflow/.local/lib/python3.12/site-packages/airflow/example_dags/example_python_operator.py took 0.102 seconds
[2024-08-16T13:42:38.765+0000] {processor.py:186} INFO - Started process (PID=13752) to work on /home/airflow/.local/lib/python3.12/site-packages/airflow/example_dags/example_python_operator.py
[2024-08-16T13:42:38.767+0000] {processor.py:914} INFO - Processing file /home/airflow/.local/lib/python3.12/site-packages/airflow/example_dags/example_python_operator.py for tasks to queue
[2024-08-16T13:42:38.769+0000] {logging_mixin.py:190} INFO - [2024-08-16T13:42:38.769+0000] {dagbag.py:587} INFO - Filling up the DagBag from /home/airflow/.local/lib/python3.12/site-packages/airflow/example_dags/example_python_operator.py
[2024-08-16T13:42:38.782+0000] {processor.py:925} INFO - DAG(s) 'example_python_operator' retrieved from /home/airflow/.local/lib/python3.12/site-packages/airflow/example_dags/example_python_operator.py
[2024-08-16T13:42:38.810+0000] {logging_mixin.py:190} INFO - [2024-08-16T13:42:38.810+0000] {dag.py:3211} INFO - Sync 1 DAGs
[2024-08-16T13:42:38.834+0000] {logging_mixin.py:190} INFO - [2024-08-16T13:42:38.833+0000] {dag.py:4138} INFO - Setting next_dagrun for example_python_operator to None, run_after=None
[2024-08-16T13:42:38.854+0000] {processor.py:208} INFO - Processing /home/airflow/.local/lib/python3.12/site-packages/airflow/example_dags/example_python_operator.py took 0.098 seconds
[2024-08-16T13:43:09.645+0000] {processor.py:186} INFO - Started process (PID=14038) to work on /home/airflow/.local/lib/python3.12/site-packages/airflow/example_dags/example_python_operator.py
[2024-08-16T13:43:09.646+0000] {processor.py:914} INFO - Processing file /home/airflow/.local/lib/python3.12/site-packages/airflow/example_dags/example_python_operator.py for tasks to queue
[2024-08-16T13:43:09.649+0000] {logging_mixin.py:190} INFO - [2024-08-16T13:43:09.648+0000] {dagbag.py:587} INFO - Filling up the DagBag from /home/airflow/.local/lib/python3.12/site-packages/airflow/example_dags/example_python_operator.py
[2024-08-16T13:43:09.664+0000] {processor.py:925} INFO - DAG(s) 'example_python_operator' retrieved from /home/airflow/.local/lib/python3.12/site-packages/airflow/example_dags/example_python_operator.py
[2024-08-16T13:43:09.690+0000] {logging_mixin.py:190} INFO - [2024-08-16T13:43:09.690+0000] {dag.py:3211} INFO - Sync 1 DAGs
[2024-08-16T13:43:09.704+0000] {logging_mixin.py:190} INFO - [2024-08-16T13:43:09.704+0000] {dag.py:4138} INFO - Setting next_dagrun for example_python_operator to None, run_after=None
[2024-08-16T13:43:09.725+0000] {processor.py:208} INFO - Processing /home/airflow/.local/lib/python3.12/site-packages/airflow/example_dags/example_python_operator.py took 0.087 seconds
[2024-08-16T13:43:40.129+0000] {processor.py:186} INFO - Started process (PID=14324) to work on /home/airflow/.local/lib/python3.12/site-packages/airflow/example_dags/example_python_operator.py
[2024-08-16T13:43:40.131+0000] {processor.py:914} INFO - Processing file /home/airflow/.local/lib/python3.12/site-packages/airflow/example_dags/example_python_operator.py for tasks to queue
[2024-08-16T13:43:40.133+0000] {logging_mixin.py:190} INFO - [2024-08-16T13:43:40.133+0000] {dagbag.py:587} INFO - Filling up the DagBag from /home/airflow/.local/lib/python3.12/site-packages/airflow/example_dags/example_python_operator.py
[2024-08-16T13:43:40.147+0000] {processor.py:925} INFO - DAG(s) 'example_python_operator' retrieved from /home/airflow/.local/lib/python3.12/site-packages/airflow/example_dags/example_python_operator.py
[2024-08-16T13:43:40.174+0000] {logging_mixin.py:190} INFO - [2024-08-16T13:43:40.174+0000] {dag.py:3211} INFO - Sync 1 DAGs
[2024-08-16T13:43:40.189+0000] {logging_mixin.py:190} INFO - [2024-08-16T13:43:40.189+0000] {dag.py:4138} INFO - Setting next_dagrun for example_python_operator to None, run_after=None
[2024-08-16T13:43:40.209+0000] {processor.py:208} INFO - Processing /home/airflow/.local/lib/python3.12/site-packages/airflow/example_dags/example_python_operator.py took 0.087 seconds
[2024-08-16T13:44:10.805+0000] {processor.py:186} INFO - Started process (PID=14610) to work on /home/airflow/.local/lib/python3.12/site-packages/airflow/example_dags/example_python_operator.py
[2024-08-16T13:44:10.806+0000] {processor.py:914} INFO - Processing file /home/airflow/.local/lib/python3.12/site-packages/airflow/example_dags/example_python_operator.py for tasks to queue
[2024-08-16T13:44:10.808+0000] {logging_mixin.py:190} INFO - [2024-08-16T13:44:10.808+0000] {dagbag.py:587} INFO - Filling up the DagBag from /home/airflow/.local/lib/python3.12/site-packages/airflow/example_dags/example_python_operator.py
[2024-08-16T13:44:10.825+0000] {processor.py:925} INFO - DAG(s) 'example_python_operator' retrieved from /home/airflow/.local/lib/python3.12/site-packages/airflow/example_dags/example_python_operator.py
[2024-08-16T13:44:10.850+0000] {logging_mixin.py:190} INFO - [2024-08-16T13:44:10.850+0000] {dag.py:3211} INFO - Sync 1 DAGs
[2024-08-16T13:44:10.867+0000] {logging_mixin.py:190} INFO - [2024-08-16T13:44:10.867+0000] {dag.py:4138} INFO - Setting next_dagrun for example_python_operator to None, run_after=None
[2024-08-16T13:44:10.890+0000] {processor.py:208} INFO - Processing /home/airflow/.local/lib/python3.12/site-packages/airflow/example_dags/example_python_operator.py took 0.091 seconds
[2024-08-16T13:44:41.251+0000] {processor.py:186} INFO - Started process (PID=14896) to work on /home/airflow/.local/lib/python3.12/site-packages/airflow/example_dags/example_python_operator.py
[2024-08-16T13:44:41.253+0000] {processor.py:914} INFO - Processing file /home/airflow/.local/lib/python3.12/site-packages/airflow/example_dags/example_python_operator.py for tasks to queue
[2024-08-16T13:44:41.255+0000] {logging_mixin.py:190} INFO - [2024-08-16T13:44:41.255+0000] {dagbag.py:587} INFO - Filling up the DagBag from /home/airflow/.local/lib/python3.12/site-packages/airflow/example_dags/example_python_operator.py
[2024-08-16T13:44:41.268+0000] {processor.py:925} INFO - DAG(s) 'example_python_operator' retrieved from /home/airflow/.local/lib/python3.12/site-packages/airflow/example_dags/example_python_operator.py
[2024-08-16T13:44:41.293+0000] {logging_mixin.py:190} INFO - [2024-08-16T13:44:41.292+0000] {dag.py:3211} INFO - Sync 1 DAGs
[2024-08-16T13:44:41.309+0000] {logging_mixin.py:190} INFO - [2024-08-16T13:44:41.309+0000] {dag.py:4138} INFO - Setting next_dagrun for example_python_operator to None, run_after=None
[2024-08-16T13:44:41.332+0000] {processor.py:208} INFO - Processing /home/airflow/.local/lib/python3.12/site-packages/airflow/example_dags/example_python_operator.py took 0.087 seconds
[2024-08-16T13:45:12.135+0000] {processor.py:186} INFO - Started process (PID=15182) to work on /home/airflow/.local/lib/python3.12/site-packages/airflow/example_dags/example_python_operator.py
[2024-08-16T13:45:12.136+0000] {processor.py:914} INFO - Processing file /home/airflow/.local/lib/python3.12/site-packages/airflow/example_dags/example_python_operator.py for tasks to queue
[2024-08-16T13:45:12.140+0000] {logging_mixin.py:190} INFO - [2024-08-16T13:45:12.139+0000] {dagbag.py:587} INFO - Filling up the DagBag from /home/airflow/.local/lib/python3.12/site-packages/airflow/example_dags/example_python_operator.py
[2024-08-16T13:45:12.162+0000] {processor.py:925} INFO - DAG(s) 'example_python_operator' retrieved from /home/airflow/.local/lib/python3.12/site-packages/airflow/example_dags/example_python_operator.py
[2024-08-16T13:45:12.197+0000] {logging_mixin.py:190} INFO - [2024-08-16T13:45:12.196+0000] {dag.py:3211} INFO - Sync 1 DAGs
[2024-08-16T13:45:12.221+0000] {logging_mixin.py:190} INFO - [2024-08-16T13:45:12.220+0000] {dag.py:4138} INFO - Setting next_dagrun for example_python_operator to None, run_after=None
[2024-08-16T13:45:12.247+0000] {processor.py:208} INFO - Processing /home/airflow/.local/lib/python3.12/site-packages/airflow/example_dags/example_python_operator.py took 0.126 seconds
[2024-08-16T13:45:42.823+0000] {processor.py:186} INFO - Started process (PID=15468) to work on /home/airflow/.local/lib/python3.12/site-packages/airflow/example_dags/example_python_operator.py
[2024-08-16T13:45:42.825+0000] {processor.py:914} INFO - Processing file /home/airflow/.local/lib/python3.12/site-packages/airflow/example_dags/example_python_operator.py for tasks to queue
[2024-08-16T13:45:42.828+0000] {logging_mixin.py:190} INFO - [2024-08-16T13:45:42.827+0000] {dagbag.py:587} INFO - Filling up the DagBag from /home/airflow/.local/lib/python3.12/site-packages/airflow/example_dags/example_python_operator.py
[2024-08-16T13:45:42.844+0000] {processor.py:925} INFO - DAG(s) 'example_python_operator' retrieved from /home/airflow/.local/lib/python3.12/site-packages/airflow/example_dags/example_python_operator.py
[2024-08-16T13:45:42.873+0000] {logging_mixin.py:190} INFO - [2024-08-16T13:45:42.873+0000] {dag.py:3211} INFO - Sync 1 DAGs
[2024-08-16T13:45:42.894+0000] {logging_mixin.py:190} INFO - [2024-08-16T13:45:42.893+0000] {dag.py:4138} INFO - Setting next_dagrun for example_python_operator to None, run_after=None
[2024-08-16T13:45:42.918+0000] {processor.py:208} INFO - Processing /home/airflow/.local/lib/python3.12/site-packages/airflow/example_dags/example_python_operator.py took 0.102 seconds
[2024-08-16T13:46:13.871+0000] {processor.py:186} INFO - Started process (PID=15752) to work on /home/airflow/.local/lib/python3.12/site-packages/airflow/example_dags/example_python_operator.py
[2024-08-16T13:46:13.872+0000] {processor.py:914} INFO - Processing file /home/airflow/.local/lib/python3.12/site-packages/airflow/example_dags/example_python_operator.py for tasks to queue
[2024-08-16T13:46:13.874+0000] {logging_mixin.py:190} INFO - [2024-08-16T13:46:13.874+0000] {dagbag.py:587} INFO - Filling up the DagBag from /home/airflow/.local/lib/python3.12/site-packages/airflow/example_dags/example_python_operator.py
[2024-08-16T13:46:13.891+0000] {processor.py:925} INFO - DAG(s) 'example_python_operator' retrieved from /home/airflow/.local/lib/python3.12/site-packages/airflow/example_dags/example_python_operator.py
[2024-08-16T13:46:13.928+0000] {logging_mixin.py:190} INFO - [2024-08-16T13:46:13.927+0000] {dag.py:3211} INFO - Sync 1 DAGs
[2024-08-16T13:46:13.949+0000] {logging_mixin.py:190} INFO - [2024-08-16T13:46:13.948+0000] {dag.py:4138} INFO - Setting next_dagrun for example_python_operator to None, run_after=None
[2024-08-16T13:46:13.975+0000] {processor.py:208} INFO - Processing /home/airflow/.local/lib/python3.12/site-packages/airflow/example_dags/example_python_operator.py took 0.111 seconds
[2024-08-16T13:46:44.349+0000] {processor.py:186} INFO - Started process (PID=16040) to work on /home/airflow/.local/lib/python3.12/site-packages/airflow/example_dags/example_python_operator.py
[2024-08-16T13:46:44.350+0000] {processor.py:914} INFO - Processing file /home/airflow/.local/lib/python3.12/site-packages/airflow/example_dags/example_python_operator.py for tasks to queue
[2024-08-16T13:46:44.353+0000] {logging_mixin.py:190} INFO - [2024-08-16T13:46:44.353+0000] {dagbag.py:587} INFO - Filling up the DagBag from /home/airflow/.local/lib/python3.12/site-packages/airflow/example_dags/example_python_operator.py
[2024-08-16T13:46:44.370+0000] {processor.py:925} INFO - DAG(s) 'example_python_operator' retrieved from /home/airflow/.local/lib/python3.12/site-packages/airflow/example_dags/example_python_operator.py
[2024-08-16T13:46:44.401+0000] {logging_mixin.py:190} INFO - [2024-08-16T13:46:44.401+0000] {dag.py:3211} INFO - Sync 1 DAGs
[2024-08-16T13:46:44.422+0000] {logging_mixin.py:190} INFO - [2024-08-16T13:46:44.422+0000] {dag.py:4138} INFO - Setting next_dagrun for example_python_operator to None, run_after=None
[2024-08-16T13:46:44.467+0000] {processor.py:208} INFO - Processing /home/airflow/.local/lib/python3.12/site-packages/airflow/example_dags/example_python_operator.py took 0.130 seconds
[2024-08-16T13:47:14.796+0000] {processor.py:186} INFO - Started process (PID=16326) to work on /home/airflow/.local/lib/python3.12/site-packages/airflow/example_dags/example_python_operator.py
[2024-08-16T13:47:14.798+0000] {processor.py:914} INFO - Processing file /home/airflow/.local/lib/python3.12/site-packages/airflow/example_dags/example_python_operator.py for tasks to queue
[2024-08-16T13:47:14.801+0000] {logging_mixin.py:190} INFO - [2024-08-16T13:47:14.801+0000] {dagbag.py:587} INFO - Filling up the DagBag from /home/airflow/.local/lib/python3.12/site-packages/airflow/example_dags/example_python_operator.py
[2024-08-16T13:47:14.822+0000] {processor.py:925} INFO - DAG(s) 'example_python_operator' retrieved from /home/airflow/.local/lib/python3.12/site-packages/airflow/example_dags/example_python_operator.py
[2024-08-16T13:47:14.851+0000] {logging_mixin.py:190} INFO - [2024-08-16T13:47:14.850+0000] {dag.py:3211} INFO - Sync 1 DAGs
[2024-08-16T13:47:14.871+0000] {logging_mixin.py:190} INFO - [2024-08-16T13:47:14.871+0000] {dag.py:4138} INFO - Setting next_dagrun for example_python_operator to None, run_after=None
[2024-08-16T13:47:14.899+0000] {processor.py:208} INFO - Processing /home/airflow/.local/lib/python3.12/site-packages/airflow/example_dags/example_python_operator.py took 0.112 seconds
[2024-08-16T13:47:45.498+0000] {processor.py:186} INFO - Started process (PID=16612) to work on /home/airflow/.local/lib/python3.12/site-packages/airflow/example_dags/example_python_operator.py
[2024-08-16T13:47:45.499+0000] {processor.py:914} INFO - Processing file /home/airflow/.local/lib/python3.12/site-packages/airflow/example_dags/example_python_operator.py for tasks to queue
[2024-08-16T13:47:45.503+0000] {logging_mixin.py:190} INFO - [2024-08-16T13:47:45.502+0000] {dagbag.py:587} INFO - Filling up the DagBag from /home/airflow/.local/lib/python3.12/site-packages/airflow/example_dags/example_python_operator.py
[2024-08-16T13:47:45.522+0000] {processor.py:925} INFO - DAG(s) 'example_python_operator' retrieved from /home/airflow/.local/lib/python3.12/site-packages/airflow/example_dags/example_python_operator.py
[2024-08-16T13:47:45.555+0000] {logging_mixin.py:190} INFO - [2024-08-16T13:47:45.555+0000] {dag.py:3211} INFO - Sync 1 DAGs
[2024-08-16T13:47:45.574+0000] {logging_mixin.py:190} INFO - [2024-08-16T13:47:45.574+0000] {dag.py:4138} INFO - Setting next_dagrun for example_python_operator to None, run_after=None
[2024-08-16T13:47:45.600+0000] {processor.py:208} INFO - Processing /home/airflow/.local/lib/python3.12/site-packages/airflow/example_dags/example_python_operator.py took 0.109 seconds
[2024-08-16T13:48:15.815+0000] {processor.py:186} INFO - Started process (PID=16899) to work on /home/airflow/.local/lib/python3.12/site-packages/airflow/example_dags/example_python_operator.py
[2024-08-16T13:48:15.816+0000] {processor.py:914} INFO - Processing file /home/airflow/.local/lib/python3.12/site-packages/airflow/example_dags/example_python_operator.py for tasks to queue
[2024-08-16T13:48:15.819+0000] {logging_mixin.py:190} INFO - [2024-08-16T13:48:15.819+0000] {dagbag.py:587} INFO - Filling up the DagBag from /home/airflow/.local/lib/python3.12/site-packages/airflow/example_dags/example_python_operator.py
[2024-08-16T13:48:15.836+0000] {processor.py:925} INFO - DAG(s) 'example_python_operator' retrieved from /home/airflow/.local/lib/python3.12/site-packages/airflow/example_dags/example_python_operator.py
[2024-08-16T13:48:15.863+0000] {logging_mixin.py:190} INFO - [2024-08-16T13:48:15.862+0000] {dag.py:3211} INFO - Sync 1 DAGs
[2024-08-16T13:48:15.879+0000] {logging_mixin.py:190} INFO - [2024-08-16T13:48:15.878+0000] {dag.py:4138} INFO - Setting next_dagrun for example_python_operator to None, run_after=None
[2024-08-16T13:48:15.934+0000] {processor.py:208} INFO - Processing /home/airflow/.local/lib/python3.12/site-packages/airflow/example_dags/example_python_operator.py took 0.129 seconds
[2024-08-16T13:48:46.650+0000] {processor.py:186} INFO - Started process (PID=17185) to work on /home/airflow/.local/lib/python3.12/site-packages/airflow/example_dags/example_python_operator.py
[2024-08-16T13:48:46.651+0000] {processor.py:914} INFO - Processing file /home/airflow/.local/lib/python3.12/site-packages/airflow/example_dags/example_python_operator.py for tasks to queue
[2024-08-16T13:48:46.654+0000] {logging_mixin.py:190} INFO - [2024-08-16T13:48:46.653+0000] {dagbag.py:587} INFO - Filling up the DagBag from /home/airflow/.local/lib/python3.12/site-packages/airflow/example_dags/example_python_operator.py
[2024-08-16T13:48:46.667+0000] {processor.py:925} INFO - DAG(s) 'example_python_operator' retrieved from /home/airflow/.local/lib/python3.12/site-packages/airflow/example_dags/example_python_operator.py
[2024-08-16T13:48:46.692+0000] {logging_mixin.py:190} INFO - [2024-08-16T13:48:46.691+0000] {dag.py:3211} INFO - Sync 1 DAGs
[2024-08-16T13:48:46.707+0000] {logging_mixin.py:190} INFO - [2024-08-16T13:48:46.707+0000] {dag.py:4138} INFO - Setting next_dagrun for example_python_operator to None, run_after=None
[2024-08-16T13:48:46.728+0000] {processor.py:208} INFO - Processing /home/airflow/.local/lib/python3.12/site-packages/airflow/example_dags/example_python_operator.py took 0.084 seconds
[2024-08-16T13:49:17.296+0000] {processor.py:186} INFO - Started process (PID=17469) to work on /home/airflow/.local/lib/python3.12/site-packages/airflow/example_dags/example_python_operator.py
[2024-08-16T13:49:17.298+0000] {processor.py:914} INFO - Processing file /home/airflow/.local/lib/python3.12/site-packages/airflow/example_dags/example_python_operator.py for tasks to queue
[2024-08-16T13:49:17.302+0000] {logging_mixin.py:190} INFO - [2024-08-16T13:49:17.301+0000] {dagbag.py:587} INFO - Filling up the DagBag from /home/airflow/.local/lib/python3.12/site-packages/airflow/example_dags/example_python_operator.py
[2024-08-16T13:49:17.325+0000] {processor.py:925} INFO - DAG(s) 'example_python_operator' retrieved from /home/airflow/.local/lib/python3.12/site-packages/airflow/example_dags/example_python_operator.py
[2024-08-16T13:49:17.355+0000] {logging_mixin.py:190} INFO - [2024-08-16T13:49:17.355+0000] {dag.py:3211} INFO - Sync 1 DAGs
[2024-08-16T13:49:17.381+0000] {logging_mixin.py:190} INFO - [2024-08-16T13:49:17.380+0000] {dag.py:4138} INFO - Setting next_dagrun for example_python_operator to None, run_after=None
[2024-08-16T13:49:17.425+0000] {processor.py:208} INFO - Processing /home/airflow/.local/lib/python3.12/site-packages/airflow/example_dags/example_python_operator.py took 0.139 seconds
[2024-08-16T13:49:47.891+0000] {processor.py:186} INFO - Started process (PID=17761) to work on /home/airflow/.local/lib/python3.12/site-packages/airflow/example_dags/example_python_operator.py
[2024-08-16T13:49:47.895+0000] {processor.py:914} INFO - Processing file /home/airflow/.local/lib/python3.12/site-packages/airflow/example_dags/example_python_operator.py for tasks to queue
[2024-08-16T13:49:47.899+0000] {logging_mixin.py:190} INFO - [2024-08-16T13:49:47.898+0000] {dagbag.py:587} INFO - Filling up the DagBag from /home/airflow/.local/lib/python3.12/site-packages/airflow/example_dags/example_python_operator.py
[2024-08-16T13:49:47.915+0000] {processor.py:925} INFO - DAG(s) 'example_python_operator' retrieved from /home/airflow/.local/lib/python3.12/site-packages/airflow/example_dags/example_python_operator.py
[2024-08-16T13:49:47.946+0000] {logging_mixin.py:190} INFO - [2024-08-16T13:49:47.946+0000] {dag.py:3211} INFO - Sync 1 DAGs
[2024-08-16T13:49:47.966+0000] {logging_mixin.py:190} INFO - [2024-08-16T13:49:47.966+0000] {dag.py:4138} INFO - Setting next_dagrun for example_python_operator to None, run_after=None
[2024-08-16T13:49:47.992+0000] {processor.py:208} INFO - Processing /home/airflow/.local/lib/python3.12/site-packages/airflow/example_dags/example_python_operator.py took 0.110 seconds
[2024-08-16T13:50:19.920+0000] {processor.py:186} INFO - Started process (PID=18047) to work on /home/airflow/.local/lib/python3.12/site-packages/airflow/example_dags/example_python_operator.py
[2024-08-16T13:50:19.922+0000] {processor.py:914} INFO - Processing file /home/airflow/.local/lib/python3.12/site-packages/airflow/example_dags/example_python_operator.py for tasks to queue
[2024-08-16T13:50:19.927+0000] {logging_mixin.py:190} INFO - [2024-08-16T13:50:19.926+0000] {dagbag.py:587} INFO - Filling up the DagBag from /home/airflow/.local/lib/python3.12/site-packages/airflow/example_dags/example_python_operator.py
[2024-08-16T13:50:19.951+0000] {processor.py:925} INFO - DAG(s) 'example_python_operator' retrieved from /home/airflow/.local/lib/python3.12/site-packages/airflow/example_dags/example_python_operator.py
[2024-08-16T13:50:19.985+0000] {logging_mixin.py:190} INFO - [2024-08-16T13:50:19.985+0000] {dag.py:3211} INFO - Sync 1 DAGs
[2024-08-16T13:50:20.189+0000] {logging_mixin.py:190} INFO - [2024-08-16T13:50:20.189+0000] {dag.py:4138} INFO - Setting next_dagrun for example_python_operator to None, run_after=None
[2024-08-16T13:50:20.208+0000] {processor.py:208} INFO - Processing /home/airflow/.local/lib/python3.12/site-packages/airflow/example_dags/example_python_operator.py took 0.309 seconds
