[2024-08-16T13:18:49.245+0000] {processor.py:186} INFO - Started process (PID=415) to work on /home/airflow/.local/lib/python3.12/site-packages/airflow/example_dags/example_task_group.py
[2024-08-16T13:18:49.247+0000] {processor.py:914} INFO - Processing file /home/airflow/.local/lib/python3.12/site-packages/airflow/example_dags/example_task_group.py for tasks to queue
[2024-08-16T13:18:49.249+0000] {logging_mixin.py:190} INFO - [2024-08-16T13:18:49.249+0000] {dagbag.py:587} INFO - Filling up the DagBag from /home/airflow/.local/lib/python3.12/site-packages/airflow/example_dags/example_task_group.py
[2024-08-16T13:18:49.261+0000] {processor.py:925} INFO - DAG(s) 'example_task_group' retrieved from /home/airflow/.local/lib/python3.12/site-packages/airflow/example_dags/example_task_group.py
[2024-08-16T13:18:49.399+0000] {logging_mixin.py:190} INFO - [2024-08-16T13:18:49.398+0000] {override.py:1858} INFO - Created Permission View: can read on DAG:example_task_group
[2024-08-16T13:18:49.412+0000] {logging_mixin.py:190} INFO - [2024-08-16T13:18:49.412+0000] {override.py:1858} INFO - Created Permission View: can edit on DAG:example_task_group
[2024-08-16T13:18:49.421+0000] {logging_mixin.py:190} INFO - [2024-08-16T13:18:49.420+0000] {override.py:1858} INFO - Created Permission View: can delete on DAG:example_task_group
[2024-08-16T13:18:49.421+0000] {logging_mixin.py:190} INFO - [2024-08-16T13:18:49.421+0000] {dag.py:3211} INFO - Sync 1 DAGs
[2024-08-16T13:18:49.439+0000] {logging_mixin.py:190} INFO - [2024-08-16T13:18:49.439+0000] {dag.py:3234} INFO - Creating ORM DAG for example_task_group
[2024-08-16T13:18:49.453+0000] {logging_mixin.py:190} INFO - [2024-08-16T13:18:49.453+0000] {dag.py:4138} INFO - Setting next_dagrun for example_task_group to 2024-08-15 00:00:00+00:00, run_after=2024-08-16 00:00:00+00:00
[2024-08-16T13:18:49.476+0000] {processor.py:208} INFO - Processing /home/airflow/.local/lib/python3.12/site-packages/airflow/example_dags/example_task_group.py took 0.239 seconds
[2024-08-16T13:19:20.019+0000] {processor.py:186} INFO - Started process (PID=701) to work on /home/airflow/.local/lib/python3.12/site-packages/airflow/example_dags/example_task_group.py
[2024-08-16T13:19:20.021+0000] {processor.py:914} INFO - Processing file /home/airflow/.local/lib/python3.12/site-packages/airflow/example_dags/example_task_group.py for tasks to queue
[2024-08-16T13:19:20.024+0000] {logging_mixin.py:190} INFO - [2024-08-16T13:19:20.024+0000] {dagbag.py:587} INFO - Filling up the DagBag from /home/airflow/.local/lib/python3.12/site-packages/airflow/example_dags/example_task_group.py
[2024-08-16T13:19:20.034+0000] {processor.py:925} INFO - DAG(s) 'example_task_group' retrieved from /home/airflow/.local/lib/python3.12/site-packages/airflow/example_dags/example_task_group.py
[2024-08-16T13:19:20.059+0000] {logging_mixin.py:190} INFO - [2024-08-16T13:19:20.059+0000] {dag.py:3211} INFO - Sync 1 DAGs
[2024-08-16T13:19:20.086+0000] {logging_mixin.py:190} INFO - [2024-08-16T13:19:20.086+0000] {dag.py:4138} INFO - Setting next_dagrun for example_task_group to 2024-08-15 00:00:00+00:00, run_after=2024-08-16 00:00:00+00:00
[2024-08-16T13:19:20.115+0000] {processor.py:208} INFO - Processing /home/airflow/.local/lib/python3.12/site-packages/airflow/example_dags/example_task_group.py took 0.105 seconds
[2024-08-16T13:19:50.856+0000] {processor.py:186} INFO - Started process (PID=989) to work on /home/airflow/.local/lib/python3.12/site-packages/airflow/example_dags/example_task_group.py
[2024-08-16T13:19:50.857+0000] {processor.py:914} INFO - Processing file /home/airflow/.local/lib/python3.12/site-packages/airflow/example_dags/example_task_group.py for tasks to queue
[2024-08-16T13:19:50.860+0000] {logging_mixin.py:190} INFO - [2024-08-16T13:19:50.859+0000] {dagbag.py:587} INFO - Filling up the DagBag from /home/airflow/.local/lib/python3.12/site-packages/airflow/example_dags/example_task_group.py
[2024-08-16T13:19:50.869+0000] {processor.py:925} INFO - DAG(s) 'example_task_group' retrieved from /home/airflow/.local/lib/python3.12/site-packages/airflow/example_dags/example_task_group.py
[2024-08-16T13:19:50.895+0000] {logging_mixin.py:190} INFO - [2024-08-16T13:19:50.894+0000] {dag.py:3211} INFO - Sync 1 DAGs
[2024-08-16T13:19:50.919+0000] {logging_mixin.py:190} INFO - [2024-08-16T13:19:50.918+0000] {dag.py:4138} INFO - Setting next_dagrun for example_task_group to 2024-08-15 00:00:00+00:00, run_after=2024-08-16 00:00:00+00:00
[2024-08-16T13:19:50.941+0000] {processor.py:208} INFO - Processing /home/airflow/.local/lib/python3.12/site-packages/airflow/example_dags/example_task_group.py took 0.092 seconds
[2024-08-16T13:20:21.599+0000] {processor.py:186} INFO - Started process (PID=1275) to work on /home/airflow/.local/lib/python3.12/site-packages/airflow/example_dags/example_task_group.py
[2024-08-16T13:20:21.601+0000] {processor.py:914} INFO - Processing file /home/airflow/.local/lib/python3.12/site-packages/airflow/example_dags/example_task_group.py for tasks to queue
[2024-08-16T13:20:21.604+0000] {logging_mixin.py:190} INFO - [2024-08-16T13:20:21.603+0000] {dagbag.py:587} INFO - Filling up the DagBag from /home/airflow/.local/lib/python3.12/site-packages/airflow/example_dags/example_task_group.py
[2024-08-16T13:20:21.612+0000] {processor.py:925} INFO - DAG(s) 'example_task_group' retrieved from /home/airflow/.local/lib/python3.12/site-packages/airflow/example_dags/example_task_group.py
[2024-08-16T13:20:21.637+0000] {logging_mixin.py:190} INFO - [2024-08-16T13:20:21.637+0000] {dag.py:3211} INFO - Sync 1 DAGs
[2024-08-16T13:20:21.661+0000] {logging_mixin.py:190} INFO - [2024-08-16T13:20:21.661+0000] {dag.py:4138} INFO - Setting next_dagrun for example_task_group to 2024-08-15 00:00:00+00:00, run_after=2024-08-16 00:00:00+00:00
[2024-08-16T13:20:21.682+0000] {processor.py:208} INFO - Processing /home/airflow/.local/lib/python3.12/site-packages/airflow/example_dags/example_task_group.py took 0.090 seconds
[2024-08-16T13:20:51.833+0000] {processor.py:186} INFO - Started process (PID=1561) to work on /home/airflow/.local/lib/python3.12/site-packages/airflow/example_dags/example_task_group.py
[2024-08-16T13:20:51.834+0000] {processor.py:914} INFO - Processing file /home/airflow/.local/lib/python3.12/site-packages/airflow/example_dags/example_task_group.py for tasks to queue
[2024-08-16T13:20:51.837+0000] {logging_mixin.py:190} INFO - [2024-08-16T13:20:51.836+0000] {dagbag.py:587} INFO - Filling up the DagBag from /home/airflow/.local/lib/python3.12/site-packages/airflow/example_dags/example_task_group.py
[2024-08-16T13:20:51.846+0000] {processor.py:925} INFO - DAG(s) 'example_task_group' retrieved from /home/airflow/.local/lib/python3.12/site-packages/airflow/example_dags/example_task_group.py
[2024-08-16T13:20:51.869+0000] {logging_mixin.py:190} INFO - [2024-08-16T13:20:51.869+0000] {dag.py:3211} INFO - Sync 1 DAGs
[2024-08-16T13:20:51.893+0000] {logging_mixin.py:190} INFO - [2024-08-16T13:20:51.893+0000] {dag.py:4138} INFO - Setting next_dagrun for example_task_group to 2024-08-15 00:00:00+00:00, run_after=2024-08-16 00:00:00+00:00
[2024-08-16T13:20:51.913+0000] {processor.py:208} INFO - Processing /home/airflow/.local/lib/python3.12/site-packages/airflow/example_dags/example_task_group.py took 0.086 seconds
[2024-08-16T13:21:22.409+0000] {processor.py:186} INFO - Started process (PID=1847) to work on /home/airflow/.local/lib/python3.12/site-packages/airflow/example_dags/example_task_group.py
[2024-08-16T13:21:22.411+0000] {processor.py:914} INFO - Processing file /home/airflow/.local/lib/python3.12/site-packages/airflow/example_dags/example_task_group.py for tasks to queue
[2024-08-16T13:21:22.414+0000] {logging_mixin.py:190} INFO - [2024-08-16T13:21:22.413+0000] {dagbag.py:587} INFO - Filling up the DagBag from /home/airflow/.local/lib/python3.12/site-packages/airflow/example_dags/example_task_group.py
[2024-08-16T13:21:22.425+0000] {processor.py:925} INFO - DAG(s) 'example_task_group' retrieved from /home/airflow/.local/lib/python3.12/site-packages/airflow/example_dags/example_task_group.py
[2024-08-16T13:21:22.451+0000] {logging_mixin.py:190} INFO - [2024-08-16T13:21:22.450+0000] {dag.py:3211} INFO - Sync 1 DAGs
[2024-08-16T13:21:22.475+0000] {logging_mixin.py:190} INFO - [2024-08-16T13:21:22.474+0000] {dag.py:4138} INFO - Setting next_dagrun for example_task_group to 2024-08-15 00:00:00+00:00, run_after=2024-08-16 00:00:00+00:00
[2024-08-16T13:21:22.497+0000] {processor.py:208} INFO - Processing /home/airflow/.local/lib/python3.12/site-packages/airflow/example_dags/example_task_group.py took 0.096 seconds
[2024-08-16T13:21:52.560+0000] {processor.py:186} INFO - Started process (PID=2131) to work on /home/airflow/.local/lib/python3.12/site-packages/airflow/example_dags/example_task_group.py
[2024-08-16T13:21:52.561+0000] {processor.py:914} INFO - Processing file /home/airflow/.local/lib/python3.12/site-packages/airflow/example_dags/example_task_group.py for tasks to queue
[2024-08-16T13:21:52.564+0000] {logging_mixin.py:190} INFO - [2024-08-16T13:21:52.563+0000] {dagbag.py:587} INFO - Filling up the DagBag from /home/airflow/.local/lib/python3.12/site-packages/airflow/example_dags/example_task_group.py
[2024-08-16T13:21:52.573+0000] {processor.py:925} INFO - DAG(s) 'example_task_group' retrieved from /home/airflow/.local/lib/python3.12/site-packages/airflow/example_dags/example_task_group.py
[2024-08-16T13:21:52.599+0000] {logging_mixin.py:190} INFO - [2024-08-16T13:21:52.598+0000] {dag.py:3211} INFO - Sync 1 DAGs
[2024-08-16T13:21:52.622+0000] {logging_mixin.py:190} INFO - [2024-08-16T13:21:52.621+0000] {dag.py:4138} INFO - Setting next_dagrun for example_task_group to 2024-08-15 00:00:00+00:00, run_after=2024-08-16 00:00:00+00:00
[2024-08-16T13:21:52.643+0000] {processor.py:208} INFO - Processing /home/airflow/.local/lib/python3.12/site-packages/airflow/example_dags/example_task_group.py took 0.090 seconds
[2024-08-16T13:22:22.938+0000] {processor.py:186} INFO - Started process (PID=2417) to work on /home/airflow/.local/lib/python3.12/site-packages/airflow/example_dags/example_task_group.py
[2024-08-16T13:22:22.939+0000] {processor.py:914} INFO - Processing file /home/airflow/.local/lib/python3.12/site-packages/airflow/example_dags/example_task_group.py for tasks to queue
[2024-08-16T13:22:22.942+0000] {logging_mixin.py:190} INFO - [2024-08-16T13:22:22.942+0000] {dagbag.py:587} INFO - Filling up the DagBag from /home/airflow/.local/lib/python3.12/site-packages/airflow/example_dags/example_task_group.py
[2024-08-16T13:22:22.952+0000] {processor.py:925} INFO - DAG(s) 'example_task_group' retrieved from /home/airflow/.local/lib/python3.12/site-packages/airflow/example_dags/example_task_group.py
[2024-08-16T13:22:22.976+0000] {logging_mixin.py:190} INFO - [2024-08-16T13:22:22.976+0000] {dag.py:3211} INFO - Sync 1 DAGs
[2024-08-16T13:22:23.001+0000] {logging_mixin.py:190} INFO - [2024-08-16T13:22:23.001+0000] {dag.py:4138} INFO - Setting next_dagrun for example_task_group to 2024-08-15 00:00:00+00:00, run_after=2024-08-16 00:00:00+00:00
[2024-08-16T13:22:23.020+0000] {processor.py:208} INFO - Processing /home/airflow/.local/lib/python3.12/site-packages/airflow/example_dags/example_task_group.py took 0.089 seconds
[2024-08-16T13:22:53.438+0000] {processor.py:186} INFO - Started process (PID=2705) to work on /home/airflow/.local/lib/python3.12/site-packages/airflow/example_dags/example_task_group.py
[2024-08-16T13:22:53.439+0000] {processor.py:914} INFO - Processing file /home/airflow/.local/lib/python3.12/site-packages/airflow/example_dags/example_task_group.py for tasks to queue
[2024-08-16T13:22:53.441+0000] {logging_mixin.py:190} INFO - [2024-08-16T13:22:53.441+0000] {dagbag.py:587} INFO - Filling up the DagBag from /home/airflow/.local/lib/python3.12/site-packages/airflow/example_dags/example_task_group.py
[2024-08-16T13:22:53.450+0000] {processor.py:925} INFO - DAG(s) 'example_task_group' retrieved from /home/airflow/.local/lib/python3.12/site-packages/airflow/example_dags/example_task_group.py
[2024-08-16T13:22:53.474+0000] {logging_mixin.py:190} INFO - [2024-08-16T13:22:53.474+0000] {dag.py:3211} INFO - Sync 1 DAGs
[2024-08-16T13:22:53.498+0000] {logging_mixin.py:190} INFO - [2024-08-16T13:22:53.497+0000] {dag.py:4138} INFO - Setting next_dagrun for example_task_group to 2024-08-15 00:00:00+00:00, run_after=2024-08-16 00:00:00+00:00
[2024-08-16T13:22:53.517+0000] {processor.py:208} INFO - Processing /home/airflow/.local/lib/python3.12/site-packages/airflow/example_dags/example_task_group.py took 0.086 seconds
[2024-08-16T13:23:23.887+0000] {processor.py:186} INFO - Started process (PID=2991) to work on /home/airflow/.local/lib/python3.12/site-packages/airflow/example_dags/example_task_group.py
[2024-08-16T13:23:23.888+0000] {processor.py:914} INFO - Processing file /home/airflow/.local/lib/python3.12/site-packages/airflow/example_dags/example_task_group.py for tasks to queue
[2024-08-16T13:23:23.891+0000] {logging_mixin.py:190} INFO - [2024-08-16T13:23:23.891+0000] {dagbag.py:587} INFO - Filling up the DagBag from /home/airflow/.local/lib/python3.12/site-packages/airflow/example_dags/example_task_group.py
[2024-08-16T13:23:23.900+0000] {processor.py:925} INFO - DAG(s) 'example_task_group' retrieved from /home/airflow/.local/lib/python3.12/site-packages/airflow/example_dags/example_task_group.py
[2024-08-16T13:23:23.923+0000] {logging_mixin.py:190} INFO - [2024-08-16T13:23:23.923+0000] {dag.py:3211} INFO - Sync 1 DAGs
[2024-08-16T13:23:23.946+0000] {logging_mixin.py:190} INFO - [2024-08-16T13:23:23.946+0000] {dag.py:4138} INFO - Setting next_dagrun for example_task_group to 2024-08-15 00:00:00+00:00, run_after=2024-08-16 00:00:00+00:00
[2024-08-16T13:23:23.966+0000] {processor.py:208} INFO - Processing /home/airflow/.local/lib/python3.12/site-packages/airflow/example_dags/example_task_group.py took 0.085 seconds
[2024-08-16T13:23:54.026+0000] {processor.py:186} INFO - Started process (PID=3277) to work on /home/airflow/.local/lib/python3.12/site-packages/airflow/example_dags/example_task_group.py
[2024-08-16T13:23:54.027+0000] {processor.py:914} INFO - Processing file /home/airflow/.local/lib/python3.12/site-packages/airflow/example_dags/example_task_group.py for tasks to queue
[2024-08-16T13:23:54.030+0000] {logging_mixin.py:190} INFO - [2024-08-16T13:23:54.030+0000] {dagbag.py:587} INFO - Filling up the DagBag from /home/airflow/.local/lib/python3.12/site-packages/airflow/example_dags/example_task_group.py
[2024-08-16T13:23:54.043+0000] {processor.py:925} INFO - DAG(s) 'example_task_group' retrieved from /home/airflow/.local/lib/python3.12/site-packages/airflow/example_dags/example_task_group.py
[2024-08-16T13:23:54.067+0000] {logging_mixin.py:190} INFO - [2024-08-16T13:23:54.067+0000] {dag.py:3211} INFO - Sync 1 DAGs
[2024-08-16T13:23:54.090+0000] {logging_mixin.py:190} INFO - [2024-08-16T13:23:54.090+0000] {dag.py:4138} INFO - Setting next_dagrun for example_task_group to 2024-08-15 00:00:00+00:00, run_after=2024-08-16 00:00:00+00:00
[2024-08-16T13:23:54.110+0000] {processor.py:208} INFO - Processing /home/airflow/.local/lib/python3.12/site-packages/airflow/example_dags/example_task_group.py took 0.091 seconds
[2024-08-16T13:24:24.282+0000] {processor.py:186} INFO - Started process (PID=3566) to work on /home/airflow/.local/lib/python3.12/site-packages/airflow/example_dags/example_task_group.py
[2024-08-16T13:24:24.283+0000] {processor.py:914} INFO - Processing file /home/airflow/.local/lib/python3.12/site-packages/airflow/example_dags/example_task_group.py for tasks to queue
[2024-08-16T13:24:24.285+0000] {logging_mixin.py:190} INFO - [2024-08-16T13:24:24.285+0000] {dagbag.py:587} INFO - Filling up the DagBag from /home/airflow/.local/lib/python3.12/site-packages/airflow/example_dags/example_task_group.py
[2024-08-16T13:24:24.294+0000] {processor.py:925} INFO - DAG(s) 'example_task_group' retrieved from /home/airflow/.local/lib/python3.12/site-packages/airflow/example_dags/example_task_group.py
[2024-08-16T13:24:24.320+0000] {logging_mixin.py:190} INFO - [2024-08-16T13:24:24.320+0000] {dag.py:3211} INFO - Sync 1 DAGs
[2024-08-16T13:24:24.348+0000] {logging_mixin.py:190} INFO - [2024-08-16T13:24:24.347+0000] {dag.py:4138} INFO - Setting next_dagrun for example_task_group to 2024-08-15 00:00:00+00:00, run_after=2024-08-16 00:00:00+00:00
[2024-08-16T13:24:24.368+0000] {processor.py:208} INFO - Processing /home/airflow/.local/lib/python3.12/site-packages/airflow/example_dags/example_task_group.py took 0.093 seconds
[2024-08-16T13:24:54.780+0000] {processor.py:186} INFO - Started process (PID=3854) to work on /home/airflow/.local/lib/python3.12/site-packages/airflow/example_dags/example_task_group.py
[2024-08-16T13:24:54.781+0000] {processor.py:914} INFO - Processing file /home/airflow/.local/lib/python3.12/site-packages/airflow/example_dags/example_task_group.py for tasks to queue
[2024-08-16T13:24:54.785+0000] {logging_mixin.py:190} INFO - [2024-08-16T13:24:54.784+0000] {dagbag.py:587} INFO - Filling up the DagBag from /home/airflow/.local/lib/python3.12/site-packages/airflow/example_dags/example_task_group.py
[2024-08-16T13:24:54.798+0000] {processor.py:925} INFO - DAG(s) 'example_task_group' retrieved from /home/airflow/.local/lib/python3.12/site-packages/airflow/example_dags/example_task_group.py
[2024-08-16T13:24:54.830+0000] {logging_mixin.py:190} INFO - [2024-08-16T13:24:54.830+0000] {dag.py:3211} INFO - Sync 1 DAGs
[2024-08-16T13:24:54.856+0000] {logging_mixin.py:190} INFO - [2024-08-16T13:24:54.856+0000] {dag.py:4138} INFO - Setting next_dagrun for example_task_group to 2024-08-15 00:00:00+00:00, run_after=2024-08-16 00:00:00+00:00
[2024-08-16T13:24:54.881+0000] {processor.py:208} INFO - Processing /home/airflow/.local/lib/python3.12/site-packages/airflow/example_dags/example_task_group.py took 0.110 seconds
[2024-08-16T13:25:24.964+0000] {processor.py:186} INFO - Started process (PID=4143) to work on /home/airflow/.local/lib/python3.12/site-packages/airflow/example_dags/example_task_group.py
[2024-08-16T13:25:24.965+0000] {processor.py:914} INFO - Processing file /home/airflow/.local/lib/python3.12/site-packages/airflow/example_dags/example_task_group.py for tasks to queue
[2024-08-16T13:25:24.968+0000] {logging_mixin.py:190} INFO - [2024-08-16T13:25:24.968+0000] {dagbag.py:587} INFO - Filling up the DagBag from /home/airflow/.local/lib/python3.12/site-packages/airflow/example_dags/example_task_group.py
[2024-08-16T13:25:24.978+0000] {processor.py:925} INFO - DAG(s) 'example_task_group' retrieved from /home/airflow/.local/lib/python3.12/site-packages/airflow/example_dags/example_task_group.py
[2024-08-16T13:25:25.001+0000] {logging_mixin.py:190} INFO - [2024-08-16T13:25:25.001+0000] {dag.py:3211} INFO - Sync 1 DAGs
[2024-08-16T13:25:25.029+0000] {logging_mixin.py:190} INFO - [2024-08-16T13:25:25.029+0000] {dag.py:4138} INFO - Setting next_dagrun for example_task_group to 2024-08-15 00:00:00+00:00, run_after=2024-08-16 00:00:00+00:00
[2024-08-16T13:25:25.052+0000] {processor.py:208} INFO - Processing /home/airflow/.local/lib/python3.12/site-packages/airflow/example_dags/example_task_group.py took 0.096 seconds
[2024-08-16T13:25:55.390+0000] {processor.py:186} INFO - Started process (PID=4419) to work on /home/airflow/.local/lib/python3.12/site-packages/airflow/example_dags/example_task_group.py
[2024-08-16T13:25:55.391+0000] {processor.py:914} INFO - Processing file /home/airflow/.local/lib/python3.12/site-packages/airflow/example_dags/example_task_group.py for tasks to queue
[2024-08-16T13:25:55.394+0000] {logging_mixin.py:190} INFO - [2024-08-16T13:25:55.394+0000] {dagbag.py:587} INFO - Filling up the DagBag from /home/airflow/.local/lib/python3.12/site-packages/airflow/example_dags/example_task_group.py
[2024-08-16T13:25:55.403+0000] {processor.py:925} INFO - DAG(s) 'example_task_group' retrieved from /home/airflow/.local/lib/python3.12/site-packages/airflow/example_dags/example_task_group.py
[2024-08-16T13:25:55.428+0000] {logging_mixin.py:190} INFO - [2024-08-16T13:25:55.428+0000] {dag.py:3211} INFO - Sync 1 DAGs
[2024-08-16T13:25:55.452+0000] {logging_mixin.py:190} INFO - [2024-08-16T13:25:55.452+0000] {dag.py:4138} INFO - Setting next_dagrun for example_task_group to 2024-08-15 00:00:00+00:00, run_after=2024-08-16 00:00:00+00:00
[2024-08-16T13:25:55.473+0000] {processor.py:208} INFO - Processing /home/airflow/.local/lib/python3.12/site-packages/airflow/example_dags/example_task_group.py took 0.089 seconds
[2024-08-16T13:26:26.063+0000] {processor.py:186} INFO - Started process (PID=4707) to work on /home/airflow/.local/lib/python3.12/site-packages/airflow/example_dags/example_task_group.py
[2024-08-16T13:26:26.064+0000] {processor.py:914} INFO - Processing file /home/airflow/.local/lib/python3.12/site-packages/airflow/example_dags/example_task_group.py for tasks to queue
[2024-08-16T13:26:26.067+0000] {logging_mixin.py:190} INFO - [2024-08-16T13:26:26.067+0000] {dagbag.py:587} INFO - Filling up the DagBag from /home/airflow/.local/lib/python3.12/site-packages/airflow/example_dags/example_task_group.py
[2024-08-16T13:26:26.078+0000] {processor.py:925} INFO - DAG(s) 'example_task_group' retrieved from /home/airflow/.local/lib/python3.12/site-packages/airflow/example_dags/example_task_group.py
[2024-08-16T13:26:26.103+0000] {logging_mixin.py:190} INFO - [2024-08-16T13:26:26.102+0000] {dag.py:3211} INFO - Sync 1 DAGs
[2024-08-16T13:26:26.127+0000] {logging_mixin.py:190} INFO - [2024-08-16T13:26:26.126+0000] {dag.py:4138} INFO - Setting next_dagrun for example_task_group to 2024-08-15 00:00:00+00:00, run_after=2024-08-16 00:00:00+00:00
[2024-08-16T13:26:26.145+0000] {processor.py:208} INFO - Processing /home/airflow/.local/lib/python3.12/site-packages/airflow/example_dags/example_task_group.py took 0.089 seconds
[2024-08-16T13:26:56.408+0000] {processor.py:186} INFO - Started process (PID=4993) to work on /home/airflow/.local/lib/python3.12/site-packages/airflow/example_dags/example_task_group.py
[2024-08-16T13:26:56.409+0000] {processor.py:914} INFO - Processing file /home/airflow/.local/lib/python3.12/site-packages/airflow/example_dags/example_task_group.py for tasks to queue
[2024-08-16T13:26:56.412+0000] {logging_mixin.py:190} INFO - [2024-08-16T13:26:56.411+0000] {dagbag.py:587} INFO - Filling up the DagBag from /home/airflow/.local/lib/python3.12/site-packages/airflow/example_dags/example_task_group.py
[2024-08-16T13:26:56.421+0000] {processor.py:925} INFO - DAG(s) 'example_task_group' retrieved from /home/airflow/.local/lib/python3.12/site-packages/airflow/example_dags/example_task_group.py
[2024-08-16T13:26:56.443+0000] {logging_mixin.py:190} INFO - [2024-08-16T13:26:56.443+0000] {dag.py:3211} INFO - Sync 1 DAGs
[2024-08-16T13:26:56.471+0000] {logging_mixin.py:190} INFO - [2024-08-16T13:26:56.471+0000] {dag.py:4138} INFO - Setting next_dagrun for example_task_group to 2024-08-15 00:00:00+00:00, run_after=2024-08-16 00:00:00+00:00
[2024-08-16T13:26:56.490+0000] {processor.py:208} INFO - Processing /home/airflow/.local/lib/python3.12/site-packages/airflow/example_dags/example_task_group.py took 0.088 seconds
[2024-08-16T13:27:26.901+0000] {processor.py:186} INFO - Started process (PID=5280) to work on /home/airflow/.local/lib/python3.12/site-packages/airflow/example_dags/example_task_group.py
[2024-08-16T13:27:26.902+0000] {processor.py:914} INFO - Processing file /home/airflow/.local/lib/python3.12/site-packages/airflow/example_dags/example_task_group.py for tasks to queue
[2024-08-16T13:27:26.905+0000] {logging_mixin.py:190} INFO - [2024-08-16T13:27:26.904+0000] {dagbag.py:587} INFO - Filling up the DagBag from /home/airflow/.local/lib/python3.12/site-packages/airflow/example_dags/example_task_group.py
[2024-08-16T13:27:26.913+0000] {processor.py:925} INFO - DAG(s) 'example_task_group' retrieved from /home/airflow/.local/lib/python3.12/site-packages/airflow/example_dags/example_task_group.py
[2024-08-16T13:27:26.938+0000] {logging_mixin.py:190} INFO - [2024-08-16T13:27:26.938+0000] {dag.py:3211} INFO - Sync 1 DAGs
[2024-08-16T13:27:26.961+0000] {logging_mixin.py:190} INFO - [2024-08-16T13:27:26.961+0000] {dag.py:4138} INFO - Setting next_dagrun for example_task_group to 2024-08-15 00:00:00+00:00, run_after=2024-08-16 00:00:00+00:00
[2024-08-16T13:27:26.982+0000] {processor.py:208} INFO - Processing /home/airflow/.local/lib/python3.12/site-packages/airflow/example_dags/example_task_group.py took 0.088 seconds
[2024-08-16T13:27:57.166+0000] {processor.py:186} INFO - Started process (PID=5564) to work on /home/airflow/.local/lib/python3.12/site-packages/airflow/example_dags/example_task_group.py
[2024-08-16T13:27:57.167+0000] {processor.py:914} INFO - Processing file /home/airflow/.local/lib/python3.12/site-packages/airflow/example_dags/example_task_group.py for tasks to queue
[2024-08-16T13:27:57.170+0000] {logging_mixin.py:190} INFO - [2024-08-16T13:27:57.169+0000] {dagbag.py:587} INFO - Filling up the DagBag from /home/airflow/.local/lib/python3.12/site-packages/airflow/example_dags/example_task_group.py
[2024-08-16T13:27:57.180+0000] {processor.py:925} INFO - DAG(s) 'example_task_group' retrieved from /home/airflow/.local/lib/python3.12/site-packages/airflow/example_dags/example_task_group.py
[2024-08-16T13:27:57.205+0000] {logging_mixin.py:190} INFO - [2024-08-16T13:27:57.205+0000] {dag.py:3211} INFO - Sync 1 DAGs
[2024-08-16T13:27:57.229+0000] {logging_mixin.py:190} INFO - [2024-08-16T13:27:57.229+0000] {dag.py:4138} INFO - Setting next_dagrun for example_task_group to 2024-08-15 00:00:00+00:00, run_after=2024-08-16 00:00:00+00:00
[2024-08-16T13:27:57.249+0000] {processor.py:208} INFO - Processing /home/airflow/.local/lib/python3.12/site-packages/airflow/example_dags/example_task_group.py took 0.090 seconds
[2024-08-16T13:28:27.893+0000] {processor.py:186} INFO - Started process (PID=5850) to work on /home/airflow/.local/lib/python3.12/site-packages/airflow/example_dags/example_task_group.py
[2024-08-16T13:28:27.894+0000] {processor.py:914} INFO - Processing file /home/airflow/.local/lib/python3.12/site-packages/airflow/example_dags/example_task_group.py for tasks to queue
[2024-08-16T13:28:27.897+0000] {logging_mixin.py:190} INFO - [2024-08-16T13:28:27.897+0000] {dagbag.py:587} INFO - Filling up the DagBag from /home/airflow/.local/lib/python3.12/site-packages/airflow/example_dags/example_task_group.py
[2024-08-16T13:28:27.906+0000] {processor.py:925} INFO - DAG(s) 'example_task_group' retrieved from /home/airflow/.local/lib/python3.12/site-packages/airflow/example_dags/example_task_group.py
[2024-08-16T13:28:27.932+0000] {logging_mixin.py:190} INFO - [2024-08-16T13:28:27.932+0000] {dag.py:3211} INFO - Sync 1 DAGs
[2024-08-16T13:28:27.955+0000] {logging_mixin.py:190} INFO - [2024-08-16T13:28:27.955+0000] {dag.py:4138} INFO - Setting next_dagrun for example_task_group to 2024-08-15 00:00:00+00:00, run_after=2024-08-16 00:00:00+00:00
[2024-08-16T13:28:27.983+0000] {processor.py:208} INFO - Processing /home/airflow/.local/lib/python3.12/site-packages/airflow/example_dags/example_task_group.py took 0.097 seconds
[2024-08-16T13:28:58.334+0000] {processor.py:186} INFO - Started process (PID=6136) to work on /home/airflow/.local/lib/python3.12/site-packages/airflow/example_dags/example_task_group.py
[2024-08-16T13:28:58.336+0000] {processor.py:914} INFO - Processing file /home/airflow/.local/lib/python3.12/site-packages/airflow/example_dags/example_task_group.py for tasks to queue
[2024-08-16T13:28:58.339+0000] {logging_mixin.py:190} INFO - [2024-08-16T13:28:58.339+0000] {dagbag.py:587} INFO - Filling up the DagBag from /home/airflow/.local/lib/python3.12/site-packages/airflow/example_dags/example_task_group.py
[2024-08-16T13:28:58.351+0000] {processor.py:925} INFO - DAG(s) 'example_task_group' retrieved from /home/airflow/.local/lib/python3.12/site-packages/airflow/example_dags/example_task_group.py
[2024-08-16T13:28:58.376+0000] {logging_mixin.py:190} INFO - [2024-08-16T13:28:58.376+0000] {dag.py:3211} INFO - Sync 1 DAGs
[2024-08-16T13:28:58.404+0000] {logging_mixin.py:190} INFO - [2024-08-16T13:28:58.403+0000] {dag.py:4138} INFO - Setting next_dagrun for example_task_group to 2024-08-15 00:00:00+00:00, run_after=2024-08-16 00:00:00+00:00
[2024-08-16T13:28:58.427+0000] {processor.py:208} INFO - Processing /home/airflow/.local/lib/python3.12/site-packages/airflow/example_dags/example_task_group.py took 0.101 seconds
[2024-08-16T13:29:28.950+0000] {processor.py:186} INFO - Started process (PID=6422) to work on /home/airflow/.local/lib/python3.12/site-packages/airflow/example_dags/example_task_group.py
[2024-08-16T13:29:28.952+0000] {processor.py:914} INFO - Processing file /home/airflow/.local/lib/python3.12/site-packages/airflow/example_dags/example_task_group.py for tasks to queue
[2024-08-16T13:29:28.954+0000] {logging_mixin.py:190} INFO - [2024-08-16T13:29:28.954+0000] {dagbag.py:587} INFO - Filling up the DagBag from /home/airflow/.local/lib/python3.12/site-packages/airflow/example_dags/example_task_group.py
[2024-08-16T13:29:28.964+0000] {processor.py:925} INFO - DAG(s) 'example_task_group' retrieved from /home/airflow/.local/lib/python3.12/site-packages/airflow/example_dags/example_task_group.py
[2024-08-16T13:29:28.988+0000] {logging_mixin.py:190} INFO - [2024-08-16T13:29:28.988+0000] {dag.py:3211} INFO - Sync 1 DAGs
[2024-08-16T13:29:29.012+0000] {logging_mixin.py:190} INFO - [2024-08-16T13:29:29.012+0000] {dag.py:4138} INFO - Setting next_dagrun for example_task_group to 2024-08-15 00:00:00+00:00, run_after=2024-08-16 00:00:00+00:00
[2024-08-16T13:29:29.031+0000] {processor.py:208} INFO - Processing /home/airflow/.local/lib/python3.12/site-packages/airflow/example_dags/example_task_group.py took 0.089 seconds
[2024-08-16T13:29:59.262+0000] {processor.py:186} INFO - Started process (PID=6703) to work on /home/airflow/.local/lib/python3.12/site-packages/airflow/example_dags/example_task_group.py
[2024-08-16T13:29:59.263+0000] {processor.py:914} INFO - Processing file /home/airflow/.local/lib/python3.12/site-packages/airflow/example_dags/example_task_group.py for tasks to queue
[2024-08-16T13:29:59.265+0000] {logging_mixin.py:190} INFO - [2024-08-16T13:29:59.265+0000] {dagbag.py:587} INFO - Filling up the DagBag from /home/airflow/.local/lib/python3.12/site-packages/airflow/example_dags/example_task_group.py
[2024-08-16T13:29:59.275+0000] {processor.py:925} INFO - DAG(s) 'example_task_group' retrieved from /home/airflow/.local/lib/python3.12/site-packages/airflow/example_dags/example_task_group.py
[2024-08-16T13:29:59.297+0000] {logging_mixin.py:190} INFO - [2024-08-16T13:29:59.297+0000] {dag.py:3211} INFO - Sync 1 DAGs
[2024-08-16T13:29:59.322+0000] {logging_mixin.py:190} INFO - [2024-08-16T13:29:59.322+0000] {dag.py:4138} INFO - Setting next_dagrun for example_task_group to 2024-08-15 00:00:00+00:00, run_after=2024-08-16 00:00:00+00:00
[2024-08-16T13:29:59.341+0000] {processor.py:208} INFO - Processing /home/airflow/.local/lib/python3.12/site-packages/airflow/example_dags/example_task_group.py took 0.086 seconds
[2024-08-16T13:30:29.804+0000] {processor.py:186} INFO - Started process (PID=6995) to work on /home/airflow/.local/lib/python3.12/site-packages/airflow/example_dags/example_task_group.py
[2024-08-16T13:30:29.805+0000] {processor.py:914} INFO - Processing file /home/airflow/.local/lib/python3.12/site-packages/airflow/example_dags/example_task_group.py for tasks to queue
[2024-08-16T13:30:29.809+0000] {logging_mixin.py:190} INFO - [2024-08-16T13:30:29.808+0000] {dagbag.py:587} INFO - Filling up the DagBag from /home/airflow/.local/lib/python3.12/site-packages/airflow/example_dags/example_task_group.py
[2024-08-16T13:30:29.821+0000] {processor.py:925} INFO - DAG(s) 'example_task_group' retrieved from /home/airflow/.local/lib/python3.12/site-packages/airflow/example_dags/example_task_group.py
[2024-08-16T13:30:29.850+0000] {logging_mixin.py:190} INFO - [2024-08-16T13:30:29.849+0000] {dag.py:3211} INFO - Sync 1 DAGs
[2024-08-16T13:30:29.875+0000] {logging_mixin.py:190} INFO - [2024-08-16T13:30:29.875+0000] {dag.py:4138} INFO - Setting next_dagrun for example_task_group to 2024-08-15 00:00:00+00:00, run_after=2024-08-16 00:00:00+00:00
[2024-08-16T13:30:29.897+0000] {processor.py:208} INFO - Processing /home/airflow/.local/lib/python3.12/site-packages/airflow/example_dags/example_task_group.py took 0.100 seconds
[2024-08-16T13:31:00.411+0000] {processor.py:186} INFO - Started process (PID=7281) to work on /home/airflow/.local/lib/python3.12/site-packages/airflow/example_dags/example_task_group.py
[2024-08-16T13:31:00.412+0000] {processor.py:914} INFO - Processing file /home/airflow/.local/lib/python3.12/site-packages/airflow/example_dags/example_task_group.py for tasks to queue
[2024-08-16T13:31:00.415+0000] {logging_mixin.py:190} INFO - [2024-08-16T13:31:00.415+0000] {dagbag.py:587} INFO - Filling up the DagBag from /home/airflow/.local/lib/python3.12/site-packages/airflow/example_dags/example_task_group.py
[2024-08-16T13:31:00.424+0000] {processor.py:925} INFO - DAG(s) 'example_task_group' retrieved from /home/airflow/.local/lib/python3.12/site-packages/airflow/example_dags/example_task_group.py
[2024-08-16T13:31:00.450+0000] {logging_mixin.py:190} INFO - [2024-08-16T13:31:00.450+0000] {dag.py:3211} INFO - Sync 1 DAGs
[2024-08-16T13:31:00.476+0000] {logging_mixin.py:190} INFO - [2024-08-16T13:31:00.476+0000] {dag.py:4138} INFO - Setting next_dagrun for example_task_group to 2024-08-15 00:00:00+00:00, run_after=2024-08-16 00:00:00+00:00
[2024-08-16T13:31:00.499+0000] {processor.py:208} INFO - Processing /home/airflow/.local/lib/python3.12/site-packages/airflow/example_dags/example_task_group.py took 0.094 seconds
[2024-08-16T13:31:30.973+0000] {processor.py:186} INFO - Started process (PID=7567) to work on /home/airflow/.local/lib/python3.12/site-packages/airflow/example_dags/example_task_group.py
[2024-08-16T13:31:30.974+0000] {processor.py:914} INFO - Processing file /home/airflow/.local/lib/python3.12/site-packages/airflow/example_dags/example_task_group.py for tasks to queue
[2024-08-16T13:31:30.977+0000] {logging_mixin.py:190} INFO - [2024-08-16T13:31:30.976+0000] {dagbag.py:587} INFO - Filling up the DagBag from /home/airflow/.local/lib/python3.12/site-packages/airflow/example_dags/example_task_group.py
[2024-08-16T13:31:30.987+0000] {processor.py:925} INFO - DAG(s) 'example_task_group' retrieved from /home/airflow/.local/lib/python3.12/site-packages/airflow/example_dags/example_task_group.py
[2024-08-16T13:31:31.015+0000] {logging_mixin.py:190} INFO - [2024-08-16T13:31:31.014+0000] {dag.py:3211} INFO - Sync 1 DAGs
[2024-08-16T13:31:31.042+0000] {logging_mixin.py:190} INFO - [2024-08-16T13:31:31.042+0000] {dag.py:4138} INFO - Setting next_dagrun for example_task_group to 2024-08-15 00:00:00+00:00, run_after=2024-08-16 00:00:00+00:00
[2024-08-16T13:31:31.062+0000] {processor.py:208} INFO - Processing /home/airflow/.local/lib/python3.12/site-packages/airflow/example_dags/example_task_group.py took 0.096 seconds
[2024-08-16T13:32:01.373+0000] {processor.py:186} INFO - Started process (PID=7853) to work on /home/airflow/.local/lib/python3.12/site-packages/airflow/example_dags/example_task_group.py
[2024-08-16T13:32:01.375+0000] {processor.py:914} INFO - Processing file /home/airflow/.local/lib/python3.12/site-packages/airflow/example_dags/example_task_group.py for tasks to queue
[2024-08-16T13:32:01.378+0000] {logging_mixin.py:190} INFO - [2024-08-16T13:32:01.378+0000] {dagbag.py:587} INFO - Filling up the DagBag from /home/airflow/.local/lib/python3.12/site-packages/airflow/example_dags/example_task_group.py
[2024-08-16T13:32:01.388+0000] {processor.py:925} INFO - DAG(s) 'example_task_group' retrieved from /home/airflow/.local/lib/python3.12/site-packages/airflow/example_dags/example_task_group.py
[2024-08-16T13:32:01.418+0000] {logging_mixin.py:190} INFO - [2024-08-16T13:32:01.418+0000] {dag.py:3211} INFO - Sync 1 DAGs
[2024-08-16T13:32:01.443+0000] {logging_mixin.py:190} INFO - [2024-08-16T13:32:01.442+0000] {dag.py:4138} INFO - Setting next_dagrun for example_task_group to 2024-08-15 00:00:00+00:00, run_after=2024-08-16 00:00:00+00:00
[2024-08-16T13:32:01.464+0000] {processor.py:208} INFO - Processing /home/airflow/.local/lib/python3.12/site-packages/airflow/example_dags/example_task_group.py took 0.097 seconds
[2024-08-16T13:32:31.978+0000] {processor.py:186} INFO - Started process (PID=8141) to work on /home/airflow/.local/lib/python3.12/site-packages/airflow/example_dags/example_task_group.py
[2024-08-16T13:32:31.979+0000] {processor.py:914} INFO - Processing file /home/airflow/.local/lib/python3.12/site-packages/airflow/example_dags/example_task_group.py for tasks to queue
[2024-08-16T13:32:31.981+0000] {logging_mixin.py:190} INFO - [2024-08-16T13:32:31.981+0000] {dagbag.py:587} INFO - Filling up the DagBag from /home/airflow/.local/lib/python3.12/site-packages/airflow/example_dags/example_task_group.py
[2024-08-16T13:32:31.990+0000] {processor.py:925} INFO - DAG(s) 'example_task_group' retrieved from /home/airflow/.local/lib/python3.12/site-packages/airflow/example_dags/example_task_group.py
[2024-08-16T13:32:32.015+0000] {logging_mixin.py:190} INFO - [2024-08-16T13:32:32.015+0000] {dag.py:3211} INFO - Sync 1 DAGs
[2024-08-16T13:32:32.041+0000] {logging_mixin.py:190} INFO - [2024-08-16T13:32:32.041+0000] {dag.py:4138} INFO - Setting next_dagrun for example_task_group to 2024-08-15 00:00:00+00:00, run_after=2024-08-16 00:00:00+00:00
[2024-08-16T13:32:32.063+0000] {processor.py:208} INFO - Processing /home/airflow/.local/lib/python3.12/site-packages/airflow/example_dags/example_task_group.py took 0.092 seconds
[2024-08-16T13:33:02.502+0000] {processor.py:186} INFO - Started process (PID=8432) to work on /home/airflow/.local/lib/python3.12/site-packages/airflow/example_dags/example_task_group.py
[2024-08-16T13:33:02.503+0000] {processor.py:914} INFO - Processing file /home/airflow/.local/lib/python3.12/site-packages/airflow/example_dags/example_task_group.py for tasks to queue
[2024-08-16T13:33:02.506+0000] {logging_mixin.py:190} INFO - [2024-08-16T13:33:02.506+0000] {dagbag.py:587} INFO - Filling up the DagBag from /home/airflow/.local/lib/python3.12/site-packages/airflow/example_dags/example_task_group.py
[2024-08-16T13:33:02.517+0000] {processor.py:925} INFO - DAG(s) 'example_task_group' retrieved from /home/airflow/.local/lib/python3.12/site-packages/airflow/example_dags/example_task_group.py
[2024-08-16T13:33:02.543+0000] {logging_mixin.py:190} INFO - [2024-08-16T13:33:02.543+0000] {dag.py:3211} INFO - Sync 1 DAGs
[2024-08-16T13:33:02.574+0000] {logging_mixin.py:190} INFO - [2024-08-16T13:33:02.574+0000] {dag.py:4138} INFO - Setting next_dagrun for example_task_group to 2024-08-15 00:00:00+00:00, run_after=2024-08-16 00:00:00+00:00
[2024-08-16T13:33:02.596+0000] {processor.py:208} INFO - Processing /home/airflow/.local/lib/python3.12/site-packages/airflow/example_dags/example_task_group.py took 0.100 seconds
[2024-08-16T13:33:32.768+0000] {processor.py:186} INFO - Started process (PID=8711) to work on /home/airflow/.local/lib/python3.12/site-packages/airflow/example_dags/example_task_group.py
[2024-08-16T13:33:32.769+0000] {processor.py:914} INFO - Processing file /home/airflow/.local/lib/python3.12/site-packages/airflow/example_dags/example_task_group.py for tasks to queue
[2024-08-16T13:33:32.773+0000] {logging_mixin.py:190} INFO - [2024-08-16T13:33:32.772+0000] {dagbag.py:587} INFO - Filling up the DagBag from /home/airflow/.local/lib/python3.12/site-packages/airflow/example_dags/example_task_group.py
[2024-08-16T13:33:32.785+0000] {processor.py:925} INFO - DAG(s) 'example_task_group' retrieved from /home/airflow/.local/lib/python3.12/site-packages/airflow/example_dags/example_task_group.py
[2024-08-16T13:33:32.808+0000] {logging_mixin.py:190} INFO - [2024-08-16T13:33:32.808+0000] {dag.py:3211} INFO - Sync 1 DAGs
[2024-08-16T13:33:32.834+0000] {logging_mixin.py:190} INFO - [2024-08-16T13:33:32.833+0000] {dag.py:4138} INFO - Setting next_dagrun for example_task_group to 2024-08-15 00:00:00+00:00, run_after=2024-08-16 00:00:00+00:00
[2024-08-16T13:33:32.853+0000] {processor.py:208} INFO - Processing /home/airflow/.local/lib/python3.12/site-packages/airflow/example_dags/example_task_group.py took 0.093 seconds
[2024-08-16T13:34:03.128+0000] {processor.py:186} INFO - Started process (PID=8999) to work on /home/airflow/.local/lib/python3.12/site-packages/airflow/example_dags/example_task_group.py
[2024-08-16T13:34:03.129+0000] {processor.py:914} INFO - Processing file /home/airflow/.local/lib/python3.12/site-packages/airflow/example_dags/example_task_group.py for tasks to queue
[2024-08-16T13:34:03.132+0000] {logging_mixin.py:190} INFO - [2024-08-16T13:34:03.131+0000] {dagbag.py:587} INFO - Filling up the DagBag from /home/airflow/.local/lib/python3.12/site-packages/airflow/example_dags/example_task_group.py
[2024-08-16T13:34:03.142+0000] {processor.py:925} INFO - DAG(s) 'example_task_group' retrieved from /home/airflow/.local/lib/python3.12/site-packages/airflow/example_dags/example_task_group.py
[2024-08-16T13:34:03.171+0000] {logging_mixin.py:190} INFO - [2024-08-16T13:34:03.170+0000] {dag.py:3211} INFO - Sync 1 DAGs
[2024-08-16T13:34:03.199+0000] {logging_mixin.py:190} INFO - [2024-08-16T13:34:03.199+0000] {dag.py:4138} INFO - Setting next_dagrun for example_task_group to 2024-08-15 00:00:00+00:00, run_after=2024-08-16 00:00:00+00:00
[2024-08-16T13:34:03.218+0000] {processor.py:208} INFO - Processing /home/airflow/.local/lib/python3.12/site-packages/airflow/example_dags/example_task_group.py took 0.096 seconds
[2024-08-16T13:34:33.688+0000] {processor.py:186} INFO - Started process (PID=9283) to work on /home/airflow/.local/lib/python3.12/site-packages/airflow/example_dags/example_task_group.py
[2024-08-16T13:34:33.689+0000] {processor.py:914} INFO - Processing file /home/airflow/.local/lib/python3.12/site-packages/airflow/example_dags/example_task_group.py for tasks to queue
[2024-08-16T13:34:33.692+0000] {logging_mixin.py:190} INFO - [2024-08-16T13:34:33.691+0000] {dagbag.py:587} INFO - Filling up the DagBag from /home/airflow/.local/lib/python3.12/site-packages/airflow/example_dags/example_task_group.py
[2024-08-16T13:34:33.702+0000] {processor.py:925} INFO - DAG(s) 'example_task_group' retrieved from /home/airflow/.local/lib/python3.12/site-packages/airflow/example_dags/example_task_group.py
[2024-08-16T13:34:33.729+0000] {logging_mixin.py:190} INFO - [2024-08-16T13:34:33.729+0000] {dag.py:3211} INFO - Sync 1 DAGs
[2024-08-16T13:34:33.758+0000] {logging_mixin.py:190} INFO - [2024-08-16T13:34:33.757+0000] {dag.py:4138} INFO - Setting next_dagrun for example_task_group to 2024-08-15 00:00:00+00:00, run_after=2024-08-16 00:00:00+00:00
[2024-08-16T13:34:33.785+0000] {processor.py:208} INFO - Processing /home/airflow/.local/lib/python3.12/site-packages/airflow/example_dags/example_task_group.py took 0.104 seconds
[2024-08-16T13:35:04.223+0000] {processor.py:186} INFO - Started process (PID=9571) to work on /home/airflow/.local/lib/python3.12/site-packages/airflow/example_dags/example_task_group.py
[2024-08-16T13:35:04.224+0000] {processor.py:914} INFO - Processing file /home/airflow/.local/lib/python3.12/site-packages/airflow/example_dags/example_task_group.py for tasks to queue
[2024-08-16T13:35:04.227+0000] {logging_mixin.py:190} INFO - [2024-08-16T13:35:04.227+0000] {dagbag.py:587} INFO - Filling up the DagBag from /home/airflow/.local/lib/python3.12/site-packages/airflow/example_dags/example_task_group.py
[2024-08-16T13:35:04.238+0000] {processor.py:925} INFO - DAG(s) 'example_task_group' retrieved from /home/airflow/.local/lib/python3.12/site-packages/airflow/example_dags/example_task_group.py
[2024-08-16T13:35:04.262+0000] {logging_mixin.py:190} INFO - [2024-08-16T13:35:04.262+0000] {dag.py:3211} INFO - Sync 1 DAGs
[2024-08-16T13:35:04.287+0000] {logging_mixin.py:190} INFO - [2024-08-16T13:35:04.287+0000] {dag.py:4138} INFO - Setting next_dagrun for example_task_group to 2024-08-15 00:00:00+00:00, run_after=2024-08-16 00:00:00+00:00
[2024-08-16T13:35:04.307+0000] {processor.py:208} INFO - Processing /home/airflow/.local/lib/python3.12/site-packages/airflow/example_dags/example_task_group.py took 0.090 seconds
[2024-08-16T13:35:34.642+0000] {processor.py:186} INFO - Started process (PID=9857) to work on /home/airflow/.local/lib/python3.12/site-packages/airflow/example_dags/example_task_group.py
[2024-08-16T13:35:34.644+0000] {processor.py:914} INFO - Processing file /home/airflow/.local/lib/python3.12/site-packages/airflow/example_dags/example_task_group.py for tasks to queue
[2024-08-16T13:35:34.647+0000] {logging_mixin.py:190} INFO - [2024-08-16T13:35:34.646+0000] {dagbag.py:587} INFO - Filling up the DagBag from /home/airflow/.local/lib/python3.12/site-packages/airflow/example_dags/example_task_group.py
[2024-08-16T13:35:34.656+0000] {processor.py:925} INFO - DAG(s) 'example_task_group' retrieved from /home/airflow/.local/lib/python3.12/site-packages/airflow/example_dags/example_task_group.py
[2024-08-16T13:35:34.680+0000] {logging_mixin.py:190} INFO - [2024-08-16T13:35:34.680+0000] {dag.py:3211} INFO - Sync 1 DAGs
[2024-08-16T13:35:34.706+0000] {logging_mixin.py:190} INFO - [2024-08-16T13:35:34.706+0000] {dag.py:4138} INFO - Setting next_dagrun for example_task_group to 2024-08-15 00:00:00+00:00, run_after=2024-08-16 00:00:00+00:00
[2024-08-16T13:35:34.729+0000] {processor.py:208} INFO - Processing /home/airflow/.local/lib/python3.12/site-packages/airflow/example_dags/example_task_group.py took 0.094 seconds
[2024-08-16T13:36:04.989+0000] {processor.py:186} INFO - Started process (PID=10143) to work on /home/airflow/.local/lib/python3.12/site-packages/airflow/example_dags/example_task_group.py
[2024-08-16T13:36:04.991+0000] {processor.py:914} INFO - Processing file /home/airflow/.local/lib/python3.12/site-packages/airflow/example_dags/example_task_group.py for tasks to queue
[2024-08-16T13:36:04.995+0000] {logging_mixin.py:190} INFO - [2024-08-16T13:36:04.994+0000] {dagbag.py:587} INFO - Filling up the DagBag from /home/airflow/.local/lib/python3.12/site-packages/airflow/example_dags/example_task_group.py
[2024-08-16T13:36:05.005+0000] {processor.py:925} INFO - DAG(s) 'example_task_group' retrieved from /home/airflow/.local/lib/python3.12/site-packages/airflow/example_dags/example_task_group.py
[2024-08-16T13:36:05.029+0000] {logging_mixin.py:190} INFO - [2024-08-16T13:36:05.029+0000] {dag.py:3211} INFO - Sync 1 DAGs
[2024-08-16T13:36:05.056+0000] {logging_mixin.py:190} INFO - [2024-08-16T13:36:05.055+0000] {dag.py:4138} INFO - Setting next_dagrun for example_task_group to 2024-08-15 00:00:00+00:00, run_after=2024-08-16 00:00:00+00:00
[2024-08-16T13:36:05.077+0000] {processor.py:208} INFO - Processing /home/airflow/.local/lib/python3.12/site-packages/airflow/example_dags/example_task_group.py took 0.093 seconds
[2024-08-16T13:36:35.566+0000] {processor.py:186} INFO - Started process (PID=10427) to work on /home/airflow/.local/lib/python3.12/site-packages/airflow/example_dags/example_task_group.py
[2024-08-16T13:36:35.567+0000] {processor.py:914} INFO - Processing file /home/airflow/.local/lib/python3.12/site-packages/airflow/example_dags/example_task_group.py for tasks to queue
[2024-08-16T13:36:35.571+0000] {logging_mixin.py:190} INFO - [2024-08-16T13:36:35.570+0000] {dagbag.py:587} INFO - Filling up the DagBag from /home/airflow/.local/lib/python3.12/site-packages/airflow/example_dags/example_task_group.py
[2024-08-16T13:36:35.582+0000] {processor.py:925} INFO - DAG(s) 'example_task_group' retrieved from /home/airflow/.local/lib/python3.12/site-packages/airflow/example_dags/example_task_group.py
[2024-08-16T13:36:35.605+0000] {logging_mixin.py:190} INFO - [2024-08-16T13:36:35.604+0000] {dag.py:3211} INFO - Sync 1 DAGs
[2024-08-16T13:36:35.632+0000] {logging_mixin.py:190} INFO - [2024-08-16T13:36:35.632+0000] {dag.py:4138} INFO - Setting next_dagrun for example_task_group to 2024-08-15 00:00:00+00:00, run_after=2024-08-16 00:00:00+00:00
[2024-08-16T13:36:35.651+0000] {processor.py:208} INFO - Processing /home/airflow/.local/lib/python3.12/site-packages/airflow/example_dags/example_task_group.py took 0.094 seconds
[2024-08-16T13:37:05.961+0000] {processor.py:186} INFO - Started process (PID=10715) to work on /home/airflow/.local/lib/python3.12/site-packages/airflow/example_dags/example_task_group.py
[2024-08-16T13:37:05.962+0000] {processor.py:914} INFO - Processing file /home/airflow/.local/lib/python3.12/site-packages/airflow/example_dags/example_task_group.py for tasks to queue
[2024-08-16T13:37:05.965+0000] {logging_mixin.py:190} INFO - [2024-08-16T13:37:05.965+0000] {dagbag.py:587} INFO - Filling up the DagBag from /home/airflow/.local/lib/python3.12/site-packages/airflow/example_dags/example_task_group.py
[2024-08-16T13:37:05.975+0000] {processor.py:925} INFO - DAG(s) 'example_task_group' retrieved from /home/airflow/.local/lib/python3.12/site-packages/airflow/example_dags/example_task_group.py
[2024-08-16T13:37:05.998+0000] {logging_mixin.py:190} INFO - [2024-08-16T13:37:05.998+0000] {dag.py:3211} INFO - Sync 1 DAGs
[2024-08-16T13:37:06.022+0000] {logging_mixin.py:190} INFO - [2024-08-16T13:37:06.022+0000] {dag.py:4138} INFO - Setting next_dagrun for example_task_group to 2024-08-15 00:00:00+00:00, run_after=2024-08-16 00:00:00+00:00
[2024-08-16T13:37:06.042+0000] {processor.py:208} INFO - Processing /home/airflow/.local/lib/python3.12/site-packages/airflow/example_dags/example_task_group.py took 0.086 seconds
[2024-08-16T13:37:36.446+0000] {processor.py:186} INFO - Started process (PID=11002) to work on /home/airflow/.local/lib/python3.12/site-packages/airflow/example_dags/example_task_group.py
[2024-08-16T13:37:36.448+0000] {processor.py:914} INFO - Processing file /home/airflow/.local/lib/python3.12/site-packages/airflow/example_dags/example_task_group.py for tasks to queue
[2024-08-16T13:37:36.451+0000] {logging_mixin.py:190} INFO - [2024-08-16T13:37:36.450+0000] {dagbag.py:587} INFO - Filling up the DagBag from /home/airflow/.local/lib/python3.12/site-packages/airflow/example_dags/example_task_group.py
[2024-08-16T13:37:36.464+0000] {processor.py:925} INFO - DAG(s) 'example_task_group' retrieved from /home/airflow/.local/lib/python3.12/site-packages/airflow/example_dags/example_task_group.py
[2024-08-16T13:37:36.497+0000] {logging_mixin.py:190} INFO - [2024-08-16T13:37:36.497+0000] {dag.py:3211} INFO - Sync 1 DAGs
[2024-08-16T13:37:36.539+0000] {logging_mixin.py:190} INFO - [2024-08-16T13:37:36.539+0000] {dag.py:4138} INFO - Setting next_dagrun for example_task_group to 2024-08-15 00:00:00+00:00, run_after=2024-08-16 00:00:00+00:00
[2024-08-16T13:37:36.567+0000] {processor.py:208} INFO - Processing /home/airflow/.local/lib/python3.12/site-packages/airflow/example_dags/example_task_group.py took 0.129 seconds
[2024-08-16T13:38:06.696+0000] {processor.py:186} INFO - Started process (PID=11288) to work on /home/airflow/.local/lib/python3.12/site-packages/airflow/example_dags/example_task_group.py
[2024-08-16T13:38:06.698+0000] {processor.py:914} INFO - Processing file /home/airflow/.local/lib/python3.12/site-packages/airflow/example_dags/example_task_group.py for tasks to queue
[2024-08-16T13:38:06.701+0000] {logging_mixin.py:190} INFO - [2024-08-16T13:38:06.700+0000] {dagbag.py:587} INFO - Filling up the DagBag from /home/airflow/.local/lib/python3.12/site-packages/airflow/example_dags/example_task_group.py
[2024-08-16T13:38:06.710+0000] {processor.py:925} INFO - DAG(s) 'example_task_group' retrieved from /home/airflow/.local/lib/python3.12/site-packages/airflow/example_dags/example_task_group.py
[2024-08-16T13:38:06.733+0000] {logging_mixin.py:190} INFO - [2024-08-16T13:38:06.733+0000] {dag.py:3211} INFO - Sync 1 DAGs
[2024-08-16T13:38:06.759+0000] {logging_mixin.py:190} INFO - [2024-08-16T13:38:06.759+0000] {dag.py:4138} INFO - Setting next_dagrun for example_task_group to 2024-08-15 00:00:00+00:00, run_after=2024-08-16 00:00:00+00:00
[2024-08-16T13:38:06.780+0000] {processor.py:208} INFO - Processing /home/airflow/.local/lib/python3.12/site-packages/airflow/example_dags/example_task_group.py took 0.090 seconds
[2024-08-16T13:38:37.179+0000] {processor.py:186} INFO - Started process (PID=11574) to work on /home/airflow/.local/lib/python3.12/site-packages/airflow/example_dags/example_task_group.py
[2024-08-16T13:38:37.180+0000] {processor.py:914} INFO - Processing file /home/airflow/.local/lib/python3.12/site-packages/airflow/example_dags/example_task_group.py for tasks to queue
[2024-08-16T13:38:37.183+0000] {logging_mixin.py:190} INFO - [2024-08-16T13:38:37.182+0000] {dagbag.py:587} INFO - Filling up the DagBag from /home/airflow/.local/lib/python3.12/site-packages/airflow/example_dags/example_task_group.py
[2024-08-16T13:38:37.192+0000] {processor.py:925} INFO - DAG(s) 'example_task_group' retrieved from /home/airflow/.local/lib/python3.12/site-packages/airflow/example_dags/example_task_group.py
[2024-08-16T13:38:37.217+0000] {logging_mixin.py:190} INFO - [2024-08-16T13:38:37.217+0000] {dag.py:3211} INFO - Sync 1 DAGs
[2024-08-16T13:38:37.241+0000] {logging_mixin.py:190} INFO - [2024-08-16T13:38:37.241+0000] {dag.py:4138} INFO - Setting next_dagrun for example_task_group to 2024-08-15 00:00:00+00:00, run_after=2024-08-16 00:00:00+00:00
[2024-08-16T13:38:37.261+0000] {processor.py:208} INFO - Processing /home/airflow/.local/lib/python3.12/site-packages/airflow/example_dags/example_task_group.py took 0.089 seconds
[2024-08-16T13:39:07.414+0000] {processor.py:186} INFO - Started process (PID=11858) to work on /home/airflow/.local/lib/python3.12/site-packages/airflow/example_dags/example_task_group.py
[2024-08-16T13:39:07.415+0000] {processor.py:914} INFO - Processing file /home/airflow/.local/lib/python3.12/site-packages/airflow/example_dags/example_task_group.py for tasks to queue
[2024-08-16T13:39:07.418+0000] {logging_mixin.py:190} INFO - [2024-08-16T13:39:07.418+0000] {dagbag.py:587} INFO - Filling up the DagBag from /home/airflow/.local/lib/python3.12/site-packages/airflow/example_dags/example_task_group.py
[2024-08-16T13:39:07.429+0000] {processor.py:925} INFO - DAG(s) 'example_task_group' retrieved from /home/airflow/.local/lib/python3.12/site-packages/airflow/example_dags/example_task_group.py
[2024-08-16T13:39:07.456+0000] {logging_mixin.py:190} INFO - [2024-08-16T13:39:07.456+0000] {dag.py:3211} INFO - Sync 1 DAGs
[2024-08-16T13:39:07.485+0000] {logging_mixin.py:190} INFO - [2024-08-16T13:39:07.485+0000] {dag.py:4138} INFO - Setting next_dagrun for example_task_group to 2024-08-15 00:00:00+00:00, run_after=2024-08-16 00:00:00+00:00
[2024-08-16T13:39:07.507+0000] {processor.py:208} INFO - Processing /home/airflow/.local/lib/python3.12/site-packages/airflow/example_dags/example_task_group.py took 0.100 seconds
[2024-08-16T13:39:37.694+0000] {processor.py:186} INFO - Started process (PID=12144) to work on /home/airflow/.local/lib/python3.12/site-packages/airflow/example_dags/example_task_group.py
[2024-08-16T13:39:37.695+0000] {processor.py:914} INFO - Processing file /home/airflow/.local/lib/python3.12/site-packages/airflow/example_dags/example_task_group.py for tasks to queue
[2024-08-16T13:39:37.698+0000] {logging_mixin.py:190} INFO - [2024-08-16T13:39:37.697+0000] {dagbag.py:587} INFO - Filling up the DagBag from /home/airflow/.local/lib/python3.12/site-packages/airflow/example_dags/example_task_group.py
[2024-08-16T13:39:37.709+0000] {processor.py:925} INFO - DAG(s) 'example_task_group' retrieved from /home/airflow/.local/lib/python3.12/site-packages/airflow/example_dags/example_task_group.py
[2024-08-16T13:39:37.734+0000] {logging_mixin.py:190} INFO - [2024-08-16T13:39:37.734+0000] {dag.py:3211} INFO - Sync 1 DAGs
[2024-08-16T13:39:37.763+0000] {logging_mixin.py:190} INFO - [2024-08-16T13:39:37.762+0000] {dag.py:4138} INFO - Setting next_dagrun for example_task_group to 2024-08-15 00:00:00+00:00, run_after=2024-08-16 00:00:00+00:00
[2024-08-16T13:39:37.782+0000] {processor.py:208} INFO - Processing /home/airflow/.local/lib/python3.12/site-packages/airflow/example_dags/example_task_group.py took 0.097 seconds
[2024-08-16T13:40:08.915+0000] {processor.py:186} INFO - Started process (PID=12432) to work on /home/airflow/.local/lib/python3.12/site-packages/airflow/example_dags/example_task_group.py
[2024-08-16T13:40:08.916+0000] {processor.py:914} INFO - Processing file /home/airflow/.local/lib/python3.12/site-packages/airflow/example_dags/example_task_group.py for tasks to queue
[2024-08-16T13:40:08.919+0000] {logging_mixin.py:190} INFO - [2024-08-16T13:40:08.918+0000] {dagbag.py:587} INFO - Filling up the DagBag from /home/airflow/.local/lib/python3.12/site-packages/airflow/example_dags/example_task_group.py
[2024-08-16T13:40:08.928+0000] {processor.py:925} INFO - DAG(s) 'example_task_group' retrieved from /home/airflow/.local/lib/python3.12/site-packages/airflow/example_dags/example_task_group.py
[2024-08-16T13:40:08.950+0000] {logging_mixin.py:190} INFO - [2024-08-16T13:40:08.950+0000] {dag.py:3211} INFO - Sync 1 DAGs
[2024-08-16T13:40:08.974+0000] {logging_mixin.py:190} INFO - [2024-08-16T13:40:08.974+0000] {dag.py:4138} INFO - Setting next_dagrun for example_task_group to 2024-08-15 00:00:00+00:00, run_after=2024-08-16 00:00:00+00:00
[2024-08-16T13:40:08.995+0000] {processor.py:208} INFO - Processing /home/airflow/.local/lib/python3.12/site-packages/airflow/example_dags/example_task_group.py took 0.086 seconds
[2024-08-16T13:40:39.476+0000] {processor.py:186} INFO - Started process (PID=12716) to work on /home/airflow/.local/lib/python3.12/site-packages/airflow/example_dags/example_task_group.py
[2024-08-16T13:40:39.477+0000] {processor.py:914} INFO - Processing file /home/airflow/.local/lib/python3.12/site-packages/airflow/example_dags/example_task_group.py for tasks to queue
[2024-08-16T13:40:39.480+0000] {logging_mixin.py:190} INFO - [2024-08-16T13:40:39.479+0000] {dagbag.py:587} INFO - Filling up the DagBag from /home/airflow/.local/lib/python3.12/site-packages/airflow/example_dags/example_task_group.py
[2024-08-16T13:40:39.490+0000] {processor.py:925} INFO - DAG(s) 'example_task_group' retrieved from /home/airflow/.local/lib/python3.12/site-packages/airflow/example_dags/example_task_group.py
[2024-08-16T13:40:39.513+0000] {logging_mixin.py:190} INFO - [2024-08-16T13:40:39.513+0000] {dag.py:3211} INFO - Sync 1 DAGs
[2024-08-16T13:40:39.538+0000] {logging_mixin.py:190} INFO - [2024-08-16T13:40:39.538+0000] {dag.py:4138} INFO - Setting next_dagrun for example_task_group to 2024-08-15 00:00:00+00:00, run_after=2024-08-16 00:00:00+00:00
[2024-08-16T13:40:39.558+0000] {processor.py:208} INFO - Processing /home/airflow/.local/lib/python3.12/site-packages/airflow/example_dags/example_task_group.py took 0.089 seconds
[2024-08-16T13:41:09.871+0000] {processor.py:186} INFO - Started process (PID=13002) to work on /home/airflow/.local/lib/python3.12/site-packages/airflow/example_dags/example_task_group.py
[2024-08-16T13:41:09.873+0000] {processor.py:914} INFO - Processing file /home/airflow/.local/lib/python3.12/site-packages/airflow/example_dags/example_task_group.py for tasks to queue
[2024-08-16T13:41:09.876+0000] {logging_mixin.py:190} INFO - [2024-08-16T13:41:09.875+0000] {dagbag.py:587} INFO - Filling up the DagBag from /home/airflow/.local/lib/python3.12/site-packages/airflow/example_dags/example_task_group.py
[2024-08-16T13:41:09.886+0000] {processor.py:925} INFO - DAG(s) 'example_task_group' retrieved from /home/airflow/.local/lib/python3.12/site-packages/airflow/example_dags/example_task_group.py
[2024-08-16T13:41:09.918+0000] {logging_mixin.py:190} INFO - [2024-08-16T13:41:09.917+0000] {dag.py:3211} INFO - Sync 1 DAGs
[2024-08-16T13:41:09.951+0000] {logging_mixin.py:190} INFO - [2024-08-16T13:41:09.951+0000] {dag.py:4138} INFO - Setting next_dagrun for example_task_group to 2024-08-15 00:00:00+00:00, run_after=2024-08-16 00:00:00+00:00
[2024-08-16T13:41:09.974+0000] {processor.py:208} INFO - Processing /home/airflow/.local/lib/python3.12/site-packages/airflow/example_dags/example_task_group.py took 0.110 seconds
[2024-08-16T13:41:40.248+0000] {processor.py:186} INFO - Started process (PID=13288) to work on /home/airflow/.local/lib/python3.12/site-packages/airflow/example_dags/example_task_group.py
[2024-08-16T13:41:40.250+0000] {processor.py:914} INFO - Processing file /home/airflow/.local/lib/python3.12/site-packages/airflow/example_dags/example_task_group.py for tasks to queue
[2024-08-16T13:41:40.254+0000] {logging_mixin.py:190} INFO - [2024-08-16T13:41:40.254+0000] {dagbag.py:587} INFO - Filling up the DagBag from /home/airflow/.local/lib/python3.12/site-packages/airflow/example_dags/example_task_group.py
[2024-08-16T13:41:40.270+0000] {processor.py:925} INFO - DAG(s) 'example_task_group' retrieved from /home/airflow/.local/lib/python3.12/site-packages/airflow/example_dags/example_task_group.py
[2024-08-16T13:41:40.300+0000] {logging_mixin.py:190} INFO - [2024-08-16T13:41:40.300+0000] {dag.py:3211} INFO - Sync 1 DAGs
[2024-08-16T13:41:40.346+0000] {logging_mixin.py:190} INFO - [2024-08-16T13:41:40.346+0000] {dag.py:4138} INFO - Setting next_dagrun for example_task_group to 2024-08-15 00:00:00+00:00, run_after=2024-08-16 00:00:00+00:00
[2024-08-16T13:41:40.373+0000] {processor.py:208} INFO - Processing /home/airflow/.local/lib/python3.12/site-packages/airflow/example_dags/example_task_group.py took 0.134 seconds
[2024-08-16T13:42:10.692+0000] {processor.py:186} INFO - Started process (PID=13574) to work on /home/airflow/.local/lib/python3.12/site-packages/airflow/example_dags/example_task_group.py
[2024-08-16T13:42:10.693+0000] {processor.py:914} INFO - Processing file /home/airflow/.local/lib/python3.12/site-packages/airflow/example_dags/example_task_group.py for tasks to queue
[2024-08-16T13:42:10.696+0000] {logging_mixin.py:190} INFO - [2024-08-16T13:42:10.695+0000] {dagbag.py:587} INFO - Filling up the DagBag from /home/airflow/.local/lib/python3.12/site-packages/airflow/example_dags/example_task_group.py
[2024-08-16T13:42:10.705+0000] {processor.py:925} INFO - DAG(s) 'example_task_group' retrieved from /home/airflow/.local/lib/python3.12/site-packages/airflow/example_dags/example_task_group.py
[2024-08-16T13:42:10.731+0000] {logging_mixin.py:190} INFO - [2024-08-16T13:42:10.730+0000] {dag.py:3211} INFO - Sync 1 DAGs
[2024-08-16T13:42:10.757+0000] {logging_mixin.py:190} INFO - [2024-08-16T13:42:10.756+0000] {dag.py:4138} INFO - Setting next_dagrun for example_task_group to 2024-08-15 00:00:00+00:00, run_after=2024-08-16 00:00:00+00:00
[2024-08-16T13:42:10.777+0000] {processor.py:208} INFO - Processing /home/airflow/.local/lib/python3.12/site-packages/airflow/example_dags/example_task_group.py took 0.091 seconds
[2024-08-16T13:42:41.799+0000] {processor.py:186} INFO - Started process (PID=13862) to work on /home/airflow/.local/lib/python3.12/site-packages/airflow/example_dags/example_task_group.py
[2024-08-16T13:42:41.800+0000] {processor.py:914} INFO - Processing file /home/airflow/.local/lib/python3.12/site-packages/airflow/example_dags/example_task_group.py for tasks to queue
[2024-08-16T13:42:41.803+0000] {logging_mixin.py:190} INFO - [2024-08-16T13:42:41.803+0000] {dagbag.py:587} INFO - Filling up the DagBag from /home/airflow/.local/lib/python3.12/site-packages/airflow/example_dags/example_task_group.py
[2024-08-16T13:42:41.812+0000] {processor.py:925} INFO - DAG(s) 'example_task_group' retrieved from /home/airflow/.local/lib/python3.12/site-packages/airflow/example_dags/example_task_group.py
[2024-08-16T13:42:41.839+0000] {logging_mixin.py:190} INFO - [2024-08-16T13:42:41.838+0000] {dag.py:3211} INFO - Sync 1 DAGs
[2024-08-16T13:42:41.866+0000] {logging_mixin.py:190} INFO - [2024-08-16T13:42:41.865+0000] {dag.py:4138} INFO - Setting next_dagrun for example_task_group to 2024-08-15 00:00:00+00:00, run_after=2024-08-16 00:00:00+00:00
[2024-08-16T13:42:41.886+0000] {processor.py:208} INFO - Processing /home/airflow/.local/lib/python3.12/site-packages/airflow/example_dags/example_task_group.py took 0.094 seconds
[2024-08-16T13:43:12.389+0000] {processor.py:186} INFO - Started process (PID=14146) to work on /home/airflow/.local/lib/python3.12/site-packages/airflow/example_dags/example_task_group.py
[2024-08-16T13:43:12.390+0000] {processor.py:914} INFO - Processing file /home/airflow/.local/lib/python3.12/site-packages/airflow/example_dags/example_task_group.py for tasks to queue
[2024-08-16T13:43:12.393+0000] {logging_mixin.py:190} INFO - [2024-08-16T13:43:12.392+0000] {dagbag.py:587} INFO - Filling up the DagBag from /home/airflow/.local/lib/python3.12/site-packages/airflow/example_dags/example_task_group.py
[2024-08-16T13:43:12.403+0000] {processor.py:925} INFO - DAG(s) 'example_task_group' retrieved from /home/airflow/.local/lib/python3.12/site-packages/airflow/example_dags/example_task_group.py
[2024-08-16T13:43:12.428+0000] {logging_mixin.py:190} INFO - [2024-08-16T13:43:12.428+0000] {dag.py:3211} INFO - Sync 1 DAGs
[2024-08-16T13:43:12.457+0000] {logging_mixin.py:190} INFO - [2024-08-16T13:43:12.456+0000] {dag.py:4138} INFO - Setting next_dagrun for example_task_group to 2024-08-15 00:00:00+00:00, run_after=2024-08-16 00:00:00+00:00
[2024-08-16T13:43:12.478+0000] {processor.py:208} INFO - Processing /home/airflow/.local/lib/python3.12/site-packages/airflow/example_dags/example_task_group.py took 0.096 seconds
[2024-08-16T13:43:42.732+0000] {processor.py:186} INFO - Started process (PID=14432) to work on /home/airflow/.local/lib/python3.12/site-packages/airflow/example_dags/example_task_group.py
[2024-08-16T13:43:42.733+0000] {processor.py:914} INFO - Processing file /home/airflow/.local/lib/python3.12/site-packages/airflow/example_dags/example_task_group.py for tasks to queue
[2024-08-16T13:43:42.735+0000] {logging_mixin.py:190} INFO - [2024-08-16T13:43:42.735+0000] {dagbag.py:587} INFO - Filling up the DagBag from /home/airflow/.local/lib/python3.12/site-packages/airflow/example_dags/example_task_group.py
[2024-08-16T13:43:42.745+0000] {processor.py:925} INFO - DAG(s) 'example_task_group' retrieved from /home/airflow/.local/lib/python3.12/site-packages/airflow/example_dags/example_task_group.py
[2024-08-16T13:43:42.771+0000] {logging_mixin.py:190} INFO - [2024-08-16T13:43:42.771+0000] {dag.py:3211} INFO - Sync 1 DAGs
[2024-08-16T13:43:42.799+0000] {logging_mixin.py:190} INFO - [2024-08-16T13:43:42.799+0000] {dag.py:4138} INFO - Setting next_dagrun for example_task_group to 2024-08-15 00:00:00+00:00, run_after=2024-08-16 00:00:00+00:00
[2024-08-16T13:43:42.820+0000] {processor.py:208} INFO - Processing /home/airflow/.local/lib/python3.12/site-packages/airflow/example_dags/example_task_group.py took 0.096 seconds
[2024-08-16T13:44:13.511+0000] {processor.py:186} INFO - Started process (PID=14718) to work on /home/airflow/.local/lib/python3.12/site-packages/airflow/example_dags/example_task_group.py
[2024-08-16T13:44:13.513+0000] {processor.py:914} INFO - Processing file /home/airflow/.local/lib/python3.12/site-packages/airflow/example_dags/example_task_group.py for tasks to queue
[2024-08-16T13:44:13.515+0000] {logging_mixin.py:190} INFO - [2024-08-16T13:44:13.515+0000] {dagbag.py:587} INFO - Filling up the DagBag from /home/airflow/.local/lib/python3.12/site-packages/airflow/example_dags/example_task_group.py
[2024-08-16T13:44:13.525+0000] {processor.py:925} INFO - DAG(s) 'example_task_group' retrieved from /home/airflow/.local/lib/python3.12/site-packages/airflow/example_dags/example_task_group.py
[2024-08-16T13:44:13.549+0000] {logging_mixin.py:190} INFO - [2024-08-16T13:44:13.549+0000] {dag.py:3211} INFO - Sync 1 DAGs
[2024-08-16T13:44:13.578+0000] {logging_mixin.py:190} INFO - [2024-08-16T13:44:13.578+0000] {dag.py:4138} INFO - Setting next_dagrun for example_task_group to 2024-08-15 00:00:00+00:00, run_after=2024-08-16 00:00:00+00:00
[2024-08-16T13:44:13.596+0000] {processor.py:208} INFO - Processing /home/airflow/.local/lib/python3.12/site-packages/airflow/example_dags/example_task_group.py took 0.091 seconds
[2024-08-16T13:44:43.943+0000] {processor.py:186} INFO - Started process (PID=15004) to work on /home/airflow/.local/lib/python3.12/site-packages/airflow/example_dags/example_task_group.py
[2024-08-16T13:44:43.945+0000] {processor.py:914} INFO - Processing file /home/airflow/.local/lib/python3.12/site-packages/airflow/example_dags/example_task_group.py for tasks to queue
[2024-08-16T13:44:43.947+0000] {logging_mixin.py:190} INFO - [2024-08-16T13:44:43.947+0000] {dagbag.py:587} INFO - Filling up the DagBag from /home/airflow/.local/lib/python3.12/site-packages/airflow/example_dags/example_task_group.py
[2024-08-16T13:44:43.957+0000] {processor.py:925} INFO - DAG(s) 'example_task_group' retrieved from /home/airflow/.local/lib/python3.12/site-packages/airflow/example_dags/example_task_group.py
[2024-08-16T13:44:43.982+0000] {logging_mixin.py:190} INFO - [2024-08-16T13:44:43.982+0000] {dag.py:3211} INFO - Sync 1 DAGs
[2024-08-16T13:44:44.009+0000] {logging_mixin.py:190} INFO - [2024-08-16T13:44:44.008+0000] {dag.py:4138} INFO - Setting next_dagrun for example_task_group to 2024-08-15 00:00:00+00:00, run_after=2024-08-16 00:00:00+00:00
[2024-08-16T13:44:44.030+0000] {processor.py:208} INFO - Processing /home/airflow/.local/lib/python3.12/site-packages/airflow/example_dags/example_task_group.py took 0.093 seconds
[2024-08-16T13:45:14.288+0000] {processor.py:186} INFO - Started process (PID=15285) to work on /home/airflow/.local/lib/python3.12/site-packages/airflow/example_dags/example_task_group.py
[2024-08-16T13:45:14.289+0000] {processor.py:914} INFO - Processing file /home/airflow/.local/lib/python3.12/site-packages/airflow/example_dags/example_task_group.py for tasks to queue
[2024-08-16T13:45:14.292+0000] {logging_mixin.py:190} INFO - [2024-08-16T13:45:14.292+0000] {dagbag.py:587} INFO - Filling up the DagBag from /home/airflow/.local/lib/python3.12/site-packages/airflow/example_dags/example_task_group.py
[2024-08-16T13:45:14.304+0000] {processor.py:925} INFO - DAG(s) 'example_task_group' retrieved from /home/airflow/.local/lib/python3.12/site-packages/airflow/example_dags/example_task_group.py
[2024-08-16T13:45:14.331+0000] {logging_mixin.py:190} INFO - [2024-08-16T13:45:14.331+0000] {dag.py:3211} INFO - Sync 1 DAGs
[2024-08-16T13:45:14.360+0000] {logging_mixin.py:190} INFO - [2024-08-16T13:45:14.360+0000] {dag.py:4138} INFO - Setting next_dagrun for example_task_group to 2024-08-15 00:00:00+00:00, run_after=2024-08-16 00:00:00+00:00
[2024-08-16T13:45:14.382+0000] {processor.py:208} INFO - Processing /home/airflow/.local/lib/python3.12/site-packages/airflow/example_dags/example_task_group.py took 0.102 seconds
[2024-08-16T13:45:44.803+0000] {processor.py:186} INFO - Started process (PID=15571) to work on /home/airflow/.local/lib/python3.12/site-packages/airflow/example_dags/example_task_group.py
[2024-08-16T13:45:44.805+0000] {processor.py:914} INFO - Processing file /home/airflow/.local/lib/python3.12/site-packages/airflow/example_dags/example_task_group.py for tasks to queue
[2024-08-16T13:45:44.808+0000] {logging_mixin.py:190} INFO - [2024-08-16T13:45:44.808+0000] {dagbag.py:587} INFO - Filling up the DagBag from /home/airflow/.local/lib/python3.12/site-packages/airflow/example_dags/example_task_group.py
[2024-08-16T13:45:44.821+0000] {processor.py:925} INFO - DAG(s) 'example_task_group' retrieved from /home/airflow/.local/lib/python3.12/site-packages/airflow/example_dags/example_task_group.py
[2024-08-16T13:45:44.849+0000] {logging_mixin.py:190} INFO - [2024-08-16T13:45:44.848+0000] {dag.py:3211} INFO - Sync 1 DAGs
[2024-08-16T13:45:44.880+0000] {logging_mixin.py:190} INFO - [2024-08-16T13:45:44.880+0000] {dag.py:4138} INFO - Setting next_dagrun for example_task_group to 2024-08-15 00:00:00+00:00, run_after=2024-08-16 00:00:00+00:00
[2024-08-16T13:45:44.904+0000] {processor.py:208} INFO - Processing /home/airflow/.local/lib/python3.12/site-packages/airflow/example_dags/example_task_group.py took 0.110 seconds
[2024-08-16T13:46:17.218+0000] {processor.py:186} INFO - Started process (PID=15862) to work on /home/airflow/.local/lib/python3.12/site-packages/airflow/example_dags/example_task_group.py
[2024-08-16T13:46:17.220+0000] {processor.py:914} INFO - Processing file /home/airflow/.local/lib/python3.12/site-packages/airflow/example_dags/example_task_group.py for tasks to queue
[2024-08-16T13:46:17.223+0000] {logging_mixin.py:190} INFO - [2024-08-16T13:46:17.223+0000] {dagbag.py:587} INFO - Filling up the DagBag from /home/airflow/.local/lib/python3.12/site-packages/airflow/example_dags/example_task_group.py
[2024-08-16T13:46:17.237+0000] {processor.py:925} INFO - DAG(s) 'example_task_group' retrieved from /home/airflow/.local/lib/python3.12/site-packages/airflow/example_dags/example_task_group.py
[2024-08-16T13:46:17.265+0000] {logging_mixin.py:190} INFO - [2024-08-16T13:46:17.265+0000] {dag.py:3211} INFO - Sync 1 DAGs
[2024-08-16T13:46:17.295+0000] {logging_mixin.py:190} INFO - [2024-08-16T13:46:17.295+0000] {dag.py:4138} INFO - Setting next_dagrun for example_task_group to 2024-08-15 00:00:00+00:00, run_after=2024-08-16 00:00:00+00:00
[2024-08-16T13:46:17.317+0000] {processor.py:208} INFO - Processing /home/airflow/.local/lib/python3.12/site-packages/airflow/example_dags/example_task_group.py took 0.110 seconds
[2024-08-16T13:46:48.705+0000] {processor.py:186} INFO - Started process (PID=16154) to work on /home/airflow/.local/lib/python3.12/site-packages/airflow/example_dags/example_task_group.py
[2024-08-16T13:46:48.706+0000] {processor.py:914} INFO - Processing file /home/airflow/.local/lib/python3.12/site-packages/airflow/example_dags/example_task_group.py for tasks to queue
[2024-08-16T13:46:48.709+0000] {logging_mixin.py:190} INFO - [2024-08-16T13:46:48.708+0000] {dagbag.py:587} INFO - Filling up the DagBag from /home/airflow/.local/lib/python3.12/site-packages/airflow/example_dags/example_task_group.py
[2024-08-16T13:46:48.719+0000] {processor.py:925} INFO - DAG(s) 'example_task_group' retrieved from /home/airflow/.local/lib/python3.12/site-packages/airflow/example_dags/example_task_group.py
[2024-08-16T13:46:48.747+0000] {logging_mixin.py:190} INFO - [2024-08-16T13:46:48.746+0000] {dag.py:3211} INFO - Sync 1 DAGs
[2024-08-16T13:46:48.775+0000] {logging_mixin.py:190} INFO - [2024-08-16T13:46:48.775+0000] {dag.py:4138} INFO - Setting next_dagrun for example_task_group to 2024-08-15 00:00:00+00:00, run_after=2024-08-16 00:00:00+00:00
[2024-08-16T13:46:48.795+0000] {processor.py:208} INFO - Processing /home/airflow/.local/lib/python3.12/site-packages/airflow/example_dags/example_task_group.py took 0.096 seconds
[2024-08-16T13:47:19.838+0000] {processor.py:186} INFO - Started process (PID=16440) to work on /home/airflow/.local/lib/python3.12/site-packages/airflow/example_dags/example_task_group.py
[2024-08-16T13:47:19.839+0000] {processor.py:914} INFO - Processing file /home/airflow/.local/lib/python3.12/site-packages/airflow/example_dags/example_task_group.py for tasks to queue
[2024-08-16T13:47:19.841+0000] {logging_mixin.py:190} INFO - [2024-08-16T13:47:19.841+0000] {dagbag.py:587} INFO - Filling up the DagBag from /home/airflow/.local/lib/python3.12/site-packages/airflow/example_dags/example_task_group.py
[2024-08-16T13:47:19.852+0000] {processor.py:925} INFO - DAG(s) 'example_task_group' retrieved from /home/airflow/.local/lib/python3.12/site-packages/airflow/example_dags/example_task_group.py
[2024-08-16T13:47:19.881+0000] {logging_mixin.py:190} INFO - [2024-08-16T13:47:19.880+0000] {dag.py:3211} INFO - Sync 1 DAGs
[2024-08-16T13:47:19.906+0000] {logging_mixin.py:190} INFO - [2024-08-16T13:47:19.906+0000] {dag.py:4138} INFO - Setting next_dagrun for example_task_group to 2024-08-15 00:00:00+00:00, run_after=2024-08-16 00:00:00+00:00
[2024-08-16T13:47:19.934+0000] {processor.py:208} INFO - Processing /home/airflow/.local/lib/python3.12/site-packages/airflow/example_dags/example_task_group.py took 0.103 seconds
[2024-08-16T13:47:50.451+0000] {processor.py:186} INFO - Started process (PID=16727) to work on /home/airflow/.local/lib/python3.12/site-packages/airflow/example_dags/example_task_group.py
[2024-08-16T13:47:50.452+0000] {processor.py:914} INFO - Processing file /home/airflow/.local/lib/python3.12/site-packages/airflow/example_dags/example_task_group.py for tasks to queue
[2024-08-16T13:47:50.454+0000] {logging_mixin.py:190} INFO - [2024-08-16T13:47:50.454+0000] {dagbag.py:587} INFO - Filling up the DagBag from /home/airflow/.local/lib/python3.12/site-packages/airflow/example_dags/example_task_group.py
[2024-08-16T13:47:50.466+0000] {processor.py:925} INFO - DAG(s) 'example_task_group' retrieved from /home/airflow/.local/lib/python3.12/site-packages/airflow/example_dags/example_task_group.py
[2024-08-16T13:47:50.499+0000] {logging_mixin.py:190} INFO - [2024-08-16T13:47:50.498+0000] {dag.py:3211} INFO - Sync 1 DAGs
[2024-08-16T13:47:50.530+0000] {logging_mixin.py:190} INFO - [2024-08-16T13:47:50.530+0000] {dag.py:4138} INFO - Setting next_dagrun for example_task_group to 2024-08-15 00:00:00+00:00, run_after=2024-08-16 00:00:00+00:00
[2024-08-16T13:47:50.552+0000] {processor.py:208} INFO - Processing /home/airflow/.local/lib/python3.12/site-packages/airflow/example_dags/example_task_group.py took 0.109 seconds
[2024-08-16T13:48:22.283+0000] {processor.py:186} INFO - Started process (PID=17013) to work on /home/airflow/.local/lib/python3.12/site-packages/airflow/example_dags/example_task_group.py
[2024-08-16T13:48:22.284+0000] {processor.py:914} INFO - Processing file /home/airflow/.local/lib/python3.12/site-packages/airflow/example_dags/example_task_group.py for tasks to queue
[2024-08-16T13:48:22.287+0000] {logging_mixin.py:190} INFO - [2024-08-16T13:48:22.286+0000] {dagbag.py:587} INFO - Filling up the DagBag from /home/airflow/.local/lib/python3.12/site-packages/airflow/example_dags/example_task_group.py
[2024-08-16T13:48:22.298+0000] {processor.py:925} INFO - DAG(s) 'example_task_group' retrieved from /home/airflow/.local/lib/python3.12/site-packages/airflow/example_dags/example_task_group.py
[2024-08-16T13:48:22.326+0000] {logging_mixin.py:190} INFO - [2024-08-16T13:48:22.325+0000] {dag.py:3211} INFO - Sync 1 DAGs
[2024-08-16T13:48:22.358+0000] {logging_mixin.py:190} INFO - [2024-08-16T13:48:22.358+0000] {dag.py:4138} INFO - Setting next_dagrun for example_task_group to 2024-08-15 00:00:00+00:00, run_after=2024-08-16 00:00:00+00:00
[2024-08-16T13:48:22.684+0000] {processor.py:208} INFO - Processing /home/airflow/.local/lib/python3.12/site-packages/airflow/example_dags/example_task_group.py took 0.408 seconds
[2024-08-16T13:48:53.089+0000] {processor.py:186} INFO - Started process (PID=17299) to work on /home/airflow/.local/lib/python3.12/site-packages/airflow/example_dags/example_task_group.py
[2024-08-16T13:48:53.090+0000] {processor.py:914} INFO - Processing file /home/airflow/.local/lib/python3.12/site-packages/airflow/example_dags/example_task_group.py for tasks to queue
[2024-08-16T13:48:53.093+0000] {logging_mixin.py:190} INFO - [2024-08-16T13:48:53.092+0000] {dagbag.py:587} INFO - Filling up the DagBag from /home/airflow/.local/lib/python3.12/site-packages/airflow/example_dags/example_task_group.py
[2024-08-16T13:48:53.102+0000] {processor.py:925} INFO - DAG(s) 'example_task_group' retrieved from /home/airflow/.local/lib/python3.12/site-packages/airflow/example_dags/example_task_group.py
[2024-08-16T13:48:53.128+0000] {logging_mixin.py:190} INFO - [2024-08-16T13:48:53.127+0000] {dag.py:3211} INFO - Sync 1 DAGs
[2024-08-16T13:48:53.158+0000] {logging_mixin.py:190} INFO - [2024-08-16T13:48:53.158+0000] {dag.py:4138} INFO - Setting next_dagrun for example_task_group to 2024-08-15 00:00:00+00:00, run_after=2024-08-16 00:00:00+00:00
[2024-08-16T13:48:53.369+0000] {processor.py:208} INFO - Processing /home/airflow/.local/lib/python3.12/site-packages/airflow/example_dags/example_task_group.py took 0.290 seconds
[2024-08-16T13:49:23.907+0000] {processor.py:186} INFO - Started process (PID=17585) to work on /home/airflow/.local/lib/python3.12/site-packages/airflow/example_dags/example_task_group.py
[2024-08-16T13:49:23.908+0000] {processor.py:914} INFO - Processing file /home/airflow/.local/lib/python3.12/site-packages/airflow/example_dags/example_task_group.py for tasks to queue
[2024-08-16T13:49:23.911+0000] {logging_mixin.py:190} INFO - [2024-08-16T13:49:23.911+0000] {dagbag.py:587} INFO - Filling up the DagBag from /home/airflow/.local/lib/python3.12/site-packages/airflow/example_dags/example_task_group.py
[2024-08-16T13:49:23.926+0000] {processor.py:925} INFO - DAG(s) 'example_task_group' retrieved from /home/airflow/.local/lib/python3.12/site-packages/airflow/example_dags/example_task_group.py
[2024-08-16T13:49:23.958+0000] {logging_mixin.py:190} INFO - [2024-08-16T13:49:23.958+0000] {dag.py:3211} INFO - Sync 1 DAGs
[2024-08-16T13:49:23.993+0000] {logging_mixin.py:190} INFO - [2024-08-16T13:49:23.993+0000] {dag.py:4138} INFO - Setting next_dagrun for example_task_group to 2024-08-15 00:00:00+00:00, run_after=2024-08-16 00:00:00+00:00
[2024-08-16T13:49:24.019+0000] {processor.py:208} INFO - Processing /home/airflow/.local/lib/python3.12/site-packages/airflow/example_dags/example_task_group.py took 0.122 seconds
[2024-08-16T13:49:55.104+0000] {processor.py:186} INFO - Started process (PID=17871) to work on /home/airflow/.local/lib/python3.12/site-packages/airflow/example_dags/example_task_group.py
[2024-08-16T13:49:55.105+0000] {processor.py:914} INFO - Processing file /home/airflow/.local/lib/python3.12/site-packages/airflow/example_dags/example_task_group.py for tasks to queue
[2024-08-16T13:49:55.107+0000] {logging_mixin.py:190} INFO - [2024-08-16T13:49:55.107+0000] {dagbag.py:587} INFO - Filling up the DagBag from /home/airflow/.local/lib/python3.12/site-packages/airflow/example_dags/example_task_group.py
[2024-08-16T13:49:55.121+0000] {processor.py:925} INFO - DAG(s) 'example_task_group' retrieved from /home/airflow/.local/lib/python3.12/site-packages/airflow/example_dags/example_task_group.py
[2024-08-16T13:49:55.156+0000] {logging_mixin.py:190} INFO - [2024-08-16T13:49:55.155+0000] {dag.py:3211} INFO - Sync 1 DAGs
[2024-08-16T13:49:55.188+0000] {logging_mixin.py:190} INFO - [2024-08-16T13:49:55.188+0000] {dag.py:4138} INFO - Setting next_dagrun for example_task_group to 2024-08-15 00:00:00+00:00, run_after=2024-08-16 00:00:00+00:00
[2024-08-16T13:49:55.213+0000] {processor.py:208} INFO - Processing /home/airflow/.local/lib/python3.12/site-packages/airflow/example_dags/example_task_group.py took 0.119 seconds
