[2024-08-16T13:18:44.171+0000] {processor.py:186} INFO - Started process (PID=299) to work on /home/airflow/.local/lib/python3.12/site-packages/airflow/example_dags/example_complex.py
[2024-08-16T13:18:44.172+0000] {processor.py:914} INFO - Processing file /home/airflow/.local/lib/python3.12/site-packages/airflow/example_dags/example_complex.py for tasks to queue
[2024-08-16T13:18:44.175+0000] {logging_mixin.py:190} INFO - [2024-08-16T13:18:44.174+0000] {dagbag.py:587} INFO - Filling up the DagBag from /home/airflow/.local/lib/python3.12/site-packages/airflow/example_dags/example_complex.py
[2024-08-16T13:18:44.191+0000] {processor.py:925} INFO - DAG(s) 'example_complex' retrieved from /home/airflow/.local/lib/python3.12/site-packages/airflow/example_dags/example_complex.py
[2024-08-16T13:18:45.498+0000] {logging_mixin.py:190} INFO - [2024-08-16T13:18:45.497+0000] {override.py:1858} INFO - Created Permission View: can read on DAG:example_complex
[2024-08-16T13:18:45.520+0000] {logging_mixin.py:190} INFO - [2024-08-16T13:18:45.520+0000] {override.py:1858} INFO - Created Permission View: can edit on DAG:example_complex
[2024-08-16T13:18:45.534+0000] {logging_mixin.py:190} INFO - [2024-08-16T13:18:45.533+0000] {override.py:1858} INFO - Created Permission View: can delete on DAG:example_complex
[2024-08-16T13:18:45.535+0000] {logging_mixin.py:190} INFO - [2024-08-16T13:18:45.535+0000] {dag.py:3211} INFO - Sync 1 DAGs
[2024-08-16T13:18:45.554+0000] {logging_mixin.py:190} INFO - [2024-08-16T13:18:45.554+0000] {dag.py:3234} INFO - Creating ORM DAG for example_complex
[2024-08-16T13:18:45.556+0000] {logging_mixin.py:190} INFO - [2024-08-16T13:18:45.555+0000] {dag.py:4138} INFO - Setting next_dagrun for example_complex to None, run_after=None
[2024-08-16T13:18:45.577+0000] {processor.py:208} INFO - Processing /home/airflow/.local/lib/python3.12/site-packages/airflow/example_dags/example_complex.py took 1.413 seconds
[2024-08-16T13:19:16.219+0000] {processor.py:186} INFO - Started process (PID=591) to work on /home/airflow/.local/lib/python3.12/site-packages/airflow/example_dags/example_complex.py
[2024-08-16T13:19:16.220+0000] {processor.py:914} INFO - Processing file /home/airflow/.local/lib/python3.12/site-packages/airflow/example_dags/example_complex.py for tasks to queue
[2024-08-16T13:19:16.223+0000] {logging_mixin.py:190} INFO - [2024-08-16T13:19:16.222+0000] {dagbag.py:587} INFO - Filling up the DagBag from /home/airflow/.local/lib/python3.12/site-packages/airflow/example_dags/example_complex.py
[2024-08-16T13:19:16.237+0000] {processor.py:925} INFO - DAG(s) 'example_complex' retrieved from /home/airflow/.local/lib/python3.12/site-packages/airflow/example_dags/example_complex.py
[2024-08-16T13:19:16.282+0000] {logging_mixin.py:190} INFO - [2024-08-16T13:19:16.282+0000] {dag.py:3211} INFO - Sync 1 DAGs
[2024-08-16T13:19:16.300+0000] {logging_mixin.py:190} INFO - [2024-08-16T13:19:16.300+0000] {dag.py:4138} INFO - Setting next_dagrun for example_complex to None, run_after=None
[2024-08-16T13:19:16.323+0000] {processor.py:208} INFO - Processing /home/airflow/.local/lib/python3.12/site-packages/airflow/example_dags/example_complex.py took 0.111 seconds
[2024-08-16T13:19:46.699+0000] {processor.py:186} INFO - Started process (PID=877) to work on /home/airflow/.local/lib/python3.12/site-packages/airflow/example_dags/example_complex.py
[2024-08-16T13:19:46.700+0000] {processor.py:914} INFO - Processing file /home/airflow/.local/lib/python3.12/site-packages/airflow/example_dags/example_complex.py for tasks to queue
[2024-08-16T13:19:46.702+0000] {logging_mixin.py:190} INFO - [2024-08-16T13:19:46.702+0000] {dagbag.py:587} INFO - Filling up the DagBag from /home/airflow/.local/lib/python3.12/site-packages/airflow/example_dags/example_complex.py
[2024-08-16T13:19:46.714+0000] {processor.py:925} INFO - DAG(s) 'example_complex' retrieved from /home/airflow/.local/lib/python3.12/site-packages/airflow/example_dags/example_complex.py
[2024-08-16T13:19:46.770+0000] {logging_mixin.py:190} INFO - [2024-08-16T13:19:46.769+0000] {dag.py:3211} INFO - Sync 1 DAGs
[2024-08-16T13:19:46.787+0000] {logging_mixin.py:190} INFO - [2024-08-16T13:19:46.787+0000] {dag.py:4138} INFO - Setting next_dagrun for example_complex to None, run_after=None
[2024-08-16T13:19:46.808+0000] {processor.py:208} INFO - Processing /home/airflow/.local/lib/python3.12/site-packages/airflow/example_dags/example_complex.py took 0.116 seconds
[2024-08-16T13:20:17.611+0000] {processor.py:186} INFO - Started process (PID=1163) to work on /home/airflow/.local/lib/python3.12/site-packages/airflow/example_dags/example_complex.py
[2024-08-16T13:20:17.613+0000] {processor.py:914} INFO - Processing file /home/airflow/.local/lib/python3.12/site-packages/airflow/example_dags/example_complex.py for tasks to queue
[2024-08-16T13:20:17.615+0000] {logging_mixin.py:190} INFO - [2024-08-16T13:20:17.615+0000] {dagbag.py:587} INFO - Filling up the DagBag from /home/airflow/.local/lib/python3.12/site-packages/airflow/example_dags/example_complex.py
[2024-08-16T13:20:17.628+0000] {processor.py:925} INFO - DAG(s) 'example_complex' retrieved from /home/airflow/.local/lib/python3.12/site-packages/airflow/example_dags/example_complex.py
[2024-08-16T13:20:17.666+0000] {logging_mixin.py:190} INFO - [2024-08-16T13:20:17.666+0000] {dag.py:3211} INFO - Sync 1 DAGs
[2024-08-16T13:20:17.686+0000] {logging_mixin.py:190} INFO - [2024-08-16T13:20:17.685+0000] {dag.py:4138} INFO - Setting next_dagrun for example_complex to None, run_after=None
[2024-08-16T13:20:17.707+0000] {processor.py:208} INFO - Processing /home/airflow/.local/lib/python3.12/site-packages/airflow/example_dags/example_complex.py took 0.102 seconds
[2024-08-16T13:20:47.954+0000] {processor.py:186} INFO - Started process (PID=1449) to work on /home/airflow/.local/lib/python3.12/site-packages/airflow/example_dags/example_complex.py
[2024-08-16T13:20:47.955+0000] {processor.py:914} INFO - Processing file /home/airflow/.local/lib/python3.12/site-packages/airflow/example_dags/example_complex.py for tasks to queue
[2024-08-16T13:20:47.958+0000] {logging_mixin.py:190} INFO - [2024-08-16T13:20:47.957+0000] {dagbag.py:587} INFO - Filling up the DagBag from /home/airflow/.local/lib/python3.12/site-packages/airflow/example_dags/example_complex.py
[2024-08-16T13:20:47.971+0000] {processor.py:925} INFO - DAG(s) 'example_complex' retrieved from /home/airflow/.local/lib/python3.12/site-packages/airflow/example_dags/example_complex.py
[2024-08-16T13:20:48.010+0000] {logging_mixin.py:190} INFO - [2024-08-16T13:20:48.010+0000] {dag.py:3211} INFO - Sync 1 DAGs
[2024-08-16T13:20:48.025+0000] {logging_mixin.py:190} INFO - [2024-08-16T13:20:48.024+0000] {dag.py:4138} INFO - Setting next_dagrun for example_complex to None, run_after=None
[2024-08-16T13:20:48.046+0000] {processor.py:208} INFO - Processing /home/airflow/.local/lib/python3.12/site-packages/airflow/example_dags/example_complex.py took 0.099 seconds
[2024-08-16T13:21:18.486+0000] {processor.py:186} INFO - Started process (PID=1735) to work on /home/airflow/.local/lib/python3.12/site-packages/airflow/example_dags/example_complex.py
[2024-08-16T13:21:18.487+0000] {processor.py:914} INFO - Processing file /home/airflow/.local/lib/python3.12/site-packages/airflow/example_dags/example_complex.py for tasks to queue
[2024-08-16T13:21:18.491+0000] {logging_mixin.py:190} INFO - [2024-08-16T13:21:18.491+0000] {dagbag.py:587} INFO - Filling up the DagBag from /home/airflow/.local/lib/python3.12/site-packages/airflow/example_dags/example_complex.py
[2024-08-16T13:21:18.505+0000] {processor.py:925} INFO - DAG(s) 'example_complex' retrieved from /home/airflow/.local/lib/python3.12/site-packages/airflow/example_dags/example_complex.py
[2024-08-16T13:21:18.541+0000] {logging_mixin.py:190} INFO - [2024-08-16T13:21:18.540+0000] {dag.py:3211} INFO - Sync 1 DAGs
[2024-08-16T13:21:18.558+0000] {logging_mixin.py:190} INFO - [2024-08-16T13:21:18.558+0000] {dag.py:4138} INFO - Setting next_dagrun for example_complex to None, run_after=None
[2024-08-16T13:21:18.578+0000] {processor.py:208} INFO - Processing /home/airflow/.local/lib/python3.12/site-packages/airflow/example_dags/example_complex.py took 0.101 seconds
[2024-08-16T13:21:48.681+0000] {processor.py:186} INFO - Started process (PID=2021) to work on /home/airflow/.local/lib/python3.12/site-packages/airflow/example_dags/example_complex.py
[2024-08-16T13:21:48.682+0000] {processor.py:914} INFO - Processing file /home/airflow/.local/lib/python3.12/site-packages/airflow/example_dags/example_complex.py for tasks to queue
[2024-08-16T13:21:48.684+0000] {logging_mixin.py:190} INFO - [2024-08-16T13:21:48.684+0000] {dagbag.py:587} INFO - Filling up the DagBag from /home/airflow/.local/lib/python3.12/site-packages/airflow/example_dags/example_complex.py
[2024-08-16T13:21:48.698+0000] {processor.py:925} INFO - DAG(s) 'example_complex' retrieved from /home/airflow/.local/lib/python3.12/site-packages/airflow/example_dags/example_complex.py
[2024-08-16T13:21:48.739+0000] {logging_mixin.py:190} INFO - [2024-08-16T13:21:48.739+0000] {dag.py:3211} INFO - Sync 1 DAGs
[2024-08-16T13:21:48.754+0000] {logging_mixin.py:190} INFO - [2024-08-16T13:21:48.753+0000] {dag.py:4138} INFO - Setting next_dagrun for example_complex to None, run_after=None
[2024-08-16T13:21:48.775+0000] {processor.py:208} INFO - Processing /home/airflow/.local/lib/python3.12/site-packages/airflow/example_dags/example_complex.py took 0.103 seconds
[2024-08-16T13:22:19.216+0000] {processor.py:186} INFO - Started process (PID=2307) to work on /home/airflow/.local/lib/python3.12/site-packages/airflow/example_dags/example_complex.py
[2024-08-16T13:22:19.218+0000] {processor.py:914} INFO - Processing file /home/airflow/.local/lib/python3.12/site-packages/airflow/example_dags/example_complex.py for tasks to queue
[2024-08-16T13:22:19.221+0000] {logging_mixin.py:190} INFO - [2024-08-16T13:22:19.221+0000] {dagbag.py:587} INFO - Filling up the DagBag from /home/airflow/.local/lib/python3.12/site-packages/airflow/example_dags/example_complex.py
[2024-08-16T13:22:19.234+0000] {processor.py:925} INFO - DAG(s) 'example_complex' retrieved from /home/airflow/.local/lib/python3.12/site-packages/airflow/example_dags/example_complex.py
[2024-08-16T13:22:19.273+0000] {logging_mixin.py:190} INFO - [2024-08-16T13:22:19.273+0000] {dag.py:3211} INFO - Sync 1 DAGs
[2024-08-16T13:22:19.290+0000] {logging_mixin.py:190} INFO - [2024-08-16T13:22:19.290+0000] {dag.py:4138} INFO - Setting next_dagrun for example_complex to None, run_after=None
[2024-08-16T13:22:19.310+0000] {processor.py:208} INFO - Processing /home/airflow/.local/lib/python3.12/site-packages/airflow/example_dags/example_complex.py took 0.100 seconds
[2024-08-16T13:22:49.570+0000] {processor.py:186} INFO - Started process (PID=2593) to work on /home/airflow/.local/lib/python3.12/site-packages/airflow/example_dags/example_complex.py
[2024-08-16T13:22:49.571+0000] {processor.py:914} INFO - Processing file /home/airflow/.local/lib/python3.12/site-packages/airflow/example_dags/example_complex.py for tasks to queue
[2024-08-16T13:22:49.574+0000] {logging_mixin.py:190} INFO - [2024-08-16T13:22:49.574+0000] {dagbag.py:587} INFO - Filling up the DagBag from /home/airflow/.local/lib/python3.12/site-packages/airflow/example_dags/example_complex.py
[2024-08-16T13:22:49.587+0000] {processor.py:925} INFO - DAG(s) 'example_complex' retrieved from /home/airflow/.local/lib/python3.12/site-packages/airflow/example_dags/example_complex.py
[2024-08-16T13:22:49.626+0000] {logging_mixin.py:190} INFO - [2024-08-16T13:22:49.626+0000] {dag.py:3211} INFO - Sync 1 DAGs
[2024-08-16T13:22:49.641+0000] {logging_mixin.py:190} INFO - [2024-08-16T13:22:49.641+0000] {dag.py:4138} INFO - Setting next_dagrun for example_complex to None, run_after=None
[2024-08-16T13:22:49.662+0000] {processor.py:208} INFO - Processing /home/airflow/.local/lib/python3.12/site-packages/airflow/example_dags/example_complex.py took 0.098 seconds
[2024-08-16T13:23:19.867+0000] {processor.py:186} INFO - Started process (PID=2879) to work on /home/airflow/.local/lib/python3.12/site-packages/airflow/example_dags/example_complex.py
[2024-08-16T13:23:19.868+0000] {processor.py:914} INFO - Processing file /home/airflow/.local/lib/python3.12/site-packages/airflow/example_dags/example_complex.py for tasks to queue
[2024-08-16T13:23:19.871+0000] {logging_mixin.py:190} INFO - [2024-08-16T13:23:19.870+0000] {dagbag.py:587} INFO - Filling up the DagBag from /home/airflow/.local/lib/python3.12/site-packages/airflow/example_dags/example_complex.py
[2024-08-16T13:23:19.884+0000] {processor.py:925} INFO - DAG(s) 'example_complex' retrieved from /home/airflow/.local/lib/python3.12/site-packages/airflow/example_dags/example_complex.py
[2024-08-16T13:23:19.923+0000] {logging_mixin.py:190} INFO - [2024-08-16T13:23:19.923+0000] {dag.py:3211} INFO - Sync 1 DAGs
[2024-08-16T13:23:19.939+0000] {logging_mixin.py:190} INFO - [2024-08-16T13:23:19.939+0000] {dag.py:4138} INFO - Setting next_dagrun for example_complex to None, run_after=None
[2024-08-16T13:23:19.960+0000] {processor.py:208} INFO - Processing /home/airflow/.local/lib/python3.12/site-packages/airflow/example_dags/example_complex.py took 0.100 seconds
[2024-08-16T13:23:50.166+0000] {processor.py:186} INFO - Started process (PID=3165) to work on /home/airflow/.local/lib/python3.12/site-packages/airflow/example_dags/example_complex.py
[2024-08-16T13:23:50.167+0000] {processor.py:914} INFO - Processing file /home/airflow/.local/lib/python3.12/site-packages/airflow/example_dags/example_complex.py for tasks to queue
[2024-08-16T13:23:50.169+0000] {logging_mixin.py:190} INFO - [2024-08-16T13:23:50.169+0000] {dagbag.py:587} INFO - Filling up the DagBag from /home/airflow/.local/lib/python3.12/site-packages/airflow/example_dags/example_complex.py
[2024-08-16T13:23:50.183+0000] {processor.py:925} INFO - DAG(s) 'example_complex' retrieved from /home/airflow/.local/lib/python3.12/site-packages/airflow/example_dags/example_complex.py
[2024-08-16T13:23:50.224+0000] {logging_mixin.py:190} INFO - [2024-08-16T13:23:50.224+0000] {dag.py:3211} INFO - Sync 1 DAGs
[2024-08-16T13:23:50.243+0000] {logging_mixin.py:190} INFO - [2024-08-16T13:23:50.243+0000] {dag.py:4138} INFO - Setting next_dagrun for example_complex to None, run_after=None
[2024-08-16T13:23:50.268+0000] {processor.py:208} INFO - Processing /home/airflow/.local/lib/python3.12/site-packages/airflow/example_dags/example_complex.py took 0.109 seconds
[2024-08-16T13:24:20.465+0000] {processor.py:186} INFO - Started process (PID=3451) to work on /home/airflow/.local/lib/python3.12/site-packages/airflow/example_dags/example_complex.py
[2024-08-16T13:24:20.466+0000] {processor.py:914} INFO - Processing file /home/airflow/.local/lib/python3.12/site-packages/airflow/example_dags/example_complex.py for tasks to queue
[2024-08-16T13:24:20.469+0000] {logging_mixin.py:190} INFO - [2024-08-16T13:24:20.469+0000] {dagbag.py:587} INFO - Filling up the DagBag from /home/airflow/.local/lib/python3.12/site-packages/airflow/example_dags/example_complex.py
[2024-08-16T13:24:20.483+0000] {processor.py:925} INFO - DAG(s) 'example_complex' retrieved from /home/airflow/.local/lib/python3.12/site-packages/airflow/example_dags/example_complex.py
[2024-08-16T13:24:20.521+0000] {logging_mixin.py:190} INFO - [2024-08-16T13:24:20.520+0000] {dag.py:3211} INFO - Sync 1 DAGs
[2024-08-16T13:24:20.539+0000] {logging_mixin.py:190} INFO - [2024-08-16T13:24:20.538+0000] {dag.py:4138} INFO - Setting next_dagrun for example_complex to None, run_after=None
[2024-08-16T13:24:20.560+0000] {processor.py:208} INFO - Processing /home/airflow/.local/lib/python3.12/site-packages/airflow/example_dags/example_complex.py took 0.101 seconds
[2024-08-16T13:24:50.870+0000] {processor.py:186} INFO - Started process (PID=3737) to work on /home/airflow/.local/lib/python3.12/site-packages/airflow/example_dags/example_complex.py
[2024-08-16T13:24:50.871+0000] {processor.py:914} INFO - Processing file /home/airflow/.local/lib/python3.12/site-packages/airflow/example_dags/example_complex.py for tasks to queue
[2024-08-16T13:24:50.873+0000] {logging_mixin.py:190} INFO - [2024-08-16T13:24:50.873+0000] {dagbag.py:587} INFO - Filling up the DagBag from /home/airflow/.local/lib/python3.12/site-packages/airflow/example_dags/example_complex.py
[2024-08-16T13:24:50.887+0000] {processor.py:925} INFO - DAG(s) 'example_complex' retrieved from /home/airflow/.local/lib/python3.12/site-packages/airflow/example_dags/example_complex.py
[2024-08-16T13:24:50.924+0000] {logging_mixin.py:190} INFO - [2024-08-16T13:24:50.924+0000] {dag.py:3211} INFO - Sync 1 DAGs
[2024-08-16T13:24:50.939+0000] {logging_mixin.py:190} INFO - [2024-08-16T13:24:50.939+0000] {dag.py:4138} INFO - Setting next_dagrun for example_complex to None, run_after=None
[2024-08-16T13:24:50.959+0000] {processor.py:208} INFO - Processing /home/airflow/.local/lib/python3.12/site-packages/airflow/example_dags/example_complex.py took 0.095 seconds
[2024-08-16T13:25:21.148+0000] {processor.py:186} INFO - Started process (PID=4023) to work on /home/airflow/.local/lib/python3.12/site-packages/airflow/example_dags/example_complex.py
[2024-08-16T13:25:21.149+0000] {processor.py:914} INFO - Processing file /home/airflow/.local/lib/python3.12/site-packages/airflow/example_dags/example_complex.py for tasks to queue
[2024-08-16T13:25:21.152+0000] {logging_mixin.py:190} INFO - [2024-08-16T13:25:21.151+0000] {dagbag.py:587} INFO - Filling up the DagBag from /home/airflow/.local/lib/python3.12/site-packages/airflow/example_dags/example_complex.py
[2024-08-16T13:25:21.165+0000] {processor.py:925} INFO - DAG(s) 'example_complex' retrieved from /home/airflow/.local/lib/python3.12/site-packages/airflow/example_dags/example_complex.py
[2024-08-16T13:25:21.206+0000] {logging_mixin.py:190} INFO - [2024-08-16T13:25:21.206+0000] {dag.py:3211} INFO - Sync 1 DAGs
[2024-08-16T13:25:21.223+0000] {logging_mixin.py:190} INFO - [2024-08-16T13:25:21.222+0000] {dag.py:4138} INFO - Setting next_dagrun for example_complex to None, run_after=None
[2024-08-16T13:25:21.243+0000] {processor.py:208} INFO - Processing /home/airflow/.local/lib/python3.12/site-packages/airflow/example_dags/example_complex.py took 0.101 seconds
[2024-08-16T13:25:51.643+0000] {processor.py:186} INFO - Started process (PID=4309) to work on /home/airflow/.local/lib/python3.12/site-packages/airflow/example_dags/example_complex.py
[2024-08-16T13:25:51.645+0000] {processor.py:914} INFO - Processing file /home/airflow/.local/lib/python3.12/site-packages/airflow/example_dags/example_complex.py for tasks to queue
[2024-08-16T13:25:51.647+0000] {logging_mixin.py:190} INFO - [2024-08-16T13:25:51.647+0000] {dagbag.py:587} INFO - Filling up the DagBag from /home/airflow/.local/lib/python3.12/site-packages/airflow/example_dags/example_complex.py
[2024-08-16T13:25:51.661+0000] {processor.py:925} INFO - DAG(s) 'example_complex' retrieved from /home/airflow/.local/lib/python3.12/site-packages/airflow/example_dags/example_complex.py
[2024-08-16T13:25:51.701+0000] {logging_mixin.py:190} INFO - [2024-08-16T13:25:51.701+0000] {dag.py:3211} INFO - Sync 1 DAGs
[2024-08-16T13:25:51.717+0000] {logging_mixin.py:190} INFO - [2024-08-16T13:25:51.716+0000] {dag.py:4138} INFO - Setting next_dagrun for example_complex to None, run_after=None
[2024-08-16T13:25:51.736+0000] {processor.py:208} INFO - Processing /home/airflow/.local/lib/python3.12/site-packages/airflow/example_dags/example_complex.py took 0.099 seconds
[2024-08-16T13:26:22.010+0000] {processor.py:186} INFO - Started process (PID=4595) to work on /home/airflow/.local/lib/python3.12/site-packages/airflow/example_dags/example_complex.py
[2024-08-16T13:26:22.011+0000] {processor.py:914} INFO - Processing file /home/airflow/.local/lib/python3.12/site-packages/airflow/example_dags/example_complex.py for tasks to queue
[2024-08-16T13:26:22.013+0000] {logging_mixin.py:190} INFO - [2024-08-16T13:26:22.013+0000] {dagbag.py:587} INFO - Filling up the DagBag from /home/airflow/.local/lib/python3.12/site-packages/airflow/example_dags/example_complex.py
[2024-08-16T13:26:22.026+0000] {processor.py:925} INFO - DAG(s) 'example_complex' retrieved from /home/airflow/.local/lib/python3.12/site-packages/airflow/example_dags/example_complex.py
[2024-08-16T13:26:22.063+0000] {logging_mixin.py:190} INFO - [2024-08-16T13:26:22.063+0000] {dag.py:3211} INFO - Sync 1 DAGs
[2024-08-16T13:26:22.081+0000] {logging_mixin.py:190} INFO - [2024-08-16T13:26:22.080+0000] {dag.py:4138} INFO - Setting next_dagrun for example_complex to None, run_after=None
[2024-08-16T13:26:22.099+0000] {processor.py:208} INFO - Processing /home/airflow/.local/lib/python3.12/site-packages/airflow/example_dags/example_complex.py took 0.095 seconds
[2024-08-16T13:26:52.581+0000] {processor.py:186} INFO - Started process (PID=4881) to work on /home/airflow/.local/lib/python3.12/site-packages/airflow/example_dags/example_complex.py
[2024-08-16T13:26:52.582+0000] {processor.py:914} INFO - Processing file /home/airflow/.local/lib/python3.12/site-packages/airflow/example_dags/example_complex.py for tasks to queue
[2024-08-16T13:26:52.586+0000] {logging_mixin.py:190} INFO - [2024-08-16T13:26:52.586+0000] {dagbag.py:587} INFO - Filling up the DagBag from /home/airflow/.local/lib/python3.12/site-packages/airflow/example_dags/example_complex.py
[2024-08-16T13:26:52.619+0000] {processor.py:925} INFO - DAG(s) 'example_complex' retrieved from /home/airflow/.local/lib/python3.12/site-packages/airflow/example_dags/example_complex.py
[2024-08-16T13:26:52.669+0000] {logging_mixin.py:190} INFO - [2024-08-16T13:26:52.669+0000] {dag.py:3211} INFO - Sync 1 DAGs
[2024-08-16T13:26:52.696+0000] {logging_mixin.py:190} INFO - [2024-08-16T13:26:52.696+0000] {dag.py:4138} INFO - Setting next_dagrun for example_complex to None, run_after=None
[2024-08-16T13:26:52.720+0000] {processor.py:208} INFO - Processing /home/airflow/.local/lib/python3.12/site-packages/airflow/example_dags/example_complex.py took 0.150 seconds
[2024-08-16T13:27:23.015+0000] {processor.py:186} INFO - Started process (PID=5168) to work on /home/airflow/.local/lib/python3.12/site-packages/airflow/example_dags/example_complex.py
[2024-08-16T13:27:23.017+0000] {processor.py:914} INFO - Processing file /home/airflow/.local/lib/python3.12/site-packages/airflow/example_dags/example_complex.py for tasks to queue
[2024-08-16T13:27:23.019+0000] {logging_mixin.py:190} INFO - [2024-08-16T13:27:23.018+0000] {dagbag.py:587} INFO - Filling up the DagBag from /home/airflow/.local/lib/python3.12/site-packages/airflow/example_dags/example_complex.py
[2024-08-16T13:27:23.032+0000] {processor.py:925} INFO - DAG(s) 'example_complex' retrieved from /home/airflow/.local/lib/python3.12/site-packages/airflow/example_dags/example_complex.py
[2024-08-16T13:27:23.068+0000] {logging_mixin.py:190} INFO - [2024-08-16T13:27:23.068+0000] {dag.py:3211} INFO - Sync 1 DAGs
[2024-08-16T13:27:23.084+0000] {logging_mixin.py:190} INFO - [2024-08-16T13:27:23.084+0000] {dag.py:4138} INFO - Setting next_dagrun for example_complex to None, run_after=None
[2024-08-16T13:27:23.105+0000] {processor.py:208} INFO - Processing /home/airflow/.local/lib/python3.12/site-packages/airflow/example_dags/example_complex.py took 0.097 seconds
[2024-08-16T13:27:53.454+0000] {processor.py:186} INFO - Started process (PID=5456) to work on /home/airflow/.local/lib/python3.12/site-packages/airflow/example_dags/example_complex.py
[2024-08-16T13:27:53.455+0000] {processor.py:914} INFO - Processing file /home/airflow/.local/lib/python3.12/site-packages/airflow/example_dags/example_complex.py for tasks to queue
[2024-08-16T13:27:53.458+0000] {logging_mixin.py:190} INFO - [2024-08-16T13:27:53.458+0000] {dagbag.py:587} INFO - Filling up the DagBag from /home/airflow/.local/lib/python3.12/site-packages/airflow/example_dags/example_complex.py
[2024-08-16T13:27:53.470+0000] {processor.py:925} INFO - DAG(s) 'example_complex' retrieved from /home/airflow/.local/lib/python3.12/site-packages/airflow/example_dags/example_complex.py
[2024-08-16T13:27:53.506+0000] {logging_mixin.py:190} INFO - [2024-08-16T13:27:53.506+0000] {dag.py:3211} INFO - Sync 1 DAGs
[2024-08-16T13:27:53.521+0000] {logging_mixin.py:190} INFO - [2024-08-16T13:27:53.521+0000] {dag.py:4138} INFO - Setting next_dagrun for example_complex to None, run_after=None
[2024-08-16T13:27:53.603+0000] {processor.py:208} INFO - Processing /home/airflow/.local/lib/python3.12/site-packages/airflow/example_dags/example_complex.py took 0.155 seconds
[2024-08-16T13:28:24.043+0000] {processor.py:186} INFO - Started process (PID=5740) to work on /home/airflow/.local/lib/python3.12/site-packages/airflow/example_dags/example_complex.py
[2024-08-16T13:28:24.044+0000] {processor.py:914} INFO - Processing file /home/airflow/.local/lib/python3.12/site-packages/airflow/example_dags/example_complex.py for tasks to queue
[2024-08-16T13:28:24.047+0000] {logging_mixin.py:190} INFO - [2024-08-16T13:28:24.046+0000] {dagbag.py:587} INFO - Filling up the DagBag from /home/airflow/.local/lib/python3.12/site-packages/airflow/example_dags/example_complex.py
[2024-08-16T13:28:24.061+0000] {processor.py:925} INFO - DAG(s) 'example_complex' retrieved from /home/airflow/.local/lib/python3.12/site-packages/airflow/example_dags/example_complex.py
[2024-08-16T13:28:24.103+0000] {logging_mixin.py:190} INFO - [2024-08-16T13:28:24.103+0000] {dag.py:3211} INFO - Sync 1 DAGs
[2024-08-16T13:28:24.119+0000] {logging_mixin.py:190} INFO - [2024-08-16T13:28:24.119+0000] {dag.py:4138} INFO - Setting next_dagrun for example_complex to None, run_after=None
[2024-08-16T13:28:24.140+0000] {processor.py:208} INFO - Processing /home/airflow/.local/lib/python3.12/site-packages/airflow/example_dags/example_complex.py took 0.104 seconds
[2024-08-16T13:28:54.546+0000] {processor.py:186} INFO - Started process (PID=6026) to work on /home/airflow/.local/lib/python3.12/site-packages/airflow/example_dags/example_complex.py
[2024-08-16T13:28:54.547+0000] {processor.py:914} INFO - Processing file /home/airflow/.local/lib/python3.12/site-packages/airflow/example_dags/example_complex.py for tasks to queue
[2024-08-16T13:28:54.550+0000] {logging_mixin.py:190} INFO - [2024-08-16T13:28:54.550+0000] {dagbag.py:587} INFO - Filling up the DagBag from /home/airflow/.local/lib/python3.12/site-packages/airflow/example_dags/example_complex.py
[2024-08-16T13:28:54.564+0000] {processor.py:925} INFO - DAG(s) 'example_complex' retrieved from /home/airflow/.local/lib/python3.12/site-packages/airflow/example_dags/example_complex.py
[2024-08-16T13:28:54.607+0000] {logging_mixin.py:190} INFO - [2024-08-16T13:28:54.606+0000] {dag.py:3211} INFO - Sync 1 DAGs
[2024-08-16T13:28:54.626+0000] {logging_mixin.py:190} INFO - [2024-08-16T13:28:54.626+0000] {dag.py:4138} INFO - Setting next_dagrun for example_complex to None, run_after=None
[2024-08-16T13:28:54.652+0000] {processor.py:208} INFO - Processing /home/airflow/.local/lib/python3.12/site-packages/airflow/example_dags/example_complex.py took 0.113 seconds
[2024-08-16T13:29:25.111+0000] {processor.py:186} INFO - Started process (PID=6314) to work on /home/airflow/.local/lib/python3.12/site-packages/airflow/example_dags/example_complex.py
[2024-08-16T13:29:25.112+0000] {processor.py:914} INFO - Processing file /home/airflow/.local/lib/python3.12/site-packages/airflow/example_dags/example_complex.py for tasks to queue
[2024-08-16T13:29:25.115+0000] {logging_mixin.py:190} INFO - [2024-08-16T13:29:25.114+0000] {dagbag.py:587} INFO - Filling up the DagBag from /home/airflow/.local/lib/python3.12/site-packages/airflow/example_dags/example_complex.py
[2024-08-16T13:29:25.129+0000] {processor.py:925} INFO - DAG(s) 'example_complex' retrieved from /home/airflow/.local/lib/python3.12/site-packages/airflow/example_dags/example_complex.py
[2024-08-16T13:29:25.170+0000] {logging_mixin.py:190} INFO - [2024-08-16T13:29:25.170+0000] {dag.py:3211} INFO - Sync 1 DAGs
[2024-08-16T13:29:25.187+0000] {logging_mixin.py:190} INFO - [2024-08-16T13:29:25.187+0000] {dag.py:4138} INFO - Setting next_dagrun for example_complex to None, run_after=None
[2024-08-16T13:29:25.211+0000] {processor.py:208} INFO - Processing /home/airflow/.local/lib/python3.12/site-packages/airflow/example_dags/example_complex.py took 0.106 seconds
[2024-08-16T13:29:55.611+0000] {processor.py:186} INFO - Started process (PID=6598) to work on /home/airflow/.local/lib/python3.12/site-packages/airflow/example_dags/example_complex.py
[2024-08-16T13:29:55.612+0000] {processor.py:914} INFO - Processing file /home/airflow/.local/lib/python3.12/site-packages/airflow/example_dags/example_complex.py for tasks to queue
[2024-08-16T13:29:55.615+0000] {logging_mixin.py:190} INFO - [2024-08-16T13:29:55.614+0000] {dagbag.py:587} INFO - Filling up the DagBag from /home/airflow/.local/lib/python3.12/site-packages/airflow/example_dags/example_complex.py
[2024-08-16T13:29:55.628+0000] {processor.py:925} INFO - DAG(s) 'example_complex' retrieved from /home/airflow/.local/lib/python3.12/site-packages/airflow/example_dags/example_complex.py
[2024-08-16T13:29:55.672+0000] {logging_mixin.py:190} INFO - [2024-08-16T13:29:55.672+0000] {dag.py:3211} INFO - Sync 1 DAGs
[2024-08-16T13:29:55.692+0000] {logging_mixin.py:190} INFO - [2024-08-16T13:29:55.692+0000] {dag.py:4138} INFO - Setting next_dagrun for example_complex to None, run_after=None
[2024-08-16T13:29:55.721+0000] {processor.py:208} INFO - Processing /home/airflow/.local/lib/python3.12/site-packages/airflow/example_dags/example_complex.py took 0.116 seconds
[2024-08-16T13:30:26.060+0000] {processor.py:186} INFO - Started process (PID=6885) to work on /home/airflow/.local/lib/python3.12/site-packages/airflow/example_dags/example_complex.py
[2024-08-16T13:30:26.061+0000] {processor.py:914} INFO - Processing file /home/airflow/.local/lib/python3.12/site-packages/airflow/example_dags/example_complex.py for tasks to queue
[2024-08-16T13:30:26.064+0000] {logging_mixin.py:190} INFO - [2024-08-16T13:30:26.064+0000] {dagbag.py:587} INFO - Filling up the DagBag from /home/airflow/.local/lib/python3.12/site-packages/airflow/example_dags/example_complex.py
[2024-08-16T13:30:26.077+0000] {processor.py:925} INFO - DAG(s) 'example_complex' retrieved from /home/airflow/.local/lib/python3.12/site-packages/airflow/example_dags/example_complex.py
[2024-08-16T13:30:26.119+0000] {logging_mixin.py:190} INFO - [2024-08-16T13:30:26.118+0000] {dag.py:3211} INFO - Sync 1 DAGs
[2024-08-16T13:30:26.140+0000] {logging_mixin.py:190} INFO - [2024-08-16T13:30:26.140+0000] {dag.py:4138} INFO - Setting next_dagrun for example_complex to None, run_after=None
[2024-08-16T13:30:26.173+0000] {processor.py:208} INFO - Processing /home/airflow/.local/lib/python3.12/site-packages/airflow/example_dags/example_complex.py took 0.119 seconds
[2024-08-16T13:30:56.786+0000] {processor.py:186} INFO - Started process (PID=7173) to work on /home/airflow/.local/lib/python3.12/site-packages/airflow/example_dags/example_complex.py
[2024-08-16T13:30:56.787+0000] {processor.py:914} INFO - Processing file /home/airflow/.local/lib/python3.12/site-packages/airflow/example_dags/example_complex.py for tasks to queue
[2024-08-16T13:30:56.790+0000] {logging_mixin.py:190} INFO - [2024-08-16T13:30:56.789+0000] {dagbag.py:587} INFO - Filling up the DagBag from /home/airflow/.local/lib/python3.12/site-packages/airflow/example_dags/example_complex.py
[2024-08-16T13:30:56.807+0000] {processor.py:925} INFO - DAG(s) 'example_complex' retrieved from /home/airflow/.local/lib/python3.12/site-packages/airflow/example_dags/example_complex.py
[2024-08-16T13:30:56.856+0000] {logging_mixin.py:190} INFO - [2024-08-16T13:30:56.856+0000] {dag.py:3211} INFO - Sync 1 DAGs
[2024-08-16T13:30:56.873+0000] {logging_mixin.py:190} INFO - [2024-08-16T13:30:56.873+0000] {dag.py:4138} INFO - Setting next_dagrun for example_complex to None, run_after=None
[2024-08-16T13:30:56.892+0000] {processor.py:208} INFO - Processing /home/airflow/.local/lib/python3.12/site-packages/airflow/example_dags/example_complex.py took 0.113 seconds
[2024-08-16T13:31:27.275+0000] {processor.py:186} INFO - Started process (PID=7462) to work on /home/airflow/.local/lib/python3.12/site-packages/airflow/example_dags/example_complex.py
[2024-08-16T13:31:27.277+0000] {processor.py:914} INFO - Processing file /home/airflow/.local/lib/python3.12/site-packages/airflow/example_dags/example_complex.py for tasks to queue
[2024-08-16T13:31:27.280+0000] {logging_mixin.py:190} INFO - [2024-08-16T13:31:27.279+0000] {dagbag.py:587} INFO - Filling up the DagBag from /home/airflow/.local/lib/python3.12/site-packages/airflow/example_dags/example_complex.py
[2024-08-16T13:31:27.295+0000] {processor.py:925} INFO - DAG(s) 'example_complex' retrieved from /home/airflow/.local/lib/python3.12/site-packages/airflow/example_dags/example_complex.py
[2024-08-16T13:31:27.337+0000] {logging_mixin.py:190} INFO - [2024-08-16T13:31:27.337+0000] {dag.py:3211} INFO - Sync 1 DAGs
[2024-08-16T13:31:27.355+0000] {logging_mixin.py:190} INFO - [2024-08-16T13:31:27.354+0000] {dag.py:4138} INFO - Setting next_dagrun for example_complex to None, run_after=None
[2024-08-16T13:31:27.375+0000] {processor.py:208} INFO - Processing /home/airflow/.local/lib/python3.12/site-packages/airflow/example_dags/example_complex.py took 0.107 seconds
[2024-08-16T13:31:57.779+0000] {processor.py:186} INFO - Started process (PID=7743) to work on /home/airflow/.local/lib/python3.12/site-packages/airflow/example_dags/example_complex.py
[2024-08-16T13:31:57.780+0000] {processor.py:914} INFO - Processing file /home/airflow/.local/lib/python3.12/site-packages/airflow/example_dags/example_complex.py for tasks to queue
[2024-08-16T13:31:57.782+0000] {logging_mixin.py:190} INFO - [2024-08-16T13:31:57.782+0000] {dagbag.py:587} INFO - Filling up the DagBag from /home/airflow/.local/lib/python3.12/site-packages/airflow/example_dags/example_complex.py
[2024-08-16T13:31:57.796+0000] {processor.py:925} INFO - DAG(s) 'example_complex' retrieved from /home/airflow/.local/lib/python3.12/site-packages/airflow/example_dags/example_complex.py
[2024-08-16T13:31:57.841+0000] {logging_mixin.py:190} INFO - [2024-08-16T13:31:57.840+0000] {dag.py:3211} INFO - Sync 1 DAGs
[2024-08-16T13:31:57.859+0000] {logging_mixin.py:190} INFO - [2024-08-16T13:31:57.858+0000] {dag.py:4138} INFO - Setting next_dagrun for example_complex to None, run_after=None
[2024-08-16T13:31:57.883+0000] {processor.py:208} INFO - Processing /home/airflow/.local/lib/python3.12/site-packages/airflow/example_dags/example_complex.py took 0.111 seconds
[2024-08-16T13:32:28.383+0000] {processor.py:186} INFO - Started process (PID=8029) to work on /home/airflow/.local/lib/python3.12/site-packages/airflow/example_dags/example_complex.py
[2024-08-16T13:32:28.384+0000] {processor.py:914} INFO - Processing file /home/airflow/.local/lib/python3.12/site-packages/airflow/example_dags/example_complex.py for tasks to queue
[2024-08-16T13:32:28.387+0000] {logging_mixin.py:190} INFO - [2024-08-16T13:32:28.387+0000] {dagbag.py:587} INFO - Filling up the DagBag from /home/airflow/.local/lib/python3.12/site-packages/airflow/example_dags/example_complex.py
[2024-08-16T13:32:28.400+0000] {processor.py:925} INFO - DAG(s) 'example_complex' retrieved from /home/airflow/.local/lib/python3.12/site-packages/airflow/example_dags/example_complex.py
[2024-08-16T13:32:28.438+0000] {logging_mixin.py:190} INFO - [2024-08-16T13:32:28.438+0000] {dag.py:3211} INFO - Sync 1 DAGs
[2024-08-16T13:32:28.456+0000] {logging_mixin.py:190} INFO - [2024-08-16T13:32:28.455+0000] {dag.py:4138} INFO - Setting next_dagrun for example_complex to None, run_after=None
[2024-08-16T13:32:28.475+0000] {processor.py:208} INFO - Processing /home/airflow/.local/lib/python3.12/site-packages/airflow/example_dags/example_complex.py took 0.098 seconds
[2024-08-16T13:32:58.628+0000] {processor.py:186} INFO - Started process (PID=8315) to work on /home/airflow/.local/lib/python3.12/site-packages/airflow/example_dags/example_complex.py
[2024-08-16T13:32:58.629+0000] {processor.py:914} INFO - Processing file /home/airflow/.local/lib/python3.12/site-packages/airflow/example_dags/example_complex.py for tasks to queue
[2024-08-16T13:32:58.631+0000] {logging_mixin.py:190} INFO - [2024-08-16T13:32:58.631+0000] {dagbag.py:587} INFO - Filling up the DagBag from /home/airflow/.local/lib/python3.12/site-packages/airflow/example_dags/example_complex.py
[2024-08-16T13:32:58.644+0000] {processor.py:925} INFO - DAG(s) 'example_complex' retrieved from /home/airflow/.local/lib/python3.12/site-packages/airflow/example_dags/example_complex.py
[2024-08-16T13:32:58.681+0000] {logging_mixin.py:190} INFO - [2024-08-16T13:32:58.681+0000] {dag.py:3211} INFO - Sync 1 DAGs
[2024-08-16T13:32:58.699+0000] {logging_mixin.py:190} INFO - [2024-08-16T13:32:58.698+0000] {dag.py:4138} INFO - Setting next_dagrun for example_complex to None, run_after=None
[2024-08-16T13:32:58.721+0000] {processor.py:208} INFO - Processing /home/airflow/.local/lib/python3.12/site-packages/airflow/example_dags/example_complex.py took 0.100 seconds
[2024-08-16T13:33:29.126+0000] {processor.py:186} INFO - Started process (PID=8601) to work on /home/airflow/.local/lib/python3.12/site-packages/airflow/example_dags/example_complex.py
[2024-08-16T13:33:29.127+0000] {processor.py:914} INFO - Processing file /home/airflow/.local/lib/python3.12/site-packages/airflow/example_dags/example_complex.py for tasks to queue
[2024-08-16T13:33:29.130+0000] {logging_mixin.py:190} INFO - [2024-08-16T13:33:29.129+0000] {dagbag.py:587} INFO - Filling up the DagBag from /home/airflow/.local/lib/python3.12/site-packages/airflow/example_dags/example_complex.py
[2024-08-16T13:33:29.143+0000] {processor.py:925} INFO - DAG(s) 'example_complex' retrieved from /home/airflow/.local/lib/python3.12/site-packages/airflow/example_dags/example_complex.py
[2024-08-16T13:33:29.185+0000] {logging_mixin.py:190} INFO - [2024-08-16T13:33:29.185+0000] {dag.py:3211} INFO - Sync 1 DAGs
[2024-08-16T13:33:29.202+0000] {logging_mixin.py:190} INFO - [2024-08-16T13:33:29.202+0000] {dag.py:4138} INFO - Setting next_dagrun for example_complex to None, run_after=None
[2024-08-16T13:33:29.221+0000] {processor.py:208} INFO - Processing /home/airflow/.local/lib/python3.12/site-packages/airflow/example_dags/example_complex.py took 0.102 seconds
[2024-08-16T13:33:59.470+0000] {processor.py:186} INFO - Started process (PID=8887) to work on /home/airflow/.local/lib/python3.12/site-packages/airflow/example_dags/example_complex.py
[2024-08-16T13:33:59.471+0000] {processor.py:914} INFO - Processing file /home/airflow/.local/lib/python3.12/site-packages/airflow/example_dags/example_complex.py for tasks to queue
[2024-08-16T13:33:59.474+0000] {logging_mixin.py:190} INFO - [2024-08-16T13:33:59.473+0000] {dagbag.py:587} INFO - Filling up the DagBag from /home/airflow/.local/lib/python3.12/site-packages/airflow/example_dags/example_complex.py
[2024-08-16T13:33:59.487+0000] {processor.py:925} INFO - DAG(s) 'example_complex' retrieved from /home/airflow/.local/lib/python3.12/site-packages/airflow/example_dags/example_complex.py
[2024-08-16T13:33:59.525+0000] {logging_mixin.py:190} INFO - [2024-08-16T13:33:59.525+0000] {dag.py:3211} INFO - Sync 1 DAGs
[2024-08-16T13:33:59.542+0000] {logging_mixin.py:190} INFO - [2024-08-16T13:33:59.542+0000] {dag.py:4138} INFO - Setting next_dagrun for example_complex to None, run_after=None
[2024-08-16T13:33:59.563+0000] {processor.py:208} INFO - Processing /home/airflow/.local/lib/python3.12/site-packages/airflow/example_dags/example_complex.py took 0.099 seconds
[2024-08-16T13:34:30.084+0000] {processor.py:186} INFO - Started process (PID=9173) to work on /home/airflow/.local/lib/python3.12/site-packages/airflow/example_dags/example_complex.py
[2024-08-16T13:34:30.085+0000] {processor.py:914} INFO - Processing file /home/airflow/.local/lib/python3.12/site-packages/airflow/example_dags/example_complex.py for tasks to queue
[2024-08-16T13:34:30.087+0000] {logging_mixin.py:190} INFO - [2024-08-16T13:34:30.087+0000] {dagbag.py:587} INFO - Filling up the DagBag from /home/airflow/.local/lib/python3.12/site-packages/airflow/example_dags/example_complex.py
[2024-08-16T13:34:30.101+0000] {processor.py:925} INFO - DAG(s) 'example_complex' retrieved from /home/airflow/.local/lib/python3.12/site-packages/airflow/example_dags/example_complex.py
[2024-08-16T13:34:30.144+0000] {logging_mixin.py:190} INFO - [2024-08-16T13:34:30.143+0000] {dag.py:3211} INFO - Sync 1 DAGs
[2024-08-16T13:34:30.160+0000] {logging_mixin.py:190} INFO - [2024-08-16T13:34:30.159+0000] {dag.py:4138} INFO - Setting next_dagrun for example_complex to None, run_after=None
[2024-08-16T13:34:30.187+0000] {processor.py:208} INFO - Processing /home/airflow/.local/lib/python3.12/site-packages/airflow/example_dags/example_complex.py took 0.110 seconds
[2024-08-16T13:35:00.472+0000] {processor.py:186} INFO - Started process (PID=9459) to work on /home/airflow/.local/lib/python3.12/site-packages/airflow/example_dags/example_complex.py
[2024-08-16T13:35:00.473+0000] {processor.py:914} INFO - Processing file /home/airflow/.local/lib/python3.12/site-packages/airflow/example_dags/example_complex.py for tasks to queue
[2024-08-16T13:35:00.476+0000] {logging_mixin.py:190} INFO - [2024-08-16T13:35:00.476+0000] {dagbag.py:587} INFO - Filling up the DagBag from /home/airflow/.local/lib/python3.12/site-packages/airflow/example_dags/example_complex.py
[2024-08-16T13:35:00.489+0000] {processor.py:925} INFO - DAG(s) 'example_complex' retrieved from /home/airflow/.local/lib/python3.12/site-packages/airflow/example_dags/example_complex.py
[2024-08-16T13:35:00.527+0000] {logging_mixin.py:190} INFO - [2024-08-16T13:35:00.526+0000] {dag.py:3211} INFO - Sync 1 DAGs
[2024-08-16T13:35:00.544+0000] {logging_mixin.py:190} INFO - [2024-08-16T13:35:00.544+0000] {dag.py:4138} INFO - Setting next_dagrun for example_complex to None, run_after=None
[2024-08-16T13:35:00.566+0000] {processor.py:208} INFO - Processing /home/airflow/.local/lib/python3.12/site-packages/airflow/example_dags/example_complex.py took 0.100 seconds
[2024-08-16T13:35:30.886+0000] {processor.py:186} INFO - Started process (PID=9745) to work on /home/airflow/.local/lib/python3.12/site-packages/airflow/example_dags/example_complex.py
[2024-08-16T13:35:30.887+0000] {processor.py:914} INFO - Processing file /home/airflow/.local/lib/python3.12/site-packages/airflow/example_dags/example_complex.py for tasks to queue
[2024-08-16T13:35:30.890+0000] {logging_mixin.py:190} INFO - [2024-08-16T13:35:30.890+0000] {dagbag.py:587} INFO - Filling up the DagBag from /home/airflow/.local/lib/python3.12/site-packages/airflow/example_dags/example_complex.py
[2024-08-16T13:35:30.904+0000] {processor.py:925} INFO - DAG(s) 'example_complex' retrieved from /home/airflow/.local/lib/python3.12/site-packages/airflow/example_dags/example_complex.py
[2024-08-16T13:35:30.943+0000] {logging_mixin.py:190} INFO - [2024-08-16T13:35:30.943+0000] {dag.py:3211} INFO - Sync 1 DAGs
[2024-08-16T13:35:30.961+0000] {logging_mixin.py:190} INFO - [2024-08-16T13:35:30.960+0000] {dag.py:4138} INFO - Setting next_dagrun for example_complex to None, run_after=None
[2024-08-16T13:35:30.981+0000] {processor.py:208} INFO - Processing /home/airflow/.local/lib/python3.12/site-packages/airflow/example_dags/example_complex.py took 0.102 seconds
[2024-08-16T13:36:01.406+0000] {processor.py:186} INFO - Started process (PID=10031) to work on /home/airflow/.local/lib/python3.12/site-packages/airflow/example_dags/example_complex.py
[2024-08-16T13:36:01.407+0000] {processor.py:914} INFO - Processing file /home/airflow/.local/lib/python3.12/site-packages/airflow/example_dags/example_complex.py for tasks to queue
[2024-08-16T13:36:01.409+0000] {logging_mixin.py:190} INFO - [2024-08-16T13:36:01.409+0000] {dagbag.py:587} INFO - Filling up the DagBag from /home/airflow/.local/lib/python3.12/site-packages/airflow/example_dags/example_complex.py
[2024-08-16T13:36:01.424+0000] {processor.py:925} INFO - DAG(s) 'example_complex' retrieved from /home/airflow/.local/lib/python3.12/site-packages/airflow/example_dags/example_complex.py
[2024-08-16T13:36:01.467+0000] {logging_mixin.py:190} INFO - [2024-08-16T13:36:01.467+0000] {dag.py:3211} INFO - Sync 1 DAGs
[2024-08-16T13:36:01.485+0000] {logging_mixin.py:190} INFO - [2024-08-16T13:36:01.485+0000] {dag.py:4138} INFO - Setting next_dagrun for example_complex to None, run_after=None
[2024-08-16T13:36:01.506+0000] {processor.py:208} INFO - Processing /home/airflow/.local/lib/python3.12/site-packages/airflow/example_dags/example_complex.py took 0.108 seconds
[2024-08-16T13:36:31.885+0000] {processor.py:186} INFO - Started process (PID=10317) to work on /home/airflow/.local/lib/python3.12/site-packages/airflow/example_dags/example_complex.py
[2024-08-16T13:36:31.886+0000] {processor.py:914} INFO - Processing file /home/airflow/.local/lib/python3.12/site-packages/airflow/example_dags/example_complex.py for tasks to queue
[2024-08-16T13:36:31.889+0000] {logging_mixin.py:190} INFO - [2024-08-16T13:36:31.888+0000] {dagbag.py:587} INFO - Filling up the DagBag from /home/airflow/.local/lib/python3.12/site-packages/airflow/example_dags/example_complex.py
[2024-08-16T13:36:31.902+0000] {processor.py:925} INFO - DAG(s) 'example_complex' retrieved from /home/airflow/.local/lib/python3.12/site-packages/airflow/example_dags/example_complex.py
[2024-08-16T13:36:31.937+0000] {logging_mixin.py:190} INFO - [2024-08-16T13:36:31.937+0000] {dag.py:3211} INFO - Sync 1 DAGs
[2024-08-16T13:36:31.953+0000] {logging_mixin.py:190} INFO - [2024-08-16T13:36:31.953+0000] {dag.py:4138} INFO - Setting next_dagrun for example_complex to None, run_after=None
[2024-08-16T13:36:31.974+0000] {processor.py:208} INFO - Processing /home/airflow/.local/lib/python3.12/site-packages/airflow/example_dags/example_complex.py took 0.097 seconds
[2024-08-16T13:37:02.243+0000] {processor.py:186} INFO - Started process (PID=10603) to work on /home/airflow/.local/lib/python3.12/site-packages/airflow/example_dags/example_complex.py
[2024-08-16T13:37:02.244+0000] {processor.py:914} INFO - Processing file /home/airflow/.local/lib/python3.12/site-packages/airflow/example_dags/example_complex.py for tasks to queue
[2024-08-16T13:37:02.247+0000] {logging_mixin.py:190} INFO - [2024-08-16T13:37:02.247+0000] {dagbag.py:587} INFO - Filling up the DagBag from /home/airflow/.local/lib/python3.12/site-packages/airflow/example_dags/example_complex.py
[2024-08-16T13:37:02.263+0000] {processor.py:925} INFO - DAG(s) 'example_complex' retrieved from /home/airflow/.local/lib/python3.12/site-packages/airflow/example_dags/example_complex.py
[2024-08-16T13:37:02.307+0000] {logging_mixin.py:190} INFO - [2024-08-16T13:37:02.307+0000] {dag.py:3211} INFO - Sync 1 DAGs
[2024-08-16T13:37:02.324+0000] {logging_mixin.py:190} INFO - [2024-08-16T13:37:02.324+0000] {dag.py:4138} INFO - Setting next_dagrun for example_complex to None, run_after=None
[2024-08-16T13:37:02.344+0000] {processor.py:208} INFO - Processing /home/airflow/.local/lib/python3.12/site-packages/airflow/example_dags/example_complex.py took 0.107 seconds
[2024-08-16T13:37:32.647+0000] {processor.py:186} INFO - Started process (PID=10890) to work on /home/airflow/.local/lib/python3.12/site-packages/airflow/example_dags/example_complex.py
[2024-08-16T13:37:32.648+0000] {processor.py:914} INFO - Processing file /home/airflow/.local/lib/python3.12/site-packages/airflow/example_dags/example_complex.py for tasks to queue
[2024-08-16T13:37:32.650+0000] {logging_mixin.py:190} INFO - [2024-08-16T13:37:32.650+0000] {dagbag.py:587} INFO - Filling up the DagBag from /home/airflow/.local/lib/python3.12/site-packages/airflow/example_dags/example_complex.py
[2024-08-16T13:37:32.664+0000] {processor.py:925} INFO - DAG(s) 'example_complex' retrieved from /home/airflow/.local/lib/python3.12/site-packages/airflow/example_dags/example_complex.py
[2024-08-16T13:37:32.704+0000] {logging_mixin.py:190} INFO - [2024-08-16T13:37:32.704+0000] {dag.py:3211} INFO - Sync 1 DAGs
[2024-08-16T13:37:32.721+0000] {logging_mixin.py:190} INFO - [2024-08-16T13:37:32.721+0000] {dag.py:4138} INFO - Setting next_dagrun for example_complex to None, run_after=None
[2024-08-16T13:37:32.742+0000] {processor.py:208} INFO - Processing /home/airflow/.local/lib/python3.12/site-packages/airflow/example_dags/example_complex.py took 0.102 seconds
[2024-08-16T13:38:02.789+0000] {processor.py:186} INFO - Started process (PID=11176) to work on /home/airflow/.local/lib/python3.12/site-packages/airflow/example_dags/example_complex.py
[2024-08-16T13:38:02.791+0000] {processor.py:914} INFO - Processing file /home/airflow/.local/lib/python3.12/site-packages/airflow/example_dags/example_complex.py for tasks to queue
[2024-08-16T13:38:02.794+0000] {logging_mixin.py:190} INFO - [2024-08-16T13:38:02.794+0000] {dagbag.py:587} INFO - Filling up the DagBag from /home/airflow/.local/lib/python3.12/site-packages/airflow/example_dags/example_complex.py
[2024-08-16T13:38:02.810+0000] {processor.py:925} INFO - DAG(s) 'example_complex' retrieved from /home/airflow/.local/lib/python3.12/site-packages/airflow/example_dags/example_complex.py
[2024-08-16T13:38:02.847+0000] {logging_mixin.py:190} INFO - [2024-08-16T13:38:02.847+0000] {dag.py:3211} INFO - Sync 1 DAGs
[2024-08-16T13:38:02.863+0000] {logging_mixin.py:190} INFO - [2024-08-16T13:38:02.863+0000] {dag.py:4138} INFO - Setting next_dagrun for example_complex to None, run_after=None
[2024-08-16T13:38:02.881+0000] {processor.py:208} INFO - Processing /home/airflow/.local/lib/python3.12/site-packages/airflow/example_dags/example_complex.py took 0.098 seconds
[2024-08-16T13:38:33.218+0000] {processor.py:186} INFO - Started process (PID=11459) to work on /home/airflow/.local/lib/python3.12/site-packages/airflow/example_dags/example_complex.py
[2024-08-16T13:38:33.219+0000] {processor.py:914} INFO - Processing file /home/airflow/.local/lib/python3.12/site-packages/airflow/example_dags/example_complex.py for tasks to queue
[2024-08-16T13:38:33.221+0000] {logging_mixin.py:190} INFO - [2024-08-16T13:38:33.221+0000] {dagbag.py:587} INFO - Filling up the DagBag from /home/airflow/.local/lib/python3.12/site-packages/airflow/example_dags/example_complex.py
[2024-08-16T13:38:33.233+0000] {processor.py:925} INFO - DAG(s) 'example_complex' retrieved from /home/airflow/.local/lib/python3.12/site-packages/airflow/example_dags/example_complex.py
[2024-08-16T13:38:33.272+0000] {logging_mixin.py:190} INFO - [2024-08-16T13:38:33.271+0000] {dag.py:3211} INFO - Sync 1 DAGs
[2024-08-16T13:38:33.287+0000] {logging_mixin.py:190} INFO - [2024-08-16T13:38:33.287+0000] {dag.py:4138} INFO - Setting next_dagrun for example_complex to None, run_after=None
[2024-08-16T13:38:33.306+0000] {processor.py:208} INFO - Processing /home/airflow/.local/lib/python3.12/site-packages/airflow/example_dags/example_complex.py took 0.095 seconds
[2024-08-16T13:39:03.505+0000] {processor.py:186} INFO - Started process (PID=11745) to work on /home/airflow/.local/lib/python3.12/site-packages/airflow/example_dags/example_complex.py
[2024-08-16T13:39:03.506+0000] {processor.py:914} INFO - Processing file /home/airflow/.local/lib/python3.12/site-packages/airflow/example_dags/example_complex.py for tasks to queue
[2024-08-16T13:39:03.509+0000] {logging_mixin.py:190} INFO - [2024-08-16T13:39:03.509+0000] {dagbag.py:587} INFO - Filling up the DagBag from /home/airflow/.local/lib/python3.12/site-packages/airflow/example_dags/example_complex.py
[2024-08-16T13:39:03.524+0000] {processor.py:925} INFO - DAG(s) 'example_complex' retrieved from /home/airflow/.local/lib/python3.12/site-packages/airflow/example_dags/example_complex.py
[2024-08-16T13:39:03.560+0000] {logging_mixin.py:190} INFO - [2024-08-16T13:39:03.560+0000] {dag.py:3211} INFO - Sync 1 DAGs
[2024-08-16T13:39:03.577+0000] {logging_mixin.py:190} INFO - [2024-08-16T13:39:03.576+0000] {dag.py:4138} INFO - Setting next_dagrun for example_complex to None, run_after=None
[2024-08-16T13:39:03.595+0000] {processor.py:208} INFO - Processing /home/airflow/.local/lib/python3.12/site-packages/airflow/example_dags/example_complex.py took 0.098 seconds
[2024-08-16T13:39:33.944+0000] {processor.py:186} INFO - Started process (PID=12031) to work on /home/airflow/.local/lib/python3.12/site-packages/airflow/example_dags/example_complex.py
[2024-08-16T13:39:33.945+0000] {processor.py:914} INFO - Processing file /home/airflow/.local/lib/python3.12/site-packages/airflow/example_dags/example_complex.py for tasks to queue
[2024-08-16T13:39:33.947+0000] {logging_mixin.py:190} INFO - [2024-08-16T13:39:33.946+0000] {dagbag.py:587} INFO - Filling up the DagBag from /home/airflow/.local/lib/python3.12/site-packages/airflow/example_dags/example_complex.py
[2024-08-16T13:39:33.960+0000] {processor.py:925} INFO - DAG(s) 'example_complex' retrieved from /home/airflow/.local/lib/python3.12/site-packages/airflow/example_dags/example_complex.py
[2024-08-16T13:39:34.000+0000] {logging_mixin.py:190} INFO - [2024-08-16T13:39:34.000+0000] {dag.py:3211} INFO - Sync 1 DAGs
[2024-08-16T13:39:34.017+0000] {logging_mixin.py:190} INFO - [2024-08-16T13:39:34.016+0000] {dag.py:4138} INFO - Setting next_dagrun for example_complex to None, run_after=None
[2024-08-16T13:39:34.038+0000] {processor.py:208} INFO - Processing /home/airflow/.local/lib/python3.12/site-packages/airflow/example_dags/example_complex.py took 0.101 seconds
[2024-08-16T13:40:04.927+0000] {processor.py:186} INFO - Started process (PID=12317) to work on /home/airflow/.local/lib/python3.12/site-packages/airflow/example_dags/example_complex.py
[2024-08-16T13:40:04.928+0000] {processor.py:914} INFO - Processing file /home/airflow/.local/lib/python3.12/site-packages/airflow/example_dags/example_complex.py for tasks to queue
[2024-08-16T13:40:04.931+0000] {logging_mixin.py:190} INFO - [2024-08-16T13:40:04.931+0000] {dagbag.py:587} INFO - Filling up the DagBag from /home/airflow/.local/lib/python3.12/site-packages/airflow/example_dags/example_complex.py
[2024-08-16T13:40:04.944+0000] {processor.py:925} INFO - DAG(s) 'example_complex' retrieved from /home/airflow/.local/lib/python3.12/site-packages/airflow/example_dags/example_complex.py
[2024-08-16T13:40:04.982+0000] {logging_mixin.py:190} INFO - [2024-08-16T13:40:04.981+0000] {dag.py:3211} INFO - Sync 1 DAGs
[2024-08-16T13:40:04.997+0000] {logging_mixin.py:190} INFO - [2024-08-16T13:40:04.996+0000] {dag.py:4138} INFO - Setting next_dagrun for example_complex to None, run_after=None
[2024-08-16T13:40:05.014+0000] {processor.py:208} INFO - Processing /home/airflow/.local/lib/python3.12/site-packages/airflow/example_dags/example_complex.py took 0.093 seconds
[2024-08-16T13:40:35.505+0000] {processor.py:186} INFO - Started process (PID=12603) to work on /home/airflow/.local/lib/python3.12/site-packages/airflow/example_dags/example_complex.py
[2024-08-16T13:40:35.506+0000] {processor.py:914} INFO - Processing file /home/airflow/.local/lib/python3.12/site-packages/airflow/example_dags/example_complex.py for tasks to queue
[2024-08-16T13:40:35.508+0000] {logging_mixin.py:190} INFO - [2024-08-16T13:40:35.508+0000] {dagbag.py:587} INFO - Filling up the DagBag from /home/airflow/.local/lib/python3.12/site-packages/airflow/example_dags/example_complex.py
[2024-08-16T13:40:35.521+0000] {processor.py:925} INFO - DAG(s) 'example_complex' retrieved from /home/airflow/.local/lib/python3.12/site-packages/airflow/example_dags/example_complex.py
[2024-08-16T13:40:35.561+0000] {logging_mixin.py:190} INFO - [2024-08-16T13:40:35.560+0000] {dag.py:3211} INFO - Sync 1 DAGs
[2024-08-16T13:40:35.576+0000] {logging_mixin.py:190} INFO - [2024-08-16T13:40:35.575+0000] {dag.py:4138} INFO - Setting next_dagrun for example_complex to None, run_after=None
[2024-08-16T13:40:35.595+0000] {processor.py:208} INFO - Processing /home/airflow/.local/lib/python3.12/site-packages/airflow/example_dags/example_complex.py took 0.096 seconds
[2024-08-16T13:41:06.427+0000] {processor.py:186} INFO - Started process (PID=12889) to work on /home/airflow/.local/lib/python3.12/site-packages/airflow/example_dags/example_complex.py
[2024-08-16T13:41:06.428+0000] {processor.py:914} INFO - Processing file /home/airflow/.local/lib/python3.12/site-packages/airflow/example_dags/example_complex.py for tasks to queue
[2024-08-16T13:41:06.431+0000] {logging_mixin.py:190} INFO - [2024-08-16T13:41:06.431+0000] {dagbag.py:587} INFO - Filling up the DagBag from /home/airflow/.local/lib/python3.12/site-packages/airflow/example_dags/example_complex.py
[2024-08-16T13:41:06.445+0000] {processor.py:925} INFO - DAG(s) 'example_complex' retrieved from /home/airflow/.local/lib/python3.12/site-packages/airflow/example_dags/example_complex.py
[2024-08-16T13:41:06.483+0000] {logging_mixin.py:190} INFO - [2024-08-16T13:41:06.483+0000] {dag.py:3211} INFO - Sync 1 DAGs
[2024-08-16T13:41:06.502+0000] {logging_mixin.py:190} INFO - [2024-08-16T13:41:06.501+0000] {dag.py:4138} INFO - Setting next_dagrun for example_complex to None, run_after=None
[2024-08-16T13:41:06.521+0000] {processor.py:208} INFO - Processing /home/airflow/.local/lib/python3.12/site-packages/airflow/example_dags/example_complex.py took 0.101 seconds
[2024-08-16T13:41:36.903+0000] {processor.py:186} INFO - Started process (PID=13175) to work on /home/airflow/.local/lib/python3.12/site-packages/airflow/example_dags/example_complex.py
[2024-08-16T13:41:36.904+0000] {processor.py:914} INFO - Processing file /home/airflow/.local/lib/python3.12/site-packages/airflow/example_dags/example_complex.py for tasks to queue
[2024-08-16T13:41:36.906+0000] {logging_mixin.py:190} INFO - [2024-08-16T13:41:36.906+0000] {dagbag.py:587} INFO - Filling up the DagBag from /home/airflow/.local/lib/python3.12/site-packages/airflow/example_dags/example_complex.py
[2024-08-16T13:41:36.920+0000] {processor.py:925} INFO - DAG(s) 'example_complex' retrieved from /home/airflow/.local/lib/python3.12/site-packages/airflow/example_dags/example_complex.py
[2024-08-16T13:41:36.961+0000] {logging_mixin.py:190} INFO - [2024-08-16T13:41:36.960+0000] {dag.py:3211} INFO - Sync 1 DAGs
[2024-08-16T13:41:36.977+0000] {logging_mixin.py:190} INFO - [2024-08-16T13:41:36.977+0000] {dag.py:4138} INFO - Setting next_dagrun for example_complex to None, run_after=None
[2024-08-16T13:41:37.001+0000] {processor.py:208} INFO - Processing /home/airflow/.local/lib/python3.12/site-packages/airflow/example_dags/example_complex.py took 0.105 seconds
[2024-08-16T13:42:07.667+0000] {processor.py:186} INFO - Started process (PID=13461) to work on /home/airflow/.local/lib/python3.12/site-packages/airflow/example_dags/example_complex.py
[2024-08-16T13:42:07.668+0000] {processor.py:914} INFO - Processing file /home/airflow/.local/lib/python3.12/site-packages/airflow/example_dags/example_complex.py for tasks to queue
[2024-08-16T13:42:07.670+0000] {logging_mixin.py:190} INFO - [2024-08-16T13:42:07.670+0000] {dagbag.py:587} INFO - Filling up the DagBag from /home/airflow/.local/lib/python3.12/site-packages/airflow/example_dags/example_complex.py
[2024-08-16T13:42:07.682+0000] {processor.py:925} INFO - DAG(s) 'example_complex' retrieved from /home/airflow/.local/lib/python3.12/site-packages/airflow/example_dags/example_complex.py
[2024-08-16T13:42:07.720+0000] {logging_mixin.py:190} INFO - [2024-08-16T13:42:07.719+0000] {dag.py:3211} INFO - Sync 1 DAGs
[2024-08-16T13:42:07.735+0000] {logging_mixin.py:190} INFO - [2024-08-16T13:42:07.734+0000] {dag.py:4138} INFO - Setting next_dagrun for example_complex to None, run_after=None
[2024-08-16T13:42:07.754+0000] {processor.py:208} INFO - Processing /home/airflow/.local/lib/python3.12/site-packages/airflow/example_dags/example_complex.py took 0.093 seconds
[2024-08-16T13:42:38.616+0000] {processor.py:186} INFO - Started process (PID=13747) to work on /home/airflow/.local/lib/python3.12/site-packages/airflow/example_dags/example_complex.py
[2024-08-16T13:42:38.617+0000] {processor.py:914} INFO - Processing file /home/airflow/.local/lib/python3.12/site-packages/airflow/example_dags/example_complex.py for tasks to queue
[2024-08-16T13:42:38.620+0000] {logging_mixin.py:190} INFO - [2024-08-16T13:42:38.619+0000] {dagbag.py:587} INFO - Filling up the DagBag from /home/airflow/.local/lib/python3.12/site-packages/airflow/example_dags/example_complex.py
[2024-08-16T13:42:38.633+0000] {processor.py:925} INFO - DAG(s) 'example_complex' retrieved from /home/airflow/.local/lib/python3.12/site-packages/airflow/example_dags/example_complex.py
[2024-08-16T13:42:38.673+0000] {logging_mixin.py:190} INFO - [2024-08-16T13:42:38.673+0000] {dag.py:3211} INFO - Sync 1 DAGs
[2024-08-16T13:42:38.690+0000] {logging_mixin.py:190} INFO - [2024-08-16T13:42:38.689+0000] {dag.py:4138} INFO - Setting next_dagrun for example_complex to None, run_after=None
[2024-08-16T13:42:38.711+0000] {processor.py:208} INFO - Processing /home/airflow/.local/lib/python3.12/site-packages/airflow/example_dags/example_complex.py took 0.101 seconds
[2024-08-16T13:43:09.496+0000] {processor.py:186} INFO - Started process (PID=14033) to work on /home/airflow/.local/lib/python3.12/site-packages/airflow/example_dags/example_complex.py
[2024-08-16T13:43:09.498+0000] {processor.py:914} INFO - Processing file /home/airflow/.local/lib/python3.12/site-packages/airflow/example_dags/example_complex.py for tasks to queue
[2024-08-16T13:43:09.502+0000] {logging_mixin.py:190} INFO - [2024-08-16T13:43:09.501+0000] {dagbag.py:587} INFO - Filling up the DagBag from /home/airflow/.local/lib/python3.12/site-packages/airflow/example_dags/example_complex.py
[2024-08-16T13:43:09.528+0000] {processor.py:925} INFO - DAG(s) 'example_complex' retrieved from /home/airflow/.local/lib/python3.12/site-packages/airflow/example_dags/example_complex.py
[2024-08-16T13:43:09.566+0000] {logging_mixin.py:190} INFO - [2024-08-16T13:43:09.566+0000] {dag.py:3211} INFO - Sync 1 DAGs
[2024-08-16T13:43:09.582+0000] {logging_mixin.py:190} INFO - [2024-08-16T13:43:09.581+0000] {dag.py:4138} INFO - Setting next_dagrun for example_complex to None, run_after=None
[2024-08-16T13:43:09.600+0000] {processor.py:208} INFO - Processing /home/airflow/.local/lib/python3.12/site-packages/airflow/example_dags/example_complex.py took 0.116 seconds
[2024-08-16T13:43:39.983+0000] {processor.py:186} INFO - Started process (PID=14319) to work on /home/airflow/.local/lib/python3.12/site-packages/airflow/example_dags/example_complex.py
[2024-08-16T13:43:39.984+0000] {processor.py:914} INFO - Processing file /home/airflow/.local/lib/python3.12/site-packages/airflow/example_dags/example_complex.py for tasks to queue
[2024-08-16T13:43:39.988+0000] {logging_mixin.py:190} INFO - [2024-08-16T13:43:39.987+0000] {dagbag.py:587} INFO - Filling up the DagBag from /home/airflow/.local/lib/python3.12/site-packages/airflow/example_dags/example_complex.py
[2024-08-16T13:43:40.003+0000] {processor.py:925} INFO - DAG(s) 'example_complex' retrieved from /home/airflow/.local/lib/python3.12/site-packages/airflow/example_dags/example_complex.py
[2024-08-16T13:43:40.041+0000] {logging_mixin.py:190} INFO - [2024-08-16T13:43:40.041+0000] {dag.py:3211} INFO - Sync 1 DAGs
[2024-08-16T13:43:40.058+0000] {logging_mixin.py:190} INFO - [2024-08-16T13:43:40.057+0000] {dag.py:4138} INFO - Setting next_dagrun for example_complex to None, run_after=None
[2024-08-16T13:43:40.078+0000] {processor.py:208} INFO - Processing /home/airflow/.local/lib/python3.12/site-packages/airflow/example_dags/example_complex.py took 0.101 seconds
[2024-08-16T13:44:10.665+0000] {processor.py:186} INFO - Started process (PID=14605) to work on /home/airflow/.local/lib/python3.12/site-packages/airflow/example_dags/example_complex.py
[2024-08-16T13:44:10.666+0000] {processor.py:914} INFO - Processing file /home/airflow/.local/lib/python3.12/site-packages/airflow/example_dags/example_complex.py for tasks to queue
[2024-08-16T13:44:10.669+0000] {logging_mixin.py:190} INFO - [2024-08-16T13:44:10.669+0000] {dagbag.py:587} INFO - Filling up the DagBag from /home/airflow/.local/lib/python3.12/site-packages/airflow/example_dags/example_complex.py
[2024-08-16T13:44:10.682+0000] {processor.py:925} INFO - DAG(s) 'example_complex' retrieved from /home/airflow/.local/lib/python3.12/site-packages/airflow/example_dags/example_complex.py
[2024-08-16T13:44:10.721+0000] {logging_mixin.py:190} INFO - [2024-08-16T13:44:10.720+0000] {dag.py:3211} INFO - Sync 1 DAGs
[2024-08-16T13:44:10.738+0000] {logging_mixin.py:190} INFO - [2024-08-16T13:44:10.738+0000] {dag.py:4138} INFO - Setting next_dagrun for example_complex to None, run_after=None
[2024-08-16T13:44:10.758+0000] {processor.py:208} INFO - Processing /home/airflow/.local/lib/python3.12/site-packages/airflow/example_dags/example_complex.py took 0.099 seconds
[2024-08-16T13:44:41.103+0000] {processor.py:186} INFO - Started process (PID=14891) to work on /home/airflow/.local/lib/python3.12/site-packages/airflow/example_dags/example_complex.py
[2024-08-16T13:44:41.104+0000] {processor.py:914} INFO - Processing file /home/airflow/.local/lib/python3.12/site-packages/airflow/example_dags/example_complex.py for tasks to queue
[2024-08-16T13:44:41.107+0000] {logging_mixin.py:190} INFO - [2024-08-16T13:44:41.106+0000] {dagbag.py:587} INFO - Filling up the DagBag from /home/airflow/.local/lib/python3.12/site-packages/airflow/example_dags/example_complex.py
[2024-08-16T13:44:41.120+0000] {processor.py:925} INFO - DAG(s) 'example_complex' retrieved from /home/airflow/.local/lib/python3.12/site-packages/airflow/example_dags/example_complex.py
[2024-08-16T13:44:41.158+0000] {logging_mixin.py:190} INFO - [2024-08-16T13:44:41.157+0000] {dag.py:3211} INFO - Sync 1 DAGs
[2024-08-16T13:44:41.176+0000] {logging_mixin.py:190} INFO - [2024-08-16T13:44:41.176+0000] {dag.py:4138} INFO - Setting next_dagrun for example_complex to None, run_after=None
[2024-08-16T13:44:41.199+0000] {processor.py:208} INFO - Processing /home/airflow/.local/lib/python3.12/site-packages/airflow/example_dags/example_complex.py took 0.102 seconds
[2024-08-16T13:45:11.953+0000] {processor.py:186} INFO - Started process (PID=15177) to work on /home/airflow/.local/lib/python3.12/site-packages/airflow/example_dags/example_complex.py
[2024-08-16T13:45:11.955+0000] {processor.py:914} INFO - Processing file /home/airflow/.local/lib/python3.12/site-packages/airflow/example_dags/example_complex.py for tasks to queue
[2024-08-16T13:45:11.957+0000] {logging_mixin.py:190} INFO - [2024-08-16T13:45:11.957+0000] {dagbag.py:587} INFO - Filling up the DagBag from /home/airflow/.local/lib/python3.12/site-packages/airflow/example_dags/example_complex.py
[2024-08-16T13:45:11.975+0000] {processor.py:925} INFO - DAG(s) 'example_complex' retrieved from /home/airflow/.local/lib/python3.12/site-packages/airflow/example_dags/example_complex.py
[2024-08-16T13:45:12.021+0000] {logging_mixin.py:190} INFO - [2024-08-16T13:45:12.020+0000] {dag.py:3211} INFO - Sync 1 DAGs
[2024-08-16T13:45:12.041+0000] {logging_mixin.py:190} INFO - [2024-08-16T13:45:12.040+0000] {dag.py:4138} INFO - Setting next_dagrun for example_complex to None, run_after=None
[2024-08-16T13:45:12.065+0000] {processor.py:208} INFO - Processing /home/airflow/.local/lib/python3.12/site-packages/airflow/example_dags/example_complex.py took 0.118 seconds
[2024-08-16T13:45:42.665+0000] {processor.py:186} INFO - Started process (PID=15463) to work on /home/airflow/.local/lib/python3.12/site-packages/airflow/example_dags/example_complex.py
[2024-08-16T13:45:42.666+0000] {processor.py:914} INFO - Processing file /home/airflow/.local/lib/python3.12/site-packages/airflow/example_dags/example_complex.py for tasks to queue
[2024-08-16T13:45:42.669+0000] {logging_mixin.py:190} INFO - [2024-08-16T13:45:42.668+0000] {dagbag.py:587} INFO - Filling up the DagBag from /home/airflow/.local/lib/python3.12/site-packages/airflow/example_dags/example_complex.py
[2024-08-16T13:45:42.684+0000] {processor.py:925} INFO - DAG(s) 'example_complex' retrieved from /home/airflow/.local/lib/python3.12/site-packages/airflow/example_dags/example_complex.py
[2024-08-16T13:45:42.724+0000] {logging_mixin.py:190} INFO - [2024-08-16T13:45:42.724+0000] {dag.py:3211} INFO - Sync 1 DAGs
[2024-08-16T13:45:42.742+0000] {logging_mixin.py:190} INFO - [2024-08-16T13:45:42.741+0000] {dag.py:4138} INFO - Setting next_dagrun for example_complex to None, run_after=None
[2024-08-16T13:45:42.768+0000] {processor.py:208} INFO - Processing /home/airflow/.local/lib/python3.12/site-packages/airflow/example_dags/example_complex.py took 0.112 seconds
[2024-08-16T13:46:13.861+0000] {processor.py:186} INFO - Started process (PID=15749) to work on /home/airflow/.local/lib/python3.12/site-packages/airflow/example_dags/example_complex.py
[2024-08-16T13:46:13.862+0000] {processor.py:914} INFO - Processing file /home/airflow/.local/lib/python3.12/site-packages/airflow/example_dags/example_complex.py for tasks to queue
[2024-08-16T13:46:13.866+0000] {logging_mixin.py:190} INFO - [2024-08-16T13:46:13.866+0000] {dagbag.py:587} INFO - Filling up the DagBag from /home/airflow/.local/lib/python3.12/site-packages/airflow/example_dags/example_complex.py
[2024-08-16T13:46:13.886+0000] {processor.py:925} INFO - DAG(s) 'example_complex' retrieved from /home/airflow/.local/lib/python3.12/site-packages/airflow/example_dags/example_complex.py
[2024-08-16T13:46:13.938+0000] {logging_mixin.py:190} INFO - [2024-08-16T13:46:13.938+0000] {dag.py:3211} INFO - Sync 1 DAGs
[2024-08-16T13:46:13.956+0000] {logging_mixin.py:190} INFO - [2024-08-16T13:46:13.955+0000] {dag.py:4138} INFO - Setting next_dagrun for example_complex to None, run_after=None
[2024-08-16T13:46:13.986+0000] {processor.py:208} INFO - Processing /home/airflow/.local/lib/python3.12/site-packages/airflow/example_dags/example_complex.py took 0.132 seconds
[2024-08-16T13:46:44.095+0000] {processor.py:186} INFO - Started process (PID=16035) to work on /home/airflow/.local/lib/python3.12/site-packages/airflow/example_dags/example_complex.py
[2024-08-16T13:46:44.097+0000] {processor.py:914} INFO - Processing file /home/airflow/.local/lib/python3.12/site-packages/airflow/example_dags/example_complex.py for tasks to queue
[2024-08-16T13:46:44.100+0000] {logging_mixin.py:190} INFO - [2024-08-16T13:46:44.099+0000] {dagbag.py:587} INFO - Filling up the DagBag from /home/airflow/.local/lib/python3.12/site-packages/airflow/example_dags/example_complex.py
[2024-08-16T13:46:44.126+0000] {processor.py:925} INFO - DAG(s) 'example_complex' retrieved from /home/airflow/.local/lib/python3.12/site-packages/airflow/example_dags/example_complex.py
[2024-08-16T13:46:44.201+0000] {logging_mixin.py:190} INFO - [2024-08-16T13:46:44.201+0000] {dag.py:3211} INFO - Sync 1 DAGs
[2024-08-16T13:46:44.219+0000] {logging_mixin.py:190} INFO - [2024-08-16T13:46:44.219+0000] {dag.py:4138} INFO - Setting next_dagrun for example_complex to None, run_after=None
[2024-08-16T13:46:44.284+0000] {processor.py:208} INFO - Processing /home/airflow/.local/lib/python3.12/site-packages/airflow/example_dags/example_complex.py took 0.202 seconds
[2024-08-16T13:47:14.649+0000] {processor.py:186} INFO - Started process (PID=16321) to work on /home/airflow/.local/lib/python3.12/site-packages/airflow/example_dags/example_complex.py
[2024-08-16T13:47:14.650+0000] {processor.py:914} INFO - Processing file /home/airflow/.local/lib/python3.12/site-packages/airflow/example_dags/example_complex.py for tasks to queue
[2024-08-16T13:47:14.653+0000] {logging_mixin.py:190} INFO - [2024-08-16T13:47:14.652+0000] {dagbag.py:587} INFO - Filling up the DagBag from /home/airflow/.local/lib/python3.12/site-packages/airflow/example_dags/example_complex.py
[2024-08-16T13:47:14.666+0000] {processor.py:925} INFO - DAG(s) 'example_complex' retrieved from /home/airflow/.local/lib/python3.12/site-packages/airflow/example_dags/example_complex.py
[2024-08-16T13:47:14.704+0000] {logging_mixin.py:190} INFO - [2024-08-16T13:47:14.704+0000] {dag.py:3211} INFO - Sync 1 DAGs
[2024-08-16T13:47:14.719+0000] {logging_mixin.py:190} INFO - [2024-08-16T13:47:14.718+0000] {dag.py:4138} INFO - Setting next_dagrun for example_complex to None, run_after=None
[2024-08-16T13:47:14.738+0000] {processor.py:208} INFO - Processing /home/airflow/.local/lib/python3.12/site-packages/airflow/example_dags/example_complex.py took 0.095 seconds
[2024-08-16T13:47:45.339+0000] {processor.py:186} INFO - Started process (PID=16607) to work on /home/airflow/.local/lib/python3.12/site-packages/airflow/example_dags/example_complex.py
[2024-08-16T13:47:45.341+0000] {processor.py:914} INFO - Processing file /home/airflow/.local/lib/python3.12/site-packages/airflow/example_dags/example_complex.py for tasks to queue
[2024-08-16T13:47:45.344+0000] {logging_mixin.py:190} INFO - [2024-08-16T13:47:45.343+0000] {dagbag.py:587} INFO - Filling up the DagBag from /home/airflow/.local/lib/python3.12/site-packages/airflow/example_dags/example_complex.py
[2024-08-16T13:47:45.363+0000] {processor.py:925} INFO - DAG(s) 'example_complex' retrieved from /home/airflow/.local/lib/python3.12/site-packages/airflow/example_dags/example_complex.py
[2024-08-16T13:47:45.409+0000] {logging_mixin.py:190} INFO - [2024-08-16T13:47:45.409+0000] {dag.py:3211} INFO - Sync 1 DAGs
[2024-08-16T13:47:45.426+0000] {logging_mixin.py:190} INFO - [2024-08-16T13:47:45.426+0000] {dag.py:4138} INFO - Setting next_dagrun for example_complex to None, run_after=None
[2024-08-16T13:47:45.448+0000] {processor.py:208} INFO - Processing /home/airflow/.local/lib/python3.12/site-packages/airflow/example_dags/example_complex.py took 0.119 seconds
[2024-08-16T13:48:15.614+0000] {processor.py:186} INFO - Started process (PID=16894) to work on /home/airflow/.local/lib/python3.12/site-packages/airflow/example_dags/example_complex.py
[2024-08-16T13:48:15.617+0000] {processor.py:914} INFO - Processing file /home/airflow/.local/lib/python3.12/site-packages/airflow/example_dags/example_complex.py for tasks to queue
[2024-08-16T13:48:15.621+0000] {logging_mixin.py:190} INFO - [2024-08-16T13:48:15.621+0000] {dagbag.py:587} INFO - Filling up the DagBag from /home/airflow/.local/lib/python3.12/site-packages/airflow/example_dags/example_complex.py
[2024-08-16T13:48:15.639+0000] {processor.py:925} INFO - DAG(s) 'example_complex' retrieved from /home/airflow/.local/lib/python3.12/site-packages/airflow/example_dags/example_complex.py
[2024-08-16T13:48:15.683+0000] {logging_mixin.py:190} INFO - [2024-08-16T13:48:15.683+0000] {dag.py:3211} INFO - Sync 1 DAGs
[2024-08-16T13:48:15.702+0000] {logging_mixin.py:190} INFO - [2024-08-16T13:48:15.701+0000] {dag.py:4138} INFO - Setting next_dagrun for example_complex to None, run_after=None
[2024-08-16T13:48:15.753+0000] {processor.py:208} INFO - Processing /home/airflow/.local/lib/python3.12/site-packages/airflow/example_dags/example_complex.py took 0.148 seconds
[2024-08-16T13:48:46.514+0000] {processor.py:186} INFO - Started process (PID=17180) to work on /home/airflow/.local/lib/python3.12/site-packages/airflow/example_dags/example_complex.py
[2024-08-16T13:48:46.515+0000] {processor.py:914} INFO - Processing file /home/airflow/.local/lib/python3.12/site-packages/airflow/example_dags/example_complex.py for tasks to queue
[2024-08-16T13:48:46.518+0000] {logging_mixin.py:190} INFO - [2024-08-16T13:48:46.517+0000] {dagbag.py:587} INFO - Filling up the DagBag from /home/airflow/.local/lib/python3.12/site-packages/airflow/example_dags/example_complex.py
[2024-08-16T13:48:46.532+0000] {processor.py:925} INFO - DAG(s) 'example_complex' retrieved from /home/airflow/.local/lib/python3.12/site-packages/airflow/example_dags/example_complex.py
[2024-08-16T13:48:46.568+0000] {logging_mixin.py:190} INFO - [2024-08-16T13:48:46.568+0000] {dag.py:3211} INFO - Sync 1 DAGs
[2024-08-16T13:48:46.583+0000] {logging_mixin.py:190} INFO - [2024-08-16T13:48:46.583+0000] {dag.py:4138} INFO - Setting next_dagrun for example_complex to None, run_after=None
[2024-08-16T13:48:46.602+0000] {processor.py:208} INFO - Processing /home/airflow/.local/lib/python3.12/site-packages/airflow/example_dags/example_complex.py took 0.094 seconds
[2024-08-16T13:49:17.202+0000] {processor.py:186} INFO - Started process (PID=17464) to work on /home/airflow/.local/lib/python3.12/site-packages/airflow/example_dags/example_complex.py
[2024-08-16T13:49:17.204+0000] {processor.py:914} INFO - Processing file /home/airflow/.local/lib/python3.12/site-packages/airflow/example_dags/example_complex.py for tasks to queue
[2024-08-16T13:49:17.207+0000] {logging_mixin.py:190} INFO - [2024-08-16T13:49:17.207+0000] {dagbag.py:587} INFO - Filling up the DagBag from /home/airflow/.local/lib/python3.12/site-packages/airflow/example_dags/example_complex.py
[2024-08-16T13:49:17.237+0000] {processor.py:925} INFO - DAG(s) 'example_complex' retrieved from /home/airflow/.local/lib/python3.12/site-packages/airflow/example_dags/example_complex.py
[2024-08-16T13:49:17.300+0000] {logging_mixin.py:190} INFO - [2024-08-16T13:49:17.299+0000] {dag.py:3211} INFO - Sync 1 DAGs
[2024-08-16T13:49:17.326+0000] {logging_mixin.py:190} INFO - [2024-08-16T13:49:17.326+0000] {dag.py:4138} INFO - Setting next_dagrun for example_complex to None, run_after=None
[2024-08-16T13:49:17.354+0000] {processor.py:208} INFO - Processing /home/airflow/.local/lib/python3.12/site-packages/airflow/example_dags/example_complex.py took 0.163 seconds
[2024-08-16T13:49:47.834+0000] {processor.py:186} INFO - Started process (PID=17756) to work on /home/airflow/.local/lib/python3.12/site-packages/airflow/example_dags/example_complex.py
[2024-08-16T13:49:47.836+0000] {processor.py:914} INFO - Processing file /home/airflow/.local/lib/python3.12/site-packages/airflow/example_dags/example_complex.py for tasks to queue
[2024-08-16T13:49:47.838+0000] {logging_mixin.py:190} INFO - [2024-08-16T13:49:47.838+0000] {dagbag.py:587} INFO - Filling up the DagBag from /home/airflow/.local/lib/python3.12/site-packages/airflow/example_dags/example_complex.py
[2024-08-16T13:49:47.862+0000] {processor.py:925} INFO - DAG(s) 'example_complex' retrieved from /home/airflow/.local/lib/python3.12/site-packages/airflow/example_dags/example_complex.py
[2024-08-16T13:49:47.916+0000] {logging_mixin.py:190} INFO - [2024-08-16T13:49:47.915+0000] {dag.py:3211} INFO - Sync 1 DAGs
[2024-08-16T13:49:47.934+0000] {logging_mixin.py:190} INFO - [2024-08-16T13:49:47.934+0000] {dag.py:4138} INFO - Setting next_dagrun for example_complex to None, run_after=None
[2024-08-16T13:49:47.954+0000] {processor.py:208} INFO - Processing /home/airflow/.local/lib/python3.12/site-packages/airflow/example_dags/example_complex.py took 0.129 seconds
[2024-08-16T13:50:19.920+0000] {processor.py:186} INFO - Started process (PID=18044) to work on /home/airflow/.local/lib/python3.12/site-packages/airflow/example_dags/example_complex.py
[2024-08-16T13:50:19.921+0000] {processor.py:914} INFO - Processing file /home/airflow/.local/lib/python3.12/site-packages/airflow/example_dags/example_complex.py for tasks to queue
[2024-08-16T13:50:19.925+0000] {logging_mixin.py:190} INFO - [2024-08-16T13:50:19.924+0000] {dagbag.py:587} INFO - Filling up the DagBag from /home/airflow/.local/lib/python3.12/site-packages/airflow/example_dags/example_complex.py
[2024-08-16T13:50:19.946+0000] {processor.py:925} INFO - DAG(s) 'example_complex' retrieved from /home/airflow/.local/lib/python3.12/site-packages/airflow/example_dags/example_complex.py
[2024-08-16T13:50:19.995+0000] {logging_mixin.py:190} INFO - [2024-08-16T13:50:19.995+0000] {dag.py:3211} INFO - Sync 1 DAGs
[2024-08-16T13:50:20.201+0000] {logging_mixin.py:190} INFO - [2024-08-16T13:50:20.201+0000] {dag.py:4138} INFO - Setting next_dagrun for example_complex to None, run_after=None
[2024-08-16T13:50:20.222+0000] {processor.py:208} INFO - Processing /home/airflow/.local/lib/python3.12/site-packages/airflow/example_dags/example_complex.py took 0.323 seconds
