[2024-08-16T13:18:45.637+0000] {processor.py:186} INFO - Started process (PID=315) to work on /home/airflow/.local/lib/python3.12/site-packages/airflow/example_dags/tutorial_objectstorage.py
[2024-08-16T13:18:45.639+0000] {processor.py:914} INFO - Processing file /home/airflow/.local/lib/python3.12/site-packages/airflow/example_dags/tutorial_objectstorage.py for tasks to queue
[2024-08-16T13:18:45.644+0000] {logging_mixin.py:190} INFO - [2024-08-16T13:18:45.643+0000] {dagbag.py:587} INFO - Filling up the DagBag from /home/airflow/.local/lib/python3.12/site-packages/airflow/example_dags/tutorial_objectstorage.py
[2024-08-16T13:18:45.663+0000] {processor.py:925} INFO - DAG(s) 'tutorial_objectstorage' retrieved from /home/airflow/.local/lib/python3.12/site-packages/airflow/example_dags/tutorial_objectstorage.py
[2024-08-16T13:18:45.835+0000] {logging_mixin.py:190} INFO - [2024-08-16T13:18:45.834+0000] {override.py:1858} INFO - Created Permission View: can read on DAG:tutorial_objectstorage
[2024-08-16T13:18:45.852+0000] {logging_mixin.py:190} INFO - [2024-08-16T13:18:45.852+0000] {override.py:1858} INFO - Created Permission View: can edit on DAG:tutorial_objectstorage
[2024-08-16T13:18:45.862+0000] {logging_mixin.py:190} INFO - [2024-08-16T13:18:45.861+0000] {override.py:1858} INFO - Created Permission View: can delete on DAG:tutorial_objectstorage
[2024-08-16T13:18:45.862+0000] {logging_mixin.py:190} INFO - [2024-08-16T13:18:45.862+0000] {dag.py:3211} INFO - Sync 1 DAGs
[2024-08-16T13:18:45.880+0000] {logging_mixin.py:190} INFO - [2024-08-16T13:18:45.880+0000] {dag.py:3234} INFO - Creating ORM DAG for tutorial_objectstorage
[2024-08-16T13:18:45.881+0000] {logging_mixin.py:190} INFO - [2024-08-16T13:18:45.881+0000] {dag.py:4138} INFO - Setting next_dagrun for tutorial_objectstorage to None, run_after=None
[2024-08-16T13:18:45.905+0000] {processor.py:208} INFO - Processing /home/airflow/.local/lib/python3.12/site-packages/airflow/example_dags/tutorial_objectstorage.py took 0.287 seconds
[2024-08-16T13:19:16.373+0000] {processor.py:186} INFO - Started process (PID=601) to work on /home/airflow/.local/lib/python3.12/site-packages/airflow/example_dags/tutorial_objectstorage.py
[2024-08-16T13:19:16.374+0000] {processor.py:914} INFO - Processing file /home/airflow/.local/lib/python3.12/site-packages/airflow/example_dags/tutorial_objectstorage.py for tasks to queue
[2024-08-16T13:19:16.376+0000] {logging_mixin.py:190} INFO - [2024-08-16T13:19:16.376+0000] {dagbag.py:587} INFO - Filling up the DagBag from /home/airflow/.local/lib/python3.12/site-packages/airflow/example_dags/tutorial_objectstorage.py
[2024-08-16T13:19:16.387+0000] {processor.py:925} INFO - DAG(s) 'tutorial_objectstorage' retrieved from /home/airflow/.local/lib/python3.12/site-packages/airflow/example_dags/tutorial_objectstorage.py
[2024-08-16T13:19:16.408+0000] {logging_mixin.py:190} INFO - [2024-08-16T13:19:16.408+0000] {dag.py:3211} INFO - Sync 1 DAGs
[2024-08-16T13:19:16.423+0000] {logging_mixin.py:190} INFO - [2024-08-16T13:19:16.423+0000] {dag.py:4138} INFO - Setting next_dagrun for tutorial_objectstorage to None, run_after=None
[2024-08-16T13:19:16.446+0000] {processor.py:208} INFO - Processing /home/airflow/.local/lib/python3.12/site-packages/airflow/example_dags/tutorial_objectstorage.py took 0.080 seconds
[2024-08-16T13:19:46.973+0000] {processor.py:186} INFO - Started process (PID=889) to work on /home/airflow/.local/lib/python3.12/site-packages/airflow/example_dags/tutorial_objectstorage.py
[2024-08-16T13:19:46.974+0000] {processor.py:914} INFO - Processing file /home/airflow/.local/lib/python3.12/site-packages/airflow/example_dags/tutorial_objectstorage.py for tasks to queue
[2024-08-16T13:19:46.976+0000] {logging_mixin.py:190} INFO - [2024-08-16T13:19:46.976+0000] {dagbag.py:587} INFO - Filling up the DagBag from /home/airflow/.local/lib/python3.12/site-packages/airflow/example_dags/tutorial_objectstorage.py
[2024-08-16T13:19:46.986+0000] {processor.py:925} INFO - DAG(s) 'tutorial_objectstorage' retrieved from /home/airflow/.local/lib/python3.12/site-packages/airflow/example_dags/tutorial_objectstorage.py
[2024-08-16T13:19:47.008+0000] {logging_mixin.py:190} INFO - [2024-08-16T13:19:47.007+0000] {dag.py:3211} INFO - Sync 1 DAGs
[2024-08-16T13:19:47.025+0000] {logging_mixin.py:190} INFO - [2024-08-16T13:19:47.024+0000] {dag.py:4138} INFO - Setting next_dagrun for tutorial_objectstorage to None, run_after=None
[2024-08-16T13:19:47.052+0000] {processor.py:208} INFO - Processing /home/airflow/.local/lib/python3.12/site-packages/airflow/example_dags/tutorial_objectstorage.py took 0.086 seconds
[2024-08-16T13:20:17.881+0000] {processor.py:186} INFO - Started process (PID=1175) to work on /home/airflow/.local/lib/python3.12/site-packages/airflow/example_dags/tutorial_objectstorage.py
[2024-08-16T13:20:17.882+0000] {processor.py:914} INFO - Processing file /home/airflow/.local/lib/python3.12/site-packages/airflow/example_dags/tutorial_objectstorage.py for tasks to queue
[2024-08-16T13:20:17.884+0000] {logging_mixin.py:190} INFO - [2024-08-16T13:20:17.884+0000] {dagbag.py:587} INFO - Filling up the DagBag from /home/airflow/.local/lib/python3.12/site-packages/airflow/example_dags/tutorial_objectstorage.py
[2024-08-16T13:20:17.893+0000] {processor.py:925} INFO - DAG(s) 'tutorial_objectstorage' retrieved from /home/airflow/.local/lib/python3.12/site-packages/airflow/example_dags/tutorial_objectstorage.py
[2024-08-16T13:20:17.914+0000] {logging_mixin.py:190} INFO - [2024-08-16T13:20:17.914+0000] {dag.py:3211} INFO - Sync 1 DAGs
[2024-08-16T13:20:17.930+0000] {logging_mixin.py:190} INFO - [2024-08-16T13:20:17.930+0000] {dag.py:4138} INFO - Setting next_dagrun for tutorial_objectstorage to None, run_after=None
[2024-08-16T13:20:17.951+0000] {processor.py:208} INFO - Processing /home/airflow/.local/lib/python3.12/site-packages/airflow/example_dags/tutorial_objectstorage.py took 0.077 seconds
[2024-08-16T13:20:48.220+0000] {processor.py:186} INFO - Started process (PID=1461) to work on /home/airflow/.local/lib/python3.12/site-packages/airflow/example_dags/tutorial_objectstorage.py
[2024-08-16T13:20:48.221+0000] {processor.py:914} INFO - Processing file /home/airflow/.local/lib/python3.12/site-packages/airflow/example_dags/tutorial_objectstorage.py for tasks to queue
[2024-08-16T13:20:48.223+0000] {logging_mixin.py:190} INFO - [2024-08-16T13:20:48.223+0000] {dagbag.py:587} INFO - Filling up the DagBag from /home/airflow/.local/lib/python3.12/site-packages/airflow/example_dags/tutorial_objectstorage.py
[2024-08-16T13:20:48.232+0000] {processor.py:925} INFO - DAG(s) 'tutorial_objectstorage' retrieved from /home/airflow/.local/lib/python3.12/site-packages/airflow/example_dags/tutorial_objectstorage.py
[2024-08-16T13:20:48.255+0000] {logging_mixin.py:190} INFO - [2024-08-16T13:20:48.255+0000] {dag.py:3211} INFO - Sync 1 DAGs
[2024-08-16T13:20:48.272+0000] {logging_mixin.py:190} INFO - [2024-08-16T13:20:48.272+0000] {dag.py:4138} INFO - Setting next_dagrun for tutorial_objectstorage to None, run_after=None
[2024-08-16T13:20:48.296+0000] {processor.py:208} INFO - Processing /home/airflow/.local/lib/python3.12/site-packages/airflow/example_dags/tutorial_objectstorage.py took 0.083 seconds
[2024-08-16T13:21:18.745+0000] {processor.py:186} INFO - Started process (PID=1747) to work on /home/airflow/.local/lib/python3.12/site-packages/airflow/example_dags/tutorial_objectstorage.py
[2024-08-16T13:21:18.746+0000] {processor.py:914} INFO - Processing file /home/airflow/.local/lib/python3.12/site-packages/airflow/example_dags/tutorial_objectstorage.py for tasks to queue
[2024-08-16T13:21:18.748+0000] {logging_mixin.py:190} INFO - [2024-08-16T13:21:18.748+0000] {dagbag.py:587} INFO - Filling up the DagBag from /home/airflow/.local/lib/python3.12/site-packages/airflow/example_dags/tutorial_objectstorage.py
[2024-08-16T13:21:18.757+0000] {processor.py:925} INFO - DAG(s) 'tutorial_objectstorage' retrieved from /home/airflow/.local/lib/python3.12/site-packages/airflow/example_dags/tutorial_objectstorage.py
[2024-08-16T13:21:18.778+0000] {logging_mixin.py:190} INFO - [2024-08-16T13:21:18.778+0000] {dag.py:3211} INFO - Sync 1 DAGs
[2024-08-16T13:21:18.796+0000] {logging_mixin.py:190} INFO - [2024-08-16T13:21:18.795+0000] {dag.py:4138} INFO - Setting next_dagrun for tutorial_objectstorage to None, run_after=None
[2024-08-16T13:21:18.819+0000] {processor.py:208} INFO - Processing /home/airflow/.local/lib/python3.12/site-packages/airflow/example_dags/tutorial_objectstorage.py took 0.081 seconds
[2024-08-16T13:21:48.948+0000] {processor.py:186} INFO - Started process (PID=2033) to work on /home/airflow/.local/lib/python3.12/site-packages/airflow/example_dags/tutorial_objectstorage.py
[2024-08-16T13:21:48.949+0000] {processor.py:914} INFO - Processing file /home/airflow/.local/lib/python3.12/site-packages/airflow/example_dags/tutorial_objectstorage.py for tasks to queue
[2024-08-16T13:21:48.952+0000] {logging_mixin.py:190} INFO - [2024-08-16T13:21:48.952+0000] {dagbag.py:587} INFO - Filling up the DagBag from /home/airflow/.local/lib/python3.12/site-packages/airflow/example_dags/tutorial_objectstorage.py
[2024-08-16T13:21:48.962+0000] {processor.py:925} INFO - DAG(s) 'tutorial_objectstorage' retrieved from /home/airflow/.local/lib/python3.12/site-packages/airflow/example_dags/tutorial_objectstorage.py
[2024-08-16T13:21:48.983+0000] {logging_mixin.py:190} INFO - [2024-08-16T13:21:48.982+0000] {dag.py:3211} INFO - Sync 1 DAGs
[2024-08-16T13:21:48.998+0000] {logging_mixin.py:190} INFO - [2024-08-16T13:21:48.998+0000] {dag.py:4138} INFO - Setting next_dagrun for tutorial_objectstorage to None, run_after=None
[2024-08-16T13:21:49.019+0000] {processor.py:208} INFO - Processing /home/airflow/.local/lib/python3.12/site-packages/airflow/example_dags/tutorial_objectstorage.py took 0.077 seconds
[2024-08-16T13:22:19.486+0000] {processor.py:186} INFO - Started process (PID=2319) to work on /home/airflow/.local/lib/python3.12/site-packages/airflow/example_dags/tutorial_objectstorage.py
[2024-08-16T13:22:19.487+0000] {processor.py:914} INFO - Processing file /home/airflow/.local/lib/python3.12/site-packages/airflow/example_dags/tutorial_objectstorage.py for tasks to queue
[2024-08-16T13:22:19.490+0000] {logging_mixin.py:190} INFO - [2024-08-16T13:22:19.489+0000] {dagbag.py:587} INFO - Filling up the DagBag from /home/airflow/.local/lib/python3.12/site-packages/airflow/example_dags/tutorial_objectstorage.py
[2024-08-16T13:22:19.499+0000] {processor.py:925} INFO - DAG(s) 'tutorial_objectstorage' retrieved from /home/airflow/.local/lib/python3.12/site-packages/airflow/example_dags/tutorial_objectstorage.py
[2024-08-16T13:22:19.520+0000] {logging_mixin.py:190} INFO - [2024-08-16T13:22:19.519+0000] {dag.py:3211} INFO - Sync 1 DAGs
[2024-08-16T13:22:19.534+0000] {logging_mixin.py:190} INFO - [2024-08-16T13:22:19.534+0000] {dag.py:4138} INFO - Setting next_dagrun for tutorial_objectstorage to None, run_after=None
[2024-08-16T13:22:19.556+0000] {processor.py:208} INFO - Processing /home/airflow/.local/lib/python3.12/site-packages/airflow/example_dags/tutorial_objectstorage.py took 0.077 seconds
[2024-08-16T13:22:49.839+0000] {processor.py:186} INFO - Started process (PID=2605) to work on /home/airflow/.local/lib/python3.12/site-packages/airflow/example_dags/tutorial_objectstorage.py
[2024-08-16T13:22:49.840+0000] {processor.py:914} INFO - Processing file /home/airflow/.local/lib/python3.12/site-packages/airflow/example_dags/tutorial_objectstorage.py for tasks to queue
[2024-08-16T13:22:49.842+0000] {logging_mixin.py:190} INFO - [2024-08-16T13:22:49.842+0000] {dagbag.py:587} INFO - Filling up the DagBag from /home/airflow/.local/lib/python3.12/site-packages/airflow/example_dags/tutorial_objectstorage.py
[2024-08-16T13:22:49.852+0000] {processor.py:925} INFO - DAG(s) 'tutorial_objectstorage' retrieved from /home/airflow/.local/lib/python3.12/site-packages/airflow/example_dags/tutorial_objectstorage.py
[2024-08-16T13:22:49.873+0000] {logging_mixin.py:190} INFO - [2024-08-16T13:22:49.873+0000] {dag.py:3211} INFO - Sync 1 DAGs
[2024-08-16T13:22:49.889+0000] {logging_mixin.py:190} INFO - [2024-08-16T13:22:49.889+0000] {dag.py:4138} INFO - Setting next_dagrun for tutorial_objectstorage to None, run_after=None
[2024-08-16T13:22:49.909+0000] {processor.py:208} INFO - Processing /home/airflow/.local/lib/python3.12/site-packages/airflow/example_dags/tutorial_objectstorage.py took 0.076 seconds
[2024-08-16T13:23:20.138+0000] {processor.py:186} INFO - Started process (PID=2891) to work on /home/airflow/.local/lib/python3.12/site-packages/airflow/example_dags/tutorial_objectstorage.py
[2024-08-16T13:23:20.140+0000] {processor.py:914} INFO - Processing file /home/airflow/.local/lib/python3.12/site-packages/airflow/example_dags/tutorial_objectstorage.py for tasks to queue
[2024-08-16T13:23:20.142+0000] {logging_mixin.py:190} INFO - [2024-08-16T13:23:20.142+0000] {dagbag.py:587} INFO - Filling up the DagBag from /home/airflow/.local/lib/python3.12/site-packages/airflow/example_dags/tutorial_objectstorage.py
[2024-08-16T13:23:20.152+0000] {processor.py:925} INFO - DAG(s) 'tutorial_objectstorage' retrieved from /home/airflow/.local/lib/python3.12/site-packages/airflow/example_dags/tutorial_objectstorage.py
[2024-08-16T13:23:20.174+0000] {logging_mixin.py:190} INFO - [2024-08-16T13:23:20.174+0000] {dag.py:3211} INFO - Sync 1 DAGs
[2024-08-16T13:23:20.190+0000] {logging_mixin.py:190} INFO - [2024-08-16T13:23:20.190+0000] {dag.py:4138} INFO - Setting next_dagrun for tutorial_objectstorage to None, run_after=None
[2024-08-16T13:23:20.217+0000] {processor.py:208} INFO - Processing /home/airflow/.local/lib/python3.12/site-packages/airflow/example_dags/tutorial_objectstorage.py took 0.085 seconds
[2024-08-16T13:23:50.449+0000] {processor.py:186} INFO - Started process (PID=3177) to work on /home/airflow/.local/lib/python3.12/site-packages/airflow/example_dags/tutorial_objectstorage.py
[2024-08-16T13:23:50.450+0000] {processor.py:914} INFO - Processing file /home/airflow/.local/lib/python3.12/site-packages/airflow/example_dags/tutorial_objectstorage.py for tasks to queue
[2024-08-16T13:23:50.453+0000] {logging_mixin.py:190} INFO - [2024-08-16T13:23:50.452+0000] {dagbag.py:587} INFO - Filling up the DagBag from /home/airflow/.local/lib/python3.12/site-packages/airflow/example_dags/tutorial_objectstorage.py
[2024-08-16T13:23:50.463+0000] {processor.py:925} INFO - DAG(s) 'tutorial_objectstorage' retrieved from /home/airflow/.local/lib/python3.12/site-packages/airflow/example_dags/tutorial_objectstorage.py
[2024-08-16T13:23:50.490+0000] {logging_mixin.py:190} INFO - [2024-08-16T13:23:50.490+0000] {dag.py:3211} INFO - Sync 1 DAGs
[2024-08-16T13:23:50.509+0000] {logging_mixin.py:190} INFO - [2024-08-16T13:23:50.508+0000] {dag.py:4138} INFO - Setting next_dagrun for tutorial_objectstorage to None, run_after=None
[2024-08-16T13:23:50.534+0000] {processor.py:208} INFO - Processing /home/airflow/.local/lib/python3.12/site-packages/airflow/example_dags/tutorial_objectstorage.py took 0.093 seconds
[2024-08-16T13:24:20.739+0000] {processor.py:186} INFO - Started process (PID=3463) to work on /home/airflow/.local/lib/python3.12/site-packages/airflow/example_dags/tutorial_objectstorage.py
[2024-08-16T13:24:20.740+0000] {processor.py:914} INFO - Processing file /home/airflow/.local/lib/python3.12/site-packages/airflow/example_dags/tutorial_objectstorage.py for tasks to queue
[2024-08-16T13:24:20.743+0000] {logging_mixin.py:190} INFO - [2024-08-16T13:24:20.742+0000] {dagbag.py:587} INFO - Filling up the DagBag from /home/airflow/.local/lib/python3.12/site-packages/airflow/example_dags/tutorial_objectstorage.py
[2024-08-16T13:24:20.752+0000] {processor.py:925} INFO - DAG(s) 'tutorial_objectstorage' retrieved from /home/airflow/.local/lib/python3.12/site-packages/airflow/example_dags/tutorial_objectstorage.py
[2024-08-16T13:24:20.776+0000] {logging_mixin.py:190} INFO - [2024-08-16T13:24:20.776+0000] {dag.py:3211} INFO - Sync 1 DAGs
[2024-08-16T13:24:20.798+0000] {logging_mixin.py:190} INFO - [2024-08-16T13:24:20.798+0000] {dag.py:4138} INFO - Setting next_dagrun for tutorial_objectstorage to None, run_after=None
[2024-08-16T13:24:20.821+0000] {processor.py:208} INFO - Processing /home/airflow/.local/lib/python3.12/site-packages/airflow/example_dags/tutorial_objectstorage.py took 0.088 seconds
[2024-08-16T13:24:51.145+0000] {processor.py:186} INFO - Started process (PID=3749) to work on /home/airflow/.local/lib/python3.12/site-packages/airflow/example_dags/tutorial_objectstorage.py
[2024-08-16T13:24:51.146+0000] {processor.py:914} INFO - Processing file /home/airflow/.local/lib/python3.12/site-packages/airflow/example_dags/tutorial_objectstorage.py for tasks to queue
[2024-08-16T13:24:51.148+0000] {logging_mixin.py:190} INFO - [2024-08-16T13:24:51.148+0000] {dagbag.py:587} INFO - Filling up the DagBag from /home/airflow/.local/lib/python3.12/site-packages/airflow/example_dags/tutorial_objectstorage.py
[2024-08-16T13:24:51.157+0000] {processor.py:925} INFO - DAG(s) 'tutorial_objectstorage' retrieved from /home/airflow/.local/lib/python3.12/site-packages/airflow/example_dags/tutorial_objectstorage.py
[2024-08-16T13:24:51.181+0000] {logging_mixin.py:190} INFO - [2024-08-16T13:24:51.181+0000] {dag.py:3211} INFO - Sync 1 DAGs
[2024-08-16T13:24:51.196+0000] {logging_mixin.py:190} INFO - [2024-08-16T13:24:51.196+0000] {dag.py:4138} INFO - Setting next_dagrun for tutorial_objectstorage to None, run_after=None
[2024-08-16T13:24:51.216+0000] {processor.py:208} INFO - Processing /home/airflow/.local/lib/python3.12/site-packages/airflow/example_dags/tutorial_objectstorage.py took 0.077 seconds
[2024-08-16T13:25:21.419+0000] {processor.py:186} INFO - Started process (PID=4035) to work on /home/airflow/.local/lib/python3.12/site-packages/airflow/example_dags/tutorial_objectstorage.py
[2024-08-16T13:25:21.421+0000] {processor.py:914} INFO - Processing file /home/airflow/.local/lib/python3.12/site-packages/airflow/example_dags/tutorial_objectstorage.py for tasks to queue
[2024-08-16T13:25:21.424+0000] {logging_mixin.py:190} INFO - [2024-08-16T13:25:21.423+0000] {dagbag.py:587} INFO - Filling up the DagBag from /home/airflow/.local/lib/python3.12/site-packages/airflow/example_dags/tutorial_objectstorage.py
[2024-08-16T13:25:21.432+0000] {processor.py:925} INFO - DAG(s) 'tutorial_objectstorage' retrieved from /home/airflow/.local/lib/python3.12/site-packages/airflow/example_dags/tutorial_objectstorage.py
[2024-08-16T13:25:21.455+0000] {logging_mixin.py:190} INFO - [2024-08-16T13:25:21.455+0000] {dag.py:3211} INFO - Sync 1 DAGs
[2024-08-16T13:25:21.472+0000] {logging_mixin.py:190} INFO - [2024-08-16T13:25:21.472+0000] {dag.py:4138} INFO - Setting next_dagrun for tutorial_objectstorage to None, run_after=None
[2024-08-16T13:25:21.496+0000] {processor.py:208} INFO - Processing /home/airflow/.local/lib/python3.12/site-packages/airflow/example_dags/tutorial_objectstorage.py took 0.083 seconds
[2024-08-16T13:25:51.915+0000] {processor.py:186} INFO - Started process (PID=4321) to work on /home/airflow/.local/lib/python3.12/site-packages/airflow/example_dags/tutorial_objectstorage.py
[2024-08-16T13:25:51.916+0000] {processor.py:914} INFO - Processing file /home/airflow/.local/lib/python3.12/site-packages/airflow/example_dags/tutorial_objectstorage.py for tasks to queue
[2024-08-16T13:25:51.920+0000] {logging_mixin.py:190} INFO - [2024-08-16T13:25:51.920+0000] {dagbag.py:587} INFO - Filling up the DagBag from /home/airflow/.local/lib/python3.12/site-packages/airflow/example_dags/tutorial_objectstorage.py
[2024-08-16T13:25:51.932+0000] {processor.py:925} INFO - DAG(s) 'tutorial_objectstorage' retrieved from /home/airflow/.local/lib/python3.12/site-packages/airflow/example_dags/tutorial_objectstorage.py
[2024-08-16T13:25:51.955+0000] {logging_mixin.py:190} INFO - [2024-08-16T13:25:51.955+0000] {dag.py:3211} INFO - Sync 1 DAGs
[2024-08-16T13:25:51.972+0000] {logging_mixin.py:190} INFO - [2024-08-16T13:25:51.972+0000] {dag.py:4138} INFO - Setting next_dagrun for tutorial_objectstorage to None, run_after=None
[2024-08-16T13:25:51.993+0000] {processor.py:208} INFO - Processing /home/airflow/.local/lib/python3.12/site-packages/airflow/example_dags/tutorial_objectstorage.py took 0.086 seconds
[2024-08-16T13:26:22.269+0000] {processor.py:186} INFO - Started process (PID=4607) to work on /home/airflow/.local/lib/python3.12/site-packages/airflow/example_dags/tutorial_objectstorage.py
[2024-08-16T13:26:22.271+0000] {processor.py:914} INFO - Processing file /home/airflow/.local/lib/python3.12/site-packages/airflow/example_dags/tutorial_objectstorage.py for tasks to queue
[2024-08-16T13:26:22.273+0000] {logging_mixin.py:190} INFO - [2024-08-16T13:26:22.273+0000] {dagbag.py:587} INFO - Filling up the DagBag from /home/airflow/.local/lib/python3.12/site-packages/airflow/example_dags/tutorial_objectstorage.py
[2024-08-16T13:26:22.284+0000] {processor.py:925} INFO - DAG(s) 'tutorial_objectstorage' retrieved from /home/airflow/.local/lib/python3.12/site-packages/airflow/example_dags/tutorial_objectstorage.py
[2024-08-16T13:26:22.308+0000] {logging_mixin.py:190} INFO - [2024-08-16T13:26:22.308+0000] {dag.py:3211} INFO - Sync 1 DAGs
[2024-08-16T13:26:22.326+0000] {logging_mixin.py:190} INFO - [2024-08-16T13:26:22.326+0000] {dag.py:4138} INFO - Setting next_dagrun for tutorial_objectstorage to None, run_after=None
[2024-08-16T13:26:22.349+0000] {processor.py:208} INFO - Processing /home/airflow/.local/lib/python3.12/site-packages/airflow/example_dags/tutorial_objectstorage.py took 0.086 seconds
[2024-08-16T13:26:52.900+0000] {processor.py:186} INFO - Started process (PID=4893) to work on /home/airflow/.local/lib/python3.12/site-packages/airflow/example_dags/tutorial_objectstorage.py
[2024-08-16T13:26:52.901+0000] {processor.py:914} INFO - Processing file /home/airflow/.local/lib/python3.12/site-packages/airflow/example_dags/tutorial_objectstorage.py for tasks to queue
[2024-08-16T13:26:52.903+0000] {logging_mixin.py:190} INFO - [2024-08-16T13:26:52.903+0000] {dagbag.py:587} INFO - Filling up the DagBag from /home/airflow/.local/lib/python3.12/site-packages/airflow/example_dags/tutorial_objectstorage.py
[2024-08-16T13:26:52.912+0000] {processor.py:925} INFO - DAG(s) 'tutorial_objectstorage' retrieved from /home/airflow/.local/lib/python3.12/site-packages/airflow/example_dags/tutorial_objectstorage.py
[2024-08-16T13:26:52.932+0000] {logging_mixin.py:190} INFO - [2024-08-16T13:26:52.932+0000] {dag.py:3211} INFO - Sync 1 DAGs
[2024-08-16T13:26:52.948+0000] {logging_mixin.py:190} INFO - [2024-08-16T13:26:52.947+0000] {dag.py:4138} INFO - Setting next_dagrun for tutorial_objectstorage to None, run_after=None
[2024-08-16T13:26:52.968+0000] {processor.py:208} INFO - Processing /home/airflow/.local/lib/python3.12/site-packages/airflow/example_dags/tutorial_objectstorage.py took 0.075 seconds
[2024-08-16T13:27:23.388+0000] {processor.py:186} INFO - Started process (PID=5185) to work on /home/airflow/.local/lib/python3.12/site-packages/airflow/example_dags/tutorial_objectstorage.py
[2024-08-16T13:27:23.389+0000] {processor.py:914} INFO - Processing file /home/airflow/.local/lib/python3.12/site-packages/airflow/example_dags/tutorial_objectstorage.py for tasks to queue
[2024-08-16T13:27:23.391+0000] {logging_mixin.py:190} INFO - [2024-08-16T13:27:23.391+0000] {dagbag.py:587} INFO - Filling up the DagBag from /home/airflow/.local/lib/python3.12/site-packages/airflow/example_dags/tutorial_objectstorage.py
[2024-08-16T13:27:23.401+0000] {processor.py:925} INFO - DAG(s) 'tutorial_objectstorage' retrieved from /home/airflow/.local/lib/python3.12/site-packages/airflow/example_dags/tutorial_objectstorage.py
[2024-08-16T13:27:23.422+0000] {logging_mixin.py:190} INFO - [2024-08-16T13:27:23.421+0000] {dag.py:3211} INFO - Sync 1 DAGs
[2024-08-16T13:27:23.437+0000] {logging_mixin.py:190} INFO - [2024-08-16T13:27:23.436+0000] {dag.py:4138} INFO - Setting next_dagrun for tutorial_objectstorage to None, run_after=None
[2024-08-16T13:27:23.457+0000] {processor.py:208} INFO - Processing /home/airflow/.local/lib/python3.12/site-packages/airflow/example_dags/tutorial_objectstorage.py took 0.075 seconds
[2024-08-16T13:27:53.658+0000] {processor.py:186} INFO - Started process (PID=5464) to work on /home/airflow/.local/lib/python3.12/site-packages/airflow/example_dags/tutorial_objectstorage.py
[2024-08-16T13:27:53.659+0000] {processor.py:914} INFO - Processing file /home/airflow/.local/lib/python3.12/site-packages/airflow/example_dags/tutorial_objectstorage.py for tasks to queue
[2024-08-16T13:27:53.662+0000] {logging_mixin.py:190} INFO - [2024-08-16T13:27:53.661+0000] {dagbag.py:587} INFO - Filling up the DagBag from /home/airflow/.local/lib/python3.12/site-packages/airflow/example_dags/tutorial_objectstorage.py
[2024-08-16T13:27:53.670+0000] {processor.py:925} INFO - DAG(s) 'tutorial_objectstorage' retrieved from /home/airflow/.local/lib/python3.12/site-packages/airflow/example_dags/tutorial_objectstorage.py
[2024-08-16T13:27:53.691+0000] {logging_mixin.py:190} INFO - [2024-08-16T13:27:53.691+0000] {dag.py:3211} INFO - Sync 1 DAGs
[2024-08-16T13:27:53.707+0000] {logging_mixin.py:190} INFO - [2024-08-16T13:27:53.707+0000] {dag.py:4138} INFO - Setting next_dagrun for tutorial_objectstorage to None, run_after=None
[2024-08-16T13:27:53.730+0000] {processor.py:208} INFO - Processing /home/airflow/.local/lib/python3.12/site-packages/airflow/example_dags/tutorial_objectstorage.py took 0.078 seconds
[2024-08-16T13:28:24.316+0000] {processor.py:186} INFO - Started process (PID=5752) to work on /home/airflow/.local/lib/python3.12/site-packages/airflow/example_dags/tutorial_objectstorage.py
[2024-08-16T13:28:24.317+0000] {processor.py:914} INFO - Processing file /home/airflow/.local/lib/python3.12/site-packages/airflow/example_dags/tutorial_objectstorage.py for tasks to queue
[2024-08-16T13:28:24.320+0000] {logging_mixin.py:190} INFO - [2024-08-16T13:28:24.319+0000] {dagbag.py:587} INFO - Filling up the DagBag from /home/airflow/.local/lib/python3.12/site-packages/airflow/example_dags/tutorial_objectstorage.py
[2024-08-16T13:28:24.330+0000] {processor.py:925} INFO - DAG(s) 'tutorial_objectstorage' retrieved from /home/airflow/.local/lib/python3.12/site-packages/airflow/example_dags/tutorial_objectstorage.py
[2024-08-16T13:28:24.352+0000] {logging_mixin.py:190} INFO - [2024-08-16T13:28:24.352+0000] {dag.py:3211} INFO - Sync 1 DAGs
[2024-08-16T13:28:24.368+0000] {logging_mixin.py:190} INFO - [2024-08-16T13:28:24.368+0000] {dag.py:4138} INFO - Setting next_dagrun for tutorial_objectstorage to None, run_after=None
[2024-08-16T13:28:24.392+0000] {processor.py:208} INFO - Processing /home/airflow/.local/lib/python3.12/site-packages/airflow/example_dags/tutorial_objectstorage.py took 0.082 seconds
[2024-08-16T13:28:54.701+0000] {processor.py:186} INFO - Started process (PID=6036) to work on /home/airflow/.local/lib/python3.12/site-packages/airflow/example_dags/tutorial_objectstorage.py
[2024-08-16T13:28:54.702+0000] {processor.py:914} INFO - Processing file /home/airflow/.local/lib/python3.12/site-packages/airflow/example_dags/tutorial_objectstorage.py for tasks to queue
[2024-08-16T13:28:54.705+0000] {logging_mixin.py:190} INFO - [2024-08-16T13:28:54.704+0000] {dagbag.py:587} INFO - Filling up the DagBag from /home/airflow/.local/lib/python3.12/site-packages/airflow/example_dags/tutorial_objectstorage.py
[2024-08-16T13:28:54.714+0000] {processor.py:925} INFO - DAG(s) 'tutorial_objectstorage' retrieved from /home/airflow/.local/lib/python3.12/site-packages/airflow/example_dags/tutorial_objectstorage.py
[2024-08-16T13:28:54.735+0000] {logging_mixin.py:190} INFO - [2024-08-16T13:28:54.735+0000] {dag.py:3211} INFO - Sync 1 DAGs
[2024-08-16T13:28:54.751+0000] {logging_mixin.py:190} INFO - [2024-08-16T13:28:54.751+0000] {dag.py:4138} INFO - Setting next_dagrun for tutorial_objectstorage to None, run_after=None
[2024-08-16T13:28:54.774+0000] {processor.py:208} INFO - Processing /home/airflow/.local/lib/python3.12/site-packages/airflow/example_dags/tutorial_objectstorage.py took 0.080 seconds
[2024-08-16T13:29:25.264+0000] {processor.py:186} INFO - Started process (PID=6322) to work on /home/airflow/.local/lib/python3.12/site-packages/airflow/example_dags/tutorial_objectstorage.py
[2024-08-16T13:29:25.265+0000] {processor.py:914} INFO - Processing file /home/airflow/.local/lib/python3.12/site-packages/airflow/example_dags/tutorial_objectstorage.py for tasks to queue
[2024-08-16T13:29:25.269+0000] {logging_mixin.py:190} INFO - [2024-08-16T13:29:25.268+0000] {dagbag.py:587} INFO - Filling up the DagBag from /home/airflow/.local/lib/python3.12/site-packages/airflow/example_dags/tutorial_objectstorage.py
[2024-08-16T13:29:25.278+0000] {processor.py:925} INFO - DAG(s) 'tutorial_objectstorage' retrieved from /home/airflow/.local/lib/python3.12/site-packages/airflow/example_dags/tutorial_objectstorage.py
[2024-08-16T13:29:25.303+0000] {logging_mixin.py:190} INFO - [2024-08-16T13:29:25.303+0000] {dag.py:3211} INFO - Sync 1 DAGs
[2024-08-16T13:29:25.320+0000] {logging_mixin.py:190} INFO - [2024-08-16T13:29:25.320+0000] {dag.py:4138} INFO - Setting next_dagrun for tutorial_objectstorage to None, run_after=None
[2024-08-16T13:29:25.343+0000] {processor.py:208} INFO - Processing /home/airflow/.local/lib/python3.12/site-packages/airflow/example_dags/tutorial_objectstorage.py took 0.085 seconds
[2024-08-16T13:29:55.774+0000] {processor.py:186} INFO - Started process (PID=6608) to work on /home/airflow/.local/lib/python3.12/site-packages/airflow/example_dags/tutorial_objectstorage.py
[2024-08-16T13:29:55.776+0000] {processor.py:914} INFO - Processing file /home/airflow/.local/lib/python3.12/site-packages/airflow/example_dags/tutorial_objectstorage.py for tasks to queue
[2024-08-16T13:29:55.779+0000] {logging_mixin.py:190} INFO - [2024-08-16T13:29:55.778+0000] {dagbag.py:587} INFO - Filling up the DagBag from /home/airflow/.local/lib/python3.12/site-packages/airflow/example_dags/tutorial_objectstorage.py
[2024-08-16T13:29:55.791+0000] {processor.py:925} INFO - DAG(s) 'tutorial_objectstorage' retrieved from /home/airflow/.local/lib/python3.12/site-packages/airflow/example_dags/tutorial_objectstorage.py
[2024-08-16T13:29:55.815+0000] {logging_mixin.py:190} INFO - [2024-08-16T13:29:55.815+0000] {dag.py:3211} INFO - Sync 1 DAGs
[2024-08-16T13:29:55.838+0000] {logging_mixin.py:190} INFO - [2024-08-16T13:29:55.837+0000] {dag.py:4138} INFO - Setting next_dagrun for tutorial_objectstorage to None, run_after=None
[2024-08-16T13:29:55.857+0000] {processor.py:208} INFO - Processing /home/airflow/.local/lib/python3.12/site-packages/airflow/example_dags/tutorial_objectstorage.py took 0.093 seconds
[2024-08-16T13:30:26.228+0000] {processor.py:186} INFO - Started process (PID=6895) to work on /home/airflow/.local/lib/python3.12/site-packages/airflow/example_dags/tutorial_objectstorage.py
[2024-08-16T13:30:26.229+0000] {processor.py:914} INFO - Processing file /home/airflow/.local/lib/python3.12/site-packages/airflow/example_dags/tutorial_objectstorage.py for tasks to queue
[2024-08-16T13:30:26.232+0000] {logging_mixin.py:190} INFO - [2024-08-16T13:30:26.232+0000] {dagbag.py:587} INFO - Filling up the DagBag from /home/airflow/.local/lib/python3.12/site-packages/airflow/example_dags/tutorial_objectstorage.py
[2024-08-16T13:30:26.248+0000] {processor.py:925} INFO - DAG(s) 'tutorial_objectstorage' retrieved from /home/airflow/.local/lib/python3.12/site-packages/airflow/example_dags/tutorial_objectstorage.py
[2024-08-16T13:30:26.274+0000] {logging_mixin.py:190} INFO - [2024-08-16T13:30:26.274+0000] {dag.py:3211} INFO - Sync 1 DAGs
[2024-08-16T13:30:26.292+0000] {logging_mixin.py:190} INFO - [2024-08-16T13:30:26.292+0000] {dag.py:4138} INFO - Setting next_dagrun for tutorial_objectstorage to None, run_after=None
[2024-08-16T13:30:26.315+0000] {processor.py:208} INFO - Processing /home/airflow/.local/lib/python3.12/site-packages/airflow/example_dags/tutorial_objectstorage.py took 0.097 seconds
[2024-08-16T13:30:56.932+0000] {processor.py:186} INFO - Started process (PID=7183) to work on /home/airflow/.local/lib/python3.12/site-packages/airflow/example_dags/tutorial_objectstorage.py
[2024-08-16T13:30:56.933+0000] {processor.py:914} INFO - Processing file /home/airflow/.local/lib/python3.12/site-packages/airflow/example_dags/tutorial_objectstorage.py for tasks to queue
[2024-08-16T13:30:56.936+0000] {logging_mixin.py:190} INFO - [2024-08-16T13:30:56.935+0000] {dagbag.py:587} INFO - Filling up the DagBag from /home/airflow/.local/lib/python3.12/site-packages/airflow/example_dags/tutorial_objectstorage.py
[2024-08-16T13:30:56.945+0000] {processor.py:925} INFO - DAG(s) 'tutorial_objectstorage' retrieved from /home/airflow/.local/lib/python3.12/site-packages/airflow/example_dags/tutorial_objectstorage.py
[2024-08-16T13:30:56.965+0000] {logging_mixin.py:190} INFO - [2024-08-16T13:30:56.965+0000] {dag.py:3211} INFO - Sync 1 DAGs
[2024-08-16T13:30:56.981+0000] {logging_mixin.py:190} INFO - [2024-08-16T13:30:56.981+0000] {dag.py:4138} INFO - Setting next_dagrun for tutorial_objectstorage to None, run_after=None
[2024-08-16T13:30:57.001+0000] {processor.py:208} INFO - Processing /home/airflow/.local/lib/python3.12/site-packages/airflow/example_dags/tutorial_objectstorage.py took 0.076 seconds
[2024-08-16T13:31:27.330+0000] {processor.py:186} INFO - Started process (PID=7467) to work on /home/airflow/.local/lib/python3.12/site-packages/airflow/example_dags/tutorial_objectstorage.py
[2024-08-16T13:31:27.331+0000] {processor.py:914} INFO - Processing file /home/airflow/.local/lib/python3.12/site-packages/airflow/example_dags/tutorial_objectstorage.py for tasks to queue
[2024-08-16T13:31:27.334+0000] {logging_mixin.py:190} INFO - [2024-08-16T13:31:27.333+0000] {dagbag.py:587} INFO - Filling up the DagBag from /home/airflow/.local/lib/python3.12/site-packages/airflow/example_dags/tutorial_objectstorage.py
[2024-08-16T13:31:27.344+0000] {processor.py:925} INFO - DAG(s) 'tutorial_objectstorage' retrieved from /home/airflow/.local/lib/python3.12/site-packages/airflow/example_dags/tutorial_objectstorage.py
[2024-08-16T13:31:27.365+0000] {logging_mixin.py:190} INFO - [2024-08-16T13:31:27.365+0000] {dag.py:3211} INFO - Sync 1 DAGs
[2024-08-16T13:31:27.382+0000] {logging_mixin.py:190} INFO - [2024-08-16T13:31:27.382+0000] {dag.py:4138} INFO - Setting next_dagrun for tutorial_objectstorage to None, run_after=None
[2024-08-16T13:31:27.405+0000] {processor.py:208} INFO - Processing /home/airflow/.local/lib/python3.12/site-packages/airflow/example_dags/tutorial_objectstorage.py took 0.084 seconds
[2024-08-16T13:31:57.930+0000] {processor.py:186} INFO - Started process (PID=7753) to work on /home/airflow/.local/lib/python3.12/site-packages/airflow/example_dags/tutorial_objectstorage.py
[2024-08-16T13:31:57.931+0000] {processor.py:914} INFO - Processing file /home/airflow/.local/lib/python3.12/site-packages/airflow/example_dags/tutorial_objectstorage.py for tasks to queue
[2024-08-16T13:31:57.934+0000] {logging_mixin.py:190} INFO - [2024-08-16T13:31:57.933+0000] {dagbag.py:587} INFO - Filling up the DagBag from /home/airflow/.local/lib/python3.12/site-packages/airflow/example_dags/tutorial_objectstorage.py
[2024-08-16T13:31:57.944+0000] {processor.py:925} INFO - DAG(s) 'tutorial_objectstorage' retrieved from /home/airflow/.local/lib/python3.12/site-packages/airflow/example_dags/tutorial_objectstorage.py
[2024-08-16T13:31:57.964+0000] {logging_mixin.py:190} INFO - [2024-08-16T13:31:57.964+0000] {dag.py:3211} INFO - Sync 1 DAGs
[2024-08-16T13:31:57.980+0000] {logging_mixin.py:190} INFO - [2024-08-16T13:31:57.980+0000] {dag.py:4138} INFO - Setting next_dagrun for tutorial_objectstorage to None, run_after=None
[2024-08-16T13:31:57.999+0000] {processor.py:208} INFO - Processing /home/airflow/.local/lib/python3.12/site-packages/airflow/example_dags/tutorial_objectstorage.py took 0.076 seconds
[2024-08-16T13:32:28.514+0000] {processor.py:186} INFO - Started process (PID=8039) to work on /home/airflow/.local/lib/python3.12/site-packages/airflow/example_dags/tutorial_objectstorage.py
[2024-08-16T13:32:28.515+0000] {processor.py:914} INFO - Processing file /home/airflow/.local/lib/python3.12/site-packages/airflow/example_dags/tutorial_objectstorage.py for tasks to queue
[2024-08-16T13:32:28.517+0000] {logging_mixin.py:190} INFO - [2024-08-16T13:32:28.517+0000] {dagbag.py:587} INFO - Filling up the DagBag from /home/airflow/.local/lib/python3.12/site-packages/airflow/example_dags/tutorial_objectstorage.py
[2024-08-16T13:32:28.527+0000] {processor.py:925} INFO - DAG(s) 'tutorial_objectstorage' retrieved from /home/airflow/.local/lib/python3.12/site-packages/airflow/example_dags/tutorial_objectstorage.py
[2024-08-16T13:32:28.550+0000] {logging_mixin.py:190} INFO - [2024-08-16T13:32:28.550+0000] {dag.py:3211} INFO - Sync 1 DAGs
[2024-08-16T13:32:28.568+0000] {logging_mixin.py:190} INFO - [2024-08-16T13:32:28.568+0000] {dag.py:4138} INFO - Setting next_dagrun for tutorial_objectstorage to None, run_after=None
[2024-08-16T13:32:28.589+0000] {processor.py:208} INFO - Processing /home/airflow/.local/lib/python3.12/site-packages/airflow/example_dags/tutorial_objectstorage.py took 0.081 seconds
[2024-08-16T13:32:58.826+0000] {processor.py:186} INFO - Started process (PID=8325) to work on /home/airflow/.local/lib/python3.12/site-packages/airflow/example_dags/tutorial_objectstorage.py
[2024-08-16T13:32:58.827+0000] {processor.py:914} INFO - Processing file /home/airflow/.local/lib/python3.12/site-packages/airflow/example_dags/tutorial_objectstorage.py for tasks to queue
[2024-08-16T13:32:58.829+0000] {logging_mixin.py:190} INFO - [2024-08-16T13:32:58.829+0000] {dagbag.py:587} INFO - Filling up the DagBag from /home/airflow/.local/lib/python3.12/site-packages/airflow/example_dags/tutorial_objectstorage.py
[2024-08-16T13:32:58.840+0000] {processor.py:925} INFO - DAG(s) 'tutorial_objectstorage' retrieved from /home/airflow/.local/lib/python3.12/site-packages/airflow/example_dags/tutorial_objectstorage.py
[2024-08-16T13:32:58.870+0000] {logging_mixin.py:190} INFO - [2024-08-16T13:32:58.869+0000] {dag.py:3211} INFO - Sync 1 DAGs
[2024-08-16T13:32:58.904+0000] {logging_mixin.py:190} INFO - [2024-08-16T13:32:58.904+0000] {dag.py:4138} INFO - Setting next_dagrun for tutorial_objectstorage to None, run_after=None
[2024-08-16T13:32:58.926+0000] {processor.py:208} INFO - Processing /home/airflow/.local/lib/python3.12/site-packages/airflow/example_dags/tutorial_objectstorage.py took 0.108 seconds
[2024-08-16T13:33:29.263+0000] {processor.py:186} INFO - Started process (PID=8611) to work on /home/airflow/.local/lib/python3.12/site-packages/airflow/example_dags/tutorial_objectstorage.py
[2024-08-16T13:33:29.264+0000] {processor.py:914} INFO - Processing file /home/airflow/.local/lib/python3.12/site-packages/airflow/example_dags/tutorial_objectstorage.py for tasks to queue
[2024-08-16T13:33:29.267+0000] {logging_mixin.py:190} INFO - [2024-08-16T13:33:29.266+0000] {dagbag.py:587} INFO - Filling up the DagBag from /home/airflow/.local/lib/python3.12/site-packages/airflow/example_dags/tutorial_objectstorage.py
[2024-08-16T13:33:29.276+0000] {processor.py:925} INFO - DAG(s) 'tutorial_objectstorage' retrieved from /home/airflow/.local/lib/python3.12/site-packages/airflow/example_dags/tutorial_objectstorage.py
[2024-08-16T13:33:29.297+0000] {logging_mixin.py:190} INFO - [2024-08-16T13:33:29.297+0000] {dag.py:3211} INFO - Sync 1 DAGs
[2024-08-16T13:33:29.314+0000] {logging_mixin.py:190} INFO - [2024-08-16T13:33:29.313+0000] {dag.py:4138} INFO - Setting next_dagrun for tutorial_objectstorage to None, run_after=None
[2024-08-16T13:33:29.336+0000] {processor.py:208} INFO - Processing /home/airflow/.local/lib/python3.12/site-packages/airflow/example_dags/tutorial_objectstorage.py took 0.080 seconds
[2024-08-16T13:33:59.605+0000] {processor.py:186} INFO - Started process (PID=8897) to work on /home/airflow/.local/lib/python3.12/site-packages/airflow/example_dags/tutorial_objectstorage.py
[2024-08-16T13:33:59.606+0000] {processor.py:914} INFO - Processing file /home/airflow/.local/lib/python3.12/site-packages/airflow/example_dags/tutorial_objectstorage.py for tasks to queue
[2024-08-16T13:33:59.609+0000] {logging_mixin.py:190} INFO - [2024-08-16T13:33:59.609+0000] {dagbag.py:587} INFO - Filling up the DagBag from /home/airflow/.local/lib/python3.12/site-packages/airflow/example_dags/tutorial_objectstorage.py
[2024-08-16T13:33:59.619+0000] {processor.py:925} INFO - DAG(s) 'tutorial_objectstorage' retrieved from /home/airflow/.local/lib/python3.12/site-packages/airflow/example_dags/tutorial_objectstorage.py
[2024-08-16T13:33:59.639+0000] {logging_mixin.py:190} INFO - [2024-08-16T13:33:59.639+0000] {dag.py:3211} INFO - Sync 1 DAGs
[2024-08-16T13:33:59.656+0000] {logging_mixin.py:190} INFO - [2024-08-16T13:33:59.655+0000] {dag.py:4138} INFO - Setting next_dagrun for tutorial_objectstorage to None, run_after=None
[2024-08-16T13:33:59.676+0000] {processor.py:208} INFO - Processing /home/airflow/.local/lib/python3.12/site-packages/airflow/example_dags/tutorial_objectstorage.py took 0.078 seconds
[2024-08-16T13:34:30.232+0000] {processor.py:186} INFO - Started process (PID=9183) to work on /home/airflow/.local/lib/python3.12/site-packages/airflow/example_dags/tutorial_objectstorage.py
[2024-08-16T13:34:30.234+0000] {processor.py:914} INFO - Processing file /home/airflow/.local/lib/python3.12/site-packages/airflow/example_dags/tutorial_objectstorage.py for tasks to queue
[2024-08-16T13:34:30.236+0000] {logging_mixin.py:190} INFO - [2024-08-16T13:34:30.236+0000] {dagbag.py:587} INFO - Filling up the DagBag from /home/airflow/.local/lib/python3.12/site-packages/airflow/example_dags/tutorial_objectstorage.py
[2024-08-16T13:34:30.249+0000] {processor.py:925} INFO - DAG(s) 'tutorial_objectstorage' retrieved from /home/airflow/.local/lib/python3.12/site-packages/airflow/example_dags/tutorial_objectstorage.py
[2024-08-16T13:34:30.272+0000] {logging_mixin.py:190} INFO - [2024-08-16T13:34:30.272+0000] {dag.py:3211} INFO - Sync 1 DAGs
[2024-08-16T13:34:30.294+0000] {logging_mixin.py:190} INFO - [2024-08-16T13:34:30.293+0000] {dag.py:4138} INFO - Setting next_dagrun for tutorial_objectstorage to None, run_after=None
[2024-08-16T13:34:30.313+0000] {processor.py:208} INFO - Processing /home/airflow/.local/lib/python3.12/site-packages/airflow/example_dags/tutorial_objectstorage.py took 0.089 seconds
[2024-08-16T13:35:00.613+0000] {processor.py:186} INFO - Started process (PID=9469) to work on /home/airflow/.local/lib/python3.12/site-packages/airflow/example_dags/tutorial_objectstorage.py
[2024-08-16T13:35:00.614+0000] {processor.py:914} INFO - Processing file /home/airflow/.local/lib/python3.12/site-packages/airflow/example_dags/tutorial_objectstorage.py for tasks to queue
[2024-08-16T13:35:00.616+0000] {logging_mixin.py:190} INFO - [2024-08-16T13:35:00.616+0000] {dagbag.py:587} INFO - Filling up the DagBag from /home/airflow/.local/lib/python3.12/site-packages/airflow/example_dags/tutorial_objectstorage.py
[2024-08-16T13:35:00.626+0000] {processor.py:925} INFO - DAG(s) 'tutorial_objectstorage' retrieved from /home/airflow/.local/lib/python3.12/site-packages/airflow/example_dags/tutorial_objectstorage.py
[2024-08-16T13:35:00.647+0000] {logging_mixin.py:190} INFO - [2024-08-16T13:35:00.647+0000] {dag.py:3211} INFO - Sync 1 DAGs
[2024-08-16T13:35:00.664+0000] {logging_mixin.py:190} INFO - [2024-08-16T13:35:00.664+0000] {dag.py:4138} INFO - Setting next_dagrun for tutorial_objectstorage to None, run_after=None
[2024-08-16T13:35:00.684+0000] {processor.py:208} INFO - Processing /home/airflow/.local/lib/python3.12/site-packages/airflow/example_dags/tutorial_objectstorage.py took 0.079 seconds
[2024-08-16T13:35:31.025+0000] {processor.py:186} INFO - Started process (PID=9755) to work on /home/airflow/.local/lib/python3.12/site-packages/airflow/example_dags/tutorial_objectstorage.py
[2024-08-16T13:35:31.026+0000] {processor.py:914} INFO - Processing file /home/airflow/.local/lib/python3.12/site-packages/airflow/example_dags/tutorial_objectstorage.py for tasks to queue
[2024-08-16T13:35:31.029+0000] {logging_mixin.py:190} INFO - [2024-08-16T13:35:31.028+0000] {dagbag.py:587} INFO - Filling up the DagBag from /home/airflow/.local/lib/python3.12/site-packages/airflow/example_dags/tutorial_objectstorage.py
[2024-08-16T13:35:31.038+0000] {processor.py:925} INFO - DAG(s) 'tutorial_objectstorage' retrieved from /home/airflow/.local/lib/python3.12/site-packages/airflow/example_dags/tutorial_objectstorage.py
[2024-08-16T13:35:31.061+0000] {logging_mixin.py:190} INFO - [2024-08-16T13:35:31.060+0000] {dag.py:3211} INFO - Sync 1 DAGs
[2024-08-16T13:35:31.079+0000] {logging_mixin.py:190} INFO - [2024-08-16T13:35:31.079+0000] {dag.py:4138} INFO - Setting next_dagrun for tutorial_objectstorage to None, run_after=None
[2024-08-16T13:35:31.100+0000] {processor.py:208} INFO - Processing /home/airflow/.local/lib/python3.12/site-packages/airflow/example_dags/tutorial_objectstorage.py took 0.083 seconds
[2024-08-16T13:36:01.551+0000] {processor.py:186} INFO - Started process (PID=10041) to work on /home/airflow/.local/lib/python3.12/site-packages/airflow/example_dags/tutorial_objectstorage.py
[2024-08-16T13:36:01.552+0000] {processor.py:914} INFO - Processing file /home/airflow/.local/lib/python3.12/site-packages/airflow/example_dags/tutorial_objectstorage.py for tasks to queue
[2024-08-16T13:36:01.555+0000] {logging_mixin.py:190} INFO - [2024-08-16T13:36:01.555+0000] {dagbag.py:587} INFO - Filling up the DagBag from /home/airflow/.local/lib/python3.12/site-packages/airflow/example_dags/tutorial_objectstorage.py
[2024-08-16T13:36:01.567+0000] {processor.py:925} INFO - DAG(s) 'tutorial_objectstorage' retrieved from /home/airflow/.local/lib/python3.12/site-packages/airflow/example_dags/tutorial_objectstorage.py
[2024-08-16T13:36:01.591+0000] {logging_mixin.py:190} INFO - [2024-08-16T13:36:01.591+0000] {dag.py:3211} INFO - Sync 1 DAGs
[2024-08-16T13:36:01.610+0000] {logging_mixin.py:190} INFO - [2024-08-16T13:36:01.610+0000] {dag.py:4138} INFO - Setting next_dagrun for tutorial_objectstorage to None, run_after=None
[2024-08-16T13:36:01.630+0000] {processor.py:208} INFO - Processing /home/airflow/.local/lib/python3.12/site-packages/airflow/example_dags/tutorial_objectstorage.py took 0.085 seconds
[2024-08-16T13:36:32.015+0000] {processor.py:186} INFO - Started process (PID=10327) to work on /home/airflow/.local/lib/python3.12/site-packages/airflow/example_dags/tutorial_objectstorage.py
[2024-08-16T13:36:32.016+0000] {processor.py:914} INFO - Processing file /home/airflow/.local/lib/python3.12/site-packages/airflow/example_dags/tutorial_objectstorage.py for tasks to queue
[2024-08-16T13:36:32.020+0000] {logging_mixin.py:190} INFO - [2024-08-16T13:36:32.019+0000] {dagbag.py:587} INFO - Filling up the DagBag from /home/airflow/.local/lib/python3.12/site-packages/airflow/example_dags/tutorial_objectstorage.py
[2024-08-16T13:36:32.029+0000] {processor.py:925} INFO - DAG(s) 'tutorial_objectstorage' retrieved from /home/airflow/.local/lib/python3.12/site-packages/airflow/example_dags/tutorial_objectstorage.py
[2024-08-16T13:36:32.051+0000] {logging_mixin.py:190} INFO - [2024-08-16T13:36:32.050+0000] {dag.py:3211} INFO - Sync 1 DAGs
[2024-08-16T13:36:32.068+0000] {logging_mixin.py:190} INFO - [2024-08-16T13:36:32.068+0000] {dag.py:4138} INFO - Setting next_dagrun for tutorial_objectstorage to None, run_after=None
[2024-08-16T13:36:32.091+0000] {processor.py:208} INFO - Processing /home/airflow/.local/lib/python3.12/site-packages/airflow/example_dags/tutorial_objectstorage.py took 0.083 seconds
[2024-08-16T13:37:02.387+0000] {processor.py:186} INFO - Started process (PID=10613) to work on /home/airflow/.local/lib/python3.12/site-packages/airflow/example_dags/tutorial_objectstorage.py
[2024-08-16T13:37:02.388+0000] {processor.py:914} INFO - Processing file /home/airflow/.local/lib/python3.12/site-packages/airflow/example_dags/tutorial_objectstorage.py for tasks to queue
[2024-08-16T13:37:02.391+0000] {logging_mixin.py:190} INFO - [2024-08-16T13:37:02.391+0000] {dagbag.py:587} INFO - Filling up the DagBag from /home/airflow/.local/lib/python3.12/site-packages/airflow/example_dags/tutorial_objectstorage.py
[2024-08-16T13:37:02.401+0000] {processor.py:925} INFO - DAG(s) 'tutorial_objectstorage' retrieved from /home/airflow/.local/lib/python3.12/site-packages/airflow/example_dags/tutorial_objectstorage.py
[2024-08-16T13:37:02.424+0000] {logging_mixin.py:190} INFO - [2024-08-16T13:37:02.424+0000] {dag.py:3211} INFO - Sync 1 DAGs
[2024-08-16T13:37:02.441+0000] {logging_mixin.py:190} INFO - [2024-08-16T13:37:02.441+0000] {dag.py:4138} INFO - Setting next_dagrun for tutorial_objectstorage to None, run_after=None
[2024-08-16T13:37:02.463+0000] {processor.py:208} INFO - Processing /home/airflow/.local/lib/python3.12/site-packages/airflow/example_dags/tutorial_objectstorage.py took 0.084 seconds
[2024-08-16T13:37:32.784+0000] {processor.py:186} INFO - Started process (PID=10900) to work on /home/airflow/.local/lib/python3.12/site-packages/airflow/example_dags/tutorial_objectstorage.py
[2024-08-16T13:37:32.785+0000] {processor.py:914} INFO - Processing file /home/airflow/.local/lib/python3.12/site-packages/airflow/example_dags/tutorial_objectstorage.py for tasks to queue
[2024-08-16T13:37:32.787+0000] {logging_mixin.py:190} INFO - [2024-08-16T13:37:32.787+0000] {dagbag.py:587} INFO - Filling up the DagBag from /home/airflow/.local/lib/python3.12/site-packages/airflow/example_dags/tutorial_objectstorage.py
[2024-08-16T13:37:32.797+0000] {processor.py:925} INFO - DAG(s) 'tutorial_objectstorage' retrieved from /home/airflow/.local/lib/python3.12/site-packages/airflow/example_dags/tutorial_objectstorage.py
[2024-08-16T13:37:32.821+0000] {logging_mixin.py:190} INFO - [2024-08-16T13:37:32.820+0000] {dag.py:3211} INFO - Sync 1 DAGs
[2024-08-16T13:37:32.838+0000] {logging_mixin.py:190} INFO - [2024-08-16T13:37:32.837+0000] {dag.py:4138} INFO - Setting next_dagrun for tutorial_objectstorage to None, run_after=None
[2024-08-16T13:37:32.865+0000] {processor.py:208} INFO - Processing /home/airflow/.local/lib/python3.12/site-packages/airflow/example_dags/tutorial_objectstorage.py took 0.089 seconds
[2024-08-16T13:38:03.043+0000] {processor.py:186} INFO - Started process (PID=11186) to work on /home/airflow/.local/lib/python3.12/site-packages/airflow/example_dags/tutorial_objectstorage.py
[2024-08-16T13:38:03.044+0000] {processor.py:914} INFO - Processing file /home/airflow/.local/lib/python3.12/site-packages/airflow/example_dags/tutorial_objectstorage.py for tasks to queue
[2024-08-16T13:38:03.047+0000] {logging_mixin.py:190} INFO - [2024-08-16T13:38:03.047+0000] {dagbag.py:587} INFO - Filling up the DagBag from /home/airflow/.local/lib/python3.12/site-packages/airflow/example_dags/tutorial_objectstorage.py
[2024-08-16T13:38:03.057+0000] {processor.py:925} INFO - DAG(s) 'tutorial_objectstorage' retrieved from /home/airflow/.local/lib/python3.12/site-packages/airflow/example_dags/tutorial_objectstorage.py
[2024-08-16T13:38:03.079+0000] {logging_mixin.py:190} INFO - [2024-08-16T13:38:03.079+0000] {dag.py:3211} INFO - Sync 1 DAGs
[2024-08-16T13:38:03.095+0000] {logging_mixin.py:190} INFO - [2024-08-16T13:38:03.095+0000] {dag.py:4138} INFO - Setting next_dagrun for tutorial_objectstorage to None, run_after=None
[2024-08-16T13:38:03.116+0000] {processor.py:208} INFO - Processing /home/airflow/.local/lib/python3.12/site-packages/airflow/example_dags/tutorial_objectstorage.py took 0.080 seconds
[2024-08-16T13:38:33.486+0000] {processor.py:186} INFO - Started process (PID=11472) to work on /home/airflow/.local/lib/python3.12/site-packages/airflow/example_dags/tutorial_objectstorage.py
[2024-08-16T13:38:33.487+0000] {processor.py:914} INFO - Processing file /home/airflow/.local/lib/python3.12/site-packages/airflow/example_dags/tutorial_objectstorage.py for tasks to queue
[2024-08-16T13:38:33.489+0000] {logging_mixin.py:190} INFO - [2024-08-16T13:38:33.489+0000] {dagbag.py:587} INFO - Filling up the DagBag from /home/airflow/.local/lib/python3.12/site-packages/airflow/example_dags/tutorial_objectstorage.py
[2024-08-16T13:38:33.502+0000] {processor.py:925} INFO - DAG(s) 'tutorial_objectstorage' retrieved from /home/airflow/.local/lib/python3.12/site-packages/airflow/example_dags/tutorial_objectstorage.py
[2024-08-16T13:38:33.526+0000] {logging_mixin.py:190} INFO - [2024-08-16T13:38:33.526+0000] {dag.py:3211} INFO - Sync 1 DAGs
[2024-08-16T13:38:33.542+0000] {logging_mixin.py:190} INFO - [2024-08-16T13:38:33.542+0000] {dag.py:4138} INFO - Setting next_dagrun for tutorial_objectstorage to None, run_after=None
[2024-08-16T13:38:33.564+0000] {processor.py:208} INFO - Processing /home/airflow/.local/lib/python3.12/site-packages/airflow/example_dags/tutorial_objectstorage.py took 0.085 seconds
[2024-08-16T13:39:03.647+0000] {processor.py:186} INFO - Started process (PID=11753) to work on /home/airflow/.local/lib/python3.12/site-packages/airflow/example_dags/tutorial_objectstorage.py
[2024-08-16T13:39:03.648+0000] {processor.py:914} INFO - Processing file /home/airflow/.local/lib/python3.12/site-packages/airflow/example_dags/tutorial_objectstorage.py for tasks to queue
[2024-08-16T13:39:03.651+0000] {logging_mixin.py:190} INFO - [2024-08-16T13:39:03.650+0000] {dagbag.py:587} INFO - Filling up the DagBag from /home/airflow/.local/lib/python3.12/site-packages/airflow/example_dags/tutorial_objectstorage.py
[2024-08-16T13:39:03.660+0000] {processor.py:925} INFO - DAG(s) 'tutorial_objectstorage' retrieved from /home/airflow/.local/lib/python3.12/site-packages/airflow/example_dags/tutorial_objectstorage.py
[2024-08-16T13:39:03.685+0000] {logging_mixin.py:190} INFO - [2024-08-16T13:39:03.685+0000] {dag.py:3211} INFO - Sync 1 DAGs
[2024-08-16T13:39:03.702+0000] {logging_mixin.py:190} INFO - [2024-08-16T13:39:03.701+0000] {dag.py:4138} INFO - Setting next_dagrun for tutorial_objectstorage to None, run_after=None
[2024-08-16T13:39:03.721+0000] {processor.py:208} INFO - Processing /home/airflow/.local/lib/python3.12/site-packages/airflow/example_dags/tutorial_objectstorage.py took 0.080 seconds
[2024-08-16T13:39:34.090+0000] {processor.py:186} INFO - Started process (PID=12039) to work on /home/airflow/.local/lib/python3.12/site-packages/airflow/example_dags/tutorial_objectstorage.py
[2024-08-16T13:39:34.091+0000] {processor.py:914} INFO - Processing file /home/airflow/.local/lib/python3.12/site-packages/airflow/example_dags/tutorial_objectstorage.py for tasks to queue
[2024-08-16T13:39:34.094+0000] {logging_mixin.py:190} INFO - [2024-08-16T13:39:34.094+0000] {dagbag.py:587} INFO - Filling up the DagBag from /home/airflow/.local/lib/python3.12/site-packages/airflow/example_dags/tutorial_objectstorage.py
[2024-08-16T13:39:34.103+0000] {processor.py:925} INFO - DAG(s) 'tutorial_objectstorage' retrieved from /home/airflow/.local/lib/python3.12/site-packages/airflow/example_dags/tutorial_objectstorage.py
[2024-08-16T13:39:34.125+0000] {logging_mixin.py:190} INFO - [2024-08-16T13:39:34.124+0000] {dag.py:3211} INFO - Sync 1 DAGs
[2024-08-16T13:39:34.140+0000] {logging_mixin.py:190} INFO - [2024-08-16T13:39:34.140+0000] {dag.py:4138} INFO - Setting next_dagrun for tutorial_objectstorage to None, run_after=None
[2024-08-16T13:39:34.159+0000] {processor.py:208} INFO - Processing /home/airflow/.local/lib/python3.12/site-packages/airflow/example_dags/tutorial_objectstorage.py took 0.076 seconds
[2024-08-16T13:40:05.064+0000] {processor.py:186} INFO - Started process (PID=12325) to work on /home/airflow/.local/lib/python3.12/site-packages/airflow/example_dags/tutorial_objectstorage.py
[2024-08-16T13:40:05.065+0000] {processor.py:914} INFO - Processing file /home/airflow/.local/lib/python3.12/site-packages/airflow/example_dags/tutorial_objectstorage.py for tasks to queue
[2024-08-16T13:40:05.068+0000] {logging_mixin.py:190} INFO - [2024-08-16T13:40:05.067+0000] {dagbag.py:587} INFO - Filling up the DagBag from /home/airflow/.local/lib/python3.12/site-packages/airflow/example_dags/tutorial_objectstorage.py
[2024-08-16T13:40:05.076+0000] {processor.py:925} INFO - DAG(s) 'tutorial_objectstorage' retrieved from /home/airflow/.local/lib/python3.12/site-packages/airflow/example_dags/tutorial_objectstorage.py
[2024-08-16T13:40:05.098+0000] {logging_mixin.py:190} INFO - [2024-08-16T13:40:05.098+0000] {dag.py:3211} INFO - Sync 1 DAGs
[2024-08-16T13:40:05.114+0000] {logging_mixin.py:190} INFO - [2024-08-16T13:40:05.113+0000] {dag.py:4138} INFO - Setting next_dagrun for tutorial_objectstorage to None, run_after=None
[2024-08-16T13:40:05.132+0000] {processor.py:208} INFO - Processing /home/airflow/.local/lib/python3.12/site-packages/airflow/example_dags/tutorial_objectstorage.py took 0.076 seconds
[2024-08-16T13:40:35.647+0000] {processor.py:186} INFO - Started process (PID=12611) to work on /home/airflow/.local/lib/python3.12/site-packages/airflow/example_dags/tutorial_objectstorage.py
[2024-08-16T13:40:35.648+0000] {processor.py:914} INFO - Processing file /home/airflow/.local/lib/python3.12/site-packages/airflow/example_dags/tutorial_objectstorage.py for tasks to queue
[2024-08-16T13:40:35.651+0000] {logging_mixin.py:190} INFO - [2024-08-16T13:40:35.651+0000] {dagbag.py:587} INFO - Filling up the DagBag from /home/airflow/.local/lib/python3.12/site-packages/airflow/example_dags/tutorial_objectstorage.py
[2024-08-16T13:40:35.660+0000] {processor.py:925} INFO - DAG(s) 'tutorial_objectstorage' retrieved from /home/airflow/.local/lib/python3.12/site-packages/airflow/example_dags/tutorial_objectstorage.py
[2024-08-16T13:40:35.681+0000] {logging_mixin.py:190} INFO - [2024-08-16T13:40:35.681+0000] {dag.py:3211} INFO - Sync 1 DAGs
[2024-08-16T13:40:35.697+0000] {logging_mixin.py:190} INFO - [2024-08-16T13:40:35.696+0000] {dag.py:4138} INFO - Setting next_dagrun for tutorial_objectstorage to None, run_after=None
[2024-08-16T13:40:35.716+0000] {processor.py:208} INFO - Processing /home/airflow/.local/lib/python3.12/site-packages/airflow/example_dags/tutorial_objectstorage.py took 0.075 seconds
[2024-08-16T13:41:06.573+0000] {processor.py:186} INFO - Started process (PID=12897) to work on /home/airflow/.local/lib/python3.12/site-packages/airflow/example_dags/tutorial_objectstorage.py
[2024-08-16T13:41:06.574+0000] {processor.py:914} INFO - Processing file /home/airflow/.local/lib/python3.12/site-packages/airflow/example_dags/tutorial_objectstorage.py for tasks to queue
[2024-08-16T13:41:06.578+0000] {logging_mixin.py:190} INFO - [2024-08-16T13:41:06.577+0000] {dagbag.py:587} INFO - Filling up the DagBag from /home/airflow/.local/lib/python3.12/site-packages/airflow/example_dags/tutorial_objectstorage.py
[2024-08-16T13:41:06.592+0000] {processor.py:925} INFO - DAG(s) 'tutorial_objectstorage' retrieved from /home/airflow/.local/lib/python3.12/site-packages/airflow/example_dags/tutorial_objectstorage.py
[2024-08-16T13:41:06.614+0000] {logging_mixin.py:190} INFO - [2024-08-16T13:41:06.613+0000] {dag.py:3211} INFO - Sync 1 DAGs
[2024-08-16T13:41:06.631+0000] {logging_mixin.py:190} INFO - [2024-08-16T13:41:06.630+0000] {dag.py:4138} INFO - Setting next_dagrun for tutorial_objectstorage to None, run_after=None
[2024-08-16T13:41:06.661+0000] {processor.py:208} INFO - Processing /home/airflow/.local/lib/python3.12/site-packages/airflow/example_dags/tutorial_objectstorage.py took 0.098 seconds
[2024-08-16T13:41:37.054+0000] {processor.py:186} INFO - Started process (PID=13183) to work on /home/airflow/.local/lib/python3.12/site-packages/airflow/example_dags/tutorial_objectstorage.py
[2024-08-16T13:41:37.055+0000] {processor.py:914} INFO - Processing file /home/airflow/.local/lib/python3.12/site-packages/airflow/example_dags/tutorial_objectstorage.py for tasks to queue
[2024-08-16T13:41:37.057+0000] {logging_mixin.py:190} INFO - [2024-08-16T13:41:37.057+0000] {dagbag.py:587} INFO - Filling up the DagBag from /home/airflow/.local/lib/python3.12/site-packages/airflow/example_dags/tutorial_objectstorage.py
[2024-08-16T13:41:37.069+0000] {processor.py:925} INFO - DAG(s) 'tutorial_objectstorage' retrieved from /home/airflow/.local/lib/python3.12/site-packages/airflow/example_dags/tutorial_objectstorage.py
[2024-08-16T13:41:37.091+0000] {logging_mixin.py:190} INFO - [2024-08-16T13:41:37.091+0000] {dag.py:3211} INFO - Sync 1 DAGs
[2024-08-16T13:41:37.108+0000] {logging_mixin.py:190} INFO - [2024-08-16T13:41:37.108+0000] {dag.py:4138} INFO - Setting next_dagrun for tutorial_objectstorage to None, run_after=None
[2024-08-16T13:41:37.134+0000] {processor.py:208} INFO - Processing /home/airflow/.local/lib/python3.12/site-packages/airflow/example_dags/tutorial_objectstorage.py took 0.087 seconds
[2024-08-16T13:42:07.815+0000] {processor.py:186} INFO - Started process (PID=13469) to work on /home/airflow/.local/lib/python3.12/site-packages/airflow/example_dags/tutorial_objectstorage.py
[2024-08-16T13:42:07.817+0000] {processor.py:914} INFO - Processing file /home/airflow/.local/lib/python3.12/site-packages/airflow/example_dags/tutorial_objectstorage.py for tasks to queue
[2024-08-16T13:42:07.820+0000] {logging_mixin.py:190} INFO - [2024-08-16T13:42:07.820+0000] {dagbag.py:587} INFO - Filling up the DagBag from /home/airflow/.local/lib/python3.12/site-packages/airflow/example_dags/tutorial_objectstorage.py
[2024-08-16T13:42:07.833+0000] {processor.py:925} INFO - DAG(s) 'tutorial_objectstorage' retrieved from /home/airflow/.local/lib/python3.12/site-packages/airflow/example_dags/tutorial_objectstorage.py
[2024-08-16T13:42:07.858+0000] {logging_mixin.py:190} INFO - [2024-08-16T13:42:07.858+0000] {dag.py:3211} INFO - Sync 1 DAGs
[2024-08-16T13:42:07.878+0000] {logging_mixin.py:190} INFO - [2024-08-16T13:42:07.878+0000] {dag.py:4138} INFO - Setting next_dagrun for tutorial_objectstorage to None, run_after=None
[2024-08-16T13:42:07.903+0000] {processor.py:208} INFO - Processing /home/airflow/.local/lib/python3.12/site-packages/airflow/example_dags/tutorial_objectstorage.py took 0.098 seconds
[2024-08-16T13:42:38.765+0000] {processor.py:186} INFO - Started process (PID=13755) to work on /home/airflow/.local/lib/python3.12/site-packages/airflow/example_dags/tutorial_objectstorage.py
[2024-08-16T13:42:38.767+0000] {processor.py:914} INFO - Processing file /home/airflow/.local/lib/python3.12/site-packages/airflow/example_dags/tutorial_objectstorage.py for tasks to queue
[2024-08-16T13:42:38.769+0000] {logging_mixin.py:190} INFO - [2024-08-16T13:42:38.769+0000] {dagbag.py:587} INFO - Filling up the DagBag from /home/airflow/.local/lib/python3.12/site-packages/airflow/example_dags/tutorial_objectstorage.py
[2024-08-16T13:42:38.779+0000] {processor.py:925} INFO - DAG(s) 'tutorial_objectstorage' retrieved from /home/airflow/.local/lib/python3.12/site-packages/airflow/example_dags/tutorial_objectstorage.py
[2024-08-16T13:42:38.801+0000] {logging_mixin.py:190} INFO - [2024-08-16T13:42:38.801+0000] {dag.py:3211} INFO - Sync 1 DAGs
[2024-08-16T13:42:38.817+0000] {logging_mixin.py:190} INFO - [2024-08-16T13:42:38.817+0000] {dag.py:4138} INFO - Setting next_dagrun for tutorial_objectstorage to None, run_after=None
[2024-08-16T13:42:38.849+0000] {processor.py:208} INFO - Processing /home/airflow/.local/lib/python3.12/site-packages/airflow/example_dags/tutorial_objectstorage.py took 0.093 seconds
[2024-08-16T13:43:09.652+0000] {processor.py:186} INFO - Started process (PID=14041) to work on /home/airflow/.local/lib/python3.12/site-packages/airflow/example_dags/tutorial_objectstorage.py
[2024-08-16T13:43:09.653+0000] {processor.py:914} INFO - Processing file /home/airflow/.local/lib/python3.12/site-packages/airflow/example_dags/tutorial_objectstorage.py for tasks to queue
[2024-08-16T13:43:09.656+0000] {logging_mixin.py:190} INFO - [2024-08-16T13:43:09.655+0000] {dagbag.py:587} INFO - Filling up the DagBag from /home/airflow/.local/lib/python3.12/site-packages/airflow/example_dags/tutorial_objectstorage.py
[2024-08-16T13:43:09.668+0000] {processor.py:925} INFO - DAG(s) 'tutorial_objectstorage' retrieved from /home/airflow/.local/lib/python3.12/site-packages/airflow/example_dags/tutorial_objectstorage.py
[2024-08-16T13:43:09.689+0000] {logging_mixin.py:190} INFO - [2024-08-16T13:43:09.688+0000] {dag.py:3211} INFO - Sync 1 DAGs
[2024-08-16T13:43:09.704+0000] {logging_mixin.py:190} INFO - [2024-08-16T13:43:09.704+0000] {dag.py:4138} INFO - Setting next_dagrun for tutorial_objectstorage to None, run_after=None
[2024-08-16T13:43:09.728+0000] {processor.py:208} INFO - Processing /home/airflow/.local/lib/python3.12/site-packages/airflow/example_dags/tutorial_objectstorage.py took 0.083 seconds
[2024-08-16T13:43:40.129+0000] {processor.py:186} INFO - Started process (PID=14327) to work on /home/airflow/.local/lib/python3.12/site-packages/airflow/example_dags/tutorial_objectstorage.py
[2024-08-16T13:43:40.131+0000] {processor.py:914} INFO - Processing file /home/airflow/.local/lib/python3.12/site-packages/airflow/example_dags/tutorial_objectstorage.py for tasks to queue
[2024-08-16T13:43:40.133+0000] {logging_mixin.py:190} INFO - [2024-08-16T13:43:40.133+0000] {dagbag.py:587} INFO - Filling up the DagBag from /home/airflow/.local/lib/python3.12/site-packages/airflow/example_dags/tutorial_objectstorage.py
[2024-08-16T13:43:40.144+0000] {processor.py:925} INFO - DAG(s) 'tutorial_objectstorage' retrieved from /home/airflow/.local/lib/python3.12/site-packages/airflow/example_dags/tutorial_objectstorage.py
[2024-08-16T13:43:40.167+0000] {logging_mixin.py:190} INFO - [2024-08-16T13:43:40.167+0000] {dag.py:3211} INFO - Sync 1 DAGs
[2024-08-16T13:43:40.183+0000] {logging_mixin.py:190} INFO - [2024-08-16T13:43:40.183+0000] {dag.py:4138} INFO - Setting next_dagrun for tutorial_objectstorage to None, run_after=None
[2024-08-16T13:43:40.203+0000] {processor.py:208} INFO - Processing /home/airflow/.local/lib/python3.12/site-packages/airflow/example_dags/tutorial_objectstorage.py took 0.081 seconds
[2024-08-16T13:44:10.805+0000] {processor.py:186} INFO - Started process (PID=14613) to work on /home/airflow/.local/lib/python3.12/site-packages/airflow/example_dags/tutorial_objectstorage.py
[2024-08-16T13:44:10.806+0000] {processor.py:914} INFO - Processing file /home/airflow/.local/lib/python3.12/site-packages/airflow/example_dags/tutorial_objectstorage.py for tasks to queue
[2024-08-16T13:44:10.808+0000] {logging_mixin.py:190} INFO - [2024-08-16T13:44:10.808+0000] {dagbag.py:587} INFO - Filling up the DagBag from /home/airflow/.local/lib/python3.12/site-packages/airflow/example_dags/tutorial_objectstorage.py
[2024-08-16T13:44:10.821+0000] {processor.py:925} INFO - DAG(s) 'tutorial_objectstorage' retrieved from /home/airflow/.local/lib/python3.12/site-packages/airflow/example_dags/tutorial_objectstorage.py
[2024-08-16T13:44:10.843+0000] {logging_mixin.py:190} INFO - [2024-08-16T13:44:10.843+0000] {dag.py:3211} INFO - Sync 1 DAGs
[2024-08-16T13:44:10.859+0000] {logging_mixin.py:190} INFO - [2024-08-16T13:44:10.859+0000] {dag.py:4138} INFO - Setting next_dagrun for tutorial_objectstorage to None, run_after=None
[2024-08-16T13:44:10.880+0000] {processor.py:208} INFO - Processing /home/airflow/.local/lib/python3.12/site-packages/airflow/example_dags/tutorial_objectstorage.py took 0.082 seconds
[2024-08-16T13:44:41.251+0000] {processor.py:186} INFO - Started process (PID=14899) to work on /home/airflow/.local/lib/python3.12/site-packages/airflow/example_dags/tutorial_objectstorage.py
[2024-08-16T13:44:41.253+0000] {processor.py:914} INFO - Processing file /home/airflow/.local/lib/python3.12/site-packages/airflow/example_dags/tutorial_objectstorage.py for tasks to queue
[2024-08-16T13:44:41.255+0000] {logging_mixin.py:190} INFO - [2024-08-16T13:44:41.255+0000] {dagbag.py:587} INFO - Filling up the DagBag from /home/airflow/.local/lib/python3.12/site-packages/airflow/example_dags/tutorial_objectstorage.py
[2024-08-16T13:44:41.264+0000] {processor.py:925} INFO - DAG(s) 'tutorial_objectstorage' retrieved from /home/airflow/.local/lib/python3.12/site-packages/airflow/example_dags/tutorial_objectstorage.py
[2024-08-16T13:44:41.285+0000] {logging_mixin.py:190} INFO - [2024-08-16T13:44:41.285+0000] {dag.py:3211} INFO - Sync 1 DAGs
[2024-08-16T13:44:41.301+0000] {logging_mixin.py:190} INFO - [2024-08-16T13:44:41.301+0000] {dag.py:4138} INFO - Setting next_dagrun for tutorial_objectstorage to None, run_after=None
[2024-08-16T13:44:41.322+0000] {processor.py:208} INFO - Processing /home/airflow/.local/lib/python3.12/site-packages/airflow/example_dags/tutorial_objectstorage.py took 0.077 seconds
[2024-08-16T13:45:12.137+0000] {processor.py:186} INFO - Started process (PID=15185) to work on /home/airflow/.local/lib/python3.12/site-packages/airflow/example_dags/tutorial_objectstorage.py
[2024-08-16T13:45:12.138+0000] {processor.py:914} INFO - Processing file /home/airflow/.local/lib/python3.12/site-packages/airflow/example_dags/tutorial_objectstorage.py for tasks to queue
[2024-08-16T13:45:12.141+0000] {logging_mixin.py:190} INFO - [2024-08-16T13:45:12.140+0000] {dagbag.py:587} INFO - Filling up the DagBag from /home/airflow/.local/lib/python3.12/site-packages/airflow/example_dags/tutorial_objectstorage.py
[2024-08-16T13:45:12.155+0000] {processor.py:925} INFO - DAG(s) 'tutorial_objectstorage' retrieved from /home/airflow/.local/lib/python3.12/site-packages/airflow/example_dags/tutorial_objectstorage.py
[2024-08-16T13:45:12.187+0000] {logging_mixin.py:190} INFO - [2024-08-16T13:45:12.187+0000] {dag.py:3211} INFO - Sync 1 DAGs
[2024-08-16T13:45:12.209+0000] {logging_mixin.py:190} INFO - [2024-08-16T13:45:12.209+0000] {dag.py:4138} INFO - Setting next_dagrun for tutorial_objectstorage to None, run_after=None
[2024-08-16T13:45:12.235+0000] {processor.py:208} INFO - Processing /home/airflow/.local/lib/python3.12/site-packages/airflow/example_dags/tutorial_objectstorage.py took 0.108 seconds
[2024-08-16T13:45:42.823+0000] {processor.py:186} INFO - Started process (PID=15471) to work on /home/airflow/.local/lib/python3.12/site-packages/airflow/example_dags/tutorial_objectstorage.py
[2024-08-16T13:45:42.825+0000] {processor.py:914} INFO - Processing file /home/airflow/.local/lib/python3.12/site-packages/airflow/example_dags/tutorial_objectstorage.py for tasks to queue
[2024-08-16T13:45:42.828+0000] {logging_mixin.py:190} INFO - [2024-08-16T13:45:42.827+0000] {dagbag.py:587} INFO - Filling up the DagBag from /home/airflow/.local/lib/python3.12/site-packages/airflow/example_dags/tutorial_objectstorage.py
[2024-08-16T13:45:42.838+0000] {processor.py:925} INFO - DAG(s) 'tutorial_objectstorage' retrieved from /home/airflow/.local/lib/python3.12/site-packages/airflow/example_dags/tutorial_objectstorage.py
[2024-08-16T13:45:42.864+0000] {logging_mixin.py:190} INFO - [2024-08-16T13:45:42.864+0000] {dag.py:3211} INFO - Sync 1 DAGs
[2024-08-16T13:45:42.885+0000] {logging_mixin.py:190} INFO - [2024-08-16T13:45:42.885+0000] {dag.py:4138} INFO - Setting next_dagrun for tutorial_objectstorage to None, run_after=None
[2024-08-16T13:45:42.908+0000] {processor.py:208} INFO - Processing /home/airflow/.local/lib/python3.12/site-packages/airflow/example_dags/tutorial_objectstorage.py took 0.091 seconds
[2024-08-16T13:46:14.025+0000] {processor.py:186} INFO - Started process (PID=15759) to work on /home/airflow/.local/lib/python3.12/site-packages/airflow/example_dags/tutorial_objectstorage.py
[2024-08-16T13:46:14.027+0000] {processor.py:914} INFO - Processing file /home/airflow/.local/lib/python3.12/site-packages/airflow/example_dags/tutorial_objectstorage.py for tasks to queue
[2024-08-16T13:46:14.030+0000] {logging_mixin.py:190} INFO - [2024-08-16T13:46:14.030+0000] {dagbag.py:587} INFO - Filling up the DagBag from /home/airflow/.local/lib/python3.12/site-packages/airflow/example_dags/tutorial_objectstorage.py
[2024-08-16T13:46:14.040+0000] {processor.py:925} INFO - DAG(s) 'tutorial_objectstorage' retrieved from /home/airflow/.local/lib/python3.12/site-packages/airflow/example_dags/tutorial_objectstorage.py
[2024-08-16T13:46:14.060+0000] {logging_mixin.py:190} INFO - [2024-08-16T13:46:14.059+0000] {dag.py:3211} INFO - Sync 1 DAGs
[2024-08-16T13:46:14.074+0000] {logging_mixin.py:190} INFO - [2024-08-16T13:46:14.074+0000] {dag.py:4138} INFO - Setting next_dagrun for tutorial_objectstorage to None, run_after=None
[2024-08-16T13:46:14.096+0000] {processor.py:208} INFO - Processing /home/airflow/.local/lib/python3.12/site-packages/airflow/example_dags/tutorial_objectstorage.py took 0.078 seconds
[2024-08-16T13:46:44.548+0000] {processor.py:186} INFO - Started process (PID=16045) to work on /home/airflow/.local/lib/python3.12/site-packages/airflow/example_dags/tutorial_objectstorage.py
[2024-08-16T13:46:44.551+0000] {processor.py:914} INFO - Processing file /home/airflow/.local/lib/python3.12/site-packages/airflow/example_dags/tutorial_objectstorage.py for tasks to queue
[2024-08-16T13:46:44.556+0000] {logging_mixin.py:190} INFO - [2024-08-16T13:46:44.555+0000] {dagbag.py:587} INFO - Filling up the DagBag from /home/airflow/.local/lib/python3.12/site-packages/airflow/example_dags/tutorial_objectstorage.py
[2024-08-16T13:46:44.582+0000] {processor.py:925} INFO - DAG(s) 'tutorial_objectstorage' retrieved from /home/airflow/.local/lib/python3.12/site-packages/airflow/example_dags/tutorial_objectstorage.py
[2024-08-16T13:46:44.627+0000] {logging_mixin.py:190} INFO - [2024-08-16T13:46:44.626+0000] {dag.py:3211} INFO - Sync 1 DAGs
[2024-08-16T13:46:44.655+0000] {logging_mixin.py:190} INFO - [2024-08-16T13:46:44.654+0000] {dag.py:4138} INFO - Setting next_dagrun for tutorial_objectstorage to None, run_after=None
[2024-08-16T13:46:44.695+0000] {processor.py:208} INFO - Processing /home/airflow/.local/lib/python3.12/site-packages/airflow/example_dags/tutorial_objectstorage.py took 0.162 seconds
[2024-08-16T13:47:14.797+0000] {processor.py:186} INFO - Started process (PID=16329) to work on /home/airflow/.local/lib/python3.12/site-packages/airflow/example_dags/tutorial_objectstorage.py
[2024-08-16T13:47:14.799+0000] {processor.py:914} INFO - Processing file /home/airflow/.local/lib/python3.12/site-packages/airflow/example_dags/tutorial_objectstorage.py for tasks to queue
[2024-08-16T13:47:14.802+0000] {logging_mixin.py:190} INFO - [2024-08-16T13:47:14.801+0000] {dagbag.py:587} INFO - Filling up the DagBag from /home/airflow/.local/lib/python3.12/site-packages/airflow/example_dags/tutorial_objectstorage.py
[2024-08-16T13:47:14.817+0000] {processor.py:925} INFO - DAG(s) 'tutorial_objectstorage' retrieved from /home/airflow/.local/lib/python3.12/site-packages/airflow/example_dags/tutorial_objectstorage.py
[2024-08-16T13:47:14.842+0000] {logging_mixin.py:190} INFO - [2024-08-16T13:47:14.842+0000] {dag.py:3211} INFO - Sync 1 DAGs
[2024-08-16T13:47:14.860+0000] {logging_mixin.py:190} INFO - [2024-08-16T13:47:14.860+0000] {dag.py:4138} INFO - Setting next_dagrun for tutorial_objectstorage to None, run_after=None
[2024-08-16T13:47:14.886+0000] {processor.py:208} INFO - Processing /home/airflow/.local/lib/python3.12/site-packages/airflow/example_dags/tutorial_objectstorage.py took 0.097 seconds
[2024-08-16T13:47:45.500+0000] {processor.py:186} INFO - Started process (PID=16615) to work on /home/airflow/.local/lib/python3.12/site-packages/airflow/example_dags/tutorial_objectstorage.py
[2024-08-16T13:47:45.502+0000] {processor.py:914} INFO - Processing file /home/airflow/.local/lib/python3.12/site-packages/airflow/example_dags/tutorial_objectstorage.py for tasks to queue
[2024-08-16T13:47:45.506+0000] {logging_mixin.py:190} INFO - [2024-08-16T13:47:45.505+0000] {dagbag.py:587} INFO - Filling up the DagBag from /home/airflow/.local/lib/python3.12/site-packages/airflow/example_dags/tutorial_objectstorage.py
[2024-08-16T13:47:45.519+0000] {processor.py:925} INFO - DAG(s) 'tutorial_objectstorage' retrieved from /home/airflow/.local/lib/python3.12/site-packages/airflow/example_dags/tutorial_objectstorage.py
[2024-08-16T13:47:45.550+0000] {logging_mixin.py:190} INFO - [2024-08-16T13:47:45.550+0000] {dag.py:3211} INFO - Sync 1 DAGs
[2024-08-16T13:47:45.578+0000] {logging_mixin.py:190} INFO - [2024-08-16T13:47:45.578+0000] {dag.py:4138} INFO - Setting next_dagrun for tutorial_objectstorage to None, run_after=None
[2024-08-16T13:47:45.605+0000] {processor.py:208} INFO - Processing /home/airflow/.local/lib/python3.12/site-packages/airflow/example_dags/tutorial_objectstorage.py took 0.113 seconds
[2024-08-16T13:48:15.814+0000] {processor.py:186} INFO - Started process (PID=16902) to work on /home/airflow/.local/lib/python3.12/site-packages/airflow/example_dags/tutorial_objectstorage.py
[2024-08-16T13:48:15.815+0000] {processor.py:914} INFO - Processing file /home/airflow/.local/lib/python3.12/site-packages/airflow/example_dags/tutorial_objectstorage.py for tasks to queue
[2024-08-16T13:48:15.819+0000] {logging_mixin.py:190} INFO - [2024-08-16T13:48:15.819+0000] {dagbag.py:587} INFO - Filling up the DagBag from /home/airflow/.local/lib/python3.12/site-packages/airflow/example_dags/tutorial_objectstorage.py
[2024-08-16T13:48:15.833+0000] {processor.py:925} INFO - DAG(s) 'tutorial_objectstorage' retrieved from /home/airflow/.local/lib/python3.12/site-packages/airflow/example_dags/tutorial_objectstorage.py
[2024-08-16T13:48:15.857+0000] {logging_mixin.py:190} INFO - [2024-08-16T13:48:15.857+0000] {dag.py:3211} INFO - Sync 1 DAGs
[2024-08-16T13:48:15.873+0000] {logging_mixin.py:190} INFO - [2024-08-16T13:48:15.873+0000] {dag.py:4138} INFO - Setting next_dagrun for tutorial_objectstorage to None, run_after=None
[2024-08-16T13:48:15.917+0000] {processor.py:208} INFO - Processing /home/airflow/.local/lib/python3.12/site-packages/airflow/example_dags/tutorial_objectstorage.py took 0.110 seconds
[2024-08-16T13:48:46.650+0000] {processor.py:186} INFO - Started process (PID=17188) to work on /home/airflow/.local/lib/python3.12/site-packages/airflow/example_dags/tutorial_objectstorage.py
[2024-08-16T13:48:46.651+0000] {processor.py:914} INFO - Processing file /home/airflow/.local/lib/python3.12/site-packages/airflow/example_dags/tutorial_objectstorage.py for tasks to queue
[2024-08-16T13:48:46.654+0000] {logging_mixin.py:190} INFO - [2024-08-16T13:48:46.653+0000] {dagbag.py:587} INFO - Filling up the DagBag from /home/airflow/.local/lib/python3.12/site-packages/airflow/example_dags/tutorial_objectstorage.py
[2024-08-16T13:48:46.663+0000] {processor.py:925} INFO - DAG(s) 'tutorial_objectstorage' retrieved from /home/airflow/.local/lib/python3.12/site-packages/airflow/example_dags/tutorial_objectstorage.py
[2024-08-16T13:48:46.685+0000] {logging_mixin.py:190} INFO - [2024-08-16T13:48:46.684+0000] {dag.py:3211} INFO - Sync 1 DAGs
[2024-08-16T13:48:46.700+0000] {logging_mixin.py:190} INFO - [2024-08-16T13:48:46.700+0000] {dag.py:4138} INFO - Setting next_dagrun for tutorial_objectstorage to None, run_after=None
[2024-08-16T13:48:46.721+0000] {processor.py:208} INFO - Processing /home/airflow/.local/lib/python3.12/site-packages/airflow/example_dags/tutorial_objectstorage.py took 0.077 seconds
[2024-08-16T13:49:17.419+0000] {processor.py:186} INFO - Started process (PID=17474) to work on /home/airflow/.local/lib/python3.12/site-packages/airflow/example_dags/tutorial_objectstorage.py
[2024-08-16T13:49:17.420+0000] {processor.py:914} INFO - Processing file /home/airflow/.local/lib/python3.12/site-packages/airflow/example_dags/tutorial_objectstorage.py for tasks to queue
[2024-08-16T13:49:17.424+0000] {logging_mixin.py:190} INFO - [2024-08-16T13:49:17.423+0000] {dagbag.py:587} INFO - Filling up the DagBag from /home/airflow/.local/lib/python3.12/site-packages/airflow/example_dags/tutorial_objectstorage.py
[2024-08-16T13:49:17.448+0000] {processor.py:925} INFO - DAG(s) 'tutorial_objectstorage' retrieved from /home/airflow/.local/lib/python3.12/site-packages/airflow/example_dags/tutorial_objectstorage.py
[2024-08-16T13:49:17.501+0000] {logging_mixin.py:190} INFO - [2024-08-16T13:49:17.501+0000] {dag.py:3211} INFO - Sync 1 DAGs
[2024-08-16T13:49:17.526+0000] {logging_mixin.py:190} INFO - [2024-08-16T13:49:17.526+0000] {dag.py:4138} INFO - Setting next_dagrun for tutorial_objectstorage to None, run_after=None
[2024-08-16T13:49:17.558+0000] {processor.py:208} INFO - Processing /home/airflow/.local/lib/python3.12/site-packages/airflow/example_dags/tutorial_objectstorage.py took 0.150 seconds
[2024-08-16T13:49:48.002+0000] {processor.py:186} INFO - Started process (PID=17766) to work on /home/airflow/.local/lib/python3.12/site-packages/airflow/example_dags/tutorial_objectstorage.py
[2024-08-16T13:49:48.003+0000] {processor.py:914} INFO - Processing file /home/airflow/.local/lib/python3.12/site-packages/airflow/example_dags/tutorial_objectstorage.py for tasks to queue
[2024-08-16T13:49:48.006+0000] {logging_mixin.py:190} INFO - [2024-08-16T13:49:48.006+0000] {dagbag.py:587} INFO - Filling up the DagBag from /home/airflow/.local/lib/python3.12/site-packages/airflow/example_dags/tutorial_objectstorage.py
[2024-08-16T13:49:48.020+0000] {processor.py:925} INFO - DAG(s) 'tutorial_objectstorage' retrieved from /home/airflow/.local/lib/python3.12/site-packages/airflow/example_dags/tutorial_objectstorage.py
[2024-08-16T13:49:48.042+0000] {logging_mixin.py:190} INFO - [2024-08-16T13:49:48.041+0000] {dag.py:3211} INFO - Sync 1 DAGs
[2024-08-16T13:49:48.062+0000] {logging_mixin.py:190} INFO - [2024-08-16T13:49:48.061+0000] {dag.py:4138} INFO - Setting next_dagrun for tutorial_objectstorage to None, run_after=None
[2024-08-16T13:49:48.083+0000] {processor.py:208} INFO - Processing /home/airflow/.local/lib/python3.12/site-packages/airflow/example_dags/tutorial_objectstorage.py took 0.089 seconds
[2024-08-16T13:50:20.263+0000] {processor.py:186} INFO - Started process (PID=18054) to work on /home/airflow/.local/lib/python3.12/site-packages/airflow/example_dags/tutorial_objectstorage.py
[2024-08-16T13:50:20.264+0000] {processor.py:914} INFO - Processing file /home/airflow/.local/lib/python3.12/site-packages/airflow/example_dags/tutorial_objectstorage.py for tasks to queue
[2024-08-16T13:50:20.266+0000] {logging_mixin.py:190} INFO - [2024-08-16T13:50:20.266+0000] {dagbag.py:587} INFO - Filling up the DagBag from /home/airflow/.local/lib/python3.12/site-packages/airflow/example_dags/tutorial_objectstorage.py
[2024-08-16T13:50:20.276+0000] {processor.py:925} INFO - DAG(s) 'tutorial_objectstorage' retrieved from /home/airflow/.local/lib/python3.12/site-packages/airflow/example_dags/tutorial_objectstorage.py
[2024-08-16T13:50:20.297+0000] {logging_mixin.py:190} INFO - [2024-08-16T13:50:20.297+0000] {dag.py:3211} INFO - Sync 1 DAGs
[2024-08-16T13:50:20.505+0000] {logging_mixin.py:190} INFO - [2024-08-16T13:50:20.505+0000] {dag.py:4138} INFO - Setting next_dagrun for tutorial_objectstorage to None, run_after=None
[2024-08-16T13:50:20.525+0000] {processor.py:208} INFO - Processing /home/airflow/.local/lib/python3.12/site-packages/airflow/example_dags/tutorial_objectstorage.py took 0.270 seconds
