[2024-08-16T13:18:38.905+0000] {processor.py:186} INFO - Started process (PID=236) to work on /home/airflow/.local/lib/python3.12/site-packages/airflow/example_dags/tutorial.py
[2024-08-16T13:18:38.906+0000] {processor.py:914} INFO - Processing file /home/airflow/.local/lib/python3.12/site-packages/airflow/example_dags/tutorial.py for tasks to queue
[2024-08-16T13:18:38.908+0000] {logging_mixin.py:190} INFO - [2024-08-16T13:18:38.908+0000] {dagbag.py:587} INFO - Filling up the DagBag from /home/airflow/.local/lib/python3.12/site-packages/airflow/example_dags/tutorial.py
[2024-08-16T13:18:38.918+0000] {processor.py:925} INFO - DAG(s) 'tutorial' retrieved from /home/airflow/.local/lib/python3.12/site-packages/airflow/example_dags/tutorial.py
[2024-08-16T13:18:39.042+0000] {logging_mixin.py:190} INFO - [2024-08-16T13:18:39.041+0000] {override.py:1858} INFO - Created Permission View: can read on DAG:tutorial
[2024-08-16T13:18:39.054+0000] {logging_mixin.py:190} INFO - [2024-08-16T13:18:39.054+0000] {override.py:1858} INFO - Created Permission View: can edit on DAG:tutorial
[2024-08-16T13:18:39.062+0000] {logging_mixin.py:190} INFO - [2024-08-16T13:18:39.061+0000] {override.py:1858} INFO - Created Permission View: can delete on DAG:tutorial
[2024-08-16T13:18:39.063+0000] {logging_mixin.py:190} INFO - [2024-08-16T13:18:39.062+0000] {dag.py:3211} INFO - Sync 1 DAGs
[2024-08-16T13:18:39.078+0000] {logging_mixin.py:190} INFO - [2024-08-16T13:18:39.077+0000] {dag.py:3234} INFO - Creating ORM DAG for tutorial
[2024-08-16T13:18:39.089+0000] {logging_mixin.py:190} INFO - [2024-08-16T13:18:39.089+0000] {dag.py:4138} INFO - Setting next_dagrun for tutorial to 2024-08-15 00:00:00+00:00, run_after=2024-08-16 00:00:00+00:00
[2024-08-16T13:18:39.120+0000] {processor.py:208} INFO - Processing /home/airflow/.local/lib/python3.12/site-packages/airflow/example_dags/tutorial.py took 0.222 seconds
[2024-08-16T13:19:09.267+0000] {processor.py:186} INFO - Started process (PID=522) to work on /home/airflow/.local/lib/python3.12/site-packages/airflow/example_dags/tutorial.py
[2024-08-16T13:19:09.268+0000] {processor.py:914} INFO - Processing file /home/airflow/.local/lib/python3.12/site-packages/airflow/example_dags/tutorial.py for tasks to queue
[2024-08-16T13:19:09.270+0000] {logging_mixin.py:190} INFO - [2024-08-16T13:19:09.270+0000] {dagbag.py:587} INFO - Filling up the DagBag from /home/airflow/.local/lib/python3.12/site-packages/airflow/example_dags/tutorial.py
[2024-08-16T13:19:09.279+0000] {processor.py:925} INFO - DAG(s) 'tutorial' retrieved from /home/airflow/.local/lib/python3.12/site-packages/airflow/example_dags/tutorial.py
[2024-08-16T13:19:09.300+0000] {logging_mixin.py:190} INFO - [2024-08-16T13:19:09.300+0000] {dag.py:3211} INFO - Sync 1 DAGs
[2024-08-16T13:19:09.325+0000] {logging_mixin.py:190} INFO - [2024-08-16T13:19:09.325+0000] {dag.py:4138} INFO - Setting next_dagrun for tutorial to 2024-08-15 00:00:00+00:00, run_after=2024-08-16 00:00:00+00:00
[2024-08-16T13:19:09.345+0000] {processor.py:208} INFO - Processing /home/airflow/.local/lib/python3.12/site-packages/airflow/example_dags/tutorial.py took 0.085 seconds
[2024-08-16T13:19:39.799+0000] {processor.py:186} INFO - Started process (PID=808) to work on /home/airflow/.local/lib/python3.12/site-packages/airflow/example_dags/tutorial.py
[2024-08-16T13:19:39.801+0000] {processor.py:914} INFO - Processing file /home/airflow/.local/lib/python3.12/site-packages/airflow/example_dags/tutorial.py for tasks to queue
[2024-08-16T13:19:39.805+0000] {logging_mixin.py:190} INFO - [2024-08-16T13:19:39.804+0000] {dagbag.py:587} INFO - Filling up the DagBag from /home/airflow/.local/lib/python3.12/site-packages/airflow/example_dags/tutorial.py
[2024-08-16T13:19:39.816+0000] {processor.py:925} INFO - DAG(s) 'tutorial' retrieved from /home/airflow/.local/lib/python3.12/site-packages/airflow/example_dags/tutorial.py
[2024-08-16T13:19:39.846+0000] {logging_mixin.py:190} INFO - [2024-08-16T13:19:39.845+0000] {dag.py:3211} INFO - Sync 1 DAGs
[2024-08-16T13:19:39.881+0000] {logging_mixin.py:190} INFO - [2024-08-16T13:19:39.880+0000] {dag.py:4138} INFO - Setting next_dagrun for tutorial to 2024-08-15 00:00:00+00:00, run_after=2024-08-16 00:00:00+00:00
[2024-08-16T13:19:39.906+0000] {processor.py:208} INFO - Processing /home/airflow/.local/lib/python3.12/site-packages/airflow/example_dags/tutorial.py took 0.118 seconds
[2024-08-16T13:20:10.596+0000] {processor.py:186} INFO - Started process (PID=1092) to work on /home/airflow/.local/lib/python3.12/site-packages/airflow/example_dags/tutorial.py
[2024-08-16T13:20:10.597+0000] {processor.py:914} INFO - Processing file /home/airflow/.local/lib/python3.12/site-packages/airflow/example_dags/tutorial.py for tasks to queue
[2024-08-16T13:20:10.599+0000] {logging_mixin.py:190} INFO - [2024-08-16T13:20:10.599+0000] {dagbag.py:587} INFO - Filling up the DagBag from /home/airflow/.local/lib/python3.12/site-packages/airflow/example_dags/tutorial.py
[2024-08-16T13:20:10.607+0000] {processor.py:925} INFO - DAG(s) 'tutorial' retrieved from /home/airflow/.local/lib/python3.12/site-packages/airflow/example_dags/tutorial.py
[2024-08-16T13:20:10.630+0000] {logging_mixin.py:190} INFO - [2024-08-16T13:20:10.630+0000] {dag.py:3211} INFO - Sync 1 DAGs
[2024-08-16T13:20:10.656+0000] {logging_mixin.py:190} INFO - [2024-08-16T13:20:10.655+0000] {dag.py:4138} INFO - Setting next_dagrun for tutorial to 2024-08-15 00:00:00+00:00, run_after=2024-08-16 00:00:00+00:00
[2024-08-16T13:20:10.677+0000] {processor.py:208} INFO - Processing /home/airflow/.local/lib/python3.12/site-packages/airflow/example_dags/tutorial.py took 0.088 seconds
[2024-08-16T13:20:41.032+0000] {processor.py:186} INFO - Started process (PID=1378) to work on /home/airflow/.local/lib/python3.12/site-packages/airflow/example_dags/tutorial.py
[2024-08-16T13:20:41.033+0000] {processor.py:914} INFO - Processing file /home/airflow/.local/lib/python3.12/site-packages/airflow/example_dags/tutorial.py for tasks to queue
[2024-08-16T13:20:41.036+0000] {logging_mixin.py:190} INFO - [2024-08-16T13:20:41.035+0000] {dagbag.py:587} INFO - Filling up the DagBag from /home/airflow/.local/lib/python3.12/site-packages/airflow/example_dags/tutorial.py
[2024-08-16T13:20:41.044+0000] {processor.py:925} INFO - DAG(s) 'tutorial' retrieved from /home/airflow/.local/lib/python3.12/site-packages/airflow/example_dags/tutorial.py
[2024-08-16T13:20:41.066+0000] {logging_mixin.py:190} INFO - [2024-08-16T13:20:41.065+0000] {dag.py:3211} INFO - Sync 1 DAGs
[2024-08-16T13:20:41.094+0000] {logging_mixin.py:190} INFO - [2024-08-16T13:20:41.094+0000] {dag.py:4138} INFO - Setting next_dagrun for tutorial to 2024-08-15 00:00:00+00:00, run_after=2024-08-16 00:00:00+00:00
[2024-08-16T13:20:41.112+0000] {processor.py:208} INFO - Processing /home/airflow/.local/lib/python3.12/site-packages/airflow/example_dags/tutorial.py took 0.087 seconds
[2024-08-16T13:21:11.579+0000] {processor.py:186} INFO - Started process (PID=1664) to work on /home/airflow/.local/lib/python3.12/site-packages/airflow/example_dags/tutorial.py
[2024-08-16T13:21:11.581+0000] {processor.py:914} INFO - Processing file /home/airflow/.local/lib/python3.12/site-packages/airflow/example_dags/tutorial.py for tasks to queue
[2024-08-16T13:21:11.585+0000] {logging_mixin.py:190} INFO - [2024-08-16T13:21:11.584+0000] {dagbag.py:587} INFO - Filling up the DagBag from /home/airflow/.local/lib/python3.12/site-packages/airflow/example_dags/tutorial.py
[2024-08-16T13:21:11.593+0000] {processor.py:925} INFO - DAG(s) 'tutorial' retrieved from /home/airflow/.local/lib/python3.12/site-packages/airflow/example_dags/tutorial.py
[2024-08-16T13:21:11.615+0000] {logging_mixin.py:190} INFO - [2024-08-16T13:21:11.615+0000] {dag.py:3211} INFO - Sync 1 DAGs
[2024-08-16T13:21:11.644+0000] {logging_mixin.py:190} INFO - [2024-08-16T13:21:11.644+0000] {dag.py:4138} INFO - Setting next_dagrun for tutorial to 2024-08-15 00:00:00+00:00, run_after=2024-08-16 00:00:00+00:00
[2024-08-16T13:21:11.663+0000] {processor.py:208} INFO - Processing /home/airflow/.local/lib/python3.12/site-packages/airflow/example_dags/tutorial.py took 0.091 seconds
[2024-08-16T13:21:41.941+0000] {processor.py:186} INFO - Started process (PID=1950) to work on /home/airflow/.local/lib/python3.12/site-packages/airflow/example_dags/tutorial.py
[2024-08-16T13:21:41.942+0000] {processor.py:914} INFO - Processing file /home/airflow/.local/lib/python3.12/site-packages/airflow/example_dags/tutorial.py for tasks to queue
[2024-08-16T13:21:41.944+0000] {logging_mixin.py:190} INFO - [2024-08-16T13:21:41.944+0000] {dagbag.py:587} INFO - Filling up the DagBag from /home/airflow/.local/lib/python3.12/site-packages/airflow/example_dags/tutorial.py
[2024-08-16T13:21:41.952+0000] {processor.py:925} INFO - DAG(s) 'tutorial' retrieved from /home/airflow/.local/lib/python3.12/site-packages/airflow/example_dags/tutorial.py
[2024-08-16T13:21:41.973+0000] {logging_mixin.py:190} INFO - [2024-08-16T13:21:41.973+0000] {dag.py:3211} INFO - Sync 1 DAGs
[2024-08-16T13:21:41.997+0000] {logging_mixin.py:190} INFO - [2024-08-16T13:21:41.997+0000] {dag.py:4138} INFO - Setting next_dagrun for tutorial to 2024-08-15 00:00:00+00:00, run_after=2024-08-16 00:00:00+00:00
[2024-08-16T13:21:42.018+0000] {processor.py:208} INFO - Processing /home/airflow/.local/lib/python3.12/site-packages/airflow/example_dags/tutorial.py took 0.085 seconds
[2024-08-16T13:22:12.488+0000] {processor.py:186} INFO - Started process (PID=2236) to work on /home/airflow/.local/lib/python3.12/site-packages/airflow/example_dags/tutorial.py
[2024-08-16T13:22:12.489+0000] {processor.py:914} INFO - Processing file /home/airflow/.local/lib/python3.12/site-packages/airflow/example_dags/tutorial.py for tasks to queue
[2024-08-16T13:22:12.492+0000] {logging_mixin.py:190} INFO - [2024-08-16T13:22:12.491+0000] {dagbag.py:587} INFO - Filling up the DagBag from /home/airflow/.local/lib/python3.12/site-packages/airflow/example_dags/tutorial.py
[2024-08-16T13:22:12.500+0000] {processor.py:925} INFO - DAG(s) 'tutorial' retrieved from /home/airflow/.local/lib/python3.12/site-packages/airflow/example_dags/tutorial.py
[2024-08-16T13:22:12.523+0000] {logging_mixin.py:190} INFO - [2024-08-16T13:22:12.522+0000] {dag.py:3211} INFO - Sync 1 DAGs
[2024-08-16T13:22:12.549+0000] {logging_mixin.py:190} INFO - [2024-08-16T13:22:12.549+0000] {dag.py:4138} INFO - Setting next_dagrun for tutorial to 2024-08-15 00:00:00+00:00, run_after=2024-08-16 00:00:00+00:00
[2024-08-16T13:22:12.567+0000] {processor.py:208} INFO - Processing /home/airflow/.local/lib/python3.12/site-packages/airflow/example_dags/tutorial.py took 0.085 seconds
[2024-08-16T13:22:43.535+0000] {processor.py:186} INFO - Started process (PID=2522) to work on /home/airflow/.local/lib/python3.12/site-packages/airflow/example_dags/tutorial.py
[2024-08-16T13:22:43.537+0000] {processor.py:914} INFO - Processing file /home/airflow/.local/lib/python3.12/site-packages/airflow/example_dags/tutorial.py for tasks to queue
[2024-08-16T13:22:43.539+0000] {logging_mixin.py:190} INFO - [2024-08-16T13:22:43.539+0000] {dagbag.py:587} INFO - Filling up the DagBag from /home/airflow/.local/lib/python3.12/site-packages/airflow/example_dags/tutorial.py
[2024-08-16T13:22:43.550+0000] {processor.py:925} INFO - DAG(s) 'tutorial' retrieved from /home/airflow/.local/lib/python3.12/site-packages/airflow/example_dags/tutorial.py
[2024-08-16T13:22:43.577+0000] {logging_mixin.py:190} INFO - [2024-08-16T13:22:43.576+0000] {dag.py:3211} INFO - Sync 1 DAGs
[2024-08-16T13:22:43.606+0000] {logging_mixin.py:190} INFO - [2024-08-16T13:22:43.606+0000] {dag.py:4138} INFO - Setting next_dagrun for tutorial to 2024-08-15 00:00:00+00:00, run_after=2024-08-16 00:00:00+00:00
[2024-08-16T13:22:43.627+0000] {processor.py:208} INFO - Processing /home/airflow/.local/lib/python3.12/site-packages/airflow/example_dags/tutorial.py took 0.098 seconds
[2024-08-16T13:23:14.046+0000] {processor.py:186} INFO - Started process (PID=2810) to work on /home/airflow/.local/lib/python3.12/site-packages/airflow/example_dags/tutorial.py
[2024-08-16T13:23:14.047+0000] {processor.py:914} INFO - Processing file /home/airflow/.local/lib/python3.12/site-packages/airflow/example_dags/tutorial.py for tasks to queue
[2024-08-16T13:23:14.050+0000] {logging_mixin.py:190} INFO - [2024-08-16T13:23:14.049+0000] {dagbag.py:587} INFO - Filling up the DagBag from /home/airflow/.local/lib/python3.12/site-packages/airflow/example_dags/tutorial.py
[2024-08-16T13:23:14.058+0000] {processor.py:925} INFO - DAG(s) 'tutorial' retrieved from /home/airflow/.local/lib/python3.12/site-packages/airflow/example_dags/tutorial.py
[2024-08-16T13:23:14.082+0000] {logging_mixin.py:190} INFO - [2024-08-16T13:23:14.081+0000] {dag.py:3211} INFO - Sync 1 DAGs
[2024-08-16T13:23:14.107+0000] {logging_mixin.py:190} INFO - [2024-08-16T13:23:14.107+0000] {dag.py:4138} INFO - Setting next_dagrun for tutorial to 2024-08-15 00:00:00+00:00, run_after=2024-08-16 00:00:00+00:00
[2024-08-16T13:23:14.129+0000] {processor.py:208} INFO - Processing /home/airflow/.local/lib/python3.12/site-packages/airflow/example_dags/tutorial.py took 0.090 seconds
[2024-08-16T13:23:44.384+0000] {processor.py:186} INFO - Started process (PID=3094) to work on /home/airflow/.local/lib/python3.12/site-packages/airflow/example_dags/tutorial.py
[2024-08-16T13:23:44.385+0000] {processor.py:914} INFO - Processing file /home/airflow/.local/lib/python3.12/site-packages/airflow/example_dags/tutorial.py for tasks to queue
[2024-08-16T13:23:44.387+0000] {logging_mixin.py:190} INFO - [2024-08-16T13:23:44.387+0000] {dagbag.py:587} INFO - Filling up the DagBag from /home/airflow/.local/lib/python3.12/site-packages/airflow/example_dags/tutorial.py
[2024-08-16T13:23:44.397+0000] {processor.py:925} INFO - DAG(s) 'tutorial' retrieved from /home/airflow/.local/lib/python3.12/site-packages/airflow/example_dags/tutorial.py
[2024-08-16T13:23:44.419+0000] {logging_mixin.py:190} INFO - [2024-08-16T13:23:44.418+0000] {dag.py:3211} INFO - Sync 1 DAGs
[2024-08-16T13:23:44.445+0000] {logging_mixin.py:190} INFO - [2024-08-16T13:23:44.445+0000] {dag.py:4138} INFO - Setting next_dagrun for tutorial to 2024-08-15 00:00:00+00:00, run_after=2024-08-16 00:00:00+00:00
[2024-08-16T13:23:44.464+0000] {processor.py:208} INFO - Processing /home/airflow/.local/lib/python3.12/site-packages/airflow/example_dags/tutorial.py took 0.087 seconds
[2024-08-16T13:24:14.726+0000] {processor.py:186} INFO - Started process (PID=3380) to work on /home/airflow/.local/lib/python3.12/site-packages/airflow/example_dags/tutorial.py
[2024-08-16T13:24:14.727+0000] {processor.py:914} INFO - Processing file /home/airflow/.local/lib/python3.12/site-packages/airflow/example_dags/tutorial.py for tasks to queue
[2024-08-16T13:24:14.730+0000] {logging_mixin.py:190} INFO - [2024-08-16T13:24:14.730+0000] {dagbag.py:587} INFO - Filling up the DagBag from /home/airflow/.local/lib/python3.12/site-packages/airflow/example_dags/tutorial.py
[2024-08-16T13:24:14.740+0000] {processor.py:925} INFO - DAG(s) 'tutorial' retrieved from /home/airflow/.local/lib/python3.12/site-packages/airflow/example_dags/tutorial.py
[2024-08-16T13:24:14.764+0000] {logging_mixin.py:190} INFO - [2024-08-16T13:24:14.764+0000] {dag.py:3211} INFO - Sync 1 DAGs
[2024-08-16T13:24:14.795+0000] {logging_mixin.py:190} INFO - [2024-08-16T13:24:14.795+0000] {dag.py:4138} INFO - Setting next_dagrun for tutorial to 2024-08-15 00:00:00+00:00, run_after=2024-08-16 00:00:00+00:00
[2024-08-16T13:24:14.815+0000] {processor.py:208} INFO - Processing /home/airflow/.local/lib/python3.12/site-packages/airflow/example_dags/tutorial.py took 0.096 seconds
[2024-08-16T13:24:45.781+0000] {processor.py:186} INFO - Started process (PID=3666) to work on /home/airflow/.local/lib/python3.12/site-packages/airflow/example_dags/tutorial.py
[2024-08-16T13:24:45.782+0000] {processor.py:914} INFO - Processing file /home/airflow/.local/lib/python3.12/site-packages/airflow/example_dags/tutorial.py for tasks to queue
[2024-08-16T13:24:45.785+0000] {logging_mixin.py:190} INFO - [2024-08-16T13:24:45.785+0000] {dagbag.py:587} INFO - Filling up the DagBag from /home/airflow/.local/lib/python3.12/site-packages/airflow/example_dags/tutorial.py
[2024-08-16T13:24:45.796+0000] {processor.py:925} INFO - DAG(s) 'tutorial' retrieved from /home/airflow/.local/lib/python3.12/site-packages/airflow/example_dags/tutorial.py
[2024-08-16T13:24:45.818+0000] {logging_mixin.py:190} INFO - [2024-08-16T13:24:45.818+0000] {dag.py:3211} INFO - Sync 1 DAGs
[2024-08-16T13:24:45.843+0000] {logging_mixin.py:190} INFO - [2024-08-16T13:24:45.843+0000] {dag.py:4138} INFO - Setting next_dagrun for tutorial to 2024-08-15 00:00:00+00:00, run_after=2024-08-16 00:00:00+00:00
[2024-08-16T13:24:45.862+0000] {processor.py:208} INFO - Processing /home/airflow/.local/lib/python3.12/site-packages/airflow/example_dags/tutorial.py took 0.090 seconds
[2024-08-16T13:25:16.273+0000] {processor.py:186} INFO - Started process (PID=3958) to work on /home/airflow/.local/lib/python3.12/site-packages/airflow/example_dags/tutorial.py
[2024-08-16T13:25:16.274+0000] {processor.py:914} INFO - Processing file /home/airflow/.local/lib/python3.12/site-packages/airflow/example_dags/tutorial.py for tasks to queue
[2024-08-16T13:25:16.276+0000] {logging_mixin.py:190} INFO - [2024-08-16T13:25:16.276+0000] {dagbag.py:587} INFO - Filling up the DagBag from /home/airflow/.local/lib/python3.12/site-packages/airflow/example_dags/tutorial.py
[2024-08-16T13:25:16.284+0000] {processor.py:925} INFO - DAG(s) 'tutorial' retrieved from /home/airflow/.local/lib/python3.12/site-packages/airflow/example_dags/tutorial.py
[2024-08-16T13:25:16.305+0000] {logging_mixin.py:190} INFO - [2024-08-16T13:25:16.304+0000] {dag.py:3211} INFO - Sync 1 DAGs
[2024-08-16T13:25:16.331+0000] {logging_mixin.py:190} INFO - [2024-08-16T13:25:16.331+0000] {dag.py:4138} INFO - Setting next_dagrun for tutorial to 2024-08-15 00:00:00+00:00, run_after=2024-08-16 00:00:00+00:00
[2024-08-16T13:25:16.353+0000] {processor.py:208} INFO - Processing /home/airflow/.local/lib/python3.12/site-packages/airflow/example_dags/tutorial.py took 0.088 seconds
[2024-08-16T13:25:46.676+0000] {processor.py:186} INFO - Started process (PID=4244) to work on /home/airflow/.local/lib/python3.12/site-packages/airflow/example_dags/tutorial.py
[2024-08-16T13:25:46.678+0000] {processor.py:914} INFO - Processing file /home/airflow/.local/lib/python3.12/site-packages/airflow/example_dags/tutorial.py for tasks to queue
[2024-08-16T13:25:46.680+0000] {logging_mixin.py:190} INFO - [2024-08-16T13:25:46.680+0000] {dagbag.py:587} INFO - Filling up the DagBag from /home/airflow/.local/lib/python3.12/site-packages/airflow/example_dags/tutorial.py
[2024-08-16T13:25:46.690+0000] {processor.py:925} INFO - DAG(s) 'tutorial' retrieved from /home/airflow/.local/lib/python3.12/site-packages/airflow/example_dags/tutorial.py
[2024-08-16T13:25:46.712+0000] {logging_mixin.py:190} INFO - [2024-08-16T13:25:46.712+0000] {dag.py:3211} INFO - Sync 1 DAGs
[2024-08-16T13:25:46.739+0000] {logging_mixin.py:190} INFO - [2024-08-16T13:25:46.739+0000] {dag.py:4138} INFO - Setting next_dagrun for tutorial to 2024-08-15 00:00:00+00:00, run_after=2024-08-16 00:00:00+00:00
[2024-08-16T13:25:46.757+0000] {processor.py:208} INFO - Processing /home/airflow/.local/lib/python3.12/site-packages/airflow/example_dags/tutorial.py took 0.088 seconds
[2024-08-16T13:26:17.030+0000] {processor.py:186} INFO - Started process (PID=4530) to work on /home/airflow/.local/lib/python3.12/site-packages/airflow/example_dags/tutorial.py
[2024-08-16T13:26:17.031+0000] {processor.py:914} INFO - Processing file /home/airflow/.local/lib/python3.12/site-packages/airflow/example_dags/tutorial.py for tasks to queue
[2024-08-16T13:26:17.034+0000] {logging_mixin.py:190} INFO - [2024-08-16T13:26:17.034+0000] {dagbag.py:587} INFO - Filling up the DagBag from /home/airflow/.local/lib/python3.12/site-packages/airflow/example_dags/tutorial.py
[2024-08-16T13:26:17.042+0000] {processor.py:925} INFO - DAG(s) 'tutorial' retrieved from /home/airflow/.local/lib/python3.12/site-packages/airflow/example_dags/tutorial.py
[2024-08-16T13:26:17.067+0000] {logging_mixin.py:190} INFO - [2024-08-16T13:26:17.067+0000] {dag.py:3211} INFO - Sync 1 DAGs
[2024-08-16T13:26:17.092+0000] {logging_mixin.py:190} INFO - [2024-08-16T13:26:17.092+0000] {dag.py:4138} INFO - Setting next_dagrun for tutorial to 2024-08-15 00:00:00+00:00, run_after=2024-08-16 00:00:00+00:00
[2024-08-16T13:26:17.114+0000] {processor.py:208} INFO - Processing /home/airflow/.local/lib/python3.12/site-packages/airflow/example_dags/tutorial.py took 0.094 seconds
[2024-08-16T13:26:47.654+0000] {processor.py:186} INFO - Started process (PID=4816) to work on /home/airflow/.local/lib/python3.12/site-packages/airflow/example_dags/tutorial.py
[2024-08-16T13:26:47.655+0000] {processor.py:914} INFO - Processing file /home/airflow/.local/lib/python3.12/site-packages/airflow/example_dags/tutorial.py for tasks to queue
[2024-08-16T13:26:47.657+0000] {logging_mixin.py:190} INFO - [2024-08-16T13:26:47.657+0000] {dagbag.py:587} INFO - Filling up the DagBag from /home/airflow/.local/lib/python3.12/site-packages/airflow/example_dags/tutorial.py
[2024-08-16T13:26:47.665+0000] {processor.py:925} INFO - DAG(s) 'tutorial' retrieved from /home/airflow/.local/lib/python3.12/site-packages/airflow/example_dags/tutorial.py
[2024-08-16T13:26:47.688+0000] {logging_mixin.py:190} INFO - [2024-08-16T13:26:47.688+0000] {dag.py:3211} INFO - Sync 1 DAGs
[2024-08-16T13:26:47.715+0000] {logging_mixin.py:190} INFO - [2024-08-16T13:26:47.715+0000] {dag.py:4138} INFO - Setting next_dagrun for tutorial to 2024-08-15 00:00:00+00:00, run_after=2024-08-16 00:00:00+00:00
[2024-08-16T13:26:47.733+0000] {processor.py:208} INFO - Processing /home/airflow/.local/lib/python3.12/site-packages/airflow/example_dags/tutorial.py took 0.086 seconds
[2024-08-16T13:27:17.970+0000] {processor.py:186} INFO - Started process (PID=5103) to work on /home/airflow/.local/lib/python3.12/site-packages/airflow/example_dags/tutorial.py
[2024-08-16T13:27:17.972+0000] {processor.py:914} INFO - Processing file /home/airflow/.local/lib/python3.12/site-packages/airflow/example_dags/tutorial.py for tasks to queue
[2024-08-16T13:27:17.974+0000] {logging_mixin.py:190} INFO - [2024-08-16T13:27:17.974+0000] {dagbag.py:587} INFO - Filling up the DagBag from /home/airflow/.local/lib/python3.12/site-packages/airflow/example_dags/tutorial.py
[2024-08-16T13:27:17.982+0000] {processor.py:925} INFO - DAG(s) 'tutorial' retrieved from /home/airflow/.local/lib/python3.12/site-packages/airflow/example_dags/tutorial.py
[2024-08-16T13:27:18.005+0000] {logging_mixin.py:190} INFO - [2024-08-16T13:27:18.004+0000] {dag.py:3211} INFO - Sync 1 DAGs
[2024-08-16T13:27:18.031+0000] {logging_mixin.py:190} INFO - [2024-08-16T13:27:18.031+0000] {dag.py:4138} INFO - Setting next_dagrun for tutorial to 2024-08-15 00:00:00+00:00, run_after=2024-08-16 00:00:00+00:00
[2024-08-16T13:27:18.050+0000] {processor.py:208} INFO - Processing /home/airflow/.local/lib/python3.12/site-packages/airflow/example_dags/tutorial.py took 0.086 seconds
[2024-08-16T13:27:48.510+0000] {processor.py:186} INFO - Started process (PID=5389) to work on /home/airflow/.local/lib/python3.12/site-packages/airflow/example_dags/tutorial.py
[2024-08-16T13:27:48.511+0000] {processor.py:914} INFO - Processing file /home/airflow/.local/lib/python3.12/site-packages/airflow/example_dags/tutorial.py for tasks to queue
[2024-08-16T13:27:48.514+0000] {logging_mixin.py:190} INFO - [2024-08-16T13:27:48.513+0000] {dagbag.py:587} INFO - Filling up the DagBag from /home/airflow/.local/lib/python3.12/site-packages/airflow/example_dags/tutorial.py
[2024-08-16T13:27:48.522+0000] {processor.py:925} INFO - DAG(s) 'tutorial' retrieved from /home/airflow/.local/lib/python3.12/site-packages/airflow/example_dags/tutorial.py
[2024-08-16T13:27:48.545+0000] {logging_mixin.py:190} INFO - [2024-08-16T13:27:48.544+0000] {dag.py:3211} INFO - Sync 1 DAGs
[2024-08-16T13:27:48.573+0000] {logging_mixin.py:190} INFO - [2024-08-16T13:27:48.572+0000] {dag.py:4138} INFO - Setting next_dagrun for tutorial to 2024-08-15 00:00:00+00:00, run_after=2024-08-16 00:00:00+00:00
[2024-08-16T13:27:48.593+0000] {processor.py:208} INFO - Processing /home/airflow/.local/lib/python3.12/site-packages/airflow/example_dags/tutorial.py took 0.088 seconds
[2024-08-16T13:28:18.931+0000] {processor.py:186} INFO - Started process (PID=5675) to work on /home/airflow/.local/lib/python3.12/site-packages/airflow/example_dags/tutorial.py
[2024-08-16T13:28:18.932+0000] {processor.py:914} INFO - Processing file /home/airflow/.local/lib/python3.12/site-packages/airflow/example_dags/tutorial.py for tasks to queue
[2024-08-16T13:28:18.935+0000] {logging_mixin.py:190} INFO - [2024-08-16T13:28:18.935+0000] {dagbag.py:587} INFO - Filling up the DagBag from /home/airflow/.local/lib/python3.12/site-packages/airflow/example_dags/tutorial.py
[2024-08-16T13:28:18.943+0000] {processor.py:925} INFO - DAG(s) 'tutorial' retrieved from /home/airflow/.local/lib/python3.12/site-packages/airflow/example_dags/tutorial.py
[2024-08-16T13:28:18.963+0000] {logging_mixin.py:190} INFO - [2024-08-16T13:28:18.963+0000] {dag.py:3211} INFO - Sync 1 DAGs
[2024-08-16T13:28:18.991+0000] {logging_mixin.py:190} INFO - [2024-08-16T13:28:18.991+0000] {dag.py:4138} INFO - Setting next_dagrun for tutorial to 2024-08-15 00:00:00+00:00, run_after=2024-08-16 00:00:00+00:00
[2024-08-16T13:28:19.010+0000] {processor.py:208} INFO - Processing /home/airflow/.local/lib/python3.12/site-packages/airflow/example_dags/tutorial.py took 0.086 seconds
[2024-08-16T13:28:49.451+0000] {processor.py:186} INFO - Started process (PID=5961) to work on /home/airflow/.local/lib/python3.12/site-packages/airflow/example_dags/tutorial.py
[2024-08-16T13:28:49.452+0000] {processor.py:914} INFO - Processing file /home/airflow/.local/lib/python3.12/site-packages/airflow/example_dags/tutorial.py for tasks to queue
[2024-08-16T13:28:49.455+0000] {logging_mixin.py:190} INFO - [2024-08-16T13:28:49.454+0000] {dagbag.py:587} INFO - Filling up the DagBag from /home/airflow/.local/lib/python3.12/site-packages/airflow/example_dags/tutorial.py
[2024-08-16T13:28:49.463+0000] {processor.py:925} INFO - DAG(s) 'tutorial' retrieved from /home/airflow/.local/lib/python3.12/site-packages/airflow/example_dags/tutorial.py
[2024-08-16T13:28:49.487+0000] {logging_mixin.py:190} INFO - [2024-08-16T13:28:49.487+0000] {dag.py:3211} INFO - Sync 1 DAGs
[2024-08-16T13:28:49.516+0000] {logging_mixin.py:190} INFO - [2024-08-16T13:28:49.515+0000] {dag.py:4138} INFO - Setting next_dagrun for tutorial to 2024-08-15 00:00:00+00:00, run_after=2024-08-16 00:00:00+00:00
[2024-08-16T13:28:49.536+0000] {processor.py:208} INFO - Processing /home/airflow/.local/lib/python3.12/site-packages/airflow/example_dags/tutorial.py took 0.093 seconds
[2024-08-16T13:29:20.006+0000] {processor.py:186} INFO - Started process (PID=6247) to work on /home/airflow/.local/lib/python3.12/site-packages/airflow/example_dags/tutorial.py
[2024-08-16T13:29:20.007+0000] {processor.py:914} INFO - Processing file /home/airflow/.local/lib/python3.12/site-packages/airflow/example_dags/tutorial.py for tasks to queue
[2024-08-16T13:29:20.009+0000] {logging_mixin.py:190} INFO - [2024-08-16T13:29:20.009+0000] {dagbag.py:587} INFO - Filling up the DagBag from /home/airflow/.local/lib/python3.12/site-packages/airflow/example_dags/tutorial.py
[2024-08-16T13:29:20.018+0000] {processor.py:925} INFO - DAG(s) 'tutorial' retrieved from /home/airflow/.local/lib/python3.12/site-packages/airflow/example_dags/tutorial.py
[2024-08-16T13:29:20.038+0000] {logging_mixin.py:190} INFO - [2024-08-16T13:29:20.038+0000] {dag.py:3211} INFO - Sync 1 DAGs
[2024-08-16T13:29:20.063+0000] {logging_mixin.py:190} INFO - [2024-08-16T13:29:20.063+0000] {dag.py:4138} INFO - Setting next_dagrun for tutorial to 2024-08-15 00:00:00+00:00, run_after=2024-08-16 00:00:00+00:00
[2024-08-16T13:29:20.085+0000] {processor.py:208} INFO - Processing /home/airflow/.local/lib/python3.12/site-packages/airflow/example_dags/tutorial.py took 0.086 seconds
[2024-08-16T13:29:50.693+0000] {processor.py:186} INFO - Started process (PID=6533) to work on /home/airflow/.local/lib/python3.12/site-packages/airflow/example_dags/tutorial.py
[2024-08-16T13:29:50.695+0000] {processor.py:914} INFO - Processing file /home/airflow/.local/lib/python3.12/site-packages/airflow/example_dags/tutorial.py for tasks to queue
[2024-08-16T13:29:50.697+0000] {logging_mixin.py:190} INFO - [2024-08-16T13:29:50.697+0000] {dagbag.py:587} INFO - Filling up the DagBag from /home/airflow/.local/lib/python3.12/site-packages/airflow/example_dags/tutorial.py
[2024-08-16T13:29:50.705+0000] {processor.py:925} INFO - DAG(s) 'tutorial' retrieved from /home/airflow/.local/lib/python3.12/site-packages/airflow/example_dags/tutorial.py
[2024-08-16T13:29:50.726+0000] {logging_mixin.py:190} INFO - [2024-08-16T13:29:50.726+0000] {dag.py:3211} INFO - Sync 1 DAGs
[2024-08-16T13:29:50.751+0000] {logging_mixin.py:190} INFO - [2024-08-16T13:29:50.751+0000] {dag.py:4138} INFO - Setting next_dagrun for tutorial to 2024-08-15 00:00:00+00:00, run_after=2024-08-16 00:00:00+00:00
[2024-08-16T13:29:50.771+0000] {processor.py:208} INFO - Processing /home/airflow/.local/lib/python3.12/site-packages/airflow/example_dags/tutorial.py took 0.085 seconds
[2024-08-16T13:30:20.987+0000] {processor.py:186} INFO - Started process (PID=6820) to work on /home/airflow/.local/lib/python3.12/site-packages/airflow/example_dags/tutorial.py
[2024-08-16T13:30:20.989+0000] {processor.py:914} INFO - Processing file /home/airflow/.local/lib/python3.12/site-packages/airflow/example_dags/tutorial.py for tasks to queue
[2024-08-16T13:30:20.992+0000] {logging_mixin.py:190} INFO - [2024-08-16T13:30:20.991+0000] {dagbag.py:587} INFO - Filling up the DagBag from /home/airflow/.local/lib/python3.12/site-packages/airflow/example_dags/tutorial.py
[2024-08-16T13:30:21.001+0000] {processor.py:925} INFO - DAG(s) 'tutorial' retrieved from /home/airflow/.local/lib/python3.12/site-packages/airflow/example_dags/tutorial.py
[2024-08-16T13:30:21.027+0000] {logging_mixin.py:190} INFO - [2024-08-16T13:30:21.027+0000] {dag.py:3211} INFO - Sync 1 DAGs
[2024-08-16T13:30:21.060+0000] {logging_mixin.py:190} INFO - [2024-08-16T13:30:21.060+0000] {dag.py:4138} INFO - Setting next_dagrun for tutorial to 2024-08-15 00:00:00+00:00, run_after=2024-08-16 00:00:00+00:00
[2024-08-16T13:30:21.077+0000] {processor.py:208} INFO - Processing /home/airflow/.local/lib/python3.12/site-packages/airflow/example_dags/tutorial.py took 0.096 seconds
[2024-08-16T13:30:51.455+0000] {processor.py:186} INFO - Started process (PID=7106) to work on /home/airflow/.local/lib/python3.12/site-packages/airflow/example_dags/tutorial.py
[2024-08-16T13:30:51.456+0000] {processor.py:914} INFO - Processing file /home/airflow/.local/lib/python3.12/site-packages/airflow/example_dags/tutorial.py for tasks to queue
[2024-08-16T13:30:51.459+0000] {logging_mixin.py:190} INFO - [2024-08-16T13:30:51.458+0000] {dagbag.py:587} INFO - Filling up the DagBag from /home/airflow/.local/lib/python3.12/site-packages/airflow/example_dags/tutorial.py
[2024-08-16T13:30:51.467+0000] {processor.py:925} INFO - DAG(s) 'tutorial' retrieved from /home/airflow/.local/lib/python3.12/site-packages/airflow/example_dags/tutorial.py
[2024-08-16T13:30:51.488+0000] {logging_mixin.py:190} INFO - [2024-08-16T13:30:51.487+0000] {dag.py:3211} INFO - Sync 1 DAGs
[2024-08-16T13:30:51.513+0000] {logging_mixin.py:190} INFO - [2024-08-16T13:30:51.513+0000] {dag.py:4138} INFO - Setting next_dagrun for tutorial to 2024-08-15 00:00:00+00:00, run_after=2024-08-16 00:00:00+00:00
[2024-08-16T13:30:51.531+0000] {processor.py:208} INFO - Processing /home/airflow/.local/lib/python3.12/site-packages/airflow/example_dags/tutorial.py took 0.083 seconds
[2024-08-16T13:31:22.212+0000] {processor.py:186} INFO - Started process (PID=7392) to work on /home/airflow/.local/lib/python3.12/site-packages/airflow/example_dags/tutorial.py
[2024-08-16T13:31:22.213+0000] {processor.py:914} INFO - Processing file /home/airflow/.local/lib/python3.12/site-packages/airflow/example_dags/tutorial.py for tasks to queue
[2024-08-16T13:31:22.216+0000] {logging_mixin.py:190} INFO - [2024-08-16T13:31:22.215+0000] {dagbag.py:587} INFO - Filling up the DagBag from /home/airflow/.local/lib/python3.12/site-packages/airflow/example_dags/tutorial.py
[2024-08-16T13:31:22.225+0000] {processor.py:925} INFO - DAG(s) 'tutorial' retrieved from /home/airflow/.local/lib/python3.12/site-packages/airflow/example_dags/tutorial.py
[2024-08-16T13:31:22.249+0000] {logging_mixin.py:190} INFO - [2024-08-16T13:31:22.249+0000] {dag.py:3211} INFO - Sync 1 DAGs
[2024-08-16T13:31:22.279+0000] {logging_mixin.py:190} INFO - [2024-08-16T13:31:22.279+0000] {dag.py:4138} INFO - Setting next_dagrun for tutorial to 2024-08-15 00:00:00+00:00, run_after=2024-08-16 00:00:00+00:00
[2024-08-16T13:31:22.340+0000] {processor.py:208} INFO - Processing /home/airflow/.local/lib/python3.12/site-packages/airflow/example_dags/tutorial.py took 0.134 seconds
[2024-08-16T13:31:52.694+0000] {processor.py:186} INFO - Started process (PID=7678) to work on /home/airflow/.local/lib/python3.12/site-packages/airflow/example_dags/tutorial.py
[2024-08-16T13:31:52.695+0000] {processor.py:914} INFO - Processing file /home/airflow/.local/lib/python3.12/site-packages/airflow/example_dags/tutorial.py for tasks to queue
[2024-08-16T13:31:52.698+0000] {logging_mixin.py:190} INFO - [2024-08-16T13:31:52.697+0000] {dagbag.py:587} INFO - Filling up the DagBag from /home/airflow/.local/lib/python3.12/site-packages/airflow/example_dags/tutorial.py
[2024-08-16T13:31:52.706+0000] {processor.py:925} INFO - DAG(s) 'tutorial' retrieved from /home/airflow/.local/lib/python3.12/site-packages/airflow/example_dags/tutorial.py
[2024-08-16T13:31:52.727+0000] {logging_mixin.py:190} INFO - [2024-08-16T13:31:52.727+0000] {dag.py:3211} INFO - Sync 1 DAGs
[2024-08-16T13:31:52.752+0000] {logging_mixin.py:190} INFO - [2024-08-16T13:31:52.752+0000] {dag.py:4138} INFO - Setting next_dagrun for tutorial to 2024-08-15 00:00:00+00:00, run_after=2024-08-16 00:00:00+00:00
[2024-08-16T13:31:52.772+0000] {processor.py:208} INFO - Processing /home/airflow/.local/lib/python3.12/site-packages/airflow/example_dags/tutorial.py took 0.084 seconds
[2024-08-16T13:32:23.248+0000] {processor.py:186} INFO - Started process (PID=7964) to work on /home/airflow/.local/lib/python3.12/site-packages/airflow/example_dags/tutorial.py
[2024-08-16T13:32:23.249+0000] {processor.py:914} INFO - Processing file /home/airflow/.local/lib/python3.12/site-packages/airflow/example_dags/tutorial.py for tasks to queue
[2024-08-16T13:32:23.252+0000] {logging_mixin.py:190} INFO - [2024-08-16T13:32:23.252+0000] {dagbag.py:587} INFO - Filling up the DagBag from /home/airflow/.local/lib/python3.12/site-packages/airflow/example_dags/tutorial.py
[2024-08-16T13:32:23.262+0000] {processor.py:925} INFO - DAG(s) 'tutorial' retrieved from /home/airflow/.local/lib/python3.12/site-packages/airflow/example_dags/tutorial.py
[2024-08-16T13:32:23.280+0000] {logging_mixin.py:190} INFO - [2024-08-16T13:32:23.280+0000] {dag.py:3211} INFO - Sync 1 DAGs
[2024-08-16T13:32:23.305+0000] {logging_mixin.py:190} INFO - [2024-08-16T13:32:23.305+0000] {dag.py:4138} INFO - Setting next_dagrun for tutorial to 2024-08-15 00:00:00+00:00, run_after=2024-08-16 00:00:00+00:00
[2024-08-16T13:32:23.328+0000] {processor.py:208} INFO - Processing /home/airflow/.local/lib/python3.12/site-packages/airflow/example_dags/tutorial.py took 0.088 seconds
[2024-08-16T13:32:53.569+0000] {processor.py:186} INFO - Started process (PID=8250) to work on /home/airflow/.local/lib/python3.12/site-packages/airflow/example_dags/tutorial.py
[2024-08-16T13:32:53.570+0000] {processor.py:914} INFO - Processing file /home/airflow/.local/lib/python3.12/site-packages/airflow/example_dags/tutorial.py for tasks to queue
[2024-08-16T13:32:53.572+0000] {logging_mixin.py:190} INFO - [2024-08-16T13:32:53.572+0000] {dagbag.py:587} INFO - Filling up the DagBag from /home/airflow/.local/lib/python3.12/site-packages/airflow/example_dags/tutorial.py
[2024-08-16T13:32:53.582+0000] {processor.py:925} INFO - DAG(s) 'tutorial' retrieved from /home/airflow/.local/lib/python3.12/site-packages/airflow/example_dags/tutorial.py
[2024-08-16T13:32:53.603+0000] {logging_mixin.py:190} INFO - [2024-08-16T13:32:53.603+0000] {dag.py:3211} INFO - Sync 1 DAGs
[2024-08-16T13:32:53.628+0000] {logging_mixin.py:190} INFO - [2024-08-16T13:32:53.628+0000] {dag.py:4138} INFO - Setting next_dagrun for tutorial to 2024-08-15 00:00:00+00:00, run_after=2024-08-16 00:00:00+00:00
[2024-08-16T13:32:53.650+0000] {processor.py:208} INFO - Processing /home/airflow/.local/lib/python3.12/site-packages/airflow/example_dags/tutorial.py took 0.088 seconds
[2024-08-16T13:33:23.965+0000] {processor.py:186} INFO - Started process (PID=8536) to work on /home/airflow/.local/lib/python3.12/site-packages/airflow/example_dags/tutorial.py
[2024-08-16T13:33:23.966+0000] {processor.py:914} INFO - Processing file /home/airflow/.local/lib/python3.12/site-packages/airflow/example_dags/tutorial.py for tasks to queue
[2024-08-16T13:33:23.968+0000] {logging_mixin.py:190} INFO - [2024-08-16T13:33:23.968+0000] {dagbag.py:587} INFO - Filling up the DagBag from /home/airflow/.local/lib/python3.12/site-packages/airflow/example_dags/tutorial.py
[2024-08-16T13:33:23.976+0000] {processor.py:925} INFO - DAG(s) 'tutorial' retrieved from /home/airflow/.local/lib/python3.12/site-packages/airflow/example_dags/tutorial.py
[2024-08-16T13:33:23.998+0000] {logging_mixin.py:190} INFO - [2024-08-16T13:33:23.998+0000] {dag.py:3211} INFO - Sync 1 DAGs
[2024-08-16T13:33:24.024+0000] {logging_mixin.py:190} INFO - [2024-08-16T13:33:24.024+0000] {dag.py:4138} INFO - Setting next_dagrun for tutorial to 2024-08-15 00:00:00+00:00, run_after=2024-08-16 00:00:00+00:00
[2024-08-16T13:33:24.046+0000] {processor.py:208} INFO - Processing /home/airflow/.local/lib/python3.12/site-packages/airflow/example_dags/tutorial.py took 0.088 seconds
[2024-08-16T13:33:54.391+0000] {processor.py:186} INFO - Started process (PID=8822) to work on /home/airflow/.local/lib/python3.12/site-packages/airflow/example_dags/tutorial.py
[2024-08-16T13:33:54.392+0000] {processor.py:914} INFO - Processing file /home/airflow/.local/lib/python3.12/site-packages/airflow/example_dags/tutorial.py for tasks to queue
[2024-08-16T13:33:54.394+0000] {logging_mixin.py:190} INFO - [2024-08-16T13:33:54.394+0000] {dagbag.py:587} INFO - Filling up the DagBag from /home/airflow/.local/lib/python3.12/site-packages/airflow/example_dags/tutorial.py
[2024-08-16T13:33:54.402+0000] {processor.py:925} INFO - DAG(s) 'tutorial' retrieved from /home/airflow/.local/lib/python3.12/site-packages/airflow/example_dags/tutorial.py
[2024-08-16T13:33:54.423+0000] {logging_mixin.py:190} INFO - [2024-08-16T13:33:54.423+0000] {dag.py:3211} INFO - Sync 1 DAGs
[2024-08-16T13:33:54.448+0000] {logging_mixin.py:190} INFO - [2024-08-16T13:33:54.448+0000] {dag.py:4138} INFO - Setting next_dagrun for tutorial to 2024-08-15 00:00:00+00:00, run_after=2024-08-16 00:00:00+00:00
[2024-08-16T13:33:54.465+0000] {processor.py:208} INFO - Processing /home/airflow/.local/lib/python3.12/site-packages/airflow/example_dags/tutorial.py took 0.081 seconds
[2024-08-16T13:34:24.802+0000] {processor.py:186} INFO - Started process (PID=9108) to work on /home/airflow/.local/lib/python3.12/site-packages/airflow/example_dags/tutorial.py
[2024-08-16T13:34:24.803+0000] {processor.py:914} INFO - Processing file /home/airflow/.local/lib/python3.12/site-packages/airflow/example_dags/tutorial.py for tasks to queue
[2024-08-16T13:34:24.805+0000] {logging_mixin.py:190} INFO - [2024-08-16T13:34:24.805+0000] {dagbag.py:587} INFO - Filling up the DagBag from /home/airflow/.local/lib/python3.12/site-packages/airflow/example_dags/tutorial.py
[2024-08-16T13:34:24.814+0000] {processor.py:925} INFO - DAG(s) 'tutorial' retrieved from /home/airflow/.local/lib/python3.12/site-packages/airflow/example_dags/tutorial.py
[2024-08-16T13:34:24.836+0000] {logging_mixin.py:190} INFO - [2024-08-16T13:34:24.836+0000] {dag.py:3211} INFO - Sync 1 DAGs
[2024-08-16T13:34:24.864+0000] {logging_mixin.py:190} INFO - [2024-08-16T13:34:24.864+0000] {dag.py:4138} INFO - Setting next_dagrun for tutorial to 2024-08-15 00:00:00+00:00, run_after=2024-08-16 00:00:00+00:00
[2024-08-16T13:34:24.889+0000] {processor.py:208} INFO - Processing /home/airflow/.local/lib/python3.12/site-packages/airflow/example_dags/tutorial.py took 0.094 seconds
[2024-08-16T13:34:55.285+0000] {processor.py:186} INFO - Started process (PID=9394) to work on /home/airflow/.local/lib/python3.12/site-packages/airflow/example_dags/tutorial.py
[2024-08-16T13:34:55.286+0000] {processor.py:914} INFO - Processing file /home/airflow/.local/lib/python3.12/site-packages/airflow/example_dags/tutorial.py for tasks to queue
[2024-08-16T13:34:55.289+0000] {logging_mixin.py:190} INFO - [2024-08-16T13:34:55.288+0000] {dagbag.py:587} INFO - Filling up the DagBag from /home/airflow/.local/lib/python3.12/site-packages/airflow/example_dags/tutorial.py
[2024-08-16T13:34:55.297+0000] {processor.py:925} INFO - DAG(s) 'tutorial' retrieved from /home/airflow/.local/lib/python3.12/site-packages/airflow/example_dags/tutorial.py
[2024-08-16T13:34:55.320+0000] {logging_mixin.py:190} INFO - [2024-08-16T13:34:55.319+0000] {dag.py:3211} INFO - Sync 1 DAGs
[2024-08-16T13:34:55.346+0000] {logging_mixin.py:190} INFO - [2024-08-16T13:34:55.346+0000] {dag.py:4138} INFO - Setting next_dagrun for tutorial to 2024-08-15 00:00:00+00:00, run_after=2024-08-16 00:00:00+00:00
[2024-08-16T13:34:55.368+0000] {processor.py:208} INFO - Processing /home/airflow/.local/lib/python3.12/site-packages/airflow/example_dags/tutorial.py took 0.089 seconds
[2024-08-16T13:35:25.743+0000] {processor.py:186} INFO - Started process (PID=9680) to work on /home/airflow/.local/lib/python3.12/site-packages/airflow/example_dags/tutorial.py
[2024-08-16T13:35:25.744+0000] {processor.py:914} INFO - Processing file /home/airflow/.local/lib/python3.12/site-packages/airflow/example_dags/tutorial.py for tasks to queue
[2024-08-16T13:35:25.746+0000] {logging_mixin.py:190} INFO - [2024-08-16T13:35:25.746+0000] {dagbag.py:587} INFO - Filling up the DagBag from /home/airflow/.local/lib/python3.12/site-packages/airflow/example_dags/tutorial.py
[2024-08-16T13:35:25.755+0000] {processor.py:925} INFO - DAG(s) 'tutorial' retrieved from /home/airflow/.local/lib/python3.12/site-packages/airflow/example_dags/tutorial.py
[2024-08-16T13:35:25.777+0000] {logging_mixin.py:190} INFO - [2024-08-16T13:35:25.777+0000] {dag.py:3211} INFO - Sync 1 DAGs
[2024-08-16T13:35:25.805+0000] {logging_mixin.py:190} INFO - [2024-08-16T13:35:25.805+0000] {dag.py:4138} INFO - Setting next_dagrun for tutorial to 2024-08-15 00:00:00+00:00, run_after=2024-08-16 00:00:00+00:00
[2024-08-16T13:35:25.826+0000] {processor.py:208} INFO - Processing /home/airflow/.local/lib/python3.12/site-packages/airflow/example_dags/tutorial.py took 0.089 seconds
[2024-08-16T13:35:56.458+0000] {processor.py:186} INFO - Started process (PID=9966) to work on /home/airflow/.local/lib/python3.12/site-packages/airflow/example_dags/tutorial.py
[2024-08-16T13:35:56.460+0000] {processor.py:914} INFO - Processing file /home/airflow/.local/lib/python3.12/site-packages/airflow/example_dags/tutorial.py for tasks to queue
[2024-08-16T13:35:56.464+0000] {logging_mixin.py:190} INFO - [2024-08-16T13:35:56.463+0000] {dagbag.py:587} INFO - Filling up the DagBag from /home/airflow/.local/lib/python3.12/site-packages/airflow/example_dags/tutorial.py
[2024-08-16T13:35:56.473+0000] {processor.py:925} INFO - DAG(s) 'tutorial' retrieved from /home/airflow/.local/lib/python3.12/site-packages/airflow/example_dags/tutorial.py
[2024-08-16T13:35:56.498+0000] {logging_mixin.py:190} INFO - [2024-08-16T13:35:56.498+0000] {dag.py:3211} INFO - Sync 1 DAGs
[2024-08-16T13:35:56.525+0000] {logging_mixin.py:190} INFO - [2024-08-16T13:35:56.525+0000] {dag.py:4138} INFO - Setting next_dagrun for tutorial to 2024-08-15 00:00:00+00:00, run_after=2024-08-16 00:00:00+00:00
[2024-08-16T13:35:56.545+0000] {processor.py:208} INFO - Processing /home/airflow/.local/lib/python3.12/site-packages/airflow/example_dags/tutorial.py took 0.102 seconds
[2024-08-16T13:36:26.847+0000] {processor.py:186} INFO - Started process (PID=10252) to work on /home/airflow/.local/lib/python3.12/site-packages/airflow/example_dags/tutorial.py
[2024-08-16T13:36:26.848+0000] {processor.py:914} INFO - Processing file /home/airflow/.local/lib/python3.12/site-packages/airflow/example_dags/tutorial.py for tasks to queue
[2024-08-16T13:36:26.851+0000] {logging_mixin.py:190} INFO - [2024-08-16T13:36:26.850+0000] {dagbag.py:587} INFO - Filling up the DagBag from /home/airflow/.local/lib/python3.12/site-packages/airflow/example_dags/tutorial.py
[2024-08-16T13:36:26.862+0000] {processor.py:925} INFO - DAG(s) 'tutorial' retrieved from /home/airflow/.local/lib/python3.12/site-packages/airflow/example_dags/tutorial.py
[2024-08-16T13:36:26.886+0000] {logging_mixin.py:190} INFO - [2024-08-16T13:36:26.885+0000] {dag.py:3211} INFO - Sync 1 DAGs
[2024-08-16T13:36:26.913+0000] {logging_mixin.py:190} INFO - [2024-08-16T13:36:26.913+0000] {dag.py:4138} INFO - Setting next_dagrun for tutorial to 2024-08-15 00:00:00+00:00, run_after=2024-08-16 00:00:00+00:00
[2024-08-16T13:36:26.932+0000] {processor.py:208} INFO - Processing /home/airflow/.local/lib/python3.12/site-packages/airflow/example_dags/tutorial.py took 0.093 seconds
[2024-08-16T13:36:57.251+0000] {processor.py:186} INFO - Started process (PID=10538) to work on /home/airflow/.local/lib/python3.12/site-packages/airflow/example_dags/tutorial.py
[2024-08-16T13:36:57.252+0000] {processor.py:914} INFO - Processing file /home/airflow/.local/lib/python3.12/site-packages/airflow/example_dags/tutorial.py for tasks to queue
[2024-08-16T13:36:57.254+0000] {logging_mixin.py:190} INFO - [2024-08-16T13:36:57.254+0000] {dagbag.py:587} INFO - Filling up the DagBag from /home/airflow/.local/lib/python3.12/site-packages/airflow/example_dags/tutorial.py
[2024-08-16T13:36:57.263+0000] {processor.py:925} INFO - DAG(s) 'tutorial' retrieved from /home/airflow/.local/lib/python3.12/site-packages/airflow/example_dags/tutorial.py
[2024-08-16T13:36:57.284+0000] {logging_mixin.py:190} INFO - [2024-08-16T13:36:57.284+0000] {dag.py:3211} INFO - Sync 1 DAGs
[2024-08-16T13:36:57.308+0000] {logging_mixin.py:190} INFO - [2024-08-16T13:36:57.308+0000] {dag.py:4138} INFO - Setting next_dagrun for tutorial to 2024-08-15 00:00:00+00:00, run_after=2024-08-16 00:00:00+00:00
[2024-08-16T13:36:57.331+0000] {processor.py:208} INFO - Processing /home/airflow/.local/lib/python3.12/site-packages/airflow/example_dags/tutorial.py took 0.087 seconds
[2024-08-16T13:37:27.561+0000] {processor.py:186} INFO - Started process (PID=10825) to work on /home/airflow/.local/lib/python3.12/site-packages/airflow/example_dags/tutorial.py
[2024-08-16T13:37:27.562+0000] {processor.py:914} INFO - Processing file /home/airflow/.local/lib/python3.12/site-packages/airflow/example_dags/tutorial.py for tasks to queue
[2024-08-16T13:37:27.565+0000] {logging_mixin.py:190} INFO - [2024-08-16T13:37:27.564+0000] {dagbag.py:587} INFO - Filling up the DagBag from /home/airflow/.local/lib/python3.12/site-packages/airflow/example_dags/tutorial.py
[2024-08-16T13:37:27.572+0000] {processor.py:925} INFO - DAG(s) 'tutorial' retrieved from /home/airflow/.local/lib/python3.12/site-packages/airflow/example_dags/tutorial.py
[2024-08-16T13:37:27.594+0000] {logging_mixin.py:190} INFO - [2024-08-16T13:37:27.594+0000] {dag.py:3211} INFO - Sync 1 DAGs
[2024-08-16T13:37:27.619+0000] {logging_mixin.py:190} INFO - [2024-08-16T13:37:27.619+0000] {dag.py:4138} INFO - Setting next_dagrun for tutorial to 2024-08-15 00:00:00+00:00, run_after=2024-08-16 00:00:00+00:00
[2024-08-16T13:37:27.638+0000] {processor.py:208} INFO - Processing /home/airflow/.local/lib/python3.12/site-packages/airflow/example_dags/tutorial.py took 0.084 seconds
[2024-08-16T13:37:57.922+0000] {processor.py:186} INFO - Started process (PID=11111) to work on /home/airflow/.local/lib/python3.12/site-packages/airflow/example_dags/tutorial.py
[2024-08-16T13:37:57.923+0000] {processor.py:914} INFO - Processing file /home/airflow/.local/lib/python3.12/site-packages/airflow/example_dags/tutorial.py for tasks to queue
[2024-08-16T13:37:57.926+0000] {logging_mixin.py:190} INFO - [2024-08-16T13:37:57.925+0000] {dagbag.py:587} INFO - Filling up the DagBag from /home/airflow/.local/lib/python3.12/site-packages/airflow/example_dags/tutorial.py
[2024-08-16T13:37:57.934+0000] {processor.py:925} INFO - DAG(s) 'tutorial' retrieved from /home/airflow/.local/lib/python3.12/site-packages/airflow/example_dags/tutorial.py
[2024-08-16T13:37:57.956+0000] {logging_mixin.py:190} INFO - [2024-08-16T13:37:57.956+0000] {dag.py:3211} INFO - Sync 1 DAGs
[2024-08-16T13:37:57.982+0000] {logging_mixin.py:190} INFO - [2024-08-16T13:37:57.982+0000] {dag.py:4138} INFO - Setting next_dagrun for tutorial to 2024-08-15 00:00:00+00:00, run_after=2024-08-16 00:00:00+00:00
[2024-08-16T13:37:58.005+0000] {processor.py:208} INFO - Processing /home/airflow/.local/lib/python3.12/site-packages/airflow/example_dags/tutorial.py took 0.090 seconds
[2024-08-16T13:38:28.432+0000] {processor.py:186} INFO - Started process (PID=11397) to work on /home/airflow/.local/lib/python3.12/site-packages/airflow/example_dags/tutorial.py
[2024-08-16T13:38:28.433+0000] {processor.py:914} INFO - Processing file /home/airflow/.local/lib/python3.12/site-packages/airflow/example_dags/tutorial.py for tasks to queue
[2024-08-16T13:38:28.437+0000] {logging_mixin.py:190} INFO - [2024-08-16T13:38:28.437+0000] {dagbag.py:587} INFO - Filling up the DagBag from /home/airflow/.local/lib/python3.12/site-packages/airflow/example_dags/tutorial.py
[2024-08-16T13:38:28.445+0000] {processor.py:925} INFO - DAG(s) 'tutorial' retrieved from /home/airflow/.local/lib/python3.12/site-packages/airflow/example_dags/tutorial.py
[2024-08-16T13:38:28.468+0000] {logging_mixin.py:190} INFO - [2024-08-16T13:38:28.467+0000] {dag.py:3211} INFO - Sync 1 DAGs
[2024-08-16T13:38:28.496+0000] {logging_mixin.py:190} INFO - [2024-08-16T13:38:28.495+0000] {dag.py:4138} INFO - Setting next_dagrun for tutorial to 2024-08-15 00:00:00+00:00, run_after=2024-08-16 00:00:00+00:00
[2024-08-16T13:38:28.521+0000] {processor.py:208} INFO - Processing /home/airflow/.local/lib/python3.12/site-packages/airflow/example_dags/tutorial.py took 0.096 seconds
[2024-08-16T13:38:58.802+0000] {processor.py:186} INFO - Started process (PID=11683) to work on /home/airflow/.local/lib/python3.12/site-packages/airflow/example_dags/tutorial.py
[2024-08-16T13:38:58.804+0000] {processor.py:914} INFO - Processing file /home/airflow/.local/lib/python3.12/site-packages/airflow/example_dags/tutorial.py for tasks to queue
[2024-08-16T13:38:58.806+0000] {logging_mixin.py:190} INFO - [2024-08-16T13:38:58.806+0000] {dagbag.py:587} INFO - Filling up the DagBag from /home/airflow/.local/lib/python3.12/site-packages/airflow/example_dags/tutorial.py
[2024-08-16T13:38:58.815+0000] {processor.py:925} INFO - DAG(s) 'tutorial' retrieved from /home/airflow/.local/lib/python3.12/site-packages/airflow/example_dags/tutorial.py
[2024-08-16T13:38:58.838+0000] {logging_mixin.py:190} INFO - [2024-08-16T13:38:58.837+0000] {dag.py:3211} INFO - Sync 1 DAGs
[2024-08-16T13:38:58.863+0000] {logging_mixin.py:190} INFO - [2024-08-16T13:38:58.863+0000] {dag.py:4138} INFO - Setting next_dagrun for tutorial to 2024-08-15 00:00:00+00:00, run_after=2024-08-16 00:00:00+00:00
[2024-08-16T13:38:58.882+0000] {processor.py:208} INFO - Processing /home/airflow/.local/lib/python3.12/site-packages/airflow/example_dags/tutorial.py took 0.088 seconds
[2024-08-16T13:39:29.125+0000] {processor.py:186} INFO - Started process (PID=11969) to work on /home/airflow/.local/lib/python3.12/site-packages/airflow/example_dags/tutorial.py
[2024-08-16T13:39:29.126+0000] {processor.py:914} INFO - Processing file /home/airflow/.local/lib/python3.12/site-packages/airflow/example_dags/tutorial.py for tasks to queue
[2024-08-16T13:39:29.129+0000] {logging_mixin.py:190} INFO - [2024-08-16T13:39:29.128+0000] {dagbag.py:587} INFO - Filling up the DagBag from /home/airflow/.local/lib/python3.12/site-packages/airflow/example_dags/tutorial.py
[2024-08-16T13:39:29.138+0000] {processor.py:925} INFO - DAG(s) 'tutorial' retrieved from /home/airflow/.local/lib/python3.12/site-packages/airflow/example_dags/tutorial.py
[2024-08-16T13:39:29.159+0000] {logging_mixin.py:190} INFO - [2024-08-16T13:39:29.159+0000] {dag.py:3211} INFO - Sync 1 DAGs
[2024-08-16T13:39:29.190+0000] {logging_mixin.py:190} INFO - [2024-08-16T13:39:29.189+0000] {dag.py:4138} INFO - Setting next_dagrun for tutorial to 2024-08-15 00:00:00+00:00, run_after=2024-08-16 00:00:00+00:00
[2024-08-16T13:39:29.214+0000] {processor.py:208} INFO - Processing /home/airflow/.local/lib/python3.12/site-packages/airflow/example_dags/tutorial.py took 0.096 seconds
[2024-08-16T13:40:00.124+0000] {processor.py:186} INFO - Started process (PID=12257) to work on /home/airflow/.local/lib/python3.12/site-packages/airflow/example_dags/tutorial.py
[2024-08-16T13:40:00.125+0000] {processor.py:914} INFO - Processing file /home/airflow/.local/lib/python3.12/site-packages/airflow/example_dags/tutorial.py for tasks to queue
[2024-08-16T13:40:00.127+0000] {logging_mixin.py:190} INFO - [2024-08-16T13:40:00.127+0000] {dagbag.py:587} INFO - Filling up the DagBag from /home/airflow/.local/lib/python3.12/site-packages/airflow/example_dags/tutorial.py
[2024-08-16T13:40:00.136+0000] {processor.py:925} INFO - DAG(s) 'tutorial' retrieved from /home/airflow/.local/lib/python3.12/site-packages/airflow/example_dags/tutorial.py
[2024-08-16T13:40:00.156+0000] {logging_mixin.py:190} INFO - [2024-08-16T13:40:00.155+0000] {dag.py:3211} INFO - Sync 1 DAGs
[2024-08-16T13:40:00.183+0000] {logging_mixin.py:190} INFO - [2024-08-16T13:40:00.183+0000] {dag.py:4138} INFO - Setting next_dagrun for tutorial to 2024-08-15 00:00:00+00:00, run_after=2024-08-16 00:00:00+00:00
[2024-08-16T13:40:00.200+0000] {processor.py:208} INFO - Processing /home/airflow/.local/lib/python3.12/site-packages/airflow/example_dags/tutorial.py took 0.082 seconds
[2024-08-16T13:40:30.590+0000] {processor.py:186} INFO - Started process (PID=12541) to work on /home/airflow/.local/lib/python3.12/site-packages/airflow/example_dags/tutorial.py
[2024-08-16T13:40:30.591+0000] {processor.py:914} INFO - Processing file /home/airflow/.local/lib/python3.12/site-packages/airflow/example_dags/tutorial.py for tasks to queue
[2024-08-16T13:40:30.594+0000] {logging_mixin.py:190} INFO - [2024-08-16T13:40:30.594+0000] {dagbag.py:587} INFO - Filling up the DagBag from /home/airflow/.local/lib/python3.12/site-packages/airflow/example_dags/tutorial.py
[2024-08-16T13:40:30.605+0000] {processor.py:925} INFO - DAG(s) 'tutorial' retrieved from /home/airflow/.local/lib/python3.12/site-packages/airflow/example_dags/tutorial.py
[2024-08-16T13:40:30.630+0000] {logging_mixin.py:190} INFO - [2024-08-16T13:40:30.630+0000] {dag.py:3211} INFO - Sync 1 DAGs
[2024-08-16T13:40:30.655+0000] {logging_mixin.py:190} INFO - [2024-08-16T13:40:30.655+0000] {dag.py:4138} INFO - Setting next_dagrun for tutorial to 2024-08-15 00:00:00+00:00, run_after=2024-08-16 00:00:00+00:00
[2024-08-16T13:40:30.675+0000] {processor.py:208} INFO - Processing /home/airflow/.local/lib/python3.12/site-packages/airflow/example_dags/tutorial.py took 0.092 seconds
[2024-08-16T13:41:01.405+0000] {processor.py:186} INFO - Started process (PID=12827) to work on /home/airflow/.local/lib/python3.12/site-packages/airflow/example_dags/tutorial.py
[2024-08-16T13:41:01.406+0000] {processor.py:914} INFO - Processing file /home/airflow/.local/lib/python3.12/site-packages/airflow/example_dags/tutorial.py for tasks to queue
[2024-08-16T13:41:01.409+0000] {logging_mixin.py:190} INFO - [2024-08-16T13:41:01.409+0000] {dagbag.py:587} INFO - Filling up the DagBag from /home/airflow/.local/lib/python3.12/site-packages/airflow/example_dags/tutorial.py
[2024-08-16T13:41:01.418+0000] {processor.py:925} INFO - DAG(s) 'tutorial' retrieved from /home/airflow/.local/lib/python3.12/site-packages/airflow/example_dags/tutorial.py
[2024-08-16T13:41:01.443+0000] {logging_mixin.py:190} INFO - [2024-08-16T13:41:01.442+0000] {dag.py:3211} INFO - Sync 1 DAGs
[2024-08-16T13:41:01.474+0000] {logging_mixin.py:190} INFO - [2024-08-16T13:41:01.473+0000] {dag.py:4138} INFO - Setting next_dagrun for tutorial to 2024-08-15 00:00:00+00:00, run_after=2024-08-16 00:00:00+00:00
[2024-08-16T13:41:01.495+0000] {processor.py:208} INFO - Processing /home/airflow/.local/lib/python3.12/site-packages/airflow/example_dags/tutorial.py took 0.096 seconds
[2024-08-16T13:41:31.992+0000] {processor.py:186} INFO - Started process (PID=13113) to work on /home/airflow/.local/lib/python3.12/site-packages/airflow/example_dags/tutorial.py
[2024-08-16T13:41:31.993+0000] {processor.py:914} INFO - Processing file /home/airflow/.local/lib/python3.12/site-packages/airflow/example_dags/tutorial.py for tasks to queue
[2024-08-16T13:41:31.995+0000] {logging_mixin.py:190} INFO - [2024-08-16T13:41:31.995+0000] {dagbag.py:587} INFO - Filling up the DagBag from /home/airflow/.local/lib/python3.12/site-packages/airflow/example_dags/tutorial.py
[2024-08-16T13:41:32.003+0000] {processor.py:925} INFO - DAG(s) 'tutorial' retrieved from /home/airflow/.local/lib/python3.12/site-packages/airflow/example_dags/tutorial.py
[2024-08-16T13:41:32.026+0000] {logging_mixin.py:190} INFO - [2024-08-16T13:41:32.025+0000] {dag.py:3211} INFO - Sync 1 DAGs
[2024-08-16T13:41:32.050+0000] {logging_mixin.py:190} INFO - [2024-08-16T13:41:32.050+0000] {dag.py:4138} INFO - Setting next_dagrun for tutorial to 2024-08-15 00:00:00+00:00, run_after=2024-08-16 00:00:00+00:00
[2024-08-16T13:41:32.070+0000] {processor.py:208} INFO - Processing /home/airflow/.local/lib/python3.12/site-packages/airflow/example_dags/tutorial.py took 0.086 seconds
[2024-08-16T13:42:02.744+0000] {processor.py:186} INFO - Started process (PID=13399) to work on /home/airflow/.local/lib/python3.12/site-packages/airflow/example_dags/tutorial.py
[2024-08-16T13:42:02.749+0000] {processor.py:914} INFO - Processing file /home/airflow/.local/lib/python3.12/site-packages/airflow/example_dags/tutorial.py for tasks to queue
[2024-08-16T13:42:02.771+0000] {logging_mixin.py:190} INFO - [2024-08-16T13:42:02.771+0000] {dagbag.py:587} INFO - Filling up the DagBag from /home/airflow/.local/lib/python3.12/site-packages/airflow/example_dags/tutorial.py
[2024-08-16T13:42:02.785+0000] {processor.py:925} INFO - DAG(s) 'tutorial' retrieved from /home/airflow/.local/lib/python3.12/site-packages/airflow/example_dags/tutorial.py
[2024-08-16T13:42:02.817+0000] {logging_mixin.py:190} INFO - [2024-08-16T13:42:02.817+0000] {dag.py:3211} INFO - Sync 1 DAGs
[2024-08-16T13:42:02.844+0000] {logging_mixin.py:190} INFO - [2024-08-16T13:42:02.844+0000] {dag.py:4138} INFO - Setting next_dagrun for tutorial to 2024-08-15 00:00:00+00:00, run_after=2024-08-16 00:00:00+00:00
[2024-08-16T13:42:02.863+0000] {processor.py:208} INFO - Processing /home/airflow/.local/lib/python3.12/site-packages/airflow/example_dags/tutorial.py took 0.140 seconds
[2024-08-16T13:42:33.612+0000] {processor.py:186} INFO - Started process (PID=13685) to work on /home/airflow/.local/lib/python3.12/site-packages/airflow/example_dags/tutorial.py
[2024-08-16T13:42:33.613+0000] {processor.py:914} INFO - Processing file /home/airflow/.local/lib/python3.12/site-packages/airflow/example_dags/tutorial.py for tasks to queue
[2024-08-16T13:42:33.615+0000] {logging_mixin.py:190} INFO - [2024-08-16T13:42:33.615+0000] {dagbag.py:587} INFO - Filling up the DagBag from /home/airflow/.local/lib/python3.12/site-packages/airflow/example_dags/tutorial.py
[2024-08-16T13:42:33.623+0000] {processor.py:925} INFO - DAG(s) 'tutorial' retrieved from /home/airflow/.local/lib/python3.12/site-packages/airflow/example_dags/tutorial.py
[2024-08-16T13:42:33.645+0000] {logging_mixin.py:190} INFO - [2024-08-16T13:42:33.644+0000] {dag.py:3211} INFO - Sync 1 DAGs
[2024-08-16T13:42:33.671+0000] {logging_mixin.py:190} INFO - [2024-08-16T13:42:33.670+0000] {dag.py:4138} INFO - Setting next_dagrun for tutorial to 2024-08-15 00:00:00+00:00, run_after=2024-08-16 00:00:00+00:00
[2024-08-16T13:42:33.691+0000] {processor.py:208} INFO - Processing /home/airflow/.local/lib/python3.12/site-packages/airflow/example_dags/tutorial.py took 0.086 seconds
[2024-08-16T13:43:04.570+0000] {processor.py:186} INFO - Started process (PID=13971) to work on /home/airflow/.local/lib/python3.12/site-packages/airflow/example_dags/tutorial.py
[2024-08-16T13:43:04.571+0000] {processor.py:914} INFO - Processing file /home/airflow/.local/lib/python3.12/site-packages/airflow/example_dags/tutorial.py for tasks to queue
[2024-08-16T13:43:04.573+0000] {logging_mixin.py:190} INFO - [2024-08-16T13:43:04.573+0000] {dagbag.py:587} INFO - Filling up the DagBag from /home/airflow/.local/lib/python3.12/site-packages/airflow/example_dags/tutorial.py
[2024-08-16T13:43:04.581+0000] {processor.py:925} INFO - DAG(s) 'tutorial' retrieved from /home/airflow/.local/lib/python3.12/site-packages/airflow/example_dags/tutorial.py
[2024-08-16T13:43:04.604+0000] {logging_mixin.py:190} INFO - [2024-08-16T13:43:04.604+0000] {dag.py:3211} INFO - Sync 1 DAGs
[2024-08-16T13:43:04.629+0000] {logging_mixin.py:190} INFO - [2024-08-16T13:43:04.629+0000] {dag.py:4138} INFO - Setting next_dagrun for tutorial to 2024-08-15 00:00:00+00:00, run_after=2024-08-16 00:00:00+00:00
[2024-08-16T13:43:04.647+0000] {processor.py:208} INFO - Processing /home/airflow/.local/lib/python3.12/site-packages/airflow/example_dags/tutorial.py took 0.084 seconds
[2024-08-16T13:43:35.149+0000] {processor.py:186} INFO - Started process (PID=14257) to work on /home/airflow/.local/lib/python3.12/site-packages/airflow/example_dags/tutorial.py
[2024-08-16T13:43:35.151+0000] {processor.py:914} INFO - Processing file /home/airflow/.local/lib/python3.12/site-packages/airflow/example_dags/tutorial.py for tasks to queue
[2024-08-16T13:43:35.153+0000] {logging_mixin.py:190} INFO - [2024-08-16T13:43:35.152+0000] {dagbag.py:587} INFO - Filling up the DagBag from /home/airflow/.local/lib/python3.12/site-packages/airflow/example_dags/tutorial.py
[2024-08-16T13:43:35.161+0000] {processor.py:925} INFO - DAG(s) 'tutorial' retrieved from /home/airflow/.local/lib/python3.12/site-packages/airflow/example_dags/tutorial.py
[2024-08-16T13:43:35.182+0000] {logging_mixin.py:190} INFO - [2024-08-16T13:43:35.182+0000] {dag.py:3211} INFO - Sync 1 DAGs
[2024-08-16T13:43:35.207+0000] {logging_mixin.py:190} INFO - [2024-08-16T13:43:35.207+0000] {dag.py:4138} INFO - Setting next_dagrun for tutorial to 2024-08-15 00:00:00+00:00, run_after=2024-08-16 00:00:00+00:00
[2024-08-16T13:43:35.224+0000] {processor.py:208} INFO - Processing /home/airflow/.local/lib/python3.12/site-packages/airflow/example_dags/tutorial.py took 0.081 seconds
[2024-08-16T13:44:05.847+0000] {processor.py:186} INFO - Started process (PID=14543) to work on /home/airflow/.local/lib/python3.12/site-packages/airflow/example_dags/tutorial.py
[2024-08-16T13:44:05.848+0000] {processor.py:914} INFO - Processing file /home/airflow/.local/lib/python3.12/site-packages/airflow/example_dags/tutorial.py for tasks to queue
[2024-08-16T13:44:05.851+0000] {logging_mixin.py:190} INFO - [2024-08-16T13:44:05.851+0000] {dagbag.py:587} INFO - Filling up the DagBag from /home/airflow/.local/lib/python3.12/site-packages/airflow/example_dags/tutorial.py
[2024-08-16T13:44:05.858+0000] {processor.py:925} INFO - DAG(s) 'tutorial' retrieved from /home/airflow/.local/lib/python3.12/site-packages/airflow/example_dags/tutorial.py
[2024-08-16T13:44:05.878+0000] {logging_mixin.py:190} INFO - [2024-08-16T13:44:05.877+0000] {dag.py:3211} INFO - Sync 1 DAGs
[2024-08-16T13:44:05.903+0000] {logging_mixin.py:190} INFO - [2024-08-16T13:44:05.902+0000] {dag.py:4138} INFO - Setting next_dagrun for tutorial to 2024-08-15 00:00:00+00:00, run_after=2024-08-16 00:00:00+00:00
[2024-08-16T13:44:05.920+0000] {processor.py:208} INFO - Processing /home/airflow/.local/lib/python3.12/site-packages/airflow/example_dags/tutorial.py took 0.080 seconds
[2024-08-16T13:44:36.362+0000] {processor.py:186} INFO - Started process (PID=14829) to work on /home/airflow/.local/lib/python3.12/site-packages/airflow/example_dags/tutorial.py
[2024-08-16T13:44:36.363+0000] {processor.py:914} INFO - Processing file /home/airflow/.local/lib/python3.12/site-packages/airflow/example_dags/tutorial.py for tasks to queue
[2024-08-16T13:44:36.365+0000] {logging_mixin.py:190} INFO - [2024-08-16T13:44:36.365+0000] {dagbag.py:587} INFO - Filling up the DagBag from /home/airflow/.local/lib/python3.12/site-packages/airflow/example_dags/tutorial.py
[2024-08-16T13:44:36.374+0000] {processor.py:925} INFO - DAG(s) 'tutorial' retrieved from /home/airflow/.local/lib/python3.12/site-packages/airflow/example_dags/tutorial.py
[2024-08-16T13:44:36.395+0000] {logging_mixin.py:190} INFO - [2024-08-16T13:44:36.394+0000] {dag.py:3211} INFO - Sync 1 DAGs
[2024-08-16T13:44:36.420+0000] {logging_mixin.py:190} INFO - [2024-08-16T13:44:36.420+0000] {dag.py:4138} INFO - Setting next_dagrun for tutorial to 2024-08-15 00:00:00+00:00, run_after=2024-08-16 00:00:00+00:00
[2024-08-16T13:44:36.441+0000] {processor.py:208} INFO - Processing /home/airflow/.local/lib/python3.12/site-packages/airflow/example_dags/tutorial.py took 0.086 seconds
[2024-08-16T13:45:06.887+0000] {processor.py:186} INFO - Started process (PID=15115) to work on /home/airflow/.local/lib/python3.12/site-packages/airflow/example_dags/tutorial.py
[2024-08-16T13:45:06.888+0000] {processor.py:914} INFO - Processing file /home/airflow/.local/lib/python3.12/site-packages/airflow/example_dags/tutorial.py for tasks to queue
[2024-08-16T13:45:06.892+0000] {logging_mixin.py:190} INFO - [2024-08-16T13:45:06.891+0000] {dagbag.py:587} INFO - Filling up the DagBag from /home/airflow/.local/lib/python3.12/site-packages/airflow/example_dags/tutorial.py
[2024-08-16T13:45:06.906+0000] {processor.py:925} INFO - DAG(s) 'tutorial' retrieved from /home/airflow/.local/lib/python3.12/site-packages/airflow/example_dags/tutorial.py
[2024-08-16T13:45:06.945+0000] {logging_mixin.py:190} INFO - [2024-08-16T13:45:06.945+0000] {dag.py:3211} INFO - Sync 1 DAGs
[2024-08-16T13:45:06.975+0000] {logging_mixin.py:190} INFO - [2024-08-16T13:45:06.975+0000] {dag.py:4138} INFO - Setting next_dagrun for tutorial to 2024-08-15 00:00:00+00:00, run_after=2024-08-16 00:00:00+00:00
[2024-08-16T13:45:06.996+0000] {processor.py:208} INFO - Processing /home/airflow/.local/lib/python3.12/site-packages/airflow/example_dags/tutorial.py took 0.117 seconds
[2024-08-16T13:45:37.760+0000] {processor.py:186} INFO - Started process (PID=15401) to work on /home/airflow/.local/lib/python3.12/site-packages/airflow/example_dags/tutorial.py
[2024-08-16T13:45:37.761+0000] {processor.py:914} INFO - Processing file /home/airflow/.local/lib/python3.12/site-packages/airflow/example_dags/tutorial.py for tasks to queue
[2024-08-16T13:45:37.764+0000] {logging_mixin.py:190} INFO - [2024-08-16T13:45:37.763+0000] {dagbag.py:587} INFO - Filling up the DagBag from /home/airflow/.local/lib/python3.12/site-packages/airflow/example_dags/tutorial.py
[2024-08-16T13:45:37.776+0000] {processor.py:925} INFO - DAG(s) 'tutorial' retrieved from /home/airflow/.local/lib/python3.12/site-packages/airflow/example_dags/tutorial.py
[2024-08-16T13:45:37.797+0000] {logging_mixin.py:190} INFO - [2024-08-16T13:45:37.797+0000] {dag.py:3211} INFO - Sync 1 DAGs
[2024-08-16T13:45:37.825+0000] {logging_mixin.py:190} INFO - [2024-08-16T13:45:37.825+0000] {dag.py:4138} INFO - Setting next_dagrun for tutorial to 2024-08-15 00:00:00+00:00, run_after=2024-08-16 00:00:00+00:00
[2024-08-16T13:45:37.847+0000] {processor.py:208} INFO - Processing /home/airflow/.local/lib/python3.12/site-packages/airflow/example_dags/tutorial.py took 0.095 seconds
[2024-08-16T13:46:08.712+0000] {processor.py:186} INFO - Started process (PID=15687) to work on /home/airflow/.local/lib/python3.12/site-packages/airflow/example_dags/tutorial.py
[2024-08-16T13:46:08.713+0000] {processor.py:914} INFO - Processing file /home/airflow/.local/lib/python3.12/site-packages/airflow/example_dags/tutorial.py for tasks to queue
[2024-08-16T13:46:08.716+0000] {logging_mixin.py:190} INFO - [2024-08-16T13:46:08.716+0000] {dagbag.py:587} INFO - Filling up the DagBag from /home/airflow/.local/lib/python3.12/site-packages/airflow/example_dags/tutorial.py
[2024-08-16T13:46:08.726+0000] {processor.py:925} INFO - DAG(s) 'tutorial' retrieved from /home/airflow/.local/lib/python3.12/site-packages/airflow/example_dags/tutorial.py
[2024-08-16T13:46:08.749+0000] {logging_mixin.py:190} INFO - [2024-08-16T13:46:08.749+0000] {dag.py:3211} INFO - Sync 1 DAGs
[2024-08-16T13:46:08.778+0000] {logging_mixin.py:190} INFO - [2024-08-16T13:46:08.777+0000] {dag.py:4138} INFO - Setting next_dagrun for tutorial to 2024-08-15 00:00:00+00:00, run_after=2024-08-16 00:00:00+00:00
[2024-08-16T13:46:08.801+0000] {processor.py:208} INFO - Processing /home/airflow/.local/lib/python3.12/site-packages/airflow/example_dags/tutorial.py took 0.099 seconds
[2024-08-16T13:46:39.740+0000] {processor.py:186} INFO - Started process (PID=15975) to work on /home/airflow/.local/lib/python3.12/site-packages/airflow/example_dags/tutorial.py
[2024-08-16T13:46:39.742+0000] {processor.py:914} INFO - Processing file /home/airflow/.local/lib/python3.12/site-packages/airflow/example_dags/tutorial.py for tasks to queue
[2024-08-16T13:46:39.746+0000] {logging_mixin.py:190} INFO - [2024-08-16T13:46:39.746+0000] {dagbag.py:587} INFO - Filling up the DagBag from /home/airflow/.local/lib/python3.12/site-packages/airflow/example_dags/tutorial.py
[2024-08-16T13:46:39.768+0000] {processor.py:925} INFO - DAG(s) 'tutorial' retrieved from /home/airflow/.local/lib/python3.12/site-packages/airflow/example_dags/tutorial.py
[2024-08-16T13:46:39.838+0000] {logging_mixin.py:190} INFO - [2024-08-16T13:46:39.838+0000] {dag.py:3211} INFO - Sync 1 DAGs
[2024-08-16T13:46:39.913+0000] {logging_mixin.py:190} INFO - [2024-08-16T13:46:39.913+0000] {dag.py:4138} INFO - Setting next_dagrun for tutorial to 2024-08-15 00:00:00+00:00, run_after=2024-08-16 00:00:00+00:00
[2024-08-16T13:46:40.060+0000] {processor.py:208} INFO - Processing /home/airflow/.local/lib/python3.12/site-packages/airflow/example_dags/tutorial.py took 0.333 seconds
[2024-08-16T13:47:10.707+0000] {processor.py:186} INFO - Started process (PID=16261) to work on /home/airflow/.local/lib/python3.12/site-packages/airflow/example_dags/tutorial.py
[2024-08-16T13:47:10.708+0000] {processor.py:914} INFO - Processing file /home/airflow/.local/lib/python3.12/site-packages/airflow/example_dags/tutorial.py for tasks to queue
[2024-08-16T13:47:10.710+0000] {logging_mixin.py:190} INFO - [2024-08-16T13:47:10.710+0000] {dagbag.py:587} INFO - Filling up the DagBag from /home/airflow/.local/lib/python3.12/site-packages/airflow/example_dags/tutorial.py
[2024-08-16T13:47:10.719+0000] {processor.py:925} INFO - DAG(s) 'tutorial' retrieved from /home/airflow/.local/lib/python3.12/site-packages/airflow/example_dags/tutorial.py
[2024-08-16T13:47:10.740+0000] {logging_mixin.py:190} INFO - [2024-08-16T13:47:10.740+0000] {dag.py:3211} INFO - Sync 1 DAGs
[2024-08-16T13:47:10.769+0000] {logging_mixin.py:190} INFO - [2024-08-16T13:47:10.769+0000] {dag.py:4138} INFO - Setting next_dagrun for tutorial to 2024-08-15 00:00:00+00:00, run_after=2024-08-16 00:00:00+00:00
[2024-08-16T13:47:10.790+0000] {processor.py:208} INFO - Processing /home/airflow/.local/lib/python3.12/site-packages/airflow/example_dags/tutorial.py took 0.091 seconds
[2024-08-16T13:47:41.425+0000] {processor.py:186} INFO - Started process (PID=16545) to work on /home/airflow/.local/lib/python3.12/site-packages/airflow/example_dags/tutorial.py
[2024-08-16T13:47:41.426+0000] {processor.py:914} INFO - Processing file /home/airflow/.local/lib/python3.12/site-packages/airflow/example_dags/tutorial.py for tasks to queue
[2024-08-16T13:47:41.428+0000] {logging_mixin.py:190} INFO - [2024-08-16T13:47:41.428+0000] {dagbag.py:587} INFO - Filling up the DagBag from /home/airflow/.local/lib/python3.12/site-packages/airflow/example_dags/tutorial.py
[2024-08-16T13:47:41.439+0000] {processor.py:925} INFO - DAG(s) 'tutorial' retrieved from /home/airflow/.local/lib/python3.12/site-packages/airflow/example_dags/tutorial.py
[2024-08-16T13:47:41.467+0000] {logging_mixin.py:190} INFO - [2024-08-16T13:47:41.467+0000] {dag.py:3211} INFO - Sync 1 DAGs
[2024-08-16T13:47:41.508+0000] {logging_mixin.py:190} INFO - [2024-08-16T13:47:41.508+0000] {dag.py:4138} INFO - Setting next_dagrun for tutorial to 2024-08-15 00:00:00+00:00, run_after=2024-08-16 00:00:00+00:00
[2024-08-16T13:47:41.536+0000] {processor.py:208} INFO - Processing /home/airflow/.local/lib/python3.12/site-packages/airflow/example_dags/tutorial.py took 0.118 seconds
[2024-08-16T13:48:12.616+0000] {processor.py:186} INFO - Started process (PID=16832) to work on /home/airflow/.local/lib/python3.12/site-packages/airflow/example_dags/tutorial.py
[2024-08-16T13:48:12.617+0000] {processor.py:914} INFO - Processing file /home/airflow/.local/lib/python3.12/site-packages/airflow/example_dags/tutorial.py for tasks to queue
[2024-08-16T13:48:12.620+0000] {logging_mixin.py:190} INFO - [2024-08-16T13:48:12.620+0000] {dagbag.py:587} INFO - Filling up the DagBag from /home/airflow/.local/lib/python3.12/site-packages/airflow/example_dags/tutorial.py
[2024-08-16T13:48:12.628+0000] {processor.py:925} INFO - DAG(s) 'tutorial' retrieved from /home/airflow/.local/lib/python3.12/site-packages/airflow/example_dags/tutorial.py
[2024-08-16T13:48:12.652+0000] {logging_mixin.py:190} INFO - [2024-08-16T13:48:12.652+0000] {dag.py:3211} INFO - Sync 1 DAGs
[2024-08-16T13:48:12.676+0000] {logging_mixin.py:190} INFO - [2024-08-16T13:48:12.676+0000] {dag.py:4138} INFO - Setting next_dagrun for tutorial to 2024-08-15 00:00:00+00:00, run_after=2024-08-16 00:00:00+00:00
[2024-08-16T13:48:12.731+0000] {processor.py:208} INFO - Processing /home/airflow/.local/lib/python3.12/site-packages/airflow/example_dags/tutorial.py took 0.122 seconds
[2024-08-16T13:48:43.573+0000] {processor.py:186} INFO - Started process (PID=17118) to work on /home/airflow/.local/lib/python3.12/site-packages/airflow/example_dags/tutorial.py
[2024-08-16T13:48:43.574+0000] {processor.py:914} INFO - Processing file /home/airflow/.local/lib/python3.12/site-packages/airflow/example_dags/tutorial.py for tasks to queue
[2024-08-16T13:48:43.578+0000] {logging_mixin.py:190} INFO - [2024-08-16T13:48:43.578+0000] {dagbag.py:587} INFO - Filling up the DagBag from /home/airflow/.local/lib/python3.12/site-packages/airflow/example_dags/tutorial.py
[2024-08-16T13:48:43.593+0000] {processor.py:925} INFO - DAG(s) 'tutorial' retrieved from /home/airflow/.local/lib/python3.12/site-packages/airflow/example_dags/tutorial.py
[2024-08-16T13:48:43.630+0000] {logging_mixin.py:190} INFO - [2024-08-16T13:48:43.630+0000] {dag.py:3211} INFO - Sync 1 DAGs
[2024-08-16T13:48:43.669+0000] {logging_mixin.py:190} INFO - [2024-08-16T13:48:43.669+0000] {dag.py:4138} INFO - Setting next_dagrun for tutorial to 2024-08-15 00:00:00+00:00, run_after=2024-08-16 00:00:00+00:00
[2024-08-16T13:48:43.692+0000] {processor.py:208} INFO - Processing /home/airflow/.local/lib/python3.12/site-packages/airflow/example_dags/tutorial.py took 0.135 seconds
[2024-08-16T13:49:14.369+0000] {processor.py:186} INFO - Started process (PID=17406) to work on /home/airflow/.local/lib/python3.12/site-packages/airflow/example_dags/tutorial.py
[2024-08-16T13:49:14.370+0000] {processor.py:914} INFO - Processing file /home/airflow/.local/lib/python3.12/site-packages/airflow/example_dags/tutorial.py for tasks to queue
[2024-08-16T13:49:14.373+0000] {logging_mixin.py:190} INFO - [2024-08-16T13:49:14.373+0000] {dagbag.py:587} INFO - Filling up the DagBag from /home/airflow/.local/lib/python3.12/site-packages/airflow/example_dags/tutorial.py
[2024-08-16T13:49:14.391+0000] {processor.py:925} INFO - DAG(s) 'tutorial' retrieved from /home/airflow/.local/lib/python3.12/site-packages/airflow/example_dags/tutorial.py
[2024-08-16T13:49:14.490+0000] {logging_mixin.py:190} INFO - [2024-08-16T13:49:14.489+0000] {dag.py:3211} INFO - Sync 1 DAGs
[2024-08-16T13:49:14.622+0000] {logging_mixin.py:190} INFO - [2024-08-16T13:49:14.621+0000] {dag.py:4138} INFO - Setting next_dagrun for tutorial to 2024-08-15 00:00:00+00:00, run_after=2024-08-16 00:00:00+00:00
[2024-08-16T13:49:14.667+0000] {processor.py:208} INFO - Processing /home/airflow/.local/lib/python3.12/site-packages/airflow/example_dags/tutorial.py took 0.305 seconds
[2024-08-16T13:49:45.506+0000] {processor.py:186} INFO - Started process (PID=17692) to work on /home/airflow/.local/lib/python3.12/site-packages/airflow/example_dags/tutorial.py
[2024-08-16T13:49:45.506+0000] {processor.py:914} INFO - Processing file /home/airflow/.local/lib/python3.12/site-packages/airflow/example_dags/tutorial.py for tasks to queue
[2024-08-16T13:49:45.511+0000] {logging_mixin.py:190} INFO - [2024-08-16T13:49:45.511+0000] {dagbag.py:587} INFO - Filling up the DagBag from /home/airflow/.local/lib/python3.12/site-packages/airflow/example_dags/tutorial.py
[2024-08-16T13:49:45.519+0000] {processor.py:925} INFO - DAG(s) 'tutorial' retrieved from /home/airflow/.local/lib/python3.12/site-packages/airflow/example_dags/tutorial.py
[2024-08-16T13:49:45.544+0000] {logging_mixin.py:190} INFO - [2024-08-16T13:49:45.544+0000] {dag.py:3211} INFO - Sync 1 DAGs
[2024-08-16T13:49:45.780+0000] {logging_mixin.py:190} INFO - [2024-08-16T13:49:45.780+0000] {dag.py:4138} INFO - Setting next_dagrun for tutorial to 2024-08-15 00:00:00+00:00, run_after=2024-08-16 00:00:00+00:00
[2024-08-16T13:49:45.801+0000] {processor.py:208} INFO - Processing /home/airflow/.local/lib/python3.12/site-packages/airflow/example_dags/tutorial.py took 0.302 seconds
[2024-08-16T13:50:16.250+0000] {processor.py:186} INFO - Started process (PID=17978) to work on /home/airflow/.local/lib/python3.12/site-packages/airflow/example_dags/tutorial.py
[2024-08-16T13:50:16.251+0000] {processor.py:914} INFO - Processing file /home/airflow/.local/lib/python3.12/site-packages/airflow/example_dags/tutorial.py for tasks to queue
[2024-08-16T13:50:16.254+0000] {logging_mixin.py:190} INFO - [2024-08-16T13:50:16.253+0000] {dagbag.py:587} INFO - Filling up the DagBag from /home/airflow/.local/lib/python3.12/site-packages/airflow/example_dags/tutorial.py
[2024-08-16T13:50:16.265+0000] {processor.py:925} INFO - DAG(s) 'tutorial' retrieved from /home/airflow/.local/lib/python3.12/site-packages/airflow/example_dags/tutorial.py
[2024-08-16T13:50:16.288+0000] {logging_mixin.py:190} INFO - [2024-08-16T13:50:16.287+0000] {dag.py:3211} INFO - Sync 1 DAGs
[2024-08-16T13:50:16.312+0000] {logging_mixin.py:190} INFO - [2024-08-16T13:50:16.312+0000] {dag.py:4138} INFO - Setting next_dagrun for tutorial to 2024-08-15 00:00:00+00:00, run_after=2024-08-16 00:00:00+00:00
[2024-08-16T13:50:16.515+0000] {processor.py:208} INFO - Processing /home/airflow/.local/lib/python3.12/site-packages/airflow/example_dags/tutorial.py took 0.271 seconds
