[2024-08-16T13:18:35.887+0000] {processor.py:186} INFO - Started process (PID=166) to work on /home/airflow/.local/lib/python3.12/site-packages/airflow/example_dags/tutorial_dag.py
[2024-08-16T13:18:35.888+0000] {processor.py:914} INFO - Processing file /home/airflow/.local/lib/python3.12/site-packages/airflow/example_dags/tutorial_dag.py for tasks to queue
[2024-08-16T13:18:35.892+0000] {logging_mixin.py:190} INFO - [2024-08-16T13:18:35.891+0000] {dagbag.py:587} INFO - Filling up the DagBag from /home/airflow/.local/lib/python3.12/site-packages/airflow/example_dags/tutorial_dag.py
[2024-08-16T13:18:35.920+0000] {processor.py:925} INFO - DAG(s) 'tutorial_dag' retrieved from /home/airflow/.local/lib/python3.12/site-packages/airflow/example_dags/tutorial_dag.py
[2024-08-16T13:18:36.225+0000] {logging_mixin.py:190} INFO - [2024-08-16T13:18:36.224+0000] {override.py:1858} INFO - Created Permission View: can read on DAG:tutorial_dag
[2024-08-16T13:18:36.236+0000] {logging_mixin.py:190} INFO - [2024-08-16T13:18:36.235+0000] {override.py:1858} INFO - Created Permission View: can edit on DAG:tutorial_dag
[2024-08-16T13:18:36.245+0000] {logging_mixin.py:190} INFO - [2024-08-16T13:18:36.245+0000] {override.py:1858} INFO - Created Permission View: can delete on DAG:tutorial_dag
[2024-08-16T13:18:36.246+0000] {logging_mixin.py:190} INFO - [2024-08-16T13:18:36.246+0000] {dag.py:3211} INFO - Sync 1 DAGs
[2024-08-16T13:18:36.284+0000] {logging_mixin.py:190} INFO - [2024-08-16T13:18:36.283+0000] {dag.py:3234} INFO - Creating ORM DAG for tutorial_dag
[2024-08-16T13:18:36.285+0000] {logging_mixin.py:190} INFO - [2024-08-16T13:18:36.284+0000] {dag.py:4138} INFO - Setting next_dagrun for tutorial_dag to None, run_after=None
[2024-08-16T13:18:36.305+0000] {processor.py:208} INFO - Processing /home/airflow/.local/lib/python3.12/site-packages/airflow/example_dags/tutorial_dag.py took 0.426 seconds
[2024-08-16T13:19:06.846+0000] {processor.py:186} INFO - Started process (PID=452) to work on /home/airflow/.local/lib/python3.12/site-packages/airflow/example_dags/tutorial_dag.py
[2024-08-16T13:19:06.847+0000] {processor.py:914} INFO - Processing file /home/airflow/.local/lib/python3.12/site-packages/airflow/example_dags/tutorial_dag.py for tasks to queue
[2024-08-16T13:19:06.850+0000] {logging_mixin.py:190} INFO - [2024-08-16T13:19:06.850+0000] {dagbag.py:587} INFO - Filling up the DagBag from /home/airflow/.local/lib/python3.12/site-packages/airflow/example_dags/tutorial_dag.py
[2024-08-16T13:19:06.859+0000] {processor.py:925} INFO - DAG(s) 'tutorial_dag' retrieved from /home/airflow/.local/lib/python3.12/site-packages/airflow/example_dags/tutorial_dag.py
[2024-08-16T13:19:06.882+0000] {logging_mixin.py:190} INFO - [2024-08-16T13:19:06.881+0000] {dag.py:3211} INFO - Sync 1 DAGs
[2024-08-16T13:19:06.898+0000] {logging_mixin.py:190} INFO - [2024-08-16T13:19:06.898+0000] {dag.py:4138} INFO - Setting next_dagrun for tutorial_dag to None, run_after=None
[2024-08-16T13:19:06.921+0000] {processor.py:208} INFO - Processing /home/airflow/.local/lib/python3.12/site-packages/airflow/example_dags/tutorial_dag.py took 0.082 seconds
[2024-08-16T13:19:37.419+0000] {processor.py:186} INFO - Started process (PID=738) to work on /home/airflow/.local/lib/python3.12/site-packages/airflow/example_dags/tutorial_dag.py
[2024-08-16T13:19:37.421+0000] {processor.py:914} INFO - Processing file /home/airflow/.local/lib/python3.12/site-packages/airflow/example_dags/tutorial_dag.py for tasks to queue
[2024-08-16T13:19:37.424+0000] {logging_mixin.py:190} INFO - [2024-08-16T13:19:37.424+0000] {dagbag.py:587} INFO - Filling up the DagBag from /home/airflow/.local/lib/python3.12/site-packages/airflow/example_dags/tutorial_dag.py
[2024-08-16T13:19:37.431+0000] {processor.py:925} INFO - DAG(s) 'tutorial_dag' retrieved from /home/airflow/.local/lib/python3.12/site-packages/airflow/example_dags/tutorial_dag.py
[2024-08-16T13:19:37.454+0000] {logging_mixin.py:190} INFO - [2024-08-16T13:19:37.454+0000] {dag.py:3211} INFO - Sync 1 DAGs
[2024-08-16T13:19:37.470+0000] {logging_mixin.py:190} INFO - [2024-08-16T13:19:37.469+0000] {dag.py:4138} INFO - Setting next_dagrun for tutorial_dag to None, run_after=None
[2024-08-16T13:19:37.490+0000] {processor.py:208} INFO - Processing /home/airflow/.local/lib/python3.12/site-packages/airflow/example_dags/tutorial_dag.py took 0.077 seconds
[2024-08-16T13:20:08.306+0000] {processor.py:186} INFO - Started process (PID=1024) to work on /home/airflow/.local/lib/python3.12/site-packages/airflow/example_dags/tutorial_dag.py
[2024-08-16T13:20:08.308+0000] {processor.py:914} INFO - Processing file /home/airflow/.local/lib/python3.12/site-packages/airflow/example_dags/tutorial_dag.py for tasks to queue
[2024-08-16T13:20:08.314+0000] {logging_mixin.py:190} INFO - [2024-08-16T13:20:08.314+0000] {dagbag.py:587} INFO - Filling up the DagBag from /home/airflow/.local/lib/python3.12/site-packages/airflow/example_dags/tutorial_dag.py
[2024-08-16T13:20:08.326+0000] {processor.py:925} INFO - DAG(s) 'tutorial_dag' retrieved from /home/airflow/.local/lib/python3.12/site-packages/airflow/example_dags/tutorial_dag.py
[2024-08-16T13:20:08.360+0000] {logging_mixin.py:190} INFO - [2024-08-16T13:20:08.360+0000] {dag.py:3211} INFO - Sync 1 DAGs
[2024-08-16T13:20:08.381+0000] {logging_mixin.py:190} INFO - [2024-08-16T13:20:08.381+0000] {dag.py:4138} INFO - Setting next_dagrun for tutorial_dag to None, run_after=None
[2024-08-16T13:20:08.401+0000] {processor.py:208} INFO - Processing /home/airflow/.local/lib/python3.12/site-packages/airflow/example_dags/tutorial_dag.py took 0.105 seconds
[2024-08-16T13:20:38.968+0000] {processor.py:186} INFO - Started process (PID=1310) to work on /home/airflow/.local/lib/python3.12/site-packages/airflow/example_dags/tutorial_dag.py
[2024-08-16T13:20:38.969+0000] {processor.py:914} INFO - Processing file /home/airflow/.local/lib/python3.12/site-packages/airflow/example_dags/tutorial_dag.py for tasks to queue
[2024-08-16T13:20:38.972+0000] {logging_mixin.py:190} INFO - [2024-08-16T13:20:38.971+0000] {dagbag.py:587} INFO - Filling up the DagBag from /home/airflow/.local/lib/python3.12/site-packages/airflow/example_dags/tutorial_dag.py
[2024-08-16T13:20:38.979+0000] {processor.py:925} INFO - DAG(s) 'tutorial_dag' retrieved from /home/airflow/.local/lib/python3.12/site-packages/airflow/example_dags/tutorial_dag.py
[2024-08-16T13:20:39.002+0000] {logging_mixin.py:190} INFO - [2024-08-16T13:20:39.002+0000] {dag.py:3211} INFO - Sync 1 DAGs
[2024-08-16T13:20:39.019+0000] {logging_mixin.py:190} INFO - [2024-08-16T13:20:39.019+0000] {dag.py:4138} INFO - Setting next_dagrun for tutorial_dag to None, run_after=None
[2024-08-16T13:20:39.039+0000] {processor.py:208} INFO - Processing /home/airflow/.local/lib/python3.12/site-packages/airflow/example_dags/tutorial_dag.py took 0.078 seconds
[2024-08-16T13:21:09.208+0000] {processor.py:186} INFO - Started process (PID=1596) to work on /home/airflow/.local/lib/python3.12/site-packages/airflow/example_dags/tutorial_dag.py
[2024-08-16T13:21:09.209+0000] {processor.py:914} INFO - Processing file /home/airflow/.local/lib/python3.12/site-packages/airflow/example_dags/tutorial_dag.py for tasks to queue
[2024-08-16T13:21:09.211+0000] {logging_mixin.py:190} INFO - [2024-08-16T13:21:09.211+0000] {dagbag.py:587} INFO - Filling up the DagBag from /home/airflow/.local/lib/python3.12/site-packages/airflow/example_dags/tutorial_dag.py
[2024-08-16T13:21:09.219+0000] {processor.py:925} INFO - DAG(s) 'tutorial_dag' retrieved from /home/airflow/.local/lib/python3.12/site-packages/airflow/example_dags/tutorial_dag.py
[2024-08-16T13:21:09.242+0000] {logging_mixin.py:190} INFO - [2024-08-16T13:21:09.242+0000] {dag.py:3211} INFO - Sync 1 DAGs
[2024-08-16T13:21:09.259+0000] {logging_mixin.py:190} INFO - [2024-08-16T13:21:09.259+0000] {dag.py:4138} INFO - Setting next_dagrun for tutorial_dag to None, run_after=None
[2024-08-16T13:21:09.280+0000] {processor.py:208} INFO - Processing /home/airflow/.local/lib/python3.12/site-packages/airflow/example_dags/tutorial_dag.py took 0.080 seconds
[2024-08-16T13:21:39.776+0000] {processor.py:186} INFO - Started process (PID=1882) to work on /home/airflow/.local/lib/python3.12/site-packages/airflow/example_dags/tutorial_dag.py
[2024-08-16T13:21:39.778+0000] {processor.py:914} INFO - Processing file /home/airflow/.local/lib/python3.12/site-packages/airflow/example_dags/tutorial_dag.py for tasks to queue
[2024-08-16T13:21:39.781+0000] {logging_mixin.py:190} INFO - [2024-08-16T13:21:39.781+0000] {dagbag.py:587} INFO - Filling up the DagBag from /home/airflow/.local/lib/python3.12/site-packages/airflow/example_dags/tutorial_dag.py
[2024-08-16T13:21:39.789+0000] {processor.py:925} INFO - DAG(s) 'tutorial_dag' retrieved from /home/airflow/.local/lib/python3.12/site-packages/airflow/example_dags/tutorial_dag.py
[2024-08-16T13:21:39.811+0000] {logging_mixin.py:190} INFO - [2024-08-16T13:21:39.811+0000] {dag.py:3211} INFO - Sync 1 DAGs
[2024-08-16T13:21:39.827+0000] {logging_mixin.py:190} INFO - [2024-08-16T13:21:39.826+0000] {dag.py:4138} INFO - Setting next_dagrun for tutorial_dag to None, run_after=None
[2024-08-16T13:21:39.848+0000] {processor.py:208} INFO - Processing /home/airflow/.local/lib/python3.12/site-packages/airflow/example_dags/tutorial_dag.py took 0.081 seconds
[2024-08-16T13:22:10.066+0000] {processor.py:186} INFO - Started process (PID=2168) to work on /home/airflow/.local/lib/python3.12/site-packages/airflow/example_dags/tutorial_dag.py
[2024-08-16T13:22:10.068+0000] {processor.py:914} INFO - Processing file /home/airflow/.local/lib/python3.12/site-packages/airflow/example_dags/tutorial_dag.py for tasks to queue
[2024-08-16T13:22:10.070+0000] {logging_mixin.py:190} INFO - [2024-08-16T13:22:10.070+0000] {dagbag.py:587} INFO - Filling up the DagBag from /home/airflow/.local/lib/python3.12/site-packages/airflow/example_dags/tutorial_dag.py
[2024-08-16T13:22:10.078+0000] {processor.py:925} INFO - DAG(s) 'tutorial_dag' retrieved from /home/airflow/.local/lib/python3.12/site-packages/airflow/example_dags/tutorial_dag.py
[2024-08-16T13:22:10.106+0000] {logging_mixin.py:190} INFO - [2024-08-16T13:22:10.105+0000] {dag.py:3211} INFO - Sync 1 DAGs
[2024-08-16T13:22:10.121+0000] {logging_mixin.py:190} INFO - [2024-08-16T13:22:10.121+0000] {dag.py:4138} INFO - Setting next_dagrun for tutorial_dag to None, run_after=None
[2024-08-16T13:22:10.141+0000] {processor.py:208} INFO - Processing /home/airflow/.local/lib/python3.12/site-packages/airflow/example_dags/tutorial_dag.py took 0.081 seconds
[2024-08-16T13:22:40.338+0000] {processor.py:186} INFO - Started process (PID=2454) to work on /home/airflow/.local/lib/python3.12/site-packages/airflow/example_dags/tutorial_dag.py
[2024-08-16T13:22:40.339+0000] {processor.py:914} INFO - Processing file /home/airflow/.local/lib/python3.12/site-packages/airflow/example_dags/tutorial_dag.py for tasks to queue
[2024-08-16T13:22:40.342+0000] {logging_mixin.py:190} INFO - [2024-08-16T13:22:40.342+0000] {dagbag.py:587} INFO - Filling up the DagBag from /home/airflow/.local/lib/python3.12/site-packages/airflow/example_dags/tutorial_dag.py
[2024-08-16T13:22:40.350+0000] {processor.py:925} INFO - DAG(s) 'tutorial_dag' retrieved from /home/airflow/.local/lib/python3.12/site-packages/airflow/example_dags/tutorial_dag.py
[2024-08-16T13:22:40.374+0000] {logging_mixin.py:190} INFO - [2024-08-16T13:22:40.373+0000] {dag.py:3211} INFO - Sync 1 DAGs
[2024-08-16T13:22:40.392+0000] {logging_mixin.py:190} INFO - [2024-08-16T13:22:40.392+0000] {dag.py:4138} INFO - Setting next_dagrun for tutorial_dag to None, run_after=None
[2024-08-16T13:22:40.416+0000] {processor.py:208} INFO - Processing /home/airflow/.local/lib/python3.12/site-packages/airflow/example_dags/tutorial_dag.py took 0.085 seconds
[2024-08-16T13:23:10.799+0000] {processor.py:186} INFO - Started process (PID=2740) to work on /home/airflow/.local/lib/python3.12/site-packages/airflow/example_dags/tutorial_dag.py
[2024-08-16T13:23:10.801+0000] {processor.py:914} INFO - Processing file /home/airflow/.local/lib/python3.12/site-packages/airflow/example_dags/tutorial_dag.py for tasks to queue
[2024-08-16T13:23:10.803+0000] {logging_mixin.py:190} INFO - [2024-08-16T13:23:10.803+0000] {dagbag.py:587} INFO - Filling up the DagBag from /home/airflow/.local/lib/python3.12/site-packages/airflow/example_dags/tutorial_dag.py
[2024-08-16T13:23:10.812+0000] {processor.py:925} INFO - DAG(s) 'tutorial_dag' retrieved from /home/airflow/.local/lib/python3.12/site-packages/airflow/example_dags/tutorial_dag.py
[2024-08-16T13:23:10.835+0000] {logging_mixin.py:190} INFO - [2024-08-16T13:23:10.835+0000] {dag.py:3211} INFO - Sync 1 DAGs
[2024-08-16T13:23:10.851+0000] {logging_mixin.py:190} INFO - [2024-08-16T13:23:10.851+0000] {dag.py:4138} INFO - Setting next_dagrun for tutorial_dag to None, run_after=None
[2024-08-16T13:23:10.870+0000] {processor.py:208} INFO - Processing /home/airflow/.local/lib/python3.12/site-packages/airflow/example_dags/tutorial_dag.py took 0.077 seconds
[2024-08-16T13:23:41.292+0000] {processor.py:186} INFO - Started process (PID=3026) to work on /home/airflow/.local/lib/python3.12/site-packages/airflow/example_dags/tutorial_dag.py
[2024-08-16T13:23:41.293+0000] {processor.py:914} INFO - Processing file /home/airflow/.local/lib/python3.12/site-packages/airflow/example_dags/tutorial_dag.py for tasks to queue
[2024-08-16T13:23:41.297+0000] {logging_mixin.py:190} INFO - [2024-08-16T13:23:41.296+0000] {dagbag.py:587} INFO - Filling up the DagBag from /home/airflow/.local/lib/python3.12/site-packages/airflow/example_dags/tutorial_dag.py
[2024-08-16T13:23:41.303+0000] {processor.py:925} INFO - DAG(s) 'tutorial_dag' retrieved from /home/airflow/.local/lib/python3.12/site-packages/airflow/example_dags/tutorial_dag.py
[2024-08-16T13:23:41.325+0000] {logging_mixin.py:190} INFO - [2024-08-16T13:23:41.324+0000] {dag.py:3211} INFO - Sync 1 DAGs
[2024-08-16T13:23:41.340+0000] {logging_mixin.py:190} INFO - [2024-08-16T13:23:41.340+0000] {dag.py:4138} INFO - Setting next_dagrun for tutorial_dag to None, run_after=None
[2024-08-16T13:23:41.358+0000] {processor.py:208} INFO - Processing /home/airflow/.local/lib/python3.12/site-packages/airflow/example_dags/tutorial_dag.py took 0.073 seconds
[2024-08-16T13:24:11.414+0000] {processor.py:186} INFO - Started process (PID=3312) to work on /home/airflow/.local/lib/python3.12/site-packages/airflow/example_dags/tutorial_dag.py
[2024-08-16T13:24:11.415+0000] {processor.py:914} INFO - Processing file /home/airflow/.local/lib/python3.12/site-packages/airflow/example_dags/tutorial_dag.py for tasks to queue
[2024-08-16T13:24:11.418+0000] {logging_mixin.py:190} INFO - [2024-08-16T13:24:11.418+0000] {dagbag.py:587} INFO - Filling up the DagBag from /home/airflow/.local/lib/python3.12/site-packages/airflow/example_dags/tutorial_dag.py
[2024-08-16T13:24:11.426+0000] {processor.py:925} INFO - DAG(s) 'tutorial_dag' retrieved from /home/airflow/.local/lib/python3.12/site-packages/airflow/example_dags/tutorial_dag.py
[2024-08-16T13:24:11.449+0000] {logging_mixin.py:190} INFO - [2024-08-16T13:24:11.449+0000] {dag.py:3211} INFO - Sync 1 DAGs
[2024-08-16T13:24:11.465+0000] {logging_mixin.py:190} INFO - [2024-08-16T13:24:11.465+0000] {dag.py:4138} INFO - Setting next_dagrun for tutorial_dag to None, run_after=None
[2024-08-16T13:24:11.487+0000] {processor.py:208} INFO - Processing /home/airflow/.local/lib/python3.12/site-packages/airflow/example_dags/tutorial_dag.py took 0.080 seconds
[2024-08-16T13:24:41.681+0000] {processor.py:186} INFO - Started process (PID=3598) to work on /home/airflow/.local/lib/python3.12/site-packages/airflow/example_dags/tutorial_dag.py
[2024-08-16T13:24:41.682+0000] {processor.py:914} INFO - Processing file /home/airflow/.local/lib/python3.12/site-packages/airflow/example_dags/tutorial_dag.py for tasks to queue
[2024-08-16T13:24:41.685+0000] {logging_mixin.py:190} INFO - [2024-08-16T13:24:41.685+0000] {dagbag.py:587} INFO - Filling up the DagBag from /home/airflow/.local/lib/python3.12/site-packages/airflow/example_dags/tutorial_dag.py
[2024-08-16T13:24:41.695+0000] {processor.py:925} INFO - DAG(s) 'tutorial_dag' retrieved from /home/airflow/.local/lib/python3.12/site-packages/airflow/example_dags/tutorial_dag.py
[2024-08-16T13:24:41.717+0000] {logging_mixin.py:190} INFO - [2024-08-16T13:24:41.717+0000] {dag.py:3211} INFO - Sync 1 DAGs
[2024-08-16T13:24:41.734+0000] {logging_mixin.py:190} INFO - [2024-08-16T13:24:41.734+0000] {dag.py:4138} INFO - Setting next_dagrun for tutorial_dag to None, run_after=None
[2024-08-16T13:24:41.753+0000] {processor.py:208} INFO - Processing /home/airflow/.local/lib/python3.12/site-packages/airflow/example_dags/tutorial_dag.py took 0.079 seconds
[2024-08-16T13:25:12.104+0000] {processor.py:186} INFO - Started process (PID=3884) to work on /home/airflow/.local/lib/python3.12/site-packages/airflow/example_dags/tutorial_dag.py
[2024-08-16T13:25:12.105+0000] {processor.py:914} INFO - Processing file /home/airflow/.local/lib/python3.12/site-packages/airflow/example_dags/tutorial_dag.py for tasks to queue
[2024-08-16T13:25:12.107+0000] {logging_mixin.py:190} INFO - [2024-08-16T13:25:12.107+0000] {dagbag.py:587} INFO - Filling up the DagBag from /home/airflow/.local/lib/python3.12/site-packages/airflow/example_dags/tutorial_dag.py
[2024-08-16T13:25:12.115+0000] {processor.py:925} INFO - DAG(s) 'tutorial_dag' retrieved from /home/airflow/.local/lib/python3.12/site-packages/airflow/example_dags/tutorial_dag.py
[2024-08-16T13:25:12.138+0000] {logging_mixin.py:190} INFO - [2024-08-16T13:25:12.138+0000] {dag.py:3211} INFO - Sync 1 DAGs
[2024-08-16T13:25:12.154+0000] {logging_mixin.py:190} INFO - [2024-08-16T13:25:12.154+0000] {dag.py:4138} INFO - Setting next_dagrun for tutorial_dag to None, run_after=None
[2024-08-16T13:25:12.174+0000] {processor.py:208} INFO - Processing /home/airflow/.local/lib/python3.12/site-packages/airflow/example_dags/tutorial_dag.py took 0.077 seconds
[2024-08-16T13:25:42.273+0000] {processor.py:186} INFO - Started process (PID=4170) to work on /home/airflow/.local/lib/python3.12/site-packages/airflow/example_dags/tutorial_dag.py
[2024-08-16T13:25:42.275+0000] {processor.py:914} INFO - Processing file /home/airflow/.local/lib/python3.12/site-packages/airflow/example_dags/tutorial_dag.py for tasks to queue
[2024-08-16T13:25:42.277+0000] {logging_mixin.py:190} INFO - [2024-08-16T13:25:42.277+0000] {dagbag.py:587} INFO - Filling up the DagBag from /home/airflow/.local/lib/python3.12/site-packages/airflow/example_dags/tutorial_dag.py
[2024-08-16T13:25:42.284+0000] {processor.py:925} INFO - DAG(s) 'tutorial_dag' retrieved from /home/airflow/.local/lib/python3.12/site-packages/airflow/example_dags/tutorial_dag.py
[2024-08-16T13:25:42.306+0000] {logging_mixin.py:190} INFO - [2024-08-16T13:25:42.306+0000] {dag.py:3211} INFO - Sync 1 DAGs
[2024-08-16T13:25:42.322+0000] {logging_mixin.py:190} INFO - [2024-08-16T13:25:42.321+0000] {dag.py:4138} INFO - Setting next_dagrun for tutorial_dag to None, run_after=None
[2024-08-16T13:25:42.344+0000] {processor.py:208} INFO - Processing /home/airflow/.local/lib/python3.12/site-packages/airflow/example_dags/tutorial_dag.py took 0.077 seconds
[2024-08-16T13:26:12.907+0000] {processor.py:186} INFO - Started process (PID=4456) to work on /home/airflow/.local/lib/python3.12/site-packages/airflow/example_dags/tutorial_dag.py
[2024-08-16T13:26:12.908+0000] {processor.py:914} INFO - Processing file /home/airflow/.local/lib/python3.12/site-packages/airflow/example_dags/tutorial_dag.py for tasks to queue
[2024-08-16T13:26:12.911+0000] {logging_mixin.py:190} INFO - [2024-08-16T13:26:12.911+0000] {dagbag.py:587} INFO - Filling up the DagBag from /home/airflow/.local/lib/python3.12/site-packages/airflow/example_dags/tutorial_dag.py
[2024-08-16T13:26:12.919+0000] {processor.py:925} INFO - DAG(s) 'tutorial_dag' retrieved from /home/airflow/.local/lib/python3.12/site-packages/airflow/example_dags/tutorial_dag.py
[2024-08-16T13:26:12.942+0000] {logging_mixin.py:190} INFO - [2024-08-16T13:26:12.942+0000] {dag.py:3211} INFO - Sync 1 DAGs
[2024-08-16T13:26:12.957+0000] {logging_mixin.py:190} INFO - [2024-08-16T13:26:12.957+0000] {dag.py:4138} INFO - Setting next_dagrun for tutorial_dag to None, run_after=None
[2024-08-16T13:26:12.977+0000] {processor.py:208} INFO - Processing /home/airflow/.local/lib/python3.12/site-packages/airflow/example_dags/tutorial_dag.py took 0.078 seconds
[2024-08-16T13:26:43.516+0000] {processor.py:186} INFO - Started process (PID=4742) to work on /home/airflow/.local/lib/python3.12/site-packages/airflow/example_dags/tutorial_dag.py
[2024-08-16T13:26:43.517+0000] {processor.py:914} INFO - Processing file /home/airflow/.local/lib/python3.12/site-packages/airflow/example_dags/tutorial_dag.py for tasks to queue
[2024-08-16T13:26:43.520+0000] {logging_mixin.py:190} INFO - [2024-08-16T13:26:43.519+0000] {dagbag.py:587} INFO - Filling up the DagBag from /home/airflow/.local/lib/python3.12/site-packages/airflow/example_dags/tutorial_dag.py
[2024-08-16T13:26:43.528+0000] {processor.py:925} INFO - DAG(s) 'tutorial_dag' retrieved from /home/airflow/.local/lib/python3.12/site-packages/airflow/example_dags/tutorial_dag.py
[2024-08-16T13:26:43.549+0000] {logging_mixin.py:190} INFO - [2024-08-16T13:26:43.549+0000] {dag.py:3211} INFO - Sync 1 DAGs
[2024-08-16T13:26:43.565+0000] {logging_mixin.py:190} INFO - [2024-08-16T13:26:43.565+0000] {dag.py:4138} INFO - Setting next_dagrun for tutorial_dag to None, run_after=None
[2024-08-16T13:26:43.586+0000] {processor.py:208} INFO - Processing /home/airflow/.local/lib/python3.12/site-packages/airflow/example_dags/tutorial_dag.py took 0.076 seconds
[2024-08-16T13:27:13.856+0000] {processor.py:186} INFO - Started process (PID=5028) to work on /home/airflow/.local/lib/python3.12/site-packages/airflow/example_dags/tutorial_dag.py
[2024-08-16T13:27:13.857+0000] {processor.py:914} INFO - Processing file /home/airflow/.local/lib/python3.12/site-packages/airflow/example_dags/tutorial_dag.py for tasks to queue
[2024-08-16T13:27:13.860+0000] {logging_mixin.py:190} INFO - [2024-08-16T13:27:13.860+0000] {dagbag.py:587} INFO - Filling up the DagBag from /home/airflow/.local/lib/python3.12/site-packages/airflow/example_dags/tutorial_dag.py
[2024-08-16T13:27:13.869+0000] {processor.py:925} INFO - DAG(s) 'tutorial_dag' retrieved from /home/airflow/.local/lib/python3.12/site-packages/airflow/example_dags/tutorial_dag.py
[2024-08-16T13:27:13.893+0000] {logging_mixin.py:190} INFO - [2024-08-16T13:27:13.893+0000] {dag.py:3211} INFO - Sync 1 DAGs
[2024-08-16T13:27:13.908+0000] {logging_mixin.py:190} INFO - [2024-08-16T13:27:13.908+0000] {dag.py:4138} INFO - Setting next_dagrun for tutorial_dag to None, run_after=None
[2024-08-16T13:27:13.927+0000] {processor.py:208} INFO - Processing /home/airflow/.local/lib/python3.12/site-packages/airflow/example_dags/tutorial_dag.py took 0.078 seconds
[2024-08-16T13:27:44.356+0000] {processor.py:186} INFO - Started process (PID=5315) to work on /home/airflow/.local/lib/python3.12/site-packages/airflow/example_dags/tutorial_dag.py
[2024-08-16T13:27:44.357+0000] {processor.py:914} INFO - Processing file /home/airflow/.local/lib/python3.12/site-packages/airflow/example_dags/tutorial_dag.py for tasks to queue
[2024-08-16T13:27:44.361+0000] {logging_mixin.py:190} INFO - [2024-08-16T13:27:44.360+0000] {dagbag.py:587} INFO - Filling up the DagBag from /home/airflow/.local/lib/python3.12/site-packages/airflow/example_dags/tutorial_dag.py
[2024-08-16T13:27:44.372+0000] {processor.py:925} INFO - DAG(s) 'tutorial_dag' retrieved from /home/airflow/.local/lib/python3.12/site-packages/airflow/example_dags/tutorial_dag.py
[2024-08-16T13:27:44.395+0000] {logging_mixin.py:190} INFO - [2024-08-16T13:27:44.395+0000] {dag.py:3211} INFO - Sync 1 DAGs
[2024-08-16T13:27:44.415+0000] {logging_mixin.py:190} INFO - [2024-08-16T13:27:44.414+0000] {dag.py:4138} INFO - Setting next_dagrun for tutorial_dag to None, run_after=None
[2024-08-16T13:27:44.440+0000] {processor.py:208} INFO - Processing /home/airflow/.local/lib/python3.12/site-packages/airflow/example_dags/tutorial_dag.py took 0.093 seconds
[2024-08-16T13:28:14.690+0000] {processor.py:186} INFO - Started process (PID=5601) to work on /home/airflow/.local/lib/python3.12/site-packages/airflow/example_dags/tutorial_dag.py
[2024-08-16T13:28:14.691+0000] {processor.py:914} INFO - Processing file /home/airflow/.local/lib/python3.12/site-packages/airflow/example_dags/tutorial_dag.py for tasks to queue
[2024-08-16T13:28:14.694+0000] {logging_mixin.py:190} INFO - [2024-08-16T13:28:14.693+0000] {dagbag.py:587} INFO - Filling up the DagBag from /home/airflow/.local/lib/python3.12/site-packages/airflow/example_dags/tutorial_dag.py
[2024-08-16T13:28:14.702+0000] {processor.py:925} INFO - DAG(s) 'tutorial_dag' retrieved from /home/airflow/.local/lib/python3.12/site-packages/airflow/example_dags/tutorial_dag.py
[2024-08-16T13:28:14.725+0000] {logging_mixin.py:190} INFO - [2024-08-16T13:28:14.725+0000] {dag.py:3211} INFO - Sync 1 DAGs
[2024-08-16T13:28:14.742+0000] {logging_mixin.py:190} INFO - [2024-08-16T13:28:14.742+0000] {dag.py:4138} INFO - Setting next_dagrun for tutorial_dag to None, run_after=None
[2024-08-16T13:28:14.765+0000] {processor.py:208} INFO - Processing /home/airflow/.local/lib/python3.12/site-packages/airflow/example_dags/tutorial_dag.py took 0.083 seconds
[2024-08-16T13:28:45.386+0000] {processor.py:186} INFO - Started process (PID=5887) to work on /home/airflow/.local/lib/python3.12/site-packages/airflow/example_dags/tutorial_dag.py
[2024-08-16T13:28:45.388+0000] {processor.py:914} INFO - Processing file /home/airflow/.local/lib/python3.12/site-packages/airflow/example_dags/tutorial_dag.py for tasks to queue
[2024-08-16T13:28:45.391+0000] {logging_mixin.py:190} INFO - [2024-08-16T13:28:45.390+0000] {dagbag.py:587} INFO - Filling up the DagBag from /home/airflow/.local/lib/python3.12/site-packages/airflow/example_dags/tutorial_dag.py
[2024-08-16T13:28:45.398+0000] {processor.py:925} INFO - DAG(s) 'tutorial_dag' retrieved from /home/airflow/.local/lib/python3.12/site-packages/airflow/example_dags/tutorial_dag.py
[2024-08-16T13:28:45.420+0000] {logging_mixin.py:190} INFO - [2024-08-16T13:28:45.420+0000] {dag.py:3211} INFO - Sync 1 DAGs
[2024-08-16T13:28:45.437+0000] {logging_mixin.py:190} INFO - [2024-08-16T13:28:45.437+0000] {dag.py:4138} INFO - Setting next_dagrun for tutorial_dag to None, run_after=None
[2024-08-16T13:28:45.459+0000] {processor.py:208} INFO - Processing /home/airflow/.local/lib/python3.12/site-packages/airflow/example_dags/tutorial_dag.py took 0.078 seconds
[2024-08-16T13:29:15.777+0000] {processor.py:186} INFO - Started process (PID=6173) to work on /home/airflow/.local/lib/python3.12/site-packages/airflow/example_dags/tutorial_dag.py
[2024-08-16T13:29:15.778+0000] {processor.py:914} INFO - Processing file /home/airflow/.local/lib/python3.12/site-packages/airflow/example_dags/tutorial_dag.py for tasks to queue
[2024-08-16T13:29:15.781+0000] {logging_mixin.py:190} INFO - [2024-08-16T13:29:15.780+0000] {dagbag.py:587} INFO - Filling up the DagBag from /home/airflow/.local/lib/python3.12/site-packages/airflow/example_dags/tutorial_dag.py
[2024-08-16T13:29:15.788+0000] {processor.py:925} INFO - DAG(s) 'tutorial_dag' retrieved from /home/airflow/.local/lib/python3.12/site-packages/airflow/example_dags/tutorial_dag.py
[2024-08-16T13:29:15.811+0000] {logging_mixin.py:190} INFO - [2024-08-16T13:29:15.811+0000] {dag.py:3211} INFO - Sync 1 DAGs
[2024-08-16T13:29:15.826+0000] {logging_mixin.py:190} INFO - [2024-08-16T13:29:15.825+0000] {dag.py:4138} INFO - Setting next_dagrun for tutorial_dag to None, run_after=None
[2024-08-16T13:29:15.845+0000] {processor.py:208} INFO - Processing /home/airflow/.local/lib/python3.12/site-packages/airflow/example_dags/tutorial_dag.py took 0.077 seconds
[2024-08-16T13:29:46.451+0000] {processor.py:186} INFO - Started process (PID=6465) to work on /home/airflow/.local/lib/python3.12/site-packages/airflow/example_dags/tutorial_dag.py
[2024-08-16T13:29:46.452+0000] {processor.py:914} INFO - Processing file /home/airflow/.local/lib/python3.12/site-packages/airflow/example_dags/tutorial_dag.py for tasks to queue
[2024-08-16T13:29:46.455+0000] {logging_mixin.py:190} INFO - [2024-08-16T13:29:46.454+0000] {dagbag.py:587} INFO - Filling up the DagBag from /home/airflow/.local/lib/python3.12/site-packages/airflow/example_dags/tutorial_dag.py
[2024-08-16T13:29:46.462+0000] {processor.py:925} INFO - DAG(s) 'tutorial_dag' retrieved from /home/airflow/.local/lib/python3.12/site-packages/airflow/example_dags/tutorial_dag.py
[2024-08-16T13:29:46.485+0000] {logging_mixin.py:190} INFO - [2024-08-16T13:29:46.485+0000] {dag.py:3211} INFO - Sync 1 DAGs
[2024-08-16T13:29:46.501+0000] {logging_mixin.py:190} INFO - [2024-08-16T13:29:46.501+0000] {dag.py:4138} INFO - Setting next_dagrun for tutorial_dag to None, run_after=None
[2024-08-16T13:29:46.522+0000] {processor.py:208} INFO - Processing /home/airflow/.local/lib/python3.12/site-packages/airflow/example_dags/tutorial_dag.py took 0.078 seconds
[2024-08-16T13:30:16.847+0000] {processor.py:186} INFO - Started process (PID=6752) to work on /home/airflow/.local/lib/python3.12/site-packages/airflow/example_dags/tutorial_dag.py
[2024-08-16T13:30:16.848+0000] {processor.py:914} INFO - Processing file /home/airflow/.local/lib/python3.12/site-packages/airflow/example_dags/tutorial_dag.py for tasks to queue
[2024-08-16T13:30:16.850+0000] {logging_mixin.py:190} INFO - [2024-08-16T13:30:16.850+0000] {dagbag.py:587} INFO - Filling up the DagBag from /home/airflow/.local/lib/python3.12/site-packages/airflow/example_dags/tutorial_dag.py
[2024-08-16T13:30:16.857+0000] {processor.py:925} INFO - DAG(s) 'tutorial_dag' retrieved from /home/airflow/.local/lib/python3.12/site-packages/airflow/example_dags/tutorial_dag.py
[2024-08-16T13:30:16.878+0000] {logging_mixin.py:190} INFO - [2024-08-16T13:30:16.877+0000] {dag.py:3211} INFO - Sync 1 DAGs
[2024-08-16T13:30:16.892+0000] {logging_mixin.py:190} INFO - [2024-08-16T13:30:16.892+0000] {dag.py:4138} INFO - Setting next_dagrun for tutorial_dag to None, run_after=None
[2024-08-16T13:30:16.911+0000] {processor.py:208} INFO - Processing /home/airflow/.local/lib/python3.12/site-packages/airflow/example_dags/tutorial_dag.py took 0.075 seconds
[2024-08-16T13:30:47.331+0000] {processor.py:186} INFO - Started process (PID=7038) to work on /home/airflow/.local/lib/python3.12/site-packages/airflow/example_dags/tutorial_dag.py
[2024-08-16T13:30:47.332+0000] {processor.py:914} INFO - Processing file /home/airflow/.local/lib/python3.12/site-packages/airflow/example_dags/tutorial_dag.py for tasks to queue
[2024-08-16T13:30:47.335+0000] {logging_mixin.py:190} INFO - [2024-08-16T13:30:47.334+0000] {dagbag.py:587} INFO - Filling up the DagBag from /home/airflow/.local/lib/python3.12/site-packages/airflow/example_dags/tutorial_dag.py
[2024-08-16T13:30:47.342+0000] {processor.py:925} INFO - DAG(s) 'tutorial_dag' retrieved from /home/airflow/.local/lib/python3.12/site-packages/airflow/example_dags/tutorial_dag.py
[2024-08-16T13:30:47.365+0000] {logging_mixin.py:190} INFO - [2024-08-16T13:30:47.364+0000] {dag.py:3211} INFO - Sync 1 DAGs
[2024-08-16T13:30:47.381+0000] {logging_mixin.py:190} INFO - [2024-08-16T13:30:47.381+0000] {dag.py:4138} INFO - Setting next_dagrun for tutorial_dag to None, run_after=None
[2024-08-16T13:30:47.399+0000] {processor.py:208} INFO - Processing /home/airflow/.local/lib/python3.12/site-packages/airflow/example_dags/tutorial_dag.py took 0.076 seconds
[2024-08-16T13:31:17.929+0000] {processor.py:186} INFO - Started process (PID=7324) to work on /home/airflow/.local/lib/python3.12/site-packages/airflow/example_dags/tutorial_dag.py
[2024-08-16T13:31:17.930+0000] {processor.py:914} INFO - Processing file /home/airflow/.local/lib/python3.12/site-packages/airflow/example_dags/tutorial_dag.py for tasks to queue
[2024-08-16T13:31:17.933+0000] {logging_mixin.py:190} INFO - [2024-08-16T13:31:17.932+0000] {dagbag.py:587} INFO - Filling up the DagBag from /home/airflow/.local/lib/python3.12/site-packages/airflow/example_dags/tutorial_dag.py
[2024-08-16T13:31:17.940+0000] {processor.py:925} INFO - DAG(s) 'tutorial_dag' retrieved from /home/airflow/.local/lib/python3.12/site-packages/airflow/example_dags/tutorial_dag.py
[2024-08-16T13:31:17.962+0000] {logging_mixin.py:190} INFO - [2024-08-16T13:31:17.962+0000] {dag.py:3211} INFO - Sync 1 DAGs
[2024-08-16T13:31:17.977+0000] {logging_mixin.py:190} INFO - [2024-08-16T13:31:17.977+0000] {dag.py:4138} INFO - Setting next_dagrun for tutorial_dag to None, run_after=None
[2024-08-16T13:31:17.998+0000] {processor.py:208} INFO - Processing /home/airflow/.local/lib/python3.12/site-packages/airflow/example_dags/tutorial_dag.py took 0.075 seconds
[2024-08-16T13:31:48.573+0000] {processor.py:186} INFO - Started process (PID=7610) to work on /home/airflow/.local/lib/python3.12/site-packages/airflow/example_dags/tutorial_dag.py
[2024-08-16T13:31:48.575+0000] {processor.py:914} INFO - Processing file /home/airflow/.local/lib/python3.12/site-packages/airflow/example_dags/tutorial_dag.py for tasks to queue
[2024-08-16T13:31:48.578+0000] {logging_mixin.py:190} INFO - [2024-08-16T13:31:48.577+0000] {dagbag.py:587} INFO - Filling up the DagBag from /home/airflow/.local/lib/python3.12/site-packages/airflow/example_dags/tutorial_dag.py
[2024-08-16T13:31:48.587+0000] {processor.py:925} INFO - DAG(s) 'tutorial_dag' retrieved from /home/airflow/.local/lib/python3.12/site-packages/airflow/example_dags/tutorial_dag.py
[2024-08-16T13:31:48.609+0000] {logging_mixin.py:190} INFO - [2024-08-16T13:31:48.608+0000] {dag.py:3211} INFO - Sync 1 DAGs
[2024-08-16T13:31:48.625+0000] {logging_mixin.py:190} INFO - [2024-08-16T13:31:48.625+0000] {dag.py:4138} INFO - Setting next_dagrun for tutorial_dag to None, run_after=None
[2024-08-16T13:31:48.646+0000] {processor.py:208} INFO - Processing /home/airflow/.local/lib/python3.12/site-packages/airflow/example_dags/tutorial_dag.py took 0.080 seconds
[2024-08-16T13:32:18.903+0000] {processor.py:186} INFO - Started process (PID=7896) to work on /home/airflow/.local/lib/python3.12/site-packages/airflow/example_dags/tutorial_dag.py
[2024-08-16T13:32:18.904+0000] {processor.py:914} INFO - Processing file /home/airflow/.local/lib/python3.12/site-packages/airflow/example_dags/tutorial_dag.py for tasks to queue
[2024-08-16T13:32:18.909+0000] {logging_mixin.py:190} INFO - [2024-08-16T13:32:18.908+0000] {dagbag.py:587} INFO - Filling up the DagBag from /home/airflow/.local/lib/python3.12/site-packages/airflow/example_dags/tutorial_dag.py
[2024-08-16T13:32:18.919+0000] {processor.py:925} INFO - DAG(s) 'tutorial_dag' retrieved from /home/airflow/.local/lib/python3.12/site-packages/airflow/example_dags/tutorial_dag.py
[2024-08-16T13:32:18.959+0000] {logging_mixin.py:190} INFO - [2024-08-16T13:32:18.959+0000] {dag.py:3211} INFO - Sync 1 DAGs
[2024-08-16T13:32:18.992+0000] {logging_mixin.py:190} INFO - [2024-08-16T13:32:18.992+0000] {dag.py:4138} INFO - Setting next_dagrun for tutorial_dag to None, run_after=None
[2024-08-16T13:32:19.017+0000] {processor.py:208} INFO - Processing /home/airflow/.local/lib/python3.12/site-packages/airflow/example_dags/tutorial_dag.py took 0.124 seconds
[2024-08-16T13:32:49.446+0000] {processor.py:186} INFO - Started process (PID=8182) to work on /home/airflow/.local/lib/python3.12/site-packages/airflow/example_dags/tutorial_dag.py
[2024-08-16T13:32:49.447+0000] {processor.py:914} INFO - Processing file /home/airflow/.local/lib/python3.12/site-packages/airflow/example_dags/tutorial_dag.py for tasks to queue
[2024-08-16T13:32:49.450+0000] {logging_mixin.py:190} INFO - [2024-08-16T13:32:49.450+0000] {dagbag.py:587} INFO - Filling up the DagBag from /home/airflow/.local/lib/python3.12/site-packages/airflow/example_dags/tutorial_dag.py
[2024-08-16T13:32:49.457+0000] {processor.py:925} INFO - DAG(s) 'tutorial_dag' retrieved from /home/airflow/.local/lib/python3.12/site-packages/airflow/example_dags/tutorial_dag.py
[2024-08-16T13:32:49.480+0000] {logging_mixin.py:190} INFO - [2024-08-16T13:32:49.480+0000] {dag.py:3211} INFO - Sync 1 DAGs
[2024-08-16T13:32:49.498+0000] {logging_mixin.py:190} INFO - [2024-08-16T13:32:49.497+0000] {dag.py:4138} INFO - Setting next_dagrun for tutorial_dag to None, run_after=None
[2024-08-16T13:32:49.519+0000] {processor.py:208} INFO - Processing /home/airflow/.local/lib/python3.12/site-packages/airflow/example_dags/tutorial_dag.py took 0.082 seconds
[2024-08-16T13:33:19.838+0000] {processor.py:186} INFO - Started process (PID=8468) to work on /home/airflow/.local/lib/python3.12/site-packages/airflow/example_dags/tutorial_dag.py
[2024-08-16T13:33:19.840+0000] {processor.py:914} INFO - Processing file /home/airflow/.local/lib/python3.12/site-packages/airflow/example_dags/tutorial_dag.py for tasks to queue
[2024-08-16T13:33:19.843+0000] {logging_mixin.py:190} INFO - [2024-08-16T13:33:19.843+0000] {dagbag.py:587} INFO - Filling up the DagBag from /home/airflow/.local/lib/python3.12/site-packages/airflow/example_dags/tutorial_dag.py
[2024-08-16T13:33:19.851+0000] {processor.py:925} INFO - DAG(s) 'tutorial_dag' retrieved from /home/airflow/.local/lib/python3.12/site-packages/airflow/example_dags/tutorial_dag.py
[2024-08-16T13:33:19.875+0000] {logging_mixin.py:190} INFO - [2024-08-16T13:33:19.875+0000] {dag.py:3211} INFO - Sync 1 DAGs
[2024-08-16T13:33:19.890+0000] {logging_mixin.py:190} INFO - [2024-08-16T13:33:19.890+0000] {dag.py:4138} INFO - Setting next_dagrun for tutorial_dag to None, run_after=None
[2024-08-16T13:33:19.912+0000] {processor.py:208} INFO - Processing /home/airflow/.local/lib/python3.12/site-packages/airflow/example_dags/tutorial_dag.py took 0.081 seconds
[2024-08-16T13:33:50.247+0000] {processor.py:186} INFO - Started process (PID=8754) to work on /home/airflow/.local/lib/python3.12/site-packages/airflow/example_dags/tutorial_dag.py
[2024-08-16T13:33:50.249+0000] {processor.py:914} INFO - Processing file /home/airflow/.local/lib/python3.12/site-packages/airflow/example_dags/tutorial_dag.py for tasks to queue
[2024-08-16T13:33:50.251+0000] {logging_mixin.py:190} INFO - [2024-08-16T13:33:50.251+0000] {dagbag.py:587} INFO - Filling up the DagBag from /home/airflow/.local/lib/python3.12/site-packages/airflow/example_dags/tutorial_dag.py
[2024-08-16T13:33:50.261+0000] {processor.py:925} INFO - DAG(s) 'tutorial_dag' retrieved from /home/airflow/.local/lib/python3.12/site-packages/airflow/example_dags/tutorial_dag.py
[2024-08-16T13:33:50.284+0000] {logging_mixin.py:190} INFO - [2024-08-16T13:33:50.284+0000] {dag.py:3211} INFO - Sync 1 DAGs
[2024-08-16T13:33:50.300+0000] {logging_mixin.py:190} INFO - [2024-08-16T13:33:50.300+0000] {dag.py:4138} INFO - Setting next_dagrun for tutorial_dag to None, run_after=None
[2024-08-16T13:33:50.323+0000] {processor.py:208} INFO - Processing /home/airflow/.local/lib/python3.12/site-packages/airflow/example_dags/tutorial_dag.py took 0.083 seconds
[2024-08-16T13:34:20.508+0000] {processor.py:186} INFO - Started process (PID=9040) to work on /home/airflow/.local/lib/python3.12/site-packages/airflow/example_dags/tutorial_dag.py
[2024-08-16T13:34:20.509+0000] {processor.py:914} INFO - Processing file /home/airflow/.local/lib/python3.12/site-packages/airflow/example_dags/tutorial_dag.py for tasks to queue
[2024-08-16T13:34:20.511+0000] {logging_mixin.py:190} INFO - [2024-08-16T13:34:20.511+0000] {dagbag.py:587} INFO - Filling up the DagBag from /home/airflow/.local/lib/python3.12/site-packages/airflow/example_dags/tutorial_dag.py
[2024-08-16T13:34:20.519+0000] {processor.py:925} INFO - DAG(s) 'tutorial_dag' retrieved from /home/airflow/.local/lib/python3.12/site-packages/airflow/example_dags/tutorial_dag.py
[2024-08-16T13:34:20.543+0000] {logging_mixin.py:190} INFO - [2024-08-16T13:34:20.543+0000] {dag.py:3211} INFO - Sync 1 DAGs
[2024-08-16T13:34:20.561+0000] {logging_mixin.py:190} INFO - [2024-08-16T13:34:20.561+0000] {dag.py:4138} INFO - Setting next_dagrun for tutorial_dag to None, run_after=None
[2024-08-16T13:34:20.582+0000] {processor.py:208} INFO - Processing /home/airflow/.local/lib/python3.12/site-packages/airflow/example_dags/tutorial_dag.py took 0.082 seconds
[2024-08-16T13:34:51.128+0000] {processor.py:186} INFO - Started process (PID=9326) to work on /home/airflow/.local/lib/python3.12/site-packages/airflow/example_dags/tutorial_dag.py
[2024-08-16T13:34:51.129+0000] {processor.py:914} INFO - Processing file /home/airflow/.local/lib/python3.12/site-packages/airflow/example_dags/tutorial_dag.py for tasks to queue
[2024-08-16T13:34:51.131+0000] {logging_mixin.py:190} INFO - [2024-08-16T13:34:51.131+0000] {dagbag.py:587} INFO - Filling up the DagBag from /home/airflow/.local/lib/python3.12/site-packages/airflow/example_dags/tutorial_dag.py
[2024-08-16T13:34:51.139+0000] {processor.py:925} INFO - DAG(s) 'tutorial_dag' retrieved from /home/airflow/.local/lib/python3.12/site-packages/airflow/example_dags/tutorial_dag.py
[2024-08-16T13:34:51.161+0000] {logging_mixin.py:190} INFO - [2024-08-16T13:34:51.161+0000] {dag.py:3211} INFO - Sync 1 DAGs
[2024-08-16T13:34:51.177+0000] {logging_mixin.py:190} INFO - [2024-08-16T13:34:51.177+0000] {dag.py:4138} INFO - Setting next_dagrun for tutorial_dag to None, run_after=None
[2024-08-16T13:34:51.198+0000] {processor.py:208} INFO - Processing /home/airflow/.local/lib/python3.12/site-packages/airflow/example_dags/tutorial_dag.py took 0.077 seconds
[2024-08-16T13:35:21.610+0000] {processor.py:186} INFO - Started process (PID=9612) to work on /home/airflow/.local/lib/python3.12/site-packages/airflow/example_dags/tutorial_dag.py
[2024-08-16T13:35:21.612+0000] {processor.py:914} INFO - Processing file /home/airflow/.local/lib/python3.12/site-packages/airflow/example_dags/tutorial_dag.py for tasks to queue
[2024-08-16T13:35:21.615+0000] {logging_mixin.py:190} INFO - [2024-08-16T13:35:21.615+0000] {dagbag.py:587} INFO - Filling up the DagBag from /home/airflow/.local/lib/python3.12/site-packages/airflow/example_dags/tutorial_dag.py
[2024-08-16T13:35:21.623+0000] {processor.py:925} INFO - DAG(s) 'tutorial_dag' retrieved from /home/airflow/.local/lib/python3.12/site-packages/airflow/example_dags/tutorial_dag.py
[2024-08-16T13:35:21.644+0000] {logging_mixin.py:190} INFO - [2024-08-16T13:35:21.643+0000] {dag.py:3211} INFO - Sync 1 DAGs
[2024-08-16T13:35:21.659+0000] {logging_mixin.py:190} INFO - [2024-08-16T13:35:21.659+0000] {dag.py:4138} INFO - Setting next_dagrun for tutorial_dag to None, run_after=None
[2024-08-16T13:35:21.678+0000] {processor.py:208} INFO - Processing /home/airflow/.local/lib/python3.12/site-packages/airflow/example_dags/tutorial_dag.py took 0.076 seconds
[2024-08-16T13:35:52.037+0000] {processor.py:186} INFO - Started process (PID=9898) to work on /home/airflow/.local/lib/python3.12/site-packages/airflow/example_dags/tutorial_dag.py
[2024-08-16T13:35:52.039+0000] {processor.py:914} INFO - Processing file /home/airflow/.local/lib/python3.12/site-packages/airflow/example_dags/tutorial_dag.py for tasks to queue
[2024-08-16T13:35:52.042+0000] {logging_mixin.py:190} INFO - [2024-08-16T13:35:52.042+0000] {dagbag.py:587} INFO - Filling up the DagBag from /home/airflow/.local/lib/python3.12/site-packages/airflow/example_dags/tutorial_dag.py
[2024-08-16T13:35:52.051+0000] {processor.py:925} INFO - DAG(s) 'tutorial_dag' retrieved from /home/airflow/.local/lib/python3.12/site-packages/airflow/example_dags/tutorial_dag.py
[2024-08-16T13:35:52.073+0000] {logging_mixin.py:190} INFO - [2024-08-16T13:35:52.072+0000] {dag.py:3211} INFO - Sync 1 DAGs
[2024-08-16T13:35:52.090+0000] {logging_mixin.py:190} INFO - [2024-08-16T13:35:52.089+0000] {dag.py:4138} INFO - Setting next_dagrun for tutorial_dag to None, run_after=None
[2024-08-16T13:35:52.148+0000] {processor.py:208} INFO - Processing /home/airflow/.local/lib/python3.12/site-packages/airflow/example_dags/tutorial_dag.py took 0.121 seconds
[2024-08-16T13:36:22.442+0000] {processor.py:186} INFO - Started process (PID=10184) to work on /home/airflow/.local/lib/python3.12/site-packages/airflow/example_dags/tutorial_dag.py
[2024-08-16T13:36:22.444+0000] {processor.py:914} INFO - Processing file /home/airflow/.local/lib/python3.12/site-packages/airflow/example_dags/tutorial_dag.py for tasks to queue
[2024-08-16T13:36:22.446+0000] {logging_mixin.py:190} INFO - [2024-08-16T13:36:22.446+0000] {dagbag.py:587} INFO - Filling up the DagBag from /home/airflow/.local/lib/python3.12/site-packages/airflow/example_dags/tutorial_dag.py
[2024-08-16T13:36:22.453+0000] {processor.py:925} INFO - DAG(s) 'tutorial_dag' retrieved from /home/airflow/.local/lib/python3.12/site-packages/airflow/example_dags/tutorial_dag.py
[2024-08-16T13:36:22.476+0000] {logging_mixin.py:190} INFO - [2024-08-16T13:36:22.476+0000] {dag.py:3211} INFO - Sync 1 DAGs
[2024-08-16T13:36:22.493+0000] {logging_mixin.py:190} INFO - [2024-08-16T13:36:22.492+0000] {dag.py:4138} INFO - Setting next_dagrun for tutorial_dag to None, run_after=None
[2024-08-16T13:36:22.512+0000] {processor.py:208} INFO - Processing /home/airflow/.local/lib/python3.12/site-packages/airflow/example_dags/tutorial_dag.py took 0.077 seconds
[2024-08-16T13:36:52.954+0000] {processor.py:186} INFO - Started process (PID=10470) to work on /home/airflow/.local/lib/python3.12/site-packages/airflow/example_dags/tutorial_dag.py
[2024-08-16T13:36:52.955+0000] {processor.py:914} INFO - Processing file /home/airflow/.local/lib/python3.12/site-packages/airflow/example_dags/tutorial_dag.py for tasks to queue
[2024-08-16T13:36:52.958+0000] {logging_mixin.py:190} INFO - [2024-08-16T13:36:52.958+0000] {dagbag.py:587} INFO - Filling up the DagBag from /home/airflow/.local/lib/python3.12/site-packages/airflow/example_dags/tutorial_dag.py
[2024-08-16T13:36:52.967+0000] {processor.py:925} INFO - DAG(s) 'tutorial_dag' retrieved from /home/airflow/.local/lib/python3.12/site-packages/airflow/example_dags/tutorial_dag.py
[2024-08-16T13:36:52.990+0000] {logging_mixin.py:190} INFO - [2024-08-16T13:36:52.989+0000] {dag.py:3211} INFO - Sync 1 DAGs
[2024-08-16T13:36:53.004+0000] {logging_mixin.py:190} INFO - [2024-08-16T13:36:53.004+0000] {dag.py:4138} INFO - Setting next_dagrun for tutorial_dag to None, run_after=None
[2024-08-16T13:36:53.023+0000] {processor.py:208} INFO - Processing /home/airflow/.local/lib/python3.12/site-packages/airflow/example_dags/tutorial_dag.py took 0.077 seconds
[2024-08-16T13:37:23.417+0000] {processor.py:186} INFO - Started process (PID=10757) to work on /home/airflow/.local/lib/python3.12/site-packages/airflow/example_dags/tutorial_dag.py
[2024-08-16T13:37:23.418+0000] {processor.py:914} INFO - Processing file /home/airflow/.local/lib/python3.12/site-packages/airflow/example_dags/tutorial_dag.py for tasks to queue
[2024-08-16T13:37:23.422+0000] {logging_mixin.py:190} INFO - [2024-08-16T13:37:23.421+0000] {dagbag.py:587} INFO - Filling up the DagBag from /home/airflow/.local/lib/python3.12/site-packages/airflow/example_dags/tutorial_dag.py
[2024-08-16T13:37:23.430+0000] {processor.py:925} INFO - DAG(s) 'tutorial_dag' retrieved from /home/airflow/.local/lib/python3.12/site-packages/airflow/example_dags/tutorial_dag.py
[2024-08-16T13:37:23.457+0000] {logging_mixin.py:190} INFO - [2024-08-16T13:37:23.457+0000] {dag.py:3211} INFO - Sync 1 DAGs
[2024-08-16T13:37:23.474+0000] {logging_mixin.py:190} INFO - [2024-08-16T13:37:23.474+0000] {dag.py:4138} INFO - Setting next_dagrun for tutorial_dag to None, run_after=None
[2024-08-16T13:37:23.494+0000] {processor.py:208} INFO - Processing /home/airflow/.local/lib/python3.12/site-packages/airflow/example_dags/tutorial_dag.py took 0.083 seconds
[2024-08-16T13:37:53.848+0000] {processor.py:186} INFO - Started process (PID=11043) to work on /home/airflow/.local/lib/python3.12/site-packages/airflow/example_dags/tutorial_dag.py
[2024-08-16T13:37:53.849+0000] {processor.py:914} INFO - Processing file /home/airflow/.local/lib/python3.12/site-packages/airflow/example_dags/tutorial_dag.py for tasks to queue
[2024-08-16T13:37:53.852+0000] {logging_mixin.py:190} INFO - [2024-08-16T13:37:53.851+0000] {dagbag.py:587} INFO - Filling up the DagBag from /home/airflow/.local/lib/python3.12/site-packages/airflow/example_dags/tutorial_dag.py
[2024-08-16T13:37:53.860+0000] {processor.py:925} INFO - DAG(s) 'tutorial_dag' retrieved from /home/airflow/.local/lib/python3.12/site-packages/airflow/example_dags/tutorial_dag.py
[2024-08-16T13:37:53.885+0000] {logging_mixin.py:190} INFO - [2024-08-16T13:37:53.884+0000] {dag.py:3211} INFO - Sync 1 DAGs
[2024-08-16T13:37:53.907+0000] {logging_mixin.py:190} INFO - [2024-08-16T13:37:53.907+0000] {dag.py:4138} INFO - Setting next_dagrun for tutorial_dag to None, run_after=None
[2024-08-16T13:37:53.936+0000] {processor.py:208} INFO - Processing /home/airflow/.local/lib/python3.12/site-packages/airflow/example_dags/tutorial_dag.py took 0.095 seconds
[2024-08-16T13:38:24.143+0000] {processor.py:186} INFO - Started process (PID=11329) to work on /home/airflow/.local/lib/python3.12/site-packages/airflow/example_dags/tutorial_dag.py
[2024-08-16T13:38:24.144+0000] {processor.py:914} INFO - Processing file /home/airflow/.local/lib/python3.12/site-packages/airflow/example_dags/tutorial_dag.py for tasks to queue
[2024-08-16T13:38:24.147+0000] {logging_mixin.py:190} INFO - [2024-08-16T13:38:24.146+0000] {dagbag.py:587} INFO - Filling up the DagBag from /home/airflow/.local/lib/python3.12/site-packages/airflow/example_dags/tutorial_dag.py
[2024-08-16T13:38:24.155+0000] {processor.py:925} INFO - DAG(s) 'tutorial_dag' retrieved from /home/airflow/.local/lib/python3.12/site-packages/airflow/example_dags/tutorial_dag.py
[2024-08-16T13:38:24.177+0000] {logging_mixin.py:190} INFO - [2024-08-16T13:38:24.177+0000] {dag.py:3211} INFO - Sync 1 DAGs
[2024-08-16T13:38:24.192+0000] {logging_mixin.py:190} INFO - [2024-08-16T13:38:24.192+0000] {dag.py:4138} INFO - Setting next_dagrun for tutorial_dag to None, run_after=None
[2024-08-16T13:38:24.214+0000] {processor.py:208} INFO - Processing /home/airflow/.local/lib/python3.12/site-packages/airflow/example_dags/tutorial_dag.py took 0.077 seconds
[2024-08-16T13:38:54.644+0000] {processor.py:186} INFO - Started process (PID=11615) to work on /home/airflow/.local/lib/python3.12/site-packages/airflow/example_dags/tutorial_dag.py
[2024-08-16T13:38:54.645+0000] {processor.py:914} INFO - Processing file /home/airflow/.local/lib/python3.12/site-packages/airflow/example_dags/tutorial_dag.py for tasks to queue
[2024-08-16T13:38:54.649+0000] {logging_mixin.py:190} INFO - [2024-08-16T13:38:54.648+0000] {dagbag.py:587} INFO - Filling up the DagBag from /home/airflow/.local/lib/python3.12/site-packages/airflow/example_dags/tutorial_dag.py
[2024-08-16T13:38:54.657+0000] {processor.py:925} INFO - DAG(s) 'tutorial_dag' retrieved from /home/airflow/.local/lib/python3.12/site-packages/airflow/example_dags/tutorial_dag.py
[2024-08-16T13:38:54.681+0000] {logging_mixin.py:190} INFO - [2024-08-16T13:38:54.681+0000] {dag.py:3211} INFO - Sync 1 DAGs
[2024-08-16T13:38:54.700+0000] {logging_mixin.py:190} INFO - [2024-08-16T13:38:54.700+0000] {dag.py:4138} INFO - Setting next_dagrun for tutorial_dag to None, run_after=None
[2024-08-16T13:38:54.720+0000] {processor.py:208} INFO - Processing /home/airflow/.local/lib/python3.12/site-packages/airflow/example_dags/tutorial_dag.py took 0.082 seconds
[2024-08-16T13:39:24.866+0000] {processor.py:186} INFO - Started process (PID=11901) to work on /home/airflow/.local/lib/python3.12/site-packages/airflow/example_dags/tutorial_dag.py
[2024-08-16T13:39:24.868+0000] {processor.py:914} INFO - Processing file /home/airflow/.local/lib/python3.12/site-packages/airflow/example_dags/tutorial_dag.py for tasks to queue
[2024-08-16T13:39:24.871+0000] {logging_mixin.py:190} INFO - [2024-08-16T13:39:24.870+0000] {dagbag.py:587} INFO - Filling up the DagBag from /home/airflow/.local/lib/python3.12/site-packages/airflow/example_dags/tutorial_dag.py
[2024-08-16T13:39:24.879+0000] {processor.py:925} INFO - DAG(s) 'tutorial_dag' retrieved from /home/airflow/.local/lib/python3.12/site-packages/airflow/example_dags/tutorial_dag.py
[2024-08-16T13:39:24.904+0000] {logging_mixin.py:190} INFO - [2024-08-16T13:39:24.903+0000] {dag.py:3211} INFO - Sync 1 DAGs
[2024-08-16T13:39:24.920+0000] {logging_mixin.py:190} INFO - [2024-08-16T13:39:24.919+0000] {dag.py:4138} INFO - Setting next_dagrun for tutorial_dag to None, run_after=None
[2024-08-16T13:39:24.943+0000] {processor.py:208} INFO - Processing /home/airflow/.local/lib/python3.12/site-packages/airflow/example_dags/tutorial_dag.py took 0.083 seconds
[2024-08-16T13:39:55.080+0000] {processor.py:186} INFO - Started process (PID=12187) to work on /home/airflow/.local/lib/python3.12/site-packages/airflow/example_dags/tutorial_dag.py
[2024-08-16T13:39:55.081+0000] {processor.py:914} INFO - Processing file /home/airflow/.local/lib/python3.12/site-packages/airflow/example_dags/tutorial_dag.py for tasks to queue
[2024-08-16T13:39:55.084+0000] {logging_mixin.py:190} INFO - [2024-08-16T13:39:55.083+0000] {dagbag.py:587} INFO - Filling up the DagBag from /home/airflow/.local/lib/python3.12/site-packages/airflow/example_dags/tutorial_dag.py
[2024-08-16T13:39:55.095+0000] {processor.py:925} INFO - DAG(s) 'tutorial_dag' retrieved from /home/airflow/.local/lib/python3.12/site-packages/airflow/example_dags/tutorial_dag.py
[2024-08-16T13:39:55.118+0000] {logging_mixin.py:190} INFO - [2024-08-16T13:39:55.118+0000] {dag.py:3211} INFO - Sync 1 DAGs
[2024-08-16T13:39:55.134+0000] {logging_mixin.py:190} INFO - [2024-08-16T13:39:55.134+0000] {dag.py:4138} INFO - Setting next_dagrun for tutorial_dag to None, run_after=None
[2024-08-16T13:39:55.154+0000] {processor.py:208} INFO - Processing /home/airflow/.local/lib/python3.12/site-packages/airflow/example_dags/tutorial_dag.py took 0.083 seconds
[2024-08-16T13:40:25.283+0000] {processor.py:186} INFO - Started process (PID=12473) to work on /home/airflow/.local/lib/python3.12/site-packages/airflow/example_dags/tutorial_dag.py
[2024-08-16T13:40:25.284+0000] {processor.py:914} INFO - Processing file /home/airflow/.local/lib/python3.12/site-packages/airflow/example_dags/tutorial_dag.py for tasks to queue
[2024-08-16T13:40:25.287+0000] {logging_mixin.py:190} INFO - [2024-08-16T13:40:25.286+0000] {dagbag.py:587} INFO - Filling up the DagBag from /home/airflow/.local/lib/python3.12/site-packages/airflow/example_dags/tutorial_dag.py
[2024-08-16T13:40:25.295+0000] {processor.py:925} INFO - DAG(s) 'tutorial_dag' retrieved from /home/airflow/.local/lib/python3.12/site-packages/airflow/example_dags/tutorial_dag.py
[2024-08-16T13:40:25.317+0000] {logging_mixin.py:190} INFO - [2024-08-16T13:40:25.316+0000] {dag.py:3211} INFO - Sync 1 DAGs
[2024-08-16T13:40:25.334+0000] {logging_mixin.py:190} INFO - [2024-08-16T13:40:25.333+0000] {dag.py:4138} INFO - Setting next_dagrun for tutorial_dag to None, run_after=None
[2024-08-16T13:40:25.358+0000] {processor.py:208} INFO - Processing /home/airflow/.local/lib/python3.12/site-packages/airflow/example_dags/tutorial_dag.py took 0.081 seconds
[2024-08-16T13:40:55.914+0000] {processor.py:186} INFO - Started process (PID=12759) to work on /home/airflow/.local/lib/python3.12/site-packages/airflow/example_dags/tutorial_dag.py
[2024-08-16T13:40:55.915+0000] {processor.py:914} INFO - Processing file /home/airflow/.local/lib/python3.12/site-packages/airflow/example_dags/tutorial_dag.py for tasks to queue
[2024-08-16T13:40:55.918+0000] {logging_mixin.py:190} INFO - [2024-08-16T13:40:55.917+0000] {dagbag.py:587} INFO - Filling up the DagBag from /home/airflow/.local/lib/python3.12/site-packages/airflow/example_dags/tutorial_dag.py
[2024-08-16T13:40:55.930+0000] {processor.py:925} INFO - DAG(s) 'tutorial_dag' retrieved from /home/airflow/.local/lib/python3.12/site-packages/airflow/example_dags/tutorial_dag.py
[2024-08-16T13:40:55.966+0000] {logging_mixin.py:190} INFO - [2024-08-16T13:40:55.966+0000] {dag.py:3211} INFO - Sync 1 DAGs
[2024-08-16T13:40:55.992+0000] {logging_mixin.py:190} INFO - [2024-08-16T13:40:55.991+0000] {dag.py:4138} INFO - Setting next_dagrun for tutorial_dag to None, run_after=None
[2024-08-16T13:40:56.028+0000] {processor.py:208} INFO - Processing /home/airflow/.local/lib/python3.12/site-packages/airflow/example_dags/tutorial_dag.py took 0.124 seconds
[2024-08-16T13:41:26.275+0000] {processor.py:186} INFO - Started process (PID=13045) to work on /home/airflow/.local/lib/python3.12/site-packages/airflow/example_dags/tutorial_dag.py
[2024-08-16T13:41:26.277+0000] {processor.py:914} INFO - Processing file /home/airflow/.local/lib/python3.12/site-packages/airflow/example_dags/tutorial_dag.py for tasks to queue
[2024-08-16T13:41:26.279+0000] {logging_mixin.py:190} INFO - [2024-08-16T13:41:26.279+0000] {dagbag.py:587} INFO - Filling up the DagBag from /home/airflow/.local/lib/python3.12/site-packages/airflow/example_dags/tutorial_dag.py
[2024-08-16T13:41:26.288+0000] {processor.py:925} INFO - DAG(s) 'tutorial_dag' retrieved from /home/airflow/.local/lib/python3.12/site-packages/airflow/example_dags/tutorial_dag.py
[2024-08-16T13:41:26.310+0000] {logging_mixin.py:190} INFO - [2024-08-16T13:41:26.309+0000] {dag.py:3211} INFO - Sync 1 DAGs
[2024-08-16T13:41:26.325+0000] {logging_mixin.py:190} INFO - [2024-08-16T13:41:26.324+0000] {dag.py:4138} INFO - Setting next_dagrun for tutorial_dag to None, run_after=None
[2024-08-16T13:41:26.344+0000] {processor.py:208} INFO - Processing /home/airflow/.local/lib/python3.12/site-packages/airflow/example_dags/tutorial_dag.py took 0.075 seconds
[2024-08-16T13:41:56.856+0000] {processor.py:186} INFO - Started process (PID=13331) to work on /home/airflow/.local/lib/python3.12/site-packages/airflow/example_dags/tutorial_dag.py
[2024-08-16T13:41:56.857+0000] {processor.py:914} INFO - Processing file /home/airflow/.local/lib/python3.12/site-packages/airflow/example_dags/tutorial_dag.py for tasks to queue
[2024-08-16T13:41:56.859+0000] {logging_mixin.py:190} INFO - [2024-08-16T13:41:56.859+0000] {dagbag.py:587} INFO - Filling up the DagBag from /home/airflow/.local/lib/python3.12/site-packages/airflow/example_dags/tutorial_dag.py
[2024-08-16T13:41:56.868+0000] {processor.py:925} INFO - DAG(s) 'tutorial_dag' retrieved from /home/airflow/.local/lib/python3.12/site-packages/airflow/example_dags/tutorial_dag.py
[2024-08-16T13:41:56.890+0000] {logging_mixin.py:190} INFO - [2024-08-16T13:41:56.890+0000] {dag.py:3211} INFO - Sync 1 DAGs
[2024-08-16T13:41:56.906+0000] {logging_mixin.py:190} INFO - [2024-08-16T13:41:56.906+0000] {dag.py:4138} INFO - Setting next_dagrun for tutorial_dag to None, run_after=None
[2024-08-16T13:41:56.925+0000] {processor.py:208} INFO - Processing /home/airflow/.local/lib/python3.12/site-packages/airflow/example_dags/tutorial_dag.py took 0.077 seconds
[2024-08-16T13:42:27.136+0000] {processor.py:186} INFO - Started process (PID=13617) to work on /home/airflow/.local/lib/python3.12/site-packages/airflow/example_dags/tutorial_dag.py
[2024-08-16T13:42:27.137+0000] {processor.py:914} INFO - Processing file /home/airflow/.local/lib/python3.12/site-packages/airflow/example_dags/tutorial_dag.py for tasks to queue
[2024-08-16T13:42:27.139+0000] {logging_mixin.py:190} INFO - [2024-08-16T13:42:27.139+0000] {dagbag.py:587} INFO - Filling up the DagBag from /home/airflow/.local/lib/python3.12/site-packages/airflow/example_dags/tutorial_dag.py
[2024-08-16T13:42:27.147+0000] {processor.py:925} INFO - DAG(s) 'tutorial_dag' retrieved from /home/airflow/.local/lib/python3.12/site-packages/airflow/example_dags/tutorial_dag.py
[2024-08-16T13:42:27.170+0000] {logging_mixin.py:190} INFO - [2024-08-16T13:42:27.170+0000] {dag.py:3211} INFO - Sync 1 DAGs
[2024-08-16T13:42:27.187+0000] {logging_mixin.py:190} INFO - [2024-08-16T13:42:27.187+0000] {dag.py:4138} INFO - Setting next_dagrun for tutorial_dag to None, run_after=None
[2024-08-16T13:42:27.208+0000] {processor.py:208} INFO - Processing /home/airflow/.local/lib/python3.12/site-packages/airflow/example_dags/tutorial_dag.py took 0.081 seconds
[2024-08-16T13:42:58.196+0000] {processor.py:186} INFO - Started process (PID=13903) to work on /home/airflow/.local/lib/python3.12/site-packages/airflow/example_dags/tutorial_dag.py
[2024-08-16T13:42:58.197+0000] {processor.py:914} INFO - Processing file /home/airflow/.local/lib/python3.12/site-packages/airflow/example_dags/tutorial_dag.py for tasks to queue
[2024-08-16T13:42:58.199+0000] {logging_mixin.py:190} INFO - [2024-08-16T13:42:58.199+0000] {dagbag.py:587} INFO - Filling up the DagBag from /home/airflow/.local/lib/python3.12/site-packages/airflow/example_dags/tutorial_dag.py
[2024-08-16T13:42:58.207+0000] {processor.py:925} INFO - DAG(s) 'tutorial_dag' retrieved from /home/airflow/.local/lib/python3.12/site-packages/airflow/example_dags/tutorial_dag.py
[2024-08-16T13:42:58.230+0000] {logging_mixin.py:190} INFO - [2024-08-16T13:42:58.230+0000] {dag.py:3211} INFO - Sync 1 DAGs
[2024-08-16T13:42:58.245+0000] {logging_mixin.py:190} INFO - [2024-08-16T13:42:58.245+0000] {dag.py:4138} INFO - Setting next_dagrun for tutorial_dag to None, run_after=None
[2024-08-16T13:42:58.266+0000] {processor.py:208} INFO - Processing /home/airflow/.local/lib/python3.12/site-packages/airflow/example_dags/tutorial_dag.py took 0.078 seconds
[2024-08-16T13:43:28.898+0000] {processor.py:186} INFO - Started process (PID=14189) to work on /home/airflow/.local/lib/python3.12/site-packages/airflow/example_dags/tutorial_dag.py
[2024-08-16T13:43:28.900+0000] {processor.py:914} INFO - Processing file /home/airflow/.local/lib/python3.12/site-packages/airflow/example_dags/tutorial_dag.py for tasks to queue
[2024-08-16T13:43:28.902+0000] {logging_mixin.py:190} INFO - [2024-08-16T13:43:28.902+0000] {dagbag.py:587} INFO - Filling up the DagBag from /home/airflow/.local/lib/python3.12/site-packages/airflow/example_dags/tutorial_dag.py
[2024-08-16T13:43:28.911+0000] {processor.py:925} INFO - DAG(s) 'tutorial_dag' retrieved from /home/airflow/.local/lib/python3.12/site-packages/airflow/example_dags/tutorial_dag.py
[2024-08-16T13:43:28.935+0000] {logging_mixin.py:190} INFO - [2024-08-16T13:43:28.935+0000] {dag.py:3211} INFO - Sync 1 DAGs
[2024-08-16T13:43:28.952+0000] {logging_mixin.py:190} INFO - [2024-08-16T13:43:28.951+0000] {dag.py:4138} INFO - Setting next_dagrun for tutorial_dag to None, run_after=None
[2024-08-16T13:43:28.973+0000] {processor.py:208} INFO - Processing /home/airflow/.local/lib/python3.12/site-packages/airflow/example_dags/tutorial_dag.py took 0.081 seconds
[2024-08-16T13:43:59.334+0000] {processor.py:186} INFO - Started process (PID=14475) to work on /home/airflow/.local/lib/python3.12/site-packages/airflow/example_dags/tutorial_dag.py
[2024-08-16T13:43:59.335+0000] {processor.py:914} INFO - Processing file /home/airflow/.local/lib/python3.12/site-packages/airflow/example_dags/tutorial_dag.py for tasks to queue
[2024-08-16T13:43:59.337+0000] {logging_mixin.py:190} INFO - [2024-08-16T13:43:59.337+0000] {dagbag.py:587} INFO - Filling up the DagBag from /home/airflow/.local/lib/python3.12/site-packages/airflow/example_dags/tutorial_dag.py
[2024-08-16T13:43:59.346+0000] {processor.py:925} INFO - DAG(s) 'tutorial_dag' retrieved from /home/airflow/.local/lib/python3.12/site-packages/airflow/example_dags/tutorial_dag.py
[2024-08-16T13:43:59.370+0000] {logging_mixin.py:190} INFO - [2024-08-16T13:43:59.369+0000] {dag.py:3211} INFO - Sync 1 DAGs
[2024-08-16T13:43:59.391+0000] {logging_mixin.py:190} INFO - [2024-08-16T13:43:59.390+0000] {dag.py:4138} INFO - Setting next_dagrun for tutorial_dag to None, run_after=None
[2024-08-16T13:43:59.417+0000] {processor.py:208} INFO - Processing /home/airflow/.local/lib/python3.12/site-packages/airflow/example_dags/tutorial_dag.py took 0.090 seconds
[2024-08-16T13:44:30.035+0000] {processor.py:186} INFO - Started process (PID=14761) to work on /home/airflow/.local/lib/python3.12/site-packages/airflow/example_dags/tutorial_dag.py
[2024-08-16T13:44:30.036+0000] {processor.py:914} INFO - Processing file /home/airflow/.local/lib/python3.12/site-packages/airflow/example_dags/tutorial_dag.py for tasks to queue
[2024-08-16T13:44:30.039+0000] {logging_mixin.py:190} INFO - [2024-08-16T13:44:30.039+0000] {dagbag.py:587} INFO - Filling up the DagBag from /home/airflow/.local/lib/python3.12/site-packages/airflow/example_dags/tutorial_dag.py
[2024-08-16T13:44:30.046+0000] {processor.py:925} INFO - DAG(s) 'tutorial_dag' retrieved from /home/airflow/.local/lib/python3.12/site-packages/airflow/example_dags/tutorial_dag.py
[2024-08-16T13:44:30.068+0000] {logging_mixin.py:190} INFO - [2024-08-16T13:44:30.068+0000] {dag.py:3211} INFO - Sync 1 DAGs
[2024-08-16T13:44:30.085+0000] {logging_mixin.py:190} INFO - [2024-08-16T13:44:30.085+0000] {dag.py:4138} INFO - Setting next_dagrun for tutorial_dag to None, run_after=None
[2024-08-16T13:44:30.107+0000] {processor.py:208} INFO - Processing /home/airflow/.local/lib/python3.12/site-packages/airflow/example_dags/tutorial_dag.py took 0.079 seconds
[2024-08-16T13:45:00.500+0000] {processor.py:186} INFO - Started process (PID=15047) to work on /home/airflow/.local/lib/python3.12/site-packages/airflow/example_dags/tutorial_dag.py
[2024-08-16T13:45:00.501+0000] {processor.py:914} INFO - Processing file /home/airflow/.local/lib/python3.12/site-packages/airflow/example_dags/tutorial_dag.py for tasks to queue
[2024-08-16T13:45:00.504+0000] {logging_mixin.py:190} INFO - [2024-08-16T13:45:00.503+0000] {dagbag.py:587} INFO - Filling up the DagBag from /home/airflow/.local/lib/python3.12/site-packages/airflow/example_dags/tutorial_dag.py
[2024-08-16T13:45:00.511+0000] {processor.py:925} INFO - DAG(s) 'tutorial_dag' retrieved from /home/airflow/.local/lib/python3.12/site-packages/airflow/example_dags/tutorial_dag.py
[2024-08-16T13:45:00.535+0000] {logging_mixin.py:190} INFO - [2024-08-16T13:45:00.535+0000] {dag.py:3211} INFO - Sync 1 DAGs
[2024-08-16T13:45:00.556+0000] {logging_mixin.py:190} INFO - [2024-08-16T13:45:00.556+0000] {dag.py:4138} INFO - Setting next_dagrun for tutorial_dag to None, run_after=None
[2024-08-16T13:45:00.579+0000] {processor.py:208} INFO - Processing /home/airflow/.local/lib/python3.12/site-packages/airflow/example_dags/tutorial_dag.py took 0.088 seconds
[2024-08-16T13:45:30.975+0000] {processor.py:186} INFO - Started process (PID=15333) to work on /home/airflow/.local/lib/python3.12/site-packages/airflow/example_dags/tutorial_dag.py
[2024-08-16T13:45:30.979+0000] {processor.py:914} INFO - Processing file /home/airflow/.local/lib/python3.12/site-packages/airflow/example_dags/tutorial_dag.py for tasks to queue
[2024-08-16T13:45:30.988+0000] {logging_mixin.py:190} INFO - [2024-08-16T13:45:30.988+0000] {dagbag.py:587} INFO - Filling up the DagBag from /home/airflow/.local/lib/python3.12/site-packages/airflow/example_dags/tutorial_dag.py
[2024-08-16T13:45:31.008+0000] {processor.py:925} INFO - DAG(s) 'tutorial_dag' retrieved from /home/airflow/.local/lib/python3.12/site-packages/airflow/example_dags/tutorial_dag.py
[2024-08-16T13:45:31.046+0000] {logging_mixin.py:190} INFO - [2024-08-16T13:45:31.046+0000] {dag.py:3211} INFO - Sync 1 DAGs
[2024-08-16T13:45:31.068+0000] {logging_mixin.py:190} INFO - [2024-08-16T13:45:31.067+0000] {dag.py:4138} INFO - Setting next_dagrun for tutorial_dag to None, run_after=None
[2024-08-16T13:45:31.090+0000] {processor.py:208} INFO - Processing /home/airflow/.local/lib/python3.12/site-packages/airflow/example_dags/tutorial_dag.py took 0.125 seconds
[2024-08-16T13:46:01.711+0000] {processor.py:186} INFO - Started process (PID=15619) to work on /home/airflow/.local/lib/python3.12/site-packages/airflow/example_dags/tutorial_dag.py
[2024-08-16T13:46:01.712+0000] {processor.py:914} INFO - Processing file /home/airflow/.local/lib/python3.12/site-packages/airflow/example_dags/tutorial_dag.py for tasks to queue
[2024-08-16T13:46:01.715+0000] {logging_mixin.py:190} INFO - [2024-08-16T13:46:01.715+0000] {dagbag.py:587} INFO - Filling up the DagBag from /home/airflow/.local/lib/python3.12/site-packages/airflow/example_dags/tutorial_dag.py
[2024-08-16T13:46:01.725+0000] {processor.py:925} INFO - DAG(s) 'tutorial_dag' retrieved from /home/airflow/.local/lib/python3.12/site-packages/airflow/example_dags/tutorial_dag.py
[2024-08-16T13:46:01.747+0000] {logging_mixin.py:190} INFO - [2024-08-16T13:46:01.746+0000] {dag.py:3211} INFO - Sync 1 DAGs
[2024-08-16T13:46:01.767+0000] {logging_mixin.py:190} INFO - [2024-08-16T13:46:01.767+0000] {dag.py:4138} INFO - Setting next_dagrun for tutorial_dag to None, run_after=None
[2024-08-16T13:46:01.786+0000] {processor.py:208} INFO - Processing /home/airflow/.local/lib/python3.12/site-packages/airflow/example_dags/tutorial_dag.py took 0.081 seconds
[2024-08-16T13:46:32.734+0000] {processor.py:186} INFO - Started process (PID=15905) to work on /home/airflow/.local/lib/python3.12/site-packages/airflow/example_dags/tutorial_dag.py
[2024-08-16T13:46:32.735+0000] {processor.py:914} INFO - Processing file /home/airflow/.local/lib/python3.12/site-packages/airflow/example_dags/tutorial_dag.py for tasks to queue
[2024-08-16T13:46:32.737+0000] {logging_mixin.py:190} INFO - [2024-08-16T13:46:32.737+0000] {dagbag.py:587} INFO - Filling up the DagBag from /home/airflow/.local/lib/python3.12/site-packages/airflow/example_dags/tutorial_dag.py
[2024-08-16T13:46:32.746+0000] {processor.py:925} INFO - DAG(s) 'tutorial_dag' retrieved from /home/airflow/.local/lib/python3.12/site-packages/airflow/example_dags/tutorial_dag.py
[2024-08-16T13:46:32.791+0000] {logging_mixin.py:190} INFO - [2024-08-16T13:46:32.790+0000] {dag.py:3211} INFO - Sync 1 DAGs
[2024-08-16T13:46:32.815+0000] {logging_mixin.py:190} INFO - [2024-08-16T13:46:32.814+0000] {dag.py:4138} INFO - Setting next_dagrun for tutorial_dag to None, run_after=None
[2024-08-16T13:46:32.870+0000] {processor.py:208} INFO - Processing /home/airflow/.local/lib/python3.12/site-packages/airflow/example_dags/tutorial_dag.py took 0.144 seconds
[2024-08-16T13:47:03.163+0000] {processor.py:186} INFO - Started process (PID=16191) to work on /home/airflow/.local/lib/python3.12/site-packages/airflow/example_dags/tutorial_dag.py
[2024-08-16T13:47:03.164+0000] {processor.py:914} INFO - Processing file /home/airflow/.local/lib/python3.12/site-packages/airflow/example_dags/tutorial_dag.py for tasks to queue
[2024-08-16T13:47:03.167+0000] {logging_mixin.py:190} INFO - [2024-08-16T13:47:03.166+0000] {dagbag.py:587} INFO - Filling up the DagBag from /home/airflow/.local/lib/python3.12/site-packages/airflow/example_dags/tutorial_dag.py
[2024-08-16T13:47:03.175+0000] {processor.py:925} INFO - DAG(s) 'tutorial_dag' retrieved from /home/airflow/.local/lib/python3.12/site-packages/airflow/example_dags/tutorial_dag.py
[2024-08-16T13:47:03.198+0000] {logging_mixin.py:190} INFO - [2024-08-16T13:47:03.198+0000] {dag.py:3211} INFO - Sync 1 DAGs
[2024-08-16T13:47:03.214+0000] {logging_mixin.py:190} INFO - [2024-08-16T13:47:03.214+0000] {dag.py:4138} INFO - Setting next_dagrun for tutorial_dag to None, run_after=None
[2024-08-16T13:47:03.233+0000] {processor.py:208} INFO - Processing /home/airflow/.local/lib/python3.12/site-packages/airflow/example_dags/tutorial_dag.py took 0.077 seconds
[2024-08-16T13:47:33.346+0000] {processor.py:186} INFO - Started process (PID=16477) to work on /home/airflow/.local/lib/python3.12/site-packages/airflow/example_dags/tutorial_dag.py
[2024-08-16T13:47:33.347+0000] {processor.py:914} INFO - Processing file /home/airflow/.local/lib/python3.12/site-packages/airflow/example_dags/tutorial_dag.py for tasks to queue
[2024-08-16T13:47:33.350+0000] {logging_mixin.py:190} INFO - [2024-08-16T13:47:33.350+0000] {dagbag.py:587} INFO - Filling up the DagBag from /home/airflow/.local/lib/python3.12/site-packages/airflow/example_dags/tutorial_dag.py
[2024-08-16T13:47:33.360+0000] {processor.py:925} INFO - DAG(s) 'tutorial_dag' retrieved from /home/airflow/.local/lib/python3.12/site-packages/airflow/example_dags/tutorial_dag.py
[2024-08-16T13:47:33.384+0000] {logging_mixin.py:190} INFO - [2024-08-16T13:47:33.383+0000] {dag.py:3211} INFO - Sync 1 DAGs
[2024-08-16T13:47:33.399+0000] {logging_mixin.py:190} INFO - [2024-08-16T13:47:33.399+0000] {dag.py:4138} INFO - Setting next_dagrun for tutorial_dag to None, run_after=None
[2024-08-16T13:47:33.422+0000] {processor.py:208} INFO - Processing /home/airflow/.local/lib/python3.12/site-packages/airflow/example_dags/tutorial_dag.py took 0.082 seconds
[2024-08-16T13:48:03.879+0000] {processor.py:186} INFO - Started process (PID=16764) to work on /home/airflow/.local/lib/python3.12/site-packages/airflow/example_dags/tutorial_dag.py
[2024-08-16T13:48:03.880+0000] {processor.py:914} INFO - Processing file /home/airflow/.local/lib/python3.12/site-packages/airflow/example_dags/tutorial_dag.py for tasks to queue
[2024-08-16T13:48:03.883+0000] {logging_mixin.py:190} INFO - [2024-08-16T13:48:03.883+0000] {dagbag.py:587} INFO - Filling up the DagBag from /home/airflow/.local/lib/python3.12/site-packages/airflow/example_dags/tutorial_dag.py
[2024-08-16T13:48:03.892+0000] {processor.py:925} INFO - DAG(s) 'tutorial_dag' retrieved from /home/airflow/.local/lib/python3.12/site-packages/airflow/example_dags/tutorial_dag.py
[2024-08-16T13:48:03.915+0000] {logging_mixin.py:190} INFO - [2024-08-16T13:48:03.915+0000] {dag.py:3211} INFO - Sync 1 DAGs
[2024-08-16T13:48:03.932+0000] {logging_mixin.py:190} INFO - [2024-08-16T13:48:03.932+0000] {dag.py:4138} INFO - Setting next_dagrun for tutorial_dag to None, run_after=None
[2024-08-16T13:48:03.957+0000] {processor.py:208} INFO - Processing /home/airflow/.local/lib/python3.12/site-packages/airflow/example_dags/tutorial_dag.py took 0.085 seconds
[2024-08-16T13:48:34.102+0000] {processor.py:186} INFO - Started process (PID=17050) to work on /home/airflow/.local/lib/python3.12/site-packages/airflow/example_dags/tutorial_dag.py
[2024-08-16T13:48:34.103+0000] {processor.py:914} INFO - Processing file /home/airflow/.local/lib/python3.12/site-packages/airflow/example_dags/tutorial_dag.py for tasks to queue
[2024-08-16T13:48:34.107+0000] {logging_mixin.py:190} INFO - [2024-08-16T13:48:34.106+0000] {dagbag.py:587} INFO - Filling up the DagBag from /home/airflow/.local/lib/python3.12/site-packages/airflow/example_dags/tutorial_dag.py
[2024-08-16T13:48:34.114+0000] {processor.py:925} INFO - DAG(s) 'tutorial_dag' retrieved from /home/airflow/.local/lib/python3.12/site-packages/airflow/example_dags/tutorial_dag.py
[2024-08-16T13:48:34.139+0000] {logging_mixin.py:190} INFO - [2024-08-16T13:48:34.139+0000] {dag.py:3211} INFO - Sync 1 DAGs
[2024-08-16T13:48:34.157+0000] {logging_mixin.py:190} INFO - [2024-08-16T13:48:34.157+0000] {dag.py:4138} INFO - Setting next_dagrun for tutorial_dag to None, run_after=None
[2024-08-16T13:48:34.180+0000] {processor.py:208} INFO - Processing /home/airflow/.local/lib/python3.12/site-packages/airflow/example_dags/tutorial_dag.py took 0.088 seconds
[2024-08-16T13:49:04.762+0000] {processor.py:186} INFO - Started process (PID=17336) to work on /home/airflow/.local/lib/python3.12/site-packages/airflow/example_dags/tutorial_dag.py
[2024-08-16T13:49:04.763+0000] {processor.py:914} INFO - Processing file /home/airflow/.local/lib/python3.12/site-packages/airflow/example_dags/tutorial_dag.py for tasks to queue
[2024-08-16T13:49:04.769+0000] {logging_mixin.py:190} INFO - [2024-08-16T13:49:04.768+0000] {dagbag.py:587} INFO - Filling up the DagBag from /home/airflow/.local/lib/python3.12/site-packages/airflow/example_dags/tutorial_dag.py
[2024-08-16T13:49:04.776+0000] {processor.py:925} INFO - DAG(s) 'tutorial_dag' retrieved from /home/airflow/.local/lib/python3.12/site-packages/airflow/example_dags/tutorial_dag.py
[2024-08-16T13:49:04.803+0000] {logging_mixin.py:190} INFO - [2024-08-16T13:49:04.803+0000] {dag.py:3211} INFO - Sync 1 DAGs
[2024-08-16T13:49:04.822+0000] {logging_mixin.py:190} INFO - [2024-08-16T13:49:04.822+0000] {dag.py:4138} INFO - Setting next_dagrun for tutorial_dag to None, run_after=None
[2024-08-16T13:49:04.845+0000] {processor.py:208} INFO - Processing /home/airflow/.local/lib/python3.12/site-packages/airflow/example_dags/tutorial_dag.py took 0.092 seconds
[2024-08-16T13:49:35.404+0000] {processor.py:186} INFO - Started process (PID=17622) to work on /home/airflow/.local/lib/python3.12/site-packages/airflow/example_dags/tutorial_dag.py
[2024-08-16T13:49:35.405+0000] {processor.py:914} INFO - Processing file /home/airflow/.local/lib/python3.12/site-packages/airflow/example_dags/tutorial_dag.py for tasks to queue
[2024-08-16T13:49:35.409+0000] {logging_mixin.py:190} INFO - [2024-08-16T13:49:35.408+0000] {dagbag.py:587} INFO - Filling up the DagBag from /home/airflow/.local/lib/python3.12/site-packages/airflow/example_dags/tutorial_dag.py
[2024-08-16T13:49:35.421+0000] {processor.py:925} INFO - DAG(s) 'tutorial_dag' retrieved from /home/airflow/.local/lib/python3.12/site-packages/airflow/example_dags/tutorial_dag.py
[2024-08-16T13:49:35.446+0000] {logging_mixin.py:190} INFO - [2024-08-16T13:49:35.446+0000] {dag.py:3211} INFO - Sync 1 DAGs
[2024-08-16T13:49:35.465+0000] {logging_mixin.py:190} INFO - [2024-08-16T13:49:35.465+0000] {dag.py:4138} INFO - Setting next_dagrun for tutorial_dag to None, run_after=None
[2024-08-16T13:49:35.488+0000] {processor.py:208} INFO - Processing /home/airflow/.local/lib/python3.12/site-packages/airflow/example_dags/tutorial_dag.py took 0.095 seconds
[2024-08-16T13:50:05.635+0000] {processor.py:186} INFO - Started process (PID=17908) to work on /home/airflow/.local/lib/python3.12/site-packages/airflow/example_dags/tutorial_dag.py
[2024-08-16T13:50:05.637+0000] {processor.py:914} INFO - Processing file /home/airflow/.local/lib/python3.12/site-packages/airflow/example_dags/tutorial_dag.py for tasks to queue
[2024-08-16T13:50:05.641+0000] {logging_mixin.py:190} INFO - [2024-08-16T13:50:05.640+0000] {dagbag.py:587} INFO - Filling up the DagBag from /home/airflow/.local/lib/python3.12/site-packages/airflow/example_dags/tutorial_dag.py
[2024-08-16T13:50:05.666+0000] {processor.py:925} INFO - DAG(s) 'tutorial_dag' retrieved from /home/airflow/.local/lib/python3.12/site-packages/airflow/example_dags/tutorial_dag.py
[2024-08-16T13:50:05.721+0000] {logging_mixin.py:190} INFO - [2024-08-16T13:50:05.721+0000] {dag.py:3211} INFO - Sync 1 DAGs
[2024-08-16T13:50:05.759+0000] {logging_mixin.py:190} INFO - [2024-08-16T13:50:05.759+0000] {dag.py:4138} INFO - Setting next_dagrun for tutorial_dag to None, run_after=None
[2024-08-16T13:50:05.798+0000] {processor.py:208} INFO - Processing /home/airflow/.local/lib/python3.12/site-packages/airflow/example_dags/tutorial_dag.py took 0.175 seconds
