[2024-08-16T13:18:49.402+0000] {processor.py:186} INFO - Started process (PID=420) to work on /home/airflow/.local/lib/python3.12/site-packages/airflow/example_dags/tutorial_taskflow_api.py
[2024-08-16T13:18:49.403+0000] {processor.py:914} INFO - Processing file /home/airflow/.local/lib/python3.12/site-packages/airflow/example_dags/tutorial_taskflow_api.py for tasks to queue
[2024-08-16T13:18:49.406+0000] {logging_mixin.py:190} INFO - [2024-08-16T13:18:49.406+0000] {dagbag.py:587} INFO - Filling up the DagBag from /home/airflow/.local/lib/python3.12/site-packages/airflow/example_dags/tutorial_taskflow_api.py
[2024-08-16T13:18:49.415+0000] {processor.py:925} INFO - DAG(s) 'tutorial_taskflow_api' retrieved from /home/airflow/.local/lib/python3.12/site-packages/airflow/example_dags/tutorial_taskflow_api.py
[2024-08-16T13:18:49.535+0000] {logging_mixin.py:190} INFO - [2024-08-16T13:18:49.535+0000] {override.py:1858} INFO - Created Permission View: can read on DAG:tutorial_taskflow_api
[2024-08-16T13:18:49.548+0000] {logging_mixin.py:190} INFO - [2024-08-16T13:18:49.548+0000] {override.py:1858} INFO - Created Permission View: can edit on DAG:tutorial_taskflow_api
[2024-08-16T13:18:49.556+0000] {logging_mixin.py:190} INFO - [2024-08-16T13:18:49.556+0000] {override.py:1858} INFO - Created Permission View: can delete on DAG:tutorial_taskflow_api
[2024-08-16T13:18:49.557+0000] {logging_mixin.py:190} INFO - [2024-08-16T13:18:49.557+0000] {dag.py:3211} INFO - Sync 1 DAGs
[2024-08-16T13:18:49.572+0000] {logging_mixin.py:190} INFO - [2024-08-16T13:18:49.572+0000] {dag.py:3234} INFO - Creating ORM DAG for tutorial_taskflow_api
[2024-08-16T13:18:49.574+0000] {logging_mixin.py:190} INFO - [2024-08-16T13:18:49.573+0000] {dag.py:4138} INFO - Setting next_dagrun for tutorial_taskflow_api to None, run_after=None
[2024-08-16T13:18:49.598+0000] {processor.py:208} INFO - Processing /home/airflow/.local/lib/python3.12/site-packages/airflow/example_dags/tutorial_taskflow_api.py took 0.204 seconds
[2024-08-16T13:19:20.115+0000] {processor.py:186} INFO - Started process (PID=711) to work on /home/airflow/.local/lib/python3.12/site-packages/airflow/example_dags/tutorial_taskflow_api.py
[2024-08-16T13:19:20.116+0000] {processor.py:914} INFO - Processing file /home/airflow/.local/lib/python3.12/site-packages/airflow/example_dags/tutorial_taskflow_api.py for tasks to queue
[2024-08-16T13:19:20.119+0000] {logging_mixin.py:190} INFO - [2024-08-16T13:19:20.118+0000] {dagbag.py:587} INFO - Filling up the DagBag from /home/airflow/.local/lib/python3.12/site-packages/airflow/example_dags/tutorial_taskflow_api.py
[2024-08-16T13:19:20.129+0000] {processor.py:925} INFO - DAG(s) 'tutorial_taskflow_api' retrieved from /home/airflow/.local/lib/python3.12/site-packages/airflow/example_dags/tutorial_taskflow_api.py
[2024-08-16T13:19:20.154+0000] {logging_mixin.py:190} INFO - [2024-08-16T13:19:20.154+0000] {dag.py:3211} INFO - Sync 1 DAGs
[2024-08-16T13:19:20.170+0000] {logging_mixin.py:190} INFO - [2024-08-16T13:19:20.169+0000] {dag.py:4138} INFO - Setting next_dagrun for tutorial_taskflow_api to None, run_after=None
[2024-08-16T13:19:20.199+0000] {processor.py:208} INFO - Processing /home/airflow/.local/lib/python3.12/site-packages/airflow/example_dags/tutorial_taskflow_api.py took 0.090 seconds
[2024-08-16T13:19:50.856+0000] {processor.py:186} INFO - Started process (PID=992) to work on /home/airflow/.local/lib/python3.12/site-packages/airflow/example_dags/tutorial_taskflow_api.py
[2024-08-16T13:19:50.857+0000] {processor.py:914} INFO - Processing file /home/airflow/.local/lib/python3.12/site-packages/airflow/example_dags/tutorial_taskflow_api.py for tasks to queue
[2024-08-16T13:19:50.860+0000] {logging_mixin.py:190} INFO - [2024-08-16T13:19:50.859+0000] {dagbag.py:587} INFO - Filling up the DagBag from /home/airflow/.local/lib/python3.12/site-packages/airflow/example_dags/tutorial_taskflow_api.py
[2024-08-16T13:19:50.867+0000] {processor.py:925} INFO - DAG(s) 'tutorial_taskflow_api' retrieved from /home/airflow/.local/lib/python3.12/site-packages/airflow/example_dags/tutorial_taskflow_api.py
[2024-08-16T13:19:50.893+0000] {logging_mixin.py:190} INFO - [2024-08-16T13:19:50.892+0000] {dag.py:3211} INFO - Sync 1 DAGs
[2024-08-16T13:19:50.909+0000] {logging_mixin.py:190} INFO - [2024-08-16T13:19:50.909+0000] {dag.py:4138} INFO - Setting next_dagrun for tutorial_taskflow_api to None, run_after=None
[2024-08-16T13:19:50.929+0000] {processor.py:208} INFO - Processing /home/airflow/.local/lib/python3.12/site-packages/airflow/example_dags/tutorial_taskflow_api.py took 0.079 seconds
[2024-08-16T13:20:21.599+0000] {processor.py:186} INFO - Started process (PID=1278) to work on /home/airflow/.local/lib/python3.12/site-packages/airflow/example_dags/tutorial_taskflow_api.py
[2024-08-16T13:20:21.601+0000] {processor.py:914} INFO - Processing file /home/airflow/.local/lib/python3.12/site-packages/airflow/example_dags/tutorial_taskflow_api.py for tasks to queue
[2024-08-16T13:20:21.604+0000] {logging_mixin.py:190} INFO - [2024-08-16T13:20:21.603+0000] {dagbag.py:587} INFO - Filling up the DagBag from /home/airflow/.local/lib/python3.12/site-packages/airflow/example_dags/tutorial_taskflow_api.py
[2024-08-16T13:20:21.612+0000] {processor.py:925} INFO - DAG(s) 'tutorial_taskflow_api' retrieved from /home/airflow/.local/lib/python3.12/site-packages/airflow/example_dags/tutorial_taskflow_api.py
[2024-08-16T13:20:21.634+0000] {logging_mixin.py:190} INFO - [2024-08-16T13:20:21.634+0000] {dag.py:3211} INFO - Sync 1 DAGs
[2024-08-16T13:20:21.651+0000] {logging_mixin.py:190} INFO - [2024-08-16T13:20:21.650+0000] {dag.py:4138} INFO - Setting next_dagrun for tutorial_taskflow_api to None, run_after=None
[2024-08-16T13:20:21.669+0000] {processor.py:208} INFO - Processing /home/airflow/.local/lib/python3.12/site-packages/airflow/example_dags/tutorial_taskflow_api.py took 0.077 seconds
[2024-08-16T13:20:51.833+0000] {processor.py:186} INFO - Started process (PID=1564) to work on /home/airflow/.local/lib/python3.12/site-packages/airflow/example_dags/tutorial_taskflow_api.py
[2024-08-16T13:20:51.834+0000] {processor.py:914} INFO - Processing file /home/airflow/.local/lib/python3.12/site-packages/airflow/example_dags/tutorial_taskflow_api.py for tasks to queue
[2024-08-16T13:20:51.837+0000] {logging_mixin.py:190} INFO - [2024-08-16T13:20:51.836+0000] {dagbag.py:587} INFO - Filling up the DagBag from /home/airflow/.local/lib/python3.12/site-packages/airflow/example_dags/tutorial_taskflow_api.py
[2024-08-16T13:20:51.845+0000] {processor.py:925} INFO - DAG(s) 'tutorial_taskflow_api' retrieved from /home/airflow/.local/lib/python3.12/site-packages/airflow/example_dags/tutorial_taskflow_api.py
[2024-08-16T13:20:51.867+0000] {logging_mixin.py:190} INFO - [2024-08-16T13:20:51.866+0000] {dag.py:3211} INFO - Sync 1 DAGs
[2024-08-16T13:20:51.882+0000] {logging_mixin.py:190} INFO - [2024-08-16T13:20:51.882+0000] {dag.py:4138} INFO - Setting next_dagrun for tutorial_taskflow_api to None, run_after=None
[2024-08-16T13:20:51.901+0000] {processor.py:208} INFO - Processing /home/airflow/.local/lib/python3.12/site-packages/airflow/example_dags/tutorial_taskflow_api.py took 0.075 seconds
[2024-08-16T13:21:22.407+0000] {processor.py:186} INFO - Started process (PID=1850) to work on /home/airflow/.local/lib/python3.12/site-packages/airflow/example_dags/tutorial_taskflow_api.py
[2024-08-16T13:21:22.408+0000] {processor.py:914} INFO - Processing file /home/airflow/.local/lib/python3.12/site-packages/airflow/example_dags/tutorial_taskflow_api.py for tasks to queue
[2024-08-16T13:21:22.411+0000] {logging_mixin.py:190} INFO - [2024-08-16T13:21:22.411+0000] {dagbag.py:587} INFO - Filling up the DagBag from /home/airflow/.local/lib/python3.12/site-packages/airflow/example_dags/tutorial_taskflow_api.py
[2024-08-16T13:21:22.419+0000] {processor.py:925} INFO - DAG(s) 'tutorial_taskflow_api' retrieved from /home/airflow/.local/lib/python3.12/site-packages/airflow/example_dags/tutorial_taskflow_api.py
[2024-08-16T13:21:22.442+0000] {logging_mixin.py:190} INFO - [2024-08-16T13:21:22.442+0000] {dag.py:3211} INFO - Sync 1 DAGs
[2024-08-16T13:21:22.459+0000] {logging_mixin.py:190} INFO - [2024-08-16T13:21:22.458+0000] {dag.py:4138} INFO - Setting next_dagrun for tutorial_taskflow_api to None, run_after=None
[2024-08-16T13:21:22.478+0000] {processor.py:208} INFO - Processing /home/airflow/.local/lib/python3.12/site-packages/airflow/example_dags/tutorial_taskflow_api.py took 0.077 seconds
[2024-08-16T13:21:52.692+0000] {processor.py:186} INFO - Started process (PID=2138) to work on /home/airflow/.local/lib/python3.12/site-packages/airflow/example_dags/tutorial_taskflow_api.py
[2024-08-16T13:21:52.693+0000] {processor.py:914} INFO - Processing file /home/airflow/.local/lib/python3.12/site-packages/airflow/example_dags/tutorial_taskflow_api.py for tasks to queue
[2024-08-16T13:21:52.695+0000] {logging_mixin.py:190} INFO - [2024-08-16T13:21:52.695+0000] {dagbag.py:587} INFO - Filling up the DagBag from /home/airflow/.local/lib/python3.12/site-packages/airflow/example_dags/tutorial_taskflow_api.py
[2024-08-16T13:21:52.703+0000] {processor.py:925} INFO - DAG(s) 'tutorial_taskflow_api' retrieved from /home/airflow/.local/lib/python3.12/site-packages/airflow/example_dags/tutorial_taskflow_api.py
[2024-08-16T13:21:52.724+0000] {logging_mixin.py:190} INFO - [2024-08-16T13:21:52.724+0000] {dag.py:3211} INFO - Sync 1 DAGs
[2024-08-16T13:21:52.739+0000] {logging_mixin.py:190} INFO - [2024-08-16T13:21:52.739+0000] {dag.py:4138} INFO - Setting next_dagrun for tutorial_taskflow_api to None, run_after=None
[2024-08-16T13:21:52.758+0000] {processor.py:208} INFO - Processing /home/airflow/.local/lib/python3.12/site-packages/airflow/example_dags/tutorial_taskflow_api.py took 0.073 seconds
[2024-08-16T13:22:22.975+0000] {processor.py:186} INFO - Started process (PID=2422) to work on /home/airflow/.local/lib/python3.12/site-packages/airflow/example_dags/tutorial_taskflow_api.py
[2024-08-16T13:22:22.976+0000] {processor.py:914} INFO - Processing file /home/airflow/.local/lib/python3.12/site-packages/airflow/example_dags/tutorial_taskflow_api.py for tasks to queue
[2024-08-16T13:22:22.979+0000] {logging_mixin.py:190} INFO - [2024-08-16T13:22:22.979+0000] {dagbag.py:587} INFO - Filling up the DagBag from /home/airflow/.local/lib/python3.12/site-packages/airflow/example_dags/tutorial_taskflow_api.py
[2024-08-16T13:22:22.987+0000] {processor.py:925} INFO - DAG(s) 'tutorial_taskflow_api' retrieved from /home/airflow/.local/lib/python3.12/site-packages/airflow/example_dags/tutorial_taskflow_api.py
[2024-08-16T13:22:23.009+0000] {logging_mixin.py:190} INFO - [2024-08-16T13:22:23.009+0000] {dag.py:3211} INFO - Sync 1 DAGs
[2024-08-16T13:22:23.025+0000] {logging_mixin.py:190} INFO - [2024-08-16T13:22:23.024+0000] {dag.py:4138} INFO - Setting next_dagrun for tutorial_taskflow_api to None, run_after=None
[2024-08-16T13:22:23.045+0000] {processor.py:208} INFO - Processing /home/airflow/.local/lib/python3.12/site-packages/airflow/example_dags/tutorial_taskflow_api.py took 0.077 seconds
[2024-08-16T13:22:53.438+0000] {processor.py:186} INFO - Started process (PID=2708) to work on /home/airflow/.local/lib/python3.12/site-packages/airflow/example_dags/tutorial_taskflow_api.py
[2024-08-16T13:22:53.439+0000] {processor.py:914} INFO - Processing file /home/airflow/.local/lib/python3.12/site-packages/airflow/example_dags/tutorial_taskflow_api.py for tasks to queue
[2024-08-16T13:22:53.441+0000] {logging_mixin.py:190} INFO - [2024-08-16T13:22:53.441+0000] {dagbag.py:587} INFO - Filling up the DagBag from /home/airflow/.local/lib/python3.12/site-packages/airflow/example_dags/tutorial_taskflow_api.py
[2024-08-16T13:22:53.450+0000] {processor.py:925} INFO - DAG(s) 'tutorial_taskflow_api' retrieved from /home/airflow/.local/lib/python3.12/site-packages/airflow/example_dags/tutorial_taskflow_api.py
[2024-08-16T13:22:53.471+0000] {logging_mixin.py:190} INFO - [2024-08-16T13:22:53.471+0000] {dag.py:3211} INFO - Sync 1 DAGs
[2024-08-16T13:22:53.487+0000] {logging_mixin.py:190} INFO - [2024-08-16T13:22:53.486+0000] {dag.py:4138} INFO - Setting next_dagrun for tutorial_taskflow_api to None, run_after=None
[2024-08-16T13:22:53.506+0000] {processor.py:208} INFO - Processing /home/airflow/.local/lib/python3.12/site-packages/airflow/example_dags/tutorial_taskflow_api.py took 0.074 seconds
[2024-08-16T13:23:23.887+0000] {processor.py:186} INFO - Started process (PID=2994) to work on /home/airflow/.local/lib/python3.12/site-packages/airflow/example_dags/tutorial_taskflow_api.py
[2024-08-16T13:23:23.888+0000] {processor.py:914} INFO - Processing file /home/airflow/.local/lib/python3.12/site-packages/airflow/example_dags/tutorial_taskflow_api.py for tasks to queue
[2024-08-16T13:23:23.891+0000] {logging_mixin.py:190} INFO - [2024-08-16T13:23:23.891+0000] {dagbag.py:587} INFO - Filling up the DagBag from /home/airflow/.local/lib/python3.12/site-packages/airflow/example_dags/tutorial_taskflow_api.py
[2024-08-16T13:23:23.899+0000] {processor.py:925} INFO - DAG(s) 'tutorial_taskflow_api' retrieved from /home/airflow/.local/lib/python3.12/site-packages/airflow/example_dags/tutorial_taskflow_api.py
[2024-08-16T13:23:23.922+0000] {logging_mixin.py:190} INFO - [2024-08-16T13:23:23.922+0000] {dag.py:3211} INFO - Sync 1 DAGs
[2024-08-16T13:23:23.937+0000] {logging_mixin.py:190} INFO - [2024-08-16T13:23:23.937+0000] {dag.py:4138} INFO - Setting next_dagrun for tutorial_taskflow_api to None, run_after=None
[2024-08-16T13:23:23.956+0000] {processor.py:208} INFO - Processing /home/airflow/.local/lib/python3.12/site-packages/airflow/example_dags/tutorial_taskflow_api.py took 0.075 seconds
[2024-08-16T13:23:54.026+0000] {processor.py:186} INFO - Started process (PID=3280) to work on /home/airflow/.local/lib/python3.12/site-packages/airflow/example_dags/tutorial_taskflow_api.py
[2024-08-16T13:23:54.027+0000] {processor.py:914} INFO - Processing file /home/airflow/.local/lib/python3.12/site-packages/airflow/example_dags/tutorial_taskflow_api.py for tasks to queue
[2024-08-16T13:23:54.030+0000] {logging_mixin.py:190} INFO - [2024-08-16T13:23:54.030+0000] {dagbag.py:587} INFO - Filling up the DagBag from /home/airflow/.local/lib/python3.12/site-packages/airflow/example_dags/tutorial_taskflow_api.py
[2024-08-16T13:23:54.042+0000] {processor.py:925} INFO - DAG(s) 'tutorial_taskflow_api' retrieved from /home/airflow/.local/lib/python3.12/site-packages/airflow/example_dags/tutorial_taskflow_api.py
[2024-08-16T13:23:54.065+0000] {logging_mixin.py:190} INFO - [2024-08-16T13:23:54.064+0000] {dag.py:3211} INFO - Sync 1 DAGs
[2024-08-16T13:23:54.080+0000] {logging_mixin.py:190} INFO - [2024-08-16T13:23:54.080+0000] {dag.py:4138} INFO - Setting next_dagrun for tutorial_taskflow_api to None, run_after=None
[2024-08-16T13:23:54.099+0000] {processor.py:208} INFO - Processing /home/airflow/.local/lib/python3.12/site-packages/airflow/example_dags/tutorial_taskflow_api.py took 0.080 seconds
[2024-08-16T13:24:24.230+0000] {processor.py:186} INFO - Started process (PID=3561) to work on /home/airflow/.local/lib/python3.12/site-packages/airflow/example_dags/tutorial_taskflow_api.py
[2024-08-16T13:24:24.231+0000] {processor.py:914} INFO - Processing file /home/airflow/.local/lib/python3.12/site-packages/airflow/example_dags/tutorial_taskflow_api.py for tasks to queue
[2024-08-16T13:24:24.233+0000] {logging_mixin.py:190} INFO - [2024-08-16T13:24:24.233+0000] {dagbag.py:587} INFO - Filling up the DagBag from /home/airflow/.local/lib/python3.12/site-packages/airflow/example_dags/tutorial_taskflow_api.py
[2024-08-16T13:24:24.243+0000] {processor.py:925} INFO - DAG(s) 'tutorial_taskflow_api' retrieved from /home/airflow/.local/lib/python3.12/site-packages/airflow/example_dags/tutorial_taskflow_api.py
[2024-08-16T13:24:24.266+0000] {logging_mixin.py:190} INFO - [2024-08-16T13:24:24.265+0000] {dag.py:3211} INFO - Sync 1 DAGs
[2024-08-16T13:24:24.283+0000] {logging_mixin.py:190} INFO - [2024-08-16T13:24:24.283+0000] {dag.py:4138} INFO - Setting next_dagrun for tutorial_taskflow_api to None, run_after=None
[2024-08-16T13:24:24.303+0000] {processor.py:208} INFO - Processing /home/airflow/.local/lib/python3.12/site-packages/airflow/example_dags/tutorial_taskflow_api.py took 0.080 seconds
[2024-08-16T13:24:54.652+0000] {processor.py:186} INFO - Started process (PID=3849) to work on /home/airflow/.local/lib/python3.12/site-packages/airflow/example_dags/tutorial_taskflow_api.py
[2024-08-16T13:24:54.653+0000] {processor.py:914} INFO - Processing file /home/airflow/.local/lib/python3.12/site-packages/airflow/example_dags/tutorial_taskflow_api.py for tasks to queue
[2024-08-16T13:24:54.655+0000] {logging_mixin.py:190} INFO - [2024-08-16T13:24:54.655+0000] {dagbag.py:587} INFO - Filling up the DagBag from /home/airflow/.local/lib/python3.12/site-packages/airflow/example_dags/tutorial_taskflow_api.py
[2024-08-16T13:24:54.664+0000] {processor.py:925} INFO - DAG(s) 'tutorial_taskflow_api' retrieved from /home/airflow/.local/lib/python3.12/site-packages/airflow/example_dags/tutorial_taskflow_api.py
[2024-08-16T13:24:54.685+0000] {logging_mixin.py:190} INFO - [2024-08-16T13:24:54.685+0000] {dag.py:3211} INFO - Sync 1 DAGs
[2024-08-16T13:24:54.701+0000] {logging_mixin.py:190} INFO - [2024-08-16T13:24:54.701+0000] {dag.py:4138} INFO - Setting next_dagrun for tutorial_taskflow_api to None, run_after=None
[2024-08-16T13:24:54.721+0000] {processor.py:208} INFO - Processing /home/airflow/.local/lib/python3.12/site-packages/airflow/example_dags/tutorial_taskflow_api.py took 0.076 seconds
[2024-08-16T13:25:24.875+0000] {processor.py:186} INFO - Started process (PID=4133) to work on /home/airflow/.local/lib/python3.12/site-packages/airflow/example_dags/tutorial_taskflow_api.py
[2024-08-16T13:25:24.876+0000] {processor.py:914} INFO - Processing file /home/airflow/.local/lib/python3.12/site-packages/airflow/example_dags/tutorial_taskflow_api.py for tasks to queue
[2024-08-16T13:25:24.879+0000] {logging_mixin.py:190} INFO - [2024-08-16T13:25:24.878+0000] {dagbag.py:587} INFO - Filling up the DagBag from /home/airflow/.local/lib/python3.12/site-packages/airflow/example_dags/tutorial_taskflow_api.py
[2024-08-16T13:25:24.887+0000] {processor.py:925} INFO - DAG(s) 'tutorial_taskflow_api' retrieved from /home/airflow/.local/lib/python3.12/site-packages/airflow/example_dags/tutorial_taskflow_api.py
[2024-08-16T13:25:24.909+0000] {logging_mixin.py:190} INFO - [2024-08-16T13:25:24.908+0000] {dag.py:3211} INFO - Sync 1 DAGs
[2024-08-16T13:25:24.924+0000] {logging_mixin.py:190} INFO - [2024-08-16T13:25:24.924+0000] {dag.py:4138} INFO - Setting next_dagrun for tutorial_taskflow_api to None, run_after=None
[2024-08-16T13:25:24.948+0000] {processor.py:208} INFO - Processing /home/airflow/.local/lib/python3.12/site-packages/airflow/example_dags/tutorial_taskflow_api.py took 0.081 seconds
[2024-08-16T13:25:55.524+0000] {processor.py:186} INFO - Started process (PID=4426) to work on /home/airflow/.local/lib/python3.12/site-packages/airflow/example_dags/tutorial_taskflow_api.py
[2024-08-16T13:25:55.525+0000] {processor.py:914} INFO - Processing file /home/airflow/.local/lib/python3.12/site-packages/airflow/example_dags/tutorial_taskflow_api.py for tasks to queue
[2024-08-16T13:25:55.529+0000] {logging_mixin.py:190} INFO - [2024-08-16T13:25:55.528+0000] {dagbag.py:587} INFO - Filling up the DagBag from /home/airflow/.local/lib/python3.12/site-packages/airflow/example_dags/tutorial_taskflow_api.py
[2024-08-16T13:25:55.537+0000] {processor.py:925} INFO - DAG(s) 'tutorial_taskflow_api' retrieved from /home/airflow/.local/lib/python3.12/site-packages/airflow/example_dags/tutorial_taskflow_api.py
[2024-08-16T13:25:55.561+0000] {logging_mixin.py:190} INFO - [2024-08-16T13:25:55.560+0000] {dag.py:3211} INFO - Sync 1 DAGs
[2024-08-16T13:25:55.576+0000] {logging_mixin.py:190} INFO - [2024-08-16T13:25:55.576+0000] {dag.py:4138} INFO - Setting next_dagrun for tutorial_taskflow_api to None, run_after=None
[2024-08-16T13:25:55.595+0000] {processor.py:208} INFO - Processing /home/airflow/.local/lib/python3.12/site-packages/airflow/example_dags/tutorial_taskflow_api.py took 0.078 seconds
[2024-08-16T13:26:26.197+0000] {processor.py:186} INFO - Started process (PID=4712) to work on /home/airflow/.local/lib/python3.12/site-packages/airflow/example_dags/tutorial_taskflow_api.py
[2024-08-16T13:26:26.198+0000] {processor.py:914} INFO - Processing file /home/airflow/.local/lib/python3.12/site-packages/airflow/example_dags/tutorial_taskflow_api.py for tasks to queue
[2024-08-16T13:26:26.200+0000] {logging_mixin.py:190} INFO - [2024-08-16T13:26:26.200+0000] {dagbag.py:587} INFO - Filling up the DagBag from /home/airflow/.local/lib/python3.12/site-packages/airflow/example_dags/tutorial_taskflow_api.py
[2024-08-16T13:26:26.209+0000] {processor.py:925} INFO - DAG(s) 'tutorial_taskflow_api' retrieved from /home/airflow/.local/lib/python3.12/site-packages/airflow/example_dags/tutorial_taskflow_api.py
[2024-08-16T13:26:26.233+0000] {logging_mixin.py:190} INFO - [2024-08-16T13:26:26.233+0000] {dag.py:3211} INFO - Sync 1 DAGs
[2024-08-16T13:26:26.250+0000] {logging_mixin.py:190} INFO - [2024-08-16T13:26:26.250+0000] {dag.py:4138} INFO - Setting next_dagrun for tutorial_taskflow_api to None, run_after=None
[2024-08-16T13:26:26.272+0000] {processor.py:208} INFO - Processing /home/airflow/.local/lib/python3.12/site-packages/airflow/example_dags/tutorial_taskflow_api.py took 0.082 seconds
[2024-08-16T13:26:56.418+0000] {processor.py:186} INFO - Started process (PID=4996) to work on /home/airflow/.local/lib/python3.12/site-packages/airflow/example_dags/tutorial_taskflow_api.py
[2024-08-16T13:26:56.419+0000] {processor.py:914} INFO - Processing file /home/airflow/.local/lib/python3.12/site-packages/airflow/example_dags/tutorial_taskflow_api.py for tasks to queue
[2024-08-16T13:26:56.422+0000] {logging_mixin.py:190} INFO - [2024-08-16T13:26:56.421+0000] {dagbag.py:587} INFO - Filling up the DagBag from /home/airflow/.local/lib/python3.12/site-packages/airflow/example_dags/tutorial_taskflow_api.py
[2024-08-16T13:26:56.430+0000] {processor.py:925} INFO - DAG(s) 'tutorial_taskflow_api' retrieved from /home/airflow/.local/lib/python3.12/site-packages/airflow/example_dags/tutorial_taskflow_api.py
[2024-08-16T13:26:56.452+0000] {logging_mixin.py:190} INFO - [2024-08-16T13:26:56.452+0000] {dag.py:3211} INFO - Sync 1 DAGs
[2024-08-16T13:26:56.471+0000] {logging_mixin.py:190} INFO - [2024-08-16T13:26:56.471+0000] {dag.py:4138} INFO - Setting next_dagrun for tutorial_taskflow_api to None, run_after=None
[2024-08-16T13:26:56.492+0000] {processor.py:208} INFO - Processing /home/airflow/.local/lib/python3.12/site-packages/airflow/example_dags/tutorial_taskflow_api.py took 0.082 seconds
[2024-08-16T13:27:26.901+0000] {processor.py:186} INFO - Started process (PID=5283) to work on /home/airflow/.local/lib/python3.12/site-packages/airflow/example_dags/tutorial_taskflow_api.py
[2024-08-16T13:27:26.902+0000] {processor.py:914} INFO - Processing file /home/airflow/.local/lib/python3.12/site-packages/airflow/example_dags/tutorial_taskflow_api.py for tasks to queue
[2024-08-16T13:27:26.905+0000] {logging_mixin.py:190} INFO - [2024-08-16T13:27:26.904+0000] {dagbag.py:587} INFO - Filling up the DagBag from /home/airflow/.local/lib/python3.12/site-packages/airflow/example_dags/tutorial_taskflow_api.py
[2024-08-16T13:27:26.912+0000] {processor.py:925} INFO - DAG(s) 'tutorial_taskflow_api' retrieved from /home/airflow/.local/lib/python3.12/site-packages/airflow/example_dags/tutorial_taskflow_api.py
[2024-08-16T13:27:26.936+0000] {logging_mixin.py:190} INFO - [2024-08-16T13:27:26.935+0000] {dag.py:3211} INFO - Sync 1 DAGs
[2024-08-16T13:27:26.952+0000] {logging_mixin.py:190} INFO - [2024-08-16T13:27:26.952+0000] {dag.py:4138} INFO - Setting next_dagrun for tutorial_taskflow_api to None, run_after=None
[2024-08-16T13:27:26.975+0000] {processor.py:208} INFO - Processing /home/airflow/.local/lib/python3.12/site-packages/airflow/example_dags/tutorial_taskflow_api.py took 0.080 seconds
[2024-08-16T13:27:57.304+0000] {processor.py:186} INFO - Started process (PID=5571) to work on /home/airflow/.local/lib/python3.12/site-packages/airflow/example_dags/tutorial_taskflow_api.py
[2024-08-16T13:27:57.305+0000] {processor.py:914} INFO - Processing file /home/airflow/.local/lib/python3.12/site-packages/airflow/example_dags/tutorial_taskflow_api.py for tasks to queue
[2024-08-16T13:27:57.307+0000] {logging_mixin.py:190} INFO - [2024-08-16T13:27:57.307+0000] {dagbag.py:587} INFO - Filling up the DagBag from /home/airflow/.local/lib/python3.12/site-packages/airflow/example_dags/tutorial_taskflow_api.py
[2024-08-16T13:27:57.316+0000] {processor.py:925} INFO - DAG(s) 'tutorial_taskflow_api' retrieved from /home/airflow/.local/lib/python3.12/site-packages/airflow/example_dags/tutorial_taskflow_api.py
[2024-08-16T13:27:57.341+0000] {logging_mixin.py:190} INFO - [2024-08-16T13:27:57.341+0000] {dag.py:3211} INFO - Sync 1 DAGs
[2024-08-16T13:27:57.356+0000] {logging_mixin.py:190} INFO - [2024-08-16T13:27:57.356+0000] {dag.py:4138} INFO - Setting next_dagrun for tutorial_taskflow_api to None, run_after=None
[2024-08-16T13:27:57.373+0000] {processor.py:208} INFO - Processing /home/airflow/.local/lib/python3.12/site-packages/airflow/example_dags/tutorial_taskflow_api.py took 0.076 seconds
[2024-08-16T13:28:28.036+0000] {processor.py:186} INFO - Started process (PID=5857) to work on /home/airflow/.local/lib/python3.12/site-packages/airflow/example_dags/tutorial_taskflow_api.py
[2024-08-16T13:28:28.037+0000] {processor.py:914} INFO - Processing file /home/airflow/.local/lib/python3.12/site-packages/airflow/example_dags/tutorial_taskflow_api.py for tasks to queue
[2024-08-16T13:28:28.040+0000] {logging_mixin.py:190} INFO - [2024-08-16T13:28:28.040+0000] {dagbag.py:587} INFO - Filling up the DagBag from /home/airflow/.local/lib/python3.12/site-packages/airflow/example_dags/tutorial_taskflow_api.py
[2024-08-16T13:28:28.050+0000] {processor.py:925} INFO - DAG(s) 'tutorial_taskflow_api' retrieved from /home/airflow/.local/lib/python3.12/site-packages/airflow/example_dags/tutorial_taskflow_api.py
[2024-08-16T13:28:28.076+0000] {logging_mixin.py:190} INFO - [2024-08-16T13:28:28.075+0000] {dag.py:3211} INFO - Sync 1 DAGs
[2024-08-16T13:28:28.097+0000] {logging_mixin.py:190} INFO - [2024-08-16T13:28:28.097+0000] {dag.py:4138} INFO - Setting next_dagrun for tutorial_taskflow_api to None, run_after=None
[2024-08-16T13:28:28.121+0000] {processor.py:208} INFO - Processing /home/airflow/.local/lib/python3.12/site-packages/airflow/example_dags/tutorial_taskflow_api.py took 0.091 seconds
[2024-08-16T13:28:58.440+0000] {processor.py:186} INFO - Started process (PID=6141) to work on /home/airflow/.local/lib/python3.12/site-packages/airflow/example_dags/tutorial_taskflow_api.py
[2024-08-16T13:28:58.442+0000] {processor.py:914} INFO - Processing file /home/airflow/.local/lib/python3.12/site-packages/airflow/example_dags/tutorial_taskflow_api.py for tasks to queue
[2024-08-16T13:28:58.445+0000] {logging_mixin.py:190} INFO - [2024-08-16T13:28:58.445+0000] {dagbag.py:587} INFO - Filling up the DagBag from /home/airflow/.local/lib/python3.12/site-packages/airflow/example_dags/tutorial_taskflow_api.py
[2024-08-16T13:28:58.455+0000] {processor.py:925} INFO - DAG(s) 'tutorial_taskflow_api' retrieved from /home/airflow/.local/lib/python3.12/site-packages/airflow/example_dags/tutorial_taskflow_api.py
[2024-08-16T13:28:58.477+0000] {logging_mixin.py:190} INFO - [2024-08-16T13:28:58.477+0000] {dag.py:3211} INFO - Sync 1 DAGs
[2024-08-16T13:28:58.493+0000] {logging_mixin.py:190} INFO - [2024-08-16T13:28:58.493+0000] {dag.py:4138} INFO - Setting next_dagrun for tutorial_taskflow_api to None, run_after=None
[2024-08-16T13:28:58.516+0000] {processor.py:208} INFO - Processing /home/airflow/.local/lib/python3.12/site-packages/airflow/example_dags/tutorial_taskflow_api.py took 0.082 seconds
[2024-08-16T13:29:29.083+0000] {processor.py:186} INFO - Started process (PID=6429) to work on /home/airflow/.local/lib/python3.12/site-packages/airflow/example_dags/tutorial_taskflow_api.py
[2024-08-16T13:29:29.084+0000] {processor.py:914} INFO - Processing file /home/airflow/.local/lib/python3.12/site-packages/airflow/example_dags/tutorial_taskflow_api.py for tasks to queue
[2024-08-16T13:29:29.087+0000] {logging_mixin.py:190} INFO - [2024-08-16T13:29:29.087+0000] {dagbag.py:587} INFO - Filling up the DagBag from /home/airflow/.local/lib/python3.12/site-packages/airflow/example_dags/tutorial_taskflow_api.py
[2024-08-16T13:29:29.095+0000] {processor.py:925} INFO - DAG(s) 'tutorial_taskflow_api' retrieved from /home/airflow/.local/lib/python3.12/site-packages/airflow/example_dags/tutorial_taskflow_api.py
[2024-08-16T13:29:29.117+0000] {logging_mixin.py:190} INFO - [2024-08-16T13:29:29.116+0000] {dag.py:3211} INFO - Sync 1 DAGs
[2024-08-16T13:29:29.132+0000] {logging_mixin.py:190} INFO - [2024-08-16T13:29:29.132+0000] {dag.py:4138} INFO - Setting next_dagrun for tutorial_taskflow_api to None, run_after=None
[2024-08-16T13:29:29.153+0000] {processor.py:208} INFO - Processing /home/airflow/.local/lib/python3.12/site-packages/airflow/example_dags/tutorial_taskflow_api.py took 0.076 seconds
[2024-08-16T13:29:59.516+0000] {processor.py:186} INFO - Started process (PID=6715) to work on /home/airflow/.local/lib/python3.12/site-packages/airflow/example_dags/tutorial_taskflow_api.py
[2024-08-16T13:29:59.517+0000] {processor.py:914} INFO - Processing file /home/airflow/.local/lib/python3.12/site-packages/airflow/example_dags/tutorial_taskflow_api.py for tasks to queue
[2024-08-16T13:29:59.520+0000] {logging_mixin.py:190} INFO - [2024-08-16T13:29:59.520+0000] {dagbag.py:587} INFO - Filling up the DagBag from /home/airflow/.local/lib/python3.12/site-packages/airflow/example_dags/tutorial_taskflow_api.py
[2024-08-16T13:29:59.528+0000] {processor.py:925} INFO - DAG(s) 'tutorial_taskflow_api' retrieved from /home/airflow/.local/lib/python3.12/site-packages/airflow/example_dags/tutorial_taskflow_api.py
[2024-08-16T13:29:59.553+0000] {logging_mixin.py:190} INFO - [2024-08-16T13:29:59.553+0000] {dag.py:3211} INFO - Sync 1 DAGs
[2024-08-16T13:29:59.575+0000] {logging_mixin.py:190} INFO - [2024-08-16T13:29:59.575+0000] {dag.py:4138} INFO - Setting next_dagrun for tutorial_taskflow_api to None, run_after=None
[2024-08-16T13:29:59.596+0000] {processor.py:208} INFO - Processing /home/airflow/.local/lib/python3.12/site-packages/airflow/example_dags/tutorial_taskflow_api.py took 0.086 seconds
[2024-08-16T13:30:29.949+0000] {processor.py:186} INFO - Started process (PID=7002) to work on /home/airflow/.local/lib/python3.12/site-packages/airflow/example_dags/tutorial_taskflow_api.py
[2024-08-16T13:30:29.950+0000] {processor.py:914} INFO - Processing file /home/airflow/.local/lib/python3.12/site-packages/airflow/example_dags/tutorial_taskflow_api.py for tasks to queue
[2024-08-16T13:30:29.954+0000] {logging_mixin.py:190} INFO - [2024-08-16T13:30:29.954+0000] {dagbag.py:587} INFO - Filling up the DagBag from /home/airflow/.local/lib/python3.12/site-packages/airflow/example_dags/tutorial_taskflow_api.py
[2024-08-16T13:30:29.962+0000] {processor.py:925} INFO - DAG(s) 'tutorial_taskflow_api' retrieved from /home/airflow/.local/lib/python3.12/site-packages/airflow/example_dags/tutorial_taskflow_api.py
[2024-08-16T13:30:29.984+0000] {logging_mixin.py:190} INFO - [2024-08-16T13:30:29.984+0000] {dag.py:3211} INFO - Sync 1 DAGs
[2024-08-16T13:30:29.999+0000] {logging_mixin.py:190} INFO - [2024-08-16T13:30:29.999+0000] {dag.py:4138} INFO - Setting next_dagrun for tutorial_taskflow_api to None, run_after=None
[2024-08-16T13:30:30.019+0000] {processor.py:208} INFO - Processing /home/airflow/.local/lib/python3.12/site-packages/airflow/example_dags/tutorial_taskflow_api.py took 0.077 seconds
[2024-08-16T13:31:00.551+0000] {processor.py:186} INFO - Started process (PID=7288) to work on /home/airflow/.local/lib/python3.12/site-packages/airflow/example_dags/tutorial_taskflow_api.py
[2024-08-16T13:31:00.552+0000] {processor.py:914} INFO - Processing file /home/airflow/.local/lib/python3.12/site-packages/airflow/example_dags/tutorial_taskflow_api.py for tasks to queue
[2024-08-16T13:31:00.555+0000] {logging_mixin.py:190} INFO - [2024-08-16T13:31:00.555+0000] {dagbag.py:587} INFO - Filling up the DagBag from /home/airflow/.local/lib/python3.12/site-packages/airflow/example_dags/tutorial_taskflow_api.py
[2024-08-16T13:31:00.563+0000] {processor.py:925} INFO - DAG(s) 'tutorial_taskflow_api' retrieved from /home/airflow/.local/lib/python3.12/site-packages/airflow/example_dags/tutorial_taskflow_api.py
[2024-08-16T13:31:00.589+0000] {logging_mixin.py:190} INFO - [2024-08-16T13:31:00.589+0000] {dag.py:3211} INFO - Sync 1 DAGs
[2024-08-16T13:31:00.606+0000] {logging_mixin.py:190} INFO - [2024-08-16T13:31:00.605+0000] {dag.py:4138} INFO - Setting next_dagrun for tutorial_taskflow_api to None, run_after=None
[2024-08-16T13:31:00.626+0000] {processor.py:208} INFO - Processing /home/airflow/.local/lib/python3.12/site-packages/airflow/example_dags/tutorial_taskflow_api.py took 0.082 seconds
[2024-08-16T13:31:31.106+0000] {processor.py:186} INFO - Started process (PID=7574) to work on /home/airflow/.local/lib/python3.12/site-packages/airflow/example_dags/tutorial_taskflow_api.py
[2024-08-16T13:31:31.107+0000] {processor.py:914} INFO - Processing file /home/airflow/.local/lib/python3.12/site-packages/airflow/example_dags/tutorial_taskflow_api.py for tasks to queue
[2024-08-16T13:31:31.110+0000] {logging_mixin.py:190} INFO - [2024-08-16T13:31:31.110+0000] {dagbag.py:587} INFO - Filling up the DagBag from /home/airflow/.local/lib/python3.12/site-packages/airflow/example_dags/tutorial_taskflow_api.py
[2024-08-16T13:31:31.119+0000] {processor.py:925} INFO - DAG(s) 'tutorial_taskflow_api' retrieved from /home/airflow/.local/lib/python3.12/site-packages/airflow/example_dags/tutorial_taskflow_api.py
[2024-08-16T13:31:31.141+0000] {logging_mixin.py:190} INFO - [2024-08-16T13:31:31.140+0000] {dag.py:3211} INFO - Sync 1 DAGs
[2024-08-16T13:31:31.162+0000] {logging_mixin.py:190} INFO - [2024-08-16T13:31:31.162+0000] {dag.py:4138} INFO - Setting next_dagrun for tutorial_taskflow_api to None, run_after=None
[2024-08-16T13:31:31.186+0000] {processor.py:208} INFO - Processing /home/airflow/.local/lib/python3.12/site-packages/airflow/example_dags/tutorial_taskflow_api.py took 0.087 seconds
[2024-08-16T13:32:01.514+0000] {processor.py:186} INFO - Started process (PID=7860) to work on /home/airflow/.local/lib/python3.12/site-packages/airflow/example_dags/tutorial_taskflow_api.py
[2024-08-16T13:32:01.515+0000] {processor.py:914} INFO - Processing file /home/airflow/.local/lib/python3.12/site-packages/airflow/example_dags/tutorial_taskflow_api.py for tasks to queue
[2024-08-16T13:32:01.518+0000] {logging_mixin.py:190} INFO - [2024-08-16T13:32:01.517+0000] {dagbag.py:587} INFO - Filling up the DagBag from /home/airflow/.local/lib/python3.12/site-packages/airflow/example_dags/tutorial_taskflow_api.py
[2024-08-16T13:32:01.526+0000] {processor.py:925} INFO - DAG(s) 'tutorial_taskflow_api' retrieved from /home/airflow/.local/lib/python3.12/site-packages/airflow/example_dags/tutorial_taskflow_api.py
[2024-08-16T13:32:01.550+0000] {logging_mixin.py:190} INFO - [2024-08-16T13:32:01.550+0000] {dag.py:3211} INFO - Sync 1 DAGs
[2024-08-16T13:32:01.566+0000] {logging_mixin.py:190} INFO - [2024-08-16T13:32:01.566+0000] {dag.py:4138} INFO - Setting next_dagrun for tutorial_taskflow_api to None, run_after=None
[2024-08-16T13:32:01.586+0000] {processor.py:208} INFO - Processing /home/airflow/.local/lib/python3.12/site-packages/airflow/example_dags/tutorial_taskflow_api.py took 0.079 seconds
[2024-08-16T13:32:31.983+0000] {processor.py:186} INFO - Started process (PID=8144) to work on /home/airflow/.local/lib/python3.12/site-packages/airflow/example_dags/tutorial_taskflow_api.py
[2024-08-16T13:32:31.985+0000] {processor.py:914} INFO - Processing file /home/airflow/.local/lib/python3.12/site-packages/airflow/example_dags/tutorial_taskflow_api.py for tasks to queue
[2024-08-16T13:32:31.987+0000] {logging_mixin.py:190} INFO - [2024-08-16T13:32:31.987+0000] {dagbag.py:587} INFO - Filling up the DagBag from /home/airflow/.local/lib/python3.12/site-packages/airflow/example_dags/tutorial_taskflow_api.py
[2024-08-16T13:32:31.996+0000] {processor.py:925} INFO - DAG(s) 'tutorial_taskflow_api' retrieved from /home/airflow/.local/lib/python3.12/site-packages/airflow/example_dags/tutorial_taskflow_api.py
[2024-08-16T13:32:32.021+0000] {logging_mixin.py:190} INFO - [2024-08-16T13:32:32.020+0000] {dag.py:3211} INFO - Sync 1 DAGs
[2024-08-16T13:32:32.036+0000] {logging_mixin.py:190} INFO - [2024-08-16T13:32:32.035+0000] {dag.py:4138} INFO - Setting next_dagrun for tutorial_taskflow_api to None, run_after=None
[2024-08-16T13:32:32.056+0000] {processor.py:208} INFO - Processing /home/airflow/.local/lib/python3.12/site-packages/airflow/example_dags/tutorial_taskflow_api.py took 0.079 seconds
[2024-08-16T13:33:02.383+0000] {processor.py:186} INFO - Started process (PID=8425) to work on /home/airflow/.local/lib/python3.12/site-packages/airflow/example_dags/tutorial_taskflow_api.py
[2024-08-16T13:33:02.384+0000] {processor.py:914} INFO - Processing file /home/airflow/.local/lib/python3.12/site-packages/airflow/example_dags/tutorial_taskflow_api.py for tasks to queue
[2024-08-16T13:33:02.386+0000] {logging_mixin.py:190} INFO - [2024-08-16T13:33:02.386+0000] {dagbag.py:587} INFO - Filling up the DagBag from /home/airflow/.local/lib/python3.12/site-packages/airflow/example_dags/tutorial_taskflow_api.py
[2024-08-16T13:33:02.396+0000] {processor.py:925} INFO - DAG(s) 'tutorial_taskflow_api' retrieved from /home/airflow/.local/lib/python3.12/site-packages/airflow/example_dags/tutorial_taskflow_api.py
[2024-08-16T13:33:02.419+0000] {logging_mixin.py:190} INFO - [2024-08-16T13:33:02.418+0000] {dag.py:3211} INFO - Sync 1 DAGs
[2024-08-16T13:33:02.435+0000] {logging_mixin.py:190} INFO - [2024-08-16T13:33:02.434+0000] {dag.py:4138} INFO - Setting next_dagrun for tutorial_taskflow_api to None, run_after=None
[2024-08-16T13:33:02.456+0000] {processor.py:208} INFO - Processing /home/airflow/.local/lib/python3.12/site-packages/airflow/example_dags/tutorial_taskflow_api.py took 0.079 seconds
[2024-08-16T13:33:32.904+0000] {processor.py:186} INFO - Started process (PID=8718) to work on /home/airflow/.local/lib/python3.12/site-packages/airflow/example_dags/tutorial_taskflow_api.py
[2024-08-16T13:33:32.905+0000] {processor.py:914} INFO - Processing file /home/airflow/.local/lib/python3.12/site-packages/airflow/example_dags/tutorial_taskflow_api.py for tasks to queue
[2024-08-16T13:33:32.908+0000] {logging_mixin.py:190} INFO - [2024-08-16T13:33:32.908+0000] {dagbag.py:587} INFO - Filling up the DagBag from /home/airflow/.local/lib/python3.12/site-packages/airflow/example_dags/tutorial_taskflow_api.py
[2024-08-16T13:33:32.917+0000] {processor.py:925} INFO - DAG(s) 'tutorial_taskflow_api' retrieved from /home/airflow/.local/lib/python3.12/site-packages/airflow/example_dags/tutorial_taskflow_api.py
[2024-08-16T13:33:32.939+0000] {logging_mixin.py:190} INFO - [2024-08-16T13:33:32.939+0000] {dag.py:3211} INFO - Sync 1 DAGs
[2024-08-16T13:33:32.957+0000] {logging_mixin.py:190} INFO - [2024-08-16T13:33:32.957+0000] {dag.py:4138} INFO - Setting next_dagrun for tutorial_taskflow_api to None, run_after=None
[2024-08-16T13:33:32.977+0000] {processor.py:208} INFO - Processing /home/airflow/.local/lib/python3.12/site-packages/airflow/example_dags/tutorial_taskflow_api.py took 0.080 seconds
[2024-08-16T13:34:03.199+0000] {processor.py:186} INFO - Started process (PID=9007) to work on /home/airflow/.local/lib/python3.12/site-packages/airflow/example_dags/tutorial_taskflow_api.py
[2024-08-16T13:34:03.200+0000] {processor.py:914} INFO - Processing file /home/airflow/.local/lib/python3.12/site-packages/airflow/example_dags/tutorial_taskflow_api.py for tasks to queue
[2024-08-16T13:34:03.203+0000] {logging_mixin.py:190} INFO - [2024-08-16T13:34:03.202+0000] {dagbag.py:587} INFO - Filling up the DagBag from /home/airflow/.local/lib/python3.12/site-packages/airflow/example_dags/tutorial_taskflow_api.py
[2024-08-16T13:34:03.211+0000] {processor.py:925} INFO - DAG(s) 'tutorial_taskflow_api' retrieved from /home/airflow/.local/lib/python3.12/site-packages/airflow/example_dags/tutorial_taskflow_api.py
[2024-08-16T13:34:03.234+0000] {logging_mixin.py:190} INFO - [2024-08-16T13:34:03.234+0000] {dag.py:3211} INFO - Sync 1 DAGs
[2024-08-16T13:34:03.252+0000] {logging_mixin.py:190} INFO - [2024-08-16T13:34:03.251+0000] {dag.py:4138} INFO - Setting next_dagrun for tutorial_taskflow_api to None, run_after=None
[2024-08-16T13:34:03.273+0000] {processor.py:208} INFO - Processing /home/airflow/.local/lib/python3.12/site-packages/airflow/example_dags/tutorial_taskflow_api.py took 0.081 seconds
[2024-08-16T13:34:33.797+0000] {processor.py:186} INFO - Started process (PID=9288) to work on /home/airflow/.local/lib/python3.12/site-packages/airflow/example_dags/tutorial_taskflow_api.py
[2024-08-16T13:34:33.798+0000] {processor.py:914} INFO - Processing file /home/airflow/.local/lib/python3.12/site-packages/airflow/example_dags/tutorial_taskflow_api.py for tasks to queue
[2024-08-16T13:34:33.803+0000] {logging_mixin.py:190} INFO - [2024-08-16T13:34:33.802+0000] {dagbag.py:587} INFO - Filling up the DagBag from /home/airflow/.local/lib/python3.12/site-packages/airflow/example_dags/tutorial_taskflow_api.py
[2024-08-16T13:34:33.814+0000] {processor.py:925} INFO - DAG(s) 'tutorial_taskflow_api' retrieved from /home/airflow/.local/lib/python3.12/site-packages/airflow/example_dags/tutorial_taskflow_api.py
[2024-08-16T13:34:33.838+0000] {logging_mixin.py:190} INFO - [2024-08-16T13:34:33.838+0000] {dag.py:3211} INFO - Sync 1 DAGs
[2024-08-16T13:34:33.855+0000] {logging_mixin.py:190} INFO - [2024-08-16T13:34:33.855+0000] {dag.py:4138} INFO - Setting next_dagrun for tutorial_taskflow_api to None, run_after=None
[2024-08-16T13:34:33.878+0000] {processor.py:208} INFO - Processing /home/airflow/.local/lib/python3.12/site-packages/airflow/example_dags/tutorial_taskflow_api.py took 0.089 seconds
[2024-08-16T13:35:04.224+0000] {processor.py:186} INFO - Started process (PID=9574) to work on /home/airflow/.local/lib/python3.12/site-packages/airflow/example_dags/tutorial_taskflow_api.py
[2024-08-16T13:35:04.226+0000] {processor.py:914} INFO - Processing file /home/airflow/.local/lib/python3.12/site-packages/airflow/example_dags/tutorial_taskflow_api.py for tasks to queue
[2024-08-16T13:35:04.229+0000] {logging_mixin.py:190} INFO - [2024-08-16T13:35:04.229+0000] {dagbag.py:587} INFO - Filling up the DagBag from /home/airflow/.local/lib/python3.12/site-packages/airflow/example_dags/tutorial_taskflow_api.py
[2024-08-16T13:35:04.240+0000] {processor.py:925} INFO - DAG(s) 'tutorial_taskflow_api' retrieved from /home/airflow/.local/lib/python3.12/site-packages/airflow/example_dags/tutorial_taskflow_api.py
[2024-08-16T13:35:04.261+0000] {logging_mixin.py:190} INFO - [2024-08-16T13:35:04.261+0000] {dag.py:3211} INFO - Sync 1 DAGs
[2024-08-16T13:35:04.278+0000] {logging_mixin.py:190} INFO - [2024-08-16T13:35:04.278+0000] {dag.py:4138} INFO - Setting next_dagrun for tutorial_taskflow_api to None, run_after=None
[2024-08-16T13:35:04.299+0000] {processor.py:208} INFO - Processing /home/airflow/.local/lib/python3.12/site-packages/airflow/example_dags/tutorial_taskflow_api.py took 0.082 seconds
[2024-08-16T13:35:34.642+0000] {processor.py:186} INFO - Started process (PID=9860) to work on /home/airflow/.local/lib/python3.12/site-packages/airflow/example_dags/tutorial_taskflow_api.py
[2024-08-16T13:35:34.644+0000] {processor.py:914} INFO - Processing file /home/airflow/.local/lib/python3.12/site-packages/airflow/example_dags/tutorial_taskflow_api.py for tasks to queue
[2024-08-16T13:35:34.646+0000] {logging_mixin.py:190} INFO - [2024-08-16T13:35:34.646+0000] {dagbag.py:587} INFO - Filling up the DagBag from /home/airflow/.local/lib/python3.12/site-packages/airflow/example_dags/tutorial_taskflow_api.py
[2024-08-16T13:35:34.655+0000] {processor.py:925} INFO - DAG(s) 'tutorial_taskflow_api' retrieved from /home/airflow/.local/lib/python3.12/site-packages/airflow/example_dags/tutorial_taskflow_api.py
[2024-08-16T13:35:34.678+0000] {logging_mixin.py:190} INFO - [2024-08-16T13:35:34.677+0000] {dag.py:3211} INFO - Sync 1 DAGs
[2024-08-16T13:35:34.697+0000] {logging_mixin.py:190} INFO - [2024-08-16T13:35:34.696+0000] {dag.py:4138} INFO - Setting next_dagrun for tutorial_taskflow_api to None, run_after=None
[2024-08-16T13:35:34.717+0000] {processor.py:208} INFO - Processing /home/airflow/.local/lib/python3.12/site-packages/airflow/example_dags/tutorial_taskflow_api.py took 0.082 seconds
[2024-08-16T13:36:05.003+0000] {processor.py:186} INFO - Started process (PID=10146) to work on /home/airflow/.local/lib/python3.12/site-packages/airflow/example_dags/tutorial_taskflow_api.py
[2024-08-16T13:36:05.004+0000] {processor.py:914} INFO - Processing file /home/airflow/.local/lib/python3.12/site-packages/airflow/example_dags/tutorial_taskflow_api.py for tasks to queue
[2024-08-16T13:36:05.008+0000] {logging_mixin.py:190} INFO - [2024-08-16T13:36:05.007+0000] {dagbag.py:587} INFO - Filling up the DagBag from /home/airflow/.local/lib/python3.12/site-packages/airflow/example_dags/tutorial_taskflow_api.py
[2024-08-16T13:36:05.017+0000] {processor.py:925} INFO - DAG(s) 'tutorial_taskflow_api' retrieved from /home/airflow/.local/lib/python3.12/site-packages/airflow/example_dags/tutorial_taskflow_api.py
[2024-08-16T13:36:05.038+0000] {logging_mixin.py:190} INFO - [2024-08-16T13:36:05.038+0000] {dag.py:3211} INFO - Sync 1 DAGs
[2024-08-16T13:36:05.059+0000] {logging_mixin.py:190} INFO - [2024-08-16T13:36:05.059+0000] {dag.py:4138} INFO - Setting next_dagrun for tutorial_taskflow_api to None, run_after=None
[2024-08-16T13:36:05.079+0000] {processor.py:208} INFO - Processing /home/airflow/.local/lib/python3.12/site-packages/airflow/example_dags/tutorial_taskflow_api.py took 0.085 seconds
[2024-08-16T13:36:35.595+0000] {processor.py:186} INFO - Started process (PID=10432) to work on /home/airflow/.local/lib/python3.12/site-packages/airflow/example_dags/tutorial_taskflow_api.py
[2024-08-16T13:36:35.596+0000] {processor.py:914} INFO - Processing file /home/airflow/.local/lib/python3.12/site-packages/airflow/example_dags/tutorial_taskflow_api.py for tasks to queue
[2024-08-16T13:36:35.599+0000] {logging_mixin.py:190} INFO - [2024-08-16T13:36:35.599+0000] {dagbag.py:587} INFO - Filling up the DagBag from /home/airflow/.local/lib/python3.12/site-packages/airflow/example_dags/tutorial_taskflow_api.py
[2024-08-16T13:36:35.607+0000] {processor.py:925} INFO - DAG(s) 'tutorial_taskflow_api' retrieved from /home/airflow/.local/lib/python3.12/site-packages/airflow/example_dags/tutorial_taskflow_api.py
[2024-08-16T13:36:35.628+0000] {logging_mixin.py:190} INFO - [2024-08-16T13:36:35.628+0000] {dag.py:3211} INFO - Sync 1 DAGs
[2024-08-16T13:36:35.644+0000] {logging_mixin.py:190} INFO - [2024-08-16T13:36:35.644+0000] {dag.py:4138} INFO - Setting next_dagrun for tutorial_taskflow_api to None, run_after=None
[2024-08-16T13:36:35.665+0000] {processor.py:208} INFO - Processing /home/airflow/.local/lib/python3.12/site-packages/airflow/example_dags/tutorial_taskflow_api.py took 0.077 seconds
[2024-08-16T13:37:06.093+0000] {processor.py:186} INFO - Started process (PID=10720) to work on /home/airflow/.local/lib/python3.12/site-packages/airflow/example_dags/tutorial_taskflow_api.py
[2024-08-16T13:37:06.094+0000] {processor.py:914} INFO - Processing file /home/airflow/.local/lib/python3.12/site-packages/airflow/example_dags/tutorial_taskflow_api.py for tasks to queue
[2024-08-16T13:37:06.097+0000] {logging_mixin.py:190} INFO - [2024-08-16T13:37:06.097+0000] {dagbag.py:587} INFO - Filling up the DagBag from /home/airflow/.local/lib/python3.12/site-packages/airflow/example_dags/tutorial_taskflow_api.py
[2024-08-16T13:37:06.108+0000] {processor.py:925} INFO - DAG(s) 'tutorial_taskflow_api' retrieved from /home/airflow/.local/lib/python3.12/site-packages/airflow/example_dags/tutorial_taskflow_api.py
[2024-08-16T13:37:06.131+0000] {logging_mixin.py:190} INFO - [2024-08-16T13:37:06.131+0000] {dag.py:3211} INFO - Sync 1 DAGs
[2024-08-16T13:37:06.149+0000] {logging_mixin.py:190} INFO - [2024-08-16T13:37:06.149+0000] {dag.py:4138} INFO - Setting next_dagrun for tutorial_taskflow_api to None, run_after=None
[2024-08-16T13:37:06.173+0000] {processor.py:208} INFO - Processing /home/airflow/.local/lib/python3.12/site-packages/airflow/example_dags/tutorial_taskflow_api.py took 0.087 seconds
[2024-08-16T13:37:36.536+0000] {processor.py:186} INFO - Started process (PID=11010) to work on /home/airflow/.local/lib/python3.12/site-packages/airflow/example_dags/tutorial_taskflow_api.py
[2024-08-16T13:37:36.537+0000] {processor.py:914} INFO - Processing file /home/airflow/.local/lib/python3.12/site-packages/airflow/example_dags/tutorial_taskflow_api.py for tasks to queue
[2024-08-16T13:37:36.540+0000] {logging_mixin.py:190} INFO - [2024-08-16T13:37:36.540+0000] {dagbag.py:587} INFO - Filling up the DagBag from /home/airflow/.local/lib/python3.12/site-packages/airflow/example_dags/tutorial_taskflow_api.py
[2024-08-16T13:37:36.550+0000] {processor.py:925} INFO - DAG(s) 'tutorial_taskflow_api' retrieved from /home/airflow/.local/lib/python3.12/site-packages/airflow/example_dags/tutorial_taskflow_api.py
[2024-08-16T13:37:36.581+0000] {logging_mixin.py:190} INFO - [2024-08-16T13:37:36.581+0000] {dag.py:3211} INFO - Sync 1 DAGs
[2024-08-16T13:37:36.601+0000] {logging_mixin.py:190} INFO - [2024-08-16T13:37:36.601+0000] {dag.py:4138} INFO - Setting next_dagrun for tutorial_taskflow_api to None, run_after=None
[2024-08-16T13:37:36.621+0000] {processor.py:208} INFO - Processing /home/airflow/.local/lib/python3.12/site-packages/airflow/example_dags/tutorial_taskflow_api.py took 0.096 seconds
[2024-08-16T13:38:06.703+0000] {processor.py:186} INFO - Started process (PID=11291) to work on /home/airflow/.local/lib/python3.12/site-packages/airflow/example_dags/tutorial_taskflow_api.py
[2024-08-16T13:38:06.703+0000] {processor.py:914} INFO - Processing file /home/airflow/.local/lib/python3.12/site-packages/airflow/example_dags/tutorial_taskflow_api.py for tasks to queue
[2024-08-16T13:38:06.706+0000] {logging_mixin.py:190} INFO - [2024-08-16T13:38:06.706+0000] {dagbag.py:587} INFO - Filling up the DagBag from /home/airflow/.local/lib/python3.12/site-packages/airflow/example_dags/tutorial_taskflow_api.py
[2024-08-16T13:38:06.714+0000] {processor.py:925} INFO - DAG(s) 'tutorial_taskflow_api' retrieved from /home/airflow/.local/lib/python3.12/site-packages/airflow/example_dags/tutorial_taskflow_api.py
[2024-08-16T13:38:06.735+0000] {logging_mixin.py:190} INFO - [2024-08-16T13:38:06.735+0000] {dag.py:3211} INFO - Sync 1 DAGs
[2024-08-16T13:38:06.751+0000] {logging_mixin.py:190} INFO - [2024-08-16T13:38:06.750+0000] {dag.py:4138} INFO - Setting next_dagrun for tutorial_taskflow_api to None, run_after=None
[2024-08-16T13:38:06.771+0000] {processor.py:208} INFO - Processing /home/airflow/.local/lib/python3.12/site-packages/airflow/example_dags/tutorial_taskflow_api.py took 0.076 seconds
[2024-08-16T13:38:37.318+0000] {processor.py:186} INFO - Started process (PID=11579) to work on /home/airflow/.local/lib/python3.12/site-packages/airflow/example_dags/tutorial_taskflow_api.py
[2024-08-16T13:38:37.319+0000] {processor.py:914} INFO - Processing file /home/airflow/.local/lib/python3.12/site-packages/airflow/example_dags/tutorial_taskflow_api.py for tasks to queue
[2024-08-16T13:38:37.321+0000] {logging_mixin.py:190} INFO - [2024-08-16T13:38:37.321+0000] {dagbag.py:587} INFO - Filling up the DagBag from /home/airflow/.local/lib/python3.12/site-packages/airflow/example_dags/tutorial_taskflow_api.py
[2024-08-16T13:38:37.333+0000] {processor.py:925} INFO - DAG(s) 'tutorial_taskflow_api' retrieved from /home/airflow/.local/lib/python3.12/site-packages/airflow/example_dags/tutorial_taskflow_api.py
[2024-08-16T13:38:37.357+0000] {logging_mixin.py:190} INFO - [2024-08-16T13:38:37.357+0000] {dag.py:3211} INFO - Sync 1 DAGs
[2024-08-16T13:38:37.375+0000] {logging_mixin.py:190} INFO - [2024-08-16T13:38:37.375+0000] {dag.py:4138} INFO - Setting next_dagrun for tutorial_taskflow_api to None, run_after=None
[2024-08-16T13:38:37.397+0000] {processor.py:208} INFO - Processing /home/airflow/.local/lib/python3.12/site-packages/airflow/example_dags/tutorial_taskflow_api.py took 0.086 seconds
[2024-08-16T13:39:07.557+0000] {processor.py:186} INFO - Started process (PID=11868) to work on /home/airflow/.local/lib/python3.12/site-packages/airflow/example_dags/tutorial_taskflow_api.py
[2024-08-16T13:39:07.558+0000] {processor.py:914} INFO - Processing file /home/airflow/.local/lib/python3.12/site-packages/airflow/example_dags/tutorial_taskflow_api.py for tasks to queue
[2024-08-16T13:39:07.562+0000] {logging_mixin.py:190} INFO - [2024-08-16T13:39:07.562+0000] {dagbag.py:587} INFO - Filling up the DagBag from /home/airflow/.local/lib/python3.12/site-packages/airflow/example_dags/tutorial_taskflow_api.py
[2024-08-16T13:39:07.571+0000] {processor.py:925} INFO - DAG(s) 'tutorial_taskflow_api' retrieved from /home/airflow/.local/lib/python3.12/site-packages/airflow/example_dags/tutorial_taskflow_api.py
[2024-08-16T13:39:07.596+0000] {logging_mixin.py:190} INFO - [2024-08-16T13:39:07.596+0000] {dag.py:3211} INFO - Sync 1 DAGs
[2024-08-16T13:39:07.617+0000] {logging_mixin.py:190} INFO - [2024-08-16T13:39:07.617+0000] {dag.py:4138} INFO - Setting next_dagrun for tutorial_taskflow_api to None, run_after=None
[2024-08-16T13:39:07.639+0000] {processor.py:208} INFO - Processing /home/airflow/.local/lib/python3.12/site-packages/airflow/example_dags/tutorial_taskflow_api.py took 0.091 seconds
[2024-08-16T13:39:37.725+0000] {processor.py:186} INFO - Started process (PID=12149) to work on /home/airflow/.local/lib/python3.12/site-packages/airflow/example_dags/tutorial_taskflow_api.py
[2024-08-16T13:39:37.726+0000] {processor.py:914} INFO - Processing file /home/airflow/.local/lib/python3.12/site-packages/airflow/example_dags/tutorial_taskflow_api.py for tasks to queue
[2024-08-16T13:39:37.729+0000] {logging_mixin.py:190} INFO - [2024-08-16T13:39:37.729+0000] {dagbag.py:587} INFO - Filling up the DagBag from /home/airflow/.local/lib/python3.12/site-packages/airflow/example_dags/tutorial_taskflow_api.py
[2024-08-16T13:39:37.737+0000] {processor.py:925} INFO - DAG(s) 'tutorial_taskflow_api' retrieved from /home/airflow/.local/lib/python3.12/site-packages/airflow/example_dags/tutorial_taskflow_api.py
[2024-08-16T13:39:37.760+0000] {logging_mixin.py:190} INFO - [2024-08-16T13:39:37.760+0000] {dag.py:3211} INFO - Sync 1 DAGs
[2024-08-16T13:39:37.778+0000] {logging_mixin.py:190} INFO - [2024-08-16T13:39:37.777+0000] {dag.py:4138} INFO - Setting next_dagrun for tutorial_taskflow_api to None, run_after=None
[2024-08-16T13:39:37.798+0000] {processor.py:208} INFO - Processing /home/airflow/.local/lib/python3.12/site-packages/airflow/example_dags/tutorial_taskflow_api.py took 0.080 seconds
[2024-08-16T13:40:08.915+0000] {processor.py:186} INFO - Started process (PID=12435) to work on /home/airflow/.local/lib/python3.12/site-packages/airflow/example_dags/tutorial_taskflow_api.py
[2024-08-16T13:40:08.916+0000] {processor.py:914} INFO - Processing file /home/airflow/.local/lib/python3.12/site-packages/airflow/example_dags/tutorial_taskflow_api.py for tasks to queue
[2024-08-16T13:40:08.919+0000] {logging_mixin.py:190} INFO - [2024-08-16T13:40:08.918+0000] {dagbag.py:587} INFO - Filling up the DagBag from /home/airflow/.local/lib/python3.12/site-packages/airflow/example_dags/tutorial_taskflow_api.py
[2024-08-16T13:40:08.927+0000] {processor.py:925} INFO - DAG(s) 'tutorial_taskflow_api' retrieved from /home/airflow/.local/lib/python3.12/site-packages/airflow/example_dags/tutorial_taskflow_api.py
[2024-08-16T13:40:08.948+0000] {logging_mixin.py:190} INFO - [2024-08-16T13:40:08.948+0000] {dag.py:3211} INFO - Sync 1 DAGs
[2024-08-16T13:40:08.963+0000] {logging_mixin.py:190} INFO - [2024-08-16T13:40:08.963+0000] {dag.py:4138} INFO - Setting next_dagrun for tutorial_taskflow_api to None, run_after=None
[2024-08-16T13:40:08.984+0000] {processor.py:208} INFO - Processing /home/airflow/.local/lib/python3.12/site-packages/airflow/example_dags/tutorial_taskflow_api.py took 0.075 seconds
[2024-08-16T13:40:39.540+0000] {processor.py:186} INFO - Started process (PID=12721) to work on /home/airflow/.local/lib/python3.12/site-packages/airflow/example_dags/tutorial_taskflow_api.py
[2024-08-16T13:40:39.541+0000] {processor.py:914} INFO - Processing file /home/airflow/.local/lib/python3.12/site-packages/airflow/example_dags/tutorial_taskflow_api.py for tasks to queue
[2024-08-16T13:40:39.543+0000] {logging_mixin.py:190} INFO - [2024-08-16T13:40:39.543+0000] {dagbag.py:587} INFO - Filling up the DagBag from /home/airflow/.local/lib/python3.12/site-packages/airflow/example_dags/tutorial_taskflow_api.py
[2024-08-16T13:40:39.551+0000] {processor.py:925} INFO - DAG(s) 'tutorial_taskflow_api' retrieved from /home/airflow/.local/lib/python3.12/site-packages/airflow/example_dags/tutorial_taskflow_api.py
[2024-08-16T13:40:39.577+0000] {logging_mixin.py:190} INFO - [2024-08-16T13:40:39.576+0000] {dag.py:3211} INFO - Sync 1 DAGs
[2024-08-16T13:40:39.594+0000] {logging_mixin.py:190} INFO - [2024-08-16T13:40:39.594+0000] {dag.py:4138} INFO - Setting next_dagrun for tutorial_taskflow_api to None, run_after=None
[2024-08-16T13:40:39.614+0000] {processor.py:208} INFO - Processing /home/airflow/.local/lib/python3.12/site-packages/airflow/example_dags/tutorial_taskflow_api.py took 0.081 seconds
[2024-08-16T13:41:09.940+0000] {processor.py:186} INFO - Started process (PID=13007) to work on /home/airflow/.local/lib/python3.12/site-packages/airflow/example_dags/tutorial_taskflow_api.py
[2024-08-16T13:41:09.941+0000] {processor.py:914} INFO - Processing file /home/airflow/.local/lib/python3.12/site-packages/airflow/example_dags/tutorial_taskflow_api.py for tasks to queue
[2024-08-16T13:41:09.944+0000] {logging_mixin.py:190} INFO - [2024-08-16T13:41:09.943+0000] {dagbag.py:587} INFO - Filling up the DagBag from /home/airflow/.local/lib/python3.12/site-packages/airflow/example_dags/tutorial_taskflow_api.py
[2024-08-16T13:41:09.954+0000] {processor.py:925} INFO - DAG(s) 'tutorial_taskflow_api' retrieved from /home/airflow/.local/lib/python3.12/site-packages/airflow/example_dags/tutorial_taskflow_api.py
[2024-08-16T13:41:09.978+0000] {logging_mixin.py:190} INFO - [2024-08-16T13:41:09.978+0000] {dag.py:3211} INFO - Sync 1 DAGs
[2024-08-16T13:41:09.995+0000] {logging_mixin.py:190} INFO - [2024-08-16T13:41:09.995+0000] {dag.py:4138} INFO - Setting next_dagrun for tutorial_taskflow_api to None, run_after=None
[2024-08-16T13:41:10.017+0000] {processor.py:208} INFO - Processing /home/airflow/.local/lib/python3.12/site-packages/airflow/example_dags/tutorial_taskflow_api.py took 0.087 seconds
[2024-08-16T13:41:40.345+0000] {processor.py:186} INFO - Started process (PID=13293) to work on /home/airflow/.local/lib/python3.12/site-packages/airflow/example_dags/tutorial_taskflow_api.py
[2024-08-16T13:41:40.346+0000] {processor.py:914} INFO - Processing file /home/airflow/.local/lib/python3.12/site-packages/airflow/example_dags/tutorial_taskflow_api.py for tasks to queue
[2024-08-16T13:41:40.350+0000] {logging_mixin.py:190} INFO - [2024-08-16T13:41:40.350+0000] {dagbag.py:587} INFO - Filling up the DagBag from /home/airflow/.local/lib/python3.12/site-packages/airflow/example_dags/tutorial_taskflow_api.py
[2024-08-16T13:41:40.361+0000] {processor.py:925} INFO - DAG(s) 'tutorial_taskflow_api' retrieved from /home/airflow/.local/lib/python3.12/site-packages/airflow/example_dags/tutorial_taskflow_api.py
[2024-08-16T13:41:40.388+0000] {logging_mixin.py:190} INFO - [2024-08-16T13:41:40.388+0000] {dag.py:3211} INFO - Sync 1 DAGs
[2024-08-16T13:41:40.416+0000] {logging_mixin.py:190} INFO - [2024-08-16T13:41:40.416+0000] {dag.py:4138} INFO - Setting next_dagrun for tutorial_taskflow_api to None, run_after=None
[2024-08-16T13:41:40.443+0000] {processor.py:208} INFO - Processing /home/airflow/.local/lib/python3.12/site-packages/airflow/example_dags/tutorial_taskflow_api.py took 0.105 seconds
[2024-08-16T13:42:10.757+0000] {processor.py:186} INFO - Started process (PID=13579) to work on /home/airflow/.local/lib/python3.12/site-packages/airflow/example_dags/tutorial_taskflow_api.py
[2024-08-16T13:42:10.758+0000] {processor.py:914} INFO - Processing file /home/airflow/.local/lib/python3.12/site-packages/airflow/example_dags/tutorial_taskflow_api.py for tasks to queue
[2024-08-16T13:42:10.761+0000] {logging_mixin.py:190} INFO - [2024-08-16T13:42:10.760+0000] {dagbag.py:587} INFO - Filling up the DagBag from /home/airflow/.local/lib/python3.12/site-packages/airflow/example_dags/tutorial_taskflow_api.py
[2024-08-16T13:42:10.769+0000] {processor.py:925} INFO - DAG(s) 'tutorial_taskflow_api' retrieved from /home/airflow/.local/lib/python3.12/site-packages/airflow/example_dags/tutorial_taskflow_api.py
[2024-08-16T13:42:10.796+0000] {logging_mixin.py:190} INFO - [2024-08-16T13:42:10.796+0000] {dag.py:3211} INFO - Sync 1 DAGs
[2024-08-16T13:42:10.816+0000] {logging_mixin.py:190} INFO - [2024-08-16T13:42:10.816+0000] {dag.py:4138} INFO - Setting next_dagrun for tutorial_taskflow_api to None, run_after=None
[2024-08-16T13:42:10.839+0000] {processor.py:208} INFO - Processing /home/airflow/.local/lib/python3.12/site-packages/airflow/example_dags/tutorial_taskflow_api.py took 0.088 seconds
[2024-08-16T13:42:41.799+0000] {processor.py:186} INFO - Started process (PID=13865) to work on /home/airflow/.local/lib/python3.12/site-packages/airflow/example_dags/tutorial_taskflow_api.py
[2024-08-16T13:42:41.801+0000] {processor.py:914} INFO - Processing file /home/airflow/.local/lib/python3.12/site-packages/airflow/example_dags/tutorial_taskflow_api.py for tasks to queue
[2024-08-16T13:42:41.803+0000] {logging_mixin.py:190} INFO - [2024-08-16T13:42:41.803+0000] {dagbag.py:587} INFO - Filling up the DagBag from /home/airflow/.local/lib/python3.12/site-packages/airflow/example_dags/tutorial_taskflow_api.py
[2024-08-16T13:42:41.812+0000] {processor.py:925} INFO - DAG(s) 'tutorial_taskflow_api' retrieved from /home/airflow/.local/lib/python3.12/site-packages/airflow/example_dags/tutorial_taskflow_api.py
[2024-08-16T13:42:41.837+0000] {logging_mixin.py:190} INFO - [2024-08-16T13:42:41.836+0000] {dag.py:3211} INFO - Sync 1 DAGs
[2024-08-16T13:42:41.855+0000] {logging_mixin.py:190} INFO - [2024-08-16T13:42:41.854+0000] {dag.py:4138} INFO - Setting next_dagrun for tutorial_taskflow_api to None, run_after=None
[2024-08-16T13:42:41.873+0000] {processor.py:208} INFO - Processing /home/airflow/.local/lib/python3.12/site-packages/airflow/example_dags/tutorial_taskflow_api.py took 0.081 seconds
[2024-08-16T13:43:12.521+0000] {processor.py:186} INFO - Started process (PID=14153) to work on /home/airflow/.local/lib/python3.12/site-packages/airflow/example_dags/tutorial_taskflow_api.py
[2024-08-16T13:43:12.522+0000] {processor.py:914} INFO - Processing file /home/airflow/.local/lib/python3.12/site-packages/airflow/example_dags/tutorial_taskflow_api.py for tasks to queue
[2024-08-16T13:43:12.525+0000] {logging_mixin.py:190} INFO - [2024-08-16T13:43:12.524+0000] {dagbag.py:587} INFO - Filling up the DagBag from /home/airflow/.local/lib/python3.12/site-packages/airflow/example_dags/tutorial_taskflow_api.py
[2024-08-16T13:43:12.535+0000] {processor.py:925} INFO - DAG(s) 'tutorial_taskflow_api' retrieved from /home/airflow/.local/lib/python3.12/site-packages/airflow/example_dags/tutorial_taskflow_api.py
[2024-08-16T13:43:12.558+0000] {logging_mixin.py:190} INFO - [2024-08-16T13:43:12.557+0000] {dag.py:3211} INFO - Sync 1 DAGs
[2024-08-16T13:43:12.575+0000] {logging_mixin.py:190} INFO - [2024-08-16T13:43:12.574+0000] {dag.py:4138} INFO - Setting next_dagrun for tutorial_taskflow_api to None, run_after=None
[2024-08-16T13:43:12.599+0000] {processor.py:208} INFO - Processing /home/airflow/.local/lib/python3.12/site-packages/airflow/example_dags/tutorial_taskflow_api.py took 0.085 seconds
[2024-08-16T13:43:42.862+0000] {processor.py:186} INFO - Started process (PID=14437) to work on /home/airflow/.local/lib/python3.12/site-packages/airflow/example_dags/tutorial_taskflow_api.py
[2024-08-16T13:43:42.863+0000] {processor.py:914} INFO - Processing file /home/airflow/.local/lib/python3.12/site-packages/airflow/example_dags/tutorial_taskflow_api.py for tasks to queue
[2024-08-16T13:43:42.866+0000] {logging_mixin.py:190} INFO - [2024-08-16T13:43:42.865+0000] {dagbag.py:587} INFO - Filling up the DagBag from /home/airflow/.local/lib/python3.12/site-packages/airflow/example_dags/tutorial_taskflow_api.py
[2024-08-16T13:43:42.874+0000] {processor.py:925} INFO - DAG(s) 'tutorial_taskflow_api' retrieved from /home/airflow/.local/lib/python3.12/site-packages/airflow/example_dags/tutorial_taskflow_api.py
[2024-08-16T13:43:42.897+0000] {logging_mixin.py:190} INFO - [2024-08-16T13:43:42.896+0000] {dag.py:3211} INFO - Sync 1 DAGs
[2024-08-16T13:43:42.912+0000] {logging_mixin.py:190} INFO - [2024-08-16T13:43:42.912+0000] {dag.py:4138} INFO - Setting next_dagrun for tutorial_taskflow_api to None, run_after=None
[2024-08-16T13:43:42.934+0000] {processor.py:208} INFO - Processing /home/airflow/.local/lib/python3.12/site-packages/airflow/example_dags/tutorial_taskflow_api.py took 0.078 seconds
[2024-08-16T13:44:13.650+0000] {processor.py:186} INFO - Started process (PID=14725) to work on /home/airflow/.local/lib/python3.12/site-packages/airflow/example_dags/tutorial_taskflow_api.py
[2024-08-16T13:44:13.651+0000] {processor.py:914} INFO - Processing file /home/airflow/.local/lib/python3.12/site-packages/airflow/example_dags/tutorial_taskflow_api.py for tasks to queue
[2024-08-16T13:44:13.654+0000] {logging_mixin.py:190} INFO - [2024-08-16T13:44:13.653+0000] {dagbag.py:587} INFO - Filling up the DagBag from /home/airflow/.local/lib/python3.12/site-packages/airflow/example_dags/tutorial_taskflow_api.py
[2024-08-16T13:44:13.662+0000] {processor.py:925} INFO - DAG(s) 'tutorial_taskflow_api' retrieved from /home/airflow/.local/lib/python3.12/site-packages/airflow/example_dags/tutorial_taskflow_api.py
[2024-08-16T13:44:13.684+0000] {logging_mixin.py:190} INFO - [2024-08-16T13:44:13.683+0000] {dag.py:3211} INFO - Sync 1 DAGs
[2024-08-16T13:44:13.700+0000] {logging_mixin.py:190} INFO - [2024-08-16T13:44:13.700+0000] {dag.py:4138} INFO - Setting next_dagrun for tutorial_taskflow_api to None, run_after=None
[2024-08-16T13:44:13.720+0000] {processor.py:208} INFO - Processing /home/airflow/.local/lib/python3.12/site-packages/airflow/example_dags/tutorial_taskflow_api.py took 0.076 seconds
[2024-08-16T13:44:44.075+0000] {processor.py:186} INFO - Started process (PID=15009) to work on /home/airflow/.local/lib/python3.12/site-packages/airflow/example_dags/tutorial_taskflow_api.py
[2024-08-16T13:44:44.077+0000] {processor.py:914} INFO - Processing file /home/airflow/.local/lib/python3.12/site-packages/airflow/example_dags/tutorial_taskflow_api.py for tasks to queue
[2024-08-16T13:44:44.079+0000] {logging_mixin.py:190} INFO - [2024-08-16T13:44:44.079+0000] {dagbag.py:587} INFO - Filling up the DagBag from /home/airflow/.local/lib/python3.12/site-packages/airflow/example_dags/tutorial_taskflow_api.py
[2024-08-16T13:44:44.091+0000] {processor.py:925} INFO - DAG(s) 'tutorial_taskflow_api' retrieved from /home/airflow/.local/lib/python3.12/site-packages/airflow/example_dags/tutorial_taskflow_api.py
[2024-08-16T13:44:44.115+0000] {logging_mixin.py:190} INFO - [2024-08-16T13:44:44.115+0000] {dag.py:3211} INFO - Sync 1 DAGs
[2024-08-16T13:44:44.134+0000] {logging_mixin.py:190} INFO - [2024-08-16T13:44:44.134+0000] {dag.py:4138} INFO - Setting next_dagrun for tutorial_taskflow_api to None, run_after=None
[2024-08-16T13:44:44.155+0000] {processor.py:208} INFO - Processing /home/airflow/.local/lib/python3.12/site-packages/airflow/example_dags/tutorial_taskflow_api.py took 0.086 seconds
[2024-08-16T13:45:14.346+0000] {processor.py:186} INFO - Started process (PID=15290) to work on /home/airflow/.local/lib/python3.12/site-packages/airflow/example_dags/tutorial_taskflow_api.py
[2024-08-16T13:45:14.348+0000] {processor.py:914} INFO - Processing file /home/airflow/.local/lib/python3.12/site-packages/airflow/example_dags/tutorial_taskflow_api.py for tasks to queue
[2024-08-16T13:45:14.351+0000] {logging_mixin.py:190} INFO - [2024-08-16T13:45:14.350+0000] {dagbag.py:587} INFO - Filling up the DagBag from /home/airflow/.local/lib/python3.12/site-packages/airflow/example_dags/tutorial_taskflow_api.py
[2024-08-16T13:45:14.360+0000] {processor.py:925} INFO - DAG(s) 'tutorial_taskflow_api' retrieved from /home/airflow/.local/lib/python3.12/site-packages/airflow/example_dags/tutorial_taskflow_api.py
[2024-08-16T13:45:14.385+0000] {logging_mixin.py:190} INFO - [2024-08-16T13:45:14.384+0000] {dag.py:3211} INFO - Sync 1 DAGs
[2024-08-16T13:45:14.404+0000] {logging_mixin.py:190} INFO - [2024-08-16T13:45:14.404+0000] {dag.py:4138} INFO - Setting next_dagrun for tutorial_taskflow_api to None, run_after=None
[2024-08-16T13:45:14.428+0000] {processor.py:208} INFO - Processing /home/airflow/.local/lib/python3.12/site-packages/airflow/example_dags/tutorial_taskflow_api.py took 0.088 seconds
[2024-08-16T13:45:45.142+0000] {processor.py:186} INFO - Started process (PID=15581) to work on /home/airflow/.local/lib/python3.12/site-packages/airflow/example_dags/tutorial_taskflow_api.py
[2024-08-16T13:45:45.143+0000] {processor.py:914} INFO - Processing file /home/airflow/.local/lib/python3.12/site-packages/airflow/example_dags/tutorial_taskflow_api.py for tasks to queue
[2024-08-16T13:45:45.146+0000] {logging_mixin.py:190} INFO - [2024-08-16T13:45:45.145+0000] {dagbag.py:587} INFO - Filling up the DagBag from /home/airflow/.local/lib/python3.12/site-packages/airflow/example_dags/tutorial_taskflow_api.py
[2024-08-16T13:45:45.158+0000] {processor.py:925} INFO - DAG(s) 'tutorial_taskflow_api' retrieved from /home/airflow/.local/lib/python3.12/site-packages/airflow/example_dags/tutorial_taskflow_api.py
[2024-08-16T13:45:45.190+0000] {logging_mixin.py:190} INFO - [2024-08-16T13:45:45.189+0000] {dag.py:3211} INFO - Sync 1 DAGs
[2024-08-16T13:45:45.217+0000] {logging_mixin.py:190} INFO - [2024-08-16T13:45:45.216+0000] {dag.py:4138} INFO - Setting next_dagrun for tutorial_taskflow_api to None, run_after=None
[2024-08-16T13:45:45.249+0000] {processor.py:208} INFO - Processing /home/airflow/.local/lib/python3.12/site-packages/airflow/example_dags/tutorial_taskflow_api.py took 0.116 seconds
[2024-08-16T13:46:17.309+0000] {processor.py:186} INFO - Started process (PID=15867) to work on /home/airflow/.local/lib/python3.12/site-packages/airflow/example_dags/tutorial_taskflow_api.py
[2024-08-16T13:46:17.310+0000] {processor.py:914} INFO - Processing file /home/airflow/.local/lib/python3.12/site-packages/airflow/example_dags/tutorial_taskflow_api.py for tasks to queue
[2024-08-16T13:46:17.314+0000] {logging_mixin.py:190} INFO - [2024-08-16T13:46:17.313+0000] {dagbag.py:587} INFO - Filling up the DagBag from /home/airflow/.local/lib/python3.12/site-packages/airflow/example_dags/tutorial_taskflow_api.py
[2024-08-16T13:46:17.322+0000] {processor.py:925} INFO - DAG(s) 'tutorial_taskflow_api' retrieved from /home/airflow/.local/lib/python3.12/site-packages/airflow/example_dags/tutorial_taskflow_api.py
[2024-08-16T13:46:17.351+0000] {logging_mixin.py:190} INFO - [2024-08-16T13:46:17.351+0000] {dag.py:3211} INFO - Sync 1 DAGs
[2024-08-16T13:46:17.369+0000] {logging_mixin.py:190} INFO - [2024-08-16T13:46:17.368+0000] {dag.py:4138} INFO - Setting next_dagrun for tutorial_taskflow_api to None, run_after=None
[2024-08-16T13:46:17.391+0000] {processor.py:208} INFO - Processing /home/airflow/.local/lib/python3.12/site-packages/airflow/example_dags/tutorial_taskflow_api.py took 0.089 seconds
[2024-08-16T13:46:48.761+0000] {processor.py:186} INFO - Started process (PID=16159) to work on /home/airflow/.local/lib/python3.12/site-packages/airflow/example_dags/tutorial_taskflow_api.py
[2024-08-16T13:46:48.762+0000] {processor.py:914} INFO - Processing file /home/airflow/.local/lib/python3.12/site-packages/airflow/example_dags/tutorial_taskflow_api.py for tasks to queue
[2024-08-16T13:46:48.765+0000] {logging_mixin.py:190} INFO - [2024-08-16T13:46:48.765+0000] {dagbag.py:587} INFO - Filling up the DagBag from /home/airflow/.local/lib/python3.12/site-packages/airflow/example_dags/tutorial_taskflow_api.py
[2024-08-16T13:46:48.775+0000] {processor.py:925} INFO - DAG(s) 'tutorial_taskflow_api' retrieved from /home/airflow/.local/lib/python3.12/site-packages/airflow/example_dags/tutorial_taskflow_api.py
[2024-08-16T13:46:48.798+0000] {logging_mixin.py:190} INFO - [2024-08-16T13:46:48.797+0000] {dag.py:3211} INFO - Sync 1 DAGs
[2024-08-16T13:46:48.818+0000] {logging_mixin.py:190} INFO - [2024-08-16T13:46:48.817+0000] {dag.py:4138} INFO - Setting next_dagrun for tutorial_taskflow_api to None, run_after=None
[2024-08-16T13:46:48.840+0000] {processor.py:208} INFO - Processing /home/airflow/.local/lib/python3.12/site-packages/airflow/example_dags/tutorial_taskflow_api.py took 0.086 seconds
[2024-08-16T13:47:19.945+0000] {processor.py:186} INFO - Started process (PID=16445) to work on /home/airflow/.local/lib/python3.12/site-packages/airflow/example_dags/tutorial_taskflow_api.py
[2024-08-16T13:47:19.946+0000] {processor.py:914} INFO - Processing file /home/airflow/.local/lib/python3.12/site-packages/airflow/example_dags/tutorial_taskflow_api.py for tasks to queue
[2024-08-16T13:47:19.949+0000] {logging_mixin.py:190} INFO - [2024-08-16T13:47:19.949+0000] {dagbag.py:587} INFO - Filling up the DagBag from /home/airflow/.local/lib/python3.12/site-packages/airflow/example_dags/tutorial_taskflow_api.py
[2024-08-16T13:47:19.961+0000] {processor.py:925} INFO - DAG(s) 'tutorial_taskflow_api' retrieved from /home/airflow/.local/lib/python3.12/site-packages/airflow/example_dags/tutorial_taskflow_api.py
[2024-08-16T13:47:19.994+0000] {logging_mixin.py:190} INFO - [2024-08-16T13:47:19.994+0000] {dag.py:3211} INFO - Sync 1 DAGs
[2024-08-16T13:47:20.021+0000] {logging_mixin.py:190} INFO - [2024-08-16T13:47:20.021+0000] {dag.py:4138} INFO - Setting next_dagrun for tutorial_taskflow_api to None, run_after=None
[2024-08-16T13:47:20.055+0000] {processor.py:208} INFO - Processing /home/airflow/.local/lib/python3.12/site-packages/airflow/example_dags/tutorial_taskflow_api.py took 0.117 seconds
[2024-08-16T13:47:50.509+0000] {processor.py:186} INFO - Started process (PID=16732) to work on /home/airflow/.local/lib/python3.12/site-packages/airflow/example_dags/tutorial_taskflow_api.py
[2024-08-16T13:47:50.511+0000] {processor.py:914} INFO - Processing file /home/airflow/.local/lib/python3.12/site-packages/airflow/example_dags/tutorial_taskflow_api.py for tasks to queue
[2024-08-16T13:47:50.514+0000] {logging_mixin.py:190} INFO - [2024-08-16T13:47:50.513+0000] {dagbag.py:587} INFO - Filling up the DagBag from /home/airflow/.local/lib/python3.12/site-packages/airflow/example_dags/tutorial_taskflow_api.py
[2024-08-16T13:47:50.523+0000] {processor.py:925} INFO - DAG(s) 'tutorial_taskflow_api' retrieved from /home/airflow/.local/lib/python3.12/site-packages/airflow/example_dags/tutorial_taskflow_api.py
[2024-08-16T13:47:50.547+0000] {logging_mixin.py:190} INFO - [2024-08-16T13:47:50.547+0000] {dag.py:3211} INFO - Sync 1 DAGs
[2024-08-16T13:47:50.567+0000] {logging_mixin.py:190} INFO - [2024-08-16T13:47:50.566+0000] {dag.py:4138} INFO - Setting next_dagrun for tutorial_taskflow_api to None, run_after=None
[2024-08-16T13:47:50.598+0000] {processor.py:208} INFO - Processing /home/airflow/.local/lib/python3.12/site-packages/airflow/example_dags/tutorial_taskflow_api.py took 0.097 seconds
[2024-08-16T13:48:22.742+0000] {processor.py:186} INFO - Started process (PID=17020) to work on /home/airflow/.local/lib/python3.12/site-packages/airflow/example_dags/tutorial_taskflow_api.py
[2024-08-16T13:48:22.743+0000] {processor.py:914} INFO - Processing file /home/airflow/.local/lib/python3.12/site-packages/airflow/example_dags/tutorial_taskflow_api.py for tasks to queue
[2024-08-16T13:48:22.745+0000] {logging_mixin.py:190} INFO - [2024-08-16T13:48:22.745+0000] {dagbag.py:587} INFO - Filling up the DagBag from /home/airflow/.local/lib/python3.12/site-packages/airflow/example_dags/tutorial_taskflow_api.py
[2024-08-16T13:48:22.753+0000] {processor.py:925} INFO - DAG(s) 'tutorial_taskflow_api' retrieved from /home/airflow/.local/lib/python3.12/site-packages/airflow/example_dags/tutorial_taskflow_api.py
[2024-08-16T13:48:22.774+0000] {logging_mixin.py:190} INFO - [2024-08-16T13:48:22.774+0000] {dag.py:3211} INFO - Sync 1 DAGs
[2024-08-16T13:48:22.790+0000] {logging_mixin.py:190} INFO - [2024-08-16T13:48:22.790+0000] {dag.py:4138} INFO - Setting next_dagrun for tutorial_taskflow_api to None, run_after=None
[2024-08-16T13:48:22.810+0000] {processor.py:208} INFO - Processing /home/airflow/.local/lib/python3.12/site-packages/airflow/example_dags/tutorial_taskflow_api.py took 0.075 seconds
[2024-08-16T13:48:53.362+0000] {processor.py:186} INFO - Started process (PID=17304) to work on /home/airflow/.local/lib/python3.12/site-packages/airflow/example_dags/tutorial_taskflow_api.py
[2024-08-16T13:48:53.364+0000] {processor.py:914} INFO - Processing file /home/airflow/.local/lib/python3.12/site-packages/airflow/example_dags/tutorial_taskflow_api.py for tasks to queue
[2024-08-16T13:48:53.366+0000] {logging_mixin.py:190} INFO - [2024-08-16T13:48:53.366+0000] {dagbag.py:587} INFO - Filling up the DagBag from /home/airflow/.local/lib/python3.12/site-packages/airflow/example_dags/tutorial_taskflow_api.py
[2024-08-16T13:48:53.377+0000] {processor.py:925} INFO - DAG(s) 'tutorial_taskflow_api' retrieved from /home/airflow/.local/lib/python3.12/site-packages/airflow/example_dags/tutorial_taskflow_api.py
[2024-08-16T13:48:53.400+0000] {logging_mixin.py:190} INFO - [2024-08-16T13:48:53.400+0000] {dag.py:3211} INFO - Sync 1 DAGs
[2024-08-16T13:48:53.417+0000] {logging_mixin.py:190} INFO - [2024-08-16T13:48:53.417+0000] {dag.py:4138} INFO - Setting next_dagrun for tutorial_taskflow_api to None, run_after=None
[2024-08-16T13:48:53.439+0000] {processor.py:208} INFO - Processing /home/airflow/.local/lib/python3.12/site-packages/airflow/example_dags/tutorial_taskflow_api.py took 0.085 seconds
[2024-08-16T13:49:23.973+0000] {processor.py:186} INFO - Started process (PID=17590) to work on /home/airflow/.local/lib/python3.12/site-packages/airflow/example_dags/tutorial_taskflow_api.py
[2024-08-16T13:49:23.974+0000] {processor.py:914} INFO - Processing file /home/airflow/.local/lib/python3.12/site-packages/airflow/example_dags/tutorial_taskflow_api.py for tasks to queue
[2024-08-16T13:49:23.977+0000] {logging_mixin.py:190} INFO - [2024-08-16T13:49:23.976+0000] {dagbag.py:587} INFO - Filling up the DagBag from /home/airflow/.local/lib/python3.12/site-packages/airflow/example_dags/tutorial_taskflow_api.py
[2024-08-16T13:49:23.989+0000] {processor.py:925} INFO - DAG(s) 'tutorial_taskflow_api' retrieved from /home/airflow/.local/lib/python3.12/site-packages/airflow/example_dags/tutorial_taskflow_api.py
[2024-08-16T13:49:24.016+0000] {logging_mixin.py:190} INFO - [2024-08-16T13:49:24.015+0000] {dag.py:3211} INFO - Sync 1 DAGs
[2024-08-16T13:49:24.040+0000] {logging_mixin.py:190} INFO - [2024-08-16T13:49:24.040+0000] {dag.py:4138} INFO - Setting next_dagrun for tutorial_taskflow_api to None, run_after=None
[2024-08-16T13:49:24.073+0000] {processor.py:208} INFO - Processing /home/airflow/.local/lib/python3.12/site-packages/airflow/example_dags/tutorial_taskflow_api.py took 0.112 seconds
[2024-08-16T13:49:55.162+0000] {processor.py:186} INFO - Started process (PID=17876) to work on /home/airflow/.local/lib/python3.12/site-packages/airflow/example_dags/tutorial_taskflow_api.py
[2024-08-16T13:49:55.163+0000] {processor.py:914} INFO - Processing file /home/airflow/.local/lib/python3.12/site-packages/airflow/example_dags/tutorial_taskflow_api.py for tasks to queue
[2024-08-16T13:49:55.165+0000] {logging_mixin.py:190} INFO - [2024-08-16T13:49:55.165+0000] {dagbag.py:587} INFO - Filling up the DagBag from /home/airflow/.local/lib/python3.12/site-packages/airflow/example_dags/tutorial_taskflow_api.py
[2024-08-16T13:49:55.178+0000] {processor.py:925} INFO - DAG(s) 'tutorial_taskflow_api' retrieved from /home/airflow/.local/lib/python3.12/site-packages/airflow/example_dags/tutorial_taskflow_api.py
[2024-08-16T13:49:55.204+0000] {logging_mixin.py:190} INFO - [2024-08-16T13:49:55.204+0000] {dag.py:3211} INFO - Sync 1 DAGs
[2024-08-16T13:49:55.222+0000] {logging_mixin.py:190} INFO - [2024-08-16T13:49:55.221+0000] {dag.py:4138} INFO - Setting next_dagrun for tutorial_taskflow_api to None, run_after=None
[2024-08-16T13:49:55.245+0000] {processor.py:208} INFO - Processing /home/airflow/.local/lib/python3.12/site-packages/airflow/example_dags/tutorial_taskflow_api.py took 0.091 seconds
